ARM GAS  /tmp/ccZqL6x5.s 			page 1


   1              		.cpu cortex-m0
   2              		.fpu softvfp
   3              		.eabi_attribute 20, 1
   4              		.eabi_attribute 21, 1
   5              		.eabi_attribute 23, 3
   6              		.eabi_attribute 24, 1
   7              		.eabi_attribute 25, 1
   8              		.eabi_attribute 26, 2
   9              		.eabi_attribute 30, 2
  10              		.eabi_attribute 34, 0
  11              		.eabi_attribute 18, 4
  12              		.code	16
  13              		.file	"arduino-irqs.cpp"
  14              		.text
  15              	.Ltext0:
  16              		.cfi_sections	.debug_frame
  17              		.section	.text._Z15attachInterruptiPFvvE8irq_mode,"ax",%progbits
  18              		.align	2
  19              		.p2align 4,,15
  20              		.global	_Z15attachInterruptiPFvvE8irq_mode
  21              		.code	16
  22              		.thumb_func
  23              		.type	_Z15attachInterruptiPFvvE8irq_mode, %function
  24              	_Z15attachInterruptiPFvvE8irq_mode:
  25              		.fnstart
  26              	.LFB17:
  27              		.file 1 "arduino-irqs.cpp"
  28              		.loc 1 4 0
  29              		.cfi_startproc
  30              	.LVL0:
  31              		.loc 1 6 0
  32              		@ sp needed
  33 0000 7047     		bx	lr
  34              		.cfi_endproc
  35              	.LFE17:
  36              		.cantunwind
  37              		.fnend
  38              		.size	_Z15attachInterruptiPFvvE8irq_mode, .-_Z15attachInterruptiPFvvE8irq_mode
  39 0002 C046C046 		.section	.text._Z15detachInterrupti,"ax",%progbits
  39      C046C046 
  39      C046C046 
  39      C046
  40              		.align	2
  41              		.p2align 4,,15
  42              		.global	_Z15detachInterrupti
  43              		.code	16
  44              		.thumb_func
  45              		.type	_Z15detachInterrupti, %function
  46              	_Z15detachInterrupti:
  47              		.fnstart
  48              	.LFB18:
  49              		.loc 1 8 0
  50              		.cfi_startproc
  51              	.LVL1:
  52              		.loc 1 10 0
  53              		@ sp needed
  54 0000 7047     		bx	lr
ARM GAS  /tmp/ccZqL6x5.s 			page 2


  55              		.cfi_endproc
  56              	.LFE18:
  57              		.cantunwind
  58              		.fnend
  59              		.size	_Z15detachInterrupti, .-_Z15detachInterrupti
  60 0002 C046C046 		.text
  60      C046C046 
  60      C046C046 
  60      C046
  61              	.Letext0:
  62              		.file 2 "Arduino.h"
  63              		.section	.debug_info,"",%progbits
  64              	.Ldebug_info0:
  65 0000 F0000000 		.4byte	0xf0
  66 0004 0400     		.2byte	0x4
  67 0006 00000000 		.4byte	.Ldebug_abbrev0
  68 000a 04       		.byte	0x4
  69 000b 01       		.uleb128 0x1
  70 000c 9A000000 		.4byte	.LASF13
  71 0010 04       		.byte	0x4
  72 0011 0B020000 		.4byte	.LASF14
  73 0015 48000000 		.4byte	.LASF15
  74 0019 00000000 		.4byte	.Ldebug_ranges0+0
  75 001d 00000000 		.4byte	0
  76 0021 00000000 		.4byte	.Ldebug_line0
  77 0025 02       		.uleb128 0x2
  78 0026 01       		.byte	0x1
  79 0027 06       		.byte	0x6
  80 0028 1C020000 		.4byte	.LASF0
  81 002c 02       		.uleb128 0x2
  82 002d 02       		.byte	0x2
  83 002e 05       		.byte	0x5
  84 002f 01020000 		.4byte	.LASF1
  85 0033 03       		.uleb128 0x3
  86 0034 04       		.byte	0x4
  87 0035 05       		.byte	0x5
  88 0036 696E7400 		.ascii	"int\000"
  89 003a 02       		.uleb128 0x2
  90 003b 08       		.byte	0x8
  91 003c 05       		.byte	0x5
  92 003d EC010000 		.4byte	.LASF2
  93 0041 02       		.uleb128 0x2
  94 0042 01       		.byte	0x1
  95 0043 08       		.byte	0x8
  96 0044 79000000 		.4byte	.LASF3
  97 0048 02       		.uleb128 0x2
  98 0049 02       		.byte	0x2
  99 004a 07       		.byte	0x7
 100 004b 87000000 		.4byte	.LASF4
 101 004f 02       		.uleb128 0x2
 102 0050 04       		.byte	0x4
 103 0051 07       		.byte	0x7
 104 0052 A1010000 		.4byte	.LASF5
 105 0056 02       		.uleb128 0x2
 106 0057 08       		.byte	0x8
 107 0058 07       		.byte	0x7
 108 0059 AE010000 		.4byte	.LASF6
ARM GAS  /tmp/ccZqL6x5.s 			page 3


 109 005d 04       		.uleb128 0x4
 110 005e 70000000 		.4byte	.LASF16
 111 0062 04       		.byte	0x4
 112 0063 02       		.byte	0x2
 113 0064 0F       		.byte	0xf
 114 0065 88000000 		.4byte	0x88
 115 0069 05       		.uleb128 0x5
 116 006a 4C4F5700 		.ascii	"LOW\000"
 117 006e 00       		.sleb128 0
 118 006f 06       		.uleb128 0x6
 119 0070 FA010000 		.4byte	.LASF7
 120 0074 01       		.sleb128 1
 121 0075 06       		.uleb128 0x6
 122 0076 9A010000 		.4byte	.LASF8
 123 007a 02       		.sleb128 2
 124 007b 06       		.uleb128 0x6
 125 007c CF010000 		.4byte	.LASF9
 126 0080 03       		.sleb128 3
 127 0081 06       		.uleb128 0x6
 128 0082 33000000 		.4byte	.LASF10
 129 0086 04       		.sleb128 4
 130 0087 00       		.byte	0
 131 0088 07       		.uleb128 0x7
 132 0089 38000000 		.4byte	.LASF17
 133 008d 01       		.byte	0x1
 134 008e 04       		.byte	0x4
 135 008f 00000000 		.4byte	.LASF18
 136 0093 00000000 		.4byte	.LFB17
 137 0097 02000000 		.4byte	.LFE17-.LFB17
 138 009b 01       		.uleb128 0x1
 139 009c 9C       		.byte	0x9c
 140 009d C9000000 		.4byte	0xc9
 141 00a1 08       		.uleb128 0x8
 142 00a2 69727100 		.ascii	"irq\000"
 143 00a6 01       		.byte	0x1
 144 00a7 04       		.byte	0x4
 145 00a8 33000000 		.4byte	0x33
 146 00ac 01       		.uleb128 0x1
 147 00ad 50       		.byte	0x50
 148 00ae 09       		.uleb128 0x9
 149 00af CA010000 		.4byte	.LASF11
 150 00b3 01       		.byte	0x1
 151 00b4 04       		.byte	0x4
 152 00b5 CA000000 		.4byte	0xca
 153 00b9 01       		.uleb128 0x1
 154 00ba 51       		.byte	0x51
 155 00bb 09       		.uleb128 0x9
 156 00bc C5010000 		.4byte	.LASF12
 157 00c0 01       		.byte	0x1
 158 00c1 04       		.byte	0x4
 159 00c2 5D000000 		.4byte	0x5d
 160 00c6 01       		.uleb128 0x1
 161 00c7 52       		.byte	0x52
 162 00c8 00       		.byte	0
 163 00c9 0A       		.uleb128 0xa
 164 00ca 0B       		.uleb128 0xb
 165 00cb 04       		.byte	0x4
ARM GAS  /tmp/ccZqL6x5.s 			page 4


 166 00cc C9000000 		.4byte	0xc9
 167 00d0 0C       		.uleb128 0xc
 168 00d1 23000000 		.4byte	.LASF19
 169 00d5 01       		.byte	0x1
 170 00d6 08       		.byte	0x8
 171 00d7 D7010000 		.4byte	.LASF20
 172 00db 00000000 		.4byte	.LFB18
 173 00df 02000000 		.4byte	.LFE18-.LFB18
 174 00e3 01       		.uleb128 0x1
 175 00e4 9C       		.byte	0x9c
 176 00e5 08       		.uleb128 0x8
 177 00e6 69727100 		.ascii	"irq\000"
 178 00ea 01       		.byte	0x1
 179 00eb 08       		.byte	0x8
 180 00ec 33000000 		.4byte	0x33
 181 00f0 01       		.uleb128 0x1
 182 00f1 50       		.byte	0x50
 183 00f2 00       		.byte	0
 184 00f3 00       		.byte	0
 185              		.section	.debug_abbrev,"",%progbits
 186              	.Ldebug_abbrev0:
 187 0000 01       		.uleb128 0x1
 188 0001 11       		.uleb128 0x11
 189 0002 01       		.byte	0x1
 190 0003 25       		.uleb128 0x25
 191 0004 0E       		.uleb128 0xe
 192 0005 13       		.uleb128 0x13
 193 0006 0B       		.uleb128 0xb
 194 0007 03       		.uleb128 0x3
 195 0008 0E       		.uleb128 0xe
 196 0009 1B       		.uleb128 0x1b
 197 000a 0E       		.uleb128 0xe
 198 000b 55       		.uleb128 0x55
 199 000c 17       		.uleb128 0x17
 200 000d 11       		.uleb128 0x11
 201 000e 01       		.uleb128 0x1
 202 000f 10       		.uleb128 0x10
 203 0010 17       		.uleb128 0x17
 204 0011 00       		.byte	0
 205 0012 00       		.byte	0
 206 0013 02       		.uleb128 0x2
 207 0014 24       		.uleb128 0x24
 208 0015 00       		.byte	0
 209 0016 0B       		.uleb128 0xb
 210 0017 0B       		.uleb128 0xb
 211 0018 3E       		.uleb128 0x3e
 212 0019 0B       		.uleb128 0xb
 213 001a 03       		.uleb128 0x3
 214 001b 0E       		.uleb128 0xe
 215 001c 00       		.byte	0
 216 001d 00       		.byte	0
 217 001e 03       		.uleb128 0x3
 218 001f 24       		.uleb128 0x24
 219 0020 00       		.byte	0
 220 0021 0B       		.uleb128 0xb
 221 0022 0B       		.uleb128 0xb
 222 0023 3E       		.uleb128 0x3e
ARM GAS  /tmp/ccZqL6x5.s 			page 5


 223 0024 0B       		.uleb128 0xb
 224 0025 03       		.uleb128 0x3
 225 0026 08       		.uleb128 0x8
 226 0027 00       		.byte	0
 227 0028 00       		.byte	0
 228 0029 04       		.uleb128 0x4
 229 002a 04       		.uleb128 0x4
 230 002b 01       		.byte	0x1
 231 002c 03       		.uleb128 0x3
 232 002d 0E       		.uleb128 0xe
 233 002e 0B       		.uleb128 0xb
 234 002f 0B       		.uleb128 0xb
 235 0030 3A       		.uleb128 0x3a
 236 0031 0B       		.uleb128 0xb
 237 0032 3B       		.uleb128 0x3b
 238 0033 0B       		.uleb128 0xb
 239 0034 01       		.uleb128 0x1
 240 0035 13       		.uleb128 0x13
 241 0036 00       		.byte	0
 242 0037 00       		.byte	0
 243 0038 05       		.uleb128 0x5
 244 0039 28       		.uleb128 0x28
 245 003a 00       		.byte	0
 246 003b 03       		.uleb128 0x3
 247 003c 08       		.uleb128 0x8
 248 003d 1C       		.uleb128 0x1c
 249 003e 0D       		.uleb128 0xd
 250 003f 00       		.byte	0
 251 0040 00       		.byte	0
 252 0041 06       		.uleb128 0x6
 253 0042 28       		.uleb128 0x28
 254 0043 00       		.byte	0
 255 0044 03       		.uleb128 0x3
 256 0045 0E       		.uleb128 0xe
 257 0046 1C       		.uleb128 0x1c
 258 0047 0D       		.uleb128 0xd
 259 0048 00       		.byte	0
 260 0049 00       		.byte	0
 261 004a 07       		.uleb128 0x7
 262 004b 2E       		.uleb128 0x2e
 263 004c 01       		.byte	0x1
 264 004d 3F       		.uleb128 0x3f
 265 004e 19       		.uleb128 0x19
 266 004f 03       		.uleb128 0x3
 267 0050 0E       		.uleb128 0xe
 268 0051 3A       		.uleb128 0x3a
 269 0052 0B       		.uleb128 0xb
 270 0053 3B       		.uleb128 0x3b
 271 0054 0B       		.uleb128 0xb
 272 0055 6E       		.uleb128 0x6e
 273 0056 0E       		.uleb128 0xe
 274 0057 11       		.uleb128 0x11
 275 0058 01       		.uleb128 0x1
 276 0059 12       		.uleb128 0x12
 277 005a 06       		.uleb128 0x6
 278 005b 40       		.uleb128 0x40
 279 005c 18       		.uleb128 0x18
ARM GAS  /tmp/ccZqL6x5.s 			page 6


 280 005d 9742     		.uleb128 0x2117
 281 005f 19       		.uleb128 0x19
 282 0060 01       		.uleb128 0x1
 283 0061 13       		.uleb128 0x13
 284 0062 00       		.byte	0
 285 0063 00       		.byte	0
 286 0064 08       		.uleb128 0x8
 287 0065 05       		.uleb128 0x5
 288 0066 00       		.byte	0
 289 0067 03       		.uleb128 0x3
 290 0068 08       		.uleb128 0x8
 291 0069 3A       		.uleb128 0x3a
 292 006a 0B       		.uleb128 0xb
 293 006b 3B       		.uleb128 0x3b
 294 006c 0B       		.uleb128 0xb
 295 006d 49       		.uleb128 0x49
 296 006e 13       		.uleb128 0x13
 297 006f 02       		.uleb128 0x2
 298 0070 18       		.uleb128 0x18
 299 0071 00       		.byte	0
 300 0072 00       		.byte	0
 301 0073 09       		.uleb128 0x9
 302 0074 05       		.uleb128 0x5
 303 0075 00       		.byte	0
 304 0076 03       		.uleb128 0x3
 305 0077 0E       		.uleb128 0xe
 306 0078 3A       		.uleb128 0x3a
 307 0079 0B       		.uleb128 0xb
 308 007a 3B       		.uleb128 0x3b
 309 007b 0B       		.uleb128 0xb
 310 007c 49       		.uleb128 0x49
 311 007d 13       		.uleb128 0x13
 312 007e 02       		.uleb128 0x2
 313 007f 18       		.uleb128 0x18
 314 0080 00       		.byte	0
 315 0081 00       		.byte	0
 316 0082 0A       		.uleb128 0xa
 317 0083 15       		.uleb128 0x15
 318 0084 00       		.byte	0
 319 0085 00       		.byte	0
 320 0086 00       		.byte	0
 321 0087 0B       		.uleb128 0xb
 322 0088 0F       		.uleb128 0xf
 323 0089 00       		.byte	0
 324 008a 0B       		.uleb128 0xb
 325 008b 0B       		.uleb128 0xb
 326 008c 49       		.uleb128 0x49
 327 008d 13       		.uleb128 0x13
 328 008e 00       		.byte	0
 329 008f 00       		.byte	0
 330 0090 0C       		.uleb128 0xc
 331 0091 2E       		.uleb128 0x2e
 332 0092 01       		.byte	0x1
 333 0093 3F       		.uleb128 0x3f
 334 0094 19       		.uleb128 0x19
 335 0095 03       		.uleb128 0x3
 336 0096 0E       		.uleb128 0xe
ARM GAS  /tmp/ccZqL6x5.s 			page 7


 337 0097 3A       		.uleb128 0x3a
 338 0098 0B       		.uleb128 0xb
 339 0099 3B       		.uleb128 0x3b
 340 009a 0B       		.uleb128 0xb
 341 009b 6E       		.uleb128 0x6e
 342 009c 0E       		.uleb128 0xe
 343 009d 11       		.uleb128 0x11
 344 009e 01       		.uleb128 0x1
 345 009f 12       		.uleb128 0x12
 346 00a0 06       		.uleb128 0x6
 347 00a1 40       		.uleb128 0x40
 348 00a2 18       		.uleb128 0x18
 349 00a3 9742     		.uleb128 0x2117
 350 00a5 19       		.uleb128 0x19
 351 00a6 00       		.byte	0
 352 00a7 00       		.byte	0
 353 00a8 00       		.byte	0
 354              		.section	.debug_aranges,"",%progbits
 355 0000 24000000 		.4byte	0x24
 356 0004 0200     		.2byte	0x2
 357 0006 00000000 		.4byte	.Ldebug_info0
 358 000a 04       		.byte	0x4
 359 000b 00       		.byte	0
 360 000c 0000     		.2byte	0
 361 000e 0000     		.2byte	0
 362 0010 00000000 		.4byte	.LFB17
 363 0014 02000000 		.4byte	.LFE17-.LFB17
 364 0018 00000000 		.4byte	.LFB18
 365 001c 02000000 		.4byte	.LFE18-.LFB18
 366 0020 00000000 		.4byte	0
 367 0024 00000000 		.4byte	0
 368              		.section	.debug_ranges,"",%progbits
 369              	.Ldebug_ranges0:
 370 0000 00000000 		.4byte	.LFB17
 371 0004 02000000 		.4byte	.LFE17
 372 0008 00000000 		.4byte	.LFB18
 373 000c 02000000 		.4byte	.LFE18
 374 0010 00000000 		.4byte	0
 375 0014 00000000 		.4byte	0
 376              		.section	.debug_line,"",%progbits
 377              	.Ldebug_line0:
 378 0000 56000000 		.section	.debug_str,"MS",%progbits,1
 378      02003400 
 378      00000201 
 378      FB0E0D00 
 378      01010101 
 379              	.LASF18:
 380 0000 5F5A3135 		.ascii	"_Z15attachInterruptiPFvvE8irq_mode\000"
 380      61747461 
 380      6368496E 
 380      74657272 
 380      75707469 
 381              	.LASF19:
 382 0023 64657461 		.ascii	"detachInterrupt\000"
 382      6368496E 
 382      74657272 
 382      75707400 
ARM GAS  /tmp/ccZqL6x5.s 			page 8


 383              	.LASF10:
 384 0033 48494748 		.ascii	"HIGH\000"
 384      00
 385              	.LASF17:
 386 0038 61747461 		.ascii	"attachInterrupt\000"
 386      6368496E 
 386      74657272 
 386      75707400 
 387              	.LASF15:
 388 0048 2F686F6D 		.ascii	"/home/bunnie/code/chibi-chibios/orchard\000"
 388      652F6275 
 388      6E6E6965 
 388      2F636F64 
 388      652F6368 
 389              	.LASF16:
 390 0070 6972715F 		.ascii	"irq_mode\000"
 390      6D6F6465 
 390      00
 391              	.LASF3:
 392 0079 756E7369 		.ascii	"unsigned char\000"
 392      676E6564 
 392      20636861 
 392      7200
 393              	.LASF4:
 394 0087 73686F72 		.ascii	"short unsigned int\000"
 394      7420756E 
 394      7369676E 
 394      65642069 
 394      6E7400
 395              	.LASF13:
 396 009a 474E5520 		.ascii	"GNU C++ 4.9.2 -mcpu=cortex-m0 -mfloat-abi=soft -mfp"
 396      432B2B20 
 396      342E392E 
 396      32202D6D 
 396      6370753D 
 397 00cd 31362D66 		.ascii	"16-format=none -mno-thumb-interwork -mthumb -mfloat"
 397      6F726D61 
 397      743D6E6F 
 397      6E65202D 
 397      6D6E6F2D 
 398 0100 2D616269 		.ascii	"-abi=soft -mfpu=vfpv3-d16 -mtls-dialect=gnu -ggdb -"
 398      3D736F66 
 398      74202D6D 
 398      6670753D 
 398      76667076 
 399 0133 4F33202D 		.ascii	"O3 -fomit-frame-pointer -falign-functions=16 -ffunc"
 399      666F6D69 
 399      742D6672 
 399      616D652D 
 399      706F696E 
 400 0166 74696F6E 		.ascii	"tion-sections -fdata-sections -fno-common -fno-rtti"
 400      2D736563 
 400      74696F6E 
 400      73202D66 
 400      64617461 
 401 0199 00       		.ascii	"\000"
 402              	.LASF8:
ARM GAS  /tmp/ccZqL6x5.s 			page 9


 403 019a 52495349 		.ascii	"RISING\000"
 403      4E4700
 404              	.LASF5:
 405 01a1 756E7369 		.ascii	"unsigned int\000"
 405      676E6564 
 405      20696E74 
 405      00
 406              	.LASF6:
 407 01ae 6C6F6E67 		.ascii	"long long unsigned int\000"
 407      206C6F6E 
 407      6720756E 
 407      7369676E 
 407      65642069 
 408              	.LASF12:
 409 01c5 6D6F6465 		.ascii	"mode\000"
 409      00
 410              	.LASF11:
 411 01ca 66756E63 		.ascii	"func\000"
 411      00
 412              	.LASF9:
 413 01cf 46414C4C 		.ascii	"FALLING\000"
 413      494E4700 
 414              	.LASF20:
 415 01d7 5F5A3135 		.ascii	"_Z15detachInterrupti\000"
 415      64657461 
 415      6368496E 
 415      74657272 
 415      75707469 
 416              	.LASF2:
 417 01ec 6C6F6E67 		.ascii	"long long int\000"
 417      206C6F6E 
 417      6720696E 
 417      7400
 418              	.LASF7:
 419 01fa 4348414E 		.ascii	"CHANGE\000"
 419      474500
 420              	.LASF1:
 421 0201 73686F72 		.ascii	"short int\000"
 421      7420696E 
 421      7400
 422              	.LASF14:
 423 020b 61726475 		.ascii	"arduino-irqs.cpp\000"
 423      696E6F2D 
 423      69727173 
 423      2E637070 
 423      00
 424              	.LASF0:
 425 021c 7369676E 		.ascii	"signed char\000"
 425      65642063 
 425      68617200 
 426              		.ident	"GCC: (Debian 4.9.2-10) 4.9.2"
 427              		.section	.note.GNU-stack,"",%progbits
ARM GAS  /tmp/ccZqL6x5.s 			page 10


DEFINED SYMBOLS
                            *ABS*:00000000 arduino-irqs.cpp
     /tmp/ccZqL6x5.s:18     .text._Z15attachInterruptiPFvvE8irq_mode:00000000 $t
     /tmp/ccZqL6x5.s:24     .text._Z15attachInterruptiPFvvE8irq_mode:00000000 _Z15attachInterruptiPFvvE8irq_mode
.ARM.exidx.text._Z15attachInterruptiPFvvE8irq_mode:00000000 $d
     /tmp/ccZqL6x5.s:40     .text._Z15detachInterrupti:00000000 $t
     /tmp/ccZqL6x5.s:46     .text._Z15detachInterrupti:00000000 _Z15detachInterrupti
.ARM.exidx.text._Z15detachInterrupti:00000000 $d
                     .debug_frame:00000010 $d

NO UNDEFINED SYMBOLS
