ARM GAS  /tmp/ccc8Rmwx.s 			page 1


   1              		.cpu cortex-m0
   2              		.fpu softvfp
   3              		.eabi_attribute 20, 1
   4              		.eabi_attribute 21, 1
   5              		.eabi_attribute 23, 3
   6              		.eabi_attribute 24, 1
   7              		.eabi_attribute 25, 1
   8              		.eabi_attribute 26, 2
   9              		.eabi_attribute 30, 2
  10              		.eabi_attribute 34, 0
  11              		.eabi_attribute 18, 4
  12              		.code	16
  13              		.file	"board.c"
  14              		.text
  15              	.Ltext0:
  16              		.cfi_sections	.debug_frame
  17              		.section	.text.__early_init,"ax",%progbits
  18              		.align	2
  19              		.p2align 4,,15
  20              		.global	__early_init
  21              		.code	16
  22              		.thumb_func
  23              		.type	__early_init, %function
  24              	__early_init:
  25              	.LFB81:
  26              		.file 1 "../os/hal/boards/CHIBITRONICS_ESPLANADE/board.c"
  27              		.loc 1 72 0
  28              		.cfi_startproc
  29 0000 08B5     		push	{r3, lr}
  30              		.cfi_def_cfa_offset 8
  31              		.cfi_offset 3, -8
  32              		.cfi_offset 14, -4
  33              		.loc 1 74 0
  34 0002 FFF7FEFF 		bl	kl2x_clock_init
  35              	.LVL0:
  36              		.loc 1 75 0
  37              		@ sp needed
  38 0006 08BD     		pop	{r3, pc}
  39              		.cfi_endproc
  40              	.LFE81:
  41              		.size	__early_init, .-__early_init
  42 0008 C046C046 		.section	.text.boardInit,"ax",%progbits
  42      C046C046 
  43              		.align	2
  44              		.p2align 4,,15
  45              		.global	boardInit
  46              		.code	16
  47              		.thumb_func
  48              		.type	boardInit, %function
  49              	boardInit:
  50              	.LFB82:
  51              		.loc 1 81 0
  52              		.cfi_startproc
  53              		.loc 1 82 0
  54              		@ sp needed
  55 0000 7047     		bx	lr
  56              		.cfi_endproc
ARM GAS  /tmp/ccc8Rmwx.s 			page 2


  57              	.LFE82:
  58              		.size	boardInit, .-boardInit
  59              		.global	pal_default_config
  60 0002 C046C046 		.section	.rodata.pal_default_config,"a",%progbits
  60      C046C046 
  60      C046C046 
  60      C046
  61              		.align	2
  62              		.type	pal_default_config, %object
  63              		.size	pal_default_config, 72
  64              	pal_default_config:
  65 0000 00F00F40 		.word	1074786304
  66 0004 12       		.byte	18
  67 0005 12       		.byte	18
  68 0006 12       		.byte	18
  69 0007 01       		.byte	1
  70 0008 01       		.byte	1
  71 0009 01       		.byte	1
  72 000a 01       		.byte	1
  73 000b 01       		.byte	1
  74 000c 01       		.byte	1
  75 000d 01       		.byte	1
  76 000e 03       		.byte	3
  77 000f 01       		.byte	1
  78 0010 05       		.byte	5
  79 0011 01       		.byte	1
  80 0012 01       		.byte	1
  81 0013 01       		.byte	1
  82 0014 01       		.byte	1
  83 0015 01       		.byte	1
  84 0016 01       		.byte	1
  85 0017 01       		.byte	1
  86 0018 01       		.byte	1
  87 0019 01       		.byte	1
  88 001a 01       		.byte	1
  89 001b 01       		.byte	1
  90 001c 01       		.byte	1
  91 001d 01       		.byte	1
  92 001e 01       		.byte	1
  93 001f 01       		.byte	1
  94 0020 01       		.byte	1
  95 0021 01       		.byte	1
  96 0022 01       		.byte	1
  97 0023 01       		.byte	1
  98 0024 40F00F40 		.word	1074786368
  99 0028 01       		.byte	1
 100 0029 12       		.byte	18
 101 002a 12       		.byte	18
 102 002b 11       		.byte	17
 103 002c 11       		.byte	17
 104 002d 03       		.byte	3
 105 002e 06       		.byte	6
 106 002f 06       		.byte	6
 107 0030 01       		.byte	1
 108 0031 01       		.byte	1
 109 0032 06       		.byte	6
 110 0033 01       		.byte	1
ARM GAS  /tmp/ccc8Rmwx.s 			page 3


 111 0034 01       		.byte	1
 112 0035 01       		.byte	1
 113 0036 01       		.byte	1
 114 0037 01       		.byte	1
 115 0038 01       		.byte	1
 116 0039 01       		.byte	1
 117 003a 01       		.byte	1
 118 003b 01       		.byte	1
 119 003c 01       		.byte	1
 120 003d 01       		.byte	1
 121 003e 01       		.byte	1
 122 003f 01       		.byte	1
 123 0040 01       		.byte	1
 124 0041 01       		.byte	1
 125 0042 01       		.byte	1
 126 0043 01       		.byte	1
 127 0044 01       		.byte	1
 128 0045 01       		.byte	1
 129 0046 01       		.byte	1
 130 0047 01       		.byte	1
 131              		.text
 132              	.Letext0:
 133              		.file 2 "/usr/include/stdint.h"
 134              		.file 3 "../os/nil/include/nil.h"
 135              		.file 4 "../os/nil/ports/ARMCMx/compilers/GCC/niltypes.h"
 136              		.file 5 "../os/ext/CMSIS/KINETIS/kl02x.h"
 137              		.file 6 "../os/nil/ports/ARMCMx/nilcore.h"
 138              		.file 7 "../os/nil/ports/ARMCMx/nilcore_v6m.h"
 139              		.file 8 "../os/hal/ports/KINETIS/KL02x/pal_lld.h"
 140              		.file 9 "../os/hal/ports/KINETIS/KL02x/hal_lld.h"
 141              		.section	.debug_info,"",%progbits
 142              	.Ldebug_info0:
 143 0000 2D040000 		.4byte	0x42d
 144 0004 0400     		.2byte	0x4
 145 0006 00000000 		.4byte	.Ldebug_abbrev0
 146 000a 04       		.byte	0x4
 147 000b 01       		.uleb128 0x1
 148 000c BE000000 		.4byte	.LASF57
 149 0010 01       		.byte	0x1
 150 0011 57000000 		.4byte	.LASF58
 151 0015 2E030000 		.4byte	.LASF59
 152 0019 00000000 		.4byte	.Ldebug_ranges0+0
 153 001d 00000000 		.4byte	0
 154 0021 00000000 		.4byte	.Ldebug_line0
 155 0025 02       		.uleb128 0x2
 156 0026 04       		.byte	0x4
 157 0027 05       		.byte	0x5
 158 0028 696E7400 		.ascii	"int\000"
 159 002c 03       		.uleb128 0x3
 160 002d 04       		.byte	0x4
 161 002e 07       		.byte	0x7
 162 002f 6C020000 		.4byte	.LASF0
 163 0033 03       		.uleb128 0x3
 164 0034 01       		.byte	0x1
 165 0035 06       		.byte	0x6
 166 0036 40020000 		.4byte	.LASF1
 167 003a 03       		.uleb128 0x3
ARM GAS  /tmp/ccc8Rmwx.s 			page 4


 168 003b 02       		.byte	0x2
 169 003c 05       		.byte	0x5
 170 003d B4000000 		.4byte	.LASF2
 171 0041 04       		.uleb128 0x4
 172 0042 BD020000 		.4byte	.LASF4
 173 0046 02       		.byte	0x2
 174 0047 26       		.byte	0x26
 175 0048 25000000 		.4byte	0x25
 176 004c 03       		.uleb128 0x3
 177 004d 08       		.byte	0x8
 178 004e 05       		.byte	0x5
 179 004f 87000000 		.4byte	.LASF3
 180 0053 04       		.uleb128 0x4
 181 0054 CF010000 		.4byte	.LASF5
 182 0058 02       		.byte	0x2
 183 0059 30       		.byte	0x30
 184 005a 5E000000 		.4byte	0x5e
 185 005e 03       		.uleb128 0x3
 186 005f 01       		.byte	0x1
 187 0060 08       		.byte	0x8
 188 0061 2B020000 		.4byte	.LASF6
 189 0065 03       		.uleb128 0x3
 190 0066 02       		.byte	0x2
 191 0067 07       		.byte	0x7
 192 0068 89020000 		.4byte	.LASF7
 193 006c 04       		.uleb128 0x4
 194 006d 63020000 		.4byte	.LASF8
 195 0071 02       		.byte	0x2
 196 0072 33       		.byte	0x33
 197 0073 2C000000 		.4byte	0x2c
 198 0077 04       		.uleb128 0x4
 199 0078 33000000 		.4byte	.LASF9
 200 007c 02       		.byte	0x2
 201 007d 3A       		.byte	0x3a
 202 007e 82000000 		.4byte	0x82
 203 0082 03       		.uleb128 0x3
 204 0083 08       		.byte	0x8
 205 0084 07       		.byte	0x7
 206 0085 4C020000 		.4byte	.LASF10
 207 0089 04       		.uleb128 0x4
 208 008a 00000000 		.4byte	.LASF11
 209 008e 03       		.byte	0x3
 210 008f 25       		.byte	0x25
 211 0090 94000000 		.4byte	0x94
 212 0094 05       		.uleb128 0x5
 213 0095 A1000000 		.4byte	.LASF32
 214 0099 18       		.byte	0x18
 215 009a 03       		.byte	0x3
 216 009b 6201     		.2byte	0x162
 217 009d EF000000 		.4byte	0xef
 218 00a1 06       		.uleb128 0x6
 219 00a2 11020000 		.4byte	.LASF12
 220 00a6 03       		.byte	0x3
 221 00a7 6301     		.2byte	0x163
 222 00a9 CC020000 		.4byte	0x2cc
 223 00ad 00       		.byte	0
 224 00ae 06       		.uleb128 0x6
ARM GAS  /tmp/ccc8Rmwx.s 			page 5


 225 00af 2D000000 		.4byte	.LASF13
 226 00b3 03       		.byte	0x3
 227 00b4 6401     		.2byte	0x164
 228 00b6 EF000000 		.4byte	0xef
 229 00ba 04       		.byte	0x4
 230 00bb 07       		.uleb128 0x7
 231 00bc 753100   		.ascii	"u1\000"
 232 00bf 03       		.byte	0x3
 233 00c0 6F01     		.2byte	0x16f
 234 00c2 7C020000 		.4byte	0x27c
 235 00c6 08       		.byte	0x8
 236 00c7 06       		.uleb128 0x6
 237 00c8 8C030000 		.4byte	.LASF14
 238 00cc 03       		.byte	0x3
 239 00cd 7001     		.2byte	0x170
 240 00cf D2020000 		.4byte	0x2d2
 241 00d3 0C       		.byte	0xc
 242 00d4 06       		.uleb128 0x6
 243 00d5 0E000000 		.4byte	.LASF15
 244 00d9 03       		.byte	0x3
 245 00da 7301     		.2byte	0x173
 246 00dc 05010000 		.4byte	0x105
 247 00e0 10       		.byte	0x10
 248 00e1 06       		.uleb128 0x6
 249 00e2 6D030000 		.4byte	.LASF16
 250 00e6 03       		.byte	0x3
 251 00e7 7601     		.2byte	0x176
 252 00e9 52020000 		.4byte	0x252
 253 00ed 14       		.byte	0x14
 254 00ee 00       		.byte	0
 255 00ef 04       		.uleb128 0x4
 256 00f0 25030000 		.4byte	.LASF17
 257 00f4 04       		.byte	0x4
 258 00f5 37       		.byte	0x37
 259 00f6 53000000 		.4byte	0x53
 260 00fa 04       		.uleb128 0x4
 261 00fb 86030000 		.4byte	.LASF18
 262 00ff 04       		.byte	0x4
 263 0100 38       		.byte	0x38
 264 0101 41000000 		.4byte	0x41
 265 0105 04       		.uleb128 0x4
 266 0106 95000000 		.4byte	.LASF19
 267 010a 04       		.byte	0x4
 268 010b 39       		.byte	0x39
 269 010c 6C000000 		.4byte	0x6c
 270 0110 04       		.uleb128 0x4
 271 0111 C5020000 		.4byte	.LASF20
 272 0115 04       		.byte	0x4
 273 0116 3A       		.byte	0x3a
 274 0117 41000000 		.4byte	0x41
 275 011b 04       		.uleb128 0x4
 276 011c A1020000 		.4byte	.LASF21
 277 0120 04       		.byte	0x4
 278 0121 41       		.byte	0x41
 279 0122 6C000000 		.4byte	0x6c
 280 0126 03       		.uleb128 0x3
 281 0127 04       		.byte	0x4
ARM GAS  /tmp/ccc8Rmwx.s 			page 6


 282 0128 07       		.byte	0x7
 283 0129 41000000 		.4byte	.LASF22
 284 012d 08       		.uleb128 0x8
 285 012e 6C000000 		.4byte	0x6c
 286 0132 09       		.uleb128 0x9
 287 0133 18       		.byte	0x18
 288 0134 05       		.byte	0x5
 289 0135 F9       		.byte	0xf9
 290 0136 84010000 		.4byte	0x184
 291 013a 0A       		.uleb128 0xa
 292 013b 74030000 		.4byte	.LASF23
 293 013f 05       		.byte	0x5
 294 0140 FB       		.byte	0xfb
 295 0141 2D010000 		.4byte	0x12d
 296 0145 00       		.byte	0
 297 0146 0A       		.uleb128 0xa
 298 0147 84020000 		.4byte	.LASF24
 299 014b 05       		.byte	0x5
 300 014c FC       		.byte	0xfc
 301 014d 2D010000 		.4byte	0x12d
 302 0151 04       		.byte	0x4
 303 0152 0A       		.uleb128 0xa
 304 0153 15000000 		.4byte	.LASF25
 305 0157 05       		.byte	0x5
 306 0158 FD       		.byte	0xfd
 307 0159 2D010000 		.4byte	0x12d
 308 015d 08       		.byte	0x8
 309 015e 0A       		.uleb128 0xa
 310 015f 3C000000 		.4byte	.LASF26
 311 0163 05       		.byte	0x5
 312 0164 FE       		.byte	0xfe
 313 0165 2D010000 		.4byte	0x12d
 314 0169 0C       		.byte	0xc
 315 016a 0A       		.uleb128 0xa
 316 016b 0C020000 		.4byte	.LASF27
 317 016f 05       		.byte	0x5
 318 0170 FF       		.byte	0xff
 319 0171 2D010000 		.4byte	0x12d
 320 0175 10       		.byte	0x10
 321 0176 06       		.uleb128 0x6
 322 0177 09000000 		.4byte	.LASF28
 323 017b 05       		.byte	0x5
 324 017c 0001     		.2byte	0x100
 325 017e 2D010000 		.4byte	0x12d
 326 0182 14       		.byte	0x14
 327 0183 00       		.byte	0
 328 0184 0B       		.uleb128 0xb
 329 0185 79030000 		.4byte	.LASF29
 330 0189 05       		.byte	0x5
 331 018a 0101     		.2byte	0x101
 332 018c 32010000 		.4byte	0x132
 333 0190 04       		.uleb128 0x4
 334 0191 C6010000 		.4byte	.LASF30
 335 0195 06       		.byte	0x6
 336 0196 65       		.byte	0x65
 337 0197 9B010000 		.4byte	0x19b
 338 019b 0C       		.uleb128 0xc
ARM GAS  /tmp/ccc8Rmwx.s 			page 7


 339 019c 04       		.byte	0x4
 340 019d 04       		.uleb128 0x4
 341 019e EB020000 		.4byte	.LASF31
 342 01a2 06       		.byte	0x6
 343 01a3 6D       		.byte	0x6d
 344 01a4 77000000 		.4byte	0x77
 345 01a8 0D       		.uleb128 0xd
 346 01a9 FB020000 		.4byte	.LASF33
 347 01ad 24       		.byte	0x24
 348 01ae 07       		.byte	0x7
 349 01af A4       		.byte	0xa4
 350 01b0 1A020000 		.4byte	0x21a
 351 01b4 0E       		.uleb128 0xe
 352 01b5 723800   		.ascii	"r8\000"
 353 01b8 07       		.byte	0x7
 354 01b9 A5       		.byte	0xa5
 355 01ba 90010000 		.4byte	0x190
 356 01be 00       		.byte	0
 357 01bf 0E       		.uleb128 0xe
 358 01c0 723900   		.ascii	"r9\000"
 359 01c3 07       		.byte	0x7
 360 01c4 A6       		.byte	0xa6
 361 01c5 90010000 		.4byte	0x190
 362 01c9 04       		.byte	0x4
 363 01ca 0E       		.uleb128 0xe
 364 01cb 72313000 		.ascii	"r10\000"
 365 01cf 07       		.byte	0x7
 366 01d0 A7       		.byte	0xa7
 367 01d1 90010000 		.4byte	0x190
 368 01d5 08       		.byte	0x8
 369 01d6 0E       		.uleb128 0xe
 370 01d7 72313100 		.ascii	"r11\000"
 371 01db 07       		.byte	0x7
 372 01dc A8       		.byte	0xa8
 373 01dd 90010000 		.4byte	0x190
 374 01e1 0C       		.byte	0xc
 375 01e2 0E       		.uleb128 0xe
 376 01e3 723400   		.ascii	"r4\000"
 377 01e6 07       		.byte	0x7
 378 01e7 A9       		.byte	0xa9
 379 01e8 90010000 		.4byte	0x190
 380 01ec 10       		.byte	0x10
 381 01ed 0E       		.uleb128 0xe
 382 01ee 723500   		.ascii	"r5\000"
 383 01f1 07       		.byte	0x7
 384 01f2 AA       		.byte	0xaa
 385 01f3 90010000 		.4byte	0x190
 386 01f7 14       		.byte	0x14
 387 01f8 0E       		.uleb128 0xe
 388 01f9 723600   		.ascii	"r6\000"
 389 01fc 07       		.byte	0x7
 390 01fd AB       		.byte	0xab
 391 01fe 90010000 		.4byte	0x190
 392 0202 18       		.byte	0x18
 393 0203 0E       		.uleb128 0xe
 394 0204 723700   		.ascii	"r7\000"
 395 0207 07       		.byte	0x7
ARM GAS  /tmp/ccc8Rmwx.s 			page 8


 396 0208 AC       		.byte	0xac
 397 0209 90010000 		.4byte	0x190
 398 020d 1C       		.byte	0x1c
 399 020e 0E       		.uleb128 0xe
 400 020f 6C7200   		.ascii	"lr\000"
 401 0212 07       		.byte	0x7
 402 0213 AD       		.byte	0xad
 403 0214 90010000 		.4byte	0x190
 404 0218 20       		.byte	0x20
 405 0219 00       		.byte	0
 406 021a 0B       		.uleb128 0xb
 407 021b 56030000 		.4byte	.LASF34
 408 021f 03       		.byte	0x3
 409 0220 3701     		.2byte	0x137
 410 0222 A8010000 		.4byte	0x1a8
 411 0226 0B       		.uleb128 0xb
 412 0227 E2010000 		.4byte	.LASF35
 413 022b 03       		.byte	0x3
 414 022c 3C01     		.2byte	0x13c
 415 022e 32020000 		.4byte	0x232
 416 0232 05       		.uleb128 0x5
 417 0233 FE010000 		.4byte	.LASF36
 418 0237 04       		.byte	0x4
 419 0238 03       		.byte	0x3
 420 0239 4101     		.2byte	0x141
 421 023b 4D020000 		.4byte	0x24d
 422 023f 07       		.uleb128 0x7
 423 0240 636E7400 		.ascii	"cnt\000"
 424 0244 03       		.byte	0x3
 425 0245 4201     		.2byte	0x142
 426 0247 4D020000 		.4byte	0x24d
 427 024b 00       		.byte	0
 428 024c 00       		.byte	0
 429 024d 08       		.uleb128 0x8
 430 024e 10010000 		.4byte	0x110
 431 0252 0F       		.uleb128 0xf
 432 0253 04       		.byte	0x4
 433 0254 9D010000 		.4byte	0x19d
 434 0258 0F       		.uleb128 0xf
 435 0259 04       		.byte	0x4
 436 025a 5E020000 		.4byte	0x25e
 437 025e 10       		.uleb128 0x10
 438 025f 63020000 		.4byte	0x263
 439 0263 03       		.uleb128 0x3
 440 0264 01       		.byte	0x1
 441 0265 08       		.byte	0x8
 442 0266 AB020000 		.4byte	.LASF37
 443 026a 0B       		.uleb128 0xb
 444 026b 12030000 		.4byte	.LASF38
 445 026f 03       		.byte	0x3
 446 0270 5D01     		.2byte	0x15d
 447 0272 76020000 		.4byte	0x276
 448 0276 0F       		.uleb128 0xf
 449 0277 04       		.byte	0x4
 450 0278 89000000 		.4byte	0x89
 451 027c 11       		.uleb128 0x11
 452 027d 04       		.byte	0x4
ARM GAS  /tmp/ccc8Rmwx.s 			page 9


 453 027e 03       		.byte	0x3
 454 027f 6701     		.2byte	0x167
 455 0281 C0020000 		.4byte	0x2c0
 456 0285 12       		.uleb128 0x12
 457 0286 6D736700 		.ascii	"msg\000"
 458 028a 03       		.byte	0x3
 459 028b 6801     		.2byte	0x168
 460 028d FA000000 		.4byte	0xfa
 461 0291 12       		.uleb128 0x12
 462 0292 7000     		.ascii	"p\000"
 463 0294 03       		.byte	0x3
 464 0295 6901     		.2byte	0x169
 465 0297 9B010000 		.4byte	0x19b
 466 029b 12       		.uleb128 0x12
 467 029c 74727000 		.ascii	"trp\000"
 468 02a0 03       		.byte	0x3
 469 02a1 6A01     		.2byte	0x16a
 470 02a3 C0020000 		.4byte	0x2c0
 471 02a7 13       		.uleb128 0x13
 472 02a8 07030000 		.4byte	.LASF39
 473 02ac 03       		.byte	0x3
 474 02ad 6B01     		.2byte	0x16b
 475 02af C6020000 		.4byte	0x2c6
 476 02b3 13       		.uleb128 0x13
 477 02b4 39020000 		.4byte	.LASF40
 478 02b8 03       		.byte	0x3
 479 02b9 6D01     		.2byte	0x16d
 480 02bb 05010000 		.4byte	0x105
 481 02bf 00       		.byte	0
 482 02c0 0F       		.uleb128 0xf
 483 02c1 04       		.byte	0x4
 484 02c2 6A020000 		.4byte	0x26a
 485 02c6 0F       		.uleb128 0xf
 486 02c7 04       		.byte	0x4
 487 02c8 26020000 		.4byte	0x226
 488 02cc 0F       		.uleb128 0xf
 489 02cd 04       		.byte	0x4
 490 02ce 1A020000 		.4byte	0x21a
 491 02d2 08       		.uleb128 0x8
 492 02d3 1B010000 		.4byte	0x11b
 493 02d7 0B       		.uleb128 0xb
 494 02d8 4A000000 		.4byte	.LASF41
 495 02dc 03       		.byte	0x3
 496 02dd 7F01     		.2byte	0x17f
 497 02df E3020000 		.4byte	0x2e3
 498 02e3 05       		.uleb128 0x5
 499 02e4 D7010000 		.4byte	.LASF42
 500 02e8 40       		.byte	0x40
 501 02e9 03       		.byte	0x3
 502 02ea 8601     		.2byte	0x186
 503 02ec 32030000 		.4byte	0x332
 504 02f0 06       		.uleb128 0x6
 505 02f1 AC000000 		.4byte	.LASF43
 506 02f5 03       		.byte	0x3
 507 02f6 8A01     		.2byte	0x18a
 508 02f8 76020000 		.4byte	0x276
 509 02fc 00       		.byte	0
ARM GAS  /tmp/ccc8Rmwx.s 			page 10


 510 02fd 06       		.uleb128 0x6
 511 02fe 94030000 		.4byte	.LASF44
 512 0302 03       		.byte	0x3
 513 0303 9001     		.2byte	0x190
 514 0305 76020000 		.4byte	0x276
 515 0309 04       		.byte	0x4
 516 030a 06       		.uleb128 0x6
 517 030b EE010000 		.4byte	.LASF45
 518 030f 03       		.byte	0x3
 519 0310 9501     		.2byte	0x195
 520 0312 D2020000 		.4byte	0x2d2
 521 0316 08       		.byte	0x8
 522 0317 06       		.uleb128 0x6
 523 0318 F6010000 		.4byte	.LASF46
 524 031c 03       		.byte	0x3
 525 031d A401     		.2byte	0x1a4
 526 031f 32030000 		.4byte	0x332
 527 0323 0C       		.byte	0xc
 528 0324 06       		.uleb128 0x6
 529 0325 5F030000 		.4byte	.LASF47
 530 0329 03       		.byte	0x3
 531 032a AD01     		.2byte	0x1ad
 532 032c 42030000 		.4byte	0x342
 533 0330 3C       		.byte	0x3c
 534 0331 00       		.byte	0
 535 0332 14       		.uleb128 0x14
 536 0333 89000000 		.4byte	0x89
 537 0337 42030000 		.4byte	0x342
 538 033b 15       		.uleb128 0x15
 539 033c 26010000 		.4byte	0x126
 540 0340 01       		.byte	0x1
 541 0341 00       		.byte	0
 542 0342 08       		.uleb128 0x8
 543 0343 58020000 		.4byte	0x258
 544 0347 03       		.uleb128 0x3
 545 0348 01       		.byte	0x1
 546 0349 02       		.byte	0x2
 547 034a E5020000 		.4byte	.LASF48
 548 034e 04       		.uleb128 0x4
 549 034f BD010000 		.4byte	.LASF49
 550 0353 08       		.byte	0x8
 551 0354 3B       		.byte	0x3b
 552 0355 53000000 		.4byte	0x53
 553 0359 04       		.uleb128 0x4
 554 035a 20020000 		.4byte	.LASF50
 555 035e 08       		.byte	0x8
 556 035f 43       		.byte	0x43
 557 0360 64030000 		.4byte	0x364
 558 0364 0F       		.uleb128 0xf
 559 0365 04       		.byte	0x4
 560 0366 84010000 		.4byte	0x184
 561 036a 09       		.uleb128 0x9
 562 036b 24       		.byte	0x24
 563 036c 08       		.byte	0x8
 564 036d 45       		.byte	0x45
 565 036e 8B030000 		.4byte	0x38b
 566 0372 0A       		.uleb128 0xa
ARM GAS  /tmp/ccc8Rmwx.s 			page 11


 567 0373 F6020000 		.4byte	.LASF51
 568 0377 08       		.byte	0x8
 569 0378 46       		.byte	0x46
 570 0379 59030000 		.4byte	0x359
 571 037d 00       		.byte	0
 572 037e 0A       		.uleb128 0xa
 573 037f 9C020000 		.4byte	.LASF52
 574 0383 08       		.byte	0x8
 575 0384 47       		.byte	0x47
 576 0385 8B030000 		.4byte	0x38b
 577 0389 04       		.byte	0x4
 578 038a 00       		.byte	0
 579 038b 14       		.uleb128 0x14
 580 038c 4E030000 		.4byte	0x34e
 581 0390 9B030000 		.4byte	0x39b
 582 0394 15       		.uleb128 0x15
 583 0395 26010000 		.4byte	0x126
 584 0399 1F       		.byte	0x1f
 585 039a 00       		.byte	0
 586 039b 04       		.uleb128 0x4
 587 039c 79020000 		.4byte	.LASF53
 588 03a0 08       		.byte	0x8
 589 03a1 48       		.byte	0x48
 590 03a2 6A030000 		.4byte	0x36a
 591 03a6 09       		.uleb128 0x9
 592 03a7 48       		.byte	0x48
 593 03a8 08       		.byte	0x8
 594 03a9 53       		.byte	0x53
 595 03aa BB030000 		.4byte	0x3bb
 596 03ae 0A       		.uleb128 0xa
 597 03af 0C030000 		.4byte	.LASF54
 598 03b3 08       		.byte	0x8
 599 03b4 55       		.byte	0x55
 600 03b5 BB030000 		.4byte	0x3bb
 601 03b9 00       		.byte	0
 602 03ba 00       		.byte	0
 603 03bb 14       		.uleb128 0x14
 604 03bc 9B030000 		.4byte	0x39b
 605 03c0 CB030000 		.4byte	0x3cb
 606 03c4 15       		.uleb128 0x15
 607 03c5 26010000 		.4byte	0x126
 608 03c9 01       		.byte	0x1
 609 03ca 00       		.byte	0
 610 03cb 04       		.uleb128 0x4
 611 03cc CB020000 		.4byte	.LASF55
 612 03d0 08       		.byte	0x8
 613 03d1 56       		.byte	0x56
 614 03d2 A6030000 		.4byte	0x3a6
 615 03d6 16       		.uleb128 0x16
 616 03d7 B0020000 		.4byte	.LASF60
 617 03db 01       		.byte	0x1
 618 03dc 48       		.byte	0x48
 619 03dd 00000000 		.4byte	.LFB81
 620 03e1 08000000 		.4byte	.LFE81-.LFB81
 621 03e5 01       		.uleb128 0x1
 622 03e6 9C       		.byte	0x9c
 623 03e7 F5030000 		.4byte	0x3f5
ARM GAS  /tmp/ccc8Rmwx.s 			page 12


 624 03eb 17       		.uleb128 0x17
 625 03ec 06000000 		.4byte	.LVL0
 626 03f0 28040000 		.4byte	0x428
 627 03f4 00       		.byte	0
 628 03f5 18       		.uleb128 0x18
 629 03f6 16020000 		.4byte	.LASF61
 630 03fa 01       		.byte	0x1
 631 03fb 51       		.byte	0x51
 632 03fc 00000000 		.4byte	.LFB82
 633 0400 02000000 		.4byte	.LFE82-.LFB82
 634 0404 01       		.uleb128 0x1
 635 0405 9C       		.byte	0x9c
 636 0406 19       		.uleb128 0x19
 637 0407 6E696C00 		.ascii	"nil\000"
 638 040b 03       		.byte	0x3
 639 040c C203     		.2byte	0x3c2
 640 040e D7020000 		.4byte	0x2d7
 641 0412 1A       		.uleb128 0x1a
 642 0413 1A000000 		.4byte	.LASF56
 643 0417 01       		.byte	0x1
 644 0418 1B       		.byte	0x1b
 645 0419 23040000 		.4byte	0x423
 646 041d 05       		.uleb128 0x5
 647 041e 03       		.byte	0x3
 648 041f 00000000 		.4byte	pal_default_config
 649 0423 10       		.uleb128 0x10
 650 0424 CB030000 		.4byte	0x3cb
 651 0428 1B       		.uleb128 0x1b
 652 0429 D5020000 		.4byte	.LASF62
 653 042d 09       		.byte	0x9
 654 042e 0601     		.2byte	0x106
 655 0430 00       		.byte	0
 656              		.section	.debug_abbrev,"",%progbits
 657              	.Ldebug_abbrev0:
 658 0000 01       		.uleb128 0x1
 659 0001 11       		.uleb128 0x11
 660 0002 01       		.byte	0x1
 661 0003 25       		.uleb128 0x25
 662 0004 0E       		.uleb128 0xe
 663 0005 13       		.uleb128 0x13
 664 0006 0B       		.uleb128 0xb
 665 0007 03       		.uleb128 0x3
 666 0008 0E       		.uleb128 0xe
 667 0009 1B       		.uleb128 0x1b
 668 000a 0E       		.uleb128 0xe
 669 000b 55       		.uleb128 0x55
 670 000c 17       		.uleb128 0x17
 671 000d 11       		.uleb128 0x11
 672 000e 01       		.uleb128 0x1
 673 000f 10       		.uleb128 0x10
 674 0010 17       		.uleb128 0x17
 675 0011 00       		.byte	0
 676 0012 00       		.byte	0
 677 0013 02       		.uleb128 0x2
 678 0014 24       		.uleb128 0x24
 679 0015 00       		.byte	0
 680 0016 0B       		.uleb128 0xb
ARM GAS  /tmp/ccc8Rmwx.s 			page 13


 681 0017 0B       		.uleb128 0xb
 682 0018 3E       		.uleb128 0x3e
 683 0019 0B       		.uleb128 0xb
 684 001a 03       		.uleb128 0x3
 685 001b 08       		.uleb128 0x8
 686 001c 00       		.byte	0
 687 001d 00       		.byte	0
 688 001e 03       		.uleb128 0x3
 689 001f 24       		.uleb128 0x24
 690 0020 00       		.byte	0
 691 0021 0B       		.uleb128 0xb
 692 0022 0B       		.uleb128 0xb
 693 0023 3E       		.uleb128 0x3e
 694 0024 0B       		.uleb128 0xb
 695 0025 03       		.uleb128 0x3
 696 0026 0E       		.uleb128 0xe
 697 0027 00       		.byte	0
 698 0028 00       		.byte	0
 699 0029 04       		.uleb128 0x4
 700 002a 16       		.uleb128 0x16
 701 002b 00       		.byte	0
 702 002c 03       		.uleb128 0x3
 703 002d 0E       		.uleb128 0xe
 704 002e 3A       		.uleb128 0x3a
 705 002f 0B       		.uleb128 0xb
 706 0030 3B       		.uleb128 0x3b
 707 0031 0B       		.uleb128 0xb
 708 0032 49       		.uleb128 0x49
 709 0033 13       		.uleb128 0x13
 710 0034 00       		.byte	0
 711 0035 00       		.byte	0
 712 0036 05       		.uleb128 0x5
 713 0037 13       		.uleb128 0x13
 714 0038 01       		.byte	0x1
 715 0039 03       		.uleb128 0x3
 716 003a 0E       		.uleb128 0xe
 717 003b 0B       		.uleb128 0xb
 718 003c 0B       		.uleb128 0xb
 719 003d 3A       		.uleb128 0x3a
 720 003e 0B       		.uleb128 0xb
 721 003f 3B       		.uleb128 0x3b
 722 0040 05       		.uleb128 0x5
 723 0041 01       		.uleb128 0x1
 724 0042 13       		.uleb128 0x13
 725 0043 00       		.byte	0
 726 0044 00       		.byte	0
 727 0045 06       		.uleb128 0x6
 728 0046 0D       		.uleb128 0xd
 729 0047 00       		.byte	0
 730 0048 03       		.uleb128 0x3
 731 0049 0E       		.uleb128 0xe
 732 004a 3A       		.uleb128 0x3a
 733 004b 0B       		.uleb128 0xb
 734 004c 3B       		.uleb128 0x3b
 735 004d 05       		.uleb128 0x5
 736 004e 49       		.uleb128 0x49
 737 004f 13       		.uleb128 0x13
ARM GAS  /tmp/ccc8Rmwx.s 			page 14


 738 0050 38       		.uleb128 0x38
 739 0051 0B       		.uleb128 0xb
 740 0052 00       		.byte	0
 741 0053 00       		.byte	0
 742 0054 07       		.uleb128 0x7
 743 0055 0D       		.uleb128 0xd
 744 0056 00       		.byte	0
 745 0057 03       		.uleb128 0x3
 746 0058 08       		.uleb128 0x8
 747 0059 3A       		.uleb128 0x3a
 748 005a 0B       		.uleb128 0xb
 749 005b 3B       		.uleb128 0x3b
 750 005c 05       		.uleb128 0x5
 751 005d 49       		.uleb128 0x49
 752 005e 13       		.uleb128 0x13
 753 005f 38       		.uleb128 0x38
 754 0060 0B       		.uleb128 0xb
 755 0061 00       		.byte	0
 756 0062 00       		.byte	0
 757 0063 08       		.uleb128 0x8
 758 0064 35       		.uleb128 0x35
 759 0065 00       		.byte	0
 760 0066 49       		.uleb128 0x49
 761 0067 13       		.uleb128 0x13
 762 0068 00       		.byte	0
 763 0069 00       		.byte	0
 764 006a 09       		.uleb128 0x9
 765 006b 13       		.uleb128 0x13
 766 006c 01       		.byte	0x1
 767 006d 0B       		.uleb128 0xb
 768 006e 0B       		.uleb128 0xb
 769 006f 3A       		.uleb128 0x3a
 770 0070 0B       		.uleb128 0xb
 771 0071 3B       		.uleb128 0x3b
 772 0072 0B       		.uleb128 0xb
 773 0073 01       		.uleb128 0x1
 774 0074 13       		.uleb128 0x13
 775 0075 00       		.byte	0
 776 0076 00       		.byte	0
 777 0077 0A       		.uleb128 0xa
 778 0078 0D       		.uleb128 0xd
 779 0079 00       		.byte	0
 780 007a 03       		.uleb128 0x3
 781 007b 0E       		.uleb128 0xe
 782 007c 3A       		.uleb128 0x3a
 783 007d 0B       		.uleb128 0xb
 784 007e 3B       		.uleb128 0x3b
 785 007f 0B       		.uleb128 0xb
 786 0080 49       		.uleb128 0x49
 787 0081 13       		.uleb128 0x13
 788 0082 38       		.uleb128 0x38
 789 0083 0B       		.uleb128 0xb
 790 0084 00       		.byte	0
 791 0085 00       		.byte	0
 792 0086 0B       		.uleb128 0xb
 793 0087 16       		.uleb128 0x16
 794 0088 00       		.byte	0
ARM GAS  /tmp/ccc8Rmwx.s 			page 15


 795 0089 03       		.uleb128 0x3
 796 008a 0E       		.uleb128 0xe
 797 008b 3A       		.uleb128 0x3a
 798 008c 0B       		.uleb128 0xb
 799 008d 3B       		.uleb128 0x3b
 800 008e 05       		.uleb128 0x5
 801 008f 49       		.uleb128 0x49
 802 0090 13       		.uleb128 0x13
 803 0091 00       		.byte	0
 804 0092 00       		.byte	0
 805 0093 0C       		.uleb128 0xc
 806 0094 0F       		.uleb128 0xf
 807 0095 00       		.byte	0
 808 0096 0B       		.uleb128 0xb
 809 0097 0B       		.uleb128 0xb
 810 0098 00       		.byte	0
 811 0099 00       		.byte	0
 812 009a 0D       		.uleb128 0xd
 813 009b 13       		.uleb128 0x13
 814 009c 01       		.byte	0x1
 815 009d 03       		.uleb128 0x3
 816 009e 0E       		.uleb128 0xe
 817 009f 0B       		.uleb128 0xb
 818 00a0 0B       		.uleb128 0xb
 819 00a1 3A       		.uleb128 0x3a
 820 00a2 0B       		.uleb128 0xb
 821 00a3 3B       		.uleb128 0x3b
 822 00a4 0B       		.uleb128 0xb
 823 00a5 01       		.uleb128 0x1
 824 00a6 13       		.uleb128 0x13
 825 00a7 00       		.byte	0
 826 00a8 00       		.byte	0
 827 00a9 0E       		.uleb128 0xe
 828 00aa 0D       		.uleb128 0xd
 829 00ab 00       		.byte	0
 830 00ac 03       		.uleb128 0x3
 831 00ad 08       		.uleb128 0x8
 832 00ae 3A       		.uleb128 0x3a
 833 00af 0B       		.uleb128 0xb
 834 00b0 3B       		.uleb128 0x3b
 835 00b1 0B       		.uleb128 0xb
 836 00b2 49       		.uleb128 0x49
 837 00b3 13       		.uleb128 0x13
 838 00b4 38       		.uleb128 0x38
 839 00b5 0B       		.uleb128 0xb
 840 00b6 00       		.byte	0
 841 00b7 00       		.byte	0
 842 00b8 0F       		.uleb128 0xf
 843 00b9 0F       		.uleb128 0xf
 844 00ba 00       		.byte	0
 845 00bb 0B       		.uleb128 0xb
 846 00bc 0B       		.uleb128 0xb
 847 00bd 49       		.uleb128 0x49
 848 00be 13       		.uleb128 0x13
 849 00bf 00       		.byte	0
 850 00c0 00       		.byte	0
 851 00c1 10       		.uleb128 0x10
ARM GAS  /tmp/ccc8Rmwx.s 			page 16


 852 00c2 26       		.uleb128 0x26
 853 00c3 00       		.byte	0
 854 00c4 49       		.uleb128 0x49
 855 00c5 13       		.uleb128 0x13
 856 00c6 00       		.byte	0
 857 00c7 00       		.byte	0
 858 00c8 11       		.uleb128 0x11
 859 00c9 17       		.uleb128 0x17
 860 00ca 01       		.byte	0x1
 861 00cb 0B       		.uleb128 0xb
 862 00cc 0B       		.uleb128 0xb
 863 00cd 3A       		.uleb128 0x3a
 864 00ce 0B       		.uleb128 0xb
 865 00cf 3B       		.uleb128 0x3b
 866 00d0 05       		.uleb128 0x5
 867 00d1 01       		.uleb128 0x1
 868 00d2 13       		.uleb128 0x13
 869 00d3 00       		.byte	0
 870 00d4 00       		.byte	0
 871 00d5 12       		.uleb128 0x12
 872 00d6 0D       		.uleb128 0xd
 873 00d7 00       		.byte	0
 874 00d8 03       		.uleb128 0x3
 875 00d9 08       		.uleb128 0x8
 876 00da 3A       		.uleb128 0x3a
 877 00db 0B       		.uleb128 0xb
 878 00dc 3B       		.uleb128 0x3b
 879 00dd 05       		.uleb128 0x5
 880 00de 49       		.uleb128 0x49
 881 00df 13       		.uleb128 0x13
 882 00e0 00       		.byte	0
 883 00e1 00       		.byte	0
 884 00e2 13       		.uleb128 0x13
 885 00e3 0D       		.uleb128 0xd
 886 00e4 00       		.byte	0
 887 00e5 03       		.uleb128 0x3
 888 00e6 0E       		.uleb128 0xe
 889 00e7 3A       		.uleb128 0x3a
 890 00e8 0B       		.uleb128 0xb
 891 00e9 3B       		.uleb128 0x3b
 892 00ea 05       		.uleb128 0x5
 893 00eb 49       		.uleb128 0x49
 894 00ec 13       		.uleb128 0x13
 895 00ed 00       		.byte	0
 896 00ee 00       		.byte	0
 897 00ef 14       		.uleb128 0x14
 898 00f0 01       		.uleb128 0x1
 899 00f1 01       		.byte	0x1
 900 00f2 49       		.uleb128 0x49
 901 00f3 13       		.uleb128 0x13
 902 00f4 01       		.uleb128 0x1
 903 00f5 13       		.uleb128 0x13
 904 00f6 00       		.byte	0
 905 00f7 00       		.byte	0
 906 00f8 15       		.uleb128 0x15
 907 00f9 21       		.uleb128 0x21
 908 00fa 00       		.byte	0
ARM GAS  /tmp/ccc8Rmwx.s 			page 17


 909 00fb 49       		.uleb128 0x49
 910 00fc 13       		.uleb128 0x13
 911 00fd 2F       		.uleb128 0x2f
 912 00fe 0B       		.uleb128 0xb
 913 00ff 00       		.byte	0
 914 0100 00       		.byte	0
 915 0101 16       		.uleb128 0x16
 916 0102 2E       		.uleb128 0x2e
 917 0103 01       		.byte	0x1
 918 0104 3F       		.uleb128 0x3f
 919 0105 19       		.uleb128 0x19
 920 0106 03       		.uleb128 0x3
 921 0107 0E       		.uleb128 0xe
 922 0108 3A       		.uleb128 0x3a
 923 0109 0B       		.uleb128 0xb
 924 010a 3B       		.uleb128 0x3b
 925 010b 0B       		.uleb128 0xb
 926 010c 27       		.uleb128 0x27
 927 010d 19       		.uleb128 0x19
 928 010e 11       		.uleb128 0x11
 929 010f 01       		.uleb128 0x1
 930 0110 12       		.uleb128 0x12
 931 0111 06       		.uleb128 0x6
 932 0112 40       		.uleb128 0x40
 933 0113 18       		.uleb128 0x18
 934 0114 9742     		.uleb128 0x2117
 935 0116 19       		.uleb128 0x19
 936 0117 01       		.uleb128 0x1
 937 0118 13       		.uleb128 0x13
 938 0119 00       		.byte	0
 939 011a 00       		.byte	0
 940 011b 17       		.uleb128 0x17
 941 011c 898201   		.uleb128 0x4109
 942 011f 00       		.byte	0
 943 0120 11       		.uleb128 0x11
 944 0121 01       		.uleb128 0x1
 945 0122 31       		.uleb128 0x31
 946 0123 13       		.uleb128 0x13
 947 0124 00       		.byte	0
 948 0125 00       		.byte	0
 949 0126 18       		.uleb128 0x18
 950 0127 2E       		.uleb128 0x2e
 951 0128 00       		.byte	0
 952 0129 3F       		.uleb128 0x3f
 953 012a 19       		.uleb128 0x19
 954 012b 03       		.uleb128 0x3
 955 012c 0E       		.uleb128 0xe
 956 012d 3A       		.uleb128 0x3a
 957 012e 0B       		.uleb128 0xb
 958 012f 3B       		.uleb128 0x3b
 959 0130 0B       		.uleb128 0xb
 960 0131 27       		.uleb128 0x27
 961 0132 19       		.uleb128 0x19
 962 0133 11       		.uleb128 0x11
 963 0134 01       		.uleb128 0x1
 964 0135 12       		.uleb128 0x12
 965 0136 06       		.uleb128 0x6
ARM GAS  /tmp/ccc8Rmwx.s 			page 18


 966 0137 40       		.uleb128 0x40
 967 0138 18       		.uleb128 0x18
 968 0139 9742     		.uleb128 0x2117
 969 013b 19       		.uleb128 0x19
 970 013c 00       		.byte	0
 971 013d 00       		.byte	0
 972 013e 19       		.uleb128 0x19
 973 013f 34       		.uleb128 0x34
 974 0140 00       		.byte	0
 975 0141 03       		.uleb128 0x3
 976 0142 08       		.uleb128 0x8
 977 0143 3A       		.uleb128 0x3a
 978 0144 0B       		.uleb128 0xb
 979 0145 3B       		.uleb128 0x3b
 980 0146 05       		.uleb128 0x5
 981 0147 49       		.uleb128 0x49
 982 0148 13       		.uleb128 0x13
 983 0149 3F       		.uleb128 0x3f
 984 014a 19       		.uleb128 0x19
 985 014b 3C       		.uleb128 0x3c
 986 014c 19       		.uleb128 0x19
 987 014d 00       		.byte	0
 988 014e 00       		.byte	0
 989 014f 1A       		.uleb128 0x1a
 990 0150 34       		.uleb128 0x34
 991 0151 00       		.byte	0
 992 0152 03       		.uleb128 0x3
 993 0153 0E       		.uleb128 0xe
 994 0154 3A       		.uleb128 0x3a
 995 0155 0B       		.uleb128 0xb
 996 0156 3B       		.uleb128 0x3b
 997 0157 0B       		.uleb128 0xb
 998 0158 49       		.uleb128 0x49
 999 0159 13       		.uleb128 0x13
 1000 015a 3F       		.uleb128 0x3f
 1001 015b 19       		.uleb128 0x19
 1002 015c 02       		.uleb128 0x2
 1003 015d 18       		.uleb128 0x18
 1004 015e 00       		.byte	0
 1005 015f 00       		.byte	0
 1006 0160 1B       		.uleb128 0x1b
 1007 0161 2E       		.uleb128 0x2e
 1008 0162 00       		.byte	0
 1009 0163 3F       		.uleb128 0x3f
 1010 0164 19       		.uleb128 0x19
 1011 0165 03       		.uleb128 0x3
 1012 0166 0E       		.uleb128 0xe
 1013 0167 3A       		.uleb128 0x3a
 1014 0168 0B       		.uleb128 0xb
 1015 0169 3B       		.uleb128 0x3b
 1016 016a 05       		.uleb128 0x5
 1017 016b 27       		.uleb128 0x27
 1018 016c 19       		.uleb128 0x19
 1019 016d 3C       		.uleb128 0x3c
 1020 016e 19       		.uleb128 0x19
 1021 016f 00       		.byte	0
 1022 0170 00       		.byte	0
ARM GAS  /tmp/ccc8Rmwx.s 			page 19


 1023 0171 00       		.byte	0
 1024              		.section	.debug_aranges,"",%progbits
 1025 0000 24000000 		.4byte	0x24
 1026 0004 0200     		.2byte	0x2
 1027 0006 00000000 		.4byte	.Ldebug_info0
 1028 000a 04       		.byte	0x4
 1029 000b 00       		.byte	0
 1030 000c 0000     		.2byte	0
 1031 000e 0000     		.2byte	0
 1032 0010 00000000 		.4byte	.LFB81
 1033 0014 08000000 		.4byte	.LFE81-.LFB81
 1034 0018 00000000 		.4byte	.LFB82
 1035 001c 02000000 		.4byte	.LFE82-.LFB82
 1036 0020 00000000 		.4byte	0
 1037 0024 00000000 		.4byte	0
 1038              		.section	.debug_ranges,"",%progbits
 1039              	.Ldebug_ranges0:
 1040 0000 00000000 		.4byte	.LFB81
 1041 0004 08000000 		.4byte	.LFE81
 1042 0008 00000000 		.4byte	.LFB82
 1043 000c 02000000 		.4byte	.LFE82
 1044 0010 00000000 		.4byte	0
 1045 0014 00000000 		.4byte	0
 1046              		.section	.debug_line,"",%progbits
 1047              	.Ldebug_line0:
 1048 0000 66010000 		.section	.debug_str,"MS",%progbits,1
 1048      02003D01 
 1048      00000201 
 1048      FB0E0D00 
 1048      01010101 
 1049              	.LASF11:
 1050 0000 74687265 		.ascii	"thread_t\000"
 1050      61645F74 
 1050      00
 1051              	.LASF28:
 1052 0009 50444452 		.ascii	"PDDR\000"
 1052      00
 1053              	.LASF15:
 1054 000e 65706D61 		.ascii	"epmask\000"
 1054      736B00
 1055              	.LASF25:
 1056 0015 50434F52 		.ascii	"PCOR\000"
 1056      00
 1057              	.LASF56:
 1058 001a 70616C5F 		.ascii	"pal_default_config\000"
 1058      64656661 
 1058      756C745F 
 1058      636F6E66 
 1058      696700
 1059              	.LASF13:
 1060 002d 73746174 		.ascii	"state\000"
 1060      6500
 1061              	.LASF9:
 1062 0033 75696E74 		.ascii	"uint64_t\000"
 1062      36345F74 
 1062      00
 1063              	.LASF26:
ARM GAS  /tmp/ccc8Rmwx.s 			page 20


 1064 003c 50544F52 		.ascii	"PTOR\000"
 1064      00
 1065              	.LASF22:
 1066 0041 73697A65 		.ascii	"sizetype\000"
 1066      74797065 
 1066      00
 1067              	.LASF41:
 1068 004a 6E696C5F 		.ascii	"nil_system_t\000"
 1068      73797374 
 1068      656D5F74 
 1068      00
 1069              	.LASF58:
 1070 0057 2E2E2F6F 		.ascii	"../os/hal/boards/CHIBITRONICS_ESPLANADE/board.c\000"
 1070      732F6861 
 1070      6C2F626F 
 1070      61726473 
 1070      2F434849 
 1071              	.LASF3:
 1072 0087 6C6F6E67 		.ascii	"long long int\000"
 1072      206C6F6E 
 1072      6720696E 
 1072      7400
 1073              	.LASF19:
 1074 0095 6576656E 		.ascii	"eventmask_t\000"
 1074      746D6173 
 1074      6B5F7400 
 1075              	.LASF32:
 1076 00a1 6E696C5F 		.ascii	"nil_thread\000"
 1076      74687265 
 1076      616400
 1077              	.LASF43:
 1078 00ac 63757272 		.ascii	"current\000"
 1078      656E7400 
 1079              	.LASF2:
 1080 00b4 73686F72 		.ascii	"short int\000"
 1080      7420696E 
 1080      7400
 1081              	.LASF57:
 1082 00be 474E5520 		.ascii	"GNU C 4.9.2 -mcpu=cortex-m0 -mfloat-abi=soft -mfp16"
 1082      4320342E 
 1082      392E3220 
 1082      2D6D6370 
 1082      753D636F 
 1083 00f1 2D666F72 		.ascii	"-format=none -mno-thumb-interwork -mthumb -mfloat-a"
 1083      6D61743D 
 1083      6E6F6E65 
 1083      202D6D6E 
 1083      6F2D7468 
 1084 0124 62693D73 		.ascii	"bi=soft -mfpu=vfpv3-d16 -mtls-dialect=gnu -ggdb -O3"
 1084      6F667420 
 1084      2D6D6670 
 1084      753D7666 
 1084      7076332D 
 1085 0157 202D7374 		.ascii	" -std=gnu99 -fomit-frame-pointer -falign-functions="
 1085      643D676E 
 1085      75393920 
 1085      2D666F6D 
ARM GAS  /tmp/ccc8Rmwx.s 			page 21


 1085      69742D66 
 1086 018a 3136202D 		.ascii	"16 -ffunction-sections -fdata-sections -fno-common\000"
 1086      6666756E 
 1086      6374696F 
 1086      6E2D7365 
 1086      6374696F 
 1087              	.LASF49:
 1088 01bd 696F6D6F 		.ascii	"iomode_t\000"
 1088      64655F74 
 1088      00
 1089              	.LASF30:
 1090 01c6 72656761 		.ascii	"regarm_t\000"
 1090      726D5F74 
 1090      00
 1091              	.LASF5:
 1092 01cf 75696E74 		.ascii	"uint8_t\000"
 1092      385F7400 
 1093              	.LASF42:
 1094 01d7 6E696C5F 		.ascii	"nil_system\000"
 1094      73797374 
 1094      656D00
 1095              	.LASF35:
 1096 01e2 73656D61 		.ascii	"semaphore_t\000"
 1096      70686F72 
 1096      655F7400 
 1097              	.LASF45:
 1098 01ee 73797374 		.ascii	"systime\000"
 1098      696D6500 
 1099              	.LASF46:
 1100 01f6 74687265 		.ascii	"threads\000"
 1100      61647300 
 1101              	.LASF36:
 1102 01fe 6E696C5F 		.ascii	"nil_semaphore\000"
 1102      73656D61 
 1102      70686F72 
 1102      6500
 1103              	.LASF27:
 1104 020c 50444952 		.ascii	"PDIR\000"
 1104      00
 1105              	.LASF12:
 1106 0211 63747870 		.ascii	"ctxp\000"
 1106      00
 1107              	.LASF61:
 1108 0216 626F6172 		.ascii	"boardInit\000"
 1108      64496E69 
 1108      7400
 1109              	.LASF50:
 1110 0220 696F706F 		.ascii	"ioportid_t\000"
 1110      72746964 
 1110      5F7400
 1111              	.LASF6:
 1112 022b 756E7369 		.ascii	"unsigned char\000"
 1112      676E6564 
 1112      20636861 
 1112      7200
 1113              	.LASF40:
 1114 0239 65776D61 		.ascii	"ewmask\000"
ARM GAS  /tmp/ccc8Rmwx.s 			page 22


 1114      736B00
 1115              	.LASF1:
 1116 0240 7369676E 		.ascii	"signed char\000"
 1116      65642063 
 1116      68617200 
 1117              	.LASF10:
 1118 024c 6C6F6E67 		.ascii	"long long unsigned int\000"
 1118      206C6F6E 
 1118      6720756E 
 1118      7369676E 
 1118      65642069 
 1119              	.LASF8:
 1120 0263 75696E74 		.ascii	"uint32_t\000"
 1120      33325F74 
 1120      00
 1121              	.LASF0:
 1122 026c 756E7369 		.ascii	"unsigned int\000"
 1122      676E6564 
 1122      20696E74 
 1122      00
 1123              	.LASF53:
 1124 0279 506F7274 		.ascii	"PortConfig\000"
 1124      436F6E66 
 1124      696700
 1125              	.LASF24:
 1126 0284 50534F52 		.ascii	"PSOR\000"
 1126      00
 1127              	.LASF7:
 1128 0289 73686F72 		.ascii	"short unsigned int\000"
 1128      7420756E 
 1128      7369676E 
 1128      65642069 
 1128      6E7400
 1129              	.LASF52:
 1130 029c 70616473 		.ascii	"pads\000"
 1130      00
 1131              	.LASF21:
 1132 02a1 73797374 		.ascii	"systime_t\000"
 1132      696D655F 
 1132      7400
 1133              	.LASF37:
 1134 02ab 63686172 		.ascii	"char\000"
 1134      00
 1135              	.LASF60:
 1136 02b0 5F5F6561 		.ascii	"__early_init\000"
 1136      726C795F 
 1136      696E6974 
 1136      00
 1137              	.LASF4:
 1138 02bd 696E7433 		.ascii	"int32_t\000"
 1138      325F7400 
 1139              	.LASF20:
 1140 02c5 636E745F 		.ascii	"cnt_t\000"
 1140      7400
 1141              	.LASF55:
 1142 02cb 50414C43 		.ascii	"PALConfig\000"
 1142      6F6E6669 
ARM GAS  /tmp/ccc8Rmwx.s 			page 23


 1142      6700
 1143              	.LASF62:
 1144 02d5 6B6C3278 		.ascii	"kl2x_clock_init\000"
 1144      5F636C6F 
 1144      636B5F69 
 1144      6E697400 
 1145              	.LASF48:
 1146 02e5 5F426F6F 		.ascii	"_Bool\000"
 1146      6C00
 1147              	.LASF31:
 1148 02eb 73746B61 		.ascii	"stkalign_t\000"
 1148      6C69676E 
 1148      5F7400
 1149              	.LASF51:
 1150 02f6 706F7274 		.ascii	"port\000"
 1150      00
 1151              	.LASF33:
 1152 02fb 706F7274 		.ascii	"port_intctx\000"
 1152      5F696E74 
 1152      63747800 
 1153              	.LASF39:
 1154 0307 73656D70 		.ascii	"semp\000"
 1154      00
 1155              	.LASF54:
 1156 030c 706F7274 		.ascii	"ports\000"
 1156      7300
 1157              	.LASF38:
 1158 0312 74687265 		.ascii	"thread_reference_t\000"
 1158      61645F72 
 1158      65666572 
 1158      656E6365 
 1158      5F7400
 1159              	.LASF17:
 1160 0325 74737461 		.ascii	"tstate_t\000"
 1160      74655F74 
 1160      00
 1161              	.LASF59:
 1162 032e 2F686F6D 		.ascii	"/home/bunnie/code/chibi-chibios/orchard\000"
 1162      652F6275 
 1162      6E6E6965 
 1162      2F636F64 
 1162      652F6368 
 1163              	.LASF34:
 1164 0356 696E7463 		.ascii	"intctx_t\000"
 1164      74785F74 
 1164      00
 1165              	.LASF47:
 1166 035f 6462675F 		.ascii	"dbg_panic_msg\000"
 1166      70616E69 
 1166      635F6D73 
 1166      6700
 1167              	.LASF16:
 1168 036d 73746B6C 		.ascii	"stklim\000"
 1168      696D00
 1169              	.LASF23:
 1170 0374 50444F52 		.ascii	"PDOR\000"
 1170      00
ARM GAS  /tmp/ccc8Rmwx.s 			page 24


 1171              	.LASF29:
 1172 0379 4750494F 		.ascii	"GPIO_TypeDef\000"
 1172      5F547970 
 1172      65446566 
 1172      00
 1173              	.LASF18:
 1174 0386 6D73675F 		.ascii	"msg_t\000"
 1174      7400
 1175              	.LASF14:
 1176 038c 74696D65 		.ascii	"timeout\000"
 1176      6F757400 
 1177              	.LASF44:
 1178 0394 6E657874 		.ascii	"next\000"
 1178      00
 1179              		.ident	"GCC: (Debian 4.9.2-10) 4.9.2"
 1180              		.section	.note.GNU-stack,"",%progbits
ARM GAS  /tmp/ccc8Rmwx.s 			page 25


DEFINED SYMBOLS
                            *ABS*:00000000 board.c
     /tmp/ccc8Rmwx.s:18     .text.__early_init:00000000 $t
     /tmp/ccc8Rmwx.s:24     .text.__early_init:00000000 __early_init
     /tmp/ccc8Rmwx.s:43     .text.boardInit:00000000 $t
     /tmp/ccc8Rmwx.s:49     .text.boardInit:00000000 boardInit
     /tmp/ccc8Rmwx.s:64     .rodata.pal_default_config:00000000 pal_default_config
     /tmp/ccc8Rmwx.s:61     .rodata.pal_default_config:00000000 $d
                     .debug_frame:00000010 $d

UNDEFINED SYMBOLS
kl2x_clock_init
