ARM GAS  /tmp/ccM9bgjp.s 			page 1


   1              		.cpu cortex-m0
   2              		.fpu softvfp
   3              		.eabi_attribute 20, 1
   4              		.eabi_attribute 21, 1
   5              		.eabi_attribute 23, 3
   6              		.eabi_attribute 24, 1
   7              		.eabi_attribute 25, 1
   8              		.eabi_attribute 26, 2
   9              		.eabi_attribute 30, 2
  10              		.eabi_attribute 34, 0
  11              		.eabi_attribute 18, 4
  12              		.code	16
  13              		.file	"FlashReadOnce.c"
  14              		.text
  15              	.Ltext0:
  16              		.cfi_sections	.debug_frame
  17              		.section	.text.FlashReadOnce,"ax",%progbits
  18              		.align	2
  19              		.p2align 4,,-1
  20              		.global	FlashReadOnce
  21              		.code	16
  22              		.thumb_func
  23              		.type	FlashReadOnce, %function
  24              	FlashReadOnce:
  25              	.LFB10:
  26              		.file 1 "../ext/C90TFS/source/FlashReadOnce.c"
  27              		.loc 1 67 0
  28              		.cfi_startproc
  29              	.LVL0:
  30 0000 70B5     		push	{r4, r5, r6, lr}
  31              		.cfi_def_cfa_offset 16
  32              		.cfi_offset 4, -16
  33              		.cfi_offset 5, -12
  34              		.cfi_offset 6, -8
  35              		.cfi_offset 14, -4
  36              		.loc 1 73 0
  37 0002 3125     		mov	r5, #49
  38              		.loc 1 67 0
  39 0004 041C     		mov	r4, r0
  40              	.LVL1:
  41              		.loc 1 77 0
  42 0006 4126     		mov	r6, #65
  43              		.loc 1 73 0
  44 0008 0068     		ldr	r0, [r0]
  45              	.LVL2:
  46 000a 0570     		strb	r5, [r0]
  47              	.LVL3:
  48              		.loc 1 76 0
  49 000c 2568     		ldr	r5, [r4]
  50              		.loc 1 83 0
  51 000e 201C     		mov	r0, r4
  52              		.loc 1 77 0
  53 0010 EE71     		strb	r6, [r5, #7]
  54              	.LVL4:
  55              		.loc 1 79 0
  56 0012 2668     		ldr	r6, [r4]
  57              		.loc 1 67 0
ARM GAS  /tmp/ccM9bgjp.s 			page 2


  58 0014 151C     		mov	r5, r2
  59              		.loc 1 80 0
  60 0016 B171     		strb	r1, [r6, #6]
  61              	.LVL5:
  62              		.loc 1 83 0
  63 0018 9847     		blx	r3
  64              	.LVL6:
  65              		.loc 1 85 0
  66 001a 0028     		cmp	r0, #0
  67 001c 0BD1     		bne	.L4
  68              	.LVL7:
  69 001e 2368     		ldr	r3, [r4]
  70              		.loc 1 91 0
  71 0020 1B7A     		ldrb	r3, [r3, #8]
  72 0022 2B70     		strb	r3, [r5]
  73              	.LVL8:
  74              		.loc 1 90 0
  75 0024 2368     		ldr	r3, [r4]
  76              	.LVL9:
  77              		.loc 1 91 0
  78 0026 5B7A     		ldrb	r3, [r3, #9]
  79              	.LVL10:
  80 0028 6B70     		strb	r3, [r5, #1]
  81              	.LVL11:
  82              		.loc 1 90 0
  83 002a 2368     		ldr	r3, [r4]
  84              	.LVL12:
  85              		.loc 1 91 0
  86 002c 9B7A     		ldrb	r3, [r3, #10]
  87              	.LVL13:
  88 002e AB70     		strb	r3, [r5, #2]
  89              	.LVL14:
  90              		.loc 1 90 0
  91 0030 2368     		ldr	r3, [r4]
  92              	.LVL15:
  93              		.loc 1 91 0
  94 0032 DB7A     		ldrb	r3, [r3, #11]
  95              	.LVL16:
  96 0034 EB70     		strb	r3, [r5, #3]
  97              	.LVL17:
  98              	.L4:
  99              		.loc 1 103 0
 100              		@ sp needed
 101              	.LVL18:
 102              	.LVL19:
 103 0036 70BD     		pop	{r4, r5, r6, pc}
 104              		.cfi_endproc
 105              	.LFE10:
 106              		.size	FlashReadOnce, .-FlashReadOnce
 107 0038 C046C046 		.text
 107      C046C046 
 108              	.Letext0:
 109              		.file 2 "/usr/include/stdint.h"
 110              		.file 3 "../ext/C90TFS/include/SSD_Types.h"
 111              		.section	.debug_info,"",%progbits
 112              	.Ldebug_info0:
 113 0000 F0010000 		.4byte	0x1f0
ARM GAS  /tmp/ccM9bgjp.s 			page 3


 114 0004 0400     		.2byte	0x4
 115 0006 00000000 		.4byte	.Ldebug_abbrev0
 116 000a 04       		.byte	0x4
 117 000b 01       		.uleb128 0x1
 118 000c 91010000 		.4byte	.LASF32
 119 0010 01       		.byte	0x1
 120 0011 EE000000 		.4byte	.LASF33
 121 0015 5C000000 		.4byte	.LASF34
 122 0019 00000000 		.4byte	.Ldebug_ranges0+0
 123 001d 00000000 		.4byte	0
 124 0021 00000000 		.4byte	.Ldebug_line0
 125 0025 02       		.uleb128 0x2
 126 0026 01       		.byte	0x1
 127 0027 06       		.byte	0x6
 128 0028 C8020000 		.4byte	.LASF0
 129 002c 02       		.uleb128 0x2
 130 002d 02       		.byte	0x2
 131 002e 05       		.byte	0x5
 132 002f AC020000 		.4byte	.LASF1
 133 0033 03       		.uleb128 0x3
 134 0034 04       		.byte	0x4
 135 0035 05       		.byte	0x5
 136 0036 696E7400 		.ascii	"int\000"
 137 003a 02       		.uleb128 0x2
 138 003b 08       		.byte	0x8
 139 003c 05       		.byte	0x5
 140 003d 99020000 		.4byte	.LASF2
 141 0041 04       		.uleb128 0x4
 142 0042 6B010000 		.4byte	.LASF5
 143 0046 02       		.byte	0x2
 144 0047 30       		.byte	0x30
 145 0048 4C000000 		.4byte	0x4c
 146 004c 02       		.uleb128 0x2
 147 004d 01       		.byte	0x1
 148 004e 08       		.byte	0x8
 149 004f A5000000 		.4byte	.LASF3
 150 0053 02       		.uleb128 0x2
 151 0054 02       		.byte	0x2
 152 0055 07       		.byte	0x7
 153 0056 DB000000 		.4byte	.LASF4
 154 005a 04       		.uleb128 0x4
 155 005b B6020000 		.4byte	.LASF6
 156 005f 02       		.byte	0x2
 157 0060 33       		.byte	0x33
 158 0061 65000000 		.4byte	0x65
 159 0065 02       		.uleb128 0x2
 160 0066 04       		.byte	0x4
 161 0067 07       		.byte	0x7
 162 0068 29010000 		.4byte	.LASF7
 163 006c 02       		.uleb128 0x2
 164 006d 08       		.byte	0x8
 165 006e 07       		.byte	0x7
 166 006f 54010000 		.4byte	.LASF8
 167 0073 04       		.uleb128 0x4
 168 0074 73010000 		.4byte	.LASF9
 169 0078 03       		.byte	0x3
 170 0079 3F       		.byte	0x3f
ARM GAS  /tmp/ccM9bgjp.s 			page 4


 171 007a 7E000000 		.4byte	0x7e
 172 007e 05       		.uleb128 0x5
 173 007f 4C000000 		.4byte	0x4c
 174 0083 04       		.uleb128 0x4
 175 0084 00000000 		.4byte	.LASF10
 176 0088 03       		.byte	0x3
 177 0089 59       		.byte	0x59
 178 008a 8E000000 		.4byte	0x8e
 179 008e 06       		.uleb128 0x6
 180 008f 04       		.byte	0x4
 181 0090 94000000 		.4byte	0x94
 182 0094 07       		.uleb128 0x7
 183 0095 02       		.uleb128 0x2
 184 0096 01       		.byte	0x1
 185 0097 02       		.byte	0x2
 186 0098 D4020000 		.4byte	.LASF11
 187 009c 08       		.uleb128 0x8
 188 009d 99000000 		.4byte	.LASF35
 189 00a1 24       		.byte	0x24
 190 00a2 03       		.byte	0x3
 191 00a3 6A       		.byte	0x6a
 192 00a4 15010000 		.4byte	0x115
 193 00a8 09       		.uleb128 0x9
 194 00a9 DA020000 		.4byte	.LASF12
 195 00ad 03       		.byte	0x3
 196 00ae 6C       		.byte	0x6c
 197 00af 5A000000 		.4byte	0x5a
 198 00b3 00       		.byte	0
 199 00b4 09       		.uleb128 0x9
 200 00b5 13010000 		.4byte	.LASF13
 201 00b9 03       		.byte	0x3
 202 00ba 6D       		.byte	0x6d
 203 00bb 5A000000 		.4byte	0x5a
 204 00bf 04       		.byte	0x4
 205 00c0 09       		.uleb128 0x9
 206 00c1 49010000 		.4byte	.LASF14
 207 00c5 03       		.byte	0x3
 208 00c6 6E       		.byte	0x6e
 209 00c7 5A000000 		.4byte	0x5a
 210 00cb 08       		.byte	0x8
 211 00cc 09       		.uleb128 0x9
 212 00cd 3B000000 		.4byte	.LASF15
 213 00d1 03       		.byte	0x3
 214 00d2 6F       		.byte	0x6f
 215 00d3 5A000000 		.4byte	0x5a
 216 00d7 0C       		.byte	0xc
 217 00d8 09       		.uleb128 0x9
 218 00d9 8E000000 		.4byte	.LASF16
 219 00dd 03       		.byte	0x3
 220 00de 70       		.byte	0x70
 221 00df 5A000000 		.4byte	0x5a
 222 00e3 10       		.byte	0x10
 223 00e4 09       		.uleb128 0x9
 224 00e5 84000000 		.4byte	.LASF17
 225 00e9 03       		.byte	0x3
 226 00ea 73       		.byte	0x73
 227 00eb 5A000000 		.4byte	0x5a
ARM GAS  /tmp/ccM9bgjp.s 			page 5


 228 00ef 14       		.byte	0x14
 229 00f0 09       		.uleb128 0x9
 230 00f1 27000000 		.4byte	.LASF18
 231 00f5 03       		.byte	0x3
 232 00f6 75       		.byte	0x75
 233 00f7 5A000000 		.4byte	0x5a
 234 00fb 18       		.byte	0x18
 235 00fc 09       		.uleb128 0x9
 236 00fd 2F000000 		.4byte	.LASF19
 237 0101 03       		.byte	0x3
 238 0102 78       		.byte	0x78
 239 0103 95000000 		.4byte	0x95
 240 0107 1C       		.byte	0x1c
 241 0108 09       		.uleb128 0x9
 242 0109 7C010000 		.4byte	.LASF20
 243 010d 03       		.byte	0x3
 244 010e 79       		.byte	0x79
 245 010f 83000000 		.4byte	0x83
 246 0113 20       		.byte	0x20
 247 0114 00       		.byte	0
 248 0115 04       		.uleb128 0x4
 249 0116 15000000 		.4byte	.LASF21
 250 011a 03       		.byte	0x3
 251 011b 7A       		.byte	0x7a
 252 011c 20010000 		.4byte	0x120
 253 0120 06       		.uleb128 0x6
 254 0121 04       		.byte	0x4
 255 0122 9C000000 		.4byte	0x9c
 256 0126 04       		.uleb128 0x4
 257 0127 C5000000 		.4byte	.LASF22
 258 012b 03       		.byte	0x3
 259 012c 7E       		.byte	0x7e
 260 012d 31010000 		.4byte	0x131
 261 0131 06       		.uleb128 0x6
 262 0132 04       		.byte	0x4
 263 0133 37010000 		.4byte	0x137
 264 0137 0A       		.uleb128 0xa
 265 0138 5A000000 		.4byte	0x5a
 266 013c 46010000 		.4byte	0x146
 267 0140 0B       		.uleb128 0xb
 268 0141 15010000 		.4byte	0x115
 269 0145 00       		.byte	0
 270 0146 06       		.uleb128 0x6
 271 0147 04       		.byte	0x4
 272 0148 41000000 		.4byte	0x41
 273 014c 02       		.uleb128 0x2
 274 014d 04       		.byte	0x4
 275 014e 07       		.byte	0x7
 276 014f B3000000 		.4byte	.LASF23
 277 0153 02       		.uleb128 0x2
 278 0154 04       		.byte	0x4
 279 0155 05       		.byte	0x5
 280 0156 BF020000 		.4byte	.LASF24
 281 015a 02       		.uleb128 0x2
 282 015b 04       		.byte	0x4
 283 015c 07       		.byte	0x7
 284 015d 90020000 		.4byte	.LASF25
ARM GAS  /tmp/ccM9bgjp.s 			page 6


 285 0161 02       		.uleb128 0x2
 286 0162 01       		.byte	0x1
 287 0163 08       		.byte	0x8
 288 0164 A7020000 		.4byte	.LASF26
 289 0168 0C       		.uleb128 0xc
 290 0169 36010000 		.4byte	.LASF36
 291 016d 01       		.byte	0x1
 292 016e 3F       		.byte	0x3f
 293 016f 5A000000 		.4byte	0x5a
 294 0173 00000000 		.4byte	.LFB10
 295 0177 38000000 		.4byte	.LFE10-.LFB10
 296 017b 01       		.uleb128 0x1
 297 017c 9C       		.byte	0x9c
 298 017d 0D       		.uleb128 0xd
 299 017e 0A000000 		.4byte	.LASF27
 300 0182 01       		.byte	0x1
 301 0183 3F       		.byte	0x3f
 302 0184 15010000 		.4byte	0x115
 303 0188 00000000 		.4byte	.LLST0
 304 018c 0D       		.uleb128 0xd
 305 018d 85010000 		.4byte	.LASF28
 306 0191 01       		.byte	0x1
 307 0192 40       		.byte	0x40
 308 0193 41000000 		.4byte	0x41
 309 0197 2C000000 		.4byte	.LLST1
 310 019b 0D       		.uleb128 0xd
 311 019c 1E010000 		.4byte	.LASF29
 312 01a0 01       		.byte	0x1
 313 01a1 41       		.byte	0x41
 314 01a2 46010000 		.4byte	0x146
 315 01a6 4D000000 		.4byte	.LLST2
 316 01aa 0D       		.uleb128 0xd
 317 01ab 46000000 		.4byte	.LASF30
 318 01af 01       		.byte	0x1
 319 01b0 42       		.byte	0x42
 320 01b1 26010000 		.4byte	0x126
 321 01b5 79000000 		.4byte	.LLST3
 322 01b9 0E       		.uleb128 0xe
 323 01ba 6900     		.ascii	"i\000"
 324 01bc 01       		.byte	0x1
 325 01bd 44       		.byte	0x44
 326 01be 41000000 		.4byte	0x41
 327 01c2 9A000000 		.4byte	.LLST4
 328 01c6 0F       		.uleb128 0xf
 329 01c7 72657400 		.ascii	"ret\000"
 330 01cb 01       		.byte	0x1
 331 01cc 45       		.byte	0x45
 332 01cd 5A000000 		.4byte	0x5a
 333 01d1 01       		.uleb128 0x1
 334 01d2 50       		.byte	0x50
 335 01d3 10       		.uleb128 0x10
 336 01d4 44010000 		.4byte	.LASF31
 337 01d8 01       		.byte	0x1
 338 01d9 46       		.byte	0x46
 339 01da 5A000000 		.4byte	0x5a
 340 01de D2000000 		.4byte	.LLST5
 341 01e2 11       		.uleb128 0x11
ARM GAS  /tmp/ccM9bgjp.s 			page 7


 342 01e3 1A000000 		.4byte	.LVL6
 343 01e7 03       		.uleb128 0x3
 344 01e8 F3       		.byte	0xf3
 345 01e9 01       		.uleb128 0x1
 346 01ea 53       		.byte	0x53
 347 01eb 12       		.uleb128 0x12
 348 01ec 01       		.uleb128 0x1
 349 01ed 50       		.byte	0x50
 350 01ee 02       		.uleb128 0x2
 351 01ef 74       		.byte	0x74
 352 01f0 00       		.sleb128 0
 353 01f1 00       		.byte	0
 354 01f2 00       		.byte	0
 355 01f3 00       		.byte	0
 356              		.section	.debug_abbrev,"",%progbits
 357              	.Ldebug_abbrev0:
 358 0000 01       		.uleb128 0x1
 359 0001 11       		.uleb128 0x11
 360 0002 01       		.byte	0x1
 361 0003 25       		.uleb128 0x25
 362 0004 0E       		.uleb128 0xe
 363 0005 13       		.uleb128 0x13
 364 0006 0B       		.uleb128 0xb
 365 0007 03       		.uleb128 0x3
 366 0008 0E       		.uleb128 0xe
 367 0009 1B       		.uleb128 0x1b
 368 000a 0E       		.uleb128 0xe
 369 000b 55       		.uleb128 0x55
 370 000c 17       		.uleb128 0x17
 371 000d 11       		.uleb128 0x11
 372 000e 01       		.uleb128 0x1
 373 000f 10       		.uleb128 0x10
 374 0010 17       		.uleb128 0x17
 375 0011 00       		.byte	0
 376 0012 00       		.byte	0
 377 0013 02       		.uleb128 0x2
 378 0014 24       		.uleb128 0x24
 379 0015 00       		.byte	0
 380 0016 0B       		.uleb128 0xb
 381 0017 0B       		.uleb128 0xb
 382 0018 3E       		.uleb128 0x3e
 383 0019 0B       		.uleb128 0xb
 384 001a 03       		.uleb128 0x3
 385 001b 0E       		.uleb128 0xe
 386 001c 00       		.byte	0
 387 001d 00       		.byte	0
 388 001e 03       		.uleb128 0x3
 389 001f 24       		.uleb128 0x24
 390 0020 00       		.byte	0
 391 0021 0B       		.uleb128 0xb
 392 0022 0B       		.uleb128 0xb
 393 0023 3E       		.uleb128 0x3e
 394 0024 0B       		.uleb128 0xb
 395 0025 03       		.uleb128 0x3
 396 0026 08       		.uleb128 0x8
 397 0027 00       		.byte	0
 398 0028 00       		.byte	0
ARM GAS  /tmp/ccM9bgjp.s 			page 8


 399 0029 04       		.uleb128 0x4
 400 002a 16       		.uleb128 0x16
 401 002b 00       		.byte	0
 402 002c 03       		.uleb128 0x3
 403 002d 0E       		.uleb128 0xe
 404 002e 3A       		.uleb128 0x3a
 405 002f 0B       		.uleb128 0xb
 406 0030 3B       		.uleb128 0x3b
 407 0031 0B       		.uleb128 0xb
 408 0032 49       		.uleb128 0x49
 409 0033 13       		.uleb128 0x13
 410 0034 00       		.byte	0
 411 0035 00       		.byte	0
 412 0036 05       		.uleb128 0x5
 413 0037 35       		.uleb128 0x35
 414 0038 00       		.byte	0
 415 0039 49       		.uleb128 0x49
 416 003a 13       		.uleb128 0x13
 417 003b 00       		.byte	0
 418 003c 00       		.byte	0
 419 003d 06       		.uleb128 0x6
 420 003e 0F       		.uleb128 0xf
 421 003f 00       		.byte	0
 422 0040 0B       		.uleb128 0xb
 423 0041 0B       		.uleb128 0xb
 424 0042 49       		.uleb128 0x49
 425 0043 13       		.uleb128 0x13
 426 0044 00       		.byte	0
 427 0045 00       		.byte	0
 428 0046 07       		.uleb128 0x7
 429 0047 15       		.uleb128 0x15
 430 0048 00       		.byte	0
 431 0049 27       		.uleb128 0x27
 432 004a 19       		.uleb128 0x19
 433 004b 00       		.byte	0
 434 004c 00       		.byte	0
 435 004d 08       		.uleb128 0x8
 436 004e 13       		.uleb128 0x13
 437 004f 01       		.byte	0x1
 438 0050 03       		.uleb128 0x3
 439 0051 0E       		.uleb128 0xe
 440 0052 0B       		.uleb128 0xb
 441 0053 0B       		.uleb128 0xb
 442 0054 3A       		.uleb128 0x3a
 443 0055 0B       		.uleb128 0xb
 444 0056 3B       		.uleb128 0x3b
 445 0057 0B       		.uleb128 0xb
 446 0058 01       		.uleb128 0x1
 447 0059 13       		.uleb128 0x13
 448 005a 00       		.byte	0
 449 005b 00       		.byte	0
 450 005c 09       		.uleb128 0x9
 451 005d 0D       		.uleb128 0xd
 452 005e 00       		.byte	0
 453 005f 03       		.uleb128 0x3
 454 0060 0E       		.uleb128 0xe
 455 0061 3A       		.uleb128 0x3a
ARM GAS  /tmp/ccM9bgjp.s 			page 9


 456 0062 0B       		.uleb128 0xb
 457 0063 3B       		.uleb128 0x3b
 458 0064 0B       		.uleb128 0xb
 459 0065 49       		.uleb128 0x49
 460 0066 13       		.uleb128 0x13
 461 0067 38       		.uleb128 0x38
 462 0068 0B       		.uleb128 0xb
 463 0069 00       		.byte	0
 464 006a 00       		.byte	0
 465 006b 0A       		.uleb128 0xa
 466 006c 15       		.uleb128 0x15
 467 006d 01       		.byte	0x1
 468 006e 27       		.uleb128 0x27
 469 006f 19       		.uleb128 0x19
 470 0070 49       		.uleb128 0x49
 471 0071 13       		.uleb128 0x13
 472 0072 01       		.uleb128 0x1
 473 0073 13       		.uleb128 0x13
 474 0074 00       		.byte	0
 475 0075 00       		.byte	0
 476 0076 0B       		.uleb128 0xb
 477 0077 05       		.uleb128 0x5
 478 0078 00       		.byte	0
 479 0079 49       		.uleb128 0x49
 480 007a 13       		.uleb128 0x13
 481 007b 00       		.byte	0
 482 007c 00       		.byte	0
 483 007d 0C       		.uleb128 0xc
 484 007e 2E       		.uleb128 0x2e
 485 007f 01       		.byte	0x1
 486 0080 3F       		.uleb128 0x3f
 487 0081 19       		.uleb128 0x19
 488 0082 03       		.uleb128 0x3
 489 0083 0E       		.uleb128 0xe
 490 0084 3A       		.uleb128 0x3a
 491 0085 0B       		.uleb128 0xb
 492 0086 3B       		.uleb128 0x3b
 493 0087 0B       		.uleb128 0xb
 494 0088 27       		.uleb128 0x27
 495 0089 19       		.uleb128 0x19
 496 008a 49       		.uleb128 0x49
 497 008b 13       		.uleb128 0x13
 498 008c 11       		.uleb128 0x11
 499 008d 01       		.uleb128 0x1
 500 008e 12       		.uleb128 0x12
 501 008f 06       		.uleb128 0x6
 502 0090 40       		.uleb128 0x40
 503 0091 18       		.uleb128 0x18
 504 0092 9742     		.uleb128 0x2117
 505 0094 19       		.uleb128 0x19
 506 0095 00       		.byte	0
 507 0096 00       		.byte	0
 508 0097 0D       		.uleb128 0xd
 509 0098 05       		.uleb128 0x5
 510 0099 00       		.byte	0
 511 009a 03       		.uleb128 0x3
 512 009b 0E       		.uleb128 0xe
ARM GAS  /tmp/ccM9bgjp.s 			page 10


 513 009c 3A       		.uleb128 0x3a
 514 009d 0B       		.uleb128 0xb
 515 009e 3B       		.uleb128 0x3b
 516 009f 0B       		.uleb128 0xb
 517 00a0 49       		.uleb128 0x49
 518 00a1 13       		.uleb128 0x13
 519 00a2 02       		.uleb128 0x2
 520 00a3 17       		.uleb128 0x17
 521 00a4 00       		.byte	0
 522 00a5 00       		.byte	0
 523 00a6 0E       		.uleb128 0xe
 524 00a7 34       		.uleb128 0x34
 525 00a8 00       		.byte	0
 526 00a9 03       		.uleb128 0x3
 527 00aa 08       		.uleb128 0x8
 528 00ab 3A       		.uleb128 0x3a
 529 00ac 0B       		.uleb128 0xb
 530 00ad 3B       		.uleb128 0x3b
 531 00ae 0B       		.uleb128 0xb
 532 00af 49       		.uleb128 0x49
 533 00b0 13       		.uleb128 0x13
 534 00b1 02       		.uleb128 0x2
 535 00b2 17       		.uleb128 0x17
 536 00b3 00       		.byte	0
 537 00b4 00       		.byte	0
 538 00b5 0F       		.uleb128 0xf
 539 00b6 34       		.uleb128 0x34
 540 00b7 00       		.byte	0
 541 00b8 03       		.uleb128 0x3
 542 00b9 08       		.uleb128 0x8
 543 00ba 3A       		.uleb128 0x3a
 544 00bb 0B       		.uleb128 0xb
 545 00bc 3B       		.uleb128 0x3b
 546 00bd 0B       		.uleb128 0xb
 547 00be 49       		.uleb128 0x49
 548 00bf 13       		.uleb128 0x13
 549 00c0 02       		.uleb128 0x2
 550 00c1 18       		.uleb128 0x18
 551 00c2 00       		.byte	0
 552 00c3 00       		.byte	0
 553 00c4 10       		.uleb128 0x10
 554 00c5 34       		.uleb128 0x34
 555 00c6 00       		.byte	0
 556 00c7 03       		.uleb128 0x3
 557 00c8 0E       		.uleb128 0xe
 558 00c9 3A       		.uleb128 0x3a
 559 00ca 0B       		.uleb128 0xb
 560 00cb 3B       		.uleb128 0x3b
 561 00cc 0B       		.uleb128 0xb
 562 00cd 49       		.uleb128 0x49
 563 00ce 13       		.uleb128 0x13
 564 00cf 02       		.uleb128 0x2
 565 00d0 17       		.uleb128 0x17
 566 00d1 00       		.byte	0
 567 00d2 00       		.byte	0
 568 00d3 11       		.uleb128 0x11
 569 00d4 898201   		.uleb128 0x4109
ARM GAS  /tmp/ccM9bgjp.s 			page 11


 570 00d7 01       		.byte	0x1
 571 00d8 11       		.uleb128 0x11
 572 00d9 01       		.uleb128 0x1
 573 00da 9342     		.uleb128 0x2113
 574 00dc 18       		.uleb128 0x18
 575 00dd 00       		.byte	0
 576 00de 00       		.byte	0
 577 00df 12       		.uleb128 0x12
 578 00e0 8A8201   		.uleb128 0x410a
 579 00e3 00       		.byte	0
 580 00e4 02       		.uleb128 0x2
 581 00e5 18       		.uleb128 0x18
 582 00e6 9142     		.uleb128 0x2111
 583 00e8 18       		.uleb128 0x18
 584 00e9 00       		.byte	0
 585 00ea 00       		.byte	0
 586 00eb 00       		.byte	0
 587              		.section	.debug_loc,"",%progbits
 588              	.Ldebug_loc0:
 589              	.LLST0:
 590 0000 00000000 		.4byte	.LVL0
 591 0004 0A000000 		.4byte	.LVL2
 592 0008 0100     		.2byte	0x1
 593 000a 50       		.byte	0x50
 594 000b 0A000000 		.4byte	.LVL2
 595 000f 36000000 		.4byte	.LVL18
 596 0013 0100     		.2byte	0x1
 597 0015 54       		.byte	0x54
 598 0016 36000000 		.4byte	.LVL18
 599 001a 38000000 		.4byte	.LFE10
 600 001e 0400     		.2byte	0x4
 601 0020 F3       		.byte	0xf3
 602 0021 01       		.uleb128 0x1
 603 0022 50       		.byte	0x50
 604 0023 9F       		.byte	0x9f
 605 0024 00000000 		.4byte	0
 606 0028 00000000 		.4byte	0
 607              	.LLST1:
 608 002c 00000000 		.4byte	.LVL0
 609 0030 19000000 		.4byte	.LVL6-1
 610 0034 0100     		.2byte	0x1
 611 0036 51       		.byte	0x51
 612 0037 19000000 		.4byte	.LVL6-1
 613 003b 38000000 		.4byte	.LFE10
 614 003f 0400     		.2byte	0x4
 615 0041 F3       		.byte	0xf3
 616 0042 01       		.uleb128 0x1
 617 0043 51       		.byte	0x51
 618 0044 9F       		.byte	0x9f
 619 0045 00000000 		.4byte	0
 620 0049 00000000 		.4byte	0
 621              	.LLST2:
 622 004d 00000000 		.4byte	.LVL0
 623 0051 19000000 		.4byte	.LVL6-1
 624 0055 0100     		.2byte	0x1
 625 0057 52       		.byte	0x52
 626 0058 19000000 		.4byte	.LVL6-1
ARM GAS  /tmp/ccM9bgjp.s 			page 12


 627 005c 36000000 		.4byte	.LVL19
 628 0060 0100     		.2byte	0x1
 629 0062 55       		.byte	0x55
 630 0063 36000000 		.4byte	.LVL19
 631 0067 38000000 		.4byte	.LFE10
 632 006b 0400     		.2byte	0x4
 633 006d F3       		.byte	0xf3
 634 006e 01       		.uleb128 0x1
 635 006f 52       		.byte	0x52
 636 0070 9F       		.byte	0x9f
 637 0071 00000000 		.4byte	0
 638 0075 00000000 		.4byte	0
 639              	.LLST3:
 640 0079 00000000 		.4byte	.LVL0
 641 007d 19000000 		.4byte	.LVL6-1
 642 0081 0100     		.2byte	0x1
 643 0083 53       		.byte	0x53
 644 0084 19000000 		.4byte	.LVL6-1
 645 0088 38000000 		.4byte	.LFE10
 646 008c 0400     		.2byte	0x4
 647 008e F3       		.byte	0xf3
 648 008f 01       		.uleb128 0x1
 649 0090 53       		.byte	0x53
 650 0091 9F       		.byte	0x9f
 651 0092 00000000 		.4byte	0
 652 0096 00000000 		.4byte	0
 653              	.LLST4:
 654 009a 1E000000 		.4byte	.LVL7
 655 009e 24000000 		.4byte	.LVL8
 656 00a2 0200     		.2byte	0x2
 657 00a4 30       		.byte	0x30
 658 00a5 9F       		.byte	0x9f
 659 00a6 24000000 		.4byte	.LVL8
 660 00aa 2A000000 		.4byte	.LVL11
 661 00ae 0200     		.2byte	0x2
 662 00b0 31       		.byte	0x31
 663 00b1 9F       		.byte	0x9f
 664 00b2 2A000000 		.4byte	.LVL11
 665 00b6 30000000 		.4byte	.LVL14
 666 00ba 0200     		.2byte	0x2
 667 00bc 32       		.byte	0x32
 668 00bd 9F       		.byte	0x9f
 669 00be 30000000 		.4byte	.LVL14
 670 00c2 36000000 		.4byte	.LVL17
 671 00c6 0200     		.2byte	0x2
 672 00c8 33       		.byte	0x33
 673 00c9 9F       		.byte	0x9f
 674 00ca 00000000 		.4byte	0
 675 00ce 00000000 		.4byte	0
 676              	.LLST5:
 677 00d2 06000000 		.4byte	.LVL1
 678 00d6 0A000000 		.4byte	.LVL2
 679 00da 0200     		.2byte	0x2
 680 00dc 70       		.byte	0x70
 681 00dd 00       		.sleb128 0
 682 00de 0A000000 		.4byte	.LVL2
 683 00e2 0C000000 		.4byte	.LVL3
ARM GAS  /tmp/ccM9bgjp.s 			page 13


 684 00e6 0100     		.2byte	0x1
 685 00e8 50       		.byte	0x50
 686 00e9 0C000000 		.4byte	.LVL3
 687 00ed 12000000 		.4byte	.LVL4
 688 00f1 0600     		.2byte	0x6
 689 00f3 74       		.byte	0x74
 690 00f4 00       		.sleb128 0
 691 00f5 06       		.byte	0x6
 692 00f6 23       		.byte	0x23
 693 00f7 07       		.uleb128 0x7
 694 00f8 9F       		.byte	0x9f
 695 00f9 12000000 		.4byte	.LVL4
 696 00fd 18000000 		.4byte	.LVL5
 697 0101 0600     		.2byte	0x6
 698 0103 74       		.byte	0x74
 699 0104 00       		.sleb128 0
 700 0105 06       		.byte	0x6
 701 0106 23       		.byte	0x23
 702 0107 06       		.uleb128 0x6
 703 0108 9F       		.byte	0x9f
 704 0109 18000000 		.4byte	.LVL5
 705 010d 1E000000 		.4byte	.LVL7
 706 0111 0300     		.2byte	0x3
 707 0113 76       		.byte	0x76
 708 0114 06       		.sleb128 6
 709 0115 9F       		.byte	0x9f
 710 0116 1E000000 		.4byte	.LVL7
 711 011a 24000000 		.4byte	.LVL8
 712 011e 0600     		.2byte	0x6
 713 0120 74       		.byte	0x74
 714 0121 00       		.sleb128 0
 715 0122 06       		.byte	0x6
 716 0123 23       		.byte	0x23
 717 0124 08       		.uleb128 0x8
 718 0125 9F       		.byte	0x9f
 719 0126 26000000 		.4byte	.LVL9
 720 012a 28000000 		.4byte	.LVL10
 721 012e 0300     		.2byte	0x3
 722 0130 73       		.byte	0x73
 723 0131 09       		.sleb128 9
 724 0132 9F       		.byte	0x9f
 725 0133 28000000 		.4byte	.LVL10
 726 0137 2A000000 		.4byte	.LVL11
 727 013b 0600     		.2byte	0x6
 728 013d 74       		.byte	0x74
 729 013e 00       		.sleb128 0
 730 013f 06       		.byte	0x6
 731 0140 23       		.byte	0x23
 732 0141 09       		.uleb128 0x9
 733 0142 9F       		.byte	0x9f
 734 0143 2C000000 		.4byte	.LVL12
 735 0147 2E000000 		.4byte	.LVL13
 736 014b 0300     		.2byte	0x3
 737 014d 73       		.byte	0x73
 738 014e 0A       		.sleb128 10
 739 014f 9F       		.byte	0x9f
 740 0150 2E000000 		.4byte	.LVL13
ARM GAS  /tmp/ccM9bgjp.s 			page 14


 741 0154 30000000 		.4byte	.LVL14
 742 0158 0600     		.2byte	0x6
 743 015a 74       		.byte	0x74
 744 015b 00       		.sleb128 0
 745 015c 06       		.byte	0x6
 746 015d 23       		.byte	0x23
 747 015e 0A       		.uleb128 0xa
 748 015f 9F       		.byte	0x9f
 749 0160 32000000 		.4byte	.LVL15
 750 0164 34000000 		.4byte	.LVL16
 751 0168 0300     		.2byte	0x3
 752 016a 73       		.byte	0x73
 753 016b 0B       		.sleb128 11
 754 016c 9F       		.byte	0x9f
 755 016d 34000000 		.4byte	.LVL16
 756 0171 36000000 		.4byte	.LVL17
 757 0175 0600     		.2byte	0x6
 758 0177 74       		.byte	0x74
 759 0178 00       		.sleb128 0
 760 0179 06       		.byte	0x6
 761 017a 23       		.byte	0x23
 762 017b 0B       		.uleb128 0xb
 763 017c 9F       		.byte	0x9f
 764 017d 00000000 		.4byte	0
 765 0181 00000000 		.4byte	0
 766              		.section	.debug_aranges,"",%progbits
 767 0000 1C000000 		.4byte	0x1c
 768 0004 0200     		.2byte	0x2
 769 0006 00000000 		.4byte	.Ldebug_info0
 770 000a 04       		.byte	0x4
 771 000b 00       		.byte	0
 772 000c 0000     		.2byte	0
 773 000e 0000     		.2byte	0
 774 0010 00000000 		.4byte	.LFB10
 775 0014 38000000 		.4byte	.LFE10-.LFB10
 776 0018 00000000 		.4byte	0
 777 001c 00000000 		.4byte	0
 778              		.section	.debug_ranges,"",%progbits
 779              	.Ldebug_ranges0:
 780 0000 00000000 		.4byte	.LFB10
 781 0004 38000000 		.4byte	.LFE10
 782 0008 00000000 		.4byte	0
 783 000c 00000000 		.4byte	0
 784              		.section	.debug_line,"",%progbits
 785              	.Ldebug_line0:
 786 0000 AF000000 		.section	.debug_str,"MS",%progbits,1
 786      02007900 
 786      00000201 
 786      FB0E0D00 
 786      01010101 
 787              	.LASF10:
 788 0000 5043414C 		.ascii	"PCALLBACK\000"
 788      4C424143 
 788      4B00
 789              	.LASF27:
 790 000a 70535344 		.ascii	"pSSDConfig\000"
 790      436F6E66 
ARM GAS  /tmp/ccM9bgjp.s 			page 15


 790      696700
 791              	.LASF21:
 792 0015 50464C41 		.ascii	"PFLASH_SSD_CONFIG\000"
 792      53485F53 
 792      53445F43 
 792      4F4E4649 
 792      4700
 793              	.LASF18:
 794 0027 45454553 		.ascii	"EEESize\000"
 794      697A6500 
 795              	.LASF19:
 796 002f 44656275 		.ascii	"DebugEnable\000"
 796      67456E61 
 796      626C6500 
 797              	.LASF15:
 798 003b 44466C61 		.ascii	"DFlashBase\000"
 798      73684261 
 798      736500
 799              	.LASF30:
 800 0046 70466C61 		.ascii	"pFlashCommandSequence\000"
 800      7368436F 
 800      6D6D616E 
 800      64536571 
 800      75656E63 
 801              	.LASF34:
 802 005c 2F686F6D 		.ascii	"/home/bunnie/code/chibi-chibios/orchard\000"
 802      652F6275 
 802      6E6E6965 
 802      2F636F64 
 802      652F6368 
 803              	.LASF17:
 804 0084 45455241 		.ascii	"EERAMBase\000"
 804      4D426173 
 804      6500
 805              	.LASF16:
 806 008e 44466C61 		.ascii	"DFlashSize\000"
 806      73685369 
 806      7A6500
 807              	.LASF35:
 808 0099 5F737364 		.ascii	"_ssd_config\000"
 808      5F636F6E 
 808      66696700 
 809              	.LASF3:
 810 00a5 756E7369 		.ascii	"unsigned char\000"
 810      676E6564 
 810      20636861 
 810      7200
 811              	.LASF23:
 812 00b3 6C6F6E67 		.ascii	"long unsigned int\000"
 812      20756E73 
 812      69676E65 
 812      6420696E 
 812      7400
 813              	.LASF22:
 814 00c5 70464C41 		.ascii	"pFLASHCOMMANDSEQUENCE\000"
 814      5348434F 
 814      4D4D414E 
ARM GAS  /tmp/ccM9bgjp.s 			page 16


 814      44534551 
 814      55454E43 
 815              	.LASF4:
 816 00db 73686F72 		.ascii	"short unsigned int\000"
 816      7420756E 
 816      7369676E 
 816      65642069 
 816      6E7400
 817              	.LASF33:
 818 00ee 2E2E2F65 		.ascii	"../ext/C90TFS/source/FlashReadOnce.c\000"
 818      78742F43 
 818      39305446 
 818      532F736F 
 818      75726365 
 819              	.LASF13:
 820 0113 50466C61 		.ascii	"PFlashBase\000"
 820      73684261 
 820      736500
 821              	.LASF29:
 822 011e 70446174 		.ascii	"pDataArray\000"
 822      61417272 
 822      617900
 823              	.LASF7:
 824 0129 756E7369 		.ascii	"unsigned int\000"
 824      676E6564 
 824      20696E74 
 824      00
 825              	.LASF36:
 826 0136 466C6173 		.ascii	"FlashReadOnce\000"
 826      68526561 
 826      644F6E63 
 826      6500
 827              	.LASF31:
 828 0144 74656D70 		.ascii	"temp\000"
 828      00
 829              	.LASF14:
 830 0149 50466C61 		.ascii	"PFlashSize\000"
 830      73685369 
 830      7A6500
 831              	.LASF8:
 832 0154 6C6F6E67 		.ascii	"long long unsigned int\000"
 832      206C6F6E 
 832      6720756E 
 832      7369676E 
 832      65642069 
 833              	.LASF5:
 834 016b 75696E74 		.ascii	"uint8_t\000"
 834      385F7400 
 835              	.LASF9:
 836 0173 7675696E 		.ascii	"vuint8_t\000"
 836      74385F74 
 836      00
 837              	.LASF20:
 838 017c 43616C6C 		.ascii	"CallBack\000"
 838      4261636B 
 838      00
 839              	.LASF28:
ARM GAS  /tmp/ccM9bgjp.s 			page 17


 840 0185 7265636F 		.ascii	"recordIndex\000"
 840      7264496E 
 840      64657800 
 841              	.LASF32:
 842 0191 474E5520 		.ascii	"GNU C 4.9.2 -mcpu=cortex-m0 -mfloat-abi=soft -mfp16"
 842      4320342E 
 842      392E3220 
 842      2D6D6370 
 842      753D636F 
 843 01c4 2D666F72 		.ascii	"-format=none -mno-thumb-interwork -mthumb -mfloat-a"
 843      6D61743D 
 843      6E6F6E65 
 843      202D6D6E 
 843      6F2D7468 
 844 01f7 62693D73 		.ascii	"bi=soft -mfpu=vfpv3-d16 -mtls-dialect=gnu -ggdb -O3"
 844      6F667420 
 844      2D6D6670 
 844      753D7666 
 844      7076332D 
 845 022a 202D7374 		.ascii	" -std=gnu99 -fomit-frame-pointer -falign-functions="
 845      643D676E 
 845      75393920 
 845      2D666F6D 
 845      69742D66 
 846 025d 3136202D 		.ascii	"16 -ffunction-sections -fdata-sections -fno-common\000"
 846      6666756E 
 846      6374696F 
 846      6E2D7365 
 846      6374696F 
 847              	.LASF25:
 848 0290 73697A65 		.ascii	"sizetype\000"
 848      74797065 
 848      00
 849              	.LASF2:
 850 0299 6C6F6E67 		.ascii	"long long int\000"
 850      206C6F6E 
 850      6720696E 
 850      7400
 851              	.LASF26:
 852 02a7 63686172 		.ascii	"char\000"
 852      00
 853              	.LASF1:
 854 02ac 73686F72 		.ascii	"short int\000"
 854      7420696E 
 854      7400
 855              	.LASF6:
 856 02b6 75696E74 		.ascii	"uint32_t\000"
 856      33325F74 
 856      00
 857              	.LASF24:
 858 02bf 6C6F6E67 		.ascii	"long int\000"
 858      20696E74 
 858      00
 859              	.LASF0:
 860 02c8 7369676E 		.ascii	"signed char\000"
 860      65642063 
 860      68617200 
ARM GAS  /tmp/ccM9bgjp.s 			page 18


 861              	.LASF11:
 862 02d4 5F426F6F 		.ascii	"_Bool\000"
 862      6C00
 863              	.LASF12:
 864 02da 66746678 		.ascii	"ftfxRegBase\000"
 864      52656742 
 864      61736500 
 865              		.ident	"GCC: (Debian 4.9.2-10) 4.9.2"
 866              		.section	.note.GNU-stack,"",%progbits
ARM GAS  /tmp/ccM9bgjp.s 			page 19


DEFINED SYMBOLS
                            *ABS*:00000000 FlashReadOnce.c
     /tmp/ccM9bgjp.s:18     .text.FlashReadOnce:00000000 $t
     /tmp/ccM9bgjp.s:24     .text.FlashReadOnce:00000000 FlashReadOnce
                     .debug_frame:00000010 $d

NO UNDEFINED SYMBOLS
