ARM GAS  /tmp/ccjC49s9.s 			page 1


   1              		.cpu cortex-m0
   2              		.fpu softvfp
   3              		.eabi_attribute 20, 1
   4              		.eabi_attribute 21, 1
   5              		.eabi_attribute 23, 3
   6              		.eabi_attribute 24, 1
   7              		.eabi_attribute 25, 1
   8              		.eabi_attribute 26, 2
   9              		.eabi_attribute 30, 2
  10              		.eabi_attribute 34, 0
  11              		.eabi_attribute 18, 4
  12              		.code	16
  13              		.file	"FlashProgramOnce.c"
  14              		.text
  15              	.Ltext0:
  16              		.cfi_sections	.debug_frame
  17              		.section	.text.FlashProgramOnce,"ax",%progbits
  18              		.align	2
  19              		.p2align 4,,-1
  20              		.global	FlashProgramOnce
  21              		.code	16
  22              		.thumb_func
  23              		.type	FlashProgramOnce, %function
  24              	FlashProgramOnce:
  25              	.LFB10:
  26              		.file 1 "../ext/C90TFS/source/FlashProgramOnce.c"
  27              		.loc 1 69 0
  28              		.cfi_startproc
  29              	.LVL0:
  30 0000 70B5     		push	{r4, r5, r6, lr}
  31              		.cfi_def_cfa_offset 16
  32              		.cfi_offset 4, -16
  33              		.cfi_offset 5, -12
  34              		.cfi_offset 6, -8
  35              		.cfi_offset 14, -4
  36              		.loc 1 77 0
  37 0002 3126     		mov	r6, #49
  38              		.loc 1 81 0
  39 0004 4325     		mov	r5, #67
  40              		.loc 1 77 0
  41 0006 0468     		ldr	r4, [r0]
  42              		.loc 1 103 0
  43              		@ sp needed
  44              		.loc 1 77 0
  45 0008 2670     		strb	r6, [r4]
  46              	.LVL1:
  47              		.loc 1 80 0
  48 000a 0468     		ldr	r4, [r0]
  49              		.loc 1 81 0
  50 000c E571     		strb	r5, [r4, #7]
  51              	.LVL2:
  52              		.loc 1 83 0
  53 000e 0468     		ldr	r4, [r0]
  54              		.loc 1 84 0
  55 0010 A171     		strb	r1, [r4, #6]
  56              	.LVL3:
  57              		.loc 1 88 0
ARM GAS  /tmp/ccjC49s9.s 			page 2


  58 0012 0168     		ldr	r1, [r0]
  59              	.LVL4:
  60              		.loc 1 89 0
  61 0014 1478     		ldrb	r4, [r2]
  62              	.LVL5:
  63 0016 0C72     		strb	r4, [r1, #8]
  64              	.LVL6:
  65              		.loc 1 88 0
  66 0018 0168     		ldr	r1, [r0]
  67              	.LVL7:
  68              		.loc 1 89 0
  69 001a 5478     		ldrb	r4, [r2, #1]
  70 001c 4C72     		strb	r4, [r1, #9]
  71              	.LVL8:
  72              		.loc 1 88 0
  73 001e 0168     		ldr	r1, [r0]
  74              	.LVL9:
  75              		.loc 1 89 0
  76 0020 9478     		ldrb	r4, [r2, #2]
  77 0022 8C72     		strb	r4, [r1, #10]
  78              	.LVL10:
  79 0024 D178     		ldrb	r1, [r2, #3]
  80              	.LVL11:
  81              		.loc 1 88 0
  82 0026 0268     		ldr	r2, [r0]
  83              	.LVL12:
  84              		.loc 1 89 0
  85 0028 D172     		strb	r1, [r2, #11]
  86              	.LVL13:
  87              		.loc 1 92 0
  88 002a 9847     		blx	r3
  89              	.LVL14:
  90              		.loc 1 103 0
  91 002c 70BD     		pop	{r4, r5, r6, pc}
  92              		.cfi_endproc
  93              	.LFE10:
  94              		.size	FlashProgramOnce, .-FlashProgramOnce
  95 002e C046     		.text
  96              	.Letext0:
  97              		.file 2 "/usr/include/stdint.h"
  98              		.file 3 "../ext/C90TFS/include/SSD_Types.h"
  99              		.section	.debug_info,"",%progbits
 100              	.Ldebug_info0:
 101 0000 F1010000 		.4byte	0x1f1
 102 0004 0400     		.2byte	0x4
 103 0006 00000000 		.4byte	.Ldebug_abbrev0
 104 000a 04       		.byte	0x4
 105 000b 01       		.uleb128 0x1
 106 000c 6F010000 		.4byte	.LASF32
 107 0010 01       		.byte	0x1
 108 0011 8A020000 		.4byte	.LASF33
 109 0015 6D000000 		.4byte	.LASF34
 110 0019 00000000 		.4byte	.Ldebug_ranges0+0
 111 001d 00000000 		.4byte	0
 112 0021 00000000 		.4byte	.Ldebug_line0
 113 0025 02       		.uleb128 0x2
 114 0026 01       		.byte	0x1
ARM GAS  /tmp/ccjC49s9.s 			page 3


 115 0027 06       		.byte	0x6
 116 0028 CE020000 		.4byte	.LASF0
 117 002c 02       		.uleb128 0x2
 118 002d 02       		.byte	0x2
 119 002e 05       		.byte	0x5
 120 002f B2020000 		.4byte	.LASF1
 121 0033 03       		.uleb128 0x3
 122 0034 04       		.byte	0x4
 123 0035 05       		.byte	0x5
 124 0036 696E7400 		.ascii	"int\000"
 125 003a 02       		.uleb128 0x2
 126 003b 08       		.byte	0x8
 127 003c 05       		.byte	0x5
 128 003d 77020000 		.4byte	.LASF2
 129 0041 04       		.uleb128 0x4
 130 0042 49010000 		.4byte	.LASF5
 131 0046 02       		.byte	0x2
 132 0047 30       		.byte	0x30
 133 0048 4C000000 		.4byte	0x4c
 134 004c 02       		.uleb128 0x2
 135 004d 01       		.byte	0x1
 136 004e 08       		.byte	0x8
 137 004f B6000000 		.4byte	.LASF3
 138 0053 02       		.uleb128 0x2
 139 0054 02       		.byte	0x2
 140 0055 07       		.byte	0x7
 141 0056 EC000000 		.4byte	.LASF4
 142 005a 04       		.uleb128 0x4
 143 005b BC020000 		.4byte	.LASF6
 144 005f 02       		.byte	0x2
 145 0060 33       		.byte	0x33
 146 0061 65000000 		.4byte	0x65
 147 0065 02       		.uleb128 0x2
 148 0066 04       		.byte	0x4
 149 0067 07       		.byte	0x7
 150 0068 15010000 		.4byte	.LASF7
 151 006c 02       		.uleb128 0x2
 152 006d 08       		.byte	0x8
 153 006e 07       		.byte	0x7
 154 006f 32010000 		.4byte	.LASF8
 155 0073 04       		.uleb128 0x4
 156 0074 51010000 		.4byte	.LASF9
 157 0078 03       		.byte	0x3
 158 0079 3F       		.byte	0x3f
 159 007a 7E000000 		.4byte	0x7e
 160 007e 05       		.uleb128 0x5
 161 007f 4C000000 		.4byte	0x4c
 162 0083 04       		.uleb128 0x4
 163 0084 00000000 		.4byte	.LASF10
 164 0088 03       		.byte	0x3
 165 0089 59       		.byte	0x59
 166 008a 8E000000 		.4byte	0x8e
 167 008e 06       		.uleb128 0x6
 168 008f 04       		.byte	0x4
 169 0090 94000000 		.4byte	0x94
 170 0094 07       		.uleb128 0x7
 171 0095 02       		.uleb128 0x2
ARM GAS  /tmp/ccjC49s9.s 			page 4


 172 0096 01       		.byte	0x1
 173 0097 02       		.byte	0x2
 174 0098 DA020000 		.4byte	.LASF11
 175 009c 08       		.uleb128 0x8
 176 009d AA000000 		.4byte	.LASF35
 177 00a1 24       		.byte	0x24
 178 00a2 03       		.byte	0x3
 179 00a3 6A       		.byte	0x6a
 180 00a4 15010000 		.4byte	0x115
 181 00a8 09       		.uleb128 0x9
 182 00a9 E0020000 		.4byte	.LASF12
 183 00ad 03       		.byte	0x3
 184 00ae 6C       		.byte	0x6c
 185 00af 5A000000 		.4byte	0x5a
 186 00b3 00       		.byte	0
 187 00b4 09       		.uleb128 0x9
 188 00b5 FF000000 		.4byte	.LASF13
 189 00b9 03       		.byte	0x3
 190 00ba 6D       		.byte	0x6d
 191 00bb 5A000000 		.4byte	0x5a
 192 00bf 04       		.byte	0x4
 193 00c0 09       		.uleb128 0x9
 194 00c1 27010000 		.4byte	.LASF14
 195 00c5 03       		.byte	0x3
 196 00c6 6E       		.byte	0x6e
 197 00c7 5A000000 		.4byte	0x5a
 198 00cb 08       		.byte	0x8
 199 00cc 09       		.uleb128 0x9
 200 00cd 3B000000 		.4byte	.LASF15
 201 00d1 03       		.byte	0x3
 202 00d2 6F       		.byte	0x6f
 203 00d3 5A000000 		.4byte	0x5a
 204 00d7 0C       		.byte	0xc
 205 00d8 09       		.uleb128 0x9
 206 00d9 9F000000 		.4byte	.LASF16
 207 00dd 03       		.byte	0x3
 208 00de 70       		.byte	0x70
 209 00df 5A000000 		.4byte	0x5a
 210 00e3 10       		.byte	0x10
 211 00e4 09       		.uleb128 0x9
 212 00e5 95000000 		.4byte	.LASF17
 213 00e9 03       		.byte	0x3
 214 00ea 73       		.byte	0x73
 215 00eb 5A000000 		.4byte	0x5a
 216 00ef 14       		.byte	0x14
 217 00f0 09       		.uleb128 0x9
 218 00f1 27000000 		.4byte	.LASF18
 219 00f5 03       		.byte	0x3
 220 00f6 75       		.byte	0x75
 221 00f7 5A000000 		.4byte	0x5a
 222 00fb 18       		.byte	0x18
 223 00fc 09       		.uleb128 0x9
 224 00fd 2F000000 		.4byte	.LASF19
 225 0101 03       		.byte	0x3
 226 0102 78       		.byte	0x78
 227 0103 95000000 		.4byte	0x95
 228 0107 1C       		.byte	0x1c
ARM GAS  /tmp/ccjC49s9.s 			page 5


 229 0108 09       		.uleb128 0x9
 230 0109 5A010000 		.4byte	.LASF20
 231 010d 03       		.byte	0x3
 232 010e 79       		.byte	0x79
 233 010f 83000000 		.4byte	0x83
 234 0113 20       		.byte	0x20
 235 0114 00       		.byte	0
 236 0115 04       		.uleb128 0x4
 237 0116 15000000 		.4byte	.LASF21
 238 011a 03       		.byte	0x3
 239 011b 7A       		.byte	0x7a
 240 011c 20010000 		.4byte	0x120
 241 0120 06       		.uleb128 0x6
 242 0121 04       		.byte	0x4
 243 0122 9C000000 		.4byte	0x9c
 244 0126 04       		.uleb128 0x4
 245 0127 D6000000 		.4byte	.LASF22
 246 012b 03       		.byte	0x3
 247 012c 7E       		.byte	0x7e
 248 012d 31010000 		.4byte	0x131
 249 0131 06       		.uleb128 0x6
 250 0132 04       		.byte	0x4
 251 0133 37010000 		.4byte	0x137
 252 0137 0A       		.uleb128 0xa
 253 0138 5A000000 		.4byte	0x5a
 254 013c 46010000 		.4byte	0x146
 255 0140 0B       		.uleb128 0xb
 256 0141 15010000 		.4byte	0x115
 257 0145 00       		.byte	0
 258 0146 06       		.uleb128 0x6
 259 0147 04       		.byte	0x4
 260 0148 41000000 		.4byte	0x41
 261 014c 02       		.uleb128 0x2
 262 014d 04       		.byte	0x4
 263 014e 07       		.byte	0x7
 264 014f C4000000 		.4byte	.LASF23
 265 0153 02       		.uleb128 0x2
 266 0154 04       		.byte	0x4
 267 0155 05       		.byte	0x5
 268 0156 C5020000 		.4byte	.LASF24
 269 015a 02       		.uleb128 0x2
 270 015b 04       		.byte	0x4
 271 015c 07       		.byte	0x7
 272 015d 6E020000 		.4byte	.LASF25
 273 0161 02       		.uleb128 0x2
 274 0162 01       		.byte	0x1
 275 0163 08       		.byte	0x8
 276 0164 85020000 		.4byte	.LASF26
 277 0168 0C       		.uleb128 0xc
 278 0169 5C000000 		.4byte	.LASF36
 279 016d 01       		.byte	0x1
 280 016e 41       		.byte	0x41
 281 016f 5A000000 		.4byte	0x5a
 282 0173 00000000 		.4byte	.LFB10
 283 0177 2E000000 		.4byte	.LFE10-.LFB10
 284 017b 01       		.uleb128 0x1
 285 017c 9C       		.byte	0x9c
ARM GAS  /tmp/ccjC49s9.s 			page 6


 286 017d 0D       		.uleb128 0xd
 287 017e 0A000000 		.4byte	.LASF27
 288 0182 01       		.byte	0x1
 289 0183 41       		.byte	0x41
 290 0184 15010000 		.4byte	0x115
 291 0188 00000000 		.4byte	.LLST0
 292 018c 0D       		.uleb128 0xd
 293 018d 63010000 		.4byte	.LASF28
 294 0191 01       		.byte	0x1
 295 0192 42       		.byte	0x42
 296 0193 41000000 		.4byte	0x41
 297 0197 21000000 		.4byte	.LLST1
 298 019b 0D       		.uleb128 0xd
 299 019c 0A010000 		.4byte	.LASF29
 300 01a0 01       		.byte	0x1
 301 01a1 43       		.byte	0x43
 302 01a2 46010000 		.4byte	0x146
 303 01a6 4E000000 		.4byte	.LLST2
 304 01aa 0D       		.uleb128 0xd
 305 01ab 46000000 		.4byte	.LASF30
 306 01af 01       		.byte	0x1
 307 01b0 44       		.byte	0x44
 308 01b1 26010000 		.4byte	0x126
 309 01b5 6F000000 		.4byte	.LLST3
 310 01b9 0E       		.uleb128 0xe
 311 01ba 6900     		.ascii	"i\000"
 312 01bc 01       		.byte	0x1
 313 01bd 47       		.byte	0x47
 314 01be 41000000 		.4byte	0x41
 315 01c2 90000000 		.4byte	.LLST4
 316 01c6 0F       		.uleb128 0xf
 317 01c7 72657400 		.ascii	"ret\000"
 318 01cb 01       		.byte	0x1
 319 01cc 48       		.byte	0x48
 320 01cd 5A000000 		.4byte	0x5a
 321 01d1 01       		.uleb128 0x1
 322 01d2 50       		.byte	0x50
 323 01d3 10       		.uleb128 0x10
 324 01d4 22010000 		.4byte	.LASF31
 325 01d8 01       		.byte	0x1
 326 01d9 49       		.byte	0x49
 327 01da 5A000000 		.4byte	0x5a
 328 01de D4000000 		.4byte	.LLST5
 329 01e2 11       		.uleb128 0x11
 330 01e3 2C000000 		.4byte	.LVL14
 331 01e7 03       		.uleb128 0x3
 332 01e8 F3       		.byte	0xf3
 333 01e9 01       		.uleb128 0x1
 334 01ea 53       		.byte	0x53
 335 01eb 12       		.uleb128 0x12
 336 01ec 01       		.uleb128 0x1
 337 01ed 50       		.byte	0x50
 338 01ee 03       		.uleb128 0x3
 339 01ef F3       		.byte	0xf3
 340 01f0 01       		.uleb128 0x1
 341 01f1 50       		.byte	0x50
 342 01f2 00       		.byte	0
ARM GAS  /tmp/ccjC49s9.s 			page 7


 343 01f3 00       		.byte	0
 344 01f4 00       		.byte	0
 345              		.section	.debug_abbrev,"",%progbits
 346              	.Ldebug_abbrev0:
 347 0000 01       		.uleb128 0x1
 348 0001 11       		.uleb128 0x11
 349 0002 01       		.byte	0x1
 350 0003 25       		.uleb128 0x25
 351 0004 0E       		.uleb128 0xe
 352 0005 13       		.uleb128 0x13
 353 0006 0B       		.uleb128 0xb
 354 0007 03       		.uleb128 0x3
 355 0008 0E       		.uleb128 0xe
 356 0009 1B       		.uleb128 0x1b
 357 000a 0E       		.uleb128 0xe
 358 000b 55       		.uleb128 0x55
 359 000c 17       		.uleb128 0x17
 360 000d 11       		.uleb128 0x11
 361 000e 01       		.uleb128 0x1
 362 000f 10       		.uleb128 0x10
 363 0010 17       		.uleb128 0x17
 364 0011 00       		.byte	0
 365 0012 00       		.byte	0
 366 0013 02       		.uleb128 0x2
 367 0014 24       		.uleb128 0x24
 368 0015 00       		.byte	0
 369 0016 0B       		.uleb128 0xb
 370 0017 0B       		.uleb128 0xb
 371 0018 3E       		.uleb128 0x3e
 372 0019 0B       		.uleb128 0xb
 373 001a 03       		.uleb128 0x3
 374 001b 0E       		.uleb128 0xe
 375 001c 00       		.byte	0
 376 001d 00       		.byte	0
 377 001e 03       		.uleb128 0x3
 378 001f 24       		.uleb128 0x24
 379 0020 00       		.byte	0
 380 0021 0B       		.uleb128 0xb
 381 0022 0B       		.uleb128 0xb
 382 0023 3E       		.uleb128 0x3e
 383 0024 0B       		.uleb128 0xb
 384 0025 03       		.uleb128 0x3
 385 0026 08       		.uleb128 0x8
 386 0027 00       		.byte	0
 387 0028 00       		.byte	0
 388 0029 04       		.uleb128 0x4
 389 002a 16       		.uleb128 0x16
 390 002b 00       		.byte	0
 391 002c 03       		.uleb128 0x3
 392 002d 0E       		.uleb128 0xe
 393 002e 3A       		.uleb128 0x3a
 394 002f 0B       		.uleb128 0xb
 395 0030 3B       		.uleb128 0x3b
 396 0031 0B       		.uleb128 0xb
 397 0032 49       		.uleb128 0x49
 398 0033 13       		.uleb128 0x13
 399 0034 00       		.byte	0
ARM GAS  /tmp/ccjC49s9.s 			page 8


 400 0035 00       		.byte	0
 401 0036 05       		.uleb128 0x5
 402 0037 35       		.uleb128 0x35
 403 0038 00       		.byte	0
 404 0039 49       		.uleb128 0x49
 405 003a 13       		.uleb128 0x13
 406 003b 00       		.byte	0
 407 003c 00       		.byte	0
 408 003d 06       		.uleb128 0x6
 409 003e 0F       		.uleb128 0xf
 410 003f 00       		.byte	0
 411 0040 0B       		.uleb128 0xb
 412 0041 0B       		.uleb128 0xb
 413 0042 49       		.uleb128 0x49
 414 0043 13       		.uleb128 0x13
 415 0044 00       		.byte	0
 416 0045 00       		.byte	0
 417 0046 07       		.uleb128 0x7
 418 0047 15       		.uleb128 0x15
 419 0048 00       		.byte	0
 420 0049 27       		.uleb128 0x27
 421 004a 19       		.uleb128 0x19
 422 004b 00       		.byte	0
 423 004c 00       		.byte	0
 424 004d 08       		.uleb128 0x8
 425 004e 13       		.uleb128 0x13
 426 004f 01       		.byte	0x1
 427 0050 03       		.uleb128 0x3
 428 0051 0E       		.uleb128 0xe
 429 0052 0B       		.uleb128 0xb
 430 0053 0B       		.uleb128 0xb
 431 0054 3A       		.uleb128 0x3a
 432 0055 0B       		.uleb128 0xb
 433 0056 3B       		.uleb128 0x3b
 434 0057 0B       		.uleb128 0xb
 435 0058 01       		.uleb128 0x1
 436 0059 13       		.uleb128 0x13
 437 005a 00       		.byte	0
 438 005b 00       		.byte	0
 439 005c 09       		.uleb128 0x9
 440 005d 0D       		.uleb128 0xd
 441 005e 00       		.byte	0
 442 005f 03       		.uleb128 0x3
 443 0060 0E       		.uleb128 0xe
 444 0061 3A       		.uleb128 0x3a
 445 0062 0B       		.uleb128 0xb
 446 0063 3B       		.uleb128 0x3b
 447 0064 0B       		.uleb128 0xb
 448 0065 49       		.uleb128 0x49
 449 0066 13       		.uleb128 0x13
 450 0067 38       		.uleb128 0x38
 451 0068 0B       		.uleb128 0xb
 452 0069 00       		.byte	0
 453 006a 00       		.byte	0
 454 006b 0A       		.uleb128 0xa
 455 006c 15       		.uleb128 0x15
 456 006d 01       		.byte	0x1
ARM GAS  /tmp/ccjC49s9.s 			page 9


 457 006e 27       		.uleb128 0x27
 458 006f 19       		.uleb128 0x19
 459 0070 49       		.uleb128 0x49
 460 0071 13       		.uleb128 0x13
 461 0072 01       		.uleb128 0x1
 462 0073 13       		.uleb128 0x13
 463 0074 00       		.byte	0
 464 0075 00       		.byte	0
 465 0076 0B       		.uleb128 0xb
 466 0077 05       		.uleb128 0x5
 467 0078 00       		.byte	0
 468 0079 49       		.uleb128 0x49
 469 007a 13       		.uleb128 0x13
 470 007b 00       		.byte	0
 471 007c 00       		.byte	0
 472 007d 0C       		.uleb128 0xc
 473 007e 2E       		.uleb128 0x2e
 474 007f 01       		.byte	0x1
 475 0080 3F       		.uleb128 0x3f
 476 0081 19       		.uleb128 0x19
 477 0082 03       		.uleb128 0x3
 478 0083 0E       		.uleb128 0xe
 479 0084 3A       		.uleb128 0x3a
 480 0085 0B       		.uleb128 0xb
 481 0086 3B       		.uleb128 0x3b
 482 0087 0B       		.uleb128 0xb
 483 0088 27       		.uleb128 0x27
 484 0089 19       		.uleb128 0x19
 485 008a 49       		.uleb128 0x49
 486 008b 13       		.uleb128 0x13
 487 008c 11       		.uleb128 0x11
 488 008d 01       		.uleb128 0x1
 489 008e 12       		.uleb128 0x12
 490 008f 06       		.uleb128 0x6
 491 0090 40       		.uleb128 0x40
 492 0091 18       		.uleb128 0x18
 493 0092 9742     		.uleb128 0x2117
 494 0094 19       		.uleb128 0x19
 495 0095 00       		.byte	0
 496 0096 00       		.byte	0
 497 0097 0D       		.uleb128 0xd
 498 0098 05       		.uleb128 0x5
 499 0099 00       		.byte	0
 500 009a 03       		.uleb128 0x3
 501 009b 0E       		.uleb128 0xe
 502 009c 3A       		.uleb128 0x3a
 503 009d 0B       		.uleb128 0xb
 504 009e 3B       		.uleb128 0x3b
 505 009f 0B       		.uleb128 0xb
 506 00a0 49       		.uleb128 0x49
 507 00a1 13       		.uleb128 0x13
 508 00a2 02       		.uleb128 0x2
 509 00a3 17       		.uleb128 0x17
 510 00a4 00       		.byte	0
 511 00a5 00       		.byte	0
 512 00a6 0E       		.uleb128 0xe
 513 00a7 34       		.uleb128 0x34
ARM GAS  /tmp/ccjC49s9.s 			page 10


 514 00a8 00       		.byte	0
 515 00a9 03       		.uleb128 0x3
 516 00aa 08       		.uleb128 0x8
 517 00ab 3A       		.uleb128 0x3a
 518 00ac 0B       		.uleb128 0xb
 519 00ad 3B       		.uleb128 0x3b
 520 00ae 0B       		.uleb128 0xb
 521 00af 49       		.uleb128 0x49
 522 00b0 13       		.uleb128 0x13
 523 00b1 02       		.uleb128 0x2
 524 00b2 17       		.uleb128 0x17
 525 00b3 00       		.byte	0
 526 00b4 00       		.byte	0
 527 00b5 0F       		.uleb128 0xf
 528 00b6 34       		.uleb128 0x34
 529 00b7 00       		.byte	0
 530 00b8 03       		.uleb128 0x3
 531 00b9 08       		.uleb128 0x8
 532 00ba 3A       		.uleb128 0x3a
 533 00bb 0B       		.uleb128 0xb
 534 00bc 3B       		.uleb128 0x3b
 535 00bd 0B       		.uleb128 0xb
 536 00be 49       		.uleb128 0x49
 537 00bf 13       		.uleb128 0x13
 538 00c0 02       		.uleb128 0x2
 539 00c1 18       		.uleb128 0x18
 540 00c2 00       		.byte	0
 541 00c3 00       		.byte	0
 542 00c4 10       		.uleb128 0x10
 543 00c5 34       		.uleb128 0x34
 544 00c6 00       		.byte	0
 545 00c7 03       		.uleb128 0x3
 546 00c8 0E       		.uleb128 0xe
 547 00c9 3A       		.uleb128 0x3a
 548 00ca 0B       		.uleb128 0xb
 549 00cb 3B       		.uleb128 0x3b
 550 00cc 0B       		.uleb128 0xb
 551 00cd 49       		.uleb128 0x49
 552 00ce 13       		.uleb128 0x13
 553 00cf 02       		.uleb128 0x2
 554 00d0 17       		.uleb128 0x17
 555 00d1 00       		.byte	0
 556 00d2 00       		.byte	0
 557 00d3 11       		.uleb128 0x11
 558 00d4 898201   		.uleb128 0x4109
 559 00d7 01       		.byte	0x1
 560 00d8 11       		.uleb128 0x11
 561 00d9 01       		.uleb128 0x1
 562 00da 9342     		.uleb128 0x2113
 563 00dc 18       		.uleb128 0x18
 564 00dd 00       		.byte	0
 565 00de 00       		.byte	0
 566 00df 12       		.uleb128 0x12
 567 00e0 8A8201   		.uleb128 0x410a
 568 00e3 00       		.byte	0
 569 00e4 02       		.uleb128 0x2
 570 00e5 18       		.uleb128 0x18
ARM GAS  /tmp/ccjC49s9.s 			page 11


 571 00e6 9142     		.uleb128 0x2111
 572 00e8 18       		.uleb128 0x18
 573 00e9 00       		.byte	0
 574 00ea 00       		.byte	0
 575 00eb 00       		.byte	0
 576              		.section	.debug_loc,"",%progbits
 577              	.Ldebug_loc0:
 578              	.LLST0:
 579 0000 00000000 		.4byte	.LVL0
 580 0004 2B000000 		.4byte	.LVL14-1
 581 0008 0100     		.2byte	0x1
 582 000a 50       		.byte	0x50
 583 000b 2B000000 		.4byte	.LVL14-1
 584 000f 2E000000 		.4byte	.LFE10
 585 0013 0400     		.2byte	0x4
 586 0015 F3       		.byte	0xf3
 587 0016 01       		.uleb128 0x1
 588 0017 50       		.byte	0x50
 589 0018 9F       		.byte	0x9f
 590 0019 00000000 		.4byte	0
 591 001d 00000000 		.4byte	0
 592              	.LLST1:
 593 0021 00000000 		.4byte	.LVL0
 594 0025 14000000 		.4byte	.LVL4
 595 0029 0100     		.2byte	0x1
 596 002b 51       		.byte	0x51
 597 002c 14000000 		.4byte	.LVL4
 598 0030 16000000 		.4byte	.LVL5
 599 0034 0200     		.2byte	0x2
 600 0036 74       		.byte	0x74
 601 0037 06       		.sleb128 6
 602 0038 16000000 		.4byte	.LVL5
 603 003c 2E000000 		.4byte	.LFE10
 604 0040 0400     		.2byte	0x4
 605 0042 F3       		.byte	0xf3
 606 0043 01       		.uleb128 0x1
 607 0044 51       		.byte	0x51
 608 0045 9F       		.byte	0x9f
 609 0046 00000000 		.4byte	0
 610 004a 00000000 		.4byte	0
 611              	.LLST2:
 612 004e 00000000 		.4byte	.LVL0
 613 0052 28000000 		.4byte	.LVL12
 614 0056 0100     		.2byte	0x1
 615 0058 52       		.byte	0x52
 616 0059 28000000 		.4byte	.LVL12
 617 005d 2E000000 		.4byte	.LFE10
 618 0061 0400     		.2byte	0x4
 619 0063 F3       		.byte	0xf3
 620 0064 01       		.uleb128 0x1
 621 0065 52       		.byte	0x52
 622 0066 9F       		.byte	0x9f
 623 0067 00000000 		.4byte	0
 624 006b 00000000 		.4byte	0
 625              	.LLST3:
 626 006f 00000000 		.4byte	.LVL0
 627 0073 2B000000 		.4byte	.LVL14-1
ARM GAS  /tmp/ccjC49s9.s 			page 12


 628 0077 0100     		.2byte	0x1
 629 0079 53       		.byte	0x53
 630 007a 2B000000 		.4byte	.LVL14-1
 631 007e 2E000000 		.4byte	.LFE10
 632 0082 0400     		.2byte	0x4
 633 0084 F3       		.byte	0xf3
 634 0085 01       		.uleb128 0x1
 635 0086 53       		.byte	0x53
 636 0087 9F       		.byte	0x9f
 637 0088 00000000 		.4byte	0
 638 008c 00000000 		.4byte	0
 639              	.LLST4:
 640 0090 12000000 		.4byte	.LVL3
 641 0094 18000000 		.4byte	.LVL6
 642 0098 0200     		.2byte	0x2
 643 009a 30       		.byte	0x30
 644 009b 9F       		.byte	0x9f
 645 009c 18000000 		.4byte	.LVL6
 646 00a0 1E000000 		.4byte	.LVL8
 647 00a4 0200     		.2byte	0x2
 648 00a6 31       		.byte	0x31
 649 00a7 9F       		.byte	0x9f
 650 00a8 1E000000 		.4byte	.LVL8
 651 00ac 24000000 		.4byte	.LVL10
 652 00b0 0200     		.2byte	0x2
 653 00b2 32       		.byte	0x32
 654 00b3 9F       		.byte	0x9f
 655 00b4 24000000 		.4byte	.LVL10
 656 00b8 2A000000 		.4byte	.LVL13
 657 00bc 0200     		.2byte	0x2
 658 00be 33       		.byte	0x33
 659 00bf 9F       		.byte	0x9f
 660 00c0 2A000000 		.4byte	.LVL13
 661 00c4 2E000000 		.4byte	.LFE10
 662 00c8 0200     		.2byte	0x2
 663 00ca 34       		.byte	0x34
 664 00cb 9F       		.byte	0x9f
 665 00cc 00000000 		.4byte	0
 666 00d0 00000000 		.4byte	0
 667              	.LLST5:
 668 00d4 00000000 		.4byte	.LVL0
 669 00d8 0A000000 		.4byte	.LVL1
 670 00dc 0200     		.2byte	0x2
 671 00de 70       		.byte	0x70
 672 00df 00       		.sleb128 0
 673 00e0 0A000000 		.4byte	.LVL1
 674 00e4 0E000000 		.4byte	.LVL2
 675 00e8 0600     		.2byte	0x6
 676 00ea 70       		.byte	0x70
 677 00eb 00       		.sleb128 0
 678 00ec 06       		.byte	0x6
 679 00ed 23       		.byte	0x23
 680 00ee 07       		.uleb128 0x7
 681 00ef 9F       		.byte	0x9f
 682 00f0 0E000000 		.4byte	.LVL2
 683 00f4 12000000 		.4byte	.LVL3
 684 00f8 0600     		.2byte	0x6
ARM GAS  /tmp/ccjC49s9.s 			page 13


 685 00fa 70       		.byte	0x70
 686 00fb 00       		.sleb128 0
 687 00fc 06       		.byte	0x6
 688 00fd 23       		.byte	0x23
 689 00fe 06       		.uleb128 0x6
 690 00ff 9F       		.byte	0x9f
 691 0100 12000000 		.4byte	.LVL3
 692 0104 18000000 		.4byte	.LVL6
 693 0108 0600     		.2byte	0x6
 694 010a 70       		.byte	0x70
 695 010b 00       		.sleb128 0
 696 010c 06       		.byte	0x6
 697 010d 23       		.byte	0x23
 698 010e 08       		.uleb128 0x8
 699 010f 9F       		.byte	0x9f
 700 0110 18000000 		.4byte	.LVL6
 701 0114 1A000000 		.4byte	.LVL7
 702 0118 0300     		.2byte	0x3
 703 011a 71       		.byte	0x71
 704 011b 08       		.sleb128 8
 705 011c 9F       		.byte	0x9f
 706 011d 1A000000 		.4byte	.LVL7
 707 0121 20000000 		.4byte	.LVL9
 708 0125 0300     		.2byte	0x3
 709 0127 71       		.byte	0x71
 710 0128 09       		.sleb128 9
 711 0129 9F       		.byte	0x9f
 712 012a 20000000 		.4byte	.LVL9
 713 012e 26000000 		.4byte	.LVL11
 714 0132 0300     		.2byte	0x3
 715 0134 71       		.byte	0x71
 716 0135 0A       		.sleb128 10
 717 0136 9F       		.byte	0x9f
 718 0137 28000000 		.4byte	.LVL12
 719 013b 2B000000 		.4byte	.LVL14-1
 720 013f 0300     		.2byte	0x3
 721 0141 72       		.byte	0x72
 722 0142 0B       		.sleb128 11
 723 0143 9F       		.byte	0x9f
 724 0144 00000000 		.4byte	0
 725 0148 00000000 		.4byte	0
 726              		.section	.debug_aranges,"",%progbits
 727 0000 1C000000 		.4byte	0x1c
 728 0004 0200     		.2byte	0x2
 729 0006 00000000 		.4byte	.Ldebug_info0
 730 000a 04       		.byte	0x4
 731 000b 00       		.byte	0
 732 000c 0000     		.2byte	0
 733 000e 0000     		.2byte	0
 734 0010 00000000 		.4byte	.LFB10
 735 0014 2E000000 		.4byte	.LFE10-.LFB10
 736 0018 00000000 		.4byte	0
 737 001c 00000000 		.4byte	0
 738              		.section	.debug_ranges,"",%progbits
 739              	.Ldebug_ranges0:
 740 0000 00000000 		.4byte	.LFB10
 741 0004 2E000000 		.4byte	.LFE10
ARM GAS  /tmp/ccjC49s9.s 			page 14


 742 0008 00000000 		.4byte	0
 743 000c 00000000 		.4byte	0
 744              		.section	.debug_line,"",%progbits
 745              	.Ldebug_line0:
 746 0000 AB000000 		.section	.debug_str,"MS",%progbits,1
 746      02007C00 
 746      00000201 
 746      FB0E0D00 
 746      01010101 
 747              	.LASF10:
 748 0000 5043414C 		.ascii	"PCALLBACK\000"
 748      4C424143 
 748      4B00
 749              	.LASF27:
 750 000a 70535344 		.ascii	"pSSDConfig\000"
 750      436F6E66 
 750      696700
 751              	.LASF21:
 752 0015 50464C41 		.ascii	"PFLASH_SSD_CONFIG\000"
 752      53485F53 
 752      53445F43 
 752      4F4E4649 
 752      4700
 753              	.LASF18:
 754 0027 45454553 		.ascii	"EEESize\000"
 754      697A6500 
 755              	.LASF19:
 756 002f 44656275 		.ascii	"DebugEnable\000"
 756      67456E61 
 756      626C6500 
 757              	.LASF15:
 758 003b 44466C61 		.ascii	"DFlashBase\000"
 758      73684261 
 758      736500
 759              	.LASF30:
 760 0046 70466C61 		.ascii	"pFlashCommandSequence\000"
 760      7368436F 
 760      6D6D616E 
 760      64536571 
 760      75656E63 
 761              	.LASF36:
 762 005c 466C6173 		.ascii	"FlashProgramOnce\000"
 762      6850726F 
 762      6772616D 
 762      4F6E6365 
 762      00
 763              	.LASF34:
 764 006d 2F686F6D 		.ascii	"/home/bunnie/code/chibi-chibios/orchard\000"
 764      652F6275 
 764      6E6E6965 
 764      2F636F64 
 764      652F6368 
 765              	.LASF17:
 766 0095 45455241 		.ascii	"EERAMBase\000"
 766      4D426173 
 766      6500
 767              	.LASF16:
ARM GAS  /tmp/ccjC49s9.s 			page 15


 768 009f 44466C61 		.ascii	"DFlashSize\000"
 768      73685369 
 768      7A6500
 769              	.LASF35:
 770 00aa 5F737364 		.ascii	"_ssd_config\000"
 770      5F636F6E 
 770      66696700 
 771              	.LASF3:
 772 00b6 756E7369 		.ascii	"unsigned char\000"
 772      676E6564 
 772      20636861 
 772      7200
 773              	.LASF23:
 774 00c4 6C6F6E67 		.ascii	"long unsigned int\000"
 774      20756E73 
 774      69676E65 
 774      6420696E 
 774      7400
 775              	.LASF22:
 776 00d6 70464C41 		.ascii	"pFLASHCOMMANDSEQUENCE\000"
 776      5348434F 
 776      4D4D414E 
 776      44534551 
 776      55454E43 
 777              	.LASF4:
 778 00ec 73686F72 		.ascii	"short unsigned int\000"
 778      7420756E 
 778      7369676E 
 778      65642069 
 778      6E7400
 779              	.LASF13:
 780 00ff 50466C61 		.ascii	"PFlashBase\000"
 780      73684261 
 780      736500
 781              	.LASF29:
 782 010a 70446174 		.ascii	"pDataArray\000"
 782      61417272 
 782      617900
 783              	.LASF7:
 784 0115 756E7369 		.ascii	"unsigned int\000"
 784      676E6564 
 784      20696E74 
 784      00
 785              	.LASF31:
 786 0122 74656D70 		.ascii	"temp\000"
 786      00
 787              	.LASF14:
 788 0127 50466C61 		.ascii	"PFlashSize\000"
 788      73685369 
 788      7A6500
 789              	.LASF8:
 790 0132 6C6F6E67 		.ascii	"long long unsigned int\000"
 790      206C6F6E 
 790      6720756E 
 790      7369676E 
 790      65642069 
 791              	.LASF5:
ARM GAS  /tmp/ccjC49s9.s 			page 16


 792 0149 75696E74 		.ascii	"uint8_t\000"
 792      385F7400 
 793              	.LASF9:
 794 0151 7675696E 		.ascii	"vuint8_t\000"
 794      74385F74 
 794      00
 795              	.LASF20:
 796 015a 43616C6C 		.ascii	"CallBack\000"
 796      4261636B 
 796      00
 797              	.LASF28:
 798 0163 7265636F 		.ascii	"recordIndex\000"
 798      7264496E 
 798      64657800 
 799              	.LASF32:
 800 016f 474E5520 		.ascii	"GNU C 4.9.2 -mcpu=cortex-m0 -mfloat-abi=soft -mfp16"
 800      4320342E 
 800      392E3220 
 800      2D6D6370 
 800      753D636F 
 801 01a2 2D666F72 		.ascii	"-format=none -mno-thumb-interwork -mthumb -mfloat-a"
 801      6D61743D 
 801      6E6F6E65 
 801      202D6D6E 
 801      6F2D7468 
 802 01d5 62693D73 		.ascii	"bi=soft -mfpu=vfpv3-d16 -mtls-dialect=gnu -ggdb -O3"
 802      6F667420 
 802      2D6D6670 
 802      753D7666 
 802      7076332D 
 803 0208 202D7374 		.ascii	" -std=gnu99 -fomit-frame-pointer -falign-functions="
 803      643D676E 
 803      75393920 
 803      2D666F6D 
 803      69742D66 
 804 023b 3136202D 		.ascii	"16 -ffunction-sections -fdata-sections -fno-common\000"
 804      6666756E 
 804      6374696F 
 804      6E2D7365 
 804      6374696F 
 805              	.LASF25:
 806 026e 73697A65 		.ascii	"sizetype\000"
 806      74797065 
 806      00
 807              	.LASF2:
 808 0277 6C6F6E67 		.ascii	"long long int\000"
 808      206C6F6E 
 808      6720696E 
 808      7400
 809              	.LASF26:
 810 0285 63686172 		.ascii	"char\000"
 810      00
 811              	.LASF33:
 812 028a 2E2E2F65 		.ascii	"../ext/C90TFS/source/FlashProgramOnce.c\000"
 812      78742F43 
 812      39305446 
 812      532F736F 
ARM GAS  /tmp/ccjC49s9.s 			page 17


 812      75726365 
 813              	.LASF1:
 814 02b2 73686F72 		.ascii	"short int\000"
 814      7420696E 
 814      7400
 815              	.LASF6:
 816 02bc 75696E74 		.ascii	"uint32_t\000"
 816      33325F74 
 816      00
 817              	.LASF24:
 818 02c5 6C6F6E67 		.ascii	"long int\000"
 818      20696E74 
 818      00
 819              	.LASF0:
 820 02ce 7369676E 		.ascii	"signed char\000"
 820      65642063 
 820      68617200 
 821              	.LASF11:
 822 02da 5F426F6F 		.ascii	"_Bool\000"
 822      6C00
 823              	.LASF12:
 824 02e0 66746678 		.ascii	"ftfxRegBase\000"
 824      52656742 
 824      61736500 
 825              		.ident	"GCC: (Debian 4.9.2-10) 4.9.2"
 826              		.section	.note.GNU-stack,"",%progbits
ARM GAS  /tmp/ccjC49s9.s 			page 18


DEFINED SYMBOLS
                            *ABS*:00000000 FlashProgramOnce.c
     /tmp/ccjC49s9.s:18     .text.FlashProgramOnce:00000000 $t
     /tmp/ccjC49s9.s:24     .text.FlashProgramOnce:00000000 FlashProgramOnce
                     .debug_frame:00000010 $d

NO UNDEFINED SYMBOLS
