ARM GAS  /tmp/ccFT4BOd.s 			page 1


   1              		.cpu cortex-m0
   2              		.fpu softvfp
   3              		.eabi_attribute 20, 1
   4              		.eabi_attribute 21, 1
   5              		.eabi_attribute 23, 3
   6              		.eabi_attribute 24, 1
   7              		.eabi_attribute 25, 1
   8              		.eabi_attribute 26, 2
   9              		.eabi_attribute 30, 2
  10              		.eabi_attribute 34, 0
  11              		.eabi_attribute 18, 4
  12              		.code	16
  13              		.file	"FlashEraseAllBlock.c"
  14              		.text
  15              	.Ltext0:
  16              		.cfi_sections	.debug_frame
  17              		.section	.text.FlashEraseAllBlock,"ax",%progbits
  18              		.align	2
  19              		.p2align 4,,-1
  20              		.global	FlashEraseAllBlock
  21              		.code	16
  22              		.thumb_func
  23              		.type	FlashEraseAllBlock, %function
  24              	FlashEraseAllBlock:
  25              	.LFB10:
  26              		.file 1 "../ext/C90TFS/source/FlashEraseAllBlock.c"
  27              		.loc 1 67 0
  28              		.cfi_startproc
  29              	.LVL0:
  30 0000 10B5     		push	{r4, lr}
  31              		.cfi_def_cfa_offset 8
  32              		.cfi_offset 4, -8
  33              		.cfi_offset 14, -4
  34              		.loc 1 73 0
  35 0002 3124     		mov	r4, #49
  36              		.loc 1 77 0
  37 0004 4422     		mov	r2, #68
  38              		.loc 1 73 0
  39 0006 0368     		ldr	r3, [r0]
  40              		.loc 1 92 0
  41              		@ sp needed
  42              		.loc 1 73 0
  43 0008 1C70     		strb	r4, [r3]
  44              	.LVL1:
  45              		.loc 1 76 0
  46 000a 0368     		ldr	r3, [r0]
  47              		.loc 1 77 0
  48 000c DA71     		strb	r2, [r3, #7]
  49              	.LVL2:
  50              		.loc 1 81 0
  51 000e 8847     		blx	r1
  52              	.LVL3:
  53              		.loc 1 92 0
  54 0010 10BD     		pop	{r4, pc}
  55              		.cfi_endproc
  56              	.LFE10:
  57              		.size	FlashEraseAllBlock, .-FlashEraseAllBlock
ARM GAS  /tmp/ccFT4BOd.s 			page 2


  58 0012 C046C046 		.text
  58      C046C046 
  58      C046C046 
  58      C046
  59              	.Letext0:
  60              		.file 2 "/usr/include/stdint.h"
  61              		.file 3 "../ext/C90TFS/include/SSD_Types.h"
  62              		.section	.debug_info,"",%progbits
  63              	.Ldebug_info0:
  64 0000 B5010000 		.4byte	0x1b5
  65 0004 0400     		.2byte	0x4
  66 0006 00000000 		.4byte	.Ldebug_abbrev0
  67 000a 04       		.byte	0x4
  68 000b 01       		.uleb128 0x1
  69 000c 47010000 		.4byte	.LASF29
  70 0010 01       		.byte	0x1
  71 0011 6D020000 		.4byte	.LASF30
  72 0015 5C000000 		.4byte	.LASF31
  73 0019 00000000 		.4byte	.Ldebug_ranges0+0
  74 001d 00000000 		.4byte	0
  75 0021 00000000 		.4byte	.Ldebug_line0
  76 0025 02       		.uleb128 0x2
  77 0026 01       		.byte	0x1
  78 0027 06       		.byte	0x6
  79 0028 B3020000 		.4byte	.LASF0
  80 002c 02       		.uleb128 0x2
  81 002d 02       		.byte	0x2
  82 002e 05       		.byte	0x5
  83 002f 97020000 		.4byte	.LASF1
  84 0033 03       		.uleb128 0x3
  85 0034 04       		.byte	0x4
  86 0035 05       		.byte	0x5
  87 0036 696E7400 		.ascii	"int\000"
  88 003a 02       		.uleb128 0x2
  89 003b 08       		.byte	0x8
  90 003c 05       		.byte	0x5
  91 003d 5A020000 		.4byte	.LASF2
  92 0041 02       		.uleb128 0x2
  93 0042 01       		.byte	0x1
  94 0043 08       		.byte	0x8
  95 0044 A5000000 		.4byte	.LASF3
  96 0048 02       		.uleb128 0x2
  97 0049 02       		.byte	0x2
  98 004a 07       		.byte	0x7
  99 004b DB000000 		.4byte	.LASF4
 100 004f 04       		.uleb128 0x4
 101 0050 A1020000 		.4byte	.LASF7
 102 0054 02       		.byte	0x2
 103 0055 33       		.byte	0x33
 104 0056 5A000000 		.4byte	0x5a
 105 005a 02       		.uleb128 0x2
 106 005b 04       		.byte	0x4
 107 005c 07       		.byte	0x7
 108 005d 01010000 		.4byte	.LASF5
 109 0061 02       		.uleb128 0x2
 110 0062 08       		.byte	0x8
 111 0063 07       		.byte	0x7
ARM GAS  /tmp/ccFT4BOd.s 			page 3


 112 0064 1E010000 		.4byte	.LASF6
 113 0068 04       		.uleb128 0x4
 114 0069 35010000 		.4byte	.LASF8
 115 006d 03       		.byte	0x3
 116 006e 3F       		.byte	0x3f
 117 006f 73000000 		.4byte	0x73
 118 0073 05       		.uleb128 0x5
 119 0074 41000000 		.4byte	0x41
 120 0078 04       		.uleb128 0x4
 121 0079 00000000 		.4byte	.LASF9
 122 007d 03       		.byte	0x3
 123 007e 59       		.byte	0x59
 124 007f 83000000 		.4byte	0x83
 125 0083 06       		.uleb128 0x6
 126 0084 04       		.byte	0x4
 127 0085 89000000 		.4byte	0x89
 128 0089 07       		.uleb128 0x7
 129 008a 02       		.uleb128 0x2
 130 008b 01       		.byte	0x1
 131 008c 02       		.byte	0x2
 132 008d BF020000 		.4byte	.LASF10
 133 0091 08       		.uleb128 0x8
 134 0092 99000000 		.4byte	.LASF32
 135 0096 24       		.byte	0x24
 136 0097 03       		.byte	0x3
 137 0098 6A       		.byte	0x6a
 138 0099 0A010000 		.4byte	0x10a
 139 009d 09       		.uleb128 0x9
 140 009e C5020000 		.4byte	.LASF11
 141 00a2 03       		.byte	0x3
 142 00a3 6C       		.byte	0x6c
 143 00a4 4F000000 		.4byte	0x4f
 144 00a8 00       		.byte	0
 145 00a9 09       		.uleb128 0x9
 146 00aa 4F020000 		.4byte	.LASF12
 147 00ae 03       		.byte	0x3
 148 00af 6D       		.byte	0x6d
 149 00b0 4F000000 		.4byte	0x4f
 150 00b4 04       		.byte	0x4
 151 00b5 09       		.uleb128 0x9
 152 00b6 13010000 		.4byte	.LASF13
 153 00ba 03       		.byte	0x3
 154 00bb 6E       		.byte	0x6e
 155 00bc 4F000000 		.4byte	0x4f
 156 00c0 08       		.byte	0x8
 157 00c1 09       		.uleb128 0x9
 158 00c2 3B000000 		.4byte	.LASF14
 159 00c6 03       		.byte	0x3
 160 00c7 6F       		.byte	0x6f
 161 00c8 4F000000 		.4byte	0x4f
 162 00cc 0C       		.byte	0xc
 163 00cd 09       		.uleb128 0x9
 164 00ce 8E000000 		.4byte	.LASF15
 165 00d2 03       		.byte	0x3
 166 00d3 70       		.byte	0x70
 167 00d4 4F000000 		.4byte	0x4f
 168 00d8 10       		.byte	0x10
ARM GAS  /tmp/ccFT4BOd.s 			page 4


 169 00d9 09       		.uleb128 0x9
 170 00da 84000000 		.4byte	.LASF16
 171 00de 03       		.byte	0x3
 172 00df 73       		.byte	0x73
 173 00e0 4F000000 		.4byte	0x4f
 174 00e4 14       		.byte	0x14
 175 00e5 09       		.uleb128 0x9
 176 00e6 27000000 		.4byte	.LASF17
 177 00ea 03       		.byte	0x3
 178 00eb 75       		.byte	0x75
 179 00ec 4F000000 		.4byte	0x4f
 180 00f0 18       		.byte	0x18
 181 00f1 09       		.uleb128 0x9
 182 00f2 2F000000 		.4byte	.LASF18
 183 00f6 03       		.byte	0x3
 184 00f7 78       		.byte	0x78
 185 00f8 8A000000 		.4byte	0x8a
 186 00fc 1C       		.byte	0x1c
 187 00fd 09       		.uleb128 0x9
 188 00fe 3E010000 		.4byte	.LASF19
 189 0102 03       		.byte	0x3
 190 0103 79       		.byte	0x79
 191 0104 78000000 		.4byte	0x78
 192 0108 20       		.byte	0x20
 193 0109 00       		.byte	0
 194 010a 04       		.uleb128 0x4
 195 010b 15000000 		.4byte	.LASF20
 196 010f 03       		.byte	0x3
 197 0110 7A       		.byte	0x7a
 198 0111 15010000 		.4byte	0x115
 199 0115 06       		.uleb128 0x6
 200 0116 04       		.byte	0x4
 201 0117 91000000 		.4byte	0x91
 202 011b 04       		.uleb128 0x4
 203 011c C5000000 		.4byte	.LASF21
 204 0120 03       		.byte	0x3
 205 0121 7E       		.byte	0x7e
 206 0122 26010000 		.4byte	0x126
 207 0126 06       		.uleb128 0x6
 208 0127 04       		.byte	0x4
 209 0128 2C010000 		.4byte	0x12c
 210 012c 0A       		.uleb128 0xa
 211 012d 4F000000 		.4byte	0x4f
 212 0131 3B010000 		.4byte	0x13b
 213 0135 0B       		.uleb128 0xb
 214 0136 0A010000 		.4byte	0x10a
 215 013a 00       		.byte	0
 216 013b 02       		.uleb128 0x2
 217 013c 04       		.byte	0x4
 218 013d 07       		.byte	0x7
 219 013e B3000000 		.4byte	.LASF22
 220 0142 02       		.uleb128 0x2
 221 0143 04       		.byte	0x4
 222 0144 05       		.byte	0x5
 223 0145 AA020000 		.4byte	.LASF23
 224 0149 02       		.uleb128 0x2
 225 014a 04       		.byte	0x4
ARM GAS  /tmp/ccFT4BOd.s 			page 5


 226 014b 07       		.byte	0x7
 227 014c 46020000 		.4byte	.LASF24
 228 0150 02       		.uleb128 0x2
 229 0151 01       		.byte	0x1
 230 0152 08       		.byte	0x8
 231 0153 68020000 		.4byte	.LASF25
 232 0157 0C       		.uleb128 0xc
 233 0158 EE000000 		.4byte	.LASF33
 234 015c 01       		.byte	0x1
 235 015d 41       		.byte	0x41
 236 015e 4F000000 		.4byte	0x4f
 237 0162 00000000 		.4byte	.LFB10
 238 0166 12000000 		.4byte	.LFE10-.LFB10
 239 016a 01       		.uleb128 0x1
 240 016b 9C       		.byte	0x9c
 241 016c 0D       		.uleb128 0xd
 242 016d 0A000000 		.4byte	.LASF26
 243 0171 01       		.byte	0x1
 244 0172 41       		.byte	0x41
 245 0173 0A010000 		.4byte	0x10a
 246 0177 00000000 		.4byte	.LLST0
 247 017b 0D       		.uleb128 0xd
 248 017c 46000000 		.4byte	.LASF27
 249 0180 01       		.byte	0x1
 250 0181 42       		.byte	0x42
 251 0182 1B010000 		.4byte	0x11b
 252 0186 21000000 		.4byte	.LLST1
 253 018a 0E       		.uleb128 0xe
 254 018b 72657400 		.ascii	"ret\000"
 255 018f 01       		.byte	0x1
 256 0190 44       		.byte	0x44
 257 0191 4F000000 		.4byte	0x4f
 258 0195 01       		.uleb128 0x1
 259 0196 50       		.byte	0x50
 260 0197 0F       		.uleb128 0xf
 261 0198 0E010000 		.4byte	.LASF28
 262 019c 01       		.byte	0x1
 263 019d 45       		.byte	0x45
 264 019e 4F000000 		.4byte	0x4f
 265 01a2 42000000 		.4byte	.LLST2
 266 01a6 10       		.uleb128 0x10
 267 01a7 10000000 		.4byte	.LVL3
 268 01ab 03       		.uleb128 0x3
 269 01ac F3       		.byte	0xf3
 270 01ad 01       		.uleb128 0x1
 271 01ae 51       		.byte	0x51
 272 01af 11       		.uleb128 0x11
 273 01b0 01       		.uleb128 0x1
 274 01b1 50       		.byte	0x50
 275 01b2 03       		.uleb128 0x3
 276 01b3 F3       		.byte	0xf3
 277 01b4 01       		.uleb128 0x1
 278 01b5 50       		.byte	0x50
 279 01b6 00       		.byte	0
 280 01b7 00       		.byte	0
 281 01b8 00       		.byte	0
 282              		.section	.debug_abbrev,"",%progbits
ARM GAS  /tmp/ccFT4BOd.s 			page 6


 283              	.Ldebug_abbrev0:
 284 0000 01       		.uleb128 0x1
 285 0001 11       		.uleb128 0x11
 286 0002 01       		.byte	0x1
 287 0003 25       		.uleb128 0x25
 288 0004 0E       		.uleb128 0xe
 289 0005 13       		.uleb128 0x13
 290 0006 0B       		.uleb128 0xb
 291 0007 03       		.uleb128 0x3
 292 0008 0E       		.uleb128 0xe
 293 0009 1B       		.uleb128 0x1b
 294 000a 0E       		.uleb128 0xe
 295 000b 55       		.uleb128 0x55
 296 000c 17       		.uleb128 0x17
 297 000d 11       		.uleb128 0x11
 298 000e 01       		.uleb128 0x1
 299 000f 10       		.uleb128 0x10
 300 0010 17       		.uleb128 0x17
 301 0011 00       		.byte	0
 302 0012 00       		.byte	0
 303 0013 02       		.uleb128 0x2
 304 0014 24       		.uleb128 0x24
 305 0015 00       		.byte	0
 306 0016 0B       		.uleb128 0xb
 307 0017 0B       		.uleb128 0xb
 308 0018 3E       		.uleb128 0x3e
 309 0019 0B       		.uleb128 0xb
 310 001a 03       		.uleb128 0x3
 311 001b 0E       		.uleb128 0xe
 312 001c 00       		.byte	0
 313 001d 00       		.byte	0
 314 001e 03       		.uleb128 0x3
 315 001f 24       		.uleb128 0x24
 316 0020 00       		.byte	0
 317 0021 0B       		.uleb128 0xb
 318 0022 0B       		.uleb128 0xb
 319 0023 3E       		.uleb128 0x3e
 320 0024 0B       		.uleb128 0xb
 321 0025 03       		.uleb128 0x3
 322 0026 08       		.uleb128 0x8
 323 0027 00       		.byte	0
 324 0028 00       		.byte	0
 325 0029 04       		.uleb128 0x4
 326 002a 16       		.uleb128 0x16
 327 002b 00       		.byte	0
 328 002c 03       		.uleb128 0x3
 329 002d 0E       		.uleb128 0xe
 330 002e 3A       		.uleb128 0x3a
 331 002f 0B       		.uleb128 0xb
 332 0030 3B       		.uleb128 0x3b
 333 0031 0B       		.uleb128 0xb
 334 0032 49       		.uleb128 0x49
 335 0033 13       		.uleb128 0x13
 336 0034 00       		.byte	0
 337 0035 00       		.byte	0
 338 0036 05       		.uleb128 0x5
 339 0037 35       		.uleb128 0x35
ARM GAS  /tmp/ccFT4BOd.s 			page 7


 340 0038 00       		.byte	0
 341 0039 49       		.uleb128 0x49
 342 003a 13       		.uleb128 0x13
 343 003b 00       		.byte	0
 344 003c 00       		.byte	0
 345 003d 06       		.uleb128 0x6
 346 003e 0F       		.uleb128 0xf
 347 003f 00       		.byte	0
 348 0040 0B       		.uleb128 0xb
 349 0041 0B       		.uleb128 0xb
 350 0042 49       		.uleb128 0x49
 351 0043 13       		.uleb128 0x13
 352 0044 00       		.byte	0
 353 0045 00       		.byte	0
 354 0046 07       		.uleb128 0x7
 355 0047 15       		.uleb128 0x15
 356 0048 00       		.byte	0
 357 0049 27       		.uleb128 0x27
 358 004a 19       		.uleb128 0x19
 359 004b 00       		.byte	0
 360 004c 00       		.byte	0
 361 004d 08       		.uleb128 0x8
 362 004e 13       		.uleb128 0x13
 363 004f 01       		.byte	0x1
 364 0050 03       		.uleb128 0x3
 365 0051 0E       		.uleb128 0xe
 366 0052 0B       		.uleb128 0xb
 367 0053 0B       		.uleb128 0xb
 368 0054 3A       		.uleb128 0x3a
 369 0055 0B       		.uleb128 0xb
 370 0056 3B       		.uleb128 0x3b
 371 0057 0B       		.uleb128 0xb
 372 0058 01       		.uleb128 0x1
 373 0059 13       		.uleb128 0x13
 374 005a 00       		.byte	0
 375 005b 00       		.byte	0
 376 005c 09       		.uleb128 0x9
 377 005d 0D       		.uleb128 0xd
 378 005e 00       		.byte	0
 379 005f 03       		.uleb128 0x3
 380 0060 0E       		.uleb128 0xe
 381 0061 3A       		.uleb128 0x3a
 382 0062 0B       		.uleb128 0xb
 383 0063 3B       		.uleb128 0x3b
 384 0064 0B       		.uleb128 0xb
 385 0065 49       		.uleb128 0x49
 386 0066 13       		.uleb128 0x13
 387 0067 38       		.uleb128 0x38
 388 0068 0B       		.uleb128 0xb
 389 0069 00       		.byte	0
 390 006a 00       		.byte	0
 391 006b 0A       		.uleb128 0xa
 392 006c 15       		.uleb128 0x15
 393 006d 01       		.byte	0x1
 394 006e 27       		.uleb128 0x27
 395 006f 19       		.uleb128 0x19
 396 0070 49       		.uleb128 0x49
ARM GAS  /tmp/ccFT4BOd.s 			page 8


 397 0071 13       		.uleb128 0x13
 398 0072 01       		.uleb128 0x1
 399 0073 13       		.uleb128 0x13
 400 0074 00       		.byte	0
 401 0075 00       		.byte	0
 402 0076 0B       		.uleb128 0xb
 403 0077 05       		.uleb128 0x5
 404 0078 00       		.byte	0
 405 0079 49       		.uleb128 0x49
 406 007a 13       		.uleb128 0x13
 407 007b 00       		.byte	0
 408 007c 00       		.byte	0
 409 007d 0C       		.uleb128 0xc
 410 007e 2E       		.uleb128 0x2e
 411 007f 01       		.byte	0x1
 412 0080 3F       		.uleb128 0x3f
 413 0081 19       		.uleb128 0x19
 414 0082 03       		.uleb128 0x3
 415 0083 0E       		.uleb128 0xe
 416 0084 3A       		.uleb128 0x3a
 417 0085 0B       		.uleb128 0xb
 418 0086 3B       		.uleb128 0x3b
 419 0087 0B       		.uleb128 0xb
 420 0088 27       		.uleb128 0x27
 421 0089 19       		.uleb128 0x19
 422 008a 49       		.uleb128 0x49
 423 008b 13       		.uleb128 0x13
 424 008c 11       		.uleb128 0x11
 425 008d 01       		.uleb128 0x1
 426 008e 12       		.uleb128 0x12
 427 008f 06       		.uleb128 0x6
 428 0090 40       		.uleb128 0x40
 429 0091 18       		.uleb128 0x18
 430 0092 9742     		.uleb128 0x2117
 431 0094 19       		.uleb128 0x19
 432 0095 00       		.byte	0
 433 0096 00       		.byte	0
 434 0097 0D       		.uleb128 0xd
 435 0098 05       		.uleb128 0x5
 436 0099 00       		.byte	0
 437 009a 03       		.uleb128 0x3
 438 009b 0E       		.uleb128 0xe
 439 009c 3A       		.uleb128 0x3a
 440 009d 0B       		.uleb128 0xb
 441 009e 3B       		.uleb128 0x3b
 442 009f 0B       		.uleb128 0xb
 443 00a0 49       		.uleb128 0x49
 444 00a1 13       		.uleb128 0x13
 445 00a2 02       		.uleb128 0x2
 446 00a3 17       		.uleb128 0x17
 447 00a4 00       		.byte	0
 448 00a5 00       		.byte	0
 449 00a6 0E       		.uleb128 0xe
 450 00a7 34       		.uleb128 0x34
 451 00a8 00       		.byte	0
 452 00a9 03       		.uleb128 0x3
 453 00aa 08       		.uleb128 0x8
ARM GAS  /tmp/ccFT4BOd.s 			page 9


 454 00ab 3A       		.uleb128 0x3a
 455 00ac 0B       		.uleb128 0xb
 456 00ad 3B       		.uleb128 0x3b
 457 00ae 0B       		.uleb128 0xb
 458 00af 49       		.uleb128 0x49
 459 00b0 13       		.uleb128 0x13
 460 00b1 02       		.uleb128 0x2
 461 00b2 18       		.uleb128 0x18
 462 00b3 00       		.byte	0
 463 00b4 00       		.byte	0
 464 00b5 0F       		.uleb128 0xf
 465 00b6 34       		.uleb128 0x34
 466 00b7 00       		.byte	0
 467 00b8 03       		.uleb128 0x3
 468 00b9 0E       		.uleb128 0xe
 469 00ba 3A       		.uleb128 0x3a
 470 00bb 0B       		.uleb128 0xb
 471 00bc 3B       		.uleb128 0x3b
 472 00bd 0B       		.uleb128 0xb
 473 00be 49       		.uleb128 0x49
 474 00bf 13       		.uleb128 0x13
 475 00c0 02       		.uleb128 0x2
 476 00c1 17       		.uleb128 0x17
 477 00c2 00       		.byte	0
 478 00c3 00       		.byte	0
 479 00c4 10       		.uleb128 0x10
 480 00c5 898201   		.uleb128 0x4109
 481 00c8 01       		.byte	0x1
 482 00c9 11       		.uleb128 0x11
 483 00ca 01       		.uleb128 0x1
 484 00cb 9342     		.uleb128 0x2113
 485 00cd 18       		.uleb128 0x18
 486 00ce 00       		.byte	0
 487 00cf 00       		.byte	0
 488 00d0 11       		.uleb128 0x11
 489 00d1 8A8201   		.uleb128 0x410a
 490 00d4 00       		.byte	0
 491 00d5 02       		.uleb128 0x2
 492 00d6 18       		.uleb128 0x18
 493 00d7 9142     		.uleb128 0x2111
 494 00d9 18       		.uleb128 0x18
 495 00da 00       		.byte	0
 496 00db 00       		.byte	0
 497 00dc 00       		.byte	0
 498              		.section	.debug_loc,"",%progbits
 499              	.Ldebug_loc0:
 500              	.LLST0:
 501 0000 00000000 		.4byte	.LVL0
 502 0004 0F000000 		.4byte	.LVL3-1
 503 0008 0100     		.2byte	0x1
 504 000a 50       		.byte	0x50
 505 000b 0F000000 		.4byte	.LVL3-1
 506 000f 12000000 		.4byte	.LFE10
 507 0013 0400     		.2byte	0x4
 508 0015 F3       		.byte	0xf3
 509 0016 01       		.uleb128 0x1
 510 0017 50       		.byte	0x50
ARM GAS  /tmp/ccFT4BOd.s 			page 10


 511 0018 9F       		.byte	0x9f
 512 0019 00000000 		.4byte	0
 513 001d 00000000 		.4byte	0
 514              	.LLST1:
 515 0021 00000000 		.4byte	.LVL0
 516 0025 0F000000 		.4byte	.LVL3-1
 517 0029 0100     		.2byte	0x1
 518 002b 51       		.byte	0x51
 519 002c 0F000000 		.4byte	.LVL3-1
 520 0030 12000000 		.4byte	.LFE10
 521 0034 0400     		.2byte	0x4
 522 0036 F3       		.byte	0xf3
 523 0037 01       		.uleb128 0x1
 524 0038 51       		.byte	0x51
 525 0039 9F       		.byte	0x9f
 526 003a 00000000 		.4byte	0
 527 003e 00000000 		.4byte	0
 528              	.LLST2:
 529 0042 00000000 		.4byte	.LVL0
 530 0046 0A000000 		.4byte	.LVL1
 531 004a 0200     		.2byte	0x2
 532 004c 70       		.byte	0x70
 533 004d 00       		.sleb128 0
 534 004e 0A000000 		.4byte	.LVL1
 535 0052 0E000000 		.4byte	.LVL2
 536 0056 0600     		.2byte	0x6
 537 0058 70       		.byte	0x70
 538 0059 00       		.sleb128 0
 539 005a 06       		.byte	0x6
 540 005b 23       		.byte	0x23
 541 005c 07       		.uleb128 0x7
 542 005d 9F       		.byte	0x9f
 543 005e 0E000000 		.4byte	.LVL2
 544 0062 0F000000 		.4byte	.LVL3-1
 545 0066 0300     		.2byte	0x3
 546 0068 73       		.byte	0x73
 547 0069 07       		.sleb128 7
 548 006a 9F       		.byte	0x9f
 549 006b 00000000 		.4byte	0
 550 006f 00000000 		.4byte	0
 551              		.section	.debug_aranges,"",%progbits
 552 0000 1C000000 		.4byte	0x1c
 553 0004 0200     		.2byte	0x2
 554 0006 00000000 		.4byte	.Ldebug_info0
 555 000a 04       		.byte	0x4
 556 000b 00       		.byte	0
 557 000c 0000     		.2byte	0
 558 000e 0000     		.2byte	0
 559 0010 00000000 		.4byte	.LFB10
 560 0014 12000000 		.4byte	.LFE10-.LFB10
 561 0018 00000000 		.4byte	0
 562 001c 00000000 		.4byte	0
 563              		.section	.debug_ranges,"",%progbits
 564              	.Ldebug_ranges0:
 565 0000 00000000 		.4byte	.LFB10
 566 0004 12000000 		.4byte	.LFE10
 567 0008 00000000 		.4byte	0
ARM GAS  /tmp/ccFT4BOd.s 			page 11


 568 000c 00000000 		.4byte	0
 569              		.section	.debug_line,"",%progbits
 570              	.Ldebug_line0:
 571 0000 A3000000 		.section	.debug_str,"MS",%progbits,1
 571      02007E00 
 571      00000201 
 571      FB0E0D00 
 571      01010101 
 572              	.LASF9:
 573 0000 5043414C 		.ascii	"PCALLBACK\000"
 573      4C424143 
 573      4B00
 574              	.LASF26:
 575 000a 70535344 		.ascii	"pSSDConfig\000"
 575      436F6E66 
 575      696700
 576              	.LASF20:
 577 0015 50464C41 		.ascii	"PFLASH_SSD_CONFIG\000"
 577      53485F53 
 577      53445F43 
 577      4F4E4649 
 577      4700
 578              	.LASF17:
 579 0027 45454553 		.ascii	"EEESize\000"
 579      697A6500 
 580              	.LASF18:
 581 002f 44656275 		.ascii	"DebugEnable\000"
 581      67456E61 
 581      626C6500 
 582              	.LASF14:
 583 003b 44466C61 		.ascii	"DFlashBase\000"
 583      73684261 
 583      736500
 584              	.LASF27:
 585 0046 70466C61 		.ascii	"pFlashCommandSequence\000"
 585      7368436F 
 585      6D6D616E 
 585      64536571 
 585      75656E63 
 586              	.LASF31:
 587 005c 2F686F6D 		.ascii	"/home/bunnie/code/chibi-chibios/orchard\000"
 587      652F6275 
 587      6E6E6965 
 587      2F636F64 
 587      652F6368 
 588              	.LASF16:
 589 0084 45455241 		.ascii	"EERAMBase\000"
 589      4D426173 
 589      6500
 590              	.LASF15:
 591 008e 44466C61 		.ascii	"DFlashSize\000"
 591      73685369 
 591      7A6500
 592              	.LASF32:
 593 0099 5F737364 		.ascii	"_ssd_config\000"
 593      5F636F6E 
 593      66696700 
ARM GAS  /tmp/ccFT4BOd.s 			page 12


 594              	.LASF3:
 595 00a5 756E7369 		.ascii	"unsigned char\000"
 595      676E6564 
 595      20636861 
 595      7200
 596              	.LASF22:
 597 00b3 6C6F6E67 		.ascii	"long unsigned int\000"
 597      20756E73 
 597      69676E65 
 597      6420696E 
 597      7400
 598              	.LASF21:
 599 00c5 70464C41 		.ascii	"pFLASHCOMMANDSEQUENCE\000"
 599      5348434F 
 599      4D4D414E 
 599      44534551 
 599      55454E43 
 600              	.LASF4:
 601 00db 73686F72 		.ascii	"short unsigned int\000"
 601      7420756E 
 601      7369676E 
 601      65642069 
 601      6E7400
 602              	.LASF33:
 603 00ee 466C6173 		.ascii	"FlashEraseAllBlock\000"
 603      68457261 
 603      7365416C 
 603      6C426C6F 
 603      636B00
 604              	.LASF5:
 605 0101 756E7369 		.ascii	"unsigned int\000"
 605      676E6564 
 605      20696E74 
 605      00
 606              	.LASF28:
 607 010e 74656D70 		.ascii	"temp\000"
 607      00
 608              	.LASF13:
 609 0113 50466C61 		.ascii	"PFlashSize\000"
 609      73685369 
 609      7A6500
 610              	.LASF6:
 611 011e 6C6F6E67 		.ascii	"long long unsigned int\000"
 611      206C6F6E 
 611      6720756E 
 611      7369676E 
 611      65642069 
 612              	.LASF8:
 613 0135 7675696E 		.ascii	"vuint8_t\000"
 613      74385F74 
 613      00
 614              	.LASF19:
 615 013e 43616C6C 		.ascii	"CallBack\000"
 615      4261636B 
 615      00
 616              	.LASF29:
 617 0147 474E5520 		.ascii	"GNU C 4.9.2 -mcpu=cortex-m0 -mfloat-abi=soft -mfp16"
ARM GAS  /tmp/ccFT4BOd.s 			page 13


 617      4320342E 
 617      392E3220 
 617      2D6D6370 
 617      753D636F 
 618 017a 2D666F72 		.ascii	"-format=none -mno-thumb-interwork -mthumb -mfloat-a"
 618      6D61743D 
 618      6E6F6E65 
 618      202D6D6E 
 618      6F2D7468 
 619 01ad 62693D73 		.ascii	"bi=soft -mfpu=vfpv3-d16 -mtls-dialect=gnu -ggdb -O3"
 619      6F667420 
 619      2D6D6670 
 619      753D7666 
 619      7076332D 
 620 01e0 202D7374 		.ascii	" -std=gnu99 -fomit-frame-pointer -falign-functions="
 620      643D676E 
 620      75393920 
 620      2D666F6D 
 620      69742D66 
 621 0213 3136202D 		.ascii	"16 -ffunction-sections -fdata-sections -fno-common\000"
 621      6666756E 
 621      6374696F 
 621      6E2D7365 
 621      6374696F 
 622              	.LASF24:
 623 0246 73697A65 		.ascii	"sizetype\000"
 623      74797065 
 623      00
 624              	.LASF12:
 625 024f 50466C61 		.ascii	"PFlashBase\000"
 625      73684261 
 625      736500
 626              	.LASF2:
 627 025a 6C6F6E67 		.ascii	"long long int\000"
 627      206C6F6E 
 627      6720696E 
 627      7400
 628              	.LASF25:
 629 0268 63686172 		.ascii	"char\000"
 629      00
 630              	.LASF30:
 631 026d 2E2E2F65 		.ascii	"../ext/C90TFS/source/FlashEraseAllBlock.c\000"
 631      78742F43 
 631      39305446 
 631      532F736F 
 631      75726365 
 632              	.LASF1:
 633 0297 73686F72 		.ascii	"short int\000"
 633      7420696E 
 633      7400
 634              	.LASF7:
 635 02a1 75696E74 		.ascii	"uint32_t\000"
 635      33325F74 
 635      00
 636              	.LASF23:
 637 02aa 6C6F6E67 		.ascii	"long int\000"
 637      20696E74 
ARM GAS  /tmp/ccFT4BOd.s 			page 14


 637      00
 638              	.LASF0:
 639 02b3 7369676E 		.ascii	"signed char\000"
 639      65642063 
 639      68617200 
 640              	.LASF10:
 641 02bf 5F426F6F 		.ascii	"_Bool\000"
 641      6C00
 642              	.LASF11:
 643 02c5 66746678 		.ascii	"ftfxRegBase\000"
 643      52656742 
 643      61736500 
 644              		.ident	"GCC: (Debian 4.9.2-10) 4.9.2"
 645              		.section	.note.GNU-stack,"",%progbits
ARM GAS  /tmp/ccFT4BOd.s 			page 15


DEFINED SYMBOLS
                            *ABS*:00000000 FlashEraseAllBlock.c
     /tmp/ccFT4BOd.s:18     .text.FlashEraseAllBlock:00000000 $t
     /tmp/ccFT4BOd.s:24     .text.FlashEraseAllBlock:00000000 FlashEraseAllBlock
                     .debug_frame:00000010 $d

NO UNDEFINED SYMBOLS
