ARM GAS  /tmp/cccDRAne.s 			page 1


   1              		.cpu cortex-m0
   2              		.fpu softvfp
   3              		.eabi_attribute 20, 1
   4              		.eabi_attribute 21, 1
   5              		.eabi_attribute 23, 3
   6              		.eabi_attribute 24, 1
   7              		.eabi_attribute 25, 1
   8              		.eabi_attribute 26, 2
   9              		.eabi_attribute 30, 2
  10              		.eabi_attribute 34, 0
  11              		.eabi_attribute 18, 4
  12              		.code	16
  13              		.file	"FlashProgramSection.c"
  14              		.text
  15              	.Ltext0:
  16              		.cfi_sections	.debug_frame
  17              	.Letext0:
  18              		.section	.debug_info,"",%progbits
  19              	.Ldebug_info0:
  20 0000 75000000 		.4byte	0x75
  21 0004 0400     		.2byte	0x4
  22 0006 00000000 		.4byte	.Ldebug_abbrev0
  23 000a 04       		.byte	0x4
  24 000b 01       		.uleb128 0x1
  25 000c AD000000 		.4byte	.LASF12
  26 0010 01       		.byte	0x1
  27 0011 AC010000 		.4byte	.LASF13
  28 0015 66000000 		.4byte	.LASF14
  29 0019 00000000 		.4byte	.Ldebug_line0
  30 001d 02       		.uleb128 0x2
  31 001e 01       		.byte	0x1
  32 001f 06       		.byte	0x6
  33 0020 A1000000 		.4byte	.LASF0
  34 0024 02       		.uleb128 0x2
  35 0025 02       		.byte	0x2
  36 0026 05       		.byte	0x5
  37 0027 D7010000 		.4byte	.LASF1
  38 002b 03       		.uleb128 0x3
  39 002c 04       		.byte	0x4
  40 002d 05       		.byte	0x5
  41 002e 696E7400 		.ascii	"int\000"
  42 0032 02       		.uleb128 0x2
  43 0033 08       		.byte	0x8
  44 0034 05       		.byte	0x5
  45 0035 00000000 		.4byte	.LASF2
  46 0039 02       		.uleb128 0x2
  47 003a 01       		.byte	0x1
  48 003b 08       		.byte	0x8
  49 003c 44000000 		.4byte	.LASF3
  50 0040 02       		.uleb128 0x2
  51 0041 02       		.byte	0x2
  52 0042 07       		.byte	0x7
  53 0043 8E000000 		.4byte	.LASF4
  54 0047 02       		.uleb128 0x2
  55 0048 04       		.byte	0x4
  56 0049 07       		.byte	0x7
  57 004a 0E000000 		.4byte	.LASF5
ARM GAS  /tmp/cccDRAne.s 			page 2


  58 004e 02       		.uleb128 0x2
  59 004f 08       		.byte	0x8
  60 0050 07       		.byte	0x7
  61 0051 2D000000 		.4byte	.LASF6
  62 0055 02       		.uleb128 0x2
  63 0056 01       		.byte	0x1
  64 0057 02       		.byte	0x2
  65 0058 60000000 		.4byte	.LASF7
  66 005c 02       		.uleb128 0x2
  67 005d 04       		.byte	0x4
  68 005e 07       		.byte	0x7
  69 005f 1B000000 		.4byte	.LASF8
  70 0063 02       		.uleb128 0x2
  71 0064 04       		.byte	0x4
  72 0065 05       		.byte	0x5
  73 0066 57000000 		.4byte	.LASF9
  74 006a 02       		.uleb128 0x2
  75 006b 04       		.byte	0x4
  76 006c 07       		.byte	0x7
  77 006d E1010000 		.4byte	.LASF10
  78 0071 02       		.uleb128 0x2
  79 0072 01       		.byte	0x1
  80 0073 08       		.byte	0x8
  81 0074 52000000 		.4byte	.LASF11
  82 0078 00       		.byte	0
  83              		.section	.debug_abbrev,"",%progbits
  84              	.Ldebug_abbrev0:
  85 0000 01       		.uleb128 0x1
  86 0001 11       		.uleb128 0x11
  87 0002 01       		.byte	0x1
  88 0003 25       		.uleb128 0x25
  89 0004 0E       		.uleb128 0xe
  90 0005 13       		.uleb128 0x13
  91 0006 0B       		.uleb128 0xb
  92 0007 03       		.uleb128 0x3
  93 0008 0E       		.uleb128 0xe
  94 0009 1B       		.uleb128 0x1b
  95 000a 0E       		.uleb128 0xe
  96 000b 10       		.uleb128 0x10
  97 000c 17       		.uleb128 0x17
  98 000d 00       		.byte	0
  99 000e 00       		.byte	0
 100 000f 02       		.uleb128 0x2
 101 0010 24       		.uleb128 0x24
 102 0011 00       		.byte	0
 103 0012 0B       		.uleb128 0xb
 104 0013 0B       		.uleb128 0xb
 105 0014 3E       		.uleb128 0x3e
 106 0015 0B       		.uleb128 0xb
 107 0016 03       		.uleb128 0x3
 108 0017 0E       		.uleb128 0xe
 109 0018 00       		.byte	0
 110 0019 00       		.byte	0
 111 001a 03       		.uleb128 0x3
 112 001b 24       		.uleb128 0x24
 113 001c 00       		.byte	0
 114 001d 0B       		.uleb128 0xb
ARM GAS  /tmp/cccDRAne.s 			page 3


 115 001e 0B       		.uleb128 0xb
 116 001f 3E       		.uleb128 0x3e
 117 0020 0B       		.uleb128 0xb
 118 0021 03       		.uleb128 0x3
 119 0022 08       		.uleb128 0x8
 120 0023 00       		.byte	0
 121 0024 00       		.byte	0
 122 0025 00       		.byte	0
 123              		.section	.debug_aranges,"",%progbits
 124 0000 14000000 		.4byte	0x14
 125 0004 0200     		.2byte	0x2
 126 0006 00000000 		.4byte	.Ldebug_info0
 127 000a 04       		.byte	0x4
 128 000b 00       		.byte	0
 129 000c 0000     		.2byte	0
 130 000e 0000     		.2byte	0
 131 0010 00000000 		.4byte	0
 132 0014 00000000 		.4byte	0
 133              		.section	.debug_line,"",%progbits
 134              	.Ldebug_line0:
 135 0000 19000000 		.section	.debug_str,"MS",%progbits,1
 135      02001300 
 135      00000201 
 135      FB0E0D00 
 135      01010101 
 136              	.LASF2:
 137 0000 6C6F6E67 		.ascii	"long long int\000"
 137      206C6F6E 
 137      6720696E 
 137      7400
 138              	.LASF5:
 139 000e 756E7369 		.ascii	"unsigned int\000"
 139      676E6564 
 139      20696E74 
 139      00
 140              	.LASF8:
 141 001b 6C6F6E67 		.ascii	"long unsigned int\000"
 141      20756E73 
 141      69676E65 
 141      6420696E 
 141      7400
 142              	.LASF6:
 143 002d 6C6F6E67 		.ascii	"long long unsigned int\000"
 143      206C6F6E 
 143      6720756E 
 143      7369676E 
 143      65642069 
 144              	.LASF3:
 145 0044 756E7369 		.ascii	"unsigned char\000"
 145      676E6564 
 145      20636861 
 145      7200
 146              	.LASF11:
 147 0052 63686172 		.ascii	"char\000"
 147      00
 148              	.LASF9:
 149 0057 6C6F6E67 		.ascii	"long int\000"
ARM GAS  /tmp/cccDRAne.s 			page 4


 149      20696E74 
 149      00
 150              	.LASF7:
 151 0060 5F426F6F 		.ascii	"_Bool\000"
 151      6C00
 152              	.LASF14:
 153 0066 2F686F6D 		.ascii	"/home/bunnie/code/chibi-chibios/orchard\000"
 153      652F6275 
 153      6E6E6965 
 153      2F636F64 
 153      652F6368 
 154              	.LASF4:
 155 008e 73686F72 		.ascii	"short unsigned int\000"
 155      7420756E 
 155      7369676E 
 155      65642069 
 155      6E7400
 156              	.LASF0:
 157 00a1 7369676E 		.ascii	"signed char\000"
 157      65642063 
 157      68617200 
 158              	.LASF12:
 159 00ad 474E5520 		.ascii	"GNU C 4.9.2 -mcpu=cortex-m0 -mfloat-abi=soft -mfp16"
 159      4320342E 
 159      392E3220 
 159      2D6D6370 
 159      753D636F 
 160 00e0 2D666F72 		.ascii	"-format=none -mno-thumb-interwork -mthumb -mfloat-a"
 160      6D61743D 
 160      6E6F6E65 
 160      202D6D6E 
 160      6F2D7468 
 161 0113 62693D73 		.ascii	"bi=soft -mfpu=vfpv3-d16 -mtls-dialect=gnu -ggdb -O3"
 161      6F667420 
 161      2D6D6670 
 161      753D7666 
 161      7076332D 
 162 0146 202D7374 		.ascii	" -std=gnu99 -fomit-frame-pointer -falign-functions="
 162      643D676E 
 162      75393920 
 162      2D666F6D 
 162      69742D66 
 163 0179 3136202D 		.ascii	"16 -ffunction-sections -fdata-sections -fno-common\000"
 163      6666756E 
 163      6374696F 
 163      6E2D7365 
 163      6374696F 
 164              	.LASF13:
 165 01ac 2E2E2F65 		.ascii	"../ext/C90TFS/source/FlashProgramSection.c\000"
 165      78742F43 
 165      39305446 
 165      532F736F 
 165      75726365 
 166              	.LASF1:
 167 01d7 73686F72 		.ascii	"short int\000"
 167      7420696E 
 167      7400
ARM GAS  /tmp/cccDRAne.s 			page 5


 168              	.LASF10:
 169 01e1 73697A65 		.ascii	"sizetype\000"
 169      74797065 
 169      00
 170              		.ident	"GCC: (Debian 4.9.2-10) 4.9.2"
 171              		.section	.note.GNU-stack,"",%progbits
ARM GAS  /tmp/cccDRAne.s 			page 6


DEFINED SYMBOLS
                            *ABS*:00000000 FlashProgramSection.c

NO UNDEFINED SYMBOLS
