ARM GAS  /tmp/cchgOgfX.s 			page 1


   1              		.cpu cortex-m0
   2              		.fpu softvfp
   3              		.eabi_attribute 20, 1
   4              		.eabi_attribute 21, 1
   5              		.eabi_attribute 23, 3
   6              		.eabi_attribute 24, 1
   7              		.eabi_attribute 25, 1
   8              		.eabi_attribute 26, 2
   9              		.eabi_attribute 30, 2
  10              		.eabi_attribute 34, 0
  11              		.eabi_attribute 18, 4
  12              		.code	16
  13              		.file	"FlashGetSecurityState.c"
  14              		.text
  15              	.Ltext0:
  16              		.cfi_sections	.debug_frame
  17              		.section	.text.FlashGetSecurityState,"ax",%progbits
  18              		.align	2
  19              		.p2align 4,,-1
  20              		.global	FlashGetSecurityState
  21              		.code	16
  22              		.thumb_func
  23              		.type	FlashGetSecurityState, %function
  24              	FlashGetSecurityState:
  25              	.LFB10:
  26              		.file 1 "../ext/C90TFS/source/FlashGetSecurityState.c"
  27              		.loc 1 65 0
  28              		.cfi_startproc
  29              	.LVL0:
  30              		.loc 1 74 0
  31 0000 0322     		mov	r2, #3
  32              		.loc 1 68 0
  33 0002 0368     		ldr	r3, [r0]
  34              		.loc 1 71 0
  35 0004 9B78     		ldrb	r3, [r3, #2]
  36 0006 DBB2     		uxtb	r3, r3
  37              	.LVL1:
  38              		.loc 1 74 0
  39 0008 1A40     		and	r2, r3
  40 000a 022A     		cmp	r2, #2
  41 000c 07D0     		beq	.L6
  42              		.loc 1 83 0
  43 000e 3F22     		mov	r2, #63
  44 0010 9343     		bic	r3, r2
  45              	.LVL2:
  46 0012 802B     		cmp	r3, #128
  47 0014 06D0     		beq	.L7
  48              		.loc 1 91 0
  49 0016 0423     		mov	r3, #4
  50 0018 0B70     		strb	r3, [r1]
  51              	.LVL3:
  52              	.L3:
  53              		.loc 1 104 0
  54 001a 0020     		mov	r0, #0
  55              	.LVL4:
  56              		@ sp needed
  57 001c 7047     		bx	lr
ARM GAS  /tmp/cchgOgfX.s 			page 2


  58              	.LVL5:
  59              	.L6:
  60              		.loc 1 77 0
  61 001e 0123     		mov	r3, #1
  62              	.LVL6:
  63 0020 0B70     		strb	r3, [r1]
  64              	.LVL7:
  65 0022 FAE7     		b	.L3
  66              	.LVL8:
  67              	.L7:
  68              		.loc 1 86 0
  69 0024 0223     		mov	r3, #2
  70 0026 0B70     		strb	r3, [r1]
  71              	.LVL9:
  72 0028 F7E7     		b	.L3
  73              		.cfi_endproc
  74              	.LFE10:
  75              		.size	FlashGetSecurityState, .-FlashGetSecurityState
  76 002a C046C046 		.text
  76      C046
  77              	.Letext0:
  78              		.file 2 "/usr/include/stdint.h"
  79              		.file 3 "../ext/C90TFS/include/SSD_Types.h"
  80              		.section	.debug_info,"",%progbits
  81              	.Ldebug_info0:
  82 0000 95010000 		.4byte	0x195
  83 0004 0400     		.2byte	0x4
  84 0006 00000000 		.4byte	.Ldebug_abbrev0
  85 000a 04       		.byte	0x4
  86 000b 01       		.uleb128 0x1
  87 000c 5E010000 		.4byte	.LASF30
  88 0010 01       		.byte	0x1
  89 0011 28010000 		.4byte	.LASF31
  90 0015 46000000 		.4byte	.LASF32
  91 0019 00000000 		.4byte	.Ldebug_ranges0+0
  92 001d 00000000 		.4byte	0
  93 0021 00000000 		.4byte	.Ldebug_line0
  94 0025 02       		.uleb128 0x2
  95 0026 01       		.byte	0x1
  96 0027 06       		.byte	0x6
  97 0028 A3020000 		.4byte	.LASF0
  98 002c 02       		.uleb128 0x2
  99 002d 02       		.byte	0x2
 100 002e 05       		.byte	0x5
 101 002f 82020000 		.4byte	.LASF1
 102 0033 03       		.uleb128 0x3
 103 0034 04       		.byte	0x4
 104 0035 05       		.byte	0x5
 105 0036 696E7400 		.ascii	"int\000"
 106 003a 02       		.uleb128 0x2
 107 003b 08       		.byte	0x8
 108 003c 05       		.byte	0x5
 109 003d 66020000 		.4byte	.LASF2
 110 0041 04       		.uleb128 0x4
 111 0042 17010000 		.4byte	.LASF5
 112 0046 02       		.byte	0x2
 113 0047 30       		.byte	0x30
ARM GAS  /tmp/cchgOgfX.s 			page 3


 114 0048 4C000000 		.4byte	0x4c
 115 004c 02       		.uleb128 0x2
 116 004d 01       		.byte	0x1
 117 004e 08       		.byte	0x8
 118 004f 8F000000 		.4byte	.LASF3
 119 0053 02       		.uleb128 0x2
 120 0054 02       		.byte	0x2
 121 0055 07       		.byte	0x7
 122 0056 B8000000 		.4byte	.LASF4
 123 005a 04       		.uleb128 0x4
 124 005b 8C020000 		.4byte	.LASF6
 125 005f 02       		.byte	0x2
 126 0060 33       		.byte	0x33
 127 0061 65000000 		.4byte	0x65
 128 0065 02       		.uleb128 0x2
 129 0066 04       		.byte	0x4
 130 0067 07       		.byte	0x7
 131 0068 E8000000 		.4byte	.LASF7
 132 006c 02       		.uleb128 0x2
 133 006d 08       		.byte	0x8
 134 006e 07       		.byte	0x7
 135 006f 00010000 		.4byte	.LASF8
 136 0073 04       		.uleb128 0x4
 137 0074 1F010000 		.4byte	.LASF9
 138 0078 03       		.byte	0x3
 139 0079 3F       		.byte	0x3f
 140 007a 7E000000 		.4byte	0x7e
 141 007e 05       		.uleb128 0x5
 142 007f 4C000000 		.4byte	0x4c
 143 0083 04       		.uleb128 0x4
 144 0084 00000000 		.4byte	.LASF10
 145 0088 03       		.byte	0x3
 146 0089 59       		.byte	0x59
 147 008a 8E000000 		.4byte	0x8e
 148 008e 06       		.uleb128 0x6
 149 008f 04       		.byte	0x4
 150 0090 94000000 		.4byte	0x94
 151 0094 07       		.uleb128 0x7
 152 0095 02       		.uleb128 0x2
 153 0096 01       		.byte	0x1
 154 0097 02       		.byte	0x2
 155 0098 B8020000 		.4byte	.LASF11
 156 009c 08       		.uleb128 0x8
 157 009d 83000000 		.4byte	.LASF33
 158 00a1 24       		.byte	0x24
 159 00a2 03       		.byte	0x3
 160 00a3 6A       		.byte	0x6a
 161 00a4 15010000 		.4byte	0x115
 162 00a8 09       		.uleb128 0x9
 163 00a9 BE020000 		.4byte	.LASF12
 164 00ad 03       		.byte	0x3
 165 00ae 6C       		.byte	0x6c
 166 00af 5A000000 		.4byte	0x5a
 167 00b3 00       		.byte	0
 168 00b4 09       		.uleb128 0x9
 169 00b5 DD000000 		.4byte	.LASF13
 170 00b9 03       		.byte	0x3
ARM GAS  /tmp/cchgOgfX.s 			page 4


 171 00ba 6D       		.byte	0x6d
 172 00bb 5A000000 		.4byte	0x5a
 173 00bf 04       		.byte	0x4
 174 00c0 09       		.uleb128 0x9
 175 00c1 F5000000 		.4byte	.LASF14
 176 00c5 03       		.byte	0x3
 177 00c6 6E       		.byte	0x6e
 178 00c7 5A000000 		.4byte	0x5a
 179 00cb 08       		.byte	0x8
 180 00cc 09       		.uleb128 0x9
 181 00cd 3B000000 		.4byte	.LASF15
 182 00d1 03       		.byte	0x3
 183 00d2 6F       		.byte	0x6f
 184 00d3 5A000000 		.4byte	0x5a
 185 00d7 0C       		.byte	0xc
 186 00d8 09       		.uleb128 0x9
 187 00d9 78000000 		.4byte	.LASF16
 188 00dd 03       		.byte	0x3
 189 00de 70       		.byte	0x70
 190 00df 5A000000 		.4byte	0x5a
 191 00e3 10       		.byte	0x10
 192 00e4 09       		.uleb128 0x9
 193 00e5 6E000000 		.4byte	.LASF17
 194 00e9 03       		.byte	0x3
 195 00ea 73       		.byte	0x73
 196 00eb 5A000000 		.4byte	0x5a
 197 00ef 14       		.byte	0x14
 198 00f0 09       		.uleb128 0x9
 199 00f1 27000000 		.4byte	.LASF18
 200 00f5 03       		.byte	0x3
 201 00f6 75       		.byte	0x75
 202 00f7 5A000000 		.4byte	0x5a
 203 00fb 18       		.byte	0x18
 204 00fc 09       		.uleb128 0x9
 205 00fd 2F000000 		.4byte	.LASF19
 206 0101 03       		.byte	0x3
 207 0102 78       		.byte	0x78
 208 0103 95000000 		.4byte	0x95
 209 0107 1C       		.byte	0x1c
 210 0108 09       		.uleb128 0x9
 211 0109 55010000 		.4byte	.LASF20
 212 010d 03       		.byte	0x3
 213 010e 79       		.byte	0x79
 214 010f 83000000 		.4byte	0x83
 215 0113 20       		.byte	0x20
 216 0114 00       		.byte	0
 217 0115 04       		.uleb128 0x4
 218 0116 15000000 		.4byte	.LASF21
 219 011a 03       		.byte	0x3
 220 011b 7A       		.byte	0x7a
 221 011c 20010000 		.4byte	0x120
 222 0120 06       		.uleb128 0x6
 223 0121 04       		.byte	0x4
 224 0122 9C000000 		.4byte	0x9c
 225 0126 06       		.uleb128 0x6
 226 0127 04       		.byte	0x4
 227 0128 41000000 		.4byte	0x41
ARM GAS  /tmp/cchgOgfX.s 			page 5


 228 012c 02       		.uleb128 0x2
 229 012d 04       		.byte	0x4
 230 012e 07       		.byte	0x7
 231 012f CB000000 		.4byte	.LASF22
 232 0133 02       		.uleb128 0x2
 233 0134 04       		.byte	0x4
 234 0135 05       		.byte	0x5
 235 0136 95020000 		.4byte	.LASF23
 236 013a 02       		.uleb128 0x2
 237 013b 04       		.byte	0x4
 238 013c 07       		.byte	0x7
 239 013d 5D020000 		.4byte	.LASF24
 240 0141 02       		.uleb128 0x2
 241 0142 01       		.byte	0x1
 242 0143 08       		.byte	0x8
 243 0144 9E020000 		.4byte	.LASF25
 244 0148 0A       		.uleb128 0xa
 245 0149 9D000000 		.4byte	.LASF34
 246 014d 01       		.byte	0x1
 247 014e 40       		.byte	0x40
 248 014f 5A000000 		.4byte	0x5a
 249 0153 00000000 		.4byte	.LFB10
 250 0157 2A000000 		.4byte	.LFE10-.LFB10
 251 015b 01       		.uleb128 0x1
 252 015c 9C       		.byte	0x9c
 253 015d 0B       		.uleb128 0xb
 254 015e 0A000000 		.4byte	.LASF26
 255 0162 01       		.byte	0x1
 256 0163 40       		.byte	0x40
 257 0164 15010000 		.4byte	0x115
 258 0168 00000000 		.4byte	.LLST0
 259 016c 0C       		.uleb128 0xc
 260 016d 74020000 		.4byte	.LASF27
 261 0171 01       		.byte	0x1
 262 0172 40       		.byte	0x40
 263 0173 26010000 		.4byte	0x126
 264 0177 01       		.uleb128 0x1
 265 0178 51       		.byte	0x51
 266 0179 0D       		.uleb128 0xd
 267 017a AF020000 		.4byte	.LASF28
 268 017e 01       		.byte	0x1
 269 017f 43       		.byte	0x43
 270 0180 41000000 		.4byte	0x41
 271 0184 2C000000 		.4byte	.LLST1
 272 0188 0D       		.uleb128 0xd
 273 0189 B3000000 		.4byte	.LASF29
 274 018d 01       		.byte	0x1
 275 018e 44       		.byte	0x44
 276 018f 5A000000 		.4byte	0x5a
 277 0193 4A000000 		.4byte	.LLST2
 278 0197 00       		.byte	0
 279 0198 00       		.byte	0
 280              		.section	.debug_abbrev,"",%progbits
 281              	.Ldebug_abbrev0:
 282 0000 01       		.uleb128 0x1
 283 0001 11       		.uleb128 0x11
 284 0002 01       		.byte	0x1
ARM GAS  /tmp/cchgOgfX.s 			page 6


 285 0003 25       		.uleb128 0x25
 286 0004 0E       		.uleb128 0xe
 287 0005 13       		.uleb128 0x13
 288 0006 0B       		.uleb128 0xb
 289 0007 03       		.uleb128 0x3
 290 0008 0E       		.uleb128 0xe
 291 0009 1B       		.uleb128 0x1b
 292 000a 0E       		.uleb128 0xe
 293 000b 55       		.uleb128 0x55
 294 000c 17       		.uleb128 0x17
 295 000d 11       		.uleb128 0x11
 296 000e 01       		.uleb128 0x1
 297 000f 10       		.uleb128 0x10
 298 0010 17       		.uleb128 0x17
 299 0011 00       		.byte	0
 300 0012 00       		.byte	0
 301 0013 02       		.uleb128 0x2
 302 0014 24       		.uleb128 0x24
 303 0015 00       		.byte	0
 304 0016 0B       		.uleb128 0xb
 305 0017 0B       		.uleb128 0xb
 306 0018 3E       		.uleb128 0x3e
 307 0019 0B       		.uleb128 0xb
 308 001a 03       		.uleb128 0x3
 309 001b 0E       		.uleb128 0xe
 310 001c 00       		.byte	0
 311 001d 00       		.byte	0
 312 001e 03       		.uleb128 0x3
 313 001f 24       		.uleb128 0x24
 314 0020 00       		.byte	0
 315 0021 0B       		.uleb128 0xb
 316 0022 0B       		.uleb128 0xb
 317 0023 3E       		.uleb128 0x3e
 318 0024 0B       		.uleb128 0xb
 319 0025 03       		.uleb128 0x3
 320 0026 08       		.uleb128 0x8
 321 0027 00       		.byte	0
 322 0028 00       		.byte	0
 323 0029 04       		.uleb128 0x4
 324 002a 16       		.uleb128 0x16
 325 002b 00       		.byte	0
 326 002c 03       		.uleb128 0x3
 327 002d 0E       		.uleb128 0xe
 328 002e 3A       		.uleb128 0x3a
 329 002f 0B       		.uleb128 0xb
 330 0030 3B       		.uleb128 0x3b
 331 0031 0B       		.uleb128 0xb
 332 0032 49       		.uleb128 0x49
 333 0033 13       		.uleb128 0x13
 334 0034 00       		.byte	0
 335 0035 00       		.byte	0
 336 0036 05       		.uleb128 0x5
 337 0037 35       		.uleb128 0x35
 338 0038 00       		.byte	0
 339 0039 49       		.uleb128 0x49
 340 003a 13       		.uleb128 0x13
 341 003b 00       		.byte	0
ARM GAS  /tmp/cchgOgfX.s 			page 7


 342 003c 00       		.byte	0
 343 003d 06       		.uleb128 0x6
 344 003e 0F       		.uleb128 0xf
 345 003f 00       		.byte	0
 346 0040 0B       		.uleb128 0xb
 347 0041 0B       		.uleb128 0xb
 348 0042 49       		.uleb128 0x49
 349 0043 13       		.uleb128 0x13
 350 0044 00       		.byte	0
 351 0045 00       		.byte	0
 352 0046 07       		.uleb128 0x7
 353 0047 15       		.uleb128 0x15
 354 0048 00       		.byte	0
 355 0049 27       		.uleb128 0x27
 356 004a 19       		.uleb128 0x19
 357 004b 00       		.byte	0
 358 004c 00       		.byte	0
 359 004d 08       		.uleb128 0x8
 360 004e 13       		.uleb128 0x13
 361 004f 01       		.byte	0x1
 362 0050 03       		.uleb128 0x3
 363 0051 0E       		.uleb128 0xe
 364 0052 0B       		.uleb128 0xb
 365 0053 0B       		.uleb128 0xb
 366 0054 3A       		.uleb128 0x3a
 367 0055 0B       		.uleb128 0xb
 368 0056 3B       		.uleb128 0x3b
 369 0057 0B       		.uleb128 0xb
 370 0058 01       		.uleb128 0x1
 371 0059 13       		.uleb128 0x13
 372 005a 00       		.byte	0
 373 005b 00       		.byte	0
 374 005c 09       		.uleb128 0x9
 375 005d 0D       		.uleb128 0xd
 376 005e 00       		.byte	0
 377 005f 03       		.uleb128 0x3
 378 0060 0E       		.uleb128 0xe
 379 0061 3A       		.uleb128 0x3a
 380 0062 0B       		.uleb128 0xb
 381 0063 3B       		.uleb128 0x3b
 382 0064 0B       		.uleb128 0xb
 383 0065 49       		.uleb128 0x49
 384 0066 13       		.uleb128 0x13
 385 0067 38       		.uleb128 0x38
 386 0068 0B       		.uleb128 0xb
 387 0069 00       		.byte	0
 388 006a 00       		.byte	0
 389 006b 0A       		.uleb128 0xa
 390 006c 2E       		.uleb128 0x2e
 391 006d 01       		.byte	0x1
 392 006e 3F       		.uleb128 0x3f
 393 006f 19       		.uleb128 0x19
 394 0070 03       		.uleb128 0x3
 395 0071 0E       		.uleb128 0xe
 396 0072 3A       		.uleb128 0x3a
 397 0073 0B       		.uleb128 0xb
 398 0074 3B       		.uleb128 0x3b
ARM GAS  /tmp/cchgOgfX.s 			page 8


 399 0075 0B       		.uleb128 0xb
 400 0076 27       		.uleb128 0x27
 401 0077 19       		.uleb128 0x19
 402 0078 49       		.uleb128 0x49
 403 0079 13       		.uleb128 0x13
 404 007a 11       		.uleb128 0x11
 405 007b 01       		.uleb128 0x1
 406 007c 12       		.uleb128 0x12
 407 007d 06       		.uleb128 0x6
 408 007e 40       		.uleb128 0x40
 409 007f 18       		.uleb128 0x18
 410 0080 9742     		.uleb128 0x2117
 411 0082 19       		.uleb128 0x19
 412 0083 00       		.byte	0
 413 0084 00       		.byte	0
 414 0085 0B       		.uleb128 0xb
 415 0086 05       		.uleb128 0x5
 416 0087 00       		.byte	0
 417 0088 03       		.uleb128 0x3
 418 0089 0E       		.uleb128 0xe
 419 008a 3A       		.uleb128 0x3a
 420 008b 0B       		.uleb128 0xb
 421 008c 3B       		.uleb128 0x3b
 422 008d 0B       		.uleb128 0xb
 423 008e 49       		.uleb128 0x49
 424 008f 13       		.uleb128 0x13
 425 0090 02       		.uleb128 0x2
 426 0091 17       		.uleb128 0x17
 427 0092 00       		.byte	0
 428 0093 00       		.byte	0
 429 0094 0C       		.uleb128 0xc
 430 0095 05       		.uleb128 0x5
 431 0096 00       		.byte	0
 432 0097 03       		.uleb128 0x3
 433 0098 0E       		.uleb128 0xe
 434 0099 3A       		.uleb128 0x3a
 435 009a 0B       		.uleb128 0xb
 436 009b 3B       		.uleb128 0x3b
 437 009c 0B       		.uleb128 0xb
 438 009d 49       		.uleb128 0x49
 439 009e 13       		.uleb128 0x13
 440 009f 02       		.uleb128 0x2
 441 00a0 18       		.uleb128 0x18
 442 00a1 00       		.byte	0
 443 00a2 00       		.byte	0
 444 00a3 0D       		.uleb128 0xd
 445 00a4 34       		.uleb128 0x34
 446 00a5 00       		.byte	0
 447 00a6 03       		.uleb128 0x3
 448 00a7 0E       		.uleb128 0xe
 449 00a8 3A       		.uleb128 0x3a
 450 00a9 0B       		.uleb128 0xb
 451 00aa 3B       		.uleb128 0x3b
 452 00ab 0B       		.uleb128 0xb
 453 00ac 49       		.uleb128 0x49
 454 00ad 13       		.uleb128 0x13
 455 00ae 02       		.uleb128 0x2
ARM GAS  /tmp/cchgOgfX.s 			page 9


 456 00af 17       		.uleb128 0x17
 457 00b0 00       		.byte	0
 458 00b1 00       		.byte	0
 459 00b2 00       		.byte	0
 460              		.section	.debug_loc,"",%progbits
 461              	.Ldebug_loc0:
 462              	.LLST0:
 463 0000 00000000 		.4byte	.LVL0
 464 0004 1C000000 		.4byte	.LVL4
 465 0008 0100     		.2byte	0x1
 466 000a 50       		.byte	0x50
 467 000b 1C000000 		.4byte	.LVL4
 468 000f 1E000000 		.4byte	.LVL5
 469 0013 0400     		.2byte	0x4
 470 0015 F3       		.byte	0xf3
 471 0016 01       		.uleb128 0x1
 472 0017 50       		.byte	0x50
 473 0018 9F       		.byte	0x9f
 474 0019 1E000000 		.4byte	.LVL5
 475 001d 2A000000 		.4byte	.LFE10
 476 0021 0100     		.2byte	0x1
 477 0023 50       		.byte	0x50
 478 0024 00000000 		.4byte	0
 479 0028 00000000 		.4byte	0
 480              	.LLST1:
 481 002c 08000000 		.4byte	.LVL1
 482 0030 12000000 		.4byte	.LVL2
 483 0034 0100     		.2byte	0x1
 484 0036 53       		.byte	0x53
 485 0037 1E000000 		.4byte	.LVL5
 486 003b 20000000 		.4byte	.LVL6
 487 003f 0100     		.2byte	0x1
 488 0041 53       		.byte	0x53
 489 0042 00000000 		.4byte	0
 490 0046 00000000 		.4byte	0
 491              	.LLST2:
 492 004a 00000000 		.4byte	.LVL0
 493 004e 1A000000 		.4byte	.LVL3
 494 0052 0600     		.2byte	0x6
 495 0054 70       		.byte	0x70
 496 0055 00       		.sleb128 0
 497 0056 06       		.byte	0x6
 498 0057 23       		.byte	0x23
 499 0058 02       		.uleb128 0x2
 500 0059 9F       		.byte	0x9f
 501 005a 1E000000 		.4byte	.LVL5
 502 005e 22000000 		.4byte	.LVL7
 503 0062 0600     		.2byte	0x6
 504 0064 70       		.byte	0x70
 505 0065 00       		.sleb128 0
 506 0066 06       		.byte	0x6
 507 0067 23       		.byte	0x23
 508 0068 02       		.uleb128 0x2
 509 0069 9F       		.byte	0x9f
 510 006a 24000000 		.4byte	.LVL8
 511 006e 28000000 		.4byte	.LVL9
 512 0072 0600     		.2byte	0x6
ARM GAS  /tmp/cchgOgfX.s 			page 10


 513 0074 70       		.byte	0x70
 514 0075 00       		.sleb128 0
 515 0076 06       		.byte	0x6
 516 0077 23       		.byte	0x23
 517 0078 02       		.uleb128 0x2
 518 0079 9F       		.byte	0x9f
 519 007a 00000000 		.4byte	0
 520 007e 00000000 		.4byte	0
 521              		.section	.debug_aranges,"",%progbits
 522 0000 1C000000 		.4byte	0x1c
 523 0004 0200     		.2byte	0x2
 524 0006 00000000 		.4byte	.Ldebug_info0
 525 000a 04       		.byte	0x4
 526 000b 00       		.byte	0
 527 000c 0000     		.2byte	0
 528 000e 0000     		.2byte	0
 529 0010 00000000 		.4byte	.LFB10
 530 0014 2A000000 		.4byte	.LFE10-.LFB10
 531 0018 00000000 		.4byte	0
 532 001c 00000000 		.4byte	0
 533              		.section	.debug_ranges,"",%progbits
 534              	.Ldebug_ranges0:
 535 0000 00000000 		.4byte	.LFB10
 536 0004 2A000000 		.4byte	.LFE10
 537 0008 00000000 		.4byte	0
 538 000c 00000000 		.4byte	0
 539              		.section	.debug_line,"",%progbits
 540              	.Ldebug_line0:
 541 0000 AC000000 		.section	.debug_str,"MS",%progbits,1
 541      02008100 
 541      00000201 
 541      FB0E0D00 
 541      01010101 
 542              	.LASF10:
 543 0000 5043414C 		.ascii	"PCALLBACK\000"
 543      4C424143 
 543      4B00
 544              	.LASF26:
 545 000a 70535344 		.ascii	"pSSDConfig\000"
 545      436F6E66 
 545      696700
 546              	.LASF21:
 547 0015 50464C41 		.ascii	"PFLASH_SSD_CONFIG\000"
 547      53485F53 
 547      53445F43 
 547      4F4E4649 
 547      4700
 548              	.LASF18:
 549 0027 45454553 		.ascii	"EEESize\000"
 549      697A6500 
 550              	.LASF19:
 551 002f 44656275 		.ascii	"DebugEnable\000"
 551      67456E61 
 551      626C6500 
 552              	.LASF15:
 553 003b 44466C61 		.ascii	"DFlashBase\000"
 553      73684261 
ARM GAS  /tmp/cchgOgfX.s 			page 11


 553      736500
 554              	.LASF32:
 555 0046 2F686F6D 		.ascii	"/home/bunnie/code/chibi-chibios/orchard\000"
 555      652F6275 
 555      6E6E6965 
 555      2F636F64 
 555      652F6368 
 556              	.LASF17:
 557 006e 45455241 		.ascii	"EERAMBase\000"
 557      4D426173 
 557      6500
 558              	.LASF16:
 559 0078 44466C61 		.ascii	"DFlashSize\000"
 559      73685369 
 559      7A6500
 560              	.LASF33:
 561 0083 5F737364 		.ascii	"_ssd_config\000"
 561      5F636F6E 
 561      66696700 
 562              	.LASF3:
 563 008f 756E7369 		.ascii	"unsigned char\000"
 563      676E6564 
 563      20636861 
 563      7200
 564              	.LASF34:
 565 009d 466C6173 		.ascii	"FlashGetSecurityState\000"
 565      68476574 
 565      53656375 
 565      72697479 
 565      53746174 
 566              	.LASF29:
 567 00b3 74656D70 		.ascii	"temp\000"
 567      00
 568              	.LASF4:
 569 00b8 73686F72 		.ascii	"short unsigned int\000"
 569      7420756E 
 569      7369676E 
 569      65642069 
 569      6E7400
 570              	.LASF22:
 571 00cb 6C6F6E67 		.ascii	"long unsigned int\000"
 571      20756E73 
 571      69676E65 
 571      6420696E 
 571      7400
 572              	.LASF13:
 573 00dd 50466C61 		.ascii	"PFlashBase\000"
 573      73684261 
 573      736500
 574              	.LASF7:
 575 00e8 756E7369 		.ascii	"unsigned int\000"
 575      676E6564 
 575      20696E74 
 575      00
 576              	.LASF14:
 577 00f5 50466C61 		.ascii	"PFlashSize\000"
 577      73685369 
ARM GAS  /tmp/cchgOgfX.s 			page 12


 577      7A6500
 578              	.LASF8:
 579 0100 6C6F6E67 		.ascii	"long long unsigned int\000"
 579      206C6F6E 
 579      6720756E 
 579      7369676E 
 579      65642069 
 580              	.LASF5:
 581 0117 75696E74 		.ascii	"uint8_t\000"
 581      385F7400 
 582              	.LASF9:
 583 011f 7675696E 		.ascii	"vuint8_t\000"
 583      74385F74 
 583      00
 584              	.LASF31:
 585 0128 2E2E2F65 		.ascii	"../ext/C90TFS/source/FlashGetSecurityState.c\000"
 585      78742F43 
 585      39305446 
 585      532F736F 
 585      75726365 
 586              	.LASF20:
 587 0155 43616C6C 		.ascii	"CallBack\000"
 587      4261636B 
 587      00
 588              	.LASF30:
 589 015e 474E5520 		.ascii	"GNU C 4.9.2 -mcpu=cortex-m0 -mfloat-abi=soft -mfp16"
 589      4320342E 
 589      392E3220 
 589      2D6D6370 
 589      753D636F 
 590 0191 2D666F72 		.ascii	"-format=none -mno-thumb-interwork -mthumb -mfloat-a"
 590      6D61743D 
 590      6E6F6E65 
 590      202D6D6E 
 590      6F2D7468 
 591 01c4 62693D73 		.ascii	"bi=soft -mfpu=vfpv3-d16 -mtls-dialect=gnu -ggdb -O3"
 591      6F667420 
 591      2D6D6670 
 591      753D7666 
 591      7076332D 
 592 01f7 202D7374 		.ascii	" -std=gnu99 -fomit-frame-pointer -falign-functions="
 592      643D676E 
 592      75393920 
 592      2D666F6D 
 592      69742D66 
 593 022a 3136202D 		.ascii	"16 -ffunction-sections -fdata-sections -fno-common\000"
 593      6666756E 
 593      6374696F 
 593      6E2D7365 
 593      6374696F 
 594              	.LASF24:
 595 025d 73697A65 		.ascii	"sizetype\000"
 595      74797065 
 595      00
 596              	.LASF2:
 597 0266 6C6F6E67 		.ascii	"long long int\000"
 597      206C6F6E 
ARM GAS  /tmp/cchgOgfX.s 			page 13


 597      6720696E 
 597      7400
 598              	.LASF27:
 599 0274 73656375 		.ascii	"securityState\000"
 599      72697479 
 599      53746174 
 599      6500
 600              	.LASF1:
 601 0282 73686F72 		.ascii	"short int\000"
 601      7420696E 
 601      7400
 602              	.LASF6:
 603 028c 75696E74 		.ascii	"uint32_t\000"
 603      33325F74 
 603      00
 604              	.LASF23:
 605 0295 6C6F6E67 		.ascii	"long int\000"
 605      20696E74 
 605      00
 606              	.LASF25:
 607 029e 63686172 		.ascii	"char\000"
 607      00
 608              	.LASF0:
 609 02a3 7369676E 		.ascii	"signed char\000"
 609      65642063 
 609      68617200 
 610              	.LASF28:
 611 02af 72656756 		.ascii	"regValue\000"
 611      616C7565 
 611      00
 612              	.LASF11:
 613 02b8 5F426F6F 		.ascii	"_Bool\000"
 613      6C00
 614              	.LASF12:
 615 02be 66746678 		.ascii	"ftfxRegBase\000"
 615      52656742 
 615      61736500 
 616              		.ident	"GCC: (Debian 4.9.2-10) 4.9.2"
 617              		.section	.note.GNU-stack,"",%progbits
ARM GAS  /tmp/cchgOgfX.s 			page 14


DEFINED SYMBOLS
                            *ABS*:00000000 FlashGetSecurityState.c
     /tmp/cchgOgfX.s:18     .text.FlashGetSecurityState:00000000 $t
     /tmp/cchgOgfX.s:24     .text.FlashGetSecurityState:00000000 FlashGetSecurityState
                     .debug_frame:00000010 $d

NO UNDEFINED SYMBOLS
