ARM GAS  /tmp/ccYdko2T.s 			page 1


   1              		.cpu cortex-m0
   2              		.fpu softvfp
   3              		.eabi_attribute 20, 1
   4              		.eabi_attribute 21, 1
   5              		.eabi_attribute 23, 3
   6              		.eabi_attribute 24, 1
   7              		.eabi_attribute 25, 1
   8              		.eabi_attribute 26, 2
   9              		.eabi_attribute 30, 2
  10              		.eabi_attribute 34, 0
  11              		.eabi_attribute 18, 4
  12              		.code	16
  13              		.file	"FlashVerifyAllBlock.c"
  14              		.text
  15              	.Ltext0:
  16              		.cfi_sections	.debug_frame
  17              		.section	.text.FlashVerifyAllBlock,"ax",%progbits
  18              		.align	2
  19              		.p2align 4,,-1
  20              		.global	FlashVerifyAllBlock
  21              		.code	16
  22              		.thumb_func
  23              		.type	FlashVerifyAllBlock, %function
  24              	FlashVerifyAllBlock:
  25              	.LFB10:
  26              		.file 1 "../ext/C90TFS/source/FlashVerifyAllBlock.c"
  27              		.loc 1 70 0
  28              		.cfi_startproc
  29              	.LVL0:
  30 0000 38B5     		push	{r3, r4, r5, lr}
  31              		.cfi_def_cfa_offset 16
  32              		.cfi_offset 3, -16
  33              		.cfi_offset 4, -12
  34              		.cfi_offset 5, -8
  35              		.cfi_offset 14, -4
  36              		.loc 1 75 0
  37 0002 3125     		mov	r5, #49
  38              		.loc 1 79 0
  39 0004 4024     		mov	r4, #64
  40              		.loc 1 75 0
  41 0006 0368     		ldr	r3, [r0]
  42              		.loc 1 95 0
  43              		@ sp needed
  44              		.loc 1 75 0
  45 0008 1D70     		strb	r5, [r3]
  46              	.LVL1:
  47              		.loc 1 78 0
  48 000a 0368     		ldr	r3, [r0]
  49              		.loc 1 79 0
  50 000c DC71     		strb	r4, [r3, #7]
  51              	.LVL2:
  52              		.loc 1 81 0
  53 000e 0368     		ldr	r3, [r0]
  54              		.loc 1 82 0
  55 0010 9971     		strb	r1, [r3, #6]
  56              	.LVL3:
  57              		.loc 1 84 0
ARM GAS  /tmp/ccYdko2T.s 			page 2


  58 0012 9047     		blx	r2
  59              	.LVL4:
  60              		.loc 1 95 0
  61 0014 38BD     		pop	{r3, r4, r5, pc}
  62              		.cfi_endproc
  63              	.LFE10:
  64              		.size	FlashVerifyAllBlock, .-FlashVerifyAllBlock
  65 0016 C046C046 		.text
  65      C046C046 
  65      C046
  66              	.Letext0:
  67              		.file 2 "/usr/include/stdint.h"
  68              		.file 3 "../ext/C90TFS/include/SSD_Types.h"
  69              		.section	.debug_info,"",%progbits
  70              	.Ldebug_info0:
  71 0000 CF010000 		.4byte	0x1cf
  72 0004 0400     		.2byte	0x4
  73 0006 00000000 		.4byte	.Ldebug_abbrev0
  74 000a 04       		.byte	0x4
  75 000b 01       		.uleb128 0x1
  76 000c 5B010000 		.4byte	.LASF31
  77 0010 01       		.byte	0x1
  78 0011 71020000 		.4byte	.LASF32
  79 0015 70000000 		.4byte	.LASF33
  80 0019 00000000 		.4byte	.Ldebug_ranges0+0
  81 001d 00000000 		.4byte	0
  82 0021 00000000 		.4byte	.Ldebug_line0
  83 0025 02       		.uleb128 0x2
  84 0026 01       		.byte	0x1
  85 0027 06       		.byte	0x6
  86 0028 BD020000 		.4byte	.LASF0
  87 002c 02       		.uleb128 0x2
  88 002d 02       		.byte	0x2
  89 002e 05       		.byte	0x5
  90 002f A1020000 		.4byte	.LASF1
  91 0033 03       		.uleb128 0x3
  92 0034 04       		.byte	0x4
  93 0035 05       		.byte	0x5
  94 0036 696E7400 		.ascii	"int\000"
  95 003a 02       		.uleb128 0x2
  96 003b 08       		.byte	0x8
  97 003c 05       		.byte	0x5
  98 003d 63020000 		.4byte	.LASF2
  99 0041 04       		.uleb128 0x4
 100 0042 41010000 		.4byte	.LASF5
 101 0046 02       		.byte	0x2
 102 0047 30       		.byte	0x30
 103 0048 4C000000 		.4byte	0x4c
 104 004c 02       		.uleb128 0x2
 105 004d 01       		.byte	0x1
 106 004e 08       		.byte	0x8
 107 004f B9000000 		.4byte	.LASF3
 108 0053 02       		.uleb128 0x2
 109 0054 02       		.byte	0x2
 110 0055 07       		.byte	0x7
 111 0056 EF000000 		.4byte	.LASF4
 112 005a 04       		.uleb128 0x4
ARM GAS  /tmp/ccYdko2T.s 			page 3


 113 005b AB020000 		.4byte	.LASF6
 114 005f 02       		.byte	0x2
 115 0060 33       		.byte	0x33
 116 0061 65000000 		.4byte	0x65
 117 0065 02       		.uleb128 0x2
 118 0066 04       		.byte	0x4
 119 0067 07       		.byte	0x7
 120 0068 0D010000 		.4byte	.LASF7
 121 006c 02       		.uleb128 0x2
 122 006d 08       		.byte	0x8
 123 006e 07       		.byte	0x7
 124 006f 2A010000 		.4byte	.LASF8
 125 0073 04       		.uleb128 0x4
 126 0074 49010000 		.4byte	.LASF9
 127 0078 03       		.byte	0x3
 128 0079 3F       		.byte	0x3f
 129 007a 7E000000 		.4byte	0x7e
 130 007e 05       		.uleb128 0x5
 131 007f 4C000000 		.4byte	0x4c
 132 0083 04       		.uleb128 0x4
 133 0084 00000000 		.4byte	.LASF10
 134 0088 03       		.byte	0x3
 135 0089 59       		.byte	0x59
 136 008a 8E000000 		.4byte	0x8e
 137 008e 06       		.uleb128 0x6
 138 008f 04       		.byte	0x4
 139 0090 94000000 		.4byte	0x94
 140 0094 07       		.uleb128 0x7
 141 0095 02       		.uleb128 0x2
 142 0096 01       		.byte	0x1
 143 0097 02       		.byte	0x2
 144 0098 D5020000 		.4byte	.LASF11
 145 009c 08       		.uleb128 0x8
 146 009d AD000000 		.4byte	.LASF34
 147 00a1 24       		.byte	0x24
 148 00a2 03       		.byte	0x3
 149 00a3 6A       		.byte	0x6a
 150 00a4 15010000 		.4byte	0x115
 151 00a8 09       		.uleb128 0x9
 152 00a9 DB020000 		.4byte	.LASF12
 153 00ad 03       		.byte	0x3
 154 00ae 6C       		.byte	0x6c
 155 00af 5A000000 		.4byte	0x5a
 156 00b3 00       		.byte	0
 157 00b4 09       		.uleb128 0x9
 158 00b5 02010000 		.4byte	.LASF13
 159 00b9 03       		.byte	0x3
 160 00ba 6D       		.byte	0x6d
 161 00bb 5A000000 		.4byte	0x5a
 162 00bf 04       		.byte	0x4
 163 00c0 09       		.uleb128 0x9
 164 00c1 1F010000 		.4byte	.LASF14
 165 00c5 03       		.byte	0x3
 166 00c6 6E       		.byte	0x6e
 167 00c7 5A000000 		.4byte	0x5a
 168 00cb 08       		.byte	0x8
 169 00cc 09       		.uleb128 0x9
ARM GAS  /tmp/ccYdko2T.s 			page 4


 170 00cd 3B000000 		.4byte	.LASF15
 171 00d1 03       		.byte	0x3
 172 00d2 6F       		.byte	0x6f
 173 00d3 5A000000 		.4byte	0x5a
 174 00d7 0C       		.byte	0xc
 175 00d8 09       		.uleb128 0x9
 176 00d9 A2000000 		.4byte	.LASF16
 177 00dd 03       		.byte	0x3
 178 00de 70       		.byte	0x70
 179 00df 5A000000 		.4byte	0x5a
 180 00e3 10       		.byte	0x10
 181 00e4 09       		.uleb128 0x9
 182 00e5 98000000 		.4byte	.LASF17
 183 00e9 03       		.byte	0x3
 184 00ea 73       		.byte	0x73
 185 00eb 5A000000 		.4byte	0x5a
 186 00ef 14       		.byte	0x14
 187 00f0 09       		.uleb128 0x9
 188 00f1 27000000 		.4byte	.LASF18
 189 00f5 03       		.byte	0x3
 190 00f6 75       		.byte	0x75
 191 00f7 5A000000 		.4byte	0x5a
 192 00fb 18       		.byte	0x18
 193 00fc 09       		.uleb128 0x9
 194 00fd 2F000000 		.4byte	.LASF19
 195 0101 03       		.byte	0x3
 196 0102 78       		.byte	0x78
 197 0103 95000000 		.4byte	0x95
 198 0107 1C       		.byte	0x1c
 199 0108 09       		.uleb128 0x9
 200 0109 52010000 		.4byte	.LASF20
 201 010d 03       		.byte	0x3
 202 010e 79       		.byte	0x79
 203 010f 83000000 		.4byte	0x83
 204 0113 20       		.byte	0x20
 205 0114 00       		.byte	0
 206 0115 04       		.uleb128 0x4
 207 0116 15000000 		.4byte	.LASF21
 208 011a 03       		.byte	0x3
 209 011b 7A       		.byte	0x7a
 210 011c 20010000 		.4byte	0x120
 211 0120 06       		.uleb128 0x6
 212 0121 04       		.byte	0x4
 213 0122 9C000000 		.4byte	0x9c
 214 0126 04       		.uleb128 0x4
 215 0127 D9000000 		.4byte	.LASF22
 216 012b 03       		.byte	0x3
 217 012c 7E       		.byte	0x7e
 218 012d 31010000 		.4byte	0x131
 219 0131 06       		.uleb128 0x6
 220 0132 04       		.byte	0x4
 221 0133 37010000 		.4byte	0x137
 222 0137 0A       		.uleb128 0xa
 223 0138 5A000000 		.4byte	0x5a
 224 013c 46010000 		.4byte	0x146
 225 0140 0B       		.uleb128 0xb
 226 0141 15010000 		.4byte	0x115
ARM GAS  /tmp/ccYdko2T.s 			page 5


 227 0145 00       		.byte	0
 228 0146 02       		.uleb128 0x2
 229 0147 04       		.byte	0x4
 230 0148 07       		.byte	0x7
 231 0149 C7000000 		.4byte	.LASF23
 232 014d 02       		.uleb128 0x2
 233 014e 04       		.byte	0x4
 234 014f 05       		.byte	0x5
 235 0150 B4020000 		.4byte	.LASF24
 236 0154 02       		.uleb128 0x2
 237 0155 04       		.byte	0x4
 238 0156 07       		.byte	0x7
 239 0157 5A020000 		.4byte	.LASF25
 240 015b 02       		.uleb128 0x2
 241 015c 01       		.byte	0x1
 242 015d 08       		.byte	0x8
 243 015e 9C020000 		.4byte	.LASF26
 244 0162 0C       		.uleb128 0xc
 245 0163 46000000 		.4byte	.LASF35
 246 0167 01       		.byte	0x1
 247 0168 43       		.byte	0x43
 248 0169 5A000000 		.4byte	0x5a
 249 016d 00000000 		.4byte	.LFB10
 250 0171 16000000 		.4byte	.LFE10-.LFB10
 251 0175 01       		.uleb128 0x1
 252 0176 9C       		.byte	0x9c
 253 0177 0D       		.uleb128 0xd
 254 0178 0A000000 		.4byte	.LASF27
 255 017c 01       		.byte	0x1
 256 017d 43       		.byte	0x43
 257 017e 15010000 		.4byte	0x115
 258 0182 00000000 		.4byte	.LLST0
 259 0186 0D       		.uleb128 0xd
 260 0187 C9020000 		.4byte	.LASF28
 261 018b 01       		.byte	0x1
 262 018c 44       		.byte	0x44
 263 018d 41000000 		.4byte	0x41
 264 0191 21000000 		.4byte	.LLST1
 265 0195 0D       		.uleb128 0xd
 266 0196 5A000000 		.4byte	.LASF29
 267 019a 01       		.byte	0x1
 268 019b 45       		.byte	0x45
 269 019c 26010000 		.4byte	0x126
 270 01a0 42000000 		.4byte	.LLST2
 271 01a4 0E       		.uleb128 0xe
 272 01a5 72657400 		.ascii	"ret\000"
 273 01a9 01       		.byte	0x1
 274 01aa 47       		.byte	0x47
 275 01ab 5A000000 		.4byte	0x5a
 276 01af 01       		.uleb128 0x1
 277 01b0 50       		.byte	0x50
 278 01b1 0F       		.uleb128 0xf
 279 01b2 1A010000 		.4byte	.LASF30
 280 01b6 01       		.byte	0x1
 281 01b7 48       		.byte	0x48
 282 01b8 5A000000 		.4byte	0x5a
 283 01bc 63000000 		.4byte	.LLST3
ARM GAS  /tmp/ccYdko2T.s 			page 6


 284 01c0 10       		.uleb128 0x10
 285 01c1 14000000 		.4byte	.LVL4
 286 01c5 03       		.uleb128 0x3
 287 01c6 F3       		.byte	0xf3
 288 01c7 01       		.uleb128 0x1
 289 01c8 52       		.byte	0x52
 290 01c9 11       		.uleb128 0x11
 291 01ca 01       		.uleb128 0x1
 292 01cb 50       		.byte	0x50
 293 01cc 03       		.uleb128 0x3
 294 01cd F3       		.byte	0xf3
 295 01ce 01       		.uleb128 0x1
 296 01cf 50       		.byte	0x50
 297 01d0 00       		.byte	0
 298 01d1 00       		.byte	0
 299 01d2 00       		.byte	0
 300              		.section	.debug_abbrev,"",%progbits
 301              	.Ldebug_abbrev0:
 302 0000 01       		.uleb128 0x1
 303 0001 11       		.uleb128 0x11
 304 0002 01       		.byte	0x1
 305 0003 25       		.uleb128 0x25
 306 0004 0E       		.uleb128 0xe
 307 0005 13       		.uleb128 0x13
 308 0006 0B       		.uleb128 0xb
 309 0007 03       		.uleb128 0x3
 310 0008 0E       		.uleb128 0xe
 311 0009 1B       		.uleb128 0x1b
 312 000a 0E       		.uleb128 0xe
 313 000b 55       		.uleb128 0x55
 314 000c 17       		.uleb128 0x17
 315 000d 11       		.uleb128 0x11
 316 000e 01       		.uleb128 0x1
 317 000f 10       		.uleb128 0x10
 318 0010 17       		.uleb128 0x17
 319 0011 00       		.byte	0
 320 0012 00       		.byte	0
 321 0013 02       		.uleb128 0x2
 322 0014 24       		.uleb128 0x24
 323 0015 00       		.byte	0
 324 0016 0B       		.uleb128 0xb
 325 0017 0B       		.uleb128 0xb
 326 0018 3E       		.uleb128 0x3e
 327 0019 0B       		.uleb128 0xb
 328 001a 03       		.uleb128 0x3
 329 001b 0E       		.uleb128 0xe
 330 001c 00       		.byte	0
 331 001d 00       		.byte	0
 332 001e 03       		.uleb128 0x3
 333 001f 24       		.uleb128 0x24
 334 0020 00       		.byte	0
 335 0021 0B       		.uleb128 0xb
 336 0022 0B       		.uleb128 0xb
 337 0023 3E       		.uleb128 0x3e
 338 0024 0B       		.uleb128 0xb
 339 0025 03       		.uleb128 0x3
 340 0026 08       		.uleb128 0x8
ARM GAS  /tmp/ccYdko2T.s 			page 7


 341 0027 00       		.byte	0
 342 0028 00       		.byte	0
 343 0029 04       		.uleb128 0x4
 344 002a 16       		.uleb128 0x16
 345 002b 00       		.byte	0
 346 002c 03       		.uleb128 0x3
 347 002d 0E       		.uleb128 0xe
 348 002e 3A       		.uleb128 0x3a
 349 002f 0B       		.uleb128 0xb
 350 0030 3B       		.uleb128 0x3b
 351 0031 0B       		.uleb128 0xb
 352 0032 49       		.uleb128 0x49
 353 0033 13       		.uleb128 0x13
 354 0034 00       		.byte	0
 355 0035 00       		.byte	0
 356 0036 05       		.uleb128 0x5
 357 0037 35       		.uleb128 0x35
 358 0038 00       		.byte	0
 359 0039 49       		.uleb128 0x49
 360 003a 13       		.uleb128 0x13
 361 003b 00       		.byte	0
 362 003c 00       		.byte	0
 363 003d 06       		.uleb128 0x6
 364 003e 0F       		.uleb128 0xf
 365 003f 00       		.byte	0
 366 0040 0B       		.uleb128 0xb
 367 0041 0B       		.uleb128 0xb
 368 0042 49       		.uleb128 0x49
 369 0043 13       		.uleb128 0x13
 370 0044 00       		.byte	0
 371 0045 00       		.byte	0
 372 0046 07       		.uleb128 0x7
 373 0047 15       		.uleb128 0x15
 374 0048 00       		.byte	0
 375 0049 27       		.uleb128 0x27
 376 004a 19       		.uleb128 0x19
 377 004b 00       		.byte	0
 378 004c 00       		.byte	0
 379 004d 08       		.uleb128 0x8
 380 004e 13       		.uleb128 0x13
 381 004f 01       		.byte	0x1
 382 0050 03       		.uleb128 0x3
 383 0051 0E       		.uleb128 0xe
 384 0052 0B       		.uleb128 0xb
 385 0053 0B       		.uleb128 0xb
 386 0054 3A       		.uleb128 0x3a
 387 0055 0B       		.uleb128 0xb
 388 0056 3B       		.uleb128 0x3b
 389 0057 0B       		.uleb128 0xb
 390 0058 01       		.uleb128 0x1
 391 0059 13       		.uleb128 0x13
 392 005a 00       		.byte	0
 393 005b 00       		.byte	0
 394 005c 09       		.uleb128 0x9
 395 005d 0D       		.uleb128 0xd
 396 005e 00       		.byte	0
 397 005f 03       		.uleb128 0x3
ARM GAS  /tmp/ccYdko2T.s 			page 8


 398 0060 0E       		.uleb128 0xe
 399 0061 3A       		.uleb128 0x3a
 400 0062 0B       		.uleb128 0xb
 401 0063 3B       		.uleb128 0x3b
 402 0064 0B       		.uleb128 0xb
 403 0065 49       		.uleb128 0x49
 404 0066 13       		.uleb128 0x13
 405 0067 38       		.uleb128 0x38
 406 0068 0B       		.uleb128 0xb
 407 0069 00       		.byte	0
 408 006a 00       		.byte	0
 409 006b 0A       		.uleb128 0xa
 410 006c 15       		.uleb128 0x15
 411 006d 01       		.byte	0x1
 412 006e 27       		.uleb128 0x27
 413 006f 19       		.uleb128 0x19
 414 0070 49       		.uleb128 0x49
 415 0071 13       		.uleb128 0x13
 416 0072 01       		.uleb128 0x1
 417 0073 13       		.uleb128 0x13
 418 0074 00       		.byte	0
 419 0075 00       		.byte	0
 420 0076 0B       		.uleb128 0xb
 421 0077 05       		.uleb128 0x5
 422 0078 00       		.byte	0
 423 0079 49       		.uleb128 0x49
 424 007a 13       		.uleb128 0x13
 425 007b 00       		.byte	0
 426 007c 00       		.byte	0
 427 007d 0C       		.uleb128 0xc
 428 007e 2E       		.uleb128 0x2e
 429 007f 01       		.byte	0x1
 430 0080 3F       		.uleb128 0x3f
 431 0081 19       		.uleb128 0x19
 432 0082 03       		.uleb128 0x3
 433 0083 0E       		.uleb128 0xe
 434 0084 3A       		.uleb128 0x3a
 435 0085 0B       		.uleb128 0xb
 436 0086 3B       		.uleb128 0x3b
 437 0087 0B       		.uleb128 0xb
 438 0088 27       		.uleb128 0x27
 439 0089 19       		.uleb128 0x19
 440 008a 49       		.uleb128 0x49
 441 008b 13       		.uleb128 0x13
 442 008c 11       		.uleb128 0x11
 443 008d 01       		.uleb128 0x1
 444 008e 12       		.uleb128 0x12
 445 008f 06       		.uleb128 0x6
 446 0090 40       		.uleb128 0x40
 447 0091 18       		.uleb128 0x18
 448 0092 9742     		.uleb128 0x2117
 449 0094 19       		.uleb128 0x19
 450 0095 00       		.byte	0
 451 0096 00       		.byte	0
 452 0097 0D       		.uleb128 0xd
 453 0098 05       		.uleb128 0x5
 454 0099 00       		.byte	0
ARM GAS  /tmp/ccYdko2T.s 			page 9


 455 009a 03       		.uleb128 0x3
 456 009b 0E       		.uleb128 0xe
 457 009c 3A       		.uleb128 0x3a
 458 009d 0B       		.uleb128 0xb
 459 009e 3B       		.uleb128 0x3b
 460 009f 0B       		.uleb128 0xb
 461 00a0 49       		.uleb128 0x49
 462 00a1 13       		.uleb128 0x13
 463 00a2 02       		.uleb128 0x2
 464 00a3 17       		.uleb128 0x17
 465 00a4 00       		.byte	0
 466 00a5 00       		.byte	0
 467 00a6 0E       		.uleb128 0xe
 468 00a7 34       		.uleb128 0x34
 469 00a8 00       		.byte	0
 470 00a9 03       		.uleb128 0x3
 471 00aa 08       		.uleb128 0x8
 472 00ab 3A       		.uleb128 0x3a
 473 00ac 0B       		.uleb128 0xb
 474 00ad 3B       		.uleb128 0x3b
 475 00ae 0B       		.uleb128 0xb
 476 00af 49       		.uleb128 0x49
 477 00b0 13       		.uleb128 0x13
 478 00b1 02       		.uleb128 0x2
 479 00b2 18       		.uleb128 0x18
 480 00b3 00       		.byte	0
 481 00b4 00       		.byte	0
 482 00b5 0F       		.uleb128 0xf
 483 00b6 34       		.uleb128 0x34
 484 00b7 00       		.byte	0
 485 00b8 03       		.uleb128 0x3
 486 00b9 0E       		.uleb128 0xe
 487 00ba 3A       		.uleb128 0x3a
 488 00bb 0B       		.uleb128 0xb
 489 00bc 3B       		.uleb128 0x3b
 490 00bd 0B       		.uleb128 0xb
 491 00be 49       		.uleb128 0x49
 492 00bf 13       		.uleb128 0x13
 493 00c0 02       		.uleb128 0x2
 494 00c1 17       		.uleb128 0x17
 495 00c2 00       		.byte	0
 496 00c3 00       		.byte	0
 497 00c4 10       		.uleb128 0x10
 498 00c5 898201   		.uleb128 0x4109
 499 00c8 01       		.byte	0x1
 500 00c9 11       		.uleb128 0x11
 501 00ca 01       		.uleb128 0x1
 502 00cb 9342     		.uleb128 0x2113
 503 00cd 18       		.uleb128 0x18
 504 00ce 00       		.byte	0
 505 00cf 00       		.byte	0
 506 00d0 11       		.uleb128 0x11
 507 00d1 8A8201   		.uleb128 0x410a
 508 00d4 00       		.byte	0
 509 00d5 02       		.uleb128 0x2
 510 00d6 18       		.uleb128 0x18
 511 00d7 9142     		.uleb128 0x2111
ARM GAS  /tmp/ccYdko2T.s 			page 10


 512 00d9 18       		.uleb128 0x18
 513 00da 00       		.byte	0
 514 00db 00       		.byte	0
 515 00dc 00       		.byte	0
 516              		.section	.debug_loc,"",%progbits
 517              	.Ldebug_loc0:
 518              	.LLST0:
 519 0000 00000000 		.4byte	.LVL0
 520 0004 13000000 		.4byte	.LVL4-1
 521 0008 0100     		.2byte	0x1
 522 000a 50       		.byte	0x50
 523 000b 13000000 		.4byte	.LVL4-1
 524 000f 16000000 		.4byte	.LFE10
 525 0013 0400     		.2byte	0x4
 526 0015 F3       		.byte	0xf3
 527 0016 01       		.uleb128 0x1
 528 0017 50       		.byte	0x50
 529 0018 9F       		.byte	0x9f
 530 0019 00000000 		.4byte	0
 531 001d 00000000 		.4byte	0
 532              	.LLST1:
 533 0021 00000000 		.4byte	.LVL0
 534 0025 13000000 		.4byte	.LVL4-1
 535 0029 0100     		.2byte	0x1
 536 002b 51       		.byte	0x51
 537 002c 13000000 		.4byte	.LVL4-1
 538 0030 16000000 		.4byte	.LFE10
 539 0034 0400     		.2byte	0x4
 540 0036 F3       		.byte	0xf3
 541 0037 01       		.uleb128 0x1
 542 0038 51       		.byte	0x51
 543 0039 9F       		.byte	0x9f
 544 003a 00000000 		.4byte	0
 545 003e 00000000 		.4byte	0
 546              	.LLST2:
 547 0042 00000000 		.4byte	.LVL0
 548 0046 13000000 		.4byte	.LVL4-1
 549 004a 0100     		.2byte	0x1
 550 004c 52       		.byte	0x52
 551 004d 13000000 		.4byte	.LVL4-1
 552 0051 16000000 		.4byte	.LFE10
 553 0055 0400     		.2byte	0x4
 554 0057 F3       		.byte	0xf3
 555 0058 01       		.uleb128 0x1
 556 0059 52       		.byte	0x52
 557 005a 9F       		.byte	0x9f
 558 005b 00000000 		.4byte	0
 559 005f 00000000 		.4byte	0
 560              	.LLST3:
 561 0063 00000000 		.4byte	.LVL0
 562 0067 0A000000 		.4byte	.LVL1
 563 006b 0200     		.2byte	0x2
 564 006d 70       		.byte	0x70
 565 006e 00       		.sleb128 0
 566 006f 0A000000 		.4byte	.LVL1
 567 0073 0E000000 		.4byte	.LVL2
 568 0077 0600     		.2byte	0x6
ARM GAS  /tmp/ccYdko2T.s 			page 11


 569 0079 70       		.byte	0x70
 570 007a 00       		.sleb128 0
 571 007b 06       		.byte	0x6
 572 007c 23       		.byte	0x23
 573 007d 07       		.uleb128 0x7
 574 007e 9F       		.byte	0x9f
 575 007f 0E000000 		.4byte	.LVL2
 576 0083 12000000 		.4byte	.LVL3
 577 0087 0600     		.2byte	0x6
 578 0089 70       		.byte	0x70
 579 008a 00       		.sleb128 0
 580 008b 06       		.byte	0x6
 581 008c 23       		.byte	0x23
 582 008d 06       		.uleb128 0x6
 583 008e 9F       		.byte	0x9f
 584 008f 12000000 		.4byte	.LVL3
 585 0093 13000000 		.4byte	.LVL4-1
 586 0097 0300     		.2byte	0x3
 587 0099 73       		.byte	0x73
 588 009a 06       		.sleb128 6
 589 009b 9F       		.byte	0x9f
 590 009c 00000000 		.4byte	0
 591 00a0 00000000 		.4byte	0
 592              		.section	.debug_aranges,"",%progbits
 593 0000 1C000000 		.4byte	0x1c
 594 0004 0200     		.2byte	0x2
 595 0006 00000000 		.4byte	.Ldebug_info0
 596 000a 04       		.byte	0x4
 597 000b 00       		.byte	0
 598 000c 0000     		.2byte	0
 599 000e 0000     		.2byte	0
 600 0010 00000000 		.4byte	.LFB10
 601 0014 16000000 		.4byte	.LFE10-.LFB10
 602 0018 00000000 		.4byte	0
 603 001c 00000000 		.4byte	0
 604              		.section	.debug_ranges,"",%progbits
 605              	.Ldebug_ranges0:
 606 0000 00000000 		.4byte	.LFB10
 607 0004 16000000 		.4byte	.LFE10
 608 0008 00000000 		.4byte	0
 609 000c 00000000 		.4byte	0
 610              		.section	.debug_line,"",%progbits
 611              	.Ldebug_line0:
 612 0000 A6000000 		.section	.debug_str,"MS",%progbits,1
 612      02007F00 
 612      00000201 
 612      FB0E0D00 
 612      01010101 
 613              	.LASF10:
 614 0000 5043414C 		.ascii	"PCALLBACK\000"
 614      4C424143 
 614      4B00
 615              	.LASF27:
 616 000a 70535344 		.ascii	"pSSDConfig\000"
 616      436F6E66 
 616      696700
 617              	.LASF21:
ARM GAS  /tmp/ccYdko2T.s 			page 12


 618 0015 50464C41 		.ascii	"PFLASH_SSD_CONFIG\000"
 618      53485F53 
 618      53445F43 
 618      4F4E4649 
 618      4700
 619              	.LASF18:
 620 0027 45454553 		.ascii	"EEESize\000"
 620      697A6500 
 621              	.LASF19:
 622 002f 44656275 		.ascii	"DebugEnable\000"
 622      67456E61 
 622      626C6500 
 623              	.LASF15:
 624 003b 44466C61 		.ascii	"DFlashBase\000"
 624      73684261 
 624      736500
 625              	.LASF35:
 626 0046 466C6173 		.ascii	"FlashVerifyAllBlock\000"
 626      68566572 
 626      69667941 
 626      6C6C426C 
 626      6F636B00 
 627              	.LASF29:
 628 005a 70466C61 		.ascii	"pFlashCommandSequence\000"
 628      7368436F 
 628      6D6D616E 
 628      64536571 
 628      75656E63 
 629              	.LASF33:
 630 0070 2F686F6D 		.ascii	"/home/bunnie/code/chibi-chibios/orchard\000"
 630      652F6275 
 630      6E6E6965 
 630      2F636F64 
 630      652F6368 
 631              	.LASF17:
 632 0098 45455241 		.ascii	"EERAMBase\000"
 632      4D426173 
 632      6500
 633              	.LASF16:
 634 00a2 44466C61 		.ascii	"DFlashSize\000"
 634      73685369 
 634      7A6500
 635              	.LASF34:
 636 00ad 5F737364 		.ascii	"_ssd_config\000"
 636      5F636F6E 
 636      66696700 
 637              	.LASF3:
 638 00b9 756E7369 		.ascii	"unsigned char\000"
 638      676E6564 
 638      20636861 
 638      7200
 639              	.LASF23:
 640 00c7 6C6F6E67 		.ascii	"long unsigned int\000"
 640      20756E73 
 640      69676E65 
 640      6420696E 
 640      7400
ARM GAS  /tmp/ccYdko2T.s 			page 13


 641              	.LASF22:
 642 00d9 70464C41 		.ascii	"pFLASHCOMMANDSEQUENCE\000"
 642      5348434F 
 642      4D4D414E 
 642      44534551 
 642      55454E43 
 643              	.LASF4:
 644 00ef 73686F72 		.ascii	"short unsigned int\000"
 644      7420756E 
 644      7369676E 
 644      65642069 
 644      6E7400
 645              	.LASF13:
 646 0102 50466C61 		.ascii	"PFlashBase\000"
 646      73684261 
 646      736500
 647              	.LASF7:
 648 010d 756E7369 		.ascii	"unsigned int\000"
 648      676E6564 
 648      20696E74 
 648      00
 649              	.LASF30:
 650 011a 74656D70 		.ascii	"temp\000"
 650      00
 651              	.LASF14:
 652 011f 50466C61 		.ascii	"PFlashSize\000"
 652      73685369 
 652      7A6500
 653              	.LASF8:
 654 012a 6C6F6E67 		.ascii	"long long unsigned int\000"
 654      206C6F6E 
 654      6720756E 
 654      7369676E 
 654      65642069 
 655              	.LASF5:
 656 0141 75696E74 		.ascii	"uint8_t\000"
 656      385F7400 
 657              	.LASF9:
 658 0149 7675696E 		.ascii	"vuint8_t\000"
 658      74385F74 
 658      00
 659              	.LASF20:
 660 0152 43616C6C 		.ascii	"CallBack\000"
 660      4261636B 
 660      00
 661              	.LASF31:
 662 015b 474E5520 		.ascii	"GNU C 4.9.2 -mcpu=cortex-m0 -mfloat-abi=soft -mfp16"
 662      4320342E 
 662      392E3220 
 662      2D6D6370 
 662      753D636F 
 663 018e 2D666F72 		.ascii	"-format=none -mno-thumb-interwork -mthumb -mfloat-a"
 663      6D61743D 
 663      6E6F6E65 
 663      202D6D6E 
 663      6F2D7468 
 664 01c1 62693D73 		.ascii	"bi=soft -mfpu=vfpv3-d16 -mtls-dialect=gnu -ggdb -O3"
ARM GAS  /tmp/ccYdko2T.s 			page 14


 664      6F667420 
 664      2D6D6670 
 664      753D7666 
 664      7076332D 
 665 01f4 202D7374 		.ascii	" -std=gnu99 -fomit-frame-pointer -falign-functions="
 665      643D676E 
 665      75393920 
 665      2D666F6D 
 665      69742D66 
 666 0227 3136202D 		.ascii	"16 -ffunction-sections -fdata-sections -fno-common\000"
 666      6666756E 
 666      6374696F 
 666      6E2D7365 
 666      6374696F 
 667              	.LASF25:
 668 025a 73697A65 		.ascii	"sizetype\000"
 668      74797065 
 668      00
 669              	.LASF2:
 670 0263 6C6F6E67 		.ascii	"long long int\000"
 670      206C6F6E 
 670      6720696E 
 670      7400
 671              	.LASF32:
 672 0271 2E2E2F65 		.ascii	"../ext/C90TFS/source/FlashVerifyAllBlock.c\000"
 672      78742F43 
 672      39305446 
 672      532F736F 
 672      75726365 
 673              	.LASF26:
 674 029c 63686172 		.ascii	"char\000"
 674      00
 675              	.LASF1:
 676 02a1 73686F72 		.ascii	"short int\000"
 676      7420696E 
 676      7400
 677              	.LASF6:
 678 02ab 75696E74 		.ascii	"uint32_t\000"
 678      33325F74 
 678      00
 679              	.LASF24:
 680 02b4 6C6F6E67 		.ascii	"long int\000"
 680      20696E74 
 680      00
 681              	.LASF0:
 682 02bd 7369676E 		.ascii	"signed char\000"
 682      65642063 
 682      68617200 
 683              	.LASF28:
 684 02c9 6D617267 		.ascii	"marginLevel\000"
 684      696E4C65 
 684      76656C00 
 685              	.LASF11:
 686 02d5 5F426F6F 		.ascii	"_Bool\000"
 686      6C00
 687              	.LASF12:
 688 02db 66746678 		.ascii	"ftfxRegBase\000"
ARM GAS  /tmp/ccYdko2T.s 			page 15


 688      52656742 
 688      61736500 
 689              		.ident	"GCC: (Debian 4.9.2-10) 4.9.2"
 690              		.section	.note.GNU-stack,"",%progbits
ARM GAS  /tmp/ccYdko2T.s 			page 16


DEFINED SYMBOLS
                            *ABS*:00000000 FlashVerifyAllBlock.c
     /tmp/ccYdko2T.s:18     .text.FlashVerifyAllBlock:00000000 $t
     /tmp/ccYdko2T.s:24     .text.FlashVerifyAllBlock:00000000 FlashVerifyAllBlock
                     .debug_frame:00000010 $d

NO UNDEFINED SYMBOLS
