ARM GAS  /tmp/cc2qYQFB.s 			page 1


   1              		.cpu cortex-m0
   2              		.fpu softvfp
   3              		.eabi_attribute 20, 1
   4              		.eabi_attribute 21, 1
   5              		.eabi_attribute 23, 3
   6              		.eabi_attribute 24, 1
   7              		.eabi_attribute 25, 1
   8              		.eabi_attribute 26, 2
   9              		.eabi_attribute 30, 2
  10              		.eabi_attribute 34, 0
  11              		.eabi_attribute 18, 4
  12              		.code	16
  13              		.file	"FlashEraseSuspend.c"
  14              		.text
  15              	.Ltext0:
  16              		.cfi_sections	.debug_frame
  17              		.section	.text.FlashEraseSuspend,"ax",%progbits
  18              		.align	2
  19              		.p2align 4,,-1
  20              		.global	FlashEraseSuspend
  21              		.code	16
  22              		.thumb_func
  23              		.type	FlashEraseSuspend, %function
  24              	FlashEraseSuspend:
  25              	.LFB10:
  26              		.file 1 "../ext/C90TFS/source/FlashEraseSuspend.c"
  27              		.loc 1 65 0
  28              		.cfi_startproc
  29              	.LVL0:
  30              		.loc 1 68 0
  31 0000 0268     		ldr	r2, [r0]
  32              	.LVL1:
  33              		.loc 1 69 0
  34 0002 1378     		ldrb	r3, [r2]
  35 0004 5BB2     		sxtb	r3, r3
  36 0006 002B     		cmp	r3, #0
  37 0008 08DB     		blt	.L6
  38              	.LVL2:
  39              		.loc 1 74 0
  40 000a 1023     		mov	r3, #16
  41 000c 5178     		ldrb	r1, [r2, #1]
  42 000e 0B43     		orr	r3, r1
  43 0010 5370     		strb	r3, [r2, #1]
  44              	.LVL3:
  45 0012 0268     		ldr	r2, [r0]
  46              	.L3:
  47              		.loc 1 77 0 discriminator 1
  48 0014 1378     		ldrb	r3, [r2]
  49 0016 5BB2     		sxtb	r3, r3
  50 0018 002B     		cmp	r3, #0
  51 001a FBDA     		bge	.L3
  52              	.LVL4:
  53              	.L6:
  54              		.loc 1 92 0
  55 001c 0020     		mov	r0, #0
  56              	.LVL5:
  57              		@ sp needed
ARM GAS  /tmp/cc2qYQFB.s 			page 2


  58 001e 7047     		bx	lr
  59              		.cfi_endproc
  60              	.LFE10:
  61              		.size	FlashEraseSuspend, .-FlashEraseSuspend
  62              		.text
  63              	.Letext0:
  64              		.file 2 "/usr/include/stdint.h"
  65              		.file 3 "../ext/C90TFS/include/SSD_Types.h"
  66              		.section	.debug_info,"",%progbits
  67              	.Ldebug_info0:
  68 0000 73010000 		.4byte	0x173
  69 0004 0400     		.2byte	0x4
  70 0006 00000000 		.4byte	.Ldebug_abbrev0
  71 000a 04       		.byte	0x4
  72 000b 01       		.uleb128 0x1
  73 000c 56010000 		.4byte	.LASF26
  74 0010 01       		.byte	0x1
  75 0011 24010000 		.4byte	.LASF27
  76 0015 46000000 		.4byte	.LASF28
  77 0019 00000000 		.4byte	.Ldebug_ranges0+0
  78 001d 00000000 		.4byte	0
  79 0021 00000000 		.4byte	.Ldebug_line0
  80 0025 02       		.uleb128 0x2
  81 0026 01       		.byte	0x1
  82 0027 06       		.byte	0x6
  83 0028 8D020000 		.4byte	.LASF0
  84 002c 02       		.uleb128 0x2
  85 002d 02       		.byte	0x2
  86 002e 05       		.byte	0x5
  87 002f 71020000 		.4byte	.LASF1
  88 0033 03       		.uleb128 0x3
  89 0034 04       		.byte	0x4
  90 0035 05       		.byte	0x5
  91 0036 696E7400 		.ascii	"int\000"
  92 003a 02       		.uleb128 0x2
  93 003b 08       		.byte	0x8
  94 003c 05       		.byte	0x5
  95 003d 5E020000 		.4byte	.LASF2
  96 0041 04       		.uleb128 0x4
  97 0042 1C010000 		.4byte	.LASF5
  98 0046 02       		.byte	0x2
  99 0047 30       		.byte	0x30
 100 0048 4C000000 		.4byte	0x4c
 101 004c 02       		.uleb128 0x2
 102 004d 01       		.byte	0x1
 103 004e 08       		.byte	0x8
 104 004f 8F000000 		.4byte	.LASF3
 105 0053 02       		.uleb128 0x2
 106 0054 02       		.byte	0x2
 107 0055 07       		.byte	0x7
 108 0056 C6000000 		.4byte	.LASF4
 109 005a 04       		.uleb128 0x4
 110 005b 7B020000 		.4byte	.LASF6
 111 005f 02       		.byte	0x2
 112 0060 33       		.byte	0x33
 113 0061 65000000 		.4byte	0x65
 114 0065 02       		.uleb128 0x2
ARM GAS  /tmp/cc2qYQFB.s 			page 3


 115 0066 04       		.byte	0x4
 116 0067 07       		.byte	0x7
 117 0068 ED000000 		.4byte	.LASF7
 118 006c 02       		.uleb128 0x2
 119 006d 08       		.byte	0x8
 120 006e 07       		.byte	0x7
 121 006f 05010000 		.4byte	.LASF8
 122 0073 04       		.uleb128 0x4
 123 0074 D9000000 		.4byte	.LASF9
 124 0078 03       		.byte	0x3
 125 0079 3F       		.byte	0x3f
 126 007a 7E000000 		.4byte	0x7e
 127 007e 05       		.uleb128 0x5
 128 007f 4C000000 		.4byte	0x4c
 129 0083 04       		.uleb128 0x4
 130 0084 00000000 		.4byte	.LASF10
 131 0088 03       		.byte	0x3
 132 0089 59       		.byte	0x59
 133 008a 8E000000 		.4byte	0x8e
 134 008e 06       		.uleb128 0x6
 135 008f 04       		.byte	0x4
 136 0090 94000000 		.4byte	0x94
 137 0094 07       		.uleb128 0x7
 138 0095 02       		.uleb128 0x2
 139 0096 01       		.byte	0x1
 140 0097 02       		.byte	0x2
 141 0098 99020000 		.4byte	.LASF11
 142 009c 08       		.uleb128 0x8
 143 009d 83000000 		.4byte	.LASF29
 144 00a1 24       		.byte	0x24
 145 00a2 03       		.byte	0x3
 146 00a3 6A       		.byte	0x6a
 147 00a4 15010000 		.4byte	0x115
 148 00a8 09       		.uleb128 0x9
 149 00a9 9F020000 		.4byte	.LASF12
 150 00ad 03       		.byte	0x3
 151 00ae 6C       		.byte	0x6c
 152 00af 5A000000 		.4byte	0x5a
 153 00b3 00       		.byte	0
 154 00b4 09       		.uleb128 0x9
 155 00b5 E2000000 		.4byte	.LASF13
 156 00b9 03       		.byte	0x3
 157 00ba 6D       		.byte	0x6d
 158 00bb 5A000000 		.4byte	0x5a
 159 00bf 04       		.byte	0x4
 160 00c0 09       		.uleb128 0x9
 161 00c1 FA000000 		.4byte	.LASF14
 162 00c5 03       		.byte	0x3
 163 00c6 6E       		.byte	0x6e
 164 00c7 5A000000 		.4byte	0x5a
 165 00cb 08       		.byte	0x8
 166 00cc 09       		.uleb128 0x9
 167 00cd 3B000000 		.4byte	.LASF15
 168 00d1 03       		.byte	0x3
 169 00d2 6F       		.byte	0x6f
 170 00d3 5A000000 		.4byte	0x5a
 171 00d7 0C       		.byte	0xc
ARM GAS  /tmp/cc2qYQFB.s 			page 4


 172 00d8 09       		.uleb128 0x9
 173 00d9 78000000 		.4byte	.LASF16
 174 00dd 03       		.byte	0x3
 175 00de 70       		.byte	0x70
 176 00df 5A000000 		.4byte	0x5a
 177 00e3 10       		.byte	0x10
 178 00e4 09       		.uleb128 0x9
 179 00e5 6E000000 		.4byte	.LASF17
 180 00e9 03       		.byte	0x3
 181 00ea 73       		.byte	0x73
 182 00eb 5A000000 		.4byte	0x5a
 183 00ef 14       		.byte	0x14
 184 00f0 09       		.uleb128 0x9
 185 00f1 27000000 		.4byte	.LASF18
 186 00f5 03       		.byte	0x3
 187 00f6 75       		.byte	0x75
 188 00f7 5A000000 		.4byte	0x5a
 189 00fb 18       		.byte	0x18
 190 00fc 09       		.uleb128 0x9
 191 00fd 2F000000 		.4byte	.LASF19
 192 0101 03       		.byte	0x3
 193 0102 78       		.byte	0x78
 194 0103 95000000 		.4byte	0x95
 195 0107 1C       		.byte	0x1c
 196 0108 09       		.uleb128 0x9
 197 0109 4D010000 		.4byte	.LASF20
 198 010d 03       		.byte	0x3
 199 010e 79       		.byte	0x79
 200 010f 83000000 		.4byte	0x83
 201 0113 20       		.byte	0x20
 202 0114 00       		.byte	0
 203 0115 04       		.uleb128 0x4
 204 0116 15000000 		.4byte	.LASF21
 205 011a 03       		.byte	0x3
 206 011b 7A       		.byte	0x7a
 207 011c 20010000 		.4byte	0x120
 208 0120 06       		.uleb128 0x6
 209 0121 04       		.byte	0x4
 210 0122 9C000000 		.4byte	0x9c
 211 0126 02       		.uleb128 0x2
 212 0127 04       		.byte	0x4
 213 0128 07       		.byte	0x7
 214 0129 AF000000 		.4byte	.LASF22
 215 012d 02       		.uleb128 0x2
 216 012e 04       		.byte	0x4
 217 012f 05       		.byte	0x5
 218 0130 84020000 		.4byte	.LASF23
 219 0134 02       		.uleb128 0x2
 220 0135 04       		.byte	0x4
 221 0136 07       		.byte	0x7
 222 0137 55020000 		.4byte	.LASF24
 223 013b 02       		.uleb128 0x2
 224 013c 01       		.byte	0x1
 225 013d 08       		.byte	0x8
 226 013e 6C020000 		.4byte	.LASF25
 227 0142 0A       		.uleb128 0xa
 228 0143 9D000000 		.4byte	.LASF30
ARM GAS  /tmp/cc2qYQFB.s 			page 5


 229 0147 01       		.byte	0x1
 230 0148 40       		.byte	0x40
 231 0149 5A000000 		.4byte	0x5a
 232 014d 00000000 		.4byte	.LFB10
 233 0151 20000000 		.4byte	.LFE10-.LFB10
 234 0155 01       		.uleb128 0x1
 235 0156 9C       		.byte	0x9c
 236 0157 0B       		.uleb128 0xb
 237 0158 0A000000 		.4byte	.LASF31
 238 015c 01       		.byte	0x1
 239 015d 40       		.byte	0x40
 240 015e 15010000 		.4byte	0x115
 241 0162 00000000 		.4byte	.LLST0
 242 0166 0C       		.uleb128 0xc
 243 0167 C1000000 		.4byte	.LASF32
 244 016b 01       		.byte	0x1
 245 016c 42       		.byte	0x42
 246 016d 5A000000 		.4byte	0x5a
 247 0171 21000000 		.4byte	.LLST1
 248 0175 00       		.byte	0
 249 0176 00       		.byte	0
 250              		.section	.debug_abbrev,"",%progbits
 251              	.Ldebug_abbrev0:
 252 0000 01       		.uleb128 0x1
 253 0001 11       		.uleb128 0x11
 254 0002 01       		.byte	0x1
 255 0003 25       		.uleb128 0x25
 256 0004 0E       		.uleb128 0xe
 257 0005 13       		.uleb128 0x13
 258 0006 0B       		.uleb128 0xb
 259 0007 03       		.uleb128 0x3
 260 0008 0E       		.uleb128 0xe
 261 0009 1B       		.uleb128 0x1b
 262 000a 0E       		.uleb128 0xe
 263 000b 55       		.uleb128 0x55
 264 000c 17       		.uleb128 0x17
 265 000d 11       		.uleb128 0x11
 266 000e 01       		.uleb128 0x1
 267 000f 10       		.uleb128 0x10
 268 0010 17       		.uleb128 0x17
 269 0011 00       		.byte	0
 270 0012 00       		.byte	0
 271 0013 02       		.uleb128 0x2
 272 0014 24       		.uleb128 0x24
 273 0015 00       		.byte	0
 274 0016 0B       		.uleb128 0xb
 275 0017 0B       		.uleb128 0xb
 276 0018 3E       		.uleb128 0x3e
 277 0019 0B       		.uleb128 0xb
 278 001a 03       		.uleb128 0x3
 279 001b 0E       		.uleb128 0xe
 280 001c 00       		.byte	0
 281 001d 00       		.byte	0
 282 001e 03       		.uleb128 0x3
 283 001f 24       		.uleb128 0x24
 284 0020 00       		.byte	0
 285 0021 0B       		.uleb128 0xb
ARM GAS  /tmp/cc2qYQFB.s 			page 6


 286 0022 0B       		.uleb128 0xb
 287 0023 3E       		.uleb128 0x3e
 288 0024 0B       		.uleb128 0xb
 289 0025 03       		.uleb128 0x3
 290 0026 08       		.uleb128 0x8
 291 0027 00       		.byte	0
 292 0028 00       		.byte	0
 293 0029 04       		.uleb128 0x4
 294 002a 16       		.uleb128 0x16
 295 002b 00       		.byte	0
 296 002c 03       		.uleb128 0x3
 297 002d 0E       		.uleb128 0xe
 298 002e 3A       		.uleb128 0x3a
 299 002f 0B       		.uleb128 0xb
 300 0030 3B       		.uleb128 0x3b
 301 0031 0B       		.uleb128 0xb
 302 0032 49       		.uleb128 0x49
 303 0033 13       		.uleb128 0x13
 304 0034 00       		.byte	0
 305 0035 00       		.byte	0
 306 0036 05       		.uleb128 0x5
 307 0037 35       		.uleb128 0x35
 308 0038 00       		.byte	0
 309 0039 49       		.uleb128 0x49
 310 003a 13       		.uleb128 0x13
 311 003b 00       		.byte	0
 312 003c 00       		.byte	0
 313 003d 06       		.uleb128 0x6
 314 003e 0F       		.uleb128 0xf
 315 003f 00       		.byte	0
 316 0040 0B       		.uleb128 0xb
 317 0041 0B       		.uleb128 0xb
 318 0042 49       		.uleb128 0x49
 319 0043 13       		.uleb128 0x13
 320 0044 00       		.byte	0
 321 0045 00       		.byte	0
 322 0046 07       		.uleb128 0x7
 323 0047 15       		.uleb128 0x15
 324 0048 00       		.byte	0
 325 0049 27       		.uleb128 0x27
 326 004a 19       		.uleb128 0x19
 327 004b 00       		.byte	0
 328 004c 00       		.byte	0
 329 004d 08       		.uleb128 0x8
 330 004e 13       		.uleb128 0x13
 331 004f 01       		.byte	0x1
 332 0050 03       		.uleb128 0x3
 333 0051 0E       		.uleb128 0xe
 334 0052 0B       		.uleb128 0xb
 335 0053 0B       		.uleb128 0xb
 336 0054 3A       		.uleb128 0x3a
 337 0055 0B       		.uleb128 0xb
 338 0056 3B       		.uleb128 0x3b
 339 0057 0B       		.uleb128 0xb
 340 0058 01       		.uleb128 0x1
 341 0059 13       		.uleb128 0x13
 342 005a 00       		.byte	0
ARM GAS  /tmp/cc2qYQFB.s 			page 7


 343 005b 00       		.byte	0
 344 005c 09       		.uleb128 0x9
 345 005d 0D       		.uleb128 0xd
 346 005e 00       		.byte	0
 347 005f 03       		.uleb128 0x3
 348 0060 0E       		.uleb128 0xe
 349 0061 3A       		.uleb128 0x3a
 350 0062 0B       		.uleb128 0xb
 351 0063 3B       		.uleb128 0x3b
 352 0064 0B       		.uleb128 0xb
 353 0065 49       		.uleb128 0x49
 354 0066 13       		.uleb128 0x13
 355 0067 38       		.uleb128 0x38
 356 0068 0B       		.uleb128 0xb
 357 0069 00       		.byte	0
 358 006a 00       		.byte	0
 359 006b 0A       		.uleb128 0xa
 360 006c 2E       		.uleb128 0x2e
 361 006d 01       		.byte	0x1
 362 006e 3F       		.uleb128 0x3f
 363 006f 19       		.uleb128 0x19
 364 0070 03       		.uleb128 0x3
 365 0071 0E       		.uleb128 0xe
 366 0072 3A       		.uleb128 0x3a
 367 0073 0B       		.uleb128 0xb
 368 0074 3B       		.uleb128 0x3b
 369 0075 0B       		.uleb128 0xb
 370 0076 27       		.uleb128 0x27
 371 0077 19       		.uleb128 0x19
 372 0078 49       		.uleb128 0x49
 373 0079 13       		.uleb128 0x13
 374 007a 11       		.uleb128 0x11
 375 007b 01       		.uleb128 0x1
 376 007c 12       		.uleb128 0x12
 377 007d 06       		.uleb128 0x6
 378 007e 40       		.uleb128 0x40
 379 007f 18       		.uleb128 0x18
 380 0080 9742     		.uleb128 0x2117
 381 0082 19       		.uleb128 0x19
 382 0083 00       		.byte	0
 383 0084 00       		.byte	0
 384 0085 0B       		.uleb128 0xb
 385 0086 05       		.uleb128 0x5
 386 0087 00       		.byte	0
 387 0088 03       		.uleb128 0x3
 388 0089 0E       		.uleb128 0xe
 389 008a 3A       		.uleb128 0x3a
 390 008b 0B       		.uleb128 0xb
 391 008c 3B       		.uleb128 0x3b
 392 008d 0B       		.uleb128 0xb
 393 008e 49       		.uleb128 0x49
 394 008f 13       		.uleb128 0x13
 395 0090 02       		.uleb128 0x2
 396 0091 17       		.uleb128 0x17
 397 0092 00       		.byte	0
 398 0093 00       		.byte	0
 399 0094 0C       		.uleb128 0xc
ARM GAS  /tmp/cc2qYQFB.s 			page 8


 400 0095 34       		.uleb128 0x34
 401 0096 00       		.byte	0
 402 0097 03       		.uleb128 0x3
 403 0098 0E       		.uleb128 0xe
 404 0099 3A       		.uleb128 0x3a
 405 009a 0B       		.uleb128 0xb
 406 009b 3B       		.uleb128 0x3b
 407 009c 0B       		.uleb128 0xb
 408 009d 49       		.uleb128 0x49
 409 009e 13       		.uleb128 0x13
 410 009f 02       		.uleb128 0x2
 411 00a0 17       		.uleb128 0x17
 412 00a1 00       		.byte	0
 413 00a2 00       		.byte	0
 414 00a3 00       		.byte	0
 415              		.section	.debug_loc,"",%progbits
 416              	.Ldebug_loc0:
 417              	.LLST0:
 418 0000 00000000 		.4byte	.LVL0
 419 0004 1E000000 		.4byte	.LVL5
 420 0008 0100     		.2byte	0x1
 421 000a 50       		.byte	0x50
 422 000b 1E000000 		.4byte	.LVL5
 423 000f 20000000 		.4byte	.LFE10
 424 0013 0400     		.2byte	0x4
 425 0015 F3       		.byte	0xf3
 426 0016 01       		.uleb128 0x1
 427 0017 50       		.byte	0x50
 428 0018 9F       		.byte	0x9f
 429 0019 00000000 		.4byte	0
 430 001d 00000000 		.4byte	0
 431              	.LLST1:
 432 0021 02000000 		.4byte	.LVL1
 433 0025 0A000000 		.4byte	.LVL2
 434 0029 0100     		.2byte	0x1
 435 002b 52       		.byte	0x52
 436 002c 0A000000 		.4byte	.LVL2
 437 0030 12000000 		.4byte	.LVL3
 438 0034 0300     		.2byte	0x3
 439 0036 72       		.byte	0x72
 440 0037 01       		.sleb128 1
 441 0038 9F       		.byte	0x9f
 442 0039 12000000 		.4byte	.LVL3
 443 003d 1C000000 		.4byte	.LVL4
 444 0041 0200     		.2byte	0x2
 445 0043 70       		.byte	0x70
 446 0044 00       		.sleb128 0
 447 0045 1C000000 		.4byte	.LVL4
 448 0049 20000000 		.4byte	.LFE10
 449 004d 0100     		.2byte	0x1
 450 004f 52       		.byte	0x52
 451 0050 00000000 		.4byte	0
 452 0054 00000000 		.4byte	0
 453              		.section	.debug_aranges,"",%progbits
 454 0000 1C000000 		.4byte	0x1c
 455 0004 0200     		.2byte	0x2
 456 0006 00000000 		.4byte	.Ldebug_info0
ARM GAS  /tmp/cc2qYQFB.s 			page 9


 457 000a 04       		.byte	0x4
 458 000b 00       		.byte	0
 459 000c 0000     		.2byte	0
 460 000e 0000     		.2byte	0
 461 0010 00000000 		.4byte	.LFB10
 462 0014 20000000 		.4byte	.LFE10-.LFB10
 463 0018 00000000 		.4byte	0
 464 001c 00000000 		.4byte	0
 465              		.section	.debug_ranges,"",%progbits
 466              	.Ldebug_ranges0:
 467 0000 00000000 		.4byte	.LFB10
 468 0004 20000000 		.4byte	.LFE10
 469 0008 00000000 		.4byte	0
 470 000c 00000000 		.4byte	0
 471              		.section	.debug_line,"",%progbits
 472              	.Ldebug_line0:
 473 0000 9E000000 		.section	.debug_str,"MS",%progbits,1
 473      02007D00 
 473      00000201 
 473      FB0E0D00 
 473      01010101 
 474              	.LASF10:
 475 0000 5043414C 		.ascii	"PCALLBACK\000"
 475      4C424143 
 475      4B00
 476              	.LASF31:
 477 000a 70535344 		.ascii	"pSSDConfig\000"
 477      436F6E66 
 477      696700
 478              	.LASF21:
 479 0015 50464C41 		.ascii	"PFLASH_SSD_CONFIG\000"
 479      53485F53 
 479      53445F43 
 479      4F4E4649 
 479      4700
 480              	.LASF18:
 481 0027 45454553 		.ascii	"EEESize\000"
 481      697A6500 
 482              	.LASF19:
 483 002f 44656275 		.ascii	"DebugEnable\000"
 483      67456E61 
 483      626C6500 
 484              	.LASF15:
 485 003b 44466C61 		.ascii	"DFlashBase\000"
 485      73684261 
 485      736500
 486              	.LASF28:
 487 0046 2F686F6D 		.ascii	"/home/bunnie/code/chibi-chibios/orchard\000"
 487      652F6275 
 487      6E6E6965 
 487      2F636F64 
 487      652F6368 
 488              	.LASF17:
 489 006e 45455241 		.ascii	"EERAMBase\000"
 489      4D426173 
 489      6500
 490              	.LASF16:
ARM GAS  /tmp/cc2qYQFB.s 			page 10


 491 0078 44466C61 		.ascii	"DFlashSize\000"
 491      73685369 
 491      7A6500
 492              	.LASF29:
 493 0083 5F737364 		.ascii	"_ssd_config\000"
 493      5F636F6E 
 493      66696700 
 494              	.LASF3:
 495 008f 756E7369 		.ascii	"unsigned char\000"
 495      676E6564 
 495      20636861 
 495      7200
 496              	.LASF30:
 497 009d 466C6173 		.ascii	"FlashEraseSuspend\000"
 497      68457261 
 497      73655375 
 497      7370656E 
 497      6400
 498              	.LASF22:
 499 00af 6C6F6E67 		.ascii	"long unsigned int\000"
 499      20756E73 
 499      69676E65 
 499      6420696E 
 499      7400
 500              	.LASF32:
 501 00c1 74656D70 		.ascii	"temp\000"
 501      00
 502              	.LASF4:
 503 00c6 73686F72 		.ascii	"short unsigned int\000"
 503      7420756E 
 503      7369676E 
 503      65642069 
 503      6E7400
 504              	.LASF9:
 505 00d9 7675696E 		.ascii	"vuint8_t\000"
 505      74385F74 
 505      00
 506              	.LASF13:
 507 00e2 50466C61 		.ascii	"PFlashBase\000"
 507      73684261 
 507      736500
 508              	.LASF7:
 509 00ed 756E7369 		.ascii	"unsigned int\000"
 509      676E6564 
 509      20696E74 
 509      00
 510              	.LASF14:
 511 00fa 50466C61 		.ascii	"PFlashSize\000"
 511      73685369 
 511      7A6500
 512              	.LASF8:
 513 0105 6C6F6E67 		.ascii	"long long unsigned int\000"
 513      206C6F6E 
 513      6720756E 
 513      7369676E 
 513      65642069 
 514              	.LASF5:
ARM GAS  /tmp/cc2qYQFB.s 			page 11


 515 011c 75696E74 		.ascii	"uint8_t\000"
 515      385F7400 
 516              	.LASF27:
 517 0124 2E2E2F65 		.ascii	"../ext/C90TFS/source/FlashEraseSuspend.c\000"
 517      78742F43 
 517      39305446 
 517      532F736F 
 517      75726365 
 518              	.LASF20:
 519 014d 43616C6C 		.ascii	"CallBack\000"
 519      4261636B 
 519      00
 520              	.LASF26:
 521 0156 474E5520 		.ascii	"GNU C 4.9.2 -mcpu=cortex-m0 -mfloat-abi=soft -mfp16"
 521      4320342E 
 521      392E3220 
 521      2D6D6370 
 521      753D636F 
 522 0189 2D666F72 		.ascii	"-format=none -mno-thumb-interwork -mthumb -mfloat-a"
 522      6D61743D 
 522      6E6F6E65 
 522      202D6D6E 
 522      6F2D7468 
 523 01bc 62693D73 		.ascii	"bi=soft -mfpu=vfpv3-d16 -mtls-dialect=gnu -ggdb -O3"
 523      6F667420 
 523      2D6D6670 
 523      753D7666 
 523      7076332D 
 524 01ef 202D7374 		.ascii	" -std=gnu99 -fomit-frame-pointer -falign-functions="
 524      643D676E 
 524      75393920 
 524      2D666F6D 
 524      69742D66 
 525 0222 3136202D 		.ascii	"16 -ffunction-sections -fdata-sections -fno-common\000"
 525      6666756E 
 525      6374696F 
 525      6E2D7365 
 525      6374696F 
 526              	.LASF24:
 527 0255 73697A65 		.ascii	"sizetype\000"
 527      74797065 
 527      00
 528              	.LASF2:
 529 025e 6C6F6E67 		.ascii	"long long int\000"
 529      206C6F6E 
 529      6720696E 
 529      7400
 530              	.LASF25:
 531 026c 63686172 		.ascii	"char\000"
 531      00
 532              	.LASF1:
 533 0271 73686F72 		.ascii	"short int\000"
 533      7420696E 
 533      7400
 534              	.LASF6:
 535 027b 75696E74 		.ascii	"uint32_t\000"
 535      33325F74 
ARM GAS  /tmp/cc2qYQFB.s 			page 12


 535      00
 536              	.LASF23:
 537 0284 6C6F6E67 		.ascii	"long int\000"
 537      20696E74 
 537      00
 538              	.LASF0:
 539 028d 7369676E 		.ascii	"signed char\000"
 539      65642063 
 539      68617200 
 540              	.LASF11:
 541 0299 5F426F6F 		.ascii	"_Bool\000"
 541      6C00
 542              	.LASF12:
 543 029f 66746678 		.ascii	"ftfxRegBase\000"
 543      52656742 
 543      61736500 
 544              		.ident	"GCC: (Debian 4.9.2-10) 4.9.2"
 545              		.section	.note.GNU-stack,"",%progbits
ARM GAS  /tmp/cc2qYQFB.s 			page 13


DEFINED SYMBOLS
                            *ABS*:00000000 FlashEraseSuspend.c
     /tmp/cc2qYQFB.s:18     .text.FlashEraseSuspend:00000000 $t
     /tmp/cc2qYQFB.s:24     .text.FlashEraseSuspend:00000000 FlashEraseSuspend
                     .debug_frame:00000010 $d

NO UNDEFINED SYMBOLS
