ARM GAS  /tmp/cclykwNS.s 			page 1


   1              		.cpu cortex-m0
   2              		.fpu softvfp
   3              		.eabi_attribute 20, 1
   4              		.eabi_attribute 21, 1
   5              		.eabi_attribute 23, 3
   6              		.eabi_attribute 24, 1
   7              		.eabi_attribute 25, 1
   8              		.eabi_attribute 26, 2
   9              		.eabi_attribute 30, 2
  10              		.eabi_attribute 34, 0
  11              		.eabi_attribute 18, 4
  12              		.code	16
  13              		.file	"FlashInit.c"
  14              		.text
  15              	.Ltext0:
  16              		.cfi_sections	.debug_frame
  17              		.section	.text.FlashInit,"ax",%progbits
  18              		.align	2
  19              		.p2align 4,,15
  20              		.global	FlashInit
  21              		.code	16
  22              		.thumb_func
  23              		.type	FlashInit, %function
  24              	FlashInit:
  25              	.LFB10:
  26              		.file 1 "../ext/C90TFS/source/FlashInit.c"
  27              		.loc 1 175 0
  28              		.cfi_startproc
  29              	.LVL0:
  30              		.loc 1 176 0
  31 0000 0023     		mov	r3, #0
  32              		.loc 1 180 0
  33              		@ sp needed
  34              		.loc 1 176 0
  35 0002 0361     		str	r3, [r0, #16]
  36              		.loc 1 177 0
  37 0004 8361     		str	r3, [r0, #24]
  38              		.loc 1 180 0
  39 0006 0020     		mov	r0, #0
  40              	.LVL1:
  41 0008 7047     		bx	lr
  42              		.cfi_endproc
  43              	.LFE10:
  44              		.size	FlashInit, .-FlashInit
  45 000a C046C046 		.text
  45      C046
  46              	.Letext0:
  47              		.file 2 "/usr/include/stdint.h"
  48              		.file 3 "../ext/C90TFS/include/SSD_Types.h"
  49              		.section	.debug_info,"",%progbits
  50              	.Ldebug_info0:
  51 0000 49010000 		.4byte	0x149
  52 0004 0400     		.2byte	0x4
  53 0006 00000000 		.4byte	.Ldebug_abbrev0
  54 000a 04       		.byte	0x4
  55 000b 01       		.uleb128 0x1
  56 000c 0F010000 		.4byte	.LASF24
ARM GAS  /tmp/cclykwNS.s 			page 2


  57 0010 01       		.byte	0x1
  58 0011 58020000 		.4byte	.LASF25
  59 0015 46000000 		.4byte	.LASF26
  60 0019 00000000 		.4byte	.Ldebug_ranges0+0
  61 001d 00000000 		.4byte	0
  62 0021 00000000 		.4byte	.Ldebug_line0
  63 0025 02       		.uleb128 0x2
  64 0026 01       		.byte	0x1
  65 0027 06       		.byte	0x6
  66 0028 46020000 		.4byte	.LASF0
  67 002c 02       		.uleb128 0x2
  68 002d 02       		.byte	0x2
  69 002e 05       		.byte	0x5
  70 002f 2A020000 		.4byte	.LASF1
  71 0033 03       		.uleb128 0x3
  72 0034 04       		.byte	0x4
  73 0035 05       		.byte	0x5
  74 0036 696E7400 		.ascii	"int\000"
  75 003a 02       		.uleb128 0x2
  76 003b 08       		.byte	0x8
  77 003c 05       		.byte	0x5
  78 003d 17020000 		.4byte	.LASF2
  79 0041 02       		.uleb128 0x2
  80 0042 01       		.byte	0x1
  81 0043 08       		.byte	0x8
  82 0044 8F000000 		.4byte	.LASF3
  83 0048 02       		.uleb128 0x2
  84 0049 02       		.byte	0x2
  85 004a 07       		.byte	0x7
  86 004b AF000000 		.4byte	.LASF4
  87 004f 04       		.uleb128 0x4
  88 0050 34020000 		.4byte	.LASF7
  89 0054 02       		.byte	0x2
  90 0055 33       		.byte	0x33
  91 0056 5A000000 		.4byte	0x5a
  92 005a 02       		.uleb128 0x2
  93 005b 04       		.byte	0x4
  94 005c 07       		.byte	0x7
  95 005d CD000000 		.4byte	.LASF5
  96 0061 02       		.uleb128 0x2
  97 0062 08       		.byte	0x8
  98 0063 07       		.byte	0x7
  99 0064 E5000000 		.4byte	.LASF6
 100 0068 04       		.uleb128 0x4
 101 0069 00000000 		.4byte	.LASF8
 102 006d 03       		.byte	0x3
 103 006e 59       		.byte	0x59
 104 006f 73000000 		.4byte	0x73
 105 0073 05       		.uleb128 0x5
 106 0074 04       		.byte	0x4
 107 0075 79000000 		.4byte	0x79
 108 0079 06       		.uleb128 0x6
 109 007a 02       		.uleb128 0x2
 110 007b 01       		.byte	0x1
 111 007c 02       		.byte	0x2
 112 007d 52020000 		.4byte	.LASF9
 113 0081 07       		.uleb128 0x7
ARM GAS  /tmp/cclykwNS.s 			page 3


 114 0082 83000000 		.4byte	.LASF27
 115 0086 24       		.byte	0x24
 116 0087 03       		.byte	0x3
 117 0088 6A       		.byte	0x6a
 118 0089 FA000000 		.4byte	0xfa
 119 008d 08       		.uleb128 0x8
 120 008e 79020000 		.4byte	.LASF10
 121 0092 03       		.byte	0x3
 122 0093 6C       		.byte	0x6c
 123 0094 4F000000 		.4byte	0x4f
 124 0098 00       		.byte	0
 125 0099 08       		.uleb128 0x8
 126 009a C2000000 		.4byte	.LASF11
 127 009e 03       		.byte	0x3
 128 009f 6D       		.byte	0x6d
 129 00a0 4F000000 		.4byte	0x4f
 130 00a4 04       		.byte	0x4
 131 00a5 08       		.uleb128 0x8
 132 00a6 DA000000 		.4byte	.LASF12
 133 00aa 03       		.byte	0x3
 134 00ab 6E       		.byte	0x6e
 135 00ac 4F000000 		.4byte	0x4f
 136 00b0 08       		.byte	0x8
 137 00b1 08       		.uleb128 0x8
 138 00b2 3B000000 		.4byte	.LASF13
 139 00b6 03       		.byte	0x3
 140 00b7 6F       		.byte	0x6f
 141 00b8 4F000000 		.4byte	0x4f
 142 00bc 0C       		.byte	0xc
 143 00bd 08       		.uleb128 0x8
 144 00be 78000000 		.4byte	.LASF14
 145 00c2 03       		.byte	0x3
 146 00c3 70       		.byte	0x70
 147 00c4 4F000000 		.4byte	0x4f
 148 00c8 10       		.byte	0x10
 149 00c9 08       		.uleb128 0x8
 150 00ca 6E000000 		.4byte	.LASF15
 151 00ce 03       		.byte	0x3
 152 00cf 73       		.byte	0x73
 153 00d0 4F000000 		.4byte	0x4f
 154 00d4 14       		.byte	0x14
 155 00d5 08       		.uleb128 0x8
 156 00d6 27000000 		.4byte	.LASF16
 157 00da 03       		.byte	0x3
 158 00db 75       		.byte	0x75
 159 00dc 4F000000 		.4byte	0x4f
 160 00e0 18       		.byte	0x18
 161 00e1 08       		.uleb128 0x8
 162 00e2 2F000000 		.4byte	.LASF17
 163 00e6 03       		.byte	0x3
 164 00e7 78       		.byte	0x78
 165 00e8 7A000000 		.4byte	0x7a
 166 00ec 1C       		.byte	0x1c
 167 00ed 08       		.uleb128 0x8
 168 00ee FC000000 		.4byte	.LASF18
 169 00f2 03       		.byte	0x3
 170 00f3 79       		.byte	0x79
ARM GAS  /tmp/cclykwNS.s 			page 4


 171 00f4 68000000 		.4byte	0x68
 172 00f8 20       		.byte	0x20
 173 00f9 00       		.byte	0
 174 00fa 04       		.uleb128 0x4
 175 00fb 15000000 		.4byte	.LASF19
 176 00ff 03       		.byte	0x3
 177 0100 7A       		.byte	0x7a
 178 0101 05010000 		.4byte	0x105
 179 0105 05       		.uleb128 0x5
 180 0106 04       		.byte	0x4
 181 0107 81000000 		.4byte	0x81
 182 010b 02       		.uleb128 0x2
 183 010c 04       		.byte	0x4
 184 010d 07       		.byte	0x7
 185 010e 9D000000 		.4byte	.LASF20
 186 0112 02       		.uleb128 0x2
 187 0113 04       		.byte	0x4
 188 0114 05       		.byte	0x5
 189 0115 3D020000 		.4byte	.LASF21
 190 0119 02       		.uleb128 0x2
 191 011a 04       		.byte	0x4
 192 011b 07       		.byte	0x7
 193 011c 0E020000 		.4byte	.LASF22
 194 0120 02       		.uleb128 0x2
 195 0121 01       		.byte	0x1
 196 0122 08       		.byte	0x8
 197 0123 25020000 		.4byte	.LASF23
 198 0127 09       		.uleb128 0x9
 199 0128 05010000 		.4byte	.LASF28
 200 012c 01       		.byte	0x1
 201 012d AE       		.byte	0xae
 202 012e 4F000000 		.4byte	0x4f
 203 0132 00000000 		.4byte	.LFB10
 204 0136 0A000000 		.4byte	.LFE10-.LFB10
 205 013a 01       		.uleb128 0x1
 206 013b 9C       		.byte	0x9c
 207 013c 0A       		.uleb128 0xa
 208 013d 0A000000 		.4byte	.LASF29
 209 0141 01       		.byte	0x1
 210 0142 AE       		.byte	0xae
 211 0143 FA000000 		.4byte	0xfa
 212 0147 00000000 		.4byte	.LLST0
 213 014b 00       		.byte	0
 214 014c 00       		.byte	0
 215              		.section	.debug_abbrev,"",%progbits
 216              	.Ldebug_abbrev0:
 217 0000 01       		.uleb128 0x1
 218 0001 11       		.uleb128 0x11
 219 0002 01       		.byte	0x1
 220 0003 25       		.uleb128 0x25
 221 0004 0E       		.uleb128 0xe
 222 0005 13       		.uleb128 0x13
 223 0006 0B       		.uleb128 0xb
 224 0007 03       		.uleb128 0x3
 225 0008 0E       		.uleb128 0xe
 226 0009 1B       		.uleb128 0x1b
 227 000a 0E       		.uleb128 0xe
ARM GAS  /tmp/cclykwNS.s 			page 5


 228 000b 55       		.uleb128 0x55
 229 000c 17       		.uleb128 0x17
 230 000d 11       		.uleb128 0x11
 231 000e 01       		.uleb128 0x1
 232 000f 10       		.uleb128 0x10
 233 0010 17       		.uleb128 0x17
 234 0011 00       		.byte	0
 235 0012 00       		.byte	0
 236 0013 02       		.uleb128 0x2
 237 0014 24       		.uleb128 0x24
 238 0015 00       		.byte	0
 239 0016 0B       		.uleb128 0xb
 240 0017 0B       		.uleb128 0xb
 241 0018 3E       		.uleb128 0x3e
 242 0019 0B       		.uleb128 0xb
 243 001a 03       		.uleb128 0x3
 244 001b 0E       		.uleb128 0xe
 245 001c 00       		.byte	0
 246 001d 00       		.byte	0
 247 001e 03       		.uleb128 0x3
 248 001f 24       		.uleb128 0x24
 249 0020 00       		.byte	0
 250 0021 0B       		.uleb128 0xb
 251 0022 0B       		.uleb128 0xb
 252 0023 3E       		.uleb128 0x3e
 253 0024 0B       		.uleb128 0xb
 254 0025 03       		.uleb128 0x3
 255 0026 08       		.uleb128 0x8
 256 0027 00       		.byte	0
 257 0028 00       		.byte	0
 258 0029 04       		.uleb128 0x4
 259 002a 16       		.uleb128 0x16
 260 002b 00       		.byte	0
 261 002c 03       		.uleb128 0x3
 262 002d 0E       		.uleb128 0xe
 263 002e 3A       		.uleb128 0x3a
 264 002f 0B       		.uleb128 0xb
 265 0030 3B       		.uleb128 0x3b
 266 0031 0B       		.uleb128 0xb
 267 0032 49       		.uleb128 0x49
 268 0033 13       		.uleb128 0x13
 269 0034 00       		.byte	0
 270 0035 00       		.byte	0
 271 0036 05       		.uleb128 0x5
 272 0037 0F       		.uleb128 0xf
 273 0038 00       		.byte	0
 274 0039 0B       		.uleb128 0xb
 275 003a 0B       		.uleb128 0xb
 276 003b 49       		.uleb128 0x49
 277 003c 13       		.uleb128 0x13
 278 003d 00       		.byte	0
 279 003e 00       		.byte	0
 280 003f 06       		.uleb128 0x6
 281 0040 15       		.uleb128 0x15
 282 0041 00       		.byte	0
 283 0042 27       		.uleb128 0x27
 284 0043 19       		.uleb128 0x19
ARM GAS  /tmp/cclykwNS.s 			page 6


 285 0044 00       		.byte	0
 286 0045 00       		.byte	0
 287 0046 07       		.uleb128 0x7
 288 0047 13       		.uleb128 0x13
 289 0048 01       		.byte	0x1
 290 0049 03       		.uleb128 0x3
 291 004a 0E       		.uleb128 0xe
 292 004b 0B       		.uleb128 0xb
 293 004c 0B       		.uleb128 0xb
 294 004d 3A       		.uleb128 0x3a
 295 004e 0B       		.uleb128 0xb
 296 004f 3B       		.uleb128 0x3b
 297 0050 0B       		.uleb128 0xb
 298 0051 01       		.uleb128 0x1
 299 0052 13       		.uleb128 0x13
 300 0053 00       		.byte	0
 301 0054 00       		.byte	0
 302 0055 08       		.uleb128 0x8
 303 0056 0D       		.uleb128 0xd
 304 0057 00       		.byte	0
 305 0058 03       		.uleb128 0x3
 306 0059 0E       		.uleb128 0xe
 307 005a 3A       		.uleb128 0x3a
 308 005b 0B       		.uleb128 0xb
 309 005c 3B       		.uleb128 0x3b
 310 005d 0B       		.uleb128 0xb
 311 005e 49       		.uleb128 0x49
 312 005f 13       		.uleb128 0x13
 313 0060 38       		.uleb128 0x38
 314 0061 0B       		.uleb128 0xb
 315 0062 00       		.byte	0
 316 0063 00       		.byte	0
 317 0064 09       		.uleb128 0x9
 318 0065 2E       		.uleb128 0x2e
 319 0066 01       		.byte	0x1
 320 0067 3F       		.uleb128 0x3f
 321 0068 19       		.uleb128 0x19
 322 0069 03       		.uleb128 0x3
 323 006a 0E       		.uleb128 0xe
 324 006b 3A       		.uleb128 0x3a
 325 006c 0B       		.uleb128 0xb
 326 006d 3B       		.uleb128 0x3b
 327 006e 0B       		.uleb128 0xb
 328 006f 27       		.uleb128 0x27
 329 0070 19       		.uleb128 0x19
 330 0071 49       		.uleb128 0x49
 331 0072 13       		.uleb128 0x13
 332 0073 11       		.uleb128 0x11
 333 0074 01       		.uleb128 0x1
 334 0075 12       		.uleb128 0x12
 335 0076 06       		.uleb128 0x6
 336 0077 40       		.uleb128 0x40
 337 0078 18       		.uleb128 0x18
 338 0079 9742     		.uleb128 0x2117
 339 007b 19       		.uleb128 0x19
 340 007c 00       		.byte	0
 341 007d 00       		.byte	0
ARM GAS  /tmp/cclykwNS.s 			page 7


 342 007e 0A       		.uleb128 0xa
 343 007f 05       		.uleb128 0x5
 344 0080 00       		.byte	0
 345 0081 03       		.uleb128 0x3
 346 0082 0E       		.uleb128 0xe
 347 0083 3A       		.uleb128 0x3a
 348 0084 0B       		.uleb128 0xb
 349 0085 3B       		.uleb128 0x3b
 350 0086 0B       		.uleb128 0xb
 351 0087 49       		.uleb128 0x49
 352 0088 13       		.uleb128 0x13
 353 0089 02       		.uleb128 0x2
 354 008a 17       		.uleb128 0x17
 355 008b 00       		.byte	0
 356 008c 00       		.byte	0
 357 008d 00       		.byte	0
 358              		.section	.debug_loc,"",%progbits
 359              	.Ldebug_loc0:
 360              	.LLST0:
 361 0000 00000000 		.4byte	.LVL0
 362 0004 08000000 		.4byte	.LVL1
 363 0008 0100     		.2byte	0x1
 364 000a 50       		.byte	0x50
 365 000b 08000000 		.4byte	.LVL1
 366 000f 0A000000 		.4byte	.LFE10
 367 0013 0400     		.2byte	0x4
 368 0015 F3       		.byte	0xf3
 369 0016 01       		.uleb128 0x1
 370 0017 50       		.byte	0x50
 371 0018 9F       		.byte	0x9f
 372 0019 00000000 		.4byte	0
 373 001d 00000000 		.4byte	0
 374              		.section	.debug_aranges,"",%progbits
 375 0000 1C000000 		.4byte	0x1c
 376 0004 0200     		.2byte	0x2
 377 0006 00000000 		.4byte	.Ldebug_info0
 378 000a 04       		.byte	0x4
 379 000b 00       		.byte	0
 380 000c 0000     		.2byte	0
 381 000e 0000     		.2byte	0
 382 0010 00000000 		.4byte	.LFB10
 383 0014 0A000000 		.4byte	.LFE10-.LFB10
 384 0018 00000000 		.4byte	0
 385 001c 00000000 		.4byte	0
 386              		.section	.debug_ranges,"",%progbits
 387              	.Ldebug_ranges0:
 388 0000 00000000 		.4byte	.LFB10
 389 0004 0A000000 		.4byte	.LFE10
 390 0008 00000000 		.4byte	0
 391 000c 00000000 		.4byte	0
 392              		.section	.debug_line,"",%progbits
 393              	.Ldebug_line0:
 394 0000 90000000 		.section	.debug_str,"MS",%progbits,1
 394      02007500 
 394      00000201 
 394      FB0E0D00 
 394      01010101 
ARM GAS  /tmp/cclykwNS.s 			page 8


 395              	.LASF8:
 396 0000 5043414C 		.ascii	"PCALLBACK\000"
 396      4C424143 
 396      4B00
 397              	.LASF29:
 398 000a 70535344 		.ascii	"pSSDConfig\000"
 398      436F6E66 
 398      696700
 399              	.LASF19:
 400 0015 50464C41 		.ascii	"PFLASH_SSD_CONFIG\000"
 400      53485F53 
 400      53445F43 
 400      4F4E4649 
 400      4700
 401              	.LASF16:
 402 0027 45454553 		.ascii	"EEESize\000"
 402      697A6500 
 403              	.LASF17:
 404 002f 44656275 		.ascii	"DebugEnable\000"
 404      67456E61 
 404      626C6500 
 405              	.LASF13:
 406 003b 44466C61 		.ascii	"DFlashBase\000"
 406      73684261 
 406      736500
 407              	.LASF26:
 408 0046 2F686F6D 		.ascii	"/home/bunnie/code/chibi-chibios/orchard\000"
 408      652F6275 
 408      6E6E6965 
 408      2F636F64 
 408      652F6368 
 409              	.LASF15:
 410 006e 45455241 		.ascii	"EERAMBase\000"
 410      4D426173 
 410      6500
 411              	.LASF14:
 412 0078 44466C61 		.ascii	"DFlashSize\000"
 412      73685369 
 412      7A6500
 413              	.LASF27:
 414 0083 5F737364 		.ascii	"_ssd_config\000"
 414      5F636F6E 
 414      66696700 
 415              	.LASF3:
 416 008f 756E7369 		.ascii	"unsigned char\000"
 416      676E6564 
 416      20636861 
 416      7200
 417              	.LASF20:
 418 009d 6C6F6E67 		.ascii	"long unsigned int\000"
 418      20756E73 
 418      69676E65 
 418      6420696E 
 418      7400
 419              	.LASF4:
 420 00af 73686F72 		.ascii	"short unsigned int\000"
 420      7420756E 
ARM GAS  /tmp/cclykwNS.s 			page 9


 420      7369676E 
 420      65642069 
 420      6E7400
 421              	.LASF11:
 422 00c2 50466C61 		.ascii	"PFlashBase\000"
 422      73684261 
 422      736500
 423              	.LASF5:
 424 00cd 756E7369 		.ascii	"unsigned int\000"
 424      676E6564 
 424      20696E74 
 424      00
 425              	.LASF12:
 426 00da 50466C61 		.ascii	"PFlashSize\000"
 426      73685369 
 426      7A6500
 427              	.LASF6:
 428 00e5 6C6F6E67 		.ascii	"long long unsigned int\000"
 428      206C6F6E 
 428      6720756E 
 428      7369676E 
 428      65642069 
 429              	.LASF18:
 430 00fc 43616C6C 		.ascii	"CallBack\000"
 430      4261636B 
 430      00
 431              	.LASF28:
 432 0105 466C6173 		.ascii	"FlashInit\000"
 432      68496E69 
 432      7400
 433              	.LASF24:
 434 010f 474E5520 		.ascii	"GNU C 4.9.2 -mcpu=cortex-m0 -mfloat-abi=soft -mfp16"
 434      4320342E 
 434      392E3220 
 434      2D6D6370 
 434      753D636F 
 435 0142 2D666F72 		.ascii	"-format=none -mno-thumb-interwork -mthumb -mfloat-a"
 435      6D61743D 
 435      6E6F6E65 
 435      202D6D6E 
 435      6F2D7468 
 436 0175 62693D73 		.ascii	"bi=soft -mfpu=vfpv3-d16 -mtls-dialect=gnu -ggdb -O3"
 436      6F667420 
 436      2D6D6670 
 436      753D7666 
 436      7076332D 
 437 01a8 202D7374 		.ascii	" -std=gnu99 -fomit-frame-pointer -falign-functions="
 437      643D676E 
 437      75393920 
 437      2D666F6D 
 437      69742D66 
 438 01db 3136202D 		.ascii	"16 -ffunction-sections -fdata-sections -fno-common\000"
 438      6666756E 
 438      6374696F 
 438      6E2D7365 
 438      6374696F 
 439              	.LASF22:
ARM GAS  /tmp/cclykwNS.s 			page 10


 440 020e 73697A65 		.ascii	"sizetype\000"
 440      74797065 
 440      00
 441              	.LASF2:
 442 0217 6C6F6E67 		.ascii	"long long int\000"
 442      206C6F6E 
 442      6720696E 
 442      7400
 443              	.LASF23:
 444 0225 63686172 		.ascii	"char\000"
 444      00
 445              	.LASF1:
 446 022a 73686F72 		.ascii	"short int\000"
 446      7420696E 
 446      7400
 447              	.LASF7:
 448 0234 75696E74 		.ascii	"uint32_t\000"
 448      33325F74 
 448      00
 449              	.LASF21:
 450 023d 6C6F6E67 		.ascii	"long int\000"
 450      20696E74 
 450      00
 451              	.LASF0:
 452 0246 7369676E 		.ascii	"signed char\000"
 452      65642063 
 452      68617200 
 453              	.LASF9:
 454 0252 5F426F6F 		.ascii	"_Bool\000"
 454      6C00
 455              	.LASF25:
 456 0258 2E2E2F65 		.ascii	"../ext/C90TFS/source/FlashInit.c\000"
 456      78742F43 
 456      39305446 
 456      532F736F 
 456      75726365 
 457              	.LASF10:
 458 0279 66746678 		.ascii	"ftfxRegBase\000"
 458      52656742 
 458      61736500 
 459              		.ident	"GCC: (Debian 4.9.2-10) 4.9.2"
 460              		.section	.note.GNU-stack,"",%progbits
ARM GAS  /tmp/cclykwNS.s 			page 11


DEFINED SYMBOLS
                            *ABS*:00000000 FlashInit.c
     /tmp/cclykwNS.s:18     .text.FlashInit:00000000 $t
     /tmp/cclykwNS.s:24     .text.FlashInit:00000000 FlashInit
                     .debug_frame:00000010 $d

NO UNDEFINED SYMBOLS
