ARM GAS  /tmp/ccyjFUgs.s 			page 1


   1              		.cpu cortex-m0
   2              		.fpu softvfp
   3              		.eabi_attribute 20, 1
   4              		.eabi_attribute 21, 1
   5              		.eabi_attribute 23, 3
   6              		.eabi_attribute 24, 1
   7              		.eabi_attribute 25, 1
   8              		.eabi_attribute 26, 2
   9              		.eabi_attribute 30, 2
  10              		.eabi_attribute 34, 0
  11              		.eabi_attribute 18, 4
  12              		.code	16
  13              		.file	"FlashReadResource.c"
  14              		.text
  15              	.Ltext0:
  16              		.cfi_sections	.debug_frame
  17              		.section	.text.FlashReadResource,"ax",%progbits
  18              		.align	2
  19              		.p2align 4,,-1
  20              		.global	FlashReadResource
  21              		.code	16
  22              		.thumb_func
  23              		.type	FlashReadResource, %function
  24              	FlashReadResource:
  25              	.LFB10:
  26              		.file 1 "../ext/C90TFS/source/FlashReadResource.c"
  27              		.loc 1 68 0
  28              		.cfi_startproc
  29              	.LVL0:
  30 0000 F8B5     		push	{r3, r4, r5, r6, r7, lr}
  31              		.cfi_def_cfa_offset 24
  32              		.cfi_offset 3, -24
  33              		.cfi_offset 4, -20
  34              		.cfi_offset 5, -16
  35              		.cfi_offset 6, -12
  36              		.cfi_offset 7, -8
  37              		.cfi_offset 14, -4
  38              		.loc 1 85 0
  39 0002 4568     		ldr	r5, [r0, #4]
  40              	.LVL1:
  41              		.loc 1 68 0
  42 0004 041C     		mov	r4, r0
  43 0006 171C     		mov	r7, r2
  44 0008 2020     		mov	r0, #32
  45              	.LVL2:
  46              		.loc 1 86 0
  47 000a A942     		cmp	r1, r5
  48 000c 28D3     		bcc	.L2
  49              		.loc 1 86 0 is_stmt 0 discriminator 1
  50 000e A668     		ldr	r6, [r4, #8]
  51 0010 AE19     		add	r6, r5, r6
  52 0012 B142     		cmp	r1, r6
  53 0014 24D2     		bcs	.L2
  54              		.loc 1 99 0 is_stmt 1
  55 0016 3120     		mov	r0, #49
  56              		.loc 1 103 0
  57 0018 0326     		mov	r6, #3
ARM GAS  /tmp/ccyjFUgs.s 			page 2


  58              		.loc 1 99 0
  59 001a 2268     		ldr	r2, [r4]
  60              	.LVL3:
  61              		.loc 1 88 0
  62 001c 491B     		sub	r1, r1, r5
  63              	.LVL4:
  64              		.loc 1 99 0
  65 001e 1070     		strb	r0, [r2]
  66              	.LVL5:
  67              		.loc 1 102 0
  68 0020 2068     		ldr	r0, [r4]
  69              		.loc 1 105 0
  70 0022 0A0C     		lsr	r2, r1, #16
  71              		.loc 1 103 0
  72 0024 C671     		strb	r6, [r0, #7]
  73              	.LVL6:
  74              		.loc 1 104 0
  75 0026 2068     		ldr	r0, [r4]
  76              		.loc 1 105 0
  77 0028 D2B2     		uxtb	r2, r2
  78 002a 8271     		strb	r2, [r0, #6]
  79              	.LVL7:
  80              		.loc 1 106 0
  81 002c 2068     		ldr	r0, [r4]
  82              		.loc 1 107 0
  83 002e 0A0A     		lsr	r2, r1, #8
  84 0030 D2B2     		uxtb	r2, r2
  85 0032 4271     		strb	r2, [r0, #5]
  86              	.LVL8:
  87              		.loc 1 108 0
  88 0034 2268     		ldr	r2, [r4]
  89              		.loc 1 109 0
  90 0036 C9B2     		uxtb	r1, r1
  91              	.LVL9:
  92 0038 1171     		strb	r1, [r2, #4]
  93              	.LVL10:
  94              		.loc 1 111 0
  95 003a 2268     		ldr	r2, [r4]
  96              		.loc 1 115 0
  97 003c 201C     		mov	r0, r4
  98              		.loc 1 112 0
  99 003e D373     		strb	r3, [r2, #15]
 100              	.LVL11:
 101              		.loc 1 115 0
 102 0040 069B     		ldr	r3, [sp, #24]
 103              	.LVL12:
 104 0042 9847     		blx	r3
 105              	.LVL13:
 106              		.loc 1 117 0
 107 0044 0028     		cmp	r0, #0
 108 0046 0BD1     		bne	.L2
 109              	.LVL14:
 110 0048 2368     		ldr	r3, [r4]
 111              		.loc 1 123 0
 112 004a 1B7A     		ldrb	r3, [r3, #8]
 113 004c 3B70     		strb	r3, [r7]
 114              	.LVL15:
ARM GAS  /tmp/ccyjFUgs.s 			page 3


 115              		.loc 1 122 0
 116 004e 2368     		ldr	r3, [r4]
 117              	.LVL16:
 118              		.loc 1 123 0
 119 0050 5B7A     		ldrb	r3, [r3, #9]
 120              	.LVL17:
 121 0052 7B70     		strb	r3, [r7, #1]
 122              	.LVL18:
 123              		.loc 1 122 0
 124 0054 2368     		ldr	r3, [r4]
 125              	.LVL19:
 126              		.loc 1 123 0
 127 0056 9B7A     		ldrb	r3, [r3, #10]
 128              	.LVL20:
 129 0058 BB70     		strb	r3, [r7, #2]
 130              	.LVL21:
 131              		.loc 1 122 0
 132 005a 2368     		ldr	r3, [r4]
 133              	.LVL22:
 134              		.loc 1 123 0
 135 005c DB7A     		ldrb	r3, [r3, #11]
 136              	.LVL23:
 137 005e FB70     		strb	r3, [r7, #3]
 138              	.LVL24:
 139              	.L2:
 140              		.loc 1 136 0
 141              		@ sp needed
 142              	.LVL25:
 143              	.LVL26:
 144 0060 F8BD     		pop	{r3, r4, r5, r6, r7, pc}
 145              		.cfi_endproc
 146              	.LFE10:
 147              		.size	FlashReadResource, .-FlashReadResource
 148 0062 C046C046 		.text
 148      C046C046 
 148      C046C046 
 148      C046
 149              	.Letext0:
 150              		.file 2 "/usr/include/stdint.h"
 151              		.file 3 "../ext/C90TFS/include/SSD_Types.h"
 152              		.section	.debug_info,"",%progbits
 153              	.Ldebug_info0:
 154 0000 00020000 		.4byte	0x200
 155 0004 0400     		.2byte	0x4
 156 0006 00000000 		.4byte	.Ldebug_abbrev0
 157 000a 04       		.byte	0x4
 158 000b 01       		.uleb128 0x1
 159 000c 8B010000 		.4byte	.LASF33
 160 0010 01       		.byte	0x1
 161 0011 3B000000 		.4byte	.LASF34
 162 0015 85000000 		.4byte	.LASF35
 163 0019 00000000 		.4byte	.Ldebug_ranges0+0
 164 001d 00000000 		.4byte	0
 165 0021 00000000 		.4byte	.Ldebug_line0
 166 0025 02       		.uleb128 0x2
 167 0026 01       		.byte	0x1
 168 0027 06       		.byte	0x6
ARM GAS  /tmp/ccyjFUgs.s 			page 4


 169 0028 CA020000 		.4byte	.LASF0
 170 002c 02       		.uleb128 0x2
 171 002d 02       		.byte	0x2
 172 002e 05       		.byte	0x5
 173 002f AE020000 		.4byte	.LASF1
 174 0033 03       		.uleb128 0x3
 175 0034 04       		.byte	0x4
 176 0035 05       		.byte	0x5
 177 0036 696E7400 		.ascii	"int\000"
 178 003a 02       		.uleb128 0x2
 179 003b 08       		.byte	0x8
 180 003c 05       		.byte	0x5
 181 003d 9B020000 		.4byte	.LASF2
 182 0041 04       		.uleb128 0x4
 183 0042 93020000 		.4byte	.LASF5
 184 0046 02       		.byte	0x2
 185 0047 30       		.byte	0x30
 186 0048 4C000000 		.4byte	0x4c
 187 004c 02       		.uleb128 0x2
 188 004d 01       		.byte	0x1
 189 004e 08       		.byte	0x8
 190 004f CE000000 		.4byte	.LASF3
 191 0053 02       		.uleb128 0x2
 192 0054 02       		.byte	0x2
 193 0055 07       		.byte	0x7
 194 0056 04010000 		.4byte	.LASF4
 195 005a 04       		.uleb128 0x4
 196 005b B8020000 		.4byte	.LASF6
 197 005f 02       		.byte	0x2
 198 0060 33       		.byte	0x33
 199 0061 65000000 		.4byte	0x65
 200 0065 02       		.uleb128 0x2
 201 0066 04       		.byte	0x4
 202 0067 07       		.byte	0x7
 203 0068 32010000 		.4byte	.LASF7
 204 006c 02       		.uleb128 0x2
 205 006d 08       		.byte	0x8
 206 006e 07       		.byte	0x7
 207 006f 4F010000 		.4byte	.LASF8
 208 0073 04       		.uleb128 0x4
 209 0074 79010000 		.4byte	.LASF9
 210 0078 03       		.byte	0x3
 211 0079 3F       		.byte	0x3f
 212 007a 7E000000 		.4byte	0x7e
 213 007e 05       		.uleb128 0x5
 214 007f 4C000000 		.4byte	0x4c
 215 0083 04       		.uleb128 0x4
 216 0084 00000000 		.4byte	.LASF10
 217 0088 03       		.byte	0x3
 218 0089 59       		.byte	0x59
 219 008a 8E000000 		.4byte	0x8e
 220 008e 06       		.uleb128 0x6
 221 008f 04       		.byte	0x4
 222 0090 94000000 		.4byte	0x94
 223 0094 07       		.uleb128 0x7
 224 0095 02       		.uleb128 0x2
 225 0096 01       		.byte	0x1
ARM GAS  /tmp/ccyjFUgs.s 			page 5


 226 0097 02       		.byte	0x2
 227 0098 E8020000 		.4byte	.LASF11
 228 009c 08       		.uleb128 0x8
 229 009d C2000000 		.4byte	.LASF36
 230 00a1 24       		.byte	0x24
 231 00a2 03       		.byte	0x3
 232 00a3 6A       		.byte	0x6a
 233 00a4 15010000 		.4byte	0x115
 234 00a8 09       		.uleb128 0x9
 235 00a9 EE020000 		.4byte	.LASF12
 236 00ad 03       		.byte	0x3
 237 00ae 6C       		.byte	0x6c
 238 00af 5A000000 		.4byte	0x5a
 239 00b3 00       		.byte	0
 240 00b4 09       		.uleb128 0x9
 241 00b5 1C010000 		.4byte	.LASF13
 242 00b9 03       		.byte	0x3
 243 00ba 6D       		.byte	0x6d
 244 00bb 5A000000 		.4byte	0x5a
 245 00bf 04       		.byte	0x4
 246 00c0 09       		.uleb128 0x9
 247 00c1 44010000 		.4byte	.LASF14
 248 00c5 03       		.byte	0x3
 249 00c6 6E       		.byte	0x6e
 250 00c7 5A000000 		.4byte	0x5a
 251 00cb 08       		.byte	0x8
 252 00cc 09       		.uleb128 0x9
 253 00cd 64000000 		.4byte	.LASF15
 254 00d1 03       		.byte	0x3
 255 00d2 6F       		.byte	0x6f
 256 00d3 5A000000 		.4byte	0x5a
 257 00d7 0C       		.byte	0xc
 258 00d8 09       		.uleb128 0x9
 259 00d9 B7000000 		.4byte	.LASF16
 260 00dd 03       		.byte	0x3
 261 00de 70       		.byte	0x70
 262 00df 5A000000 		.4byte	0x5a
 263 00e3 10       		.byte	0x10
 264 00e4 09       		.uleb128 0x9
 265 00e5 AD000000 		.4byte	.LASF17
 266 00e9 03       		.byte	0x3
 267 00ea 73       		.byte	0x73
 268 00eb 5A000000 		.4byte	0x5a
 269 00ef 14       		.byte	0x14
 270 00f0 09       		.uleb128 0x9
 271 00f1 27000000 		.4byte	.LASF18
 272 00f5 03       		.byte	0x3
 273 00f6 75       		.byte	0x75
 274 00f7 5A000000 		.4byte	0x5a
 275 00fb 18       		.byte	0x18
 276 00fc 09       		.uleb128 0x9
 277 00fd 2F000000 		.4byte	.LASF19
 278 0101 03       		.byte	0x3
 279 0102 78       		.byte	0x78
 280 0103 95000000 		.4byte	0x95
 281 0107 1C       		.byte	0x1c
 282 0108 09       		.uleb128 0x9
ARM GAS  /tmp/ccyjFUgs.s 			page 6


 283 0109 82010000 		.4byte	.LASF20
 284 010d 03       		.byte	0x3
 285 010e 79       		.byte	0x79
 286 010f 83000000 		.4byte	0x83
 287 0113 20       		.byte	0x20
 288 0114 00       		.byte	0
 289 0115 04       		.uleb128 0x4
 290 0116 15000000 		.4byte	.LASF21
 291 011a 03       		.byte	0x3
 292 011b 7A       		.byte	0x7a
 293 011c 20010000 		.4byte	0x120
 294 0120 06       		.uleb128 0x6
 295 0121 04       		.byte	0x4
 296 0122 9C000000 		.4byte	0x9c
 297 0126 04       		.uleb128 0x4
 298 0127 EE000000 		.4byte	.LASF22
 299 012b 03       		.byte	0x3
 300 012c 7E       		.byte	0x7e
 301 012d 31010000 		.4byte	0x131
 302 0131 06       		.uleb128 0x6
 303 0132 04       		.byte	0x4
 304 0133 37010000 		.4byte	0x137
 305 0137 0A       		.uleb128 0xa
 306 0138 5A000000 		.4byte	0x5a
 307 013c 46010000 		.4byte	0x146
 308 0140 0B       		.uleb128 0xb
 309 0141 15010000 		.4byte	0x115
 310 0145 00       		.byte	0
 311 0146 06       		.uleb128 0x6
 312 0147 04       		.byte	0x4
 313 0148 41000000 		.4byte	0x41
 314 014c 02       		.uleb128 0x2
 315 014d 04       		.byte	0x4
 316 014e 07       		.byte	0x7
 317 014f DC000000 		.4byte	.LASF23
 318 0153 02       		.uleb128 0x2
 319 0154 04       		.byte	0x4
 320 0155 05       		.byte	0x5
 321 0156 C1020000 		.4byte	.LASF24
 322 015a 02       		.uleb128 0x2
 323 015b 04       		.byte	0x4
 324 015c 07       		.byte	0x7
 325 015d 8A020000 		.4byte	.LASF25
 326 0161 02       		.uleb128 0x2
 327 0162 01       		.byte	0x1
 328 0163 08       		.byte	0x8
 329 0164 A9020000 		.4byte	.LASF26
 330 0168 0C       		.uleb128 0xc
 331 0169 D6020000 		.4byte	.LASF37
 332 016d 01       		.byte	0x1
 333 016e 3F       		.byte	0x3f
 334 016f 5A000000 		.4byte	0x5a
 335 0173 00000000 		.4byte	.LFB10
 336 0177 62000000 		.4byte	.LFE10-.LFB10
 337 017b 01       		.uleb128 0x1
 338 017c 9C       		.byte	0x9c
 339 017d 0D       		.uleb128 0xd
ARM GAS  /tmp/ccyjFUgs.s 			page 7


 340 017e 0A000000 		.4byte	.LASF27
 341 0182 01       		.byte	0x1
 342 0183 3F       		.byte	0x3f
 343 0184 15010000 		.4byte	0x115
 344 0188 00000000 		.4byte	.LLST0
 345 018c 0D       		.uleb128 0xd
 346 018d 17010000 		.4byte	.LASF28
 347 0191 01       		.byte	0x1
 348 0192 40       		.byte	0x40
 349 0193 5A000000 		.4byte	0x5a
 350 0197 2C000000 		.4byte	.LLST1
 351 019b 0D       		.uleb128 0xd
 352 019c 27010000 		.4byte	.LASF29
 353 01a0 01       		.byte	0x1
 354 01a1 41       		.byte	0x41
 355 01a2 46010000 		.4byte	0x146
 356 01a6 5B000000 		.4byte	.LLST2
 357 01aa 0D       		.uleb128 0xd
 358 01ab 66010000 		.4byte	.LASF30
 359 01af 01       		.byte	0x1
 360 01b0 42       		.byte	0x42
 361 01b1 41000000 		.4byte	0x41
 362 01b5 87000000 		.4byte	.LLST3
 363 01b9 0E       		.uleb128 0xe
 364 01ba 6F000000 		.4byte	.LASF31
 365 01be 01       		.byte	0x1
 366 01bf 43       		.byte	0x43
 367 01c0 26010000 		.4byte	0x126
 368 01c4 02       		.uleb128 0x2
 369 01c5 91       		.byte	0x91
 370 01c6 00       		.sleb128 0
 371 01c7 0F       		.uleb128 0xf
 372 01c8 6900     		.ascii	"i\000"
 373 01ca 01       		.byte	0x1
 374 01cb 45       		.byte	0x45
 375 01cc 41000000 		.4byte	0x41
 376 01d0 B4000000 		.4byte	.LLST4
 377 01d4 0F       		.uleb128 0xf
 378 01d5 72657400 		.ascii	"ret\000"
 379 01d9 01       		.byte	0x1
 380 01da 46       		.byte	0x46
 381 01db 5A000000 		.4byte	0x5a
 382 01df EC000000 		.4byte	.LLST5
 383 01e3 10       		.uleb128 0x10
 384 01e4 3F010000 		.4byte	.LASF32
 385 01e8 01       		.byte	0x1
 386 01e9 47       		.byte	0x47
 387 01ea 5A000000 		.4byte	0x5a
 388 01ee 0B010000 		.4byte	.LLST6
 389 01f2 11       		.uleb128 0x11
 390 01f3 44000000 		.4byte	.LVL13
 391 01f7 03       		.uleb128 0x3
 392 01f8 91       		.byte	0x91
 393 01f9 00       		.sleb128 0
 394 01fa 06       		.byte	0x6
 395 01fb 12       		.uleb128 0x12
 396 01fc 01       		.uleb128 0x1
ARM GAS  /tmp/ccyjFUgs.s 			page 8


 397 01fd 50       		.byte	0x50
 398 01fe 02       		.uleb128 0x2
 399 01ff 74       		.byte	0x74
 400 0200 00       		.sleb128 0
 401 0201 00       		.byte	0
 402 0202 00       		.byte	0
 403 0203 00       		.byte	0
 404              		.section	.debug_abbrev,"",%progbits
 405              	.Ldebug_abbrev0:
 406 0000 01       		.uleb128 0x1
 407 0001 11       		.uleb128 0x11
 408 0002 01       		.byte	0x1
 409 0003 25       		.uleb128 0x25
 410 0004 0E       		.uleb128 0xe
 411 0005 13       		.uleb128 0x13
 412 0006 0B       		.uleb128 0xb
 413 0007 03       		.uleb128 0x3
 414 0008 0E       		.uleb128 0xe
 415 0009 1B       		.uleb128 0x1b
 416 000a 0E       		.uleb128 0xe
 417 000b 55       		.uleb128 0x55
 418 000c 17       		.uleb128 0x17
 419 000d 11       		.uleb128 0x11
 420 000e 01       		.uleb128 0x1
 421 000f 10       		.uleb128 0x10
 422 0010 17       		.uleb128 0x17
 423 0011 00       		.byte	0
 424 0012 00       		.byte	0
 425 0013 02       		.uleb128 0x2
 426 0014 24       		.uleb128 0x24
 427 0015 00       		.byte	0
 428 0016 0B       		.uleb128 0xb
 429 0017 0B       		.uleb128 0xb
 430 0018 3E       		.uleb128 0x3e
 431 0019 0B       		.uleb128 0xb
 432 001a 03       		.uleb128 0x3
 433 001b 0E       		.uleb128 0xe
 434 001c 00       		.byte	0
 435 001d 00       		.byte	0
 436 001e 03       		.uleb128 0x3
 437 001f 24       		.uleb128 0x24
 438 0020 00       		.byte	0
 439 0021 0B       		.uleb128 0xb
 440 0022 0B       		.uleb128 0xb
 441 0023 3E       		.uleb128 0x3e
 442 0024 0B       		.uleb128 0xb
 443 0025 03       		.uleb128 0x3
 444 0026 08       		.uleb128 0x8
 445 0027 00       		.byte	0
 446 0028 00       		.byte	0
 447 0029 04       		.uleb128 0x4
 448 002a 16       		.uleb128 0x16
 449 002b 00       		.byte	0
 450 002c 03       		.uleb128 0x3
 451 002d 0E       		.uleb128 0xe
 452 002e 3A       		.uleb128 0x3a
 453 002f 0B       		.uleb128 0xb
ARM GAS  /tmp/ccyjFUgs.s 			page 9


 454 0030 3B       		.uleb128 0x3b
 455 0031 0B       		.uleb128 0xb
 456 0032 49       		.uleb128 0x49
 457 0033 13       		.uleb128 0x13
 458 0034 00       		.byte	0
 459 0035 00       		.byte	0
 460 0036 05       		.uleb128 0x5
 461 0037 35       		.uleb128 0x35
 462 0038 00       		.byte	0
 463 0039 49       		.uleb128 0x49
 464 003a 13       		.uleb128 0x13
 465 003b 00       		.byte	0
 466 003c 00       		.byte	0
 467 003d 06       		.uleb128 0x6
 468 003e 0F       		.uleb128 0xf
 469 003f 00       		.byte	0
 470 0040 0B       		.uleb128 0xb
 471 0041 0B       		.uleb128 0xb
 472 0042 49       		.uleb128 0x49
 473 0043 13       		.uleb128 0x13
 474 0044 00       		.byte	0
 475 0045 00       		.byte	0
 476 0046 07       		.uleb128 0x7
 477 0047 15       		.uleb128 0x15
 478 0048 00       		.byte	0
 479 0049 27       		.uleb128 0x27
 480 004a 19       		.uleb128 0x19
 481 004b 00       		.byte	0
 482 004c 00       		.byte	0
 483 004d 08       		.uleb128 0x8
 484 004e 13       		.uleb128 0x13
 485 004f 01       		.byte	0x1
 486 0050 03       		.uleb128 0x3
 487 0051 0E       		.uleb128 0xe
 488 0052 0B       		.uleb128 0xb
 489 0053 0B       		.uleb128 0xb
 490 0054 3A       		.uleb128 0x3a
 491 0055 0B       		.uleb128 0xb
 492 0056 3B       		.uleb128 0x3b
 493 0057 0B       		.uleb128 0xb
 494 0058 01       		.uleb128 0x1
 495 0059 13       		.uleb128 0x13
 496 005a 00       		.byte	0
 497 005b 00       		.byte	0
 498 005c 09       		.uleb128 0x9
 499 005d 0D       		.uleb128 0xd
 500 005e 00       		.byte	0
 501 005f 03       		.uleb128 0x3
 502 0060 0E       		.uleb128 0xe
 503 0061 3A       		.uleb128 0x3a
 504 0062 0B       		.uleb128 0xb
 505 0063 3B       		.uleb128 0x3b
 506 0064 0B       		.uleb128 0xb
 507 0065 49       		.uleb128 0x49
 508 0066 13       		.uleb128 0x13
 509 0067 38       		.uleb128 0x38
 510 0068 0B       		.uleb128 0xb
ARM GAS  /tmp/ccyjFUgs.s 			page 10


 511 0069 00       		.byte	0
 512 006a 00       		.byte	0
 513 006b 0A       		.uleb128 0xa
 514 006c 15       		.uleb128 0x15
 515 006d 01       		.byte	0x1
 516 006e 27       		.uleb128 0x27
 517 006f 19       		.uleb128 0x19
 518 0070 49       		.uleb128 0x49
 519 0071 13       		.uleb128 0x13
 520 0072 01       		.uleb128 0x1
 521 0073 13       		.uleb128 0x13
 522 0074 00       		.byte	0
 523 0075 00       		.byte	0
 524 0076 0B       		.uleb128 0xb
 525 0077 05       		.uleb128 0x5
 526 0078 00       		.byte	0
 527 0079 49       		.uleb128 0x49
 528 007a 13       		.uleb128 0x13
 529 007b 00       		.byte	0
 530 007c 00       		.byte	0
 531 007d 0C       		.uleb128 0xc
 532 007e 2E       		.uleb128 0x2e
 533 007f 01       		.byte	0x1
 534 0080 3F       		.uleb128 0x3f
 535 0081 19       		.uleb128 0x19
 536 0082 03       		.uleb128 0x3
 537 0083 0E       		.uleb128 0xe
 538 0084 3A       		.uleb128 0x3a
 539 0085 0B       		.uleb128 0xb
 540 0086 3B       		.uleb128 0x3b
 541 0087 0B       		.uleb128 0xb
 542 0088 27       		.uleb128 0x27
 543 0089 19       		.uleb128 0x19
 544 008a 49       		.uleb128 0x49
 545 008b 13       		.uleb128 0x13
 546 008c 11       		.uleb128 0x11
 547 008d 01       		.uleb128 0x1
 548 008e 12       		.uleb128 0x12
 549 008f 06       		.uleb128 0x6
 550 0090 40       		.uleb128 0x40
 551 0091 18       		.uleb128 0x18
 552 0092 9742     		.uleb128 0x2117
 553 0094 19       		.uleb128 0x19
 554 0095 00       		.byte	0
 555 0096 00       		.byte	0
 556 0097 0D       		.uleb128 0xd
 557 0098 05       		.uleb128 0x5
 558 0099 00       		.byte	0
 559 009a 03       		.uleb128 0x3
 560 009b 0E       		.uleb128 0xe
 561 009c 3A       		.uleb128 0x3a
 562 009d 0B       		.uleb128 0xb
 563 009e 3B       		.uleb128 0x3b
 564 009f 0B       		.uleb128 0xb
 565 00a0 49       		.uleb128 0x49
 566 00a1 13       		.uleb128 0x13
 567 00a2 02       		.uleb128 0x2
ARM GAS  /tmp/ccyjFUgs.s 			page 11


 568 00a3 17       		.uleb128 0x17
 569 00a4 00       		.byte	0
 570 00a5 00       		.byte	0
 571 00a6 0E       		.uleb128 0xe
 572 00a7 05       		.uleb128 0x5
 573 00a8 00       		.byte	0
 574 00a9 03       		.uleb128 0x3
 575 00aa 0E       		.uleb128 0xe
 576 00ab 3A       		.uleb128 0x3a
 577 00ac 0B       		.uleb128 0xb
 578 00ad 3B       		.uleb128 0x3b
 579 00ae 0B       		.uleb128 0xb
 580 00af 49       		.uleb128 0x49
 581 00b0 13       		.uleb128 0x13
 582 00b1 02       		.uleb128 0x2
 583 00b2 18       		.uleb128 0x18
 584 00b3 00       		.byte	0
 585 00b4 00       		.byte	0
 586 00b5 0F       		.uleb128 0xf
 587 00b6 34       		.uleb128 0x34
 588 00b7 00       		.byte	0
 589 00b8 03       		.uleb128 0x3
 590 00b9 08       		.uleb128 0x8
 591 00ba 3A       		.uleb128 0x3a
 592 00bb 0B       		.uleb128 0xb
 593 00bc 3B       		.uleb128 0x3b
 594 00bd 0B       		.uleb128 0xb
 595 00be 49       		.uleb128 0x49
 596 00bf 13       		.uleb128 0x13
 597 00c0 02       		.uleb128 0x2
 598 00c1 17       		.uleb128 0x17
 599 00c2 00       		.byte	0
 600 00c3 00       		.byte	0
 601 00c4 10       		.uleb128 0x10
 602 00c5 34       		.uleb128 0x34
 603 00c6 00       		.byte	0
 604 00c7 03       		.uleb128 0x3
 605 00c8 0E       		.uleb128 0xe
 606 00c9 3A       		.uleb128 0x3a
 607 00ca 0B       		.uleb128 0xb
 608 00cb 3B       		.uleb128 0x3b
 609 00cc 0B       		.uleb128 0xb
 610 00cd 49       		.uleb128 0x49
 611 00ce 13       		.uleb128 0x13
 612 00cf 02       		.uleb128 0x2
 613 00d0 17       		.uleb128 0x17
 614 00d1 00       		.byte	0
 615 00d2 00       		.byte	0
 616 00d3 11       		.uleb128 0x11
 617 00d4 898201   		.uleb128 0x4109
 618 00d7 01       		.byte	0x1
 619 00d8 11       		.uleb128 0x11
 620 00d9 01       		.uleb128 0x1
 621 00da 9342     		.uleb128 0x2113
 622 00dc 18       		.uleb128 0x18
 623 00dd 00       		.byte	0
 624 00de 00       		.byte	0
ARM GAS  /tmp/ccyjFUgs.s 			page 12


 625 00df 12       		.uleb128 0x12
 626 00e0 8A8201   		.uleb128 0x410a
 627 00e3 00       		.byte	0
 628 00e4 02       		.uleb128 0x2
 629 00e5 18       		.uleb128 0x18
 630 00e6 9142     		.uleb128 0x2111
 631 00e8 18       		.uleb128 0x18
 632 00e9 00       		.byte	0
 633 00ea 00       		.byte	0
 634 00eb 00       		.byte	0
 635              		.section	.debug_loc,"",%progbits
 636              	.Ldebug_loc0:
 637              	.LLST0:
 638 0000 00000000 		.4byte	.LVL0
 639 0004 0A000000 		.4byte	.LVL2
 640 0008 0100     		.2byte	0x1
 641 000a 50       		.byte	0x50
 642 000b 0A000000 		.4byte	.LVL2
 643 000f 60000000 		.4byte	.LVL25
 644 0013 0100     		.2byte	0x1
 645 0015 54       		.byte	0x54
 646 0016 60000000 		.4byte	.LVL25
 647 001a 62000000 		.4byte	.LFE10
 648 001e 0400     		.2byte	0x4
 649 0020 F3       		.byte	0xf3
 650 0021 01       		.uleb128 0x1
 651 0022 50       		.byte	0x50
 652 0023 9F       		.byte	0x9f
 653 0024 00000000 		.4byte	0
 654 0028 00000000 		.4byte	0
 655              	.LLST1:
 656 002c 00000000 		.4byte	.LVL0
 657 0030 1E000000 		.4byte	.LVL4
 658 0034 0100     		.2byte	0x1
 659 0036 51       		.byte	0x51
 660 0037 1E000000 		.4byte	.LVL4
 661 003b 38000000 		.4byte	.LVL9
 662 003f 0100     		.2byte	0x1
 663 0041 51       		.byte	0x51
 664 0042 38000000 		.4byte	.LVL9
 665 0046 60000000 		.4byte	.LVL24
 666 004a 0700     		.2byte	0x7
 667 004c F3       		.byte	0xf3
 668 004d 01       		.uleb128 0x1
 669 004e 51       		.byte	0x51
 670 004f 75       		.byte	0x75
 671 0050 00       		.sleb128 0
 672 0051 1C       		.byte	0x1c
 673 0052 9F       		.byte	0x9f
 674 0053 00000000 		.4byte	0
 675 0057 00000000 		.4byte	0
 676              	.LLST2:
 677 005b 00000000 		.4byte	.LVL0
 678 005f 1C000000 		.4byte	.LVL3
 679 0063 0100     		.2byte	0x1
 680 0065 52       		.byte	0x52
 681 0066 1C000000 		.4byte	.LVL3
ARM GAS  /tmp/ccyjFUgs.s 			page 13


 682 006a 60000000 		.4byte	.LVL26
 683 006e 0100     		.2byte	0x1
 684 0070 57       		.byte	0x57
 685 0071 60000000 		.4byte	.LVL26
 686 0075 62000000 		.4byte	.LFE10
 687 0079 0400     		.2byte	0x4
 688 007b F3       		.byte	0xf3
 689 007c 01       		.uleb128 0x1
 690 007d 52       		.byte	0x52
 691 007e 9F       		.byte	0x9f
 692 007f 00000000 		.4byte	0
 693 0083 00000000 		.4byte	0
 694              	.LLST3:
 695 0087 00000000 		.4byte	.LVL0
 696 008b 42000000 		.4byte	.LVL12
 697 008f 0100     		.2byte	0x1
 698 0091 53       		.byte	0x53
 699 0092 42000000 		.4byte	.LVL12
 700 0096 43000000 		.4byte	.LVL13-1
 701 009a 0200     		.2byte	0x2
 702 009c 72       		.byte	0x72
 703 009d 0F       		.sleb128 15
 704 009e 43000000 		.4byte	.LVL13-1
 705 00a2 62000000 		.4byte	.LFE10
 706 00a6 0400     		.2byte	0x4
 707 00a8 F3       		.byte	0xf3
 708 00a9 01       		.uleb128 0x1
 709 00aa 53       		.byte	0x53
 710 00ab 9F       		.byte	0x9f
 711 00ac 00000000 		.4byte	0
 712 00b0 00000000 		.4byte	0
 713              	.LLST4:
 714 00b4 48000000 		.4byte	.LVL14
 715 00b8 4E000000 		.4byte	.LVL15
 716 00bc 0200     		.2byte	0x2
 717 00be 30       		.byte	0x30
 718 00bf 9F       		.byte	0x9f
 719 00c0 4E000000 		.4byte	.LVL15
 720 00c4 54000000 		.4byte	.LVL18
 721 00c8 0200     		.2byte	0x2
 722 00ca 31       		.byte	0x31
 723 00cb 9F       		.byte	0x9f
 724 00cc 54000000 		.4byte	.LVL18
 725 00d0 5A000000 		.4byte	.LVL21
 726 00d4 0200     		.2byte	0x2
 727 00d6 32       		.byte	0x32
 728 00d7 9F       		.byte	0x9f
 729 00d8 5A000000 		.4byte	.LVL21
 730 00dc 60000000 		.4byte	.LVL24
 731 00e0 0200     		.2byte	0x2
 732 00e2 33       		.byte	0x33
 733 00e3 9F       		.byte	0x9f
 734 00e4 00000000 		.4byte	0
 735 00e8 00000000 		.4byte	0
 736              	.LLST5:
 737 00ec 00000000 		.4byte	.LVL0
 738 00f0 44000000 		.4byte	.LVL13
ARM GAS  /tmp/ccyjFUgs.s 			page 14


 739 00f4 0200     		.2byte	0x2
 740 00f6 30       		.byte	0x30
 741 00f7 9F       		.byte	0x9f
 742 00f8 44000000 		.4byte	.LVL13
 743 00fc 62000000 		.4byte	.LFE10
 744 0100 0100     		.2byte	0x1
 745 0102 50       		.byte	0x50
 746 0103 00000000 		.4byte	0
 747 0107 00000000 		.4byte	0
 748              	.LLST6:
 749 010b 04000000 		.4byte	.LVL1
 750 010f 1E000000 		.4byte	.LVL4
 751 0113 0100     		.2byte	0x1
 752 0115 55       		.byte	0x55
 753 0116 1E000000 		.4byte	.LVL4
 754 011a 20000000 		.4byte	.LVL5
 755 011e 0100     		.2byte	0x1
 756 0120 52       		.byte	0x52
 757 0121 20000000 		.4byte	.LVL5
 758 0125 26000000 		.4byte	.LVL6
 759 0129 0600     		.2byte	0x6
 760 012b 74       		.byte	0x74
 761 012c 00       		.sleb128 0
 762 012d 06       		.byte	0x6
 763 012e 23       		.byte	0x23
 764 012f 07       		.uleb128 0x7
 765 0130 9F       		.byte	0x9f
 766 0131 26000000 		.4byte	.LVL6
 767 0135 2C000000 		.4byte	.LVL7
 768 0139 0600     		.2byte	0x6
 769 013b 74       		.byte	0x74
 770 013c 00       		.sleb128 0
 771 013d 06       		.byte	0x6
 772 013e 23       		.byte	0x23
 773 013f 06       		.uleb128 0x6
 774 0140 9F       		.byte	0x9f
 775 0141 2C000000 		.4byte	.LVL7
 776 0145 34000000 		.4byte	.LVL8
 777 0149 0600     		.2byte	0x6
 778 014b 74       		.byte	0x74
 779 014c 00       		.sleb128 0
 780 014d 06       		.byte	0x6
 781 014e 23       		.byte	0x23
 782 014f 05       		.uleb128 0x5
 783 0150 9F       		.byte	0x9f
 784 0151 34000000 		.4byte	.LVL8
 785 0155 3A000000 		.4byte	.LVL10
 786 0159 0600     		.2byte	0x6
 787 015b 74       		.byte	0x74
 788 015c 00       		.sleb128 0
 789 015d 06       		.byte	0x6
 790 015e 23       		.byte	0x23
 791 015f 04       		.uleb128 0x4
 792 0160 9F       		.byte	0x9f
 793 0161 3A000000 		.4byte	.LVL10
 794 0165 40000000 		.4byte	.LVL11
 795 0169 0600     		.2byte	0x6
ARM GAS  /tmp/ccyjFUgs.s 			page 15


 796 016b 74       		.byte	0x74
 797 016c 00       		.sleb128 0
 798 016d 06       		.byte	0x6
 799 016e 23       		.byte	0x23
 800 016f 0F       		.uleb128 0xf
 801 0170 9F       		.byte	0x9f
 802 0171 40000000 		.4byte	.LVL11
 803 0175 43000000 		.4byte	.LVL13-1
 804 0179 0300     		.2byte	0x3
 805 017b 72       		.byte	0x72
 806 017c 0F       		.sleb128 15
 807 017d 9F       		.byte	0x9f
 808 017e 48000000 		.4byte	.LVL14
 809 0182 4E000000 		.4byte	.LVL15
 810 0186 0600     		.2byte	0x6
 811 0188 74       		.byte	0x74
 812 0189 00       		.sleb128 0
 813 018a 06       		.byte	0x6
 814 018b 23       		.byte	0x23
 815 018c 08       		.uleb128 0x8
 816 018d 9F       		.byte	0x9f
 817 018e 50000000 		.4byte	.LVL16
 818 0192 52000000 		.4byte	.LVL17
 819 0196 0300     		.2byte	0x3
 820 0198 73       		.byte	0x73
 821 0199 09       		.sleb128 9
 822 019a 9F       		.byte	0x9f
 823 019b 52000000 		.4byte	.LVL17
 824 019f 54000000 		.4byte	.LVL18
 825 01a3 0600     		.2byte	0x6
 826 01a5 74       		.byte	0x74
 827 01a6 00       		.sleb128 0
 828 01a7 06       		.byte	0x6
 829 01a8 23       		.byte	0x23
 830 01a9 09       		.uleb128 0x9
 831 01aa 9F       		.byte	0x9f
 832 01ab 56000000 		.4byte	.LVL19
 833 01af 58000000 		.4byte	.LVL20
 834 01b3 0300     		.2byte	0x3
 835 01b5 73       		.byte	0x73
 836 01b6 0A       		.sleb128 10
 837 01b7 9F       		.byte	0x9f
 838 01b8 58000000 		.4byte	.LVL20
 839 01bc 5A000000 		.4byte	.LVL21
 840 01c0 0600     		.2byte	0x6
 841 01c2 74       		.byte	0x74
 842 01c3 00       		.sleb128 0
 843 01c4 06       		.byte	0x6
 844 01c5 23       		.byte	0x23
 845 01c6 0A       		.uleb128 0xa
 846 01c7 9F       		.byte	0x9f
 847 01c8 5C000000 		.4byte	.LVL22
 848 01cc 5E000000 		.4byte	.LVL23
 849 01d0 0300     		.2byte	0x3
 850 01d2 73       		.byte	0x73
 851 01d3 0B       		.sleb128 11
 852 01d4 9F       		.byte	0x9f
ARM GAS  /tmp/ccyjFUgs.s 			page 16


 853 01d5 5E000000 		.4byte	.LVL23
 854 01d9 60000000 		.4byte	.LVL24
 855 01dd 0600     		.2byte	0x6
 856 01df 74       		.byte	0x74
 857 01e0 00       		.sleb128 0
 858 01e1 06       		.byte	0x6
 859 01e2 23       		.byte	0x23
 860 01e3 0B       		.uleb128 0xb
 861 01e4 9F       		.byte	0x9f
 862 01e5 00000000 		.4byte	0
 863 01e9 00000000 		.4byte	0
 864              		.section	.debug_aranges,"",%progbits
 865 0000 1C000000 		.4byte	0x1c
 866 0004 0200     		.2byte	0x2
 867 0006 00000000 		.4byte	.Ldebug_info0
 868 000a 04       		.byte	0x4
 869 000b 00       		.byte	0
 870 000c 0000     		.2byte	0
 871 000e 0000     		.2byte	0
 872 0010 00000000 		.4byte	.LFB10
 873 0014 62000000 		.4byte	.LFE10-.LFB10
 874 0018 00000000 		.4byte	0
 875 001c 00000000 		.4byte	0
 876              		.section	.debug_ranges,"",%progbits
 877              	.Ldebug_ranges0:
 878 0000 00000000 		.4byte	.LFB10
 879 0004 62000000 		.4byte	.LFE10
 880 0008 00000000 		.4byte	0
 881 000c 00000000 		.4byte	0
 882              		.section	.debug_line,"",%progbits
 883              	.Ldebug_line0:
 884 0000 C6000000 		.section	.debug_str,"MS",%progbits,1
 884      02007D00 
 884      00000201 
 884      FB0E0D00 
 884      01010101 
 885              	.LASF10:
 886 0000 5043414C 		.ascii	"PCALLBACK\000"
 886      4C424143 
 886      4B00
 887              	.LASF27:
 888 000a 70535344 		.ascii	"pSSDConfig\000"
 888      436F6E66 
 888      696700
 889              	.LASF21:
 890 0015 50464C41 		.ascii	"PFLASH_SSD_CONFIG\000"
 890      53485F53 
 890      53445F43 
 890      4F4E4649 
 890      4700
 891              	.LASF18:
 892 0027 45454553 		.ascii	"EEESize\000"
 892      697A6500 
 893              	.LASF19:
 894 002f 44656275 		.ascii	"DebugEnable\000"
 894      67456E61 
 894      626C6500 
ARM GAS  /tmp/ccyjFUgs.s 			page 17


 895              	.LASF34:
 896 003b 2E2E2F65 		.ascii	"../ext/C90TFS/source/FlashReadResource.c\000"
 896      78742F43 
 896      39305446 
 896      532F736F 
 896      75726365 
 897              	.LASF15:
 898 0064 44466C61 		.ascii	"DFlashBase\000"
 898      73684261 
 898      736500
 899              	.LASF31:
 900 006f 70466C61 		.ascii	"pFlashCommandSequence\000"
 900      7368436F 
 900      6D6D616E 
 900      64536571 
 900      75656E63 
 901              	.LASF35:
 902 0085 2F686F6D 		.ascii	"/home/bunnie/code/chibi-chibios/orchard\000"
 902      652F6275 
 902      6E6E6965 
 902      2F636F64 
 902      652F6368 
 903              	.LASF17:
 904 00ad 45455241 		.ascii	"EERAMBase\000"
 904      4D426173 
 904      6500
 905              	.LASF16:
 906 00b7 44466C61 		.ascii	"DFlashSize\000"
 906      73685369 
 906      7A6500
 907              	.LASF36:
 908 00c2 5F737364 		.ascii	"_ssd_config\000"
 908      5F636F6E 
 908      66696700 
 909              	.LASF3:
 910 00ce 756E7369 		.ascii	"unsigned char\000"
 910      676E6564 
 910      20636861 
 910      7200
 911              	.LASF23:
 912 00dc 6C6F6E67 		.ascii	"long unsigned int\000"
 912      20756E73 
 912      69676E65 
 912      6420696E 
 912      7400
 913              	.LASF22:
 914 00ee 70464C41 		.ascii	"pFLASHCOMMANDSEQUENCE\000"
 914      5348434F 
 914      4D4D414E 
 914      44534551 
 914      55454E43 
 915              	.LASF4:
 916 0104 73686F72 		.ascii	"short unsigned int\000"
 916      7420756E 
 916      7369676E 
 916      65642069 
 916      6E7400
ARM GAS  /tmp/ccyjFUgs.s 			page 18


 917              	.LASF28:
 918 0117 64657374 		.ascii	"dest\000"
 918      00
 919              	.LASF13:
 920 011c 50466C61 		.ascii	"PFlashBase\000"
 920      73684261 
 920      736500
 921              	.LASF29:
 922 0127 70446174 		.ascii	"pDataArray\000"
 922      61417272 
 922      617900
 923              	.LASF7:
 924 0132 756E7369 		.ascii	"unsigned int\000"
 924      676E6564 
 924      20696E74 
 924      00
 925              	.LASF32:
 926 013f 74656D70 		.ascii	"temp\000"
 926      00
 927              	.LASF14:
 928 0144 50466C61 		.ascii	"PFlashSize\000"
 928      73685369 
 928      7A6500
 929              	.LASF8:
 930 014f 6C6F6E67 		.ascii	"long long unsigned int\000"
 930      206C6F6E 
 930      6720756E 
 930      7369676E 
 930      65642069 
 931              	.LASF30:
 932 0166 7265736F 		.ascii	"resourceSelectCode\000"
 932      75726365 
 932      53656C65 
 932      6374436F 
 932      646500
 933              	.LASF9:
 934 0179 7675696E 		.ascii	"vuint8_t\000"
 934      74385F74 
 934      00
 935              	.LASF20:
 936 0182 43616C6C 		.ascii	"CallBack\000"
 936      4261636B 
 936      00
 937              	.LASF33:
 938 018b 474E5520 		.ascii	"GNU C 4.9.2 -mcpu=cortex-m0 -mfloat-abi=soft -mfp16"
 938      4320342E 
 938      392E3220 
 938      2D6D6370 
 938      753D636F 
 939 01be 2D666F72 		.ascii	"-format=none -mno-thumb-interwork -mthumb -mfloat-a"
 939      6D61743D 
 939      6E6F6E65 
 939      202D6D6E 
 939      6F2D7468 
 940 01f1 62693D73 		.ascii	"bi=soft -mfpu=vfpv3-d16 -mtls-dialect=gnu -ggdb -O3"
 940      6F667420 
 940      2D6D6670 
ARM GAS  /tmp/ccyjFUgs.s 			page 19


 940      753D7666 
 940      7076332D 
 941 0224 202D7374 		.ascii	" -std=gnu99 -fomit-frame-pointer -falign-functions="
 941      643D676E 
 941      75393920 
 941      2D666F6D 
 941      69742D66 
 942 0257 3136202D 		.ascii	"16 -ffunction-sections -fdata-sections -fno-common\000"
 942      6666756E 
 942      6374696F 
 942      6E2D7365 
 942      6374696F 
 943              	.LASF25:
 944 028a 73697A65 		.ascii	"sizetype\000"
 944      74797065 
 944      00
 945              	.LASF5:
 946 0293 75696E74 		.ascii	"uint8_t\000"
 946      385F7400 
 947              	.LASF2:
 948 029b 6C6F6E67 		.ascii	"long long int\000"
 948      206C6F6E 
 948      6720696E 
 948      7400
 949              	.LASF26:
 950 02a9 63686172 		.ascii	"char\000"
 950      00
 951              	.LASF1:
 952 02ae 73686F72 		.ascii	"short int\000"
 952      7420696E 
 952      7400
 953              	.LASF6:
 954 02b8 75696E74 		.ascii	"uint32_t\000"
 954      33325F74 
 954      00
 955              	.LASF24:
 956 02c1 6C6F6E67 		.ascii	"long int\000"
 956      20696E74 
 956      00
 957              	.LASF0:
 958 02ca 7369676E 		.ascii	"signed char\000"
 958      65642063 
 958      68617200 
 959              	.LASF37:
 960 02d6 466C6173 		.ascii	"FlashReadResource\000"
 960      68526561 
 960      64526573 
 960      6F757263 
 960      6500
 961              	.LASF11:
 962 02e8 5F426F6F 		.ascii	"_Bool\000"
 962      6C00
 963              	.LASF12:
 964 02ee 66746678 		.ascii	"ftfxRegBase\000"
 964      52656742 
 964      61736500 
 965              		.ident	"GCC: (Debian 4.9.2-10) 4.9.2"
ARM GAS  /tmp/ccyjFUgs.s 			page 20


 966              		.section	.note.GNU-stack,"",%progbits
ARM GAS  /tmp/ccyjFUgs.s 			page 21


DEFINED SYMBOLS
                            *ABS*:00000000 FlashReadResource.c
     /tmp/ccyjFUgs.s:18     .text.FlashReadResource:00000000 $t
     /tmp/ccyjFUgs.s:24     .text.FlashReadResource:00000000 FlashReadResource
                     .debug_frame:00000010 $d

NO UNDEFINED SYMBOLS
