ARM GAS  /tmp/ccUca3p3.s 			page 1


   1              		.cpu cortex-m0
   2              		.fpu softvfp
   3              		.eabi_attribute 20, 1
   4              		.eabi_attribute 21, 1
   5              		.eabi_attribute 23, 3
   6              		.eabi_attribute 24, 1
   7              		.eabi_attribute 25, 1
   8              		.eabi_attribute 26, 2
   9              		.eabi_attribute 30, 2
  10              		.eabi_attribute 34, 0
  11              		.eabi_attribute 18, 4
  12              		.code	16
  13              		.file	"FlashCheckSum.c"
  14              		.text
  15              	.Ltext0:
  16              		.cfi_sections	.debug_frame
  17              		.section	.text.FlashCheckSum,"ax",%progbits
  18              		.align	2
  19              		.p2align 4,,-1
  20              		.global	FlashCheckSum
  21              		.code	16
  22              		.thumb_func
  23              		.type	FlashCheckSum, %function
  24              	FlashCheckSum:
  25              	.LFB10:
  26              		.file 1 "../ext/C90TFS/source/FlashCheckSum.c"
  27              		.loc 1 68 0
  28              		.cfi_startproc
  29              	.LVL0:
  30 0000 F8B5     		push	{r3, r4, r5, r6, r7, lr}
  31              		.cfi_def_cfa_offset 24
  32              		.cfi_offset 3, -24
  33              		.cfi_offset 4, -20
  34              		.cfi_offset 5, -16
  35              		.cfi_offset 6, -12
  36              		.cfi_offset 7, -8
  37              		.cfi_offset 14, -4
  38              		.loc 1 81 0
  39 0002 4468     		ldr	r4, [r0, #4]
  40              	.LVL1:
  41 0004 A142     		cmp	r1, r4
  42 0006 04D2     		bcs	.L12
  43              	.L2:
  44              	.LVL2:
  45              		.loc 1 97 0
  46 0008 0022     		mov	r2, #0
  47              	.LVL3:
  48 000a 8020     		mov	r0, #128
  49              	.LVL4:
  50 000c 1A60     		str	r2, [r3]
  51 000e 4001     		lsl	r0, r0, #5
  52              	.LVL5:
  53              	.L10:
  54              		.loc 1 127 0
  55              		@ sp needed
  56 0010 F8BD     		pop	{r3, r4, r5, r6, r7, pc}
  57              	.LVL6:
ARM GAS  /tmp/ccUca3p3.s 			page 2


  58              	.L12:
  59              		.loc 1 82 0 discriminator 1
  60 0012 8568     		ldr	r5, [r0, #8]
  61              		.loc 1 78 0 discriminator 1
  62 0014 8E18     		add	r6, r1, r2
  63              		.loc 1 82 0 discriminator 1
  64 0016 6419     		add	r4, r4, r5
  65              		.loc 1 81 0 discriminator 1
  66 0018 A642     		cmp	r6, r4
  67 001a F5D8     		bhi	.L2
  68              		.loc 1 97 0
  69 001c 0024     		mov	r4, #0
  70 001e 1C60     		str	r4, [r3]
  71              		.loc 1 99 0
  72 0020 002A     		cmp	r2, #0
  73 0022 17D0     		beq	.L7
  74 0024 1D1C     		mov	r5, r3
  75              		.loc 1 103 0
  76 0026 4C1C     		add	r4, r1, #1
  77              		.loc 1 101 0
  78 0028 0B78     		ldrb	r3, [r1]
  79              	.LVL7:
  80 002a 071C     		mov	r7, r0
  81              		.loc 1 107 0
  82 002c 0121     		mov	r1, #1
  83              	.LVL8:
  84              		.loc 1 101 0
  85 002e 2B60     		str	r3, [r5]
  86              	.LVL9:
  87              	.L8:
  88              		.loc 1 107 0
  89 0030 0131     		add	r1, r1, #1
  90              	.LVL10:
  91              		.loc 1 99 0
  92 0032 A642     		cmp	r6, r4
  93 0034 0ED0     		beq	.L7
  94              	.LVL11:
  95              	.L6:
  96              		.loc 1 101 0
  97 0036 2278     		ldrb	r2, [r4]
  98              	.LVL12:
  99              		.loc 1 102 0
 100 0038 2B68     		ldr	r3, [r5]
 101              		.loc 1 103 0
 102 003a 0134     		add	r4, r4, #1
 103              	.LVL13:
 104              		.loc 1 102 0
 105 003c 9A18     		add	r2, r3, r2
 106              	.LVL14:
 107 003e 2A60     		str	r2, [r5]
 108              		.loc 1 107 0
 109 0040 0929     		cmp	r1, #9
 110 0042 F5D9     		bls	.L8
 111              		.loc 1 110 0
 112 0044 3B6A     		ldr	r3, [r7, #32]
 113 0046 5A1C     		add	r2, r3, #1
 114 0048 06D0     		beq	.L9
ARM GAS  /tmp/ccUca3p3.s 			page 3


 115              		.loc 1 112 0
 116 004a 9847     		blx	r3
 117              	.LVL15:
 118              		.loc 1 115 0
 119 004c 0021     		mov	r1, #0
 120              	.LVL16:
 121              		.loc 1 107 0
 122 004e 0131     		add	r1, r1, #1
 123              	.LVL17:
 124              		.loc 1 99 0
 125 0050 A642     		cmp	r6, r4
 126 0052 F0D1     		bne	.L6
 127              	.LVL18:
 128              	.L7:
 129              		.loc 1 71 0
 130 0054 0020     		mov	r0, #0
 131 0056 DBE7     		b	.L10
 132              	.LVL19:
 133              	.L9:
 134              		.loc 1 115 0
 135 0058 0021     		mov	r1, #0
 136              	.LVL20:
 137 005a E9E7     		b	.L8
 138              		.cfi_endproc
 139              	.LFE10:
 140              		.size	FlashCheckSum, .-FlashCheckSum
 141 005c C046C046 		.text
 142              	.Letext0:
 143              		.file 2 "/usr/include/stdint.h"
 144              		.file 3 "../ext/C90TFS/include/SSD_Types.h"
 145              		.section	.debug_info,"",%progbits
 146              	.Ldebug_info0:
 147 0000 D3010000 		.4byte	0x1d3
 148 0004 0400     		.2byte	0x4
 149 0006 00000000 		.4byte	.Ldebug_abbrev0
 150 000a 04       		.byte	0x4
 151 000b 01       		.uleb128 0x1
 152 000c 57010000 		.4byte	.LASF33
 153 0010 01       		.byte	0x1
 154 0011 46000000 		.4byte	.LASF34
 155 0015 6B000000 		.4byte	.LASF35
 156 0019 00000000 		.4byte	.Ldebug_ranges0+0
 157 001d 00000000 		.4byte	0
 158 0021 00000000 		.4byte	.Ldebug_line0
 159 0025 02       		.uleb128 0x2
 160 0026 01       		.byte	0x1
 161 0027 06       		.byte	0x6
 162 0028 A7020000 		.4byte	.LASF0
 163 002c 02       		.uleb128 0x2
 164 002d 02       		.byte	0x2
 165 002e 05       		.byte	0x5
 166 002f 8B020000 		.4byte	.LASF1
 167 0033 03       		.uleb128 0x3
 168 0034 04       		.byte	0x4
 169 0035 05       		.byte	0x5
 170 0036 696E7400 		.ascii	"int\000"
 171 003a 02       		.uleb128 0x2
ARM GAS  /tmp/ccUca3p3.s 			page 4


 172 003b 08       		.byte	0x8
 173 003c 05       		.byte	0x5
 174 003d 6A020000 		.4byte	.LASF2
 175 0041 04       		.uleb128 0x4
 176 0042 38010000 		.4byte	.LASF5
 177 0046 02       		.byte	0x2
 178 0047 30       		.byte	0x30
 179 0048 4C000000 		.4byte	0x4c
 180 004c 02       		.uleb128 0x2
 181 004d 01       		.byte	0x1
 182 004e 08       		.byte	0x8
 183 004f E3000000 		.4byte	.LASF3
 184 0053 02       		.uleb128 0x2
 185 0054 02       		.byte	0x2
 186 0055 07       		.byte	0x7
 187 0056 D0000000 		.4byte	.LASF4
 188 005a 04       		.uleb128 0x4
 189 005b 95020000 		.4byte	.LASF6
 190 005f 02       		.byte	0x2
 191 0060 33       		.byte	0x33
 192 0061 65000000 		.4byte	0x65
 193 0065 02       		.uleb128 0x2
 194 0066 04       		.byte	0x4
 195 0067 07       		.byte	0x7
 196 0068 09010000 		.4byte	.LASF7
 197 006c 02       		.uleb128 0x2
 198 006d 08       		.byte	0x8
 199 006e 07       		.byte	0x7
 200 006f 21010000 		.4byte	.LASF8
 201 0073 04       		.uleb128 0x4
 202 0074 40010000 		.4byte	.LASF9
 203 0078 03       		.byte	0x3
 204 0079 3F       		.byte	0x3f
 205 007a 7E000000 		.4byte	0x7e
 206 007e 05       		.uleb128 0x5
 207 007f 4C000000 		.4byte	0x4c
 208 0083 04       		.uleb128 0x4
 209 0084 00000000 		.4byte	.LASF10
 210 0088 03       		.byte	0x3
 211 0089 59       		.byte	0x59
 212 008a 8E000000 		.4byte	0x8e
 213 008e 06       		.uleb128 0x6
 214 008f 04       		.byte	0x4
 215 0090 94000000 		.4byte	0x94
 216 0094 07       		.uleb128 0x7
 217 0095 02       		.uleb128 0x2
 218 0096 01       		.byte	0x1
 219 0097 02       		.byte	0x2
 220 0098 B3020000 		.4byte	.LASF11
 221 009c 08       		.uleb128 0x8
 222 009d AD000000 		.4byte	.LASF36
 223 00a1 24       		.byte	0x24
 224 00a2 03       		.byte	0x3
 225 00a3 6A       		.byte	0x6a
 226 00a4 15010000 		.4byte	0x115
 227 00a8 09       		.uleb128 0x9
 228 00a9 B9020000 		.4byte	.LASF12
ARM GAS  /tmp/ccUca3p3.s 			page 5


 229 00ad 03       		.byte	0x3
 230 00ae 6C       		.byte	0x6c
 231 00af 5A000000 		.4byte	0x5a
 232 00b3 00       		.byte	0
 233 00b4 09       		.uleb128 0x9
 234 00b5 FE000000 		.4byte	.LASF13
 235 00b9 03       		.byte	0x3
 236 00ba 6D       		.byte	0x6d
 237 00bb 5A000000 		.4byte	0x5a
 238 00bf 04       		.byte	0x4
 239 00c0 09       		.uleb128 0x9
 240 00c1 16010000 		.4byte	.LASF14
 241 00c5 03       		.byte	0x3
 242 00c6 6E       		.byte	0x6e
 243 00c7 5A000000 		.4byte	0x5a
 244 00cb 08       		.byte	0x8
 245 00cc 09       		.uleb128 0x9
 246 00cd 3B000000 		.4byte	.LASF15
 247 00d1 03       		.byte	0x3
 248 00d2 6F       		.byte	0x6f
 249 00d3 5A000000 		.4byte	0x5a
 250 00d7 0C       		.byte	0xc
 251 00d8 09       		.uleb128 0x9
 252 00d9 9D000000 		.4byte	.LASF16
 253 00dd 03       		.byte	0x3
 254 00de 70       		.byte	0x70
 255 00df 5A000000 		.4byte	0x5a
 256 00e3 10       		.byte	0x10
 257 00e4 09       		.uleb128 0x9
 258 00e5 93000000 		.4byte	.LASF17
 259 00e9 03       		.byte	0x3
 260 00ea 73       		.byte	0x73
 261 00eb 5A000000 		.4byte	0x5a
 262 00ef 14       		.byte	0x14
 263 00f0 09       		.uleb128 0x9
 264 00f1 27000000 		.4byte	.LASF18
 265 00f5 03       		.byte	0x3
 266 00f6 75       		.byte	0x75
 267 00f7 5A000000 		.4byte	0x5a
 268 00fb 18       		.byte	0x18
 269 00fc 09       		.uleb128 0x9
 270 00fd 2F000000 		.4byte	.LASF19
 271 0101 03       		.byte	0x3
 272 0102 78       		.byte	0x78
 273 0103 95000000 		.4byte	0x95
 274 0107 1C       		.byte	0x1c
 275 0108 09       		.uleb128 0x9
 276 0109 4E010000 		.4byte	.LASF20
 277 010d 03       		.byte	0x3
 278 010e 79       		.byte	0x79
 279 010f 83000000 		.4byte	0x83
 280 0113 20       		.byte	0x20
 281 0114 00       		.byte	0
 282 0115 04       		.uleb128 0x4
 283 0116 15000000 		.4byte	.LASF21
 284 011a 03       		.byte	0x3
 285 011b 7A       		.byte	0x7a
ARM GAS  /tmp/ccUca3p3.s 			page 6


 286 011c 20010000 		.4byte	0x120
 287 0120 06       		.uleb128 0x6
 288 0121 04       		.byte	0x4
 289 0122 9C000000 		.4byte	0x9c
 290 0126 06       		.uleb128 0x6
 291 0127 04       		.byte	0x4
 292 0128 5A000000 		.4byte	0x5a
 293 012c 02       		.uleb128 0x2
 294 012d 04       		.byte	0x4
 295 012e 07       		.byte	0x7
 296 012f BE000000 		.4byte	.LASF22
 297 0133 02       		.uleb128 0x2
 298 0134 04       		.byte	0x4
 299 0135 05       		.byte	0x5
 300 0136 9E020000 		.4byte	.LASF23
 301 013a 02       		.uleb128 0x2
 302 013b 04       		.byte	0x4
 303 013c 07       		.byte	0x7
 304 013d 56020000 		.4byte	.LASF24
 305 0141 02       		.uleb128 0x2
 306 0142 01       		.byte	0x1
 307 0143 08       		.byte	0x8
 308 0144 78020000 		.4byte	.LASF25
 309 0148 0A       		.uleb128 0xa
 310 0149 7D020000 		.4byte	.LASF37
 311 014d 01       		.byte	0x1
 312 014e 40       		.byte	0x40
 313 014f 5A000000 		.4byte	0x5a
 314 0153 00000000 		.4byte	.LFB10
 315 0157 5C000000 		.4byte	.LFE10-.LFB10
 316 015b 01       		.uleb128 0x1
 317 015c 9C       		.byte	0x9c
 318 015d 0B       		.uleb128 0xb
 319 015e 0A000000 		.4byte	.LASF26
 320 0162 01       		.byte	0x1
 321 0163 40       		.byte	0x40
 322 0164 15010000 		.4byte	0x115
 323 0168 00000000 		.4byte	.LLST0
 324 016c 0B       		.uleb128 0xb
 325 016d F9000000 		.4byte	.LASF27
 326 0171 01       		.byte	0x1
 327 0172 41       		.byte	0x41
 328 0173 5A000000 		.4byte	0x5a
 329 0177 50000000 		.4byte	.LLST1
 330 017b 0B       		.uleb128 0xb
 331 017c B9000000 		.4byte	.LASF28
 332 0180 01       		.byte	0x1
 333 0181 42       		.byte	0x42
 334 0182 5A000000 		.4byte	0x5a
 335 0186 84000000 		.4byte	.LLST2
 336 018a 0B       		.uleb128 0xb
 337 018b 49010000 		.4byte	.LASF29
 338 018f 01       		.byte	0x1
 339 0190 43       		.byte	0x43
 340 0191 26010000 		.4byte	0x126
 341 0195 FA000000 		.4byte	.LLST3
 342 0199 0C       		.uleb128 0xc
ARM GAS  /tmp/ccUca3p3.s 			page 7


 343 019a F1000000 		.4byte	.LASF30
 344 019e 01       		.byte	0x1
 345 019f 45       		.byte	0x45
 346 01a0 5A000000 		.4byte	0x5a
 347 01a4 4A010000 		.4byte	.LLST4
 348 01a8 0C       		.uleb128 0xc
 349 01a9 A8000000 		.4byte	.LASF31
 350 01ad 01       		.byte	0x1
 351 01ae 46       		.byte	0x46
 352 01af 5A000000 		.4byte	0x5a
 353 01b3 BB010000 		.4byte	.LLST5
 354 01b7 0D       		.uleb128 0xd
 355 01b8 72657400 		.ascii	"ret\000"
 356 01bc 01       		.byte	0x1
 357 01bd 47       		.byte	0x47
 358 01be 5A000000 		.4byte	0x5a
 359 01c2 D9010000 		.4byte	.LLST6
 360 01c6 0C       		.uleb128 0xc
 361 01c7 5F020000 		.4byte	.LASF32
 362 01cb 01       		.byte	0x1
 363 01cc 48       		.byte	0x48
 364 01cd 5A000000 		.4byte	0x5a
 365 01d1 07020000 		.4byte	.LLST7
 366 01d5 00       		.byte	0
 367 01d6 00       		.byte	0
 368              		.section	.debug_abbrev,"",%progbits
 369              	.Ldebug_abbrev0:
 370 0000 01       		.uleb128 0x1
 371 0001 11       		.uleb128 0x11
 372 0002 01       		.byte	0x1
 373 0003 25       		.uleb128 0x25
 374 0004 0E       		.uleb128 0xe
 375 0005 13       		.uleb128 0x13
 376 0006 0B       		.uleb128 0xb
 377 0007 03       		.uleb128 0x3
 378 0008 0E       		.uleb128 0xe
 379 0009 1B       		.uleb128 0x1b
 380 000a 0E       		.uleb128 0xe
 381 000b 55       		.uleb128 0x55
 382 000c 17       		.uleb128 0x17
 383 000d 11       		.uleb128 0x11
 384 000e 01       		.uleb128 0x1
 385 000f 10       		.uleb128 0x10
 386 0010 17       		.uleb128 0x17
 387 0011 00       		.byte	0
 388 0012 00       		.byte	0
 389 0013 02       		.uleb128 0x2
 390 0014 24       		.uleb128 0x24
 391 0015 00       		.byte	0
 392 0016 0B       		.uleb128 0xb
 393 0017 0B       		.uleb128 0xb
 394 0018 3E       		.uleb128 0x3e
 395 0019 0B       		.uleb128 0xb
 396 001a 03       		.uleb128 0x3
 397 001b 0E       		.uleb128 0xe
 398 001c 00       		.byte	0
 399 001d 00       		.byte	0
ARM GAS  /tmp/ccUca3p3.s 			page 8


 400 001e 03       		.uleb128 0x3
 401 001f 24       		.uleb128 0x24
 402 0020 00       		.byte	0
 403 0021 0B       		.uleb128 0xb
 404 0022 0B       		.uleb128 0xb
 405 0023 3E       		.uleb128 0x3e
 406 0024 0B       		.uleb128 0xb
 407 0025 03       		.uleb128 0x3
 408 0026 08       		.uleb128 0x8
 409 0027 00       		.byte	0
 410 0028 00       		.byte	0
 411 0029 04       		.uleb128 0x4
 412 002a 16       		.uleb128 0x16
 413 002b 00       		.byte	0
 414 002c 03       		.uleb128 0x3
 415 002d 0E       		.uleb128 0xe
 416 002e 3A       		.uleb128 0x3a
 417 002f 0B       		.uleb128 0xb
 418 0030 3B       		.uleb128 0x3b
 419 0031 0B       		.uleb128 0xb
 420 0032 49       		.uleb128 0x49
 421 0033 13       		.uleb128 0x13
 422 0034 00       		.byte	0
 423 0035 00       		.byte	0
 424 0036 05       		.uleb128 0x5
 425 0037 35       		.uleb128 0x35
 426 0038 00       		.byte	0
 427 0039 49       		.uleb128 0x49
 428 003a 13       		.uleb128 0x13
 429 003b 00       		.byte	0
 430 003c 00       		.byte	0
 431 003d 06       		.uleb128 0x6
 432 003e 0F       		.uleb128 0xf
 433 003f 00       		.byte	0
 434 0040 0B       		.uleb128 0xb
 435 0041 0B       		.uleb128 0xb
 436 0042 49       		.uleb128 0x49
 437 0043 13       		.uleb128 0x13
 438 0044 00       		.byte	0
 439 0045 00       		.byte	0
 440 0046 07       		.uleb128 0x7
 441 0047 15       		.uleb128 0x15
 442 0048 00       		.byte	0
 443 0049 27       		.uleb128 0x27
 444 004a 19       		.uleb128 0x19
 445 004b 00       		.byte	0
 446 004c 00       		.byte	0
 447 004d 08       		.uleb128 0x8
 448 004e 13       		.uleb128 0x13
 449 004f 01       		.byte	0x1
 450 0050 03       		.uleb128 0x3
 451 0051 0E       		.uleb128 0xe
 452 0052 0B       		.uleb128 0xb
 453 0053 0B       		.uleb128 0xb
 454 0054 3A       		.uleb128 0x3a
 455 0055 0B       		.uleb128 0xb
 456 0056 3B       		.uleb128 0x3b
ARM GAS  /tmp/ccUca3p3.s 			page 9


 457 0057 0B       		.uleb128 0xb
 458 0058 01       		.uleb128 0x1
 459 0059 13       		.uleb128 0x13
 460 005a 00       		.byte	0
 461 005b 00       		.byte	0
 462 005c 09       		.uleb128 0x9
 463 005d 0D       		.uleb128 0xd
 464 005e 00       		.byte	0
 465 005f 03       		.uleb128 0x3
 466 0060 0E       		.uleb128 0xe
 467 0061 3A       		.uleb128 0x3a
 468 0062 0B       		.uleb128 0xb
 469 0063 3B       		.uleb128 0x3b
 470 0064 0B       		.uleb128 0xb
 471 0065 49       		.uleb128 0x49
 472 0066 13       		.uleb128 0x13
 473 0067 38       		.uleb128 0x38
 474 0068 0B       		.uleb128 0xb
 475 0069 00       		.byte	0
 476 006a 00       		.byte	0
 477 006b 0A       		.uleb128 0xa
 478 006c 2E       		.uleb128 0x2e
 479 006d 01       		.byte	0x1
 480 006e 3F       		.uleb128 0x3f
 481 006f 19       		.uleb128 0x19
 482 0070 03       		.uleb128 0x3
 483 0071 0E       		.uleb128 0xe
 484 0072 3A       		.uleb128 0x3a
 485 0073 0B       		.uleb128 0xb
 486 0074 3B       		.uleb128 0x3b
 487 0075 0B       		.uleb128 0xb
 488 0076 27       		.uleb128 0x27
 489 0077 19       		.uleb128 0x19
 490 0078 49       		.uleb128 0x49
 491 0079 13       		.uleb128 0x13
 492 007a 11       		.uleb128 0x11
 493 007b 01       		.uleb128 0x1
 494 007c 12       		.uleb128 0x12
 495 007d 06       		.uleb128 0x6
 496 007e 40       		.uleb128 0x40
 497 007f 18       		.uleb128 0x18
 498 0080 9642     		.uleb128 0x2116
 499 0082 19       		.uleb128 0x19
 500 0083 00       		.byte	0
 501 0084 00       		.byte	0
 502 0085 0B       		.uleb128 0xb
 503 0086 05       		.uleb128 0x5
 504 0087 00       		.byte	0
 505 0088 03       		.uleb128 0x3
 506 0089 0E       		.uleb128 0xe
 507 008a 3A       		.uleb128 0x3a
 508 008b 0B       		.uleb128 0xb
 509 008c 3B       		.uleb128 0x3b
 510 008d 0B       		.uleb128 0xb
 511 008e 49       		.uleb128 0x49
 512 008f 13       		.uleb128 0x13
 513 0090 02       		.uleb128 0x2
ARM GAS  /tmp/ccUca3p3.s 			page 10


 514 0091 17       		.uleb128 0x17
 515 0092 00       		.byte	0
 516 0093 00       		.byte	0
 517 0094 0C       		.uleb128 0xc
 518 0095 34       		.uleb128 0x34
 519 0096 00       		.byte	0
 520 0097 03       		.uleb128 0x3
 521 0098 0E       		.uleb128 0xe
 522 0099 3A       		.uleb128 0x3a
 523 009a 0B       		.uleb128 0xb
 524 009b 3B       		.uleb128 0x3b
 525 009c 0B       		.uleb128 0xb
 526 009d 49       		.uleb128 0x49
 527 009e 13       		.uleb128 0x13
 528 009f 02       		.uleb128 0x2
 529 00a0 17       		.uleb128 0x17
 530 00a1 00       		.byte	0
 531 00a2 00       		.byte	0
 532 00a3 0D       		.uleb128 0xd
 533 00a4 34       		.uleb128 0x34
 534 00a5 00       		.byte	0
 535 00a6 03       		.uleb128 0x3
 536 00a7 08       		.uleb128 0x8
 537 00a8 3A       		.uleb128 0x3a
 538 00a9 0B       		.uleb128 0xb
 539 00aa 3B       		.uleb128 0x3b
 540 00ab 0B       		.uleb128 0xb
 541 00ac 49       		.uleb128 0x49
 542 00ad 13       		.uleb128 0x13
 543 00ae 02       		.uleb128 0x2
 544 00af 17       		.uleb128 0x17
 545 00b0 00       		.byte	0
 546 00b1 00       		.byte	0
 547 00b2 00       		.byte	0
 548              		.section	.debug_loc,"",%progbits
 549              	.Ldebug_loc0:
 550              	.LLST0:
 551 0000 00000000 		.4byte	.LVL0
 552 0004 0C000000 		.4byte	.LVL4
 553 0008 0100     		.2byte	0x1
 554 000a 50       		.byte	0x50
 555 000b 0C000000 		.4byte	.LVL4
 556 000f 12000000 		.4byte	.LVL6
 557 0013 0400     		.2byte	0x4
 558 0015 F3       		.byte	0xf3
 559 0016 01       		.uleb128 0x1
 560 0017 50       		.byte	0x50
 561 0018 9F       		.byte	0x9f
 562 0019 12000000 		.4byte	.LVL6
 563 001d 30000000 		.4byte	.LVL9
 564 0021 0100     		.2byte	0x1
 565 0023 50       		.byte	0x50
 566 0024 30000000 		.4byte	.LVL9
 567 0028 54000000 		.4byte	.LVL18
 568 002c 0100     		.2byte	0x1
 569 002e 57       		.byte	0x57
 570 002f 54000000 		.4byte	.LVL18
ARM GAS  /tmp/ccUca3p3.s 			page 11


 571 0033 58000000 		.4byte	.LVL19
 572 0037 0400     		.2byte	0x4
 573 0039 F3       		.byte	0xf3
 574 003a 01       		.uleb128 0x1
 575 003b 50       		.byte	0x50
 576 003c 9F       		.byte	0x9f
 577 003d 58000000 		.4byte	.LVL19
 578 0041 5C000000 		.4byte	.LFE10
 579 0045 0100     		.2byte	0x1
 580 0047 57       		.byte	0x57
 581 0048 00000000 		.4byte	0
 582 004c 00000000 		.4byte	0
 583              	.LLST1:
 584 0050 00000000 		.4byte	.LVL0
 585 0054 10000000 		.4byte	.LVL5
 586 0058 0100     		.2byte	0x1
 587 005a 51       		.byte	0x51
 588 005b 12000000 		.4byte	.LVL6
 589 005f 2A000000 		.4byte	.LVL7
 590 0063 0100     		.2byte	0x1
 591 0065 51       		.byte	0x51
 592 0066 2A000000 		.4byte	.LVL7
 593 006a 54000000 		.4byte	.LVL18
 594 006e 0100     		.2byte	0x1
 595 0070 54       		.byte	0x54
 596 0071 58000000 		.4byte	.LVL19
 597 0075 5C000000 		.4byte	.LFE10
 598 0079 0100     		.2byte	0x1
 599 007b 54       		.byte	0x54
 600 007c 00000000 		.4byte	0
 601 0080 00000000 		.4byte	0
 602              	.LLST2:
 603 0084 00000000 		.4byte	.LVL0
 604 0088 08000000 		.4byte	.LVL2
 605 008c 0100     		.2byte	0x1
 606 008e 52       		.byte	0x52
 607 008f 08000000 		.4byte	.LVL2
 608 0093 10000000 		.4byte	.LVL5
 609 0097 0200     		.2byte	0x2
 610 0099 30       		.byte	0x30
 611 009a 9F       		.byte	0x9f
 612 009b 12000000 		.4byte	.LVL6
 613 009f 2A000000 		.4byte	.LVL7
 614 00a3 0100     		.2byte	0x1
 615 00a5 52       		.byte	0x52
 616 00a6 2A000000 		.4byte	.LVL7
 617 00aa 30000000 		.4byte	.LVL9
 618 00ae 0300     		.2byte	0x3
 619 00b0 72       		.byte	0x72
 620 00b1 7F       		.sleb128 -1
 621 00b2 9F       		.byte	0x9f
 622 00b3 30000000 		.4byte	.LVL9
 623 00b7 36000000 		.4byte	.LVL11
 624 00bb 0B00     		.2byte	0xb
 625 00bd F3       		.byte	0xf3
 626 00be 01       		.uleb128 0x1
 627 00bf 51       		.byte	0x51
ARM GAS  /tmp/ccUca3p3.s 			page 12


 628 00c0 74       		.byte	0x74
 629 00c1 00       		.sleb128 0
 630 00c2 1C       		.byte	0x1c
 631 00c3 F3       		.byte	0xf3
 632 00c4 01       		.uleb128 0x1
 633 00c5 52       		.byte	0x52
 634 00c6 22       		.byte	0x22
 635 00c7 9F       		.byte	0x9f
 636 00c8 3C000000 		.4byte	.LVL13
 637 00cc 54000000 		.4byte	.LVL18
 638 00d0 0B00     		.2byte	0xb
 639 00d2 F3       		.byte	0xf3
 640 00d3 01       		.uleb128 0x1
 641 00d4 51       		.byte	0x51
 642 00d5 74       		.byte	0x74
 643 00d6 00       		.sleb128 0
 644 00d7 1C       		.byte	0x1c
 645 00d8 F3       		.byte	0xf3
 646 00d9 01       		.uleb128 0x1
 647 00da 52       		.byte	0x52
 648 00db 22       		.byte	0x22
 649 00dc 9F       		.byte	0x9f
 650 00dd 58000000 		.4byte	.LVL19
 651 00e1 5C000000 		.4byte	.LFE10
 652 00e5 0B00     		.2byte	0xb
 653 00e7 F3       		.byte	0xf3
 654 00e8 01       		.uleb128 0x1
 655 00e9 51       		.byte	0x51
 656 00ea 74       		.byte	0x74
 657 00eb 00       		.sleb128 0
 658 00ec 1C       		.byte	0x1c
 659 00ed F3       		.byte	0xf3
 660 00ee 01       		.uleb128 0x1
 661 00ef 52       		.byte	0x52
 662 00f0 22       		.byte	0x22
 663 00f1 9F       		.byte	0x9f
 664 00f2 00000000 		.4byte	0
 665 00f6 00000000 		.4byte	0
 666              	.LLST3:
 667 00fa 00000000 		.4byte	.LVL0
 668 00fe 10000000 		.4byte	.LVL5
 669 0102 0100     		.2byte	0x1
 670 0104 53       		.byte	0x53
 671 0105 10000000 		.4byte	.LVL5
 672 0109 12000000 		.4byte	.LVL6
 673 010d 0400     		.2byte	0x4
 674 010f F3       		.byte	0xf3
 675 0110 01       		.uleb128 0x1
 676 0111 53       		.byte	0x53
 677 0112 9F       		.byte	0x9f
 678 0113 12000000 		.4byte	.LVL6
 679 0117 2A000000 		.4byte	.LVL7
 680 011b 0100     		.2byte	0x1
 681 011d 53       		.byte	0x53
 682 011e 2A000000 		.4byte	.LVL7
 683 0122 54000000 		.4byte	.LVL18
 684 0126 0100     		.2byte	0x1
ARM GAS  /tmp/ccUca3p3.s 			page 13


 685 0128 55       		.byte	0x55
 686 0129 54000000 		.4byte	.LVL18
 687 012d 58000000 		.4byte	.LVL19
 688 0131 0400     		.2byte	0x4
 689 0133 F3       		.byte	0xf3
 690 0134 01       		.uleb128 0x1
 691 0135 53       		.byte	0x53
 692 0136 9F       		.byte	0x9f
 693 0137 58000000 		.4byte	.LVL19
 694 013b 5C000000 		.4byte	.LFE10
 695 013f 0100     		.2byte	0x1
 696 0141 55       		.byte	0x55
 697 0142 00000000 		.4byte	0
 698 0146 00000000 		.4byte	0
 699              	.LLST4:
 700 014a 04000000 		.4byte	.LVL1
 701 014e 10000000 		.4byte	.LVL5
 702 0152 0200     		.2byte	0x2
 703 0154 30       		.byte	0x30
 704 0155 9F       		.byte	0x9f
 705 0156 12000000 		.4byte	.LVL6
 706 015a 2A000000 		.4byte	.LVL7
 707 015e 0200     		.2byte	0x2
 708 0160 30       		.byte	0x30
 709 0161 9F       		.byte	0x9f
 710 0162 2A000000 		.4byte	.LVL7
 711 0166 30000000 		.4byte	.LVL9
 712 016a 0200     		.2byte	0x2
 713 016c 31       		.byte	0x31
 714 016d 9F       		.byte	0x9f
 715 016e 30000000 		.4byte	.LVL9
 716 0172 32000000 		.4byte	.LVL10
 717 0176 0100     		.2byte	0x1
 718 0178 51       		.byte	0x51
 719 0179 32000000 		.4byte	.LVL10
 720 017d 36000000 		.4byte	.LVL11
 721 0181 0300     		.2byte	0x3
 722 0183 71       		.byte	0x71
 723 0184 7F       		.sleb128 -1
 724 0185 9F       		.byte	0x9f
 725 0186 3C000000 		.4byte	.LVL13
 726 018a 4B000000 		.4byte	.LVL15-1
 727 018e 0100     		.2byte	0x1
 728 0190 51       		.byte	0x51
 729 0191 4E000000 		.4byte	.LVL16
 730 0195 50000000 		.4byte	.LVL17
 731 0199 0100     		.2byte	0x1
 732 019b 51       		.byte	0x51
 733 019c 50000000 		.4byte	.LVL17
 734 01a0 54000000 		.4byte	.LVL18
 735 01a4 0200     		.2byte	0x2
 736 01a6 30       		.byte	0x30
 737 01a7 9F       		.byte	0x9f
 738 01a8 58000000 		.4byte	.LVL19
 739 01ac 5A000000 		.4byte	.LVL20
 740 01b0 0100     		.2byte	0x1
 741 01b2 51       		.byte	0x51
ARM GAS  /tmp/ccUca3p3.s 			page 14


 742 01b3 00000000 		.4byte	0
 743 01b7 00000000 		.4byte	0
 744              	.LLST5:
 745 01bb 2A000000 		.4byte	.LVL7
 746 01bf 30000000 		.4byte	.LVL9
 747 01c3 0100     		.2byte	0x1
 748 01c5 53       		.byte	0x53
 749 01c6 38000000 		.4byte	.LVL12
 750 01ca 3E000000 		.4byte	.LVL14
 751 01ce 0100     		.2byte	0x1
 752 01d0 52       		.byte	0x52
 753 01d1 00000000 		.4byte	0
 754 01d5 00000000 		.4byte	0
 755              	.LLST6:
 756 01d9 04000000 		.4byte	.LVL1
 757 01dd 08000000 		.4byte	.LVL2
 758 01e1 0200     		.2byte	0x2
 759 01e3 30       		.byte	0x30
 760 01e4 9F       		.byte	0x9f
 761 01e5 08000000 		.4byte	.LVL2
 762 01e9 10000000 		.4byte	.LVL5
 763 01ed 0400     		.2byte	0x4
 764 01ef 0A       		.byte	0xa
 765 01f0 0010     		.2byte	0x1000
 766 01f2 9F       		.byte	0x9f
 767 01f3 12000000 		.4byte	.LVL6
 768 01f7 5C000000 		.4byte	.LFE10
 769 01fb 0200     		.2byte	0x2
 770 01fd 30       		.byte	0x30
 771 01fe 9F       		.byte	0x9f
 772 01ff 00000000 		.4byte	0
 773 0203 00000000 		.4byte	0
 774              	.LLST7:
 775 0207 04000000 		.4byte	.LVL1
 776 020b 0A000000 		.4byte	.LVL3
 777 020f 0600     		.2byte	0x6
 778 0211 71       		.byte	0x71
 779 0212 00       		.sleb128 0
 780 0213 72       		.byte	0x72
 781 0214 00       		.sleb128 0
 782 0215 22       		.byte	0x22
 783 0216 9F       		.byte	0x9f
 784 0217 0A000000 		.4byte	.LVL3
 785 021b 10000000 		.4byte	.LVL5
 786 021f 0700     		.2byte	0x7
 787 0221 71       		.byte	0x71
 788 0222 00       		.sleb128 0
 789 0223 F3       		.byte	0xf3
 790 0224 01       		.uleb128 0x1
 791 0225 52       		.byte	0x52
 792 0226 22       		.byte	0x22
 793 0227 9F       		.byte	0x9f
 794 0228 10000000 		.4byte	.LVL5
 795 022c 12000000 		.4byte	.LVL6
 796 0230 0800     		.2byte	0x8
 797 0232 F3       		.byte	0xf3
 798 0233 01       		.uleb128 0x1
ARM GAS  /tmp/ccUca3p3.s 			page 15


 799 0234 51       		.byte	0x51
 800 0235 F3       		.byte	0xf3
 801 0236 01       		.uleb128 0x1
 802 0237 52       		.byte	0x52
 803 0238 22       		.byte	0x22
 804 0239 9F       		.byte	0x9f
 805 023a 12000000 		.4byte	.LVL6
 806 023e 2E000000 		.4byte	.LVL8
 807 0242 0600     		.2byte	0x6
 808 0244 71       		.byte	0x71
 809 0245 00       		.sleb128 0
 810 0246 72       		.byte	0x72
 811 0247 00       		.sleb128 0
 812 0248 22       		.byte	0x22
 813 0249 9F       		.byte	0x9f
 814 024a 2E000000 		.4byte	.LVL8
 815 024e 30000000 		.4byte	.LVL9
 816 0252 0800     		.2byte	0x8
 817 0254 72       		.byte	0x72
 818 0255 00       		.sleb128 0
 819 0256 74       		.byte	0x74
 820 0257 00       		.sleb128 0
 821 0258 22       		.byte	0x22
 822 0259 31       		.byte	0x31
 823 025a 1C       		.byte	0x1c
 824 025b 9F       		.byte	0x9f
 825 025c 30000000 		.4byte	.LVL9
 826 0260 5C000000 		.4byte	.LFE10
 827 0264 0800     		.2byte	0x8
 828 0266 F3       		.byte	0xf3
 829 0267 01       		.uleb128 0x1
 830 0268 51       		.byte	0x51
 831 0269 F3       		.byte	0xf3
 832 026a 01       		.uleb128 0x1
 833 026b 52       		.byte	0x52
 834 026c 22       		.byte	0x22
 835 026d 9F       		.byte	0x9f
 836 026e 00000000 		.4byte	0
 837 0272 00000000 		.4byte	0
 838              		.section	.debug_aranges,"",%progbits
 839 0000 1C000000 		.4byte	0x1c
 840 0004 0200     		.2byte	0x2
 841 0006 00000000 		.4byte	.Ldebug_info0
 842 000a 04       		.byte	0x4
 843 000b 00       		.byte	0
 844 000c 0000     		.2byte	0
 845 000e 0000     		.2byte	0
 846 0010 00000000 		.4byte	.LFB10
 847 0014 5C000000 		.4byte	.LFE10-.LFB10
 848 0018 00000000 		.4byte	0
 849 001c 00000000 		.4byte	0
 850              		.section	.debug_ranges,"",%progbits
 851              	.Ldebug_ranges0:
 852 0000 00000000 		.4byte	.LFB10
 853 0004 5C000000 		.4byte	.LFE10
 854 0008 00000000 		.4byte	0
 855 000c 00000000 		.4byte	0
ARM GAS  /tmp/ccUca3p3.s 			page 16


 856              		.section	.debug_line,"",%progbits
 857              	.Ldebug_line0:
 858 0000 D0000000 		.section	.debug_str,"MS",%progbits,1
 858      02007900 
 858      00000201 
 858      FB0E0D00 
 858      01010101 
 859              	.LASF10:
 860 0000 5043414C 		.ascii	"PCALLBACK\000"
 860      4C424143 
 860      4B00
 861              	.LASF26:
 862 000a 70535344 		.ascii	"pSSDConfig\000"
 862      436F6E66 
 862      696700
 863              	.LASF21:
 864 0015 50464C41 		.ascii	"PFLASH_SSD_CONFIG\000"
 864      53485F53 
 864      53445F43 
 864      4F4E4649 
 864      4700
 865              	.LASF18:
 866 0027 45454553 		.ascii	"EEESize\000"
 866      697A6500 
 867              	.LASF19:
 868 002f 44656275 		.ascii	"DebugEnable\000"
 868      67456E61 
 868      626C6500 
 869              	.LASF15:
 870 003b 44466C61 		.ascii	"DFlashBase\000"
 870      73684261 
 870      736500
 871              	.LASF34:
 872 0046 2E2E2F65 		.ascii	"../ext/C90TFS/source/FlashCheckSum.c\000"
 872      78742F43 
 872      39305446 
 872      532F736F 
 872      75726365 
 873              	.LASF35:
 874 006b 2F686F6D 		.ascii	"/home/bunnie/code/chibi-chibios/orchard\000"
 874      652F6275 
 874      6E6E6965 
 874      2F636F64 
 874      652F6368 
 875              	.LASF17:
 876 0093 45455241 		.ascii	"EERAMBase\000"
 876      4D426173 
 876      6500
 877              	.LASF16:
 878 009d 44466C61 		.ascii	"DFlashSize\000"
 878      73685369 
 878      7A6500
 879              	.LASF31:
 880 00a8 64617461 		.ascii	"data\000"
 880      00
 881              	.LASF36:
 882 00ad 5F737364 		.ascii	"_ssd_config\000"
ARM GAS  /tmp/ccUca3p3.s 			page 17


 882      5F636F6E 
 882      66696700 
 883              	.LASF28:
 884 00b9 73697A65 		.ascii	"size\000"
 884      00
 885              	.LASF22:
 886 00be 6C6F6E67 		.ascii	"long unsigned int\000"
 886      20756E73 
 886      69676E65 
 886      6420696E 
 886      7400
 887              	.LASF4:
 888 00d0 73686F72 		.ascii	"short unsigned int\000"
 888      7420756E 
 888      7369676E 
 888      65642069 
 888      6E7400
 889              	.LASF3:
 890 00e3 756E7369 		.ascii	"unsigned char\000"
 890      676E6564 
 890      20636861 
 890      7200
 891              	.LASF30:
 892 00f1 636F756E 		.ascii	"counter\000"
 892      74657200 
 893              	.LASF27:
 894 00f9 64657374 		.ascii	"dest\000"
 894      00
 895              	.LASF13:
 896 00fe 50466C61 		.ascii	"PFlashBase\000"
 896      73684261 
 896      736500
 897              	.LASF7:
 898 0109 756E7369 		.ascii	"unsigned int\000"
 898      676E6564 
 898      20696E74 
 898      00
 899              	.LASF14:
 900 0116 50466C61 		.ascii	"PFlashSize\000"
 900      73685369 
 900      7A6500
 901              	.LASF8:
 902 0121 6C6F6E67 		.ascii	"long long unsigned int\000"
 902      206C6F6E 
 902      6720756E 
 902      7369676E 
 902      65642069 
 903              	.LASF5:
 904 0138 75696E74 		.ascii	"uint8_t\000"
 904      385F7400 
 905              	.LASF9:
 906 0140 7675696E 		.ascii	"vuint8_t\000"
 906      74385F74 
 906      00
 907              	.LASF29:
 908 0149 7053756D 		.ascii	"pSum\000"
 908      00
ARM GAS  /tmp/ccUca3p3.s 			page 18


 909              	.LASF20:
 910 014e 43616C6C 		.ascii	"CallBack\000"
 910      4261636B 
 910      00
 911              	.LASF33:
 912 0157 474E5520 		.ascii	"GNU C 4.9.2 -mcpu=cortex-m0 -mfloat-abi=soft -mfp16"
 912      4320342E 
 912      392E3220 
 912      2D6D6370 
 912      753D636F 
 913 018a 2D666F72 		.ascii	"-format=none -mno-thumb-interwork -mthumb -mfloat-a"
 913      6D61743D 
 913      6E6F6E65 
 913      202D6D6E 
 913      6F2D7468 
 914 01bd 62693D73 		.ascii	"bi=soft -mfpu=vfpv3-d16 -mtls-dialect=gnu -ggdb -O3"
 914      6F667420 
 914      2D6D6670 
 914      753D7666 
 914      7076332D 
 915 01f0 202D7374 		.ascii	" -std=gnu99 -fomit-frame-pointer -falign-functions="
 915      643D676E 
 915      75393920 
 915      2D666F6D 
 915      69742D66 
 916 0223 3136202D 		.ascii	"16 -ffunction-sections -fdata-sections -fno-common\000"
 916      6666756E 
 916      6374696F 
 916      6E2D7365 
 916      6374696F 
 917              	.LASF24:
 918 0256 73697A65 		.ascii	"sizetype\000"
 918      74797065 
 918      00
 919              	.LASF32:
 920 025f 656E6441 		.ascii	"endAddress\000"
 920      64647265 
 920      737300
 921              	.LASF2:
 922 026a 6C6F6E67 		.ascii	"long long int\000"
 922      206C6F6E 
 922      6720696E 
 922      7400
 923              	.LASF25:
 924 0278 63686172 		.ascii	"char\000"
 924      00
 925              	.LASF37:
 926 027d 466C6173 		.ascii	"FlashCheckSum\000"
 926      68436865 
 926      636B5375 
 926      6D00
 927              	.LASF1:
 928 028b 73686F72 		.ascii	"short int\000"
 928      7420696E 
 928      7400
 929              	.LASF6:
 930 0295 75696E74 		.ascii	"uint32_t\000"
ARM GAS  /tmp/ccUca3p3.s 			page 19


 930      33325F74 
 930      00
 931              	.LASF23:
 932 029e 6C6F6E67 		.ascii	"long int\000"
 932      20696E74 
 932      00
 933              	.LASF0:
 934 02a7 7369676E 		.ascii	"signed char\000"
 934      65642063 
 934      68617200 
 935              	.LASF11:
 936 02b3 5F426F6F 		.ascii	"_Bool\000"
 936      6C00
 937              	.LASF12:
 938 02b9 66746678 		.ascii	"ftfxRegBase\000"
 938      52656742 
 938      61736500 
 939              		.ident	"GCC: (Debian 4.9.2-10) 4.9.2"
 940              		.section	.note.GNU-stack,"",%progbits
ARM GAS  /tmp/ccUca3p3.s 			page 20


DEFINED SYMBOLS
                            *ABS*:00000000 FlashCheckSum.c
     /tmp/ccUca3p3.s:18     .text.FlashCheckSum:00000000 $t
     /tmp/ccUca3p3.s:24     .text.FlashCheckSum:00000000 FlashCheckSum
                     .debug_frame:00000010 $d

NO UNDEFINED SYMBOLS
