ARM GAS  /tmp/cczQz6eA.s 			page 1


   1              		.cpu cortex-m0
   2              		.fpu softvfp
   3              		.eabi_attribute 20, 1
   4              		.eabi_attribute 21, 1
   5              		.eabi_attribute 23, 3
   6              		.eabi_attribute 24, 1
   7              		.eabi_attribute 25, 1
   8              		.eabi_attribute 26, 2
   9              		.eabi_attribute 30, 2
  10              		.eabi_attribute 34, 0
  11              		.eabi_attribute 18, 4
  12              		.code	16
  13              		.file	"gitversion.c"
  14              		.text
  15              	.Ltext0:
  16              		.cfi_sections	.debug_frame
  17              		.global	gitversion
  18              		.section	.data.gitversion,"aw",%progbits
  19              		.align	2
  20              		.type	gitversion, %object
  21              		.size	gitversion, 4
  22              	gitversion:
  23 0000 00000000 		.word	.LC0
  24              		.section	.rodata.str1.4,"aMS",%progbits,1
  25              		.align	2
  26              	.LC0:
  27 0000 30656435 		.ascii	"0ed522174443f22a53427adc8fc9e6595bed408e\000"
  27      32323137 
  27      34343433 
  27      66323261 
  27      35333432 
  28 0029 000000   		.text
  29              	.Letext0:
  30              		.file 1 "gitversion.c"
  31              		.section	.debug_info,"",%progbits
  32              	.Ldebug_info0:
  33 0000 3D000000 		.4byte	0x3d
  34 0004 0400     		.2byte	0x4
  35 0006 00000000 		.4byte	.Ldebug_abbrev0
  36 000a 04       		.byte	0x4
  37 000b 01       		.uleb128 0x1
  38 000c 0B000000 		.4byte	.LASF0
  39 0010 01       		.byte	0x1
  40 0011 0A010000 		.4byte	.LASF1
  41 0015 17010000 		.4byte	.LASF2
  42 0019 00000000 		.4byte	.Ldebug_line0
  43 001d 02       		.uleb128 0x2
  44 001e 00000000 		.4byte	.LASF3
  45 0022 01       		.byte	0x1
  46 0023 01       		.byte	0x1
  47 0024 2E000000 		.4byte	0x2e
  48 0028 05       		.uleb128 0x5
  49 0029 03       		.byte	0x3
  50 002a 00000000 		.4byte	gitversion
  51 002e 03       		.uleb128 0x3
  52 002f 04       		.byte	0x4
  53 0030 34000000 		.4byte	0x34
ARM GAS  /tmp/cczQz6eA.s 			page 2


  54 0034 04       		.uleb128 0x4
  55 0035 39000000 		.4byte	0x39
  56 0039 05       		.uleb128 0x5
  57 003a 01       		.byte	0x1
  58 003b 08       		.byte	0x8
  59 003c 3F010000 		.4byte	.LASF4
  60 0040 00       		.byte	0
  61              		.section	.debug_abbrev,"",%progbits
  62              	.Ldebug_abbrev0:
  63 0000 01       		.uleb128 0x1
  64 0001 11       		.uleb128 0x11
  65 0002 01       		.byte	0x1
  66 0003 25       		.uleb128 0x25
  67 0004 0E       		.uleb128 0xe
  68 0005 13       		.uleb128 0x13
  69 0006 0B       		.uleb128 0xb
  70 0007 03       		.uleb128 0x3
  71 0008 0E       		.uleb128 0xe
  72 0009 1B       		.uleb128 0x1b
  73 000a 0E       		.uleb128 0xe
  74 000b 10       		.uleb128 0x10
  75 000c 17       		.uleb128 0x17
  76 000d 00       		.byte	0
  77 000e 00       		.byte	0
  78 000f 02       		.uleb128 0x2
  79 0010 34       		.uleb128 0x34
  80 0011 00       		.byte	0
  81 0012 03       		.uleb128 0x3
  82 0013 0E       		.uleb128 0xe
  83 0014 3A       		.uleb128 0x3a
  84 0015 0B       		.uleb128 0xb
  85 0016 3B       		.uleb128 0x3b
  86 0017 0B       		.uleb128 0xb
  87 0018 49       		.uleb128 0x49
  88 0019 13       		.uleb128 0x13
  89 001a 3F       		.uleb128 0x3f
  90 001b 19       		.uleb128 0x19
  91 001c 02       		.uleb128 0x2
  92 001d 18       		.uleb128 0x18
  93 001e 00       		.byte	0
  94 001f 00       		.byte	0
  95 0020 03       		.uleb128 0x3
  96 0021 0F       		.uleb128 0xf
  97 0022 00       		.byte	0
  98 0023 0B       		.uleb128 0xb
  99 0024 0B       		.uleb128 0xb
 100 0025 49       		.uleb128 0x49
 101 0026 13       		.uleb128 0x13
 102 0027 00       		.byte	0
 103 0028 00       		.byte	0
 104 0029 04       		.uleb128 0x4
 105 002a 26       		.uleb128 0x26
 106 002b 00       		.byte	0
 107 002c 49       		.uleb128 0x49
 108 002d 13       		.uleb128 0x13
 109 002e 00       		.byte	0
 110 002f 00       		.byte	0
ARM GAS  /tmp/cczQz6eA.s 			page 3


 111 0030 05       		.uleb128 0x5
 112 0031 24       		.uleb128 0x24
 113 0032 00       		.byte	0
 114 0033 0B       		.uleb128 0xb
 115 0034 0B       		.uleb128 0xb
 116 0035 3E       		.uleb128 0x3e
 117 0036 0B       		.uleb128 0xb
 118 0037 03       		.uleb128 0x3
 119 0038 0E       		.uleb128 0xe
 120 0039 00       		.byte	0
 121 003a 00       		.byte	0
 122 003b 00       		.byte	0
 123              		.section	.debug_aranges,"",%progbits
 124 0000 14000000 		.4byte	0x14
 125 0004 0200     		.2byte	0x2
 126 0006 00000000 		.4byte	.Ldebug_info0
 127 000a 04       		.byte	0x4
 128 000b 00       		.byte	0
 129 000c 0000     		.2byte	0
 130 000e 0000     		.2byte	0
 131 0010 00000000 		.4byte	0
 132 0014 00000000 		.4byte	0
 133              		.section	.debug_line,"",%progbits
 134              	.Ldebug_line0:
 135 0000 29000000 		.section	.debug_str,"MS",%progbits,1
 135      02002300 
 135      00000201 
 135      FB0E0D00 
 135      01010101 
 136              	.LASF3:
 137 0000 67697476 		.ascii	"gitversion\000"
 137      65727369 
 137      6F6E00
 138              	.LASF0:
 139 000b 474E5520 		.ascii	"GNU C 4.9.2 -mcpu=cortex-m0 -mfloat-abi=soft -mfp16"
 139      4320342E 
 139      392E3220 
 139      2D6D6370 
 139      753D636F 
 140 003e 2D666F72 		.ascii	"-format=none -mno-thumb-interwork -mthumb -mfloat-a"
 140      6D61743D 
 140      6E6F6E65 
 140      202D6D6E 
 140      6F2D7468 
 141 0071 62693D73 		.ascii	"bi=soft -mfpu=vfpv3-d16 -mtls-dialect=gnu -ggdb -O3"
 141      6F667420 
 141      2D6D6670 
 141      753D7666 
 141      7076332D 
 142 00a4 202D7374 		.ascii	" -std=gnu99 -fomit-frame-pointer -falign-functions="
 142      643D676E 
 142      75393920 
 142      2D666F6D 
 142      69742D66 
 143 00d7 3136202D 		.ascii	"16 -ffunction-sections -fdata-sections -fno-common\000"
 143      6666756E 
 143      6374696F 
ARM GAS  /tmp/cczQz6eA.s 			page 4


 143      6E2D7365 
 143      6374696F 
 144              	.LASF1:
 145 010a 67697476 		.ascii	"gitversion.c\000"
 145      65727369 
 145      6F6E2E63 
 145      00
 146              	.LASF2:
 147 0117 2F686F6D 		.ascii	"/home/bunnie/code/chibi-chibios/orchard\000"
 147      652F6275 
 147      6E6E6965 
 147      2F636F64 
 147      652F6368 
 148              	.LASF4:
 149 013f 63686172 		.ascii	"char\000"
 149      00
 150              		.ident	"GCC: (Debian 4.9.2-10) 4.9.2"
 151              		.section	.note.GNU-stack,"",%progbits
ARM GAS  /tmp/cczQz6eA.s 			page 5


DEFINED SYMBOLS
                            *ABS*:00000000 gitversion.c
     /tmp/cczQz6eA.s:22     .data.gitversion:00000000 gitversion
     /tmp/cczQz6eA.s:19     .data.gitversion:00000000 $d
     /tmp/cczQz6eA.s:25     .rodata.str1.4:00000000 $d

NO UNDEFINED SYMBOLS
