ARM GAS  /tmp/ccsMGCxK.s 			page 1


   1              		.cpu cortex-m0
   2              		.fpu softvfp
   3              		.eabi_attribute 20, 1
   4              		.eabi_attribute 21, 1
   5              		.eabi_attribute 23, 3
   6              		.eabi_attribute 24, 1
   7              		.eabi_attribute 25, 1
   8              		.eabi_attribute 26, 2
   9              		.eabi_attribute 30, 2
  10              		.eabi_attribute 34, 0
  11              		.eabi_attribute 18, 4
  12              		.code	16
  13              		.file	"mac.c"
  14              		.text
  15              	.Ltext0:
  16              		.cfi_sections	.debug_frame
  17              		.section	.text.putBitMac,"ax",%progbits
  18              		.align	2
  19              		.p2align 4,,15
  20              		.global	putBitMac
  21              		.code	16
  22              		.thumb_func
  23              		.type	putBitMac, %function
  24              	putBitMac:
  25              	.LFB81:
  26              		.file 1 "mac.c"
  27              		.loc 1 26 0
  28              		.cfi_startproc
  29              	.LVL0:
  30              		.loc 1 28 0
  31 0000 524A     		ldr	r2, .L37
  32              		.loc 1 26 0
  33 0002 70B5     		push	{r4, r5, r6, lr}
  34              		.cfi_def_cfa_offset 16
  35              		.cfi_offset 4, -16
  36              		.cfi_offset 5, -12
  37              		.cfi_offset 6, -8
  38              		.cfi_offset 14, -4
  39              		.loc 1 28 0
  40 0004 1368     		ldr	r3, [r2]
  41 0006 012B     		cmp	r3, #1
  42 0008 31D0     		beq	.L3
  43 000a 002B     		cmp	r3, #0
  44 000c 24D0     		beq	.L4
  45 000e 022B     		cmp	r3, #2
  46 0010 21D1     		bne	.L1
  47              		.loc 1 84 0
  48 0012 4F4B     		ldr	r3, .L37+4
  49 0014 4F49     		ldr	r1, .L37+8
  50 0016 1C88     		ldrh	r4, [r3]
  51 0018 0D88     		ldrh	r5, [r1]
  52 001a A542     		cmp	r5, r4
  53 001c 54D9     		bls	.L14
  54              		.loc 1 85 0
  55 001e 1C88     		ldrh	r4, [r3]
  56 0020 012C     		cmp	r4, #1
  57 0022 69D0     		beq	.L32
ARM GAS  /tmp/ccsMGCxK.s 			page 2


  58              	.L15:
  59              		.loc 1 104 0
  60 0024 4C49     		ldr	r1, .L37+12
  61              		.loc 1 105 0
  62 0026 4D4D     		ldr	r5, .L37+16
  63              		.loc 1 104 0
  64 0028 0A78     		ldrb	r2, [r1]
  65              		.loc 1 105 0
  66 002a 2C68     		ldr	r4, [r5]
  67              		.loc 1 104 0
  68 002c 5208     		lsr	r2, r2, #1
  69              		.loc 1 105 0
  70 002e 013C     		sub	r4, r4, #1
  71              		.loc 1 104 0
  72 0030 0A70     		strb	r2, [r1]
  73              		.loc 1 105 0
  74 0032 2C60     		str	r4, [r5]
  75              		.loc 1 106 0
  76 0034 0028     		cmp	r0, #0
  77 0036 02D0     		beq	.L18
  78              		.loc 1 107 0
  79 0038 8020     		mov	r0, #128
  80              	.LVL1:
  81 003a 0243     		orr	r2, r0
  82 003c 0A70     		strb	r2, [r1]
  83              	.L18:
  84              		.loc 1 109 0
  85 003e 002C     		cmp	r4, #0
  86 0040 09D1     		bne	.L1
  87              		.loc 1 110 0
  88 0042 1888     		ldrh	r0, [r3]
  89              		.loc 1 112 0
  90 0044 0C70     		strb	r4, [r1]
  91              		.loc 1 110 0
  92 0046 80B2     		uxth	r0, r0
  93 0048 461C     		add	r6, r0, #1
  94 004a B6B2     		uxth	r6, r6
  95 004c 1E80     		strh	r6, [r3]
  96 004e 444B     		ldr	r3, .L37+20
  97 0050 1A54     		strb	r2, [r3, r0]
  98              		.loc 1 111 0
  99 0052 0823     		mov	r3, #8
 100 0054 2B60     		str	r3, [r5]
 101              	.L1:
 102              		.loc 1 124 0
 103              		@ sp needed
 104 0056 70BD     		pop	{r4, r5, r6, pc}
 105              	.LVL2:
 106              	.L4:
 107              		.loc 1 31 0
 108 0058 424C     		ldr	r4, .L37+24
 109 005a 2178     		ldrb	r1, [r4]
 110 005c 2029     		cmp	r1, #32
 111 005e 2FD9     		bls	.L6
 112              		.loc 1 32 0
 113 0060 0028     		cmp	r0, #0
 114 0062 3ED1     		bne	.L33
ARM GAS  /tmp/ccsMGCxK.s 			page 3


 115              		.loc 1 38 0
 116 0064 FF29     		cmp	r1, #255
 117 0066 F6D0     		beq	.L1
 118              	.L9:
 119              		.loc 1 45 0
 120 0068 0131     		add	r1, r1, #1
 121 006a 2170     		strb	r1, [r4]
 122 006c F3E7     		b	.L1
 123              	.L3:
 124              		.loc 1 51 0
 125 006e 3A49     		ldr	r1, .L37+12
 126              		.loc 1 52 0
 127 0070 3A4D     		ldr	r5, .L37+16
 128              		.loc 1 51 0
 129 0072 0B78     		ldrb	r3, [r1]
 130              		.loc 1 52 0
 131 0074 2C68     		ldr	r4, [r5]
 132              		.loc 1 51 0
 133 0076 5B08     		lsr	r3, r3, #1
 134              		.loc 1 52 0
 135 0078 013C     		sub	r4, r4, #1
 136              		.loc 1 51 0
 137 007a 0B70     		strb	r3, [r1]
 138              		.loc 1 52 0
 139 007c 2C60     		str	r4, [r5]
 140              		.loc 1 53 0
 141 007e 0028     		cmp	r0, #0
 142 0080 05D0     		beq	.L10
 143              		.loc 1 54 0
 144 0082 8020     		mov	r0, #128
 145              	.LVL3:
 146 0084 0343     		orr	r3, r0
 147 0086 0B70     		strb	r3, [r1]
 148              		.loc 1 56 0
 149 0088 002C     		cmp	r4, #0
 150 008a 04D0     		beq	.L11
 151 008c E3E7     		b	.L1
 152              	.LVL4:
 153              	.L10:
 154 008e 002C     		cmp	r4, #0
 155 0090 E1D1     		bne	.L1
 156              		.loc 1 57 0
 157 0092 002B     		cmp	r3, #0
 158 0094 20D0     		beq	.L34
 159              	.LVL5:
 160              	.L11:
 161              		.loc 1 63 0
 162 0096 344E     		ldr	r6, .L37+28
 163 0098 3478     		ldrb	r4, [r6]
 164 009a 601C     		add	r0, r4, #1
 165 009c C0B2     		uxtb	r0, r0
 166 009e 3070     		strb	r0, [r6]
 167 00a0 324E     		ldr	r6, .L37+32
 168 00a2 3355     		strb	r3, [r6, r4]
 169              		.loc 1 64 0
 170 00a4 0823     		mov	r3, #8
 171 00a6 2B60     		str	r3, [r5]
ARM GAS  /tmp/ccsMGCxK.s 			page 4


 172              		.loc 1 65 0
 173 00a8 0023     		mov	r3, #0
 174 00aa 0B70     		strb	r3, [r1]
 175              		.loc 1 66 0
 176 00ac 0328     		cmp	r0, #3
 177 00ae D2D1     		bne	.L1
 178              		.loc 1 69 0
 179 00b0 3178     		ldrb	r1, [r6]
 180 00b2 AA29     		cmp	r1, #170
 181 00b4 2FD0     		beq	.L35
 182              	.L13:
 183              		.loc 1 76 0
 184 00b6 0023     		mov	r3, #0
 185 00b8 1360     		str	r3, [r2]
 186              		.loc 1 77 0
 187 00ba 2A4A     		ldr	r2, .L37+24
 188 00bc 1370     		strb	r3, [r2]
 189 00be CAE7     		b	.L1
 190              	.LVL6:
 191              	.L6:
 192              		.loc 1 42 0
 193 00c0 0028     		cmp	r0, #0
 194 00c2 D1D0     		beq	.L9
 195              		.loc 1 43 0
 196 00c4 2370     		strb	r3, [r4]
 197 00c6 C6E7     		b	.L1
 198              	.L14:
 199              		.loc 1 115 0
 200 00c8 0023     		mov	r3, #0
 201              		.loc 1 116 0
 202 00ca 0121     		mov	r1, #1
 203              		.loc 1 115 0
 204 00cc 1360     		str	r3, [r2]
 205              		.loc 1 116 0
 206 00ce 284A     		ldr	r2, .L37+36
 207 00d0 1170     		strb	r1, [r2]
 208              		.loc 1 117 0
 209 00d2 244A     		ldr	r2, .L37+24
 210 00d4 1370     		strb	r3, [r2]
 211 00d6 BEE7     		b	.L1
 212              	.L34:
 213              		.loc 1 58 0
 214 00d8 1360     		str	r3, [r2]
 215              		.loc 1 59 0
 216 00da 0822     		mov	r2, #8
 217 00dc 214B     		ldr	r3, .L37+24
 218 00de 1A70     		strb	r2, [r3]
 219              		.loc 1 60 0
 220 00e0 B9E7     		b	.L1
 221              	.L33:
 222              		.loc 1 33 0
 223 00e2 0121     		mov	r1, #1
 224 00e4 1160     		str	r1, [r2]
 225              		.loc 1 34 0
 226 00e6 0621     		mov	r1, #6
 227 00e8 1C4A     		ldr	r2, .L37+16
 228 00ea 1160     		str	r1, [r2]
ARM GAS  /tmp/ccsMGCxK.s 			page 5


 229              		.loc 1 35 0
 230 00ec 8021     		mov	r1, #128
 231 00ee 1A4A     		ldr	r2, .L37+12
 232 00f0 1170     		strb	r1, [r2]
 233              		.loc 1 36 0
 234 00f2 1D4A     		ldr	r2, .L37+28
 235 00f4 1370     		strb	r3, [r2]
 236 00f6 AEE7     		b	.L1
 237              	.L32:
 238              		.loc 1 86 0
 239 00f8 194C     		ldr	r4, .L37+20
 240 00fa 2478     		ldrb	r4, [r4]
 241 00fc 65B2     		sxtb	r5, r4
 242 00fe 002D     		cmp	r5, #0
 243 0100 17DB     		blt	.L36
 244              		.loc 1 96 0
 245 0102 012C     		cmp	r4, #1
 246 0104 00D1     		bne	.LCB192
 247 0106 8DE7     		b	.L15	@long jump
 248              	.LCB192:
 249              		.loc 1 98 0
 250 0108 0021     		mov	r1, #0
 251 010a 1160     		str	r1, [r2]
 252              		.loc 1 99 0
 253 010c 184A     		ldr	r2, .L37+36
 254 010e 1170     		strb	r1, [r2]
 255              		.loc 1 100 0
 256 0110 144A     		ldr	r2, .L37+24
 257 0112 1170     		strb	r1, [r2]
 258 0114 86E7     		b	.L15
 259              	.LVL7:
 260              	.L35:
 261              		.loc 1 69 0 discriminator 1
 262 0116 7178     		ldrb	r1, [r6, #1]
 263 0118 5529     		cmp	r1, #85
 264 011a CCD1     		bne	.L13
 265              		.loc 1 69 0 is_stmt 0 discriminator 2
 266 011c 4221     		mov	r1, #66
 267 011e B170     		strb	r1, [r6, #2]
 268              		.loc 1 72 0 is_stmt 1 discriminator 2
 269 0120 0221     		mov	r1, #2
 270 0122 1160     		str	r1, [r2]
 271              		.loc 1 73 0 discriminator 2
 272 0124 0A4A     		ldr	r2, .L37+4
 273 0126 1380     		strh	r3, [r2]
 274              		.loc 1 74 0 discriminator 2
 275 0128 0822     		mov	r2, #8
 276 012a 0A4B     		ldr	r3, .L37+8
 277 012c FF32     		add	r2, r2, #255
 278 012e 1A80     		strh	r2, [r3]
 279 0130 91E7     		b	.L1
 280              	.LVL8:
 281              	.L36:
 282              		.loc 1 87 0
 283 0132 8025     		mov	r5, #128
 284 0134 AC43     		bic	r4, r5
 285 0136 012C     		cmp	r4, #1
ARM GAS  /tmp/ccsMGCxK.s 			page 6


 286 0138 05D0     		beq	.L17
 287              		.loc 1 89 0
 288 013a 0024     		mov	r4, #0
 289 013c 1460     		str	r4, [r2]
 290              		.loc 1 90 0
 291 013e 0C4A     		ldr	r2, .L37+36
 292 0140 1470     		strb	r4, [r2]
 293              		.loc 1 91 0
 294 0142 084A     		ldr	r2, .L37+24
 295 0144 1470     		strb	r4, [r2]
 296              	.L17:
 297              		.loc 1 93 0
 298 0146 1D22     		mov	r2, #29
 299 0148 0A80     		strh	r2, [r1]
 300 014a 6BE7     		b	.L15
 301              	.L38:
 302              		.align	2
 303              	.L37:
 304 014c 00000000 		.word	.LANCHOR0
 305 0150 00000000 		.word	.LANCHOR6
 306 0154 00000000 		.word	.LANCHOR7
 307 0158 00000000 		.word	.LANCHOR3
 308 015c 00000000 		.word	.LANCHOR2
 309 0160 00000000 		.word	.LANCHOR8
 310 0164 00000000 		.word	.LANCHOR1
 311 0168 00000000 		.word	.LANCHOR4
 312 016c 00000000 		.word	.LANCHOR5
 313 0170 00000000 		.word	.LANCHOR9
 314              		.cfi_endproc
 315              	.LFE81:
 316              		.size	putBitMac, .-putBitMac
 317              		.global	pktReady
 318              		.global	pktBuf
 319              		.global	pktPtr
 320 0174 C046C046 		.section	.bss.pktBuf,"aw",%nobits
 320      C046C046 
 320      C046C046 
 321              		.align	2
 322              	.LANCHOR8 = . + 0
 323              		.type	pktBuf, %object
 324              		.size	pktBuf, 263
 325              	pktBuf:
 326 0000 00000000 		.space	263
 326      00000000 
 326      00000000 
 326      00000000 
 326      00000000 
 327 0107 00       		.section	.bss.mac_sync,"aw",%nobits
 328              		.align	2
 329              	.LANCHOR5 = . + 0
 330              		.type	mac_sync, %object
 331              		.size	mac_sync, 4
 332              	mac_sync:
 333 0000 00000000 		.space	4
 334              		.section	.bss.wordcnt,"aw",%nobits
 335              	.LANCHOR4 = . + 0
 336              		.type	wordcnt, %object
ARM GAS  /tmp/ccsMGCxK.s 			page 7


 337              		.size	wordcnt, 1
 338              	wordcnt:
 339 0000 00       		.space	1
 340              		.section	.data.pkt_len,"aw",%progbits
 341              		.align	1
 342              	.LANCHOR7 = . + 0
 343              		.type	pkt_len, %object
 344              		.size	pkt_len, 2
 345              	pkt_len:
 346 0000 0701     		.short	263
 347              		.section	.data.g_bitpos,"aw",%progbits
 348              		.align	2
 349              	.LANCHOR2 = . + 0
 350              		.type	g_bitpos, %object
 351              		.size	g_bitpos, 4
 352              	g_bitpos:
 353 0000 09000000 		.word	9
 354              		.section	.bss.pktPtr,"aw",%nobits
 355              		.align	1
 356              	.LANCHOR6 = . + 0
 357              		.type	pktPtr, %object
 358              		.size	pktPtr, 2
 359              	pktPtr:
 360 0000 0000     		.space	2
 361              		.section	.bss.pktReady,"aw",%nobits
 362              	.LANCHOR9 = . + 0
 363              		.type	pktReady, %object
 364              		.size	pktReady, 1
 365              	pktReady:
 366 0000 00       		.space	1
 367              		.section	.bss.idle_zeros,"aw",%nobits
 368              	.LANCHOR1 = . + 0
 369              		.type	idle_zeros, %object
 370              		.size	idle_zeros, 1
 371              	idle_zeros:
 372 0000 00       		.space	1
 373              		.section	.bss.g_curbyte,"aw",%nobits
 374              	.LANCHOR3 = . + 0
 375              		.type	g_curbyte, %object
 376              		.size	g_curbyte, 1
 377              	g_curbyte:
 378 0000 00       		.space	1
 379              		.section	.bss.mstate,"aw",%nobits
 380              		.align	2
 381              	.LANCHOR0 = . + 0
 382              		.type	mstate, %object
 383              		.size	mstate, 4
 384              	mstate:
 385 0000 00000000 		.space	4
 386              		.text
 387              	.Letext0:
 388              		.file 2 "../os/nil/include/nil.h"
 389              		.file 3 "/usr/include/stdint.h"
 390              		.file 4 "../os/nil/ports/ARMCMx/compilers/GCC/niltypes.h"
 391              		.file 5 "../os/nil/ports/ARMCMx/nilcore.h"
 392              		.file 6 "../os/nil/ports/ARMCMx/nilcore_v6m.h"
 393              		.section	.debug_info,"",%progbits
ARM GAS  /tmp/ccsMGCxK.s 			page 8


 394              	.Ldebug_info0:
 395 0000 3C040000 		.4byte	0x43c
 396 0004 0400     		.2byte	0x4
 397 0006 00000000 		.4byte	.Ldebug_abbrev0
 398 000a 04       		.byte	0x4
 399 000b 01       		.uleb128 0x1
 400 000c 91000000 		.4byte	.LASF57
 401 0010 01       		.byte	0x1
 402 0011 AD020000 		.4byte	.LASF58
 403 0015 0E030000 		.4byte	.LASF59
 404 0019 00000000 		.4byte	.Ldebug_ranges0+0
 405 001d 00000000 		.4byte	0
 406 0021 00000000 		.4byte	.Ldebug_line0
 407 0025 02       		.uleb128 0x2
 408 0026 00000000 		.4byte	.LASF8
 409 002a 02       		.byte	0x2
 410 002b 25       		.byte	0x25
 411 002c 30000000 		.4byte	0x30
 412 0030 03       		.uleb128 0x3
 413 0031 86000000 		.4byte	.LASF26
 414 0035 18       		.byte	0x18
 415 0036 02       		.byte	0x2
 416 0037 6201     		.2byte	0x162
 417 0039 8B000000 		.4byte	0x8b
 418 003d 04       		.uleb128 0x4
 419 003e 09020000 		.4byte	.LASF0
 420 0042 02       		.byte	0x2
 421 0043 6301     		.2byte	0x163
 422 0045 84020000 		.4byte	0x284
 423 0049 00       		.byte	0
 424 004a 04       		.uleb128 0x4
 425 004b 19000000 		.4byte	.LASF1
 426 004f 02       		.byte	0x2
 427 0050 6401     		.2byte	0x164
 428 0052 FA000000 		.4byte	0xfa
 429 0056 04       		.byte	0x4
 430 0057 05       		.uleb128 0x5
 431 0058 753100   		.ascii	"u1\000"
 432 005b 02       		.byte	0x2
 433 005c 6F01     		.2byte	0x16f
 434 005e 34020000 		.4byte	0x234
 435 0062 08       		.byte	0x8
 436 0063 04       		.uleb128 0x4
 437 0064 63030000 		.4byte	.LASF2
 438 0068 02       		.byte	0x2
 439 0069 7001     		.2byte	0x170
 440 006b 8A020000 		.4byte	0x28a
 441 006f 0C       		.byte	0xc
 442 0070 04       		.uleb128 0x4
 443 0071 09000000 		.4byte	.LASF3
 444 0075 02       		.byte	0x2
 445 0076 7301     		.2byte	0x173
 446 0078 10010000 		.4byte	0x110
 447 007c 10       		.byte	0x10
 448 007d 04       		.uleb128 0x4
 449 007e 4D030000 		.4byte	.LASF4
 450 0082 02       		.byte	0x2
ARM GAS  /tmp/ccsMGCxK.s 			page 9


 451 0083 7601     		.2byte	0x176
 452 0085 0A020000 		.4byte	0x20a
 453 0089 14       		.byte	0x14
 454 008a 00       		.byte	0
 455 008b 06       		.uleb128 0x6
 456 008c 04       		.byte	0x4
 457 008d 05       		.byte	0x5
 458 008e 696E7400 		.ascii	"int\000"
 459 0092 07       		.uleb128 0x7
 460 0093 04       		.byte	0x4
 461 0094 07       		.byte	0x7
 462 0095 6B020000 		.4byte	.LASF5
 463 0099 07       		.uleb128 0x7
 464 009a 01       		.byte	0x1
 465 009b 06       		.byte	0x6
 466 009c 36020000 		.4byte	.LASF6
 467 00a0 07       		.uleb128 0x7
 468 00a1 02       		.byte	0x2
 469 00a2 05       		.byte	0x5
 470 00a3 29000000 		.4byte	.LASF7
 471 00a7 02       		.uleb128 0x2
 472 00a8 C2020000 		.4byte	.LASF9
 473 00ac 03       		.byte	0x3
 474 00ad 26       		.byte	0x26
 475 00ae 8B000000 		.4byte	0x8b
 476 00b2 07       		.uleb128 0x7
 477 00b3 08       		.byte	0x8
 478 00b4 05       		.byte	0x5
 479 00b5 6C000000 		.4byte	.LASF10
 480 00b9 02       		.uleb128 0x2
 481 00ba 99010000 		.4byte	.LASF11
 482 00be 03       		.byte	0x3
 483 00bf 30       		.byte	0x30
 484 00c0 C4000000 		.4byte	0xc4
 485 00c4 07       		.uleb128 0x7
 486 00c5 01       		.byte	0x1
 487 00c6 08       		.byte	0x8
 488 00c7 0E020000 		.4byte	.LASF12
 489 00cb 02       		.uleb128 0x2
 490 00cc 78020000 		.4byte	.LASF13
 491 00d0 03       		.byte	0x3
 492 00d1 31       		.byte	0x31
 493 00d2 D6000000 		.4byte	0xd6
 494 00d6 07       		.uleb128 0x7
 495 00d7 02       		.byte	0x2
 496 00d8 07       		.byte	0x7
 497 00d9 9A020000 		.4byte	.LASF14
 498 00dd 02       		.uleb128 0x2
 499 00de 62020000 		.4byte	.LASF15
 500 00e2 03       		.byte	0x3
 501 00e3 33       		.byte	0x33
 502 00e4 92000000 		.4byte	0x92
 503 00e8 02       		.uleb128 0x2
 504 00e9 42020000 		.4byte	.LASF16
 505 00ed 03       		.byte	0x3
 506 00ee 3A       		.byte	0x3a
 507 00ef F3000000 		.4byte	0xf3
ARM GAS  /tmp/ccsMGCxK.s 			page 10


 508 00f3 07       		.uleb128 0x7
 509 00f4 08       		.byte	0x8
 510 00f5 07       		.byte	0x7
 511 00f6 4B020000 		.4byte	.LASF17
 512 00fa 02       		.uleb128 0x2
 513 00fb 05030000 		.4byte	.LASF18
 514 00ff 04       		.byte	0x4
 515 0100 37       		.byte	0x37
 516 0101 B9000000 		.4byte	0xb9
 517 0105 02       		.uleb128 0x2
 518 0106 5D030000 		.4byte	.LASF19
 519 010a 04       		.byte	0x4
 520 010b 38       		.byte	0x38
 521 010c A7000000 		.4byte	0xa7
 522 0110 02       		.uleb128 0x2
 523 0111 7A000000 		.4byte	.LASF20
 524 0115 04       		.byte	0x4
 525 0116 39       		.byte	0x39
 526 0117 DD000000 		.4byte	0xdd
 527 011b 02       		.uleb128 0x2
 528 011c CA020000 		.4byte	.LASF21
 529 0120 04       		.byte	0x4
 530 0121 3A       		.byte	0x3a
 531 0122 A7000000 		.4byte	0xa7
 532 0126 02       		.uleb128 0x2
 533 0127 B3020000 		.4byte	.LASF22
 534 012b 04       		.byte	0x4
 535 012c 41       		.byte	0x41
 536 012d DD000000 		.4byte	0xdd
 537 0131 07       		.uleb128 0x7
 538 0132 04       		.byte	0x4
 539 0133 07       		.byte	0x7
 540 0134 3A000000 		.4byte	.LASF23
 541 0138 08       		.uleb128 0x8
 542 0139 B9000000 		.4byte	0xb9
 543 013d 48010000 		.4byte	0x148
 544 0141 09       		.uleb128 0x9
 545 0142 31010000 		.4byte	0x131
 546 0146 03       		.byte	0x3
 547 0147 00       		.byte	0
 548 0148 02       		.uleb128 0x2
 549 0149 90010000 		.4byte	.LASF24
 550 014d 05       		.byte	0x5
 551 014e 65       		.byte	0x65
 552 014f 53010000 		.4byte	0x153
 553 0153 0A       		.uleb128 0xa
 554 0154 04       		.byte	0x4
 555 0155 02       		.uleb128 0x2
 556 0156 D6020000 		.4byte	.LASF25
 557 015a 05       		.byte	0x5
 558 015b 6D       		.byte	0x6d
 559 015c E8000000 		.4byte	0xe8
 560 0160 0B       		.uleb128 0xb
 561 0161 E1020000 		.4byte	.LASF27
 562 0165 24       		.byte	0x24
 563 0166 06       		.byte	0x6
 564 0167 A4       		.byte	0xa4
ARM GAS  /tmp/ccsMGCxK.s 			page 11


 565 0168 D2010000 		.4byte	0x1d2
 566 016c 0C       		.uleb128 0xc
 567 016d 723800   		.ascii	"r8\000"
 568 0170 06       		.byte	0x6
 569 0171 A5       		.byte	0xa5
 570 0172 48010000 		.4byte	0x148
 571 0176 00       		.byte	0
 572 0177 0C       		.uleb128 0xc
 573 0178 723900   		.ascii	"r9\000"
 574 017b 06       		.byte	0x6
 575 017c A6       		.byte	0xa6
 576 017d 48010000 		.4byte	0x148
 577 0181 04       		.byte	0x4
 578 0182 0C       		.uleb128 0xc
 579 0183 72313000 		.ascii	"r10\000"
 580 0187 06       		.byte	0x6
 581 0188 A7       		.byte	0xa7
 582 0189 48010000 		.4byte	0x148
 583 018d 08       		.byte	0x8
 584 018e 0C       		.uleb128 0xc
 585 018f 72313100 		.ascii	"r11\000"
 586 0193 06       		.byte	0x6
 587 0194 A8       		.byte	0xa8
 588 0195 48010000 		.4byte	0x148
 589 0199 0C       		.byte	0xc
 590 019a 0C       		.uleb128 0xc
 591 019b 723400   		.ascii	"r4\000"
 592 019e 06       		.byte	0x6
 593 019f A9       		.byte	0xa9
 594 01a0 48010000 		.4byte	0x148
 595 01a4 10       		.byte	0x10
 596 01a5 0C       		.uleb128 0xc
 597 01a6 723500   		.ascii	"r5\000"
 598 01a9 06       		.byte	0x6
 599 01aa AA       		.byte	0xaa
 600 01ab 48010000 		.4byte	0x148
 601 01af 14       		.byte	0x14
 602 01b0 0C       		.uleb128 0xc
 603 01b1 723600   		.ascii	"r6\000"
 604 01b4 06       		.byte	0x6
 605 01b5 AB       		.byte	0xab
 606 01b6 48010000 		.4byte	0x148
 607 01ba 18       		.byte	0x18
 608 01bb 0C       		.uleb128 0xc
 609 01bc 723700   		.ascii	"r7\000"
 610 01bf 06       		.byte	0x6
 611 01c0 AC       		.byte	0xac
 612 01c1 48010000 		.4byte	0x148
 613 01c5 1C       		.byte	0x1c
 614 01c6 0C       		.uleb128 0xc
 615 01c7 6C7200   		.ascii	"lr\000"
 616 01ca 06       		.byte	0x6
 617 01cb AD       		.byte	0xad
 618 01cc 48010000 		.4byte	0x148
 619 01d0 20       		.byte	0x20
 620 01d1 00       		.byte	0
 621 01d2 0D       		.uleb128 0xd
ARM GAS  /tmp/ccsMGCxK.s 			page 12


 622 01d3 36030000 		.4byte	.LASF28
 623 01d7 02       		.byte	0x2
 624 01d8 3701     		.2byte	0x137
 625 01da 60010000 		.4byte	0x160
 626 01de 0D       		.uleb128 0xd
 627 01df BF010000 		.4byte	.LASF29
 628 01e3 02       		.byte	0x2
 629 01e4 3C01     		.2byte	0x13c
 630 01e6 EA010000 		.4byte	0x1ea
 631 01ea 03       		.uleb128 0x3
 632 01eb EB010000 		.4byte	.LASF30
 633 01ef 04       		.byte	0x4
 634 01f0 02       		.byte	0x2
 635 01f1 4101     		.2byte	0x141
 636 01f3 05020000 		.4byte	0x205
 637 01f7 05       		.uleb128 0x5
 638 01f8 636E7400 		.ascii	"cnt\000"
 639 01fc 02       		.byte	0x2
 640 01fd 4201     		.2byte	0x142
 641 01ff 05020000 		.4byte	0x205
 642 0203 00       		.byte	0
 643 0204 00       		.byte	0
 644 0205 0E       		.uleb128 0xe
 645 0206 1B010000 		.4byte	0x11b
 646 020a 0F       		.uleb128 0xf
 647 020b 04       		.byte	0x4
 648 020c 55010000 		.4byte	0x155
 649 0210 0F       		.uleb128 0xf
 650 0211 04       		.byte	0x4
 651 0212 16020000 		.4byte	0x216
 652 0216 10       		.uleb128 0x10
 653 0217 1B020000 		.4byte	0x21b
 654 021b 07       		.uleb128 0x7
 655 021c 01       		.byte	0x1
 656 021d 08       		.byte	0x8
 657 021e BD020000 		.4byte	.LASF31
 658 0222 0D       		.uleb128 0xd
 659 0223 F2020000 		.4byte	.LASF32
 660 0227 02       		.byte	0x2
 661 0228 5D01     		.2byte	0x15d
 662 022a 2E020000 		.4byte	0x22e
 663 022e 0F       		.uleb128 0xf
 664 022f 04       		.byte	0x4
 665 0230 25000000 		.4byte	0x25
 666 0234 11       		.uleb128 0x11
 667 0235 04       		.byte	0x4
 668 0236 02       		.byte	0x2
 669 0237 6701     		.2byte	0x167
 670 0239 78020000 		.4byte	0x278
 671 023d 12       		.uleb128 0x12
 672 023e 6D736700 		.ascii	"msg\000"
 673 0242 02       		.byte	0x2
 674 0243 6801     		.2byte	0x168
 675 0245 05010000 		.4byte	0x105
 676 0249 12       		.uleb128 0x12
 677 024a 7000     		.ascii	"p\000"
 678 024c 02       		.byte	0x2
ARM GAS  /tmp/ccsMGCxK.s 			page 13


 679 024d 6901     		.2byte	0x169
 680 024f 53010000 		.4byte	0x153
 681 0253 12       		.uleb128 0x12
 682 0254 74727000 		.ascii	"trp\000"
 683 0258 02       		.byte	0x2
 684 0259 6A01     		.2byte	0x16a
 685 025b 78020000 		.4byte	0x278
 686 025f 13       		.uleb128 0x13
 687 0260 ED020000 		.4byte	.LASF33
 688 0264 02       		.byte	0x2
 689 0265 6B01     		.2byte	0x16b
 690 0267 7E020000 		.4byte	0x27e
 691 026b 13       		.uleb128 0x13
 692 026c 2F020000 		.4byte	.LASF34
 693 0270 02       		.byte	0x2
 694 0271 6D01     		.2byte	0x16d
 695 0273 10010000 		.4byte	0x110
 696 0277 00       		.byte	0
 697 0278 0F       		.uleb128 0xf
 698 0279 04       		.byte	0x4
 699 027a 22020000 		.4byte	0x222
 700 027e 0F       		.uleb128 0xf
 701 027f 04       		.byte	0x4
 702 0280 DE010000 		.4byte	0x1de
 703 0284 0F       		.uleb128 0xf
 704 0285 04       		.byte	0x4
 705 0286 D2010000 		.4byte	0x1d2
 706 028a 0E       		.uleb128 0xe
 707 028b 26010000 		.4byte	0x126
 708 028f 0D       		.uleb128 0xd
 709 0290 5F000000 		.4byte	.LASF35
 710 0294 02       		.byte	0x2
 711 0295 7F01     		.2byte	0x17f
 712 0297 9B020000 		.4byte	0x29b
 713 029b 03       		.uleb128 0x3
 714 029c B4010000 		.4byte	.LASF36
 715 02a0 40       		.byte	0x40
 716 02a1 02       		.byte	0x2
 717 02a2 8601     		.2byte	0x186
 718 02a4 EA020000 		.4byte	0x2ea
 719 02a8 04       		.uleb128 0x4
 720 02a9 89020000 		.4byte	.LASF37
 721 02ad 02       		.byte	0x2
 722 02ae 8A01     		.2byte	0x18a
 723 02b0 2E020000 		.4byte	0x22e
 724 02b4 00       		.byte	0
 725 02b5 04       		.uleb128 0x4
 726 02b6 6B030000 		.4byte	.LASF38
 727 02ba 02       		.byte	0x2
 728 02bb 9001     		.2byte	0x190
 729 02bd 2E020000 		.4byte	0x22e
 730 02c1 04       		.byte	0x4
 731 02c2 04       		.uleb128 0x4
 732 02c3 D2010000 		.4byte	.LASF39
 733 02c7 02       		.byte	0x2
 734 02c8 9501     		.2byte	0x195
 735 02ca 8A020000 		.4byte	0x28a
ARM GAS  /tmp/ccsMGCxK.s 			page 14


 736 02ce 08       		.byte	0x8
 737 02cf 04       		.uleb128 0x4
 738 02d0 DA010000 		.4byte	.LASF40
 739 02d4 02       		.byte	0x2
 740 02d5 A401     		.2byte	0x1a4
 741 02d7 EA020000 		.4byte	0x2ea
 742 02db 0C       		.byte	0xc
 743 02dc 04       		.uleb128 0x4
 744 02dd 3F030000 		.4byte	.LASF41
 745 02e1 02       		.byte	0x2
 746 02e2 AD01     		.2byte	0x1ad
 747 02e4 FA020000 		.4byte	0x2fa
 748 02e8 3C       		.byte	0x3c
 749 02e9 00       		.byte	0
 750 02ea 08       		.uleb128 0x8
 751 02eb 25000000 		.4byte	0x25
 752 02ef FA020000 		.4byte	0x2fa
 753 02f3 09       		.uleb128 0x9
 754 02f4 31010000 		.4byte	0x131
 755 02f8 01       		.byte	0x1
 756 02f9 00       		.byte	0
 757 02fa 0E       		.uleb128 0xe
 758 02fb 10020000 		.4byte	0x210
 759 02ff 07       		.uleb128 0x7
 760 0300 01       		.byte	0x1
 761 0301 02       		.byte	0x2
 762 0302 D0020000 		.4byte	.LASF42
 763 0306 14       		.uleb128 0x14
 764 0307 F9010000 		.4byte	.LASF60
 765 030b 04       		.byte	0x4
 766 030c 01       		.byte	0x1
 767 030d 06       		.byte	0x6
 768 030e 25030000 		.4byte	0x325
 769 0312 15       		.uleb128 0x15
 770 0313 00020000 		.4byte	.LASF43
 771 0317 00       		.sleb128 0
 772 0318 15       		.uleb128 0x15
 773 0319 10000000 		.4byte	.LASF44
 774 031d 01       		.sleb128 1
 775 031e 15       		.uleb128 0x15
 776 031f A1010000 		.4byte	.LASF45
 777 0323 02       		.sleb128 2
 778 0324 00       		.byte	0
 779 0325 02       		.uleb128 0x2
 780 0326 1C020000 		.4byte	.LASF46
 781 032a 01       		.byte	0x1
 782 032b 0A       		.byte	0xa
 783 032c 06030000 		.4byte	0x306
 784 0330 16       		.uleb128 0x16
 785 0331 1F000000 		.4byte	.LASF61
 786 0335 01       		.byte	0x1
 787 0336 1A       		.byte	0x1a
 788 0337 00000000 		.4byte	.LFB81
 789 033b 74010000 		.4byte	.LFE81-.LFB81
 790 033f 01       		.uleb128 0x1
 791 0340 9C       		.byte	0x9c
 792 0341 5E030000 		.4byte	0x35e
ARM GAS  /tmp/ccsMGCxK.s 			page 15


 793 0345 17       		.uleb128 0x17
 794 0346 62697400 		.ascii	"bit\000"
 795 034a 01       		.byte	0x1
 796 034b 1A       		.byte	0x1a
 797 034c 8B000000 		.4byte	0x8b
 798 0350 00000000 		.4byte	.LLST0
 799 0354 18       		.uleb128 0x18
 800 0355 91020000 		.4byte	.LASF62
 801 0359 6E030000 		.4byte	0x36e
 802 035d 00       		.byte	0
 803 035e 08       		.uleb128 0x8
 804 035f 1B020000 		.4byte	0x21b
 805 0363 6E030000 		.4byte	0x36e
 806 0367 09       		.uleb128 0x9
 807 0368 31010000 		.4byte	0x131
 808 036c 09       		.byte	0x9
 809 036d 00       		.byte	0
 810 036e 10       		.uleb128 0x10
 811 036f 5E030000 		.4byte	0x35e
 812 0373 19       		.uleb128 0x19
 813 0374 54030000 		.4byte	.LASF47
 814 0378 01       		.byte	0x1
 815 0379 10       		.byte	0x10
 816 037a 8B000000 		.4byte	0x8b
 817 037e 05       		.uleb128 0x5
 818 037f 03       		.byte	0x3
 819 0380 00000000 		.4byte	g_bitpos
 820 0384 19       		.uleb128 0x19
 821 0385 4E000000 		.4byte	.LASF48
 822 0389 01       		.byte	0x1
 823 038a 11       		.byte	0x11
 824 038b C4000000 		.4byte	0xc4
 825 038f 05       		.uleb128 0x5
 826 0390 03       		.byte	0x3
 827 0391 00000000 		.4byte	g_curbyte
 828 0395 19       		.uleb128 0x19
 829 0396 33000000 		.4byte	.LASF49
 830 039a 01       		.byte	0x1
 831 039b 13       		.byte	0x13
 832 039c 25030000 		.4byte	0x325
 833 03a0 05       		.uleb128 0x5
 834 03a1 03       		.byte	0x3
 835 03a2 00000000 		.4byte	mstate
 836 03a6 19       		.uleb128 0x19
 837 03a7 43000000 		.4byte	.LASF50
 838 03ab 01       		.byte	0x1
 839 03ac 14       		.byte	0x14
 840 03ad B9000000 		.4byte	0xb9
 841 03b1 05       		.uleb128 0x5
 842 03b2 03       		.byte	0x3
 843 03b3 00000000 		.4byte	idle_zeros
 844 03b7 19       		.uleb128 0x19
 845 03b8 26020000 		.4byte	.LASF51
 846 03bc 01       		.byte	0x1
 847 03bd 15       		.byte	0x15
 848 03be 38010000 		.4byte	0x138
 849 03c2 05       		.uleb128 0x5
ARM GAS  /tmp/ccsMGCxK.s 			page 16


 850 03c3 03       		.byte	0x3
 851 03c4 00000000 		.4byte	mac_sync
 852 03c8 19       		.uleb128 0x19
 853 03c9 81020000 		.4byte	.LASF52
 854 03cd 01       		.byte	0x1
 855 03ce 16       		.byte	0x16
 856 03cf B9000000 		.4byte	0xb9
 857 03d3 05       		.uleb128 0x5
 858 03d4 03       		.byte	0x3
 859 03d5 00000000 		.4byte	wordcnt
 860 03d9 19       		.uleb128 0x19
 861 03da AC010000 		.4byte	.LASF53
 862 03de 01       		.byte	0x1
 863 03df 17       		.byte	0x17
 864 03e0 CB000000 		.4byte	0xcb
 865 03e4 05       		.uleb128 0x5
 866 03e5 03       		.byte	0x3
 867 03e6 00000000 		.4byte	pkt_len
 868 03ea 1A       		.uleb128 0x1a
 869 03eb 6E696C00 		.ascii	"nil\000"
 870 03ef 02       		.byte	0x2
 871 03f0 C203     		.2byte	0x3c2
 872 03f2 8F020000 		.4byte	0x28f
 873 03f6 1B       		.uleb128 0x1b
 874 03f7 CB010000 		.4byte	.LASF54
 875 03fb 01       		.byte	0x1
 876 03fc 0C       		.byte	0xc
 877 03fd 07040000 		.4byte	0x407
 878 0401 05       		.uleb128 0x5
 879 0402 03       		.byte	0x3
 880 0403 00000000 		.4byte	pktPtr
 881 0407 0E       		.uleb128 0xe
 882 0408 CB000000 		.4byte	0xcb
 883 040c 08       		.uleb128 0x8
 884 040d B9000000 		.4byte	0xb9
 885 0411 1D040000 		.4byte	0x41d
 886 0415 1C       		.uleb128 0x1c
 887 0416 31010000 		.4byte	0x131
 888 041a 0601     		.2byte	0x106
 889 041c 00       		.byte	0
 890 041d 1B       		.uleb128 0x1b
 891 041e 58000000 		.4byte	.LASF55
 892 0422 01       		.byte	0x1
 893 0423 0D       		.byte	0xd
 894 0424 0C040000 		.4byte	0x40c
 895 0428 05       		.uleb128 0x5
 896 0429 03       		.byte	0x3
 897 042a 00000000 		.4byte	pktBuf
 898 042e 1B       		.uleb128 0x1b
 899 042f E2010000 		.4byte	.LASF56
 900 0433 01       		.byte	0x1
 901 0434 0E       		.byte	0xe
 902 0435 B9000000 		.4byte	0xb9
 903 0439 05       		.uleb128 0x5
 904 043a 03       		.byte	0x3
 905 043b 00000000 		.4byte	pktReady
 906 043f 00       		.byte	0
ARM GAS  /tmp/ccsMGCxK.s 			page 17


 907              		.section	.debug_abbrev,"",%progbits
 908              	.Ldebug_abbrev0:
 909 0000 01       		.uleb128 0x1
 910 0001 11       		.uleb128 0x11
 911 0002 01       		.byte	0x1
 912 0003 25       		.uleb128 0x25
 913 0004 0E       		.uleb128 0xe
 914 0005 13       		.uleb128 0x13
 915 0006 0B       		.uleb128 0xb
 916 0007 03       		.uleb128 0x3
 917 0008 0E       		.uleb128 0xe
 918 0009 1B       		.uleb128 0x1b
 919 000a 0E       		.uleb128 0xe
 920 000b 55       		.uleb128 0x55
 921 000c 17       		.uleb128 0x17
 922 000d 11       		.uleb128 0x11
 923 000e 01       		.uleb128 0x1
 924 000f 10       		.uleb128 0x10
 925 0010 17       		.uleb128 0x17
 926 0011 00       		.byte	0
 927 0012 00       		.byte	0
 928 0013 02       		.uleb128 0x2
 929 0014 16       		.uleb128 0x16
 930 0015 00       		.byte	0
 931 0016 03       		.uleb128 0x3
 932 0017 0E       		.uleb128 0xe
 933 0018 3A       		.uleb128 0x3a
 934 0019 0B       		.uleb128 0xb
 935 001a 3B       		.uleb128 0x3b
 936 001b 0B       		.uleb128 0xb
 937 001c 49       		.uleb128 0x49
 938 001d 13       		.uleb128 0x13
 939 001e 00       		.byte	0
 940 001f 00       		.byte	0
 941 0020 03       		.uleb128 0x3
 942 0021 13       		.uleb128 0x13
 943 0022 01       		.byte	0x1
 944 0023 03       		.uleb128 0x3
 945 0024 0E       		.uleb128 0xe
 946 0025 0B       		.uleb128 0xb
 947 0026 0B       		.uleb128 0xb
 948 0027 3A       		.uleb128 0x3a
 949 0028 0B       		.uleb128 0xb
 950 0029 3B       		.uleb128 0x3b
 951 002a 05       		.uleb128 0x5
 952 002b 01       		.uleb128 0x1
 953 002c 13       		.uleb128 0x13
 954 002d 00       		.byte	0
 955 002e 00       		.byte	0
 956 002f 04       		.uleb128 0x4
 957 0030 0D       		.uleb128 0xd
 958 0031 00       		.byte	0
 959 0032 03       		.uleb128 0x3
 960 0033 0E       		.uleb128 0xe
 961 0034 3A       		.uleb128 0x3a
 962 0035 0B       		.uleb128 0xb
 963 0036 3B       		.uleb128 0x3b
ARM GAS  /tmp/ccsMGCxK.s 			page 18


 964 0037 05       		.uleb128 0x5
 965 0038 49       		.uleb128 0x49
 966 0039 13       		.uleb128 0x13
 967 003a 38       		.uleb128 0x38
 968 003b 0B       		.uleb128 0xb
 969 003c 00       		.byte	0
 970 003d 00       		.byte	0
 971 003e 05       		.uleb128 0x5
 972 003f 0D       		.uleb128 0xd
 973 0040 00       		.byte	0
 974 0041 03       		.uleb128 0x3
 975 0042 08       		.uleb128 0x8
 976 0043 3A       		.uleb128 0x3a
 977 0044 0B       		.uleb128 0xb
 978 0045 3B       		.uleb128 0x3b
 979 0046 05       		.uleb128 0x5
 980 0047 49       		.uleb128 0x49
 981 0048 13       		.uleb128 0x13
 982 0049 38       		.uleb128 0x38
 983 004a 0B       		.uleb128 0xb
 984 004b 00       		.byte	0
 985 004c 00       		.byte	0
 986 004d 06       		.uleb128 0x6
 987 004e 24       		.uleb128 0x24
 988 004f 00       		.byte	0
 989 0050 0B       		.uleb128 0xb
 990 0051 0B       		.uleb128 0xb
 991 0052 3E       		.uleb128 0x3e
 992 0053 0B       		.uleb128 0xb
 993 0054 03       		.uleb128 0x3
 994 0055 08       		.uleb128 0x8
 995 0056 00       		.byte	0
 996 0057 00       		.byte	0
 997 0058 07       		.uleb128 0x7
 998 0059 24       		.uleb128 0x24
 999 005a 00       		.byte	0
 1000 005b 0B       		.uleb128 0xb
 1001 005c 0B       		.uleb128 0xb
 1002 005d 3E       		.uleb128 0x3e
 1003 005e 0B       		.uleb128 0xb
 1004 005f 03       		.uleb128 0x3
 1005 0060 0E       		.uleb128 0xe
 1006 0061 00       		.byte	0
 1007 0062 00       		.byte	0
 1008 0063 08       		.uleb128 0x8
 1009 0064 01       		.uleb128 0x1
 1010 0065 01       		.byte	0x1
 1011 0066 49       		.uleb128 0x49
 1012 0067 13       		.uleb128 0x13
 1013 0068 01       		.uleb128 0x1
 1014 0069 13       		.uleb128 0x13
 1015 006a 00       		.byte	0
 1016 006b 00       		.byte	0
 1017 006c 09       		.uleb128 0x9
 1018 006d 21       		.uleb128 0x21
 1019 006e 00       		.byte	0
 1020 006f 49       		.uleb128 0x49
ARM GAS  /tmp/ccsMGCxK.s 			page 19


 1021 0070 13       		.uleb128 0x13
 1022 0071 2F       		.uleb128 0x2f
 1023 0072 0B       		.uleb128 0xb
 1024 0073 00       		.byte	0
 1025 0074 00       		.byte	0
 1026 0075 0A       		.uleb128 0xa
 1027 0076 0F       		.uleb128 0xf
 1028 0077 00       		.byte	0
 1029 0078 0B       		.uleb128 0xb
 1030 0079 0B       		.uleb128 0xb
 1031 007a 00       		.byte	0
 1032 007b 00       		.byte	0
 1033 007c 0B       		.uleb128 0xb
 1034 007d 13       		.uleb128 0x13
 1035 007e 01       		.byte	0x1
 1036 007f 03       		.uleb128 0x3
 1037 0080 0E       		.uleb128 0xe
 1038 0081 0B       		.uleb128 0xb
 1039 0082 0B       		.uleb128 0xb
 1040 0083 3A       		.uleb128 0x3a
 1041 0084 0B       		.uleb128 0xb
 1042 0085 3B       		.uleb128 0x3b
 1043 0086 0B       		.uleb128 0xb
 1044 0087 01       		.uleb128 0x1
 1045 0088 13       		.uleb128 0x13
 1046 0089 00       		.byte	0
 1047 008a 00       		.byte	0
 1048 008b 0C       		.uleb128 0xc
 1049 008c 0D       		.uleb128 0xd
 1050 008d 00       		.byte	0
 1051 008e 03       		.uleb128 0x3
 1052 008f 08       		.uleb128 0x8
 1053 0090 3A       		.uleb128 0x3a
 1054 0091 0B       		.uleb128 0xb
 1055 0092 3B       		.uleb128 0x3b
 1056 0093 0B       		.uleb128 0xb
 1057 0094 49       		.uleb128 0x49
 1058 0095 13       		.uleb128 0x13
 1059 0096 38       		.uleb128 0x38
 1060 0097 0B       		.uleb128 0xb
 1061 0098 00       		.byte	0
 1062 0099 00       		.byte	0
 1063 009a 0D       		.uleb128 0xd
 1064 009b 16       		.uleb128 0x16
 1065 009c 00       		.byte	0
 1066 009d 03       		.uleb128 0x3
 1067 009e 0E       		.uleb128 0xe
 1068 009f 3A       		.uleb128 0x3a
 1069 00a0 0B       		.uleb128 0xb
 1070 00a1 3B       		.uleb128 0x3b
 1071 00a2 05       		.uleb128 0x5
 1072 00a3 49       		.uleb128 0x49
 1073 00a4 13       		.uleb128 0x13
 1074 00a5 00       		.byte	0
 1075 00a6 00       		.byte	0
 1076 00a7 0E       		.uleb128 0xe
 1077 00a8 35       		.uleb128 0x35
ARM GAS  /tmp/ccsMGCxK.s 			page 20


 1078 00a9 00       		.byte	0
 1079 00aa 49       		.uleb128 0x49
 1080 00ab 13       		.uleb128 0x13
 1081 00ac 00       		.byte	0
 1082 00ad 00       		.byte	0
 1083 00ae 0F       		.uleb128 0xf
 1084 00af 0F       		.uleb128 0xf
 1085 00b0 00       		.byte	0
 1086 00b1 0B       		.uleb128 0xb
 1087 00b2 0B       		.uleb128 0xb
 1088 00b3 49       		.uleb128 0x49
 1089 00b4 13       		.uleb128 0x13
 1090 00b5 00       		.byte	0
 1091 00b6 00       		.byte	0
 1092 00b7 10       		.uleb128 0x10
 1093 00b8 26       		.uleb128 0x26
 1094 00b9 00       		.byte	0
 1095 00ba 49       		.uleb128 0x49
 1096 00bb 13       		.uleb128 0x13
 1097 00bc 00       		.byte	0
 1098 00bd 00       		.byte	0
 1099 00be 11       		.uleb128 0x11
 1100 00bf 17       		.uleb128 0x17
 1101 00c0 01       		.byte	0x1
 1102 00c1 0B       		.uleb128 0xb
 1103 00c2 0B       		.uleb128 0xb
 1104 00c3 3A       		.uleb128 0x3a
 1105 00c4 0B       		.uleb128 0xb
 1106 00c5 3B       		.uleb128 0x3b
 1107 00c6 05       		.uleb128 0x5
 1108 00c7 01       		.uleb128 0x1
 1109 00c8 13       		.uleb128 0x13
 1110 00c9 00       		.byte	0
 1111 00ca 00       		.byte	0
 1112 00cb 12       		.uleb128 0x12
 1113 00cc 0D       		.uleb128 0xd
 1114 00cd 00       		.byte	0
 1115 00ce 03       		.uleb128 0x3
 1116 00cf 08       		.uleb128 0x8
 1117 00d0 3A       		.uleb128 0x3a
 1118 00d1 0B       		.uleb128 0xb
 1119 00d2 3B       		.uleb128 0x3b
 1120 00d3 05       		.uleb128 0x5
 1121 00d4 49       		.uleb128 0x49
 1122 00d5 13       		.uleb128 0x13
 1123 00d6 00       		.byte	0
 1124 00d7 00       		.byte	0
 1125 00d8 13       		.uleb128 0x13
 1126 00d9 0D       		.uleb128 0xd
 1127 00da 00       		.byte	0
 1128 00db 03       		.uleb128 0x3
 1129 00dc 0E       		.uleb128 0xe
 1130 00dd 3A       		.uleb128 0x3a
 1131 00de 0B       		.uleb128 0xb
 1132 00df 3B       		.uleb128 0x3b
 1133 00e0 05       		.uleb128 0x5
 1134 00e1 49       		.uleb128 0x49
ARM GAS  /tmp/ccsMGCxK.s 			page 21


 1135 00e2 13       		.uleb128 0x13
 1136 00e3 00       		.byte	0
 1137 00e4 00       		.byte	0
 1138 00e5 14       		.uleb128 0x14
 1139 00e6 04       		.uleb128 0x4
 1140 00e7 01       		.byte	0x1
 1141 00e8 03       		.uleb128 0x3
 1142 00e9 0E       		.uleb128 0xe
 1143 00ea 0B       		.uleb128 0xb
 1144 00eb 0B       		.uleb128 0xb
 1145 00ec 3A       		.uleb128 0x3a
 1146 00ed 0B       		.uleb128 0xb
 1147 00ee 3B       		.uleb128 0x3b
 1148 00ef 0B       		.uleb128 0xb
 1149 00f0 01       		.uleb128 0x1
 1150 00f1 13       		.uleb128 0x13
 1151 00f2 00       		.byte	0
 1152 00f3 00       		.byte	0
 1153 00f4 15       		.uleb128 0x15
 1154 00f5 28       		.uleb128 0x28
 1155 00f6 00       		.byte	0
 1156 00f7 03       		.uleb128 0x3
 1157 00f8 0E       		.uleb128 0xe
 1158 00f9 1C       		.uleb128 0x1c
 1159 00fa 0D       		.uleb128 0xd
 1160 00fb 00       		.byte	0
 1161 00fc 00       		.byte	0
 1162 00fd 16       		.uleb128 0x16
 1163 00fe 2E       		.uleb128 0x2e
 1164 00ff 01       		.byte	0x1
 1165 0100 3F       		.uleb128 0x3f
 1166 0101 19       		.uleb128 0x19
 1167 0102 03       		.uleb128 0x3
 1168 0103 0E       		.uleb128 0xe
 1169 0104 3A       		.uleb128 0x3a
 1170 0105 0B       		.uleb128 0xb
 1171 0106 3B       		.uleb128 0x3b
 1172 0107 0B       		.uleb128 0xb
 1173 0108 27       		.uleb128 0x27
 1174 0109 19       		.uleb128 0x19
 1175 010a 11       		.uleb128 0x11
 1176 010b 01       		.uleb128 0x1
 1177 010c 12       		.uleb128 0x12
 1178 010d 06       		.uleb128 0x6
 1179 010e 40       		.uleb128 0x40
 1180 010f 18       		.uleb128 0x18
 1181 0110 9742     		.uleb128 0x2117
 1182 0112 19       		.uleb128 0x19
 1183 0113 01       		.uleb128 0x1
 1184 0114 13       		.uleb128 0x13
 1185 0115 00       		.byte	0
 1186 0116 00       		.byte	0
 1187 0117 17       		.uleb128 0x17
 1188 0118 05       		.uleb128 0x5
 1189 0119 00       		.byte	0
 1190 011a 03       		.uleb128 0x3
 1191 011b 08       		.uleb128 0x8
ARM GAS  /tmp/ccsMGCxK.s 			page 22


 1192 011c 3A       		.uleb128 0x3a
 1193 011d 0B       		.uleb128 0xb
 1194 011e 3B       		.uleb128 0x3b
 1195 011f 0B       		.uleb128 0xb
 1196 0120 49       		.uleb128 0x49
 1197 0121 13       		.uleb128 0x13
 1198 0122 02       		.uleb128 0x2
 1199 0123 17       		.uleb128 0x17
 1200 0124 00       		.byte	0
 1201 0125 00       		.byte	0
 1202 0126 18       		.uleb128 0x18
 1203 0127 34       		.uleb128 0x34
 1204 0128 00       		.byte	0
 1205 0129 03       		.uleb128 0x3
 1206 012a 0E       		.uleb128 0xe
 1207 012b 49       		.uleb128 0x49
 1208 012c 13       		.uleb128 0x13
 1209 012d 34       		.uleb128 0x34
 1210 012e 19       		.uleb128 0x19
 1211 012f 00       		.byte	0
 1212 0130 00       		.byte	0
 1213 0131 19       		.uleb128 0x19
 1214 0132 34       		.uleb128 0x34
 1215 0133 00       		.byte	0
 1216 0134 03       		.uleb128 0x3
 1217 0135 0E       		.uleb128 0xe
 1218 0136 3A       		.uleb128 0x3a
 1219 0137 0B       		.uleb128 0xb
 1220 0138 3B       		.uleb128 0x3b
 1221 0139 0B       		.uleb128 0xb
 1222 013a 49       		.uleb128 0x49
 1223 013b 13       		.uleb128 0x13
 1224 013c 02       		.uleb128 0x2
 1225 013d 18       		.uleb128 0x18
 1226 013e 00       		.byte	0
 1227 013f 00       		.byte	0
 1228 0140 1A       		.uleb128 0x1a
 1229 0141 34       		.uleb128 0x34
 1230 0142 00       		.byte	0
 1231 0143 03       		.uleb128 0x3
 1232 0144 08       		.uleb128 0x8
 1233 0145 3A       		.uleb128 0x3a
 1234 0146 0B       		.uleb128 0xb
 1235 0147 3B       		.uleb128 0x3b
 1236 0148 05       		.uleb128 0x5
 1237 0149 49       		.uleb128 0x49
 1238 014a 13       		.uleb128 0x13
 1239 014b 3F       		.uleb128 0x3f
 1240 014c 19       		.uleb128 0x19
 1241 014d 3C       		.uleb128 0x3c
 1242 014e 19       		.uleb128 0x19
 1243 014f 00       		.byte	0
 1244 0150 00       		.byte	0
 1245 0151 1B       		.uleb128 0x1b
 1246 0152 34       		.uleb128 0x34
 1247 0153 00       		.byte	0
 1248 0154 03       		.uleb128 0x3
ARM GAS  /tmp/ccsMGCxK.s 			page 23


 1249 0155 0E       		.uleb128 0xe
 1250 0156 3A       		.uleb128 0x3a
 1251 0157 0B       		.uleb128 0xb
 1252 0158 3B       		.uleb128 0x3b
 1253 0159 0B       		.uleb128 0xb
 1254 015a 49       		.uleb128 0x49
 1255 015b 13       		.uleb128 0x13
 1256 015c 3F       		.uleb128 0x3f
 1257 015d 19       		.uleb128 0x19
 1258 015e 02       		.uleb128 0x2
 1259 015f 18       		.uleb128 0x18
 1260 0160 00       		.byte	0
 1261 0161 00       		.byte	0
 1262 0162 1C       		.uleb128 0x1c
 1263 0163 21       		.uleb128 0x21
 1264 0164 00       		.byte	0
 1265 0165 49       		.uleb128 0x49
 1266 0166 13       		.uleb128 0x13
 1267 0167 2F       		.uleb128 0x2f
 1268 0168 05       		.uleb128 0x5
 1269 0169 00       		.byte	0
 1270 016a 00       		.byte	0
 1271 016b 00       		.byte	0
 1272              		.section	.debug_loc,"",%progbits
 1273              	.Ldebug_loc0:
 1274              	.LLST0:
 1275 0000 00000000 		.4byte	.LVL0
 1276 0004 3A000000 		.4byte	.LVL1
 1277 0008 0100     		.2byte	0x1
 1278 000a 50       		.byte	0x50
 1279 000b 3A000000 		.4byte	.LVL1
 1280 000f 58000000 		.4byte	.LVL2
 1281 0013 0400     		.2byte	0x4
 1282 0015 F3       		.byte	0xf3
 1283 0016 01       		.uleb128 0x1
 1284 0017 50       		.byte	0x50
 1285 0018 9F       		.byte	0x9f
 1286 0019 58000000 		.4byte	.LVL2
 1287 001d 84000000 		.4byte	.LVL3
 1288 0021 0100     		.2byte	0x1
 1289 0023 50       		.byte	0x50
 1290 0024 84000000 		.4byte	.LVL3
 1291 0028 8E000000 		.4byte	.LVL4
 1292 002c 0400     		.2byte	0x4
 1293 002e F3       		.byte	0xf3
 1294 002f 01       		.uleb128 0x1
 1295 0030 50       		.byte	0x50
 1296 0031 9F       		.byte	0x9f
 1297 0032 8E000000 		.4byte	.LVL4
 1298 0036 96000000 		.4byte	.LVL5
 1299 003a 0100     		.2byte	0x1
 1300 003c 50       		.byte	0x50
 1301 003d 96000000 		.4byte	.LVL5
 1302 0041 C0000000 		.4byte	.LVL6
 1303 0045 0400     		.2byte	0x4
 1304 0047 F3       		.byte	0xf3
 1305 0048 01       		.uleb128 0x1
ARM GAS  /tmp/ccsMGCxK.s 			page 24


 1306 0049 50       		.byte	0x50
 1307 004a 9F       		.byte	0x9f
 1308 004b C0000000 		.4byte	.LVL6
 1309 004f 16010000 		.4byte	.LVL7
 1310 0053 0100     		.2byte	0x1
 1311 0055 50       		.byte	0x50
 1312 0056 16010000 		.4byte	.LVL7
 1313 005a 32010000 		.4byte	.LVL8
 1314 005e 0400     		.2byte	0x4
 1315 0060 F3       		.byte	0xf3
 1316 0061 01       		.uleb128 0x1
 1317 0062 50       		.byte	0x50
 1318 0063 9F       		.byte	0x9f
 1319 0064 32010000 		.4byte	.LVL8
 1320 0068 74010000 		.4byte	.LFE81
 1321 006c 0100     		.2byte	0x1
 1322 006e 50       		.byte	0x50
 1323 006f 00000000 		.4byte	0
 1324 0073 00000000 		.4byte	0
 1325              		.section	.debug_aranges,"",%progbits
 1326 0000 1C000000 		.4byte	0x1c
 1327 0004 0200     		.2byte	0x2
 1328 0006 00000000 		.4byte	.Ldebug_info0
 1329 000a 04       		.byte	0x4
 1330 000b 00       		.byte	0
 1331 000c 0000     		.2byte	0
 1332 000e 0000     		.2byte	0
 1333 0010 00000000 		.4byte	.LFB81
 1334 0014 74010000 		.4byte	.LFE81-.LFB81
 1335 0018 00000000 		.4byte	0
 1336 001c 00000000 		.4byte	0
 1337              		.section	.debug_ranges,"",%progbits
 1338              	.Ldebug_ranges0:
 1339 0000 00000000 		.4byte	.LFB81
 1340 0004 74010000 		.4byte	.LFE81
 1341 0008 00000000 		.4byte	0
 1342 000c 00000000 		.4byte	0
 1343              		.section	.debug_line,"",%progbits
 1344              	.Ldebug_line0:
 1345 0000 46010000 		.section	.debug_str,"MS",%progbits,1
 1345      0200B800 
 1345      00000201 
 1345      FB0E0D00 
 1345      01010101 
 1346              	.LASF8:
 1347 0000 74687265 		.ascii	"thread_t\000"
 1347      61645F74 
 1347      00
 1348              	.LASF3:
 1349 0009 65706D61 		.ascii	"epmask\000"
 1349      736B00
 1350              	.LASF44:
 1351 0010 4D41435F 		.ascii	"MAC_SYNC\000"
 1351      53594E43 
 1351      00
 1352              	.LASF1:
 1353 0019 73746174 		.ascii	"state\000"
ARM GAS  /tmp/ccsMGCxK.s 			page 25


 1353      6500
 1354              	.LASF61:
 1355 001f 70757442 		.ascii	"putBitMac\000"
 1355      69744D61 
 1355      6300
 1356              	.LASF7:
 1357 0029 73686F72 		.ascii	"short int\000"
 1357      7420696E 
 1357      7400
 1358              	.LASF49:
 1359 0033 6D737461 		.ascii	"mstate\000"
 1359      746500
 1360              	.LASF23:
 1361 003a 73697A65 		.ascii	"sizetype\000"
 1361      74797065 
 1361      00
 1362              	.LASF50:
 1363 0043 69646C65 		.ascii	"idle_zeros\000"
 1363      5F7A6572 
 1363      6F7300
 1364              	.LASF48:
 1365 004e 675F6375 		.ascii	"g_curbyte\000"
 1365      72627974 
 1365      6500
 1366              	.LASF55:
 1367 0058 706B7442 		.ascii	"pktBuf\000"
 1367      756600
 1368              	.LASF35:
 1369 005f 6E696C5F 		.ascii	"nil_system_t\000"
 1369      73797374 
 1369      656D5F74 
 1369      00
 1370              	.LASF10:
 1371 006c 6C6F6E67 		.ascii	"long long int\000"
 1371      206C6F6E 
 1371      6720696E 
 1371      7400
 1372              	.LASF20:
 1373 007a 6576656E 		.ascii	"eventmask_t\000"
 1373      746D6173 
 1373      6B5F7400 
 1374              	.LASF26:
 1375 0086 6E696C5F 		.ascii	"nil_thread\000"
 1375      74687265 
 1375      616400
 1376              	.LASF57:
 1377 0091 474E5520 		.ascii	"GNU C 4.9.2 -mcpu=cortex-m0 -mfloat-abi=soft -mfp16"
 1377      4320342E 
 1377      392E3220 
 1377      2D6D6370 
 1377      753D636F 
 1378 00c4 2D666F72 		.ascii	"-format=none -mno-thumb-interwork -mthumb -mfloat-a"
 1378      6D61743D 
 1378      6E6F6E65 
 1378      202D6D6E 
 1378      6F2D7468 
 1379 00f7 62693D73 		.ascii	"bi=soft -mfpu=vfpv3-d16 -mtls-dialect=gnu -ggdb -O3"
ARM GAS  /tmp/ccsMGCxK.s 			page 26


 1379      6F667420 
 1379      2D6D6670 
 1379      753D7666 
 1379      7076332D 
 1380 012a 202D7374 		.ascii	" -std=gnu99 -fomit-frame-pointer -falign-functions="
 1380      643D676E 
 1380      75393920 
 1380      2D666F6D 
 1380      69742D66 
 1381 015d 3136202D 		.ascii	"16 -ffunction-sections -fdata-sections -fno-common\000"
 1381      6666756E 
 1381      6374696F 
 1381      6E2D7365 
 1381      6374696F 
 1382              	.LASF24:
 1383 0190 72656761 		.ascii	"regarm_t\000"
 1383      726D5F74 
 1383      00
 1384              	.LASF11:
 1385 0199 75696E74 		.ascii	"uint8_t\000"
 1385      385F7400 
 1386              	.LASF45:
 1387 01a1 4D41435F 		.ascii	"MAC_PACKET\000"
 1387      5041434B 
 1387      455400
 1388              	.LASF53:
 1389 01ac 706B745F 		.ascii	"pkt_len\000"
 1389      6C656E00 
 1390              	.LASF36:
 1391 01b4 6E696C5F 		.ascii	"nil_system\000"
 1391      73797374 
 1391      656D00
 1392              	.LASF29:
 1393 01bf 73656D61 		.ascii	"semaphore_t\000"
 1393      70686F72 
 1393      655F7400 
 1394              	.LASF54:
 1395 01cb 706B7450 		.ascii	"pktPtr\000"
 1395      747200
 1396              	.LASF39:
 1397 01d2 73797374 		.ascii	"systime\000"
 1397      696D6500 
 1398              	.LASF40:
 1399 01da 74687265 		.ascii	"threads\000"
 1399      61647300 
 1400              	.LASF56:
 1401 01e2 706B7452 		.ascii	"pktReady\000"
 1401      65616479 
 1401      00
 1402              	.LASF30:
 1403 01eb 6E696C5F 		.ascii	"nil_semaphore\000"
 1403      73656D61 
 1403      70686F72 
 1403      6500
 1404              	.LASF60:
 1405 01f9 73746174 		.ascii	"states\000"
 1405      657300
ARM GAS  /tmp/ccsMGCxK.s 			page 27


 1406              	.LASF43:
 1407 0200 4D41435F 		.ascii	"MAC_IDLE\000"
 1407      49444C45 
 1407      00
 1408              	.LASF0:
 1409 0209 63747870 		.ascii	"ctxp\000"
 1409      00
 1410              	.LASF12:
 1411 020e 756E7369 		.ascii	"unsigned char\000"
 1411      676E6564 
 1411      20636861 
 1411      7200
 1412              	.LASF46:
 1413 021c 6D61635F 		.ascii	"mac_state\000"
 1413      73746174 
 1413      6500
 1414              	.LASF51:
 1415 0226 6D61635F 		.ascii	"mac_sync\000"
 1415      73796E63 
 1415      00
 1416              	.LASF34:
 1417 022f 65776D61 		.ascii	"ewmask\000"
 1417      736B00
 1418              	.LASF6:
 1419 0236 7369676E 		.ascii	"signed char\000"
 1419      65642063 
 1419      68617200 
 1420              	.LASF16:
 1421 0242 75696E74 		.ascii	"uint64_t\000"
 1421      36345F74 
 1421      00
 1422              	.LASF17:
 1423 024b 6C6F6E67 		.ascii	"long long unsigned int\000"
 1423      206C6F6E 
 1423      6720756E 
 1423      7369676E 
 1423      65642069 
 1424              	.LASF15:
 1425 0262 75696E74 		.ascii	"uint32_t\000"
 1425      33325F74 
 1425      00
 1426              	.LASF5:
 1427 026b 756E7369 		.ascii	"unsigned int\000"
 1427      676E6564 
 1427      20696E74 
 1427      00
 1428              	.LASF13:
 1429 0278 75696E74 		.ascii	"uint16_t\000"
 1429      31365F74 
 1429      00
 1430              	.LASF52:
 1431 0281 776F7264 		.ascii	"wordcnt\000"
 1431      636E7400 
 1432              	.LASF37:
 1433 0289 63757272 		.ascii	"current\000"
 1433      656E7400 
 1434              	.LASF62:
ARM GAS  /tmp/ccsMGCxK.s 			page 28


 1435 0291 5F5F6675 		.ascii	"__func__\000"
 1435      6E635F5F 
 1435      00
 1436              	.LASF14:
 1437 029a 73686F72 		.ascii	"short unsigned int\000"
 1437      7420756E 
 1437      7369676E 
 1437      65642069 
 1437      6E7400
 1438              	.LASF58:
 1439 02ad 6D61632E 		.ascii	"mac.c\000"
 1439      6300
 1440              	.LASF22:
 1441 02b3 73797374 		.ascii	"systime_t\000"
 1441      696D655F 
 1441      7400
 1442              	.LASF31:
 1443 02bd 63686172 		.ascii	"char\000"
 1443      00
 1444              	.LASF9:
 1445 02c2 696E7433 		.ascii	"int32_t\000"
 1445      325F7400 
 1446              	.LASF21:
 1447 02ca 636E745F 		.ascii	"cnt_t\000"
 1447      7400
 1448              	.LASF42:
 1449 02d0 5F426F6F 		.ascii	"_Bool\000"
 1449      6C00
 1450              	.LASF25:
 1451 02d6 73746B61 		.ascii	"stkalign_t\000"
 1451      6C69676E 
 1451      5F7400
 1452              	.LASF27:
 1453 02e1 706F7274 		.ascii	"port_intctx\000"
 1453      5F696E74 
 1453      63747800 
 1454              	.LASF33:
 1455 02ed 73656D70 		.ascii	"semp\000"
 1455      00
 1456              	.LASF32:
 1457 02f2 74687265 		.ascii	"thread_reference_t\000"
 1457      61645F72 
 1457      65666572 
 1457      656E6365 
 1457      5F7400
 1458              	.LASF18:
 1459 0305 74737461 		.ascii	"tstate_t\000"
 1459      74655F74 
 1459      00
 1460              	.LASF59:
 1461 030e 2F686F6D 		.ascii	"/home/bunnie/code/chibi-chibios/orchard\000"
 1461      652F6275 
 1461      6E6E6965 
 1461      2F636F64 
 1461      652F6368 
 1462              	.LASF28:
 1463 0336 696E7463 		.ascii	"intctx_t\000"
ARM GAS  /tmp/ccsMGCxK.s 			page 29


 1463      74785F74 
 1463      00
 1464              	.LASF41:
 1465 033f 6462675F 		.ascii	"dbg_panic_msg\000"
 1465      70616E69 
 1465      635F6D73 
 1465      6700
 1466              	.LASF4:
 1467 034d 73746B6C 		.ascii	"stklim\000"
 1467      696D00
 1468              	.LASF47:
 1469 0354 675F6269 		.ascii	"g_bitpos\000"
 1469      74706F73 
 1469      00
 1470              	.LASF19:
 1471 035d 6D73675F 		.ascii	"msg_t\000"
 1471      7400
 1472              	.LASF2:
 1473 0363 74696D65 		.ascii	"timeout\000"
 1473      6F757400 
 1474              	.LASF38:
 1475 036b 6E657874 		.ascii	"next\000"
 1475      00
 1476              		.ident	"GCC: (Debian 4.9.2-10) 4.9.2"
 1477              		.section	.note.GNU-stack,"",%progbits
ARM GAS  /tmp/ccsMGCxK.s 			page 30


DEFINED SYMBOLS
                            *ABS*:00000000 mac.c
     /tmp/ccsMGCxK.s:18     .text.putBitMac:00000000 $t
     /tmp/ccsMGCxK.s:24     .text.putBitMac:00000000 putBitMac
     /tmp/ccsMGCxK.s:304    .text.putBitMac:0000014c $d
     /tmp/ccsMGCxK.s:365    .bss.pktReady:00000000 pktReady
     /tmp/ccsMGCxK.s:325    .bss.pktBuf:00000000 pktBuf
     /tmp/ccsMGCxK.s:359    .bss.pktPtr:00000000 pktPtr
     /tmp/ccsMGCxK.s:321    .bss.pktBuf:00000000 $d
     /tmp/ccsMGCxK.s:328    .bss.mac_sync:00000000 $d
     /tmp/ccsMGCxK.s:332    .bss.mac_sync:00000000 mac_sync
     /tmp/ccsMGCxK.s:338    .bss.wordcnt:00000000 wordcnt
     /tmp/ccsMGCxK.s:339    .bss.wordcnt:00000000 $d
     /tmp/ccsMGCxK.s:341    .data.pkt_len:00000000 $d
     /tmp/ccsMGCxK.s:345    .data.pkt_len:00000000 pkt_len
     /tmp/ccsMGCxK.s:348    .data.g_bitpos:00000000 $d
     /tmp/ccsMGCxK.s:352    .data.g_bitpos:00000000 g_bitpos
     /tmp/ccsMGCxK.s:355    .bss.pktPtr:00000000 $d
     /tmp/ccsMGCxK.s:366    .bss.pktReady:00000000 $d
     /tmp/ccsMGCxK.s:371    .bss.idle_zeros:00000000 idle_zeros
     /tmp/ccsMGCxK.s:372    .bss.idle_zeros:00000000 $d
     /tmp/ccsMGCxK.s:377    .bss.g_curbyte:00000000 g_curbyte
     /tmp/ccsMGCxK.s:378    .bss.g_curbyte:00000000 $d
     /tmp/ccsMGCxK.s:380    .bss.mstate:00000000 $d
     /tmp/ccsMGCxK.s:384    .bss.mstate:00000000 mstate
                     .debug_frame:00000010 $d
     /tmp/ccsMGCxK.s:320    .text.putBitMac:00000174 $t

NO UNDEFINED SYMBOLS
