ARM GAS  /tmp/ccVMtL8t.s 			page 1


   1              		.cpu cortex-m0
   2              		.fpu softvfp
   3              		.eabi_attribute 20, 1
   4              		.eabi_attribute 21, 1
   5              		.eabi_attribute 23, 3
   6              		.eabi_attribute 24, 1
   7              		.eabi_attribute 25, 1
   8              		.eabi_attribute 26, 2
   9              		.eabi_attribute 30, 2
  10              		.eabi_attribute 34, 0
  11              		.eabi_attribute 18, 4
  12              		.code	16
  13              		.file	"nilcore.c"
  14              		.text
  15              	.Ltext0:
  16              		.cfi_sections	.debug_frame
  17              	.Letext0:
  18              		.section	.debug_info,"",%progbits
  19              	.Ldebug_info0:
  20 0000 60000000 		.4byte	0x60
  21 0004 0400     		.2byte	0x4
  22 0006 00000000 		.4byte	.Ldebug_abbrev0
  23 000a 04       		.byte	0x4
  24 000b 01       		.uleb128 0x1
  25 000c 54000000 		.4byte	.LASF9
  26 0010 01       		.byte	0x1
  27 0011 8B010000 		.4byte	.LASF10
  28 0015 00000000 		.4byte	.LASF11
  29 0019 00000000 		.4byte	.Ldebug_line0
  30 001d 02       		.uleb128 0x2
  31 001e 04       		.byte	0x4
  32 001f 05       		.byte	0x5
  33 0020 696E7400 		.ascii	"int\000"
  34 0024 03       		.uleb128 0x3
  35 0025 04       		.byte	0x4
  36 0026 07       		.byte	0x7
  37 0027 28000000 		.4byte	.LASF0
  38 002b 03       		.uleb128 0x3
  39 002c 01       		.byte	0x1
  40 002d 06       		.byte	0x6
  41 002e 35000000 		.4byte	.LASF1
  42 0032 03       		.uleb128 0x3
  43 0033 02       		.byte	0x2
  44 0034 05       		.byte	0x5
  45 0035 53010000 		.4byte	.LASF2
  46 0039 03       		.uleb128 0x3
  47 003a 08       		.byte	0x8
  48 003b 05       		.byte	0x5
  49 003c B1010000 		.4byte	.LASF3
  50 0040 03       		.uleb128 0x3
  51 0041 01       		.byte	0x1
  52 0042 08       		.byte	0x8
  53 0043 74010000 		.4byte	.LASF4
  54 0047 03       		.uleb128 0x3
  55 0048 02       		.byte	0x2
  56 0049 07       		.byte	0x7
  57 004a 41000000 		.4byte	.LASF5
ARM GAS  /tmp/ccVMtL8t.s 			page 2


  58 004e 03       		.uleb128 0x3
  59 004f 08       		.byte	0x8
  60 0050 07       		.byte	0x7
  61 0051 5D010000 		.4byte	.LASF6
  62 0055 03       		.uleb128 0x3
  63 0056 04       		.byte	0x4
  64 0057 07       		.byte	0x7
  65 0058 82010000 		.4byte	.LASF7
  66 005c 03       		.uleb128 0x3
  67 005d 01       		.byte	0x1
  68 005e 08       		.byte	0x8
  69 005f AC010000 		.4byte	.LASF8
  70 0063 00       		.byte	0
  71              		.section	.debug_abbrev,"",%progbits
  72              	.Ldebug_abbrev0:
  73 0000 01       		.uleb128 0x1
  74 0001 11       		.uleb128 0x11
  75 0002 01       		.byte	0x1
  76 0003 25       		.uleb128 0x25
  77 0004 0E       		.uleb128 0xe
  78 0005 13       		.uleb128 0x13
  79 0006 0B       		.uleb128 0xb
  80 0007 03       		.uleb128 0x3
  81 0008 0E       		.uleb128 0xe
  82 0009 1B       		.uleb128 0x1b
  83 000a 0E       		.uleb128 0xe
  84 000b 10       		.uleb128 0x10
  85 000c 17       		.uleb128 0x17
  86 000d 00       		.byte	0
  87 000e 00       		.byte	0
  88 000f 02       		.uleb128 0x2
  89 0010 24       		.uleb128 0x24
  90 0011 00       		.byte	0
  91 0012 0B       		.uleb128 0xb
  92 0013 0B       		.uleb128 0xb
  93 0014 3E       		.uleb128 0x3e
  94 0015 0B       		.uleb128 0xb
  95 0016 03       		.uleb128 0x3
  96 0017 08       		.uleb128 0x8
  97 0018 00       		.byte	0
  98 0019 00       		.byte	0
  99 001a 03       		.uleb128 0x3
 100 001b 24       		.uleb128 0x24
 101 001c 00       		.byte	0
 102 001d 0B       		.uleb128 0xb
 103 001e 0B       		.uleb128 0xb
 104 001f 3E       		.uleb128 0x3e
 105 0020 0B       		.uleb128 0xb
 106 0021 03       		.uleb128 0x3
 107 0022 0E       		.uleb128 0xe
 108 0023 00       		.byte	0
 109 0024 00       		.byte	0
 110 0025 00       		.byte	0
 111              		.section	.debug_aranges,"",%progbits
 112 0000 14000000 		.4byte	0x14
 113 0004 0200     		.2byte	0x2
 114 0006 00000000 		.4byte	.Ldebug_info0
ARM GAS  /tmp/ccVMtL8t.s 			page 3


 115 000a 04       		.byte	0x4
 116 000b 00       		.byte	0
 117 000c 0000     		.2byte	0
 118 000e 0000     		.2byte	0
 119 0010 00000000 		.4byte	0
 120 0014 00000000 		.4byte	0
 121              		.section	.debug_line,"",%progbits
 122              	.Ldebug_line0:
 123 0000 19000000 		.section	.debug_str,"MS",%progbits,1
 123      02001300 
 123      00000201 
 123      FB0E0D00 
 123      01010101 
 124              	.LASF11:
 125 0000 2F686F6D 		.ascii	"/home/bunnie/code/chibi-chibios/orchard\000"
 125      652F6275 
 125      6E6E6965 
 125      2F636F64 
 125      652F6368 
 126              	.LASF0:
 127 0028 756E7369 		.ascii	"unsigned int\000"
 127      676E6564 
 127      20696E74 
 127      00
 128              	.LASF1:
 129 0035 7369676E 		.ascii	"signed char\000"
 129      65642063 
 129      68617200 
 130              	.LASF5:
 131 0041 73686F72 		.ascii	"short unsigned int\000"
 131      7420756E 
 131      7369676E 
 131      65642069 
 131      6E7400
 132              	.LASF9:
 133 0054 474E5520 		.ascii	"GNU C 4.9.2 -mcpu=cortex-m0 -mfloat-abi=soft -mfp16"
 133      4320342E 
 133      392E3220 
 133      2D6D6370 
 133      753D636F 
 134 0087 2D666F72 		.ascii	"-format=none -mno-thumb-interwork -mthumb -mfloat-a"
 134      6D61743D 
 134      6E6F6E65 
 134      202D6D6E 
 134      6F2D7468 
 135 00ba 62693D73 		.ascii	"bi=soft -mfpu=vfpv3-d16 -mtls-dialect=gnu -ggdb -O3"
 135      6F667420 
 135      2D6D6670 
 135      753D7666 
 135      7076332D 
 136 00ed 202D7374 		.ascii	" -std=gnu99 -fomit-frame-pointer -falign-functions="
 136      643D676E 
 136      75393920 
 136      2D666F6D 
 136      69742D66 
 137 0120 3136202D 		.ascii	"16 -ffunction-sections -fdata-sections -fno-common\000"
 137      6666756E 
ARM GAS  /tmp/ccVMtL8t.s 			page 4


 137      6374696F 
 137      6E2D7365 
 137      6374696F 
 138              	.LASF2:
 139 0153 73686F72 		.ascii	"short int\000"
 139      7420696E 
 139      7400
 140              	.LASF6:
 141 015d 6C6F6E67 		.ascii	"long long unsigned int\000"
 141      206C6F6E 
 141      6720756E 
 141      7369676E 
 141      65642069 
 142              	.LASF4:
 143 0174 756E7369 		.ascii	"unsigned char\000"
 143      676E6564 
 143      20636861 
 143      7200
 144              	.LASF7:
 145 0182 73697A65 		.ascii	"sizetype\000"
 145      74797065 
 145      00
 146              	.LASF10:
 147 018b 2E2E2F6F 		.ascii	"../os/nil/ports/ARMCMx/nilcore.c\000"
 147      732F6E69 
 147      6C2F706F 
 147      7274732F 
 147      41524D43 
 148              	.LASF8:
 149 01ac 63686172 		.ascii	"char\000"
 149      00
 150              	.LASF3:
 151 01b1 6C6F6E67 		.ascii	"long long int\000"
 151      206C6F6E 
 151      6720696E 
 151      7400
 152              		.ident	"GCC: (Debian 4.9.2-10) 4.9.2"
 153              		.section	.note.GNU-stack,"",%progbits
ARM GAS  /tmp/ccVMtL8t.s 			page 5


DEFINED SYMBOLS
                            *ABS*:00000000 nilcore.c

NO UNDEFINED SYMBOLS
