ARM GAS  /tmp/ccCTr4h4.s 			page 1


   1              		.cpu cortex-m0
   2              		.fpu softvfp
   3              		.eabi_attribute 20, 1
   4              		.eabi_attribute 21, 1
   5              		.eabi_attribute 23, 3
   6              		.eabi_attribute 24, 1
   7              		.eabi_attribute 25, 1
   8              		.eabi_attribute 26, 2
   9              		.eabi_attribute 30, 2
  10              		.eabi_attribute 34, 0
  11              		.eabi_attribute 18, 4
  12              		.code	16
  13              		.file	"st.c"
  14              		.text
  15              	.Ltext0:
  16              		.cfi_sections	.debug_frame
  17              		.section	.text.stInit,"ax",%progbits
  18              		.align	2
  19              		.p2align 4,,15
  20              		.global	stInit
  21              		.code	16
  22              		.thumb_func
  23              		.type	stInit, %function
  24              	stInit:
  25              	.LFB81:
  26              		.file 1 "../os/hal/src/st.c"
  27              		.loc 1 60 0
  28              		.cfi_startproc
  29 0000 08B5     		push	{r3, lr}
  30              		.cfi_def_cfa_offset 8
  31              		.cfi_offset 3, -8
  32              		.cfi_offset 14, -4
  33              		.loc 1 62 0
  34 0002 FFF7FEFF 		bl	st_lld_init
  35              	.LVL0:
  36              		.loc 1 63 0
  37              		@ sp needed
  38 0006 08BD     		pop	{r3, pc}
  39              		.cfi_endproc
  40              	.LFE81:
  41              		.size	stInit, .-stInit
  42 0008 C046C046 		.section	.text.stStartAlarm,"ax",%progbits
  42      C046C046 
  43              		.align	2
  44              		.p2align 4,,15
  45              		.global	stStartAlarm
  46              		.code	16
  47              		.thumb_func
  48              		.type	stStartAlarm, %function
  49              	stStartAlarm:
  50              	.LFB82:
  51              		.loc 1 77 0
  52              		.cfi_startproc
  53              	.LVL1:
  54              		.loc 1 82 0
  55              		@ sp needed
  56 0000 7047     		bx	lr
ARM GAS  /tmp/ccCTr4h4.s 			page 2


  57              		.cfi_endproc
  58              	.LFE82:
  59              		.size	stStartAlarm, .-stStartAlarm
  60 0002 C046C046 		.section	.text.stStopAlarm,"ax",%progbits
  60      C046C046 
  60      C046C046 
  60      C046
  61              		.align	2
  62              		.p2align 4,,15
  63              		.global	stStopAlarm
  64              		.code	16
  65              		.thumb_func
  66              		.type	stStopAlarm, %function
  67              	stStopAlarm:
  68              	.LFB83:
  69              		.loc 1 91 0
  70              		.cfi_startproc
  71              		.loc 1 94 0
  72              		@ sp needed
  73 0000 7047     		bx	lr
  74              		.cfi_endproc
  75              	.LFE83:
  76              		.size	stStopAlarm, .-stStopAlarm
  77 0002 C046C046 		.section	.text.stSetAlarm,"ax",%progbits
  77      C046C046 
  77      C046C046 
  77      C046
  78              		.align	2
  79              		.p2align 4,,15
  80              		.global	stSetAlarm
  81              		.code	16
  82              		.thumb_func
  83              		.type	stSetAlarm, %function
  84              	stSetAlarm:
  85              	.LFB84:
  86              		.loc 1 105 0
  87              		.cfi_startproc
  88              	.LVL2:
  89              		.loc 1 110 0
  90              		@ sp needed
  91 0000 7047     		bx	lr
  92              		.cfi_endproc
  93              	.LFE84:
  94              		.size	stSetAlarm, .-stSetAlarm
  95 0002 C046C046 		.section	.text.stGetAlarm,"ax",%progbits
  95      C046C046 
  95      C046C046 
  95      C046
  96              		.align	2
  97              		.p2align 4,,15
  98              		.global	stGetAlarm
  99              		.code	16
 100              		.thumb_func
 101              		.type	stGetAlarm, %function
 102              	stGetAlarm:
 103              	.LFB85:
 104              		.loc 1 121 0
ARM GAS  /tmp/ccCTr4h4.s 			page 3


 105              		.cfi_startproc
 106              		.loc 1 126 0
 107 0000 0020     		mov	r0, #0
 108              		@ sp needed
 109 0002 7047     		bx	lr
 110              		.cfi_endproc
 111              	.LFE85:
 112              		.size	stGetAlarm, .-stGetAlarm
 113 0004 C046C046 		.text
 113      C046C046 
 113      C046C046 
 114              	.Letext0:
 115              		.file 2 "/usr/include/stdint.h"
 116              		.file 3 "../os/nil/include/nil.h"
 117              		.file 4 "../os/nil/ports/ARMCMx/compilers/GCC/niltypes.h"
 118              		.file 5 "../os/nil/ports/ARMCMx/nilcore.h"
 119              		.file 6 "../os/nil/ports/ARMCMx/nilcore_v6m.h"
 120              		.file 7 "../os/hal/ports/KINETIS/KL02x/st_lld.h"
 121              		.section	.debug_info,"",%progbits
 122              	.Ldebug_info0:
 123 0000 19040000 		.4byte	0x419
 124 0004 0400     		.2byte	0x4
 125 0006 00000000 		.4byte	.Ldebug_abbrev0
 126 000a 04       		.byte	0x4
 127 000b 01       		.uleb128 0x1
 128 000c F2000000 		.4byte	.LASF50
 129 0010 01       		.byte	0x1
 130 0011 CF000000 		.4byte	.LASF51
 131 0015 1D030000 		.4byte	.LASF52
 132 0019 00000000 		.4byte	.Ldebug_ranges0+0
 133 001d 00000000 		.4byte	0
 134 0021 00000000 		.4byte	.Ldebug_line0
 135 0025 02       		.uleb128 0x2
 136 0026 04       		.byte	0x4
 137 0027 05       		.byte	0x5
 138 0028 696E7400 		.ascii	"int\000"
 139 002c 03       		.uleb128 0x3
 140 002d 04       		.byte	0x4
 141 002e 07       		.byte	0x7
 142 002f 61020000 		.4byte	.LASF0
 143 0033 03       		.uleb128 0x3
 144 0034 01       		.byte	0x1
 145 0035 06       		.byte	0x6
 146 0036 35020000 		.4byte	.LASF1
 147 003a 03       		.uleb128 0x3
 148 003b 02       		.byte	0x2
 149 003c 05       		.byte	0x5
 150 003d 1F000000 		.4byte	.LASF2
 151 0041 04       		.uleb128 0x4
 152 0042 C4020000 		.4byte	.LASF4
 153 0046 02       		.byte	0x2
 154 0047 26       		.byte	0x26
 155 0048 25000000 		.4byte	0x25
 156 004c 03       		.uleb128 0x3
 157 004d 08       		.byte	0x8
 158 004e 05       		.byte	0x5
 159 004f 3F000000 		.4byte	.LASF3
ARM GAS  /tmp/ccCTr4h4.s 			page 4


 160 0053 04       		.uleb128 0x4
 161 0054 86000000 		.4byte	.LASF5
 162 0058 02       		.byte	0x2
 163 0059 30       		.byte	0x30
 164 005a 5E000000 		.4byte	0x5e
 165 005e 03       		.uleb128 0x3
 166 005f 01       		.byte	0x1
 167 0060 08       		.byte	0x8
 168 0061 03020000 		.4byte	.LASF6
 169 0065 03       		.uleb128 0x3
 170 0066 02       		.byte	0x2
 171 0067 07       		.byte	0x7
 172 0068 97020000 		.4byte	.LASF7
 173 006c 04       		.uleb128 0x4
 174 006d 58020000 		.4byte	.LASF8
 175 0071 02       		.byte	0x2
 176 0072 33       		.byte	0x33
 177 0073 2C000000 		.4byte	0x2c
 178 0077 04       		.uleb128 0x4
 179 0078 16000000 		.4byte	.LASF9
 180 007c 02       		.byte	0x2
 181 007d 3A       		.byte	0x3a
 182 007e 82000000 		.4byte	0x82
 183 0082 03       		.uleb128 0x3
 184 0083 08       		.byte	0x8
 185 0084 07       		.byte	0x7
 186 0085 41020000 		.4byte	.LASF10
 187 0089 04       		.uleb128 0x4
 188 008a 00000000 		.4byte	.LASF11
 189 008e 03       		.byte	0x3
 190 008f 25       		.byte	0x25
 191 0090 94000000 		.4byte	0x94
 192 0094 05       		.uleb128 0x5
 193 0095 59000000 		.4byte	.LASF25
 194 0099 18       		.byte	0x18
 195 009a 03       		.byte	0x3
 196 009b 6201     		.2byte	0x162
 197 009d EF000000 		.4byte	0xef
 198 00a1 06       		.uleb128 0x6
 199 00a2 E2000000 		.4byte	.LASF12
 200 00a6 03       		.byte	0x3
 201 00a7 6301     		.2byte	0x163
 202 00a9 69020000 		.4byte	0x269
 203 00ad 00       		.byte	0
 204 00ae 06       		.uleb128 0x6
 205 00af 10000000 		.4byte	.LASF13
 206 00b3 03       		.byte	0x3
 207 00b4 6401     		.2byte	0x164
 208 00b6 EF000000 		.4byte	0xef
 209 00ba 04       		.byte	0x4
 210 00bb 07       		.uleb128 0x7
 211 00bc 753100   		.ascii	"u1\000"
 212 00bf 03       		.byte	0x3
 213 00c0 6F01     		.2byte	0x16f
 214 00c2 19020000 		.4byte	0x219
 215 00c6 08       		.byte	0x8
 216 00c7 06       		.uleb128 0x6
ARM GAS  /tmp/ccCTr4h4.s 			page 5


 217 00c8 70030000 		.4byte	.LASF14
 218 00cc 03       		.byte	0x3
 219 00cd 7001     		.2byte	0x170
 220 00cf 6F020000 		.4byte	0x26f
 221 00d3 0C       		.byte	0xc
 222 00d4 06       		.uleb128 0x6
 223 00d5 09000000 		.4byte	.LASF15
 224 00d9 03       		.byte	0x3
 225 00da 7301     		.2byte	0x173
 226 00dc 05010000 		.4byte	0x105
 227 00e0 10       		.byte	0x10
 228 00e1 06       		.uleb128 0x6
 229 00e2 63030000 		.4byte	.LASF16
 230 00e6 03       		.byte	0x3
 231 00e7 7601     		.2byte	0x176
 232 00e9 EF010000 		.4byte	0x1ef
 233 00ed 14       		.byte	0x14
 234 00ee 00       		.byte	0
 235 00ef 04       		.uleb128 0x4
 236 00f0 14030000 		.4byte	.LASF17
 237 00f4 04       		.byte	0x4
 238 00f5 37       		.byte	0x37
 239 00f6 53000000 		.4byte	0x53
 240 00fa 04       		.uleb128 0x4
 241 00fb 6A030000 		.4byte	.LASF18
 242 00ff 04       		.byte	0x4
 243 0100 38       		.byte	0x38
 244 0101 41000000 		.4byte	0x41
 245 0105 04       		.uleb128 0x4
 246 0106 4D000000 		.4byte	.LASF19
 247 010a 04       		.byte	0x4
 248 010b 39       		.byte	0x39
 249 010c 6C000000 		.4byte	0x6c
 250 0110 04       		.uleb128 0x4
 251 0111 CC020000 		.4byte	.LASF20
 252 0115 04       		.byte	0x4
 253 0116 3A       		.byte	0x3a
 254 0117 41000000 		.4byte	0x41
 255 011b 04       		.uleb128 0x4
 256 011c AA020000 		.4byte	.LASF21
 257 0120 04       		.byte	0x4
 258 0121 41       		.byte	0x41
 259 0122 6C000000 		.4byte	0x6c
 260 0126 03       		.uleb128 0x3
 261 0127 04       		.byte	0x4
 262 0128 07       		.byte	0x7
 263 0129 29000000 		.4byte	.LASF22
 264 012d 04       		.uleb128 0x4
 265 012e 6C000000 		.4byte	.LASF23
 266 0132 05       		.byte	0x5
 267 0133 65       		.byte	0x65
 268 0134 38010000 		.4byte	0x138
 269 0138 08       		.uleb128 0x8
 270 0139 04       		.byte	0x4
 271 013a 04       		.uleb128 0x4
 272 013b D8020000 		.4byte	.LASF24
 273 013f 05       		.byte	0x5
ARM GAS  /tmp/ccCTr4h4.s 			page 6


 274 0140 6D       		.byte	0x6d
 275 0141 77000000 		.4byte	0x77
 276 0145 09       		.uleb128 0x9
 277 0146 E3020000 		.4byte	.LASF26
 278 014a 24       		.byte	0x24
 279 014b 06       		.byte	0x6
 280 014c A4       		.byte	0xa4
 281 014d B7010000 		.4byte	0x1b7
 282 0151 0A       		.uleb128 0xa
 283 0152 723800   		.ascii	"r8\000"
 284 0155 06       		.byte	0x6
 285 0156 A5       		.byte	0xa5
 286 0157 2D010000 		.4byte	0x12d
 287 015b 00       		.byte	0
 288 015c 0A       		.uleb128 0xa
 289 015d 723900   		.ascii	"r9\000"
 290 0160 06       		.byte	0x6
 291 0161 A6       		.byte	0xa6
 292 0162 2D010000 		.4byte	0x12d
 293 0166 04       		.byte	0x4
 294 0167 0A       		.uleb128 0xa
 295 0168 72313000 		.ascii	"r10\000"
 296 016c 06       		.byte	0x6
 297 016d A7       		.byte	0xa7
 298 016e 2D010000 		.4byte	0x12d
 299 0172 08       		.byte	0x8
 300 0173 0A       		.uleb128 0xa
 301 0174 72313100 		.ascii	"r11\000"
 302 0178 06       		.byte	0x6
 303 0179 A8       		.byte	0xa8
 304 017a 2D010000 		.4byte	0x12d
 305 017e 0C       		.byte	0xc
 306 017f 0A       		.uleb128 0xa
 307 0180 723400   		.ascii	"r4\000"
 308 0183 06       		.byte	0x6
 309 0184 A9       		.byte	0xa9
 310 0185 2D010000 		.4byte	0x12d
 311 0189 10       		.byte	0x10
 312 018a 0A       		.uleb128 0xa
 313 018b 723500   		.ascii	"r5\000"
 314 018e 06       		.byte	0x6
 315 018f AA       		.byte	0xaa
 316 0190 2D010000 		.4byte	0x12d
 317 0194 14       		.byte	0x14
 318 0195 0A       		.uleb128 0xa
 319 0196 723600   		.ascii	"r6\000"
 320 0199 06       		.byte	0x6
 321 019a AB       		.byte	0xab
 322 019b 2D010000 		.4byte	0x12d
 323 019f 18       		.byte	0x18
 324 01a0 0A       		.uleb128 0xa
 325 01a1 723700   		.ascii	"r7\000"
 326 01a4 06       		.byte	0x6
 327 01a5 AC       		.byte	0xac
 328 01a6 2D010000 		.4byte	0x12d
 329 01aa 1C       		.byte	0x1c
 330 01ab 0A       		.uleb128 0xa
ARM GAS  /tmp/ccCTr4h4.s 			page 7


 331 01ac 6C7200   		.ascii	"lr\000"
 332 01af 06       		.byte	0x6
 333 01b0 AD       		.byte	0xad
 334 01b1 2D010000 		.4byte	0x12d
 335 01b5 20       		.byte	0x20
 336 01b6 00       		.byte	0
 337 01b7 0B       		.uleb128 0xb
 338 01b8 45030000 		.4byte	.LASF27
 339 01bc 03       		.byte	0x3
 340 01bd 3701     		.2byte	0x137
 341 01bf 45010000 		.4byte	0x145
 342 01c3 0B       		.uleb128 0xb
 343 01c4 99000000 		.4byte	.LASF28
 344 01c8 03       		.byte	0x3
 345 01c9 3C01     		.2byte	0x13c
 346 01cb CF010000 		.4byte	0x1cf
 347 01cf 05       		.uleb128 0x5
 348 01d0 B5000000 		.4byte	.LASF29
 349 01d4 04       		.byte	0x4
 350 01d5 03       		.byte	0x3
 351 01d6 4101     		.2byte	0x141
 352 01d8 EA010000 		.4byte	0x1ea
 353 01dc 07       		.uleb128 0x7
 354 01dd 636E7400 		.ascii	"cnt\000"
 355 01e1 03       		.byte	0x3
 356 01e2 4201     		.2byte	0x142
 357 01e4 EA010000 		.4byte	0x1ea
 358 01e8 00       		.byte	0
 359 01e9 00       		.byte	0
 360 01ea 0C       		.uleb128 0xc
 361 01eb 10010000 		.4byte	0x110
 362 01ef 0D       		.uleb128 0xd
 363 01f0 04       		.byte	0x4
 364 01f1 3A010000 		.4byte	0x13a
 365 01f5 0D       		.uleb128 0xd
 366 01f6 04       		.byte	0x4
 367 01f7 FB010000 		.4byte	0x1fb
 368 01fb 0E       		.uleb128 0xe
 369 01fc 00020000 		.4byte	0x200
 370 0200 03       		.uleb128 0x3
 371 0201 01       		.byte	0x1
 372 0202 08       		.byte	0x8
 373 0203 B4020000 		.4byte	.LASF30
 374 0207 0B       		.uleb128 0xb
 375 0208 01030000 		.4byte	.LASF31
 376 020c 03       		.byte	0x3
 377 020d 5D01     		.2byte	0x15d
 378 020f 13020000 		.4byte	0x213
 379 0213 0D       		.uleb128 0xd
 380 0214 04       		.byte	0x4
 381 0215 89000000 		.4byte	0x89
 382 0219 0F       		.uleb128 0xf
 383 021a 04       		.byte	0x4
 384 021b 03       		.byte	0x3
 385 021c 6701     		.2byte	0x167
 386 021e 5D020000 		.4byte	0x25d
 387 0222 10       		.uleb128 0x10
ARM GAS  /tmp/ccCTr4h4.s 			page 8


 388 0223 6D736700 		.ascii	"msg\000"
 389 0227 03       		.byte	0x3
 390 0228 6801     		.2byte	0x168
 391 022a FA000000 		.4byte	0xfa
 392 022e 10       		.uleb128 0x10
 393 022f 7000     		.ascii	"p\000"
 394 0231 03       		.byte	0x3
 395 0232 6901     		.2byte	0x169
 396 0234 38010000 		.4byte	0x138
 397 0238 10       		.uleb128 0x10
 398 0239 74727000 		.ascii	"trp\000"
 399 023d 03       		.byte	0x3
 400 023e 6A01     		.2byte	0x16a
 401 0240 5D020000 		.4byte	0x25d
 402 0244 11       		.uleb128 0x11
 403 0245 FC020000 		.4byte	.LASF32
 404 0249 03       		.byte	0x3
 405 024a 6B01     		.2byte	0x16b
 406 024c 63020000 		.4byte	0x263
 407 0250 11       		.uleb128 0x11
 408 0251 7A020000 		.4byte	.LASF33
 409 0255 03       		.byte	0x3
 410 0256 6D01     		.2byte	0x16d
 411 0258 05010000 		.4byte	0x105
 412 025c 00       		.byte	0
 413 025d 0D       		.uleb128 0xd
 414 025e 04       		.byte	0x4
 415 025f 07020000 		.4byte	0x207
 416 0263 0D       		.uleb128 0xd
 417 0264 04       		.byte	0x4
 418 0265 C3010000 		.4byte	0x1c3
 419 0269 0D       		.uleb128 0xd
 420 026a 04       		.byte	0x4
 421 026b B7010000 		.4byte	0x1b7
 422 026f 0C       		.uleb128 0xc
 423 0270 1B010000 		.4byte	0x11b
 424 0274 0B       		.uleb128 0xb
 425 0275 32000000 		.4byte	.LASF34
 426 0279 03       		.byte	0x3
 427 027a 7F01     		.2byte	0x17f
 428 027c 80020000 		.4byte	0x280
 429 0280 05       		.uleb128 0x5
 430 0281 8E000000 		.4byte	.LASF35
 431 0285 40       		.byte	0x40
 432 0286 03       		.byte	0x3
 433 0287 8601     		.2byte	0x186
 434 0289 CF020000 		.4byte	0x2cf
 435 028d 06       		.uleb128 0x6
 436 028e 81020000 		.4byte	.LASF36
 437 0292 03       		.byte	0x3
 438 0293 8A01     		.2byte	0x18a
 439 0295 13020000 		.4byte	0x213
 440 0299 00       		.byte	0
 441 029a 06       		.uleb128 0x6
 442 029b 78030000 		.4byte	.LASF37
 443 029f 03       		.byte	0x3
 444 02a0 9001     		.2byte	0x190
ARM GAS  /tmp/ccCTr4h4.s 			page 9


 445 02a2 13020000 		.4byte	0x213
 446 02a6 04       		.byte	0x4
 447 02a7 06       		.uleb128 0x6
 448 02a8 A5000000 		.4byte	.LASF38
 449 02ac 03       		.byte	0x3
 450 02ad 9501     		.2byte	0x195
 451 02af 6F020000 		.4byte	0x26f
 452 02b3 08       		.byte	0x8
 453 02b4 06       		.uleb128 0x6
 454 02b5 AD000000 		.4byte	.LASF39
 455 02b9 03       		.byte	0x3
 456 02ba A401     		.2byte	0x1a4
 457 02bc CF020000 		.4byte	0x2cf
 458 02c0 0C       		.byte	0xc
 459 02c1 06       		.uleb128 0x6
 460 02c2 55030000 		.4byte	.LASF40
 461 02c6 03       		.byte	0x3
 462 02c7 AD01     		.2byte	0x1ad
 463 02c9 DF020000 		.4byte	0x2df
 464 02cd 3C       		.byte	0x3c
 465 02ce 00       		.byte	0
 466 02cf 12       		.uleb128 0x12
 467 02d0 89000000 		.4byte	0x89
 468 02d4 DF020000 		.4byte	0x2df
 469 02d8 13       		.uleb128 0x13
 470 02d9 26010000 		.4byte	0x126
 471 02dd 01       		.byte	0x1
 472 02de 00       		.byte	0
 473 02df 0C       		.uleb128 0xc
 474 02e0 F5010000 		.4byte	0x1f5
 475 02e4 03       		.uleb128 0x3
 476 02e5 01       		.byte	0x1
 477 02e6 02       		.byte	0x2
 478 02e7 D2020000 		.4byte	.LASF41
 479 02eb 14       		.uleb128 0x14
 480 02ec 22020000 		.4byte	.LASF42
 481 02f0 07       		.byte	0x7
 482 02f1 66       		.byte	0x66
 483 02f2 03       		.byte	0x3
 484 02f3 03030000 		.4byte	0x303
 485 02f7 15       		.uleb128 0x15
 486 02f8 89020000 		.4byte	.LASF44
 487 02fc 07       		.byte	0x7
 488 02fd 66       		.byte	0x66
 489 02fe 1B010000 		.4byte	0x11b
 490 0302 00       		.byte	0
 491 0303 14       		.uleb128 0x14
 492 0304 11020000 		.4byte	.LASF43
 493 0308 07       		.byte	0x7
 494 0309 7B       		.byte	0x7b
 495 030a 03       		.byte	0x3
 496 030b 1B030000 		.4byte	0x31b
 497 030f 15       		.uleb128 0x15
 498 0310 89020000 		.4byte	.LASF44
 499 0314 07       		.byte	0x7
 500 0315 7B       		.byte	0x7b
 501 0316 1B010000 		.4byte	0x11b
ARM GAS  /tmp/ccCTr4h4.s 			page 10


 502 031a 00       		.byte	0
 503 031b 16       		.uleb128 0x16
 504 031c F1010000 		.4byte	.LASF53
 505 0320 07       		.byte	0x7
 506 0321 70       		.byte	0x70
 507 0322 03       		.byte	0x3
 508 0323 17       		.uleb128 0x17
 509 0324 75000000 		.4byte	.LASF54
 510 0328 07       		.byte	0x7
 511 0329 87       		.byte	0x87
 512 032a 1B010000 		.4byte	0x11b
 513 032e 03       		.byte	0x3
 514 032f 18       		.uleb128 0x18
 515 0330 4E030000 		.4byte	.LASF45
 516 0334 01       		.byte	0x1
 517 0335 3C       		.byte	0x3c
 518 0336 00000000 		.4byte	.LFB81
 519 033a 08000000 		.4byte	.LFE81-.LFB81
 520 033e 01       		.uleb128 0x1
 521 033f 9C       		.byte	0x9c
 522 0340 4E030000 		.4byte	0x34e
 523 0344 19       		.uleb128 0x19
 524 0345 06000000 		.4byte	.LVL0
 525 0349 15040000 		.4byte	0x415
 526 034d 00       		.byte	0
 527 034e 18       		.uleb128 0x18
 528 034f EF020000 		.4byte	.LASF46
 529 0353 01       		.byte	0x1
 530 0354 4D       		.byte	0x4d
 531 0355 00000000 		.4byte	.LFB82
 532 0359 02000000 		.4byte	.LFE82-.LFB82
 533 035d 01       		.uleb128 0x1
 534 035e 9C       		.byte	0x9c
 535 035f 7A030000 		.4byte	0x37a
 536 0363 1A       		.uleb128 0x1a
 537 0364 64000000 		.4byte	.LASF48
 538 0368 01       		.byte	0x1
 539 0369 4D       		.byte	0x4d
 540 036a 1B010000 		.4byte	0x11b
 541 036e 01       		.uleb128 0x1
 542 036f 50       		.byte	0x50
 543 0370 1B       		.uleb128 0x1b
 544 0371 8E020000 		.4byte	.LASF49
 545 0375 8A030000 		.4byte	0x38a
 546 0379 00       		.byte	0
 547 037a 12       		.uleb128 0x12
 548 037b 00020000 		.4byte	0x200
 549 037f 8A030000 		.4byte	0x38a
 550 0383 13       		.uleb128 0x13
 551 0384 26010000 		.4byte	0x126
 552 0388 0C       		.byte	0xc
 553 0389 00       		.byte	0
 554 038a 0E       		.uleb128 0xe
 555 038b 7A030000 		.4byte	0x37a
 556 038f 1C       		.uleb128 0x1c
 557 0390 C3000000 		.4byte	.LASF55
 558 0394 01       		.byte	0x1
ARM GAS  /tmp/ccCTr4h4.s 			page 11


 559 0395 5B       		.byte	0x5b
 560 0396 00000000 		.4byte	.LFB83
 561 039a 02000000 		.4byte	.LFE83-.LFB83
 562 039e 01       		.uleb128 0x1
 563 039f 9C       		.byte	0x9c
 564 03a0 18       		.uleb128 0x18
 565 03a1 B9020000 		.4byte	.LASF47
 566 03a5 01       		.byte	0x1
 567 03a6 69       		.byte	0x69
 568 03a7 00000000 		.4byte	.LFB84
 569 03ab 02000000 		.4byte	.LFE84-.LFB84
 570 03af 01       		.uleb128 0x1
 571 03b0 9C       		.byte	0x9c
 572 03b1 CC030000 		.4byte	0x3cc
 573 03b5 1A       		.uleb128 0x1a
 574 03b6 64000000 		.4byte	.LASF48
 575 03ba 01       		.byte	0x1
 576 03bb 69       		.byte	0x69
 577 03bc 1B010000 		.4byte	0x11b
 578 03c0 01       		.uleb128 0x1
 579 03c1 50       		.byte	0x50
 580 03c2 1B       		.uleb128 0x1b
 581 03c3 8E020000 		.4byte	.LASF49
 582 03c7 DC030000 		.4byte	0x3dc
 583 03cb 00       		.byte	0
 584 03cc 12       		.uleb128 0x12
 585 03cd 00020000 		.4byte	0x200
 586 03d1 DC030000 		.4byte	0x3dc
 587 03d5 13       		.uleb128 0x13
 588 03d6 26010000 		.4byte	0x126
 589 03da 0A       		.byte	0xa
 590 03db 00       		.byte	0
 591 03dc 0E       		.uleb128 0xe
 592 03dd CC030000 		.4byte	0x3cc
 593 03e1 1D       		.uleb128 0x1d
 594 03e2 E7000000 		.4byte	.LASF56
 595 03e6 01       		.byte	0x1
 596 03e7 79       		.byte	0x79
 597 03e8 1B010000 		.4byte	0x11b
 598 03ec 00000000 		.4byte	.LFB85
 599 03f0 04000000 		.4byte	.LFE85-.LFB85
 600 03f4 01       		.uleb128 0x1
 601 03f5 9C       		.byte	0x9c
 602 03f6 04040000 		.4byte	0x404
 603 03fa 1B       		.uleb128 0x1b
 604 03fb 8E020000 		.4byte	.LASF49
 605 03ff 04040000 		.4byte	0x404
 606 0403 00       		.byte	0
 607 0404 0E       		.uleb128 0xe
 608 0405 CC030000 		.4byte	0x3cc
 609 0409 1E       		.uleb128 0x1e
 610 040a 6E696C00 		.ascii	"nil\000"
 611 040e 03       		.byte	0x3
 612 040f C203     		.2byte	0x3c2
 613 0411 74020000 		.4byte	0x274
 614 0415 1F       		.uleb128 0x1f
 615 0416 6E020000 		.4byte	.LASF57
ARM GAS  /tmp/ccCTr4h4.s 			page 12


 616 041a 07       		.byte	0x7
 617 041b 48       		.byte	0x48
 618 041c 00       		.byte	0
 619              		.section	.debug_abbrev,"",%progbits
 620              	.Ldebug_abbrev0:
 621 0000 01       		.uleb128 0x1
 622 0001 11       		.uleb128 0x11
 623 0002 01       		.byte	0x1
 624 0003 25       		.uleb128 0x25
 625 0004 0E       		.uleb128 0xe
 626 0005 13       		.uleb128 0x13
 627 0006 0B       		.uleb128 0xb
 628 0007 03       		.uleb128 0x3
 629 0008 0E       		.uleb128 0xe
 630 0009 1B       		.uleb128 0x1b
 631 000a 0E       		.uleb128 0xe
 632 000b 55       		.uleb128 0x55
 633 000c 17       		.uleb128 0x17
 634 000d 11       		.uleb128 0x11
 635 000e 01       		.uleb128 0x1
 636 000f 10       		.uleb128 0x10
 637 0010 17       		.uleb128 0x17
 638 0011 00       		.byte	0
 639 0012 00       		.byte	0
 640 0013 02       		.uleb128 0x2
 641 0014 24       		.uleb128 0x24
 642 0015 00       		.byte	0
 643 0016 0B       		.uleb128 0xb
 644 0017 0B       		.uleb128 0xb
 645 0018 3E       		.uleb128 0x3e
 646 0019 0B       		.uleb128 0xb
 647 001a 03       		.uleb128 0x3
 648 001b 08       		.uleb128 0x8
 649 001c 00       		.byte	0
 650 001d 00       		.byte	0
 651 001e 03       		.uleb128 0x3
 652 001f 24       		.uleb128 0x24
 653 0020 00       		.byte	0
 654 0021 0B       		.uleb128 0xb
 655 0022 0B       		.uleb128 0xb
 656 0023 3E       		.uleb128 0x3e
 657 0024 0B       		.uleb128 0xb
 658 0025 03       		.uleb128 0x3
 659 0026 0E       		.uleb128 0xe
 660 0027 00       		.byte	0
 661 0028 00       		.byte	0
 662 0029 04       		.uleb128 0x4
 663 002a 16       		.uleb128 0x16
 664 002b 00       		.byte	0
 665 002c 03       		.uleb128 0x3
 666 002d 0E       		.uleb128 0xe
 667 002e 3A       		.uleb128 0x3a
 668 002f 0B       		.uleb128 0xb
 669 0030 3B       		.uleb128 0x3b
 670 0031 0B       		.uleb128 0xb
 671 0032 49       		.uleb128 0x49
 672 0033 13       		.uleb128 0x13
ARM GAS  /tmp/ccCTr4h4.s 			page 13


 673 0034 00       		.byte	0
 674 0035 00       		.byte	0
 675 0036 05       		.uleb128 0x5
 676 0037 13       		.uleb128 0x13
 677 0038 01       		.byte	0x1
 678 0039 03       		.uleb128 0x3
 679 003a 0E       		.uleb128 0xe
 680 003b 0B       		.uleb128 0xb
 681 003c 0B       		.uleb128 0xb
 682 003d 3A       		.uleb128 0x3a
 683 003e 0B       		.uleb128 0xb
 684 003f 3B       		.uleb128 0x3b
 685 0040 05       		.uleb128 0x5
 686 0041 01       		.uleb128 0x1
 687 0042 13       		.uleb128 0x13
 688 0043 00       		.byte	0
 689 0044 00       		.byte	0
 690 0045 06       		.uleb128 0x6
 691 0046 0D       		.uleb128 0xd
 692 0047 00       		.byte	0
 693 0048 03       		.uleb128 0x3
 694 0049 0E       		.uleb128 0xe
 695 004a 3A       		.uleb128 0x3a
 696 004b 0B       		.uleb128 0xb
 697 004c 3B       		.uleb128 0x3b
 698 004d 05       		.uleb128 0x5
 699 004e 49       		.uleb128 0x49
 700 004f 13       		.uleb128 0x13
 701 0050 38       		.uleb128 0x38
 702 0051 0B       		.uleb128 0xb
 703 0052 00       		.byte	0
 704 0053 00       		.byte	0
 705 0054 07       		.uleb128 0x7
 706 0055 0D       		.uleb128 0xd
 707 0056 00       		.byte	0
 708 0057 03       		.uleb128 0x3
 709 0058 08       		.uleb128 0x8
 710 0059 3A       		.uleb128 0x3a
 711 005a 0B       		.uleb128 0xb
 712 005b 3B       		.uleb128 0x3b
 713 005c 05       		.uleb128 0x5
 714 005d 49       		.uleb128 0x49
 715 005e 13       		.uleb128 0x13
 716 005f 38       		.uleb128 0x38
 717 0060 0B       		.uleb128 0xb
 718 0061 00       		.byte	0
 719 0062 00       		.byte	0
 720 0063 08       		.uleb128 0x8
 721 0064 0F       		.uleb128 0xf
 722 0065 00       		.byte	0
 723 0066 0B       		.uleb128 0xb
 724 0067 0B       		.uleb128 0xb
 725 0068 00       		.byte	0
 726 0069 00       		.byte	0
 727 006a 09       		.uleb128 0x9
 728 006b 13       		.uleb128 0x13
 729 006c 01       		.byte	0x1
ARM GAS  /tmp/ccCTr4h4.s 			page 14


 730 006d 03       		.uleb128 0x3
 731 006e 0E       		.uleb128 0xe
 732 006f 0B       		.uleb128 0xb
 733 0070 0B       		.uleb128 0xb
 734 0071 3A       		.uleb128 0x3a
 735 0072 0B       		.uleb128 0xb
 736 0073 3B       		.uleb128 0x3b
 737 0074 0B       		.uleb128 0xb
 738 0075 01       		.uleb128 0x1
 739 0076 13       		.uleb128 0x13
 740 0077 00       		.byte	0
 741 0078 00       		.byte	0
 742 0079 0A       		.uleb128 0xa
 743 007a 0D       		.uleb128 0xd
 744 007b 00       		.byte	0
 745 007c 03       		.uleb128 0x3
 746 007d 08       		.uleb128 0x8
 747 007e 3A       		.uleb128 0x3a
 748 007f 0B       		.uleb128 0xb
 749 0080 3B       		.uleb128 0x3b
 750 0081 0B       		.uleb128 0xb
 751 0082 49       		.uleb128 0x49
 752 0083 13       		.uleb128 0x13
 753 0084 38       		.uleb128 0x38
 754 0085 0B       		.uleb128 0xb
 755 0086 00       		.byte	0
 756 0087 00       		.byte	0
 757 0088 0B       		.uleb128 0xb
 758 0089 16       		.uleb128 0x16
 759 008a 00       		.byte	0
 760 008b 03       		.uleb128 0x3
 761 008c 0E       		.uleb128 0xe
 762 008d 3A       		.uleb128 0x3a
 763 008e 0B       		.uleb128 0xb
 764 008f 3B       		.uleb128 0x3b
 765 0090 05       		.uleb128 0x5
 766 0091 49       		.uleb128 0x49
 767 0092 13       		.uleb128 0x13
 768 0093 00       		.byte	0
 769 0094 00       		.byte	0
 770 0095 0C       		.uleb128 0xc
 771 0096 35       		.uleb128 0x35
 772 0097 00       		.byte	0
 773 0098 49       		.uleb128 0x49
 774 0099 13       		.uleb128 0x13
 775 009a 00       		.byte	0
 776 009b 00       		.byte	0
 777 009c 0D       		.uleb128 0xd
 778 009d 0F       		.uleb128 0xf
 779 009e 00       		.byte	0
 780 009f 0B       		.uleb128 0xb
 781 00a0 0B       		.uleb128 0xb
 782 00a1 49       		.uleb128 0x49
 783 00a2 13       		.uleb128 0x13
 784 00a3 00       		.byte	0
 785 00a4 00       		.byte	0
 786 00a5 0E       		.uleb128 0xe
ARM GAS  /tmp/ccCTr4h4.s 			page 15


 787 00a6 26       		.uleb128 0x26
 788 00a7 00       		.byte	0
 789 00a8 49       		.uleb128 0x49
 790 00a9 13       		.uleb128 0x13
 791 00aa 00       		.byte	0
 792 00ab 00       		.byte	0
 793 00ac 0F       		.uleb128 0xf
 794 00ad 17       		.uleb128 0x17
 795 00ae 01       		.byte	0x1
 796 00af 0B       		.uleb128 0xb
 797 00b0 0B       		.uleb128 0xb
 798 00b1 3A       		.uleb128 0x3a
 799 00b2 0B       		.uleb128 0xb
 800 00b3 3B       		.uleb128 0x3b
 801 00b4 05       		.uleb128 0x5
 802 00b5 01       		.uleb128 0x1
 803 00b6 13       		.uleb128 0x13
 804 00b7 00       		.byte	0
 805 00b8 00       		.byte	0
 806 00b9 10       		.uleb128 0x10
 807 00ba 0D       		.uleb128 0xd
 808 00bb 00       		.byte	0
 809 00bc 03       		.uleb128 0x3
 810 00bd 08       		.uleb128 0x8
 811 00be 3A       		.uleb128 0x3a
 812 00bf 0B       		.uleb128 0xb
 813 00c0 3B       		.uleb128 0x3b
 814 00c1 05       		.uleb128 0x5
 815 00c2 49       		.uleb128 0x49
 816 00c3 13       		.uleb128 0x13
 817 00c4 00       		.byte	0
 818 00c5 00       		.byte	0
 819 00c6 11       		.uleb128 0x11
 820 00c7 0D       		.uleb128 0xd
 821 00c8 00       		.byte	0
 822 00c9 03       		.uleb128 0x3
 823 00ca 0E       		.uleb128 0xe
 824 00cb 3A       		.uleb128 0x3a
 825 00cc 0B       		.uleb128 0xb
 826 00cd 3B       		.uleb128 0x3b
 827 00ce 05       		.uleb128 0x5
 828 00cf 49       		.uleb128 0x49
 829 00d0 13       		.uleb128 0x13
 830 00d1 00       		.byte	0
 831 00d2 00       		.byte	0
 832 00d3 12       		.uleb128 0x12
 833 00d4 01       		.uleb128 0x1
 834 00d5 01       		.byte	0x1
 835 00d6 49       		.uleb128 0x49
 836 00d7 13       		.uleb128 0x13
 837 00d8 01       		.uleb128 0x1
 838 00d9 13       		.uleb128 0x13
 839 00da 00       		.byte	0
 840 00db 00       		.byte	0
 841 00dc 13       		.uleb128 0x13
 842 00dd 21       		.uleb128 0x21
 843 00de 00       		.byte	0
ARM GAS  /tmp/ccCTr4h4.s 			page 16


 844 00df 49       		.uleb128 0x49
 845 00e0 13       		.uleb128 0x13
 846 00e1 2F       		.uleb128 0x2f
 847 00e2 0B       		.uleb128 0xb
 848 00e3 00       		.byte	0
 849 00e4 00       		.byte	0
 850 00e5 14       		.uleb128 0x14
 851 00e6 2E       		.uleb128 0x2e
 852 00e7 01       		.byte	0x1
 853 00e8 03       		.uleb128 0x3
 854 00e9 0E       		.uleb128 0xe
 855 00ea 3A       		.uleb128 0x3a
 856 00eb 0B       		.uleb128 0xb
 857 00ec 3B       		.uleb128 0x3b
 858 00ed 0B       		.uleb128 0xb
 859 00ee 27       		.uleb128 0x27
 860 00ef 19       		.uleb128 0x19
 861 00f0 20       		.uleb128 0x20
 862 00f1 0B       		.uleb128 0xb
 863 00f2 01       		.uleb128 0x1
 864 00f3 13       		.uleb128 0x13
 865 00f4 00       		.byte	0
 866 00f5 00       		.byte	0
 867 00f6 15       		.uleb128 0x15
 868 00f7 05       		.uleb128 0x5
 869 00f8 00       		.byte	0
 870 00f9 03       		.uleb128 0x3
 871 00fa 0E       		.uleb128 0xe
 872 00fb 3A       		.uleb128 0x3a
 873 00fc 0B       		.uleb128 0xb
 874 00fd 3B       		.uleb128 0x3b
 875 00fe 0B       		.uleb128 0xb
 876 00ff 49       		.uleb128 0x49
 877 0100 13       		.uleb128 0x13
 878 0101 00       		.byte	0
 879 0102 00       		.byte	0
 880 0103 16       		.uleb128 0x16
 881 0104 2E       		.uleb128 0x2e
 882 0105 00       		.byte	0
 883 0106 03       		.uleb128 0x3
 884 0107 0E       		.uleb128 0xe
 885 0108 3A       		.uleb128 0x3a
 886 0109 0B       		.uleb128 0xb
 887 010a 3B       		.uleb128 0x3b
 888 010b 0B       		.uleb128 0xb
 889 010c 27       		.uleb128 0x27
 890 010d 19       		.uleb128 0x19
 891 010e 20       		.uleb128 0x20
 892 010f 0B       		.uleb128 0xb
 893 0110 00       		.byte	0
 894 0111 00       		.byte	0
 895 0112 17       		.uleb128 0x17
 896 0113 2E       		.uleb128 0x2e
 897 0114 00       		.byte	0
 898 0115 03       		.uleb128 0x3
 899 0116 0E       		.uleb128 0xe
 900 0117 3A       		.uleb128 0x3a
ARM GAS  /tmp/ccCTr4h4.s 			page 17


 901 0118 0B       		.uleb128 0xb
 902 0119 3B       		.uleb128 0x3b
 903 011a 0B       		.uleb128 0xb
 904 011b 27       		.uleb128 0x27
 905 011c 19       		.uleb128 0x19
 906 011d 49       		.uleb128 0x49
 907 011e 13       		.uleb128 0x13
 908 011f 20       		.uleb128 0x20
 909 0120 0B       		.uleb128 0xb
 910 0121 00       		.byte	0
 911 0122 00       		.byte	0
 912 0123 18       		.uleb128 0x18
 913 0124 2E       		.uleb128 0x2e
 914 0125 01       		.byte	0x1
 915 0126 3F       		.uleb128 0x3f
 916 0127 19       		.uleb128 0x19
 917 0128 03       		.uleb128 0x3
 918 0129 0E       		.uleb128 0xe
 919 012a 3A       		.uleb128 0x3a
 920 012b 0B       		.uleb128 0xb
 921 012c 3B       		.uleb128 0x3b
 922 012d 0B       		.uleb128 0xb
 923 012e 27       		.uleb128 0x27
 924 012f 19       		.uleb128 0x19
 925 0130 11       		.uleb128 0x11
 926 0131 01       		.uleb128 0x1
 927 0132 12       		.uleb128 0x12
 928 0133 06       		.uleb128 0x6
 929 0134 40       		.uleb128 0x40
 930 0135 18       		.uleb128 0x18
 931 0136 9742     		.uleb128 0x2117
 932 0138 19       		.uleb128 0x19
 933 0139 01       		.uleb128 0x1
 934 013a 13       		.uleb128 0x13
 935 013b 00       		.byte	0
 936 013c 00       		.byte	0
 937 013d 19       		.uleb128 0x19
 938 013e 898201   		.uleb128 0x4109
 939 0141 00       		.byte	0
 940 0142 11       		.uleb128 0x11
 941 0143 01       		.uleb128 0x1
 942 0144 31       		.uleb128 0x31
 943 0145 13       		.uleb128 0x13
 944 0146 00       		.byte	0
 945 0147 00       		.byte	0
 946 0148 1A       		.uleb128 0x1a
 947 0149 05       		.uleb128 0x5
 948 014a 00       		.byte	0
 949 014b 03       		.uleb128 0x3
 950 014c 0E       		.uleb128 0xe
 951 014d 3A       		.uleb128 0x3a
 952 014e 0B       		.uleb128 0xb
 953 014f 3B       		.uleb128 0x3b
 954 0150 0B       		.uleb128 0xb
 955 0151 49       		.uleb128 0x49
 956 0152 13       		.uleb128 0x13
 957 0153 02       		.uleb128 0x2
ARM GAS  /tmp/ccCTr4h4.s 			page 18


 958 0154 18       		.uleb128 0x18
 959 0155 00       		.byte	0
 960 0156 00       		.byte	0
 961 0157 1B       		.uleb128 0x1b
 962 0158 34       		.uleb128 0x34
 963 0159 00       		.byte	0
 964 015a 03       		.uleb128 0x3
 965 015b 0E       		.uleb128 0xe
 966 015c 49       		.uleb128 0x49
 967 015d 13       		.uleb128 0x13
 968 015e 34       		.uleb128 0x34
 969 015f 19       		.uleb128 0x19
 970 0160 00       		.byte	0
 971 0161 00       		.byte	0
 972 0162 1C       		.uleb128 0x1c
 973 0163 2E       		.uleb128 0x2e
 974 0164 00       		.byte	0
 975 0165 3F       		.uleb128 0x3f
 976 0166 19       		.uleb128 0x19
 977 0167 03       		.uleb128 0x3
 978 0168 0E       		.uleb128 0xe
 979 0169 3A       		.uleb128 0x3a
 980 016a 0B       		.uleb128 0xb
 981 016b 3B       		.uleb128 0x3b
 982 016c 0B       		.uleb128 0xb
 983 016d 27       		.uleb128 0x27
 984 016e 19       		.uleb128 0x19
 985 016f 11       		.uleb128 0x11
 986 0170 01       		.uleb128 0x1
 987 0171 12       		.uleb128 0x12
 988 0172 06       		.uleb128 0x6
 989 0173 40       		.uleb128 0x40
 990 0174 18       		.uleb128 0x18
 991 0175 9742     		.uleb128 0x2117
 992 0177 19       		.uleb128 0x19
 993 0178 00       		.byte	0
 994 0179 00       		.byte	0
 995 017a 1D       		.uleb128 0x1d
 996 017b 2E       		.uleb128 0x2e
 997 017c 01       		.byte	0x1
 998 017d 3F       		.uleb128 0x3f
 999 017e 19       		.uleb128 0x19
 1000 017f 03       		.uleb128 0x3
 1001 0180 0E       		.uleb128 0xe
 1002 0181 3A       		.uleb128 0x3a
 1003 0182 0B       		.uleb128 0xb
 1004 0183 3B       		.uleb128 0x3b
 1005 0184 0B       		.uleb128 0xb
 1006 0185 27       		.uleb128 0x27
 1007 0186 19       		.uleb128 0x19
 1008 0187 49       		.uleb128 0x49
 1009 0188 13       		.uleb128 0x13
 1010 0189 11       		.uleb128 0x11
 1011 018a 01       		.uleb128 0x1
 1012 018b 12       		.uleb128 0x12
 1013 018c 06       		.uleb128 0x6
 1014 018d 40       		.uleb128 0x40
ARM GAS  /tmp/ccCTr4h4.s 			page 19


 1015 018e 18       		.uleb128 0x18
 1016 018f 9742     		.uleb128 0x2117
 1017 0191 19       		.uleb128 0x19
 1018 0192 01       		.uleb128 0x1
 1019 0193 13       		.uleb128 0x13
 1020 0194 00       		.byte	0
 1021 0195 00       		.byte	0
 1022 0196 1E       		.uleb128 0x1e
 1023 0197 34       		.uleb128 0x34
 1024 0198 00       		.byte	0
 1025 0199 03       		.uleb128 0x3
 1026 019a 08       		.uleb128 0x8
 1027 019b 3A       		.uleb128 0x3a
 1028 019c 0B       		.uleb128 0xb
 1029 019d 3B       		.uleb128 0x3b
 1030 019e 05       		.uleb128 0x5
 1031 019f 49       		.uleb128 0x49
 1032 01a0 13       		.uleb128 0x13
 1033 01a1 3F       		.uleb128 0x3f
 1034 01a2 19       		.uleb128 0x19
 1035 01a3 3C       		.uleb128 0x3c
 1036 01a4 19       		.uleb128 0x19
 1037 01a5 00       		.byte	0
 1038 01a6 00       		.byte	0
 1039 01a7 1F       		.uleb128 0x1f
 1040 01a8 2E       		.uleb128 0x2e
 1041 01a9 00       		.byte	0
 1042 01aa 3F       		.uleb128 0x3f
 1043 01ab 19       		.uleb128 0x19
 1044 01ac 03       		.uleb128 0x3
 1045 01ad 0E       		.uleb128 0xe
 1046 01ae 3A       		.uleb128 0x3a
 1047 01af 0B       		.uleb128 0xb
 1048 01b0 3B       		.uleb128 0x3b
 1049 01b1 0B       		.uleb128 0xb
 1050 01b2 27       		.uleb128 0x27
 1051 01b3 19       		.uleb128 0x19
 1052 01b4 3C       		.uleb128 0x3c
 1053 01b5 19       		.uleb128 0x19
 1054 01b6 00       		.byte	0
 1055 01b7 00       		.byte	0
 1056 01b8 00       		.byte	0
 1057              		.section	.debug_aranges,"",%progbits
 1058 0000 3C000000 		.4byte	0x3c
 1059 0004 0200     		.2byte	0x2
 1060 0006 00000000 		.4byte	.Ldebug_info0
 1061 000a 04       		.byte	0x4
 1062 000b 00       		.byte	0
 1063 000c 0000     		.2byte	0
 1064 000e 0000     		.2byte	0
 1065 0010 00000000 		.4byte	.LFB81
 1066 0014 08000000 		.4byte	.LFE81-.LFB81
 1067 0018 00000000 		.4byte	.LFB82
 1068 001c 02000000 		.4byte	.LFE82-.LFB82
 1069 0020 00000000 		.4byte	.LFB83
 1070 0024 02000000 		.4byte	.LFE83-.LFB83
 1071 0028 00000000 		.4byte	.LFB84
ARM GAS  /tmp/ccCTr4h4.s 			page 20


 1072 002c 02000000 		.4byte	.LFE84-.LFB84
 1073 0030 00000000 		.4byte	.LFB85
 1074 0034 04000000 		.4byte	.LFE85-.LFB85
 1075 0038 00000000 		.4byte	0
 1076 003c 00000000 		.4byte	0
 1077              		.section	.debug_ranges,"",%progbits
 1078              	.Ldebug_ranges0:
 1079 0000 00000000 		.4byte	.LFB81
 1080 0004 08000000 		.4byte	.LFE81
 1081 0008 00000000 		.4byte	.LFB82
 1082 000c 02000000 		.4byte	.LFE82
 1083 0010 00000000 		.4byte	.LFB83
 1084 0014 02000000 		.4byte	.LFE83
 1085 0018 00000000 		.4byte	.LFB84
 1086 001c 02000000 		.4byte	.LFE84
 1087 0020 00000000 		.4byte	.LFB85
 1088 0024 04000000 		.4byte	.LFE85
 1089 0028 00000000 		.4byte	0
 1090 002c 00000000 		.4byte	0
 1091              		.section	.debug_line,"",%progbits
 1092              	.Ldebug_line0:
 1093 0000 4A010000 		.section	.debug_str,"MS",%progbits,1
 1093      0200EF00 
 1093      00000201 
 1093      FB0E0D00 
 1093      01010101 
 1094              	.LASF11:
 1095 0000 74687265 		.ascii	"thread_t\000"
 1095      61645F74 
 1095      00
 1096              	.LASF15:
 1097 0009 65706D61 		.ascii	"epmask\000"
 1097      736B00
 1098              	.LASF13:
 1099 0010 73746174 		.ascii	"state\000"
 1099      6500
 1100              	.LASF9:
 1101 0016 75696E74 		.ascii	"uint64_t\000"
 1101      36345F74 
 1101      00
 1102              	.LASF2:
 1103 001f 73686F72 		.ascii	"short int\000"
 1103      7420696E 
 1103      7400
 1104              	.LASF22:
 1105 0029 73697A65 		.ascii	"sizetype\000"
 1105      74797065 
 1105      00
 1106              	.LASF34:
 1107 0032 6E696C5F 		.ascii	"nil_system_t\000"
 1107      73797374 
 1107      656D5F74 
 1107      00
 1108              	.LASF3:
 1109 003f 6C6F6E67 		.ascii	"long long int\000"
 1109      206C6F6E 
 1109      6720696E 
ARM GAS  /tmp/ccCTr4h4.s 			page 21


 1109      7400
 1110              	.LASF19:
 1111 004d 6576656E 		.ascii	"eventmask_t\000"
 1111      746D6173 
 1111      6B5F7400 
 1112              	.LASF25:
 1113 0059 6E696C5F 		.ascii	"nil_thread\000"
 1113      74687265 
 1113      616400
 1114              	.LASF48:
 1115 0064 61627374 		.ascii	"abstime\000"
 1115      696D6500 
 1116              	.LASF23:
 1117 006c 72656761 		.ascii	"regarm_t\000"
 1117      726D5F74 
 1117      00
 1118              	.LASF54:
 1119 0075 73745F6C 		.ascii	"st_lld_get_alarm\000"
 1119      6C645F67 
 1119      65745F61 
 1119      6C61726D 
 1119      00
 1120              	.LASF5:
 1121 0086 75696E74 		.ascii	"uint8_t\000"
 1121      385F7400 
 1122              	.LASF35:
 1123 008e 6E696C5F 		.ascii	"nil_system\000"
 1123      73797374 
 1123      656D00
 1124              	.LASF28:
 1125 0099 73656D61 		.ascii	"semaphore_t\000"
 1125      70686F72 
 1125      655F7400 
 1126              	.LASF38:
 1127 00a5 73797374 		.ascii	"systime\000"
 1127      696D6500 
 1128              	.LASF39:
 1129 00ad 74687265 		.ascii	"threads\000"
 1129      61647300 
 1130              	.LASF29:
 1131 00b5 6E696C5F 		.ascii	"nil_semaphore\000"
 1131      73656D61 
 1131      70686F72 
 1131      6500
 1132              	.LASF55:
 1133 00c3 73745374 		.ascii	"stStopAlarm\000"
 1133      6F70416C 
 1133      61726D00 
 1134              	.LASF51:
 1135 00cf 2E2E2F6F 		.ascii	"../os/hal/src/st.c\000"
 1135      732F6861 
 1135      6C2F7372 
 1135      632F7374 
 1135      2E6300
 1136              	.LASF12:
 1137 00e2 63747870 		.ascii	"ctxp\000"
 1137      00
ARM GAS  /tmp/ccCTr4h4.s 			page 22


 1138              	.LASF56:
 1139 00e7 73744765 		.ascii	"stGetAlarm\000"
 1139      74416C61 
 1139      726D00
 1140              	.LASF50:
 1141 00f2 474E5520 		.ascii	"GNU C 4.9.2 -mcpu=cortex-m0 -mfloat-abi=soft -mfp16"
 1141      4320342E 
 1141      392E3220 
 1141      2D6D6370 
 1141      753D636F 
 1142 0125 2D666F72 		.ascii	"-format=none -mno-thumb-interwork -mthumb -mfloat-a"
 1142      6D61743D 
 1142      6E6F6E65 
 1142      202D6D6E 
 1142      6F2D7468 
 1143 0158 62693D73 		.ascii	"bi=soft -mfpu=vfpv3-d16 -mtls-dialect=gnu -ggdb -O3"
 1143      6F667420 
 1143      2D6D6670 
 1143      753D7666 
 1143      7076332D 
 1144 018b 202D7374 		.ascii	" -std=gnu99 -fomit-frame-pointer -falign-functions="
 1144      643D676E 
 1144      75393920 
 1144      2D666F6D 
 1144      69742D66 
 1145 01be 3136202D 		.ascii	"16 -ffunction-sections -fdata-sections -fno-common\000"
 1145      6666756E 
 1145      6374696F 
 1145      6E2D7365 
 1145      6374696F 
 1146              	.LASF53:
 1147 01f1 73745F6C 		.ascii	"st_lld_stop_alarm\000"
 1147      6C645F73 
 1147      746F705F 
 1147      616C6172 
 1147      6D00
 1148              	.LASF6:
 1149 0203 756E7369 		.ascii	"unsigned char\000"
 1149      676E6564 
 1149      20636861 
 1149      7200
 1150              	.LASF43:
 1151 0211 73745F6C 		.ascii	"st_lld_set_alarm\000"
 1151      6C645F73 
 1151      65745F61 
 1151      6C61726D 
 1151      00
 1152              	.LASF42:
 1153 0222 73745F6C 		.ascii	"st_lld_start_alarm\000"
 1153      6C645F73 
 1153      74617274 
 1153      5F616C61 
 1153      726D00
 1154              	.LASF1:
 1155 0235 7369676E 		.ascii	"signed char\000"
 1155      65642063 
 1155      68617200 
ARM GAS  /tmp/ccCTr4h4.s 			page 23


 1156              	.LASF10:
 1157 0241 6C6F6E67 		.ascii	"long long unsigned int\000"
 1157      206C6F6E 
 1157      6720756E 
 1157      7369676E 
 1157      65642069 
 1158              	.LASF8:
 1159 0258 75696E74 		.ascii	"uint32_t\000"
 1159      33325F74 
 1159      00
 1160              	.LASF0:
 1161 0261 756E7369 		.ascii	"unsigned int\000"
 1161      676E6564 
 1161      20696E74 
 1161      00
 1162              	.LASF57:
 1163 026e 73745F6C 		.ascii	"st_lld_init\000"
 1163      6C645F69 
 1163      6E697400 
 1164              	.LASF33:
 1165 027a 65776D61 		.ascii	"ewmask\000"
 1165      736B00
 1166              	.LASF36:
 1167 0281 63757272 		.ascii	"current\000"
 1167      656E7400 
 1168              	.LASF44:
 1169 0289 74696D65 		.ascii	"time\000"
 1169      00
 1170              	.LASF49:
 1171 028e 5F5F6675 		.ascii	"__func__\000"
 1171      6E635F5F 
 1171      00
 1172              	.LASF7:
 1173 0297 73686F72 		.ascii	"short unsigned int\000"
 1173      7420756E 
 1173      7369676E 
 1173      65642069 
 1173      6E7400
 1174              	.LASF21:
 1175 02aa 73797374 		.ascii	"systime_t\000"
 1175      696D655F 
 1175      7400
 1176              	.LASF30:
 1177 02b4 63686172 		.ascii	"char\000"
 1177      00
 1178              	.LASF47:
 1179 02b9 73745365 		.ascii	"stSetAlarm\000"
 1179      74416C61 
 1179      726D00
 1180              	.LASF4:
 1181 02c4 696E7433 		.ascii	"int32_t\000"
 1181      325F7400 
 1182              	.LASF20:
 1183 02cc 636E745F 		.ascii	"cnt_t\000"
 1183      7400
 1184              	.LASF41:
 1185 02d2 5F426F6F 		.ascii	"_Bool\000"
ARM GAS  /tmp/ccCTr4h4.s 			page 24


 1185      6C00
 1186              	.LASF24:
 1187 02d8 73746B61 		.ascii	"stkalign_t\000"
 1187      6C69676E 
 1187      5F7400
 1188              	.LASF26:
 1189 02e3 706F7274 		.ascii	"port_intctx\000"
 1189      5F696E74 
 1189      63747800 
 1190              	.LASF46:
 1191 02ef 73745374 		.ascii	"stStartAlarm\000"
 1191      61727441 
 1191      6C61726D 
 1191      00
 1192              	.LASF32:
 1193 02fc 73656D70 		.ascii	"semp\000"
 1193      00
 1194              	.LASF31:
 1195 0301 74687265 		.ascii	"thread_reference_t\000"
 1195      61645F72 
 1195      65666572 
 1195      656E6365 
 1195      5F7400
 1196              	.LASF17:
 1197 0314 74737461 		.ascii	"tstate_t\000"
 1197      74655F74 
 1197      00
 1198              	.LASF52:
 1199 031d 2F686F6D 		.ascii	"/home/bunnie/code/chibi-chibios/orchard\000"
 1199      652F6275 
 1199      6E6E6965 
 1199      2F636F64 
 1199      652F6368 
 1200              	.LASF27:
 1201 0345 696E7463 		.ascii	"intctx_t\000"
 1201      74785F74 
 1201      00
 1202              	.LASF45:
 1203 034e 7374496E 		.ascii	"stInit\000"
 1203      697400
 1204              	.LASF40:
 1205 0355 6462675F 		.ascii	"dbg_panic_msg\000"
 1205      70616E69 
 1205      635F6D73 
 1205      6700
 1206              	.LASF16:
 1207 0363 73746B6C 		.ascii	"stklim\000"
 1207      696D00
 1208              	.LASF18:
 1209 036a 6D73675F 		.ascii	"msg_t\000"
 1209      7400
 1210              	.LASF14:
 1211 0370 74696D65 		.ascii	"timeout\000"
 1211      6F757400 
 1212              	.LASF37:
 1213 0378 6E657874 		.ascii	"next\000"
 1213      00
ARM GAS  /tmp/ccCTr4h4.s 			page 25


 1214              		.ident	"GCC: (Debian 4.9.2-10) 4.9.2"
 1215              		.section	.note.GNU-stack,"",%progbits
ARM GAS  /tmp/ccCTr4h4.s 			page 26


DEFINED SYMBOLS
                            *ABS*:00000000 st.c
     /tmp/ccCTr4h4.s:18     .text.stInit:00000000 $t
     /tmp/ccCTr4h4.s:24     .text.stInit:00000000 stInit
     /tmp/ccCTr4h4.s:43     .text.stStartAlarm:00000000 $t
     /tmp/ccCTr4h4.s:49     .text.stStartAlarm:00000000 stStartAlarm
     /tmp/ccCTr4h4.s:61     .text.stStopAlarm:00000000 $t
     /tmp/ccCTr4h4.s:67     .text.stStopAlarm:00000000 stStopAlarm
     /tmp/ccCTr4h4.s:78     .text.stSetAlarm:00000000 $t
     /tmp/ccCTr4h4.s:84     .text.stSetAlarm:00000000 stSetAlarm
     /tmp/ccCTr4h4.s:96     .text.stGetAlarm:00000000 $t
     /tmp/ccCTr4h4.s:102    .text.stGetAlarm:00000000 stGetAlarm
                     .debug_frame:00000010 $d

UNDEFINED SYMBOLS
st_lld_init
