ARM GAS  /tmp/ccdIdC3T.s 			page 1


   1              		.cpu cortex-m0
   2              		.fpu softvfp
   3              		.eabi_attribute 20, 1
   4              		.eabi_attribute 21, 1
   5              		.eabi_attribute 23, 3
   6              		.eabi_attribute 24, 1
   7              		.eabi_attribute 25, 1
   8              		.eabi_attribute 26, 2
   9              		.eabi_attribute 30, 2
  10              		.eabi_attribute 34, 0
  11              		.eabi_attribute 18, 4
  12              		.code	16
  13              		.file	"syscalls.cpp"
  14              		.text
  15              	.Ltext0:
  16              		.cfi_sections	.debug_frame
  17              		.global	SysCall_Table
  18              		.section	.data.SysCall_Table,"aw",%progbits
  19              		.align	2
  20              		.type	SysCall_Table, %object
  21              		.size	SysCall_Table, 220
  22              	SysCall_Table:
  23 0000 00000000 		.word	__aeabi_memcpy8
  24 0004 00000000 		.word	__aeabi_memcpy4
  25 0008 00000000 		.word	__aeabi_memcpy
  26 000c 00000000 		.word	__aeabi_memmove8
  27 0010 00000000 		.word	__aeabi_memmove4
  28 0014 00000000 		.word	__aeabi_memmove
  29 0018 00000000 		.word	__aeabi_memset8
  30 001c 00000000 		.word	__aeabi_memset4
  31 0020 00000000 		.word	__aeabi_memset
  32 0024 00000000 		.word	__aeabi_memclr8
  33 0028 00000000 		.word	__aeabi_memclr4
  34 002c 00000000 		.word	__aeabi_memclr
  35 0030 00000000 		.word	__eqdf2
  36 0034 00000000 		.word	__gedf2
  37 0038 00000000 		.word	__gtdf2
  38 003c 00000000 		.word	__ledf2
  39 0040 00000000 		.word	__ltdf2
  40 0044 00000000 		.word	__nedf2
  41 0048 00000000 		.word	__popcount_tab
  42 004c 00000000 		.word	__popcountsi2
  43 0050 00000000 		.word	__aeabi_cdcmpeq
  44 0054 00000000 		.word	__aeabi_cdcmple
  45 0058 00000000 		.word	__aeabi_cdrcmple
  46 005c 00000000 		.word	__muldi3
  47 0060 00000000 		.word	__aeabi_uidiv
  48 0064 00000000 		.word	__aeabi_uidivmod
  49 0068 00000000 		.word	__aeabi_uldivmod
  50 006c 00000000 		.word	__aeabi_idiv
  51 0070 00000000 		.word	__aeabi_idivmod
  52 0074 00000000 		.word	__aeabi_lasr
  53 0078 00000000 		.word	__aeabi_ldivmod
  54 007c 00000000 		.word	__aeabi_llsl
  55 0080 00000000 		.word	__aeabi_llsr
  56 0084 00000000 		.word	__aeabi_lmul
  57 0088 00000000 		.word	_Z7pinModei8pin_mode
ARM GAS  /tmp/ccdIdC3T.s 			page 2


  58 008c 00000000 		.word	_Z12digitalWriteii
  59 0090 00000000 		.word	_Z11digitalReadi
  60 0094 00000000 		.word	_Z11analogWriteii
  61 0098 00000000 		.word	_Z15analogReference21analog_reference_type
  62 009c 00000000 		.word	_Z10analogReadi
  63 00a0 00000000 		.word	_Z15attachInterruptiPFvvE8irq_mode
  64 00a4 00000000 		.word	_Z15detachInterrupti
  65 00a8 00000000 		.word	_Z4toneijm
  66 00ac 00000000 		.word	_Z6noTonei
  67 00b0 00000000 		.word	_Z8shiftOutiiih
  68 00b4 00000000 		.word	_Z7shiftIniii
  69 00b8 00000000 		.word	_Z7pulseInihm
  70 00bc 00000000 		.word	_Z11pulseInLongihm
  71 00c0 00000000 		.word	_Z6millisv
  72 00c4 00000000 		.word	_Z6microsv
  73 00c8 00000000 		.word	_Z5delaym
  74 00cc 00000000 		.word	_Z17delayMicrosecondsj
  75 00d0 00000000 		.word	_Z3maplllll
  76 00d4 00000000 		.word	_Z6randomll
  77 00d8 00000000 		.word	_Z10randomSeedm
  78              		.text
  79              	.Letext0:
  80              		.file 1 "syscalls.cpp"
  81              		.file 2 "/usr/include/stdint.h"
  82              		.section	.debug_info,"",%progbits
  83              	.Ldebug_info0:
  84 0000 01020000 		.4byte	0x201
  85 0004 0400     		.2byte	0x4
  86 0006 00000000 		.4byte	.Ldebug_abbrev0
  87 000a 04       		.byte	0x4
  88 000b 01       		.uleb128 0x1
  89 000c 06010000 		.4byte	.LASF43
  90 0010 04       		.byte	0x4
  91 0011 96020000 		.4byte	.LASF44
  92 0015 6F000000 		.4byte	.LASF45
  93 0019 00000000 		.4byte	.Ldebug_line0
  94 001d 02       		.uleb128 0x2
  95 001e 01       		.byte	0x1
  96 001f 06       		.byte	0x6
  97 0020 7C030000 		.4byte	.LASF0
  98 0024 02       		.uleb128 0x2
  99 0025 02       		.byte	0x2
 100 0026 05       		.byte	0x5
 101 0027 4B030000 		.4byte	.LASF1
 102 002b 03       		.uleb128 0x3
 103 002c 04       		.byte	0x4
 104 002d 05       		.byte	0x5
 105 002e 696E7400 		.ascii	"int\000"
 106 0032 02       		.uleb128 0x2
 107 0033 08       		.byte	0x8
 108 0034 05       		.byte	0x5
 109 0035 03030000 		.4byte	.LASF2
 110 0039 02       		.uleb128 0x2
 111 003a 01       		.byte	0x1
 112 003b 08       		.byte	0x8
 113 003c DC000000 		.4byte	.LASF3
 114 0040 02       		.uleb128 0x2
ARM GAS  /tmp/ccdIdC3T.s 			page 3


 115 0041 02       		.byte	0x2
 116 0042 07       		.byte	0x7
 117 0043 F3000000 		.4byte	.LASF4
 118 0047 04       		.uleb128 0x4
 119 0048 73030000 		.4byte	.LASF46
 120 004c 02       		.byte	0x2
 121 004d 33       		.byte	0x33
 122 004e 52000000 		.4byte	0x52
 123 0052 02       		.uleb128 0x2
 124 0053 04       		.byte	0x4
 125 0054 07       		.byte	0x7
 126 0055 65020000 		.4byte	.LASF5
 127 0059 02       		.uleb128 0x2
 128 005a 08       		.byte	0x8
 129 005b 07       		.byte	0x7
 130 005c 7F020000 		.4byte	.LASF6
 131 0060 05       		.uleb128 0x5
 132 0061 1A030000 		.4byte	.LASF7
 133 0065 01       		.byte	0x1
 134 0066 04       		.byte	0x4
 135 0067 47000000 		.4byte	0x47
 136 006b 05       		.uleb128 0x5
 137 006c F3020000 		.4byte	.LASF8
 138 0070 01       		.byte	0x1
 139 0071 05       		.byte	0x5
 140 0072 47000000 		.4byte	0x47
 141 0076 05       		.uleb128 0x5
 142 0077 55030000 		.4byte	.LASF9
 143 007b 01       		.byte	0x1
 144 007c 06       		.byte	0x6
 145 007d 47000000 		.4byte	0x47
 146 0081 05       		.uleb128 0x5
 147 0082 D2020000 		.4byte	.LASF10
 148 0086 01       		.byte	0x1
 149 0087 07       		.byte	0x7
 150 0088 47000000 		.4byte	0x47
 151 008c 05       		.uleb128 0x5
 152 008d A3020000 		.4byte	.LASF11
 153 0091 01       		.byte	0x1
 154 0092 08       		.byte	0x8
 155 0093 47000000 		.4byte	0x47
 156 0097 05       		.uleb128 0x5
 157 0098 BE000000 		.4byte	.LASF12
 158 009c 01       		.byte	0x1
 159 009d 09       		.byte	0x9
 160 009e 47000000 		.4byte	0x47
 161 00a2 05       		.uleb128 0x5
 162 00a3 E3020000 		.4byte	.LASF13
 163 00a7 01       		.byte	0x1
 164 00a8 0A       		.byte	0xa
 165 00a9 47000000 		.4byte	0x47
 166 00ad 05       		.uleb128 0x5
 167 00ae B4020000 		.4byte	.LASF14
 168 00b2 01       		.byte	0x1
 169 00b3 0B       		.byte	0xb
 170 00b4 47000000 		.4byte	0x47
 171 00b8 05       		.uleb128 0x5
ARM GAS  /tmp/ccdIdC3T.s 			page 4


 172 00b9 56020000 		.4byte	.LASF15
 173 00bd 01       		.byte	0x1
 174 00be 0C       		.byte	0xc
 175 00bf 47000000 		.4byte	0x47
 176 00c3 05       		.uleb128 0x5
 177 00c4 36020000 		.4byte	.LASF16
 178 00c8 01       		.byte	0x1
 179 00c9 0D       		.byte	0xd
 180 00ca 47000000 		.4byte	0x47
 181 00ce 05       		.uleb128 0x5
 182 00cf 16020000 		.4byte	.LASF17
 183 00d3 01       		.byte	0x1
 184 00d4 0E       		.byte	0xe
 185 00d5 47000000 		.4byte	0x47
 186 00d9 05       		.uleb128 0x5
 187 00da 64030000 		.4byte	.LASF18
 188 00de 01       		.byte	0x1
 189 00df 0F       		.byte	0xf
 190 00e0 47000000 		.4byte	0x47
 191 00e4 05       		.uleb128 0x5
 192 00e5 19000000 		.4byte	.LASF19
 193 00e9 01       		.byte	0x1
 194 00ea 10       		.byte	0x10
 195 00eb 47000000 		.4byte	0x47
 196 00ef 05       		.uleb128 0x5
 197 00f0 00000000 		.4byte	.LASF20
 198 00f4 01       		.byte	0x1
 199 00f5 11       		.byte	0x11
 200 00f6 47000000 		.4byte	0x47
 201 00fa 05       		.uleb128 0x5
 202 00fb 5A000000 		.4byte	.LASF21
 203 00ff 01       		.byte	0x1
 204 0100 12       		.byte	0x12
 205 0101 47000000 		.4byte	0x47
 206 0105 05       		.uleb128 0x5
 207 0106 06020000 		.4byte	.LASF22
 208 010a 01       		.byte	0x1
 209 010b 13       		.byte	0x13
 210 010c 47000000 		.4byte	0x47
 211 0110 05       		.uleb128 0x5
 212 0111 0E020000 		.4byte	.LASF23
 213 0115 01       		.byte	0x1
 214 0116 14       		.byte	0x14
 215 0117 47000000 		.4byte	0x47
 216 011b 05       		.uleb128 0x5
 217 011c 97000000 		.4byte	.LASF24
 218 0120 01       		.byte	0x1
 219 0121 15       		.byte	0x15
 220 0122 47000000 		.4byte	0x47
 221 0126 05       		.uleb128 0x5
 222 0127 31000000 		.4byte	.LASF25
 223 012b 01       		.byte	0x1
 224 012c 16       		.byte	0x16
 225 012d 47000000 		.4byte	0x47
 226 0131 05       		.uleb128 0x5
 227 0132 C4020000 		.4byte	.LASF26
 228 0136 01       		.byte	0x1
ARM GAS  /tmp/ccdIdC3T.s 			page 5


 229 0137 17       		.byte	0x17
 230 0138 47000000 		.4byte	0x47
 231 013c 05       		.uleb128 0x5
 232 013d 21000000 		.4byte	.LASF27
 233 0141 01       		.byte	0x1
 234 0142 18       		.byte	0x18
 235 0143 47000000 		.4byte	0x47
 236 0147 05       		.uleb128 0x5
 237 0148 2A030000 		.4byte	.LASF28
 238 014c 01       		.byte	0x1
 239 014d 19       		.byte	0x19
 240 014e 47000000 		.4byte	0x47
 241 0152 05       		.uleb128 0x5
 242 0153 9F000000 		.4byte	.LASF29
 243 0157 01       		.byte	0x1
 244 0158 1A       		.byte	0x1a
 245 0159 47000000 		.4byte	0x47
 246 015d 05       		.uleb128 0x5
 247 015e EA000000 		.4byte	.LASF30
 248 0162 01       		.byte	0x1
 249 0163 1B       		.byte	0x1b
 250 0164 47000000 		.4byte	0x47
 251 0168 05       		.uleb128 0x5
 252 0169 CE000000 		.4byte	.LASF31
 253 016d 01       		.byte	0x1
 254 016e 1C       		.byte	0x1c
 255 016f 47000000 		.4byte	0x47
 256 0173 05       		.uleb128 0x5
 257 0174 3A030000 		.4byte	.LASF32
 258 0178 01       		.byte	0x1
 259 0179 1D       		.byte	0x1d
 260 017a 47000000 		.4byte	0x47
 261 017e 05       		.uleb128 0x5
 262 017f 08000000 		.4byte	.LASF33
 263 0183 01       		.byte	0x1
 264 0184 1E       		.byte	0x1e
 265 0185 47000000 		.4byte	0x47
 266 0189 05       		.uleb128 0x5
 267 018a 4D000000 		.4byte	.LASF34
 268 018e 01       		.byte	0x1
 269 018f 1F       		.byte	0x1f
 270 0190 47000000 		.4byte	0x47
 271 0194 05       		.uleb128 0x5
 272 0195 26020000 		.4byte	.LASF35
 273 0199 01       		.byte	0x1
 274 019a 20       		.byte	0x20
 275 019b 47000000 		.4byte	0x47
 276 019f 05       		.uleb128 0x5
 277 01a0 88030000 		.4byte	.LASF36
 278 01a4 01       		.byte	0x1
 279 01a5 21       		.byte	0x21
 280 01a6 47000000 		.4byte	0x47
 281 01aa 05       		.uleb128 0x5
 282 01ab 46020000 		.4byte	.LASF37
 283 01af 01       		.byte	0x1
 284 01b0 22       		.byte	0x22
 285 01b1 47000000 		.4byte	0x47
ARM GAS  /tmp/ccdIdC3T.s 			page 6


 286 01b5 05       		.uleb128 0x5
 287 01b6 40000000 		.4byte	.LASF38
 288 01ba 01       		.byte	0x1
 289 01bb 23       		.byte	0x23
 290 01bc 47000000 		.4byte	0x47
 291 01c0 05       		.uleb128 0x5
 292 01c1 62000000 		.4byte	.LASF39
 293 01c5 01       		.byte	0x1
 294 01c6 24       		.byte	0x24
 295 01c7 47000000 		.4byte	0x47
 296 01cb 05       		.uleb128 0x5
 297 01cc 72020000 		.4byte	.LASF40
 298 01d0 01       		.byte	0x1
 299 01d1 25       		.byte	0x25
 300 01d2 47000000 		.4byte	0x47
 301 01d6 06       		.uleb128 0x6
 302 01d7 ED010000 		.4byte	0x1ed
 303 01db E6010000 		.4byte	0x1e6
 304 01df 07       		.uleb128 0x7
 305 01e0 E6010000 		.4byte	0x1e6
 306 01e4 36       		.byte	0x36
 307 01e5 00       		.byte	0
 308 01e6 02       		.uleb128 0x2
 309 01e7 04       		.byte	0x4
 310 01e8 07       		.byte	0x7
 311 01e9 11030000 		.4byte	.LASF41
 312 01ed 08       		.uleb128 0x8
 313 01ee 04       		.byte	0x4
 314 01ef 47000000 		.4byte	0x47
 315 01f3 09       		.uleb128 0x9
 316 01f4 B0000000 		.4byte	.LASF42
 317 01f8 01       		.byte	0x1
 318 01f9 3C       		.byte	0x3c
 319 01fa D6010000 		.4byte	0x1d6
 320 01fe 05       		.uleb128 0x5
 321 01ff 03       		.byte	0x3
 322 0200 00000000 		.4byte	SysCall_Table
 323 0204 00       		.byte	0
 324              		.section	.debug_abbrev,"",%progbits
 325              	.Ldebug_abbrev0:
 326 0000 01       		.uleb128 0x1
 327 0001 11       		.uleb128 0x11
 328 0002 01       		.byte	0x1
 329 0003 25       		.uleb128 0x25
 330 0004 0E       		.uleb128 0xe
 331 0005 13       		.uleb128 0x13
 332 0006 0B       		.uleb128 0xb
 333 0007 03       		.uleb128 0x3
 334 0008 0E       		.uleb128 0xe
 335 0009 1B       		.uleb128 0x1b
 336 000a 0E       		.uleb128 0xe
 337 000b 10       		.uleb128 0x10
 338 000c 17       		.uleb128 0x17
 339 000d 00       		.byte	0
 340 000e 00       		.byte	0
 341 000f 02       		.uleb128 0x2
 342 0010 24       		.uleb128 0x24
ARM GAS  /tmp/ccdIdC3T.s 			page 7


 343 0011 00       		.byte	0
 344 0012 0B       		.uleb128 0xb
 345 0013 0B       		.uleb128 0xb
 346 0014 3E       		.uleb128 0x3e
 347 0015 0B       		.uleb128 0xb
 348 0016 03       		.uleb128 0x3
 349 0017 0E       		.uleb128 0xe
 350 0018 00       		.byte	0
 351 0019 00       		.byte	0
 352 001a 03       		.uleb128 0x3
 353 001b 24       		.uleb128 0x24
 354 001c 00       		.byte	0
 355 001d 0B       		.uleb128 0xb
 356 001e 0B       		.uleb128 0xb
 357 001f 3E       		.uleb128 0x3e
 358 0020 0B       		.uleb128 0xb
 359 0021 03       		.uleb128 0x3
 360 0022 08       		.uleb128 0x8
 361 0023 00       		.byte	0
 362 0024 00       		.byte	0
 363 0025 04       		.uleb128 0x4
 364 0026 16       		.uleb128 0x16
 365 0027 00       		.byte	0
 366 0028 03       		.uleb128 0x3
 367 0029 0E       		.uleb128 0xe
 368 002a 3A       		.uleb128 0x3a
 369 002b 0B       		.uleb128 0xb
 370 002c 3B       		.uleb128 0x3b
 371 002d 0B       		.uleb128 0xb
 372 002e 49       		.uleb128 0x49
 373 002f 13       		.uleb128 0x13
 374 0030 00       		.byte	0
 375 0031 00       		.byte	0
 376 0032 05       		.uleb128 0x5
 377 0033 34       		.uleb128 0x34
 378 0034 00       		.byte	0
 379 0035 03       		.uleb128 0x3
 380 0036 0E       		.uleb128 0xe
 381 0037 3A       		.uleb128 0x3a
 382 0038 0B       		.uleb128 0xb
 383 0039 3B       		.uleb128 0x3b
 384 003a 0B       		.uleb128 0xb
 385 003b 49       		.uleb128 0x49
 386 003c 13       		.uleb128 0x13
 387 003d 3F       		.uleb128 0x3f
 388 003e 19       		.uleb128 0x19
 389 003f 3C       		.uleb128 0x3c
 390 0040 19       		.uleb128 0x19
 391 0041 00       		.byte	0
 392 0042 00       		.byte	0
 393 0043 06       		.uleb128 0x6
 394 0044 01       		.uleb128 0x1
 395 0045 01       		.byte	0x1
 396 0046 49       		.uleb128 0x49
 397 0047 13       		.uleb128 0x13
 398 0048 01       		.uleb128 0x1
 399 0049 13       		.uleb128 0x13
ARM GAS  /tmp/ccdIdC3T.s 			page 8


 400 004a 00       		.byte	0
 401 004b 00       		.byte	0
 402 004c 07       		.uleb128 0x7
 403 004d 21       		.uleb128 0x21
 404 004e 00       		.byte	0
 405 004f 49       		.uleb128 0x49
 406 0050 13       		.uleb128 0x13
 407 0051 2F       		.uleb128 0x2f
 408 0052 0B       		.uleb128 0xb
 409 0053 00       		.byte	0
 410 0054 00       		.byte	0
 411 0055 08       		.uleb128 0x8
 412 0056 0F       		.uleb128 0xf
 413 0057 00       		.byte	0
 414 0058 0B       		.uleb128 0xb
 415 0059 0B       		.uleb128 0xb
 416 005a 49       		.uleb128 0x49
 417 005b 13       		.uleb128 0x13
 418 005c 00       		.byte	0
 419 005d 00       		.byte	0
 420 005e 09       		.uleb128 0x9
 421 005f 34       		.uleb128 0x34
 422 0060 00       		.byte	0
 423 0061 03       		.uleb128 0x3
 424 0062 0E       		.uleb128 0xe
 425 0063 3A       		.uleb128 0x3a
 426 0064 0B       		.uleb128 0xb
 427 0065 3B       		.uleb128 0x3b
 428 0066 0B       		.uleb128 0xb
 429 0067 49       		.uleb128 0x49
 430 0068 13       		.uleb128 0x13
 431 0069 3F       		.uleb128 0x3f
 432 006a 19       		.uleb128 0x19
 433 006b 02       		.uleb128 0x2
 434 006c 18       		.uleb128 0x18
 435 006d 00       		.byte	0
 436 006e 00       		.byte	0
 437 006f 00       		.byte	0
 438              		.section	.debug_aranges,"",%progbits
 439 0000 14000000 		.4byte	0x14
 440 0004 0200     		.2byte	0x2
 441 0006 00000000 		.4byte	.Ldebug_info0
 442 000a 04       		.byte	0x4
 443 000b 00       		.byte	0
 444 000c 0000     		.2byte	0
 445 000e 0000     		.2byte	0
 446 0010 00000000 		.4byte	0
 447 0014 00000000 		.4byte	0
 448              		.section	.debug_line,"",%progbits
 449              	.Ldebug_line0:
 450 0000 42000000 		.section	.debug_str,"MS",%progbits,1
 450      02003C00 
 450      00000201 
 450      FB0E0D00 
 450      01010101 
 451              	.LASF20:
 452 0000 5F5F6765 		.ascii	"__gedf2\000"
ARM GAS  /tmp/ccdIdC3T.s 			page 9


 452      64663200 
 453              	.LASF33:
 454 0008 5F5F6165 		.ascii	"__aeabi_uldivmod\000"
 454      6162695F 
 454      756C6469 
 454      766D6F64 
 454      00
 455              	.LASF19:
 456 0019 5F5F6571 		.ascii	"__eqdf2\000"
 456      64663200 
 457              	.LASF27:
 458 0021 5F5F6165 		.ascii	"__aeabi_cdcmpeq\000"
 458      6162695F 
 458      6364636D 
 458      70657100 
 459              	.LASF25:
 460 0031 5F5F706F 		.ascii	"__popcount_tab\000"
 460      70636F75 
 460      6E745F74 
 460      616200
 461              	.LASF38:
 462 0040 5F5F6165 		.ascii	"__aeabi_llsl\000"
 462      6162695F 
 462      6C6C736C 
 462      00
 463              	.LASF34:
 464 004d 5F5F6165 		.ascii	"__aeabi_idiv\000"
 464      6162695F 
 464      69646976 
 464      00
 465              	.LASF21:
 466 005a 5F5F6774 		.ascii	"__gtdf2\000"
 466      64663200 
 467              	.LASF39:
 468 0062 5F5F6165 		.ascii	"__aeabi_llsr\000"
 468      6162695F 
 468      6C6C7372 
 468      00
 469              	.LASF45:
 470 006f 2F686F6D 		.ascii	"/home/bunnie/code/chibi-chibios/orchard\000"
 470      652F6275 
 470      6E6E6965 
 470      2F636F64 
 470      652F6368 
 471              	.LASF24:
 472 0097 5F5F6E65 		.ascii	"__nedf2\000"
 472      64663200 
 473              	.LASF29:
 474 009f 5F5F6165 		.ascii	"__aeabi_cdrcmple\000"
 474      6162695F 
 474      63647263 
 474      6D706C65 
 474      00
 475              	.LASF42:
 476 00b0 53797343 		.ascii	"SysCall_Table\000"
 476      616C6C5F 
 476      5461626C 
ARM GAS  /tmp/ccdIdC3T.s 			page 10


 476      6500
 477              	.LASF12:
 478 00be 5F5F6165 		.ascii	"__aeabi_memmove\000"
 478      6162695F 
 478      6D656D6D 
 478      6F766500 
 479              	.LASF31:
 480 00ce 5F5F6165 		.ascii	"__aeabi_uidiv\000"
 480      6162695F 
 480      75696469 
 480      7600
 481              	.LASF3:
 482 00dc 756E7369 		.ascii	"unsigned char\000"
 482      676E6564 
 482      20636861 
 482      7200
 483              	.LASF30:
 484 00ea 5F5F6D75 		.ascii	"__muldi3\000"
 484      6C646933 
 484      00
 485              	.LASF4:
 486 00f3 73686F72 		.ascii	"short unsigned int\000"
 486      7420756E 
 486      7369676E 
 486      65642069 
 486      6E7400
 487              	.LASF43:
 488 0106 474E5520 		.ascii	"GNU C++ 4.9.2 -mcpu=cortex-m0 -mfloat-abi=soft -mfp"
 488      432B2B20 
 488      342E392E 
 488      32202D6D 
 488      6370753D 
 489 0139 31362D66 		.ascii	"16-format=none -mno-thumb-interwork -mthumb -mfloat"
 489      6F726D61 
 489      743D6E6F 
 489      6E65202D 
 489      6D6E6F2D 
 490 016c 2D616269 		.ascii	"-abi=soft -mfpu=vfpv3-d16 -mtls-dialect=gnu -ggdb -"
 490      3D736F66 
 490      74202D6D 
 490      6670753D 
 490      76667076 
 491 019f 4F33202D 		.ascii	"O3 -fomit-frame-pointer -falign-functions=16 -ffunc"
 491      666F6D69 
 491      742D6672 
 491      616D652D 
 491      706F696E 
 492 01d2 74696F6E 		.ascii	"tion-sections -fdata-sections -fno-common -fno-rtti"
 492      2D736563 
 492      74696F6E 
 492      73202D66 
 492      64617461 
 493 0205 00       		.ascii	"\000"
 494              	.LASF22:
 495 0206 5F5F6C65 		.ascii	"__ledf2\000"
 495      64663200 
 496              	.LASF23:
ARM GAS  /tmp/ccdIdC3T.s 			page 11


 497 020e 5F5F6C74 		.ascii	"__ltdf2\000"
 497      64663200 
 498              	.LASF17:
 499 0216 5F5F6165 		.ascii	"__aeabi_memclr4\000"
 499      6162695F 
 499      6D656D63 
 499      6C723400 
 500              	.LASF35:
 501 0226 5F5F6165 		.ascii	"__aeabi_idivmod\000"
 501      6162695F 
 501      69646976 
 501      6D6F6400 
 502              	.LASF16:
 503 0236 5F5F6165 		.ascii	"__aeabi_memclr8\000"
 503      6162695F 
 503      6D656D63 
 503      6C723800 
 504              	.LASF37:
 505 0246 5F5F6165 		.ascii	"__aeabi_ldivmod\000"
 505      6162695F 
 505      6C646976 
 505      6D6F6400 
 506              	.LASF15:
 507 0256 5F5F6165 		.ascii	"__aeabi_memset\000"
 507      6162695F 
 507      6D656D73 
 507      657400
 508              	.LASF5:
 509 0265 756E7369 		.ascii	"unsigned int\000"
 509      676E6564 
 509      20696E74 
 509      00
 510              	.LASF40:
 511 0272 5F5F6165 		.ascii	"__aeabi_lmul\000"
 511      6162695F 
 511      6C6D756C 
 511      00
 512              	.LASF6:
 513 027f 6C6F6E67 		.ascii	"long long unsigned int\000"
 513      206C6F6E 
 513      6720756E 
 513      7369676E 
 513      65642069 
 514              	.LASF44:
 515 0296 73797363 		.ascii	"syscalls.cpp\000"
 515      616C6C73 
 515      2E637070 
 515      00
 516              	.LASF11:
 517 02a3 5F5F6165 		.ascii	"__aeabi_memmove4\000"
 517      6162695F 
 517      6D656D6D 
 517      6F766534 
 517      00
 518              	.LASF14:
 519 02b4 5F5F6165 		.ascii	"__aeabi_memset4\000"
 519      6162695F 
ARM GAS  /tmp/ccdIdC3T.s 			page 12


 519      6D656D73 
 519      65743400 
 520              	.LASF26:
 521 02c4 5F5F706F 		.ascii	"__popcountsi2\000"
 521      70636F75 
 521      6E747369 
 521      3200
 522              	.LASF10:
 523 02d2 5F5F6165 		.ascii	"__aeabi_memmove8\000"
 523      6162695F 
 523      6D656D6D 
 523      6F766538 
 523      00
 524              	.LASF13:
 525 02e3 5F5F6165 		.ascii	"__aeabi_memset8\000"
 525      6162695F 
 525      6D656D73 
 525      65743800 
 526              	.LASF8:
 527 02f3 5F5F6165 		.ascii	"__aeabi_memcpy4\000"
 527      6162695F 
 527      6D656D63 
 527      70793400 
 528              	.LASF2:
 529 0303 6C6F6E67 		.ascii	"long long int\000"
 529      206C6F6E 
 529      6720696E 
 529      7400
 530              	.LASF41:
 531 0311 73697A65 		.ascii	"sizetype\000"
 531      74797065 
 531      00
 532              	.LASF7:
 533 031a 5F5F6165 		.ascii	"__aeabi_memcpy8\000"
 533      6162695F 
 533      6D656D63 
 533      70793800 
 534              	.LASF28:
 535 032a 5F5F6165 		.ascii	"__aeabi_cdcmple\000"
 535      6162695F 
 535      6364636D 
 535      706C6500 
 536              	.LASF32:
 537 033a 5F5F6165 		.ascii	"__aeabi_uidivmod\000"
 537      6162695F 
 537      75696469 
 537      766D6F64 
 537      00
 538              	.LASF1:
 539 034b 73686F72 		.ascii	"short int\000"
 539      7420696E 
 539      7400
 540              	.LASF9:
 541 0355 5F5F6165 		.ascii	"__aeabi_memcpy\000"
 541      6162695F 
 541      6D656D63 
 541      707900
ARM GAS  /tmp/ccdIdC3T.s 			page 13


 542              	.LASF18:
 543 0364 5F5F6165 		.ascii	"__aeabi_memclr\000"
 543      6162695F 
 543      6D656D63 
 543      6C7200
 544              	.LASF46:
 545 0373 75696E74 		.ascii	"uint32_t\000"
 545      33325F74 
 545      00
 546              	.LASF0:
 547 037c 7369676E 		.ascii	"signed char\000"
 547      65642063 
 547      68617200 
 548              	.LASF36:
 549 0388 5F5F6165 		.ascii	"__aeabi_lasr\000"
 549      6162695F 
 549      6C617372 
 549      00
 550              		.ident	"GCC: (Debian 4.9.2-10) 4.9.2"
 551              		.section	.note.GNU-stack,"",%progbits
ARM GAS  /tmp/ccdIdC3T.s 			page 14


DEFINED SYMBOLS
                            *ABS*:00000000 syscalls.cpp
     /tmp/ccdIdC3T.s:22     .data.SysCall_Table:00000000 SysCall_Table
     /tmp/ccdIdC3T.s:19     .data.SysCall_Table:00000000 $d

UNDEFINED SYMBOLS
__aeabi_memcpy8
__aeabi_memcpy4
__aeabi_memcpy
__aeabi_memmove8
__aeabi_memmove4
__aeabi_memmove
__aeabi_memset8
__aeabi_memset4
__aeabi_memset
__aeabi_memclr8
__aeabi_memclr4
__aeabi_memclr
__eqdf2
__gedf2
__gtdf2
__ledf2
__ltdf2
__nedf2
__popcount_tab
__popcountsi2
__aeabi_cdcmpeq
__aeabi_cdcmple
__aeabi_cdrcmple
__muldi3
__aeabi_uidiv
__aeabi_uidivmod
__aeabi_uldivmod
__aeabi_idiv
__aeabi_idivmod
__aeabi_lasr
__aeabi_ldivmod
__aeabi_llsl
__aeabi_llsr
__aeabi_lmul
_Z7pinModei8pin_mode
_Z12digitalWriteii
_Z11digitalReadi
_Z11analogWriteii
_Z15analogReference21analog_reference_type
_Z10analogReadi
_Z15attachInterruptiPFvvE8irq_mode
_Z15detachInterrupti
_Z4toneijm
_Z6noTonei
_Z8shiftOutiiih
_Z7shiftIniii
_Z7pulseInihm
_Z11pulseInLongihm
_Z6millisv
_Z6microsv
_Z5delaym
ARM GAS  /tmp/ccdIdC3T.s 			page 15


_Z17delayMicrosecondsj
_Z3maplllll
_Z6randomll
_Z10randomSeedm
