ARM GAS  /tmp/ccnnwaGn.s 			page 1


   1              		.cpu cortex-m0
   2              		.fpu softvfp
   3              		.eabi_attribute 20, 1
   4              		.eabi_attribute 21, 1
   5              		.eabi_attribute 23, 3
   6              		.eabi_attribute 24, 1
   7              		.eabi_attribute 25, 1
   8              		.eabi_attribute 26, 2
   9              		.eabi_attribute 30, 2
  10              		.eabi_attribute 34, 0
  11              		.eabi_attribute 18, 4
  12              		.code	16
  13              		.file	"vectors.c"
  14              		.text
  15              	.Ltext0:
  16              		.cfi_sections	.debug_frame
  17              		.section	.text._unhandled_exception,"ax",%progbits
  18              		.align	2
  19              		.p2align 4,,15
  20              		.global	_unhandled_exception
  21              		.code	16
  22              		.thumb_func
  23              		.type	_unhandled_exception, %function
  24              	_unhandled_exception:
  25              	.LFB34:
  26              		.file 1 "../os/common/ports/ARMCMx/compilers/GCC/vectors.c"
  27              		.loc 1 46 0
  28              		.cfi_startproc
  29              	.L2:
  30              		.loc 1 50 0 discriminator 1
  31 0000 FEE7     		b	.L2
  32              		.cfi_endproc
  33              	.LFE34:
  34              		.size	_unhandled_exception, .-_unhandled_exception
  35              		.weak	NMI_Handler
  36              		.thumb_set NMI_Handler,_unhandled_exception
  37              		.weak	HardFault_Handler
  38              		.thumb_set HardFault_Handler,_unhandled_exception
  39              		.weak	MemManage_Handler
  40              		.thumb_set MemManage_Handler,_unhandled_exception
  41              		.weak	BusFault_Handler
  42              		.thumb_set BusFault_Handler,_unhandled_exception
  43              		.weak	UsageFault_Handler
  44              		.thumb_set UsageFault_Handler,_unhandled_exception
  45              		.weak	Vector1C
  46              		.thumb_set Vector1C,_unhandled_exception
  47              		.weak	Vector20
  48              		.thumb_set Vector20,_unhandled_exception
  49              		.weak	Vector24
  50              		.thumb_set Vector24,_unhandled_exception
  51              		.weak	Vector28
  52              		.thumb_set Vector28,_unhandled_exception
  53              		.weak	SVC_Handler
  54              		.thumb_set SVC_Handler,_unhandled_exception
  55              		.weak	DebugMon_Handler
  56              		.thumb_set DebugMon_Handler,_unhandled_exception
  57              		.weak	Vector34
ARM GAS  /tmp/ccnnwaGn.s 			page 2


  58              		.thumb_set Vector34,_unhandled_exception
  59              		.weak	PendSV_Handler
  60              		.thumb_set PendSV_Handler,_unhandled_exception
  61              		.weak	SysTick_Handler
  62              		.thumb_set SysTick_Handler,_unhandled_exception
  63              		.weak	Vector40
  64              		.thumb_set Vector40,_unhandled_exception
  65              		.weak	Vector44
  66              		.thumb_set Vector44,_unhandled_exception
  67              		.weak	Vector48
  68              		.thumb_set Vector48,_unhandled_exception
  69              		.weak	Vector4C
  70              		.thumb_set Vector4C,_unhandled_exception
  71              		.weak	Vector50
  72              		.thumb_set Vector50,_unhandled_exception
  73              		.weak	Vector54
  74              		.thumb_set Vector54,_unhandled_exception
  75              		.weak	Vector58
  76              		.thumb_set Vector58,_unhandled_exception
  77              		.weak	Vector5C
  78              		.thumb_set Vector5C,_unhandled_exception
  79              		.weak	Vector60
  80              		.thumb_set Vector60,_unhandled_exception
  81              		.weak	Vector64
  82              		.thumb_set Vector64,_unhandled_exception
  83              		.weak	Vector68
  84              		.thumb_set Vector68,_unhandled_exception
  85              		.weak	Vector6C
  86              		.thumb_set Vector6C,_unhandled_exception
  87              		.weak	Vector70
  88              		.thumb_set Vector70,_unhandled_exception
  89              		.weak	Vector74
  90              		.thumb_set Vector74,_unhandled_exception
  91              		.weak	Vector78
  92              		.thumb_set Vector78,_unhandled_exception
  93              		.weak	Vector7C
  94              		.thumb_set Vector7C,_unhandled_exception
  95              		.weak	Vector80
  96              		.thumb_set Vector80,_unhandled_exception
  97              		.weak	Vector84
  98              		.thumb_set Vector84,_unhandled_exception
  99              		.weak	Vector88
 100              		.thumb_set Vector88,_unhandled_exception
 101              		.weak	Vector8C
 102              		.thumb_set Vector8C,_unhandled_exception
 103              		.weak	Vector90
 104              		.thumb_set Vector90,_unhandled_exception
 105              		.weak	Vector94
 106              		.thumb_set Vector94,_unhandled_exception
 107              		.weak	Vector98
 108              		.thumb_set Vector98,_unhandled_exception
 109              		.weak	Vector9C
 110              		.thumb_set Vector9C,_unhandled_exception
 111              		.weak	VectorA0
 112              		.thumb_set VectorA0,_unhandled_exception
 113              		.weak	VectorA4
 114              		.thumb_set VectorA4,_unhandled_exception
ARM GAS  /tmp/ccnnwaGn.s 			page 3


 115              		.weak	VectorA8
 116              		.thumb_set VectorA8,_unhandled_exception
 117              		.weak	VectorAC
 118              		.thumb_set VectorAC,_unhandled_exception
 119              		.weak	VectorB0
 120              		.thumb_set VectorB0,_unhandled_exception
 121              		.weak	VectorB4
 122              		.thumb_set VectorB4,_unhandled_exception
 123              		.weak	VectorB8
 124              		.thumb_set VectorB8,_unhandled_exception
 125              		.weak	VectorBC
 126              		.thumb_set VectorBC,_unhandled_exception
 127              		.global	_vectors
 128 0002 C046C046 		.section	.vectors,"aw",%progbits
 128      C046C046 
 128      C046C046 
 128      C046
 129              		.align	7
 130              		.type	_vectors, %object
 131              		.size	_vectors, 192
 132              	_vectors:
 133 0000 00000000 		.word	__main_stack_end__
 134 0004 00000000 		.word	Reset_Handler
 135 0008 00000000 		.word	NMI_Handler
 136 000c 00000000 		.word	HardFault_Handler
 137 0010 00000000 		.word	MemManage_Handler
 138 0014 00000000 		.word	BusFault_Handler
 139 0018 00000000 		.word	UsageFault_Handler
 140 001c 00000000 		.word	Vector1C
 141 0020 00000000 		.word	Vector20
 142 0024 00000000 		.word	Vector24
 143 0028 00000000 		.word	Vector28
 144 002c 00000000 		.word	SVC_Handler
 145 0030 00000000 		.word	DebugMon_Handler
 146 0034 00000000 		.word	Vector34
 147 0038 00000000 		.word	PendSV_Handler
 148 003c 00000000 		.word	SysTick_Handler
 149 0040 00000000 		.word	Vector40
 150 0044 00000000 		.word	Vector44
 151 0048 00000000 		.word	Vector48
 152 004c 00000000 		.word	Vector4C
 153 0050 00000000 		.word	Vector50
 154 0054 00000000 		.word	Vector54
 155 0058 00000000 		.word	Vector58
 156 005c 00000000 		.word	Vector5C
 157 0060 00000000 		.word	Vector60
 158 0064 00000000 		.word	Vector64
 159 0068 00000000 		.word	Vector68
 160 006c 00000000 		.word	Vector6C
 161 0070 00000000 		.word	Vector70
 162 0074 00000000 		.word	Vector74
 163 0078 00000000 		.word	Vector78
 164 007c 00000000 		.word	Vector7C
 165 0080 00000000 		.word	Vector80
 166 0084 00000000 		.word	Vector84
 167 0088 00000000 		.word	Vector88
 168 008c 00000000 		.word	Vector8C
ARM GAS  /tmp/ccnnwaGn.s 			page 4


 169 0090 00000000 		.word	Vector90
 170 0094 00000000 		.word	Vector94
 171 0098 00000000 		.word	Vector98
 172 009c 00000000 		.word	Vector9C
 173 00a0 00000000 		.word	VectorA0
 174 00a4 00000000 		.word	VectorA4
 175 00a8 00000000 		.word	VectorA8
 176 00ac 00000000 		.word	VectorAC
 177 00b0 00000000 		.word	VectorB0
 178 00b4 00000000 		.word	VectorB4
 179 00b8 00000000 		.word	VectorB8
 180 00bc 00000000 		.word	VectorBC
 181 00c0 00000000 		.text
 181      00000000 
 181      00000000 
 181      00000000 
 181      00000000 
 182              	.Letext0:
 183              		.file 2 "/usr/include/stdint.h"
 184              		.file 3 "../os/common/ports/ARMCMx/compilers/GCC/vectors.h"
 185              		.section	.debug_info,"",%progbits
 186              	.Ldebug_info0:
 187 0000 A2010000 		.4byte	0x1a2
 188 0004 0400     		.2byte	0x4
 189 0006 00000000 		.4byte	.Ldebug_abbrev0
 190 000a 04       		.byte	0x4
 191 000b 01       		.uleb128 0x1
 192 000c 4B010000 		.4byte	.LASF30
 193 0010 01       		.byte	0x1
 194 0011 A7000000 		.4byte	.LASF31
 195 0015 51000000 		.4byte	.LASF32
 196 0019 00000000 		.4byte	.Ldebug_ranges0+0
 197 001d 00000000 		.4byte	0
 198 0021 00000000 		.4byte	.Ldebug_line0
 199 0025 02       		.uleb128 0x2
 200 0026 01       		.byte	0x1
 201 0027 06       		.byte	0x6
 202 0028 D5020000 		.4byte	.LASF0
 203 002c 02       		.uleb128 0x2
 204 002d 02       		.byte	0x2
 205 002e 05       		.byte	0x5
 206 002f B0020000 		.4byte	.LASF1
 207 0033 03       		.uleb128 0x3
 208 0034 04       		.byte	0x4
 209 0035 05       		.byte	0x5
 210 0036 696E7400 		.ascii	"int\000"
 211 003a 02       		.uleb128 0x2
 212 003b 08       		.byte	0x8
 213 003c 05       		.byte	0x5
 214 003d 74020000 		.4byte	.LASF2
 215 0041 02       		.uleb128 0x2
 216 0042 01       		.byte	0x1
 217 0043 08       		.byte	0x8
 218 0044 99000000 		.4byte	.LASF3
 219 0048 02       		.uleb128 0x2
 220 0049 02       		.byte	0x2
 221 004a 07       		.byte	0x7
ARM GAS  /tmp/ccnnwaGn.s 			page 5


 222 004b 35000000 		.4byte	.LASF4
 223 004f 04       		.uleb128 0x4
 224 0050 BA020000 		.4byte	.LASF8
 225 0054 02       		.byte	0x2
 226 0055 33       		.byte	0x33
 227 0056 5A000000 		.4byte	0x5a
 228 005a 02       		.uleb128 0x2
 229 005b 04       		.byte	0x4
 230 005c 07       		.byte	0x7
 231 005d 0C010000 		.4byte	.LASF5
 232 0061 02       		.uleb128 0x2
 233 0062 08       		.byte	0x8
 234 0063 07       		.byte	0x7
 235 0064 22010000 		.4byte	.LASF6
 236 0068 02       		.uleb128 0x2
 237 0069 04       		.byte	0x4
 238 006a 07       		.byte	0x7
 239 006b 58020000 		.4byte	.LASF7
 240 006f 04       		.uleb128 0x4
 241 0070 00000000 		.4byte	.LASF9
 242 0074 03       		.byte	0x3
 243 0075 32       		.byte	0x32
 244 0076 7A000000 		.4byte	0x7a
 245 007a 05       		.uleb128 0x5
 246 007b 04       		.byte	0x4
 247 007c 80000000 		.4byte	0x80
 248 0080 06       		.uleb128 0x6
 249 0081 07       		.uleb128 0x7
 250 0082 C0       		.byte	0xc0
 251 0083 03       		.byte	0x3
 252 0084 37       		.byte	0x37
 253 0085 56010000 		.4byte	0x156
 254 0089 08       		.uleb128 0x8
 255 008a 79000000 		.4byte	.LASF10
 256 008e 03       		.byte	0x3
 257 008f 38       		.byte	0x38
 258 0090 56010000 		.4byte	0x156
 259 0094 00       		.byte	0
 260 0095 08       		.uleb128 0x8
 261 0096 4A020000 		.4byte	.LASF11
 262 009a 03       		.byte	0x3
 263 009b 39       		.byte	0x39
 264 009c 6F000000 		.4byte	0x6f
 265 00a0 04       		.byte	0x4
 266 00a1 08       		.uleb128 0x8
 267 00a2 00010000 		.4byte	.LASF12
 268 00a6 03       		.byte	0x3
 269 00a7 3A       		.byte	0x3a
 270 00a8 6F000000 		.4byte	0x6f
 271 00ac 08       		.byte	0x8
 272 00ad 08       		.uleb128 0x8
 273 00ae EE000000 		.4byte	.LASF13
 274 00b2 03       		.byte	0x3
 275 00b3 3B       		.byte	0x3b
 276 00b4 6F000000 		.4byte	0x6f
 277 00b8 0C       		.byte	0xc
 278 00b9 08       		.uleb128 0x8
ARM GAS  /tmp/ccnnwaGn.s 			page 6


 279 00ba C3020000 		.4byte	.LASF14
 280 00be 03       		.byte	0x3
 281 00bf 3C       		.byte	0x3c
 282 00c0 6F000000 		.4byte	0x6f
 283 00c4 10       		.byte	0x10
 284 00c5 08       		.uleb128 0x8
 285 00c6 82020000 		.4byte	.LASF15
 286 00ca 03       		.byte	0x3
 287 00cb 3D       		.byte	0x3d
 288 00cc 6F000000 		.4byte	0x6f
 289 00d0 14       		.byte	0x14
 290 00d1 08       		.uleb128 0x8
 291 00d2 61020000 		.4byte	.LASF16
 292 00d6 03       		.byte	0x3
 293 00d7 3E       		.byte	0x3e
 294 00d8 6F000000 		.4byte	0x6f
 295 00dc 18       		.byte	0x18
 296 00dd 08       		.uleb128 0x8
 297 00de E5000000 		.4byte	.LASF17
 298 00e2 03       		.byte	0x3
 299 00e3 3F       		.byte	0x3f
 300 00e4 6F000000 		.4byte	0x6f
 301 00e8 1C       		.byte	0x1c
 302 00e9 08       		.uleb128 0x8
 303 00ea 19010000 		.4byte	.LASF18
 304 00ee 03       		.byte	0x3
 305 00ef 40       		.byte	0x40
 306 00f0 6F000000 		.4byte	0x6f
 307 00f4 20       		.byte	0x20
 308 00f5 08       		.uleb128 0x8
 309 00f6 39010000 		.4byte	.LASF19
 310 00fa 03       		.byte	0x3
 311 00fb 41       		.byte	0x41
 312 00fc 6F000000 		.4byte	0x6f
 313 0100 24       		.byte	0x24
 314 0101 08       		.uleb128 0x8
 315 0102 42010000 		.4byte	.LASF20
 316 0106 03       		.byte	0x3
 317 0107 42       		.byte	0x42
 318 0108 6F000000 		.4byte	0x6f
 319 010c 28       		.byte	0x28
 320 010d 08       		.uleb128 0x8
 321 010e D9000000 		.4byte	.LASF21
 322 0112 03       		.byte	0x3
 323 0113 43       		.byte	0x43
 324 0114 6F000000 		.4byte	0x6f
 325 0118 2C       		.byte	0x2c
 326 0119 08       		.uleb128 0x8
 327 011a 84000000 		.4byte	.LASF22
 328 011e 03       		.byte	0x3
 329 011f 44       		.byte	0x44
 330 0120 6F000000 		.4byte	0x6f
 331 0124 30       		.byte	0x30
 332 0125 08       		.uleb128 0x8
 333 0126 0D000000 		.4byte	.LASF23
 334 012a 03       		.byte	0x3
 335 012b 45       		.byte	0x45
ARM GAS  /tmp/ccnnwaGn.s 			page 7


 336 012c 6F000000 		.4byte	0x6f
 337 0130 34       		.byte	0x34
 338 0131 08       		.uleb128 0x8
 339 0132 16000000 		.4byte	.LASF24
 340 0136 03       		.byte	0x3
 341 0137 46       		.byte	0x46
 342 0138 6F000000 		.4byte	0x6f
 343 013c 38       		.byte	0x38
 344 013d 08       		.uleb128 0x8
 345 013e 25000000 		.4byte	.LASF25
 346 0142 03       		.byte	0x3
 347 0143 47       		.byte	0x47
 348 0144 6F000000 		.4byte	0x6f
 349 0148 3C       		.byte	0x3c
 350 0149 08       		.uleb128 0x8
 351 014a A8020000 		.4byte	.LASF26
 352 014e 03       		.byte	0x3
 353 014f 48       		.byte	0x48
 354 0150 5C010000 		.4byte	0x15c
 355 0154 40       		.byte	0x40
 356 0155 00       		.byte	0
 357 0156 05       		.uleb128 0x5
 358 0157 04       		.byte	0x4
 359 0158 4F000000 		.4byte	0x4f
 360 015c 09       		.uleb128 0x9
 361 015d 6F000000 		.4byte	0x6f
 362 0161 6C010000 		.4byte	0x16c
 363 0165 0A       		.uleb128 0xa
 364 0166 68000000 		.4byte	0x68
 365 016a 1F       		.byte	0x1f
 366 016b 00       		.byte	0
 367 016c 04       		.uleb128 0x4
 368 016d E1020000 		.4byte	.LASF27
 369 0171 03       		.byte	0x3
 370 0172 49       		.byte	0x49
 371 0173 81000000 		.4byte	0x81
 372 0177 0B       		.uleb128 0xb
 373 0178 93020000 		.4byte	.LASF33
 374 017c 01       		.byte	0x1
 375 017d 2E       		.byte	0x2e
 376 017e 00000000 		.4byte	.LFB34
 377 0182 02000000 		.4byte	.LFE34-.LFB34
 378 0186 01       		.uleb128 0x1
 379 0187 9C       		.byte	0x9c
 380 0188 0C       		.uleb128 0xc
 381 0189 48000000 		.4byte	.LASF28
 382 018d 01       		.byte	0x1
 383 018e B901     		.2byte	0x1b9
 384 0190 6C010000 		.4byte	0x16c
 385 0194 05       		.uleb128 0x5
 386 0195 03       		.byte	0x3
 387 0196 00000000 		.4byte	_vectors
 388 019a 0D       		.uleb128 0xd
 389 019b EB020000 		.4byte	.LASF29
 390 019f 01       		.byte	0x1
 391 01a0 36       		.byte	0x36
 392 01a1 4F000000 		.4byte	0x4f
ARM GAS  /tmp/ccnnwaGn.s 			page 8


 393 01a5 00       		.byte	0
 394              		.section	.debug_abbrev,"",%progbits
 395              	.Ldebug_abbrev0:
 396 0000 01       		.uleb128 0x1
 397 0001 11       		.uleb128 0x11
 398 0002 01       		.byte	0x1
 399 0003 25       		.uleb128 0x25
 400 0004 0E       		.uleb128 0xe
 401 0005 13       		.uleb128 0x13
 402 0006 0B       		.uleb128 0xb
 403 0007 03       		.uleb128 0x3
 404 0008 0E       		.uleb128 0xe
 405 0009 1B       		.uleb128 0x1b
 406 000a 0E       		.uleb128 0xe
 407 000b 55       		.uleb128 0x55
 408 000c 17       		.uleb128 0x17
 409 000d 11       		.uleb128 0x11
 410 000e 01       		.uleb128 0x1
 411 000f 10       		.uleb128 0x10
 412 0010 17       		.uleb128 0x17
 413 0011 00       		.byte	0
 414 0012 00       		.byte	0
 415 0013 02       		.uleb128 0x2
 416 0014 24       		.uleb128 0x24
 417 0015 00       		.byte	0
 418 0016 0B       		.uleb128 0xb
 419 0017 0B       		.uleb128 0xb
 420 0018 3E       		.uleb128 0x3e
 421 0019 0B       		.uleb128 0xb
 422 001a 03       		.uleb128 0x3
 423 001b 0E       		.uleb128 0xe
 424 001c 00       		.byte	0
 425 001d 00       		.byte	0
 426 001e 03       		.uleb128 0x3
 427 001f 24       		.uleb128 0x24
 428 0020 00       		.byte	0
 429 0021 0B       		.uleb128 0xb
 430 0022 0B       		.uleb128 0xb
 431 0023 3E       		.uleb128 0x3e
 432 0024 0B       		.uleb128 0xb
 433 0025 03       		.uleb128 0x3
 434 0026 08       		.uleb128 0x8
 435 0027 00       		.byte	0
 436 0028 00       		.byte	0
 437 0029 04       		.uleb128 0x4
 438 002a 16       		.uleb128 0x16
 439 002b 00       		.byte	0
 440 002c 03       		.uleb128 0x3
 441 002d 0E       		.uleb128 0xe
 442 002e 3A       		.uleb128 0x3a
 443 002f 0B       		.uleb128 0xb
 444 0030 3B       		.uleb128 0x3b
 445 0031 0B       		.uleb128 0xb
 446 0032 49       		.uleb128 0x49
 447 0033 13       		.uleb128 0x13
 448 0034 00       		.byte	0
 449 0035 00       		.byte	0
ARM GAS  /tmp/ccnnwaGn.s 			page 9


 450 0036 05       		.uleb128 0x5
 451 0037 0F       		.uleb128 0xf
 452 0038 00       		.byte	0
 453 0039 0B       		.uleb128 0xb
 454 003a 0B       		.uleb128 0xb
 455 003b 49       		.uleb128 0x49
 456 003c 13       		.uleb128 0x13
 457 003d 00       		.byte	0
 458 003e 00       		.byte	0
 459 003f 06       		.uleb128 0x6
 460 0040 15       		.uleb128 0x15
 461 0041 00       		.byte	0
 462 0042 27       		.uleb128 0x27
 463 0043 19       		.uleb128 0x19
 464 0044 00       		.byte	0
 465 0045 00       		.byte	0
 466 0046 07       		.uleb128 0x7
 467 0047 13       		.uleb128 0x13
 468 0048 01       		.byte	0x1
 469 0049 0B       		.uleb128 0xb
 470 004a 0B       		.uleb128 0xb
 471 004b 3A       		.uleb128 0x3a
 472 004c 0B       		.uleb128 0xb
 473 004d 3B       		.uleb128 0x3b
 474 004e 0B       		.uleb128 0xb
 475 004f 01       		.uleb128 0x1
 476 0050 13       		.uleb128 0x13
 477 0051 00       		.byte	0
 478 0052 00       		.byte	0
 479 0053 08       		.uleb128 0x8
 480 0054 0D       		.uleb128 0xd
 481 0055 00       		.byte	0
 482 0056 03       		.uleb128 0x3
 483 0057 0E       		.uleb128 0xe
 484 0058 3A       		.uleb128 0x3a
 485 0059 0B       		.uleb128 0xb
 486 005a 3B       		.uleb128 0x3b
 487 005b 0B       		.uleb128 0xb
 488 005c 49       		.uleb128 0x49
 489 005d 13       		.uleb128 0x13
 490 005e 38       		.uleb128 0x38
 491 005f 0B       		.uleb128 0xb
 492 0060 00       		.byte	0
 493 0061 00       		.byte	0
 494 0062 09       		.uleb128 0x9
 495 0063 01       		.uleb128 0x1
 496 0064 01       		.byte	0x1
 497 0065 49       		.uleb128 0x49
 498 0066 13       		.uleb128 0x13
 499 0067 01       		.uleb128 0x1
 500 0068 13       		.uleb128 0x13
 501 0069 00       		.byte	0
 502 006a 00       		.byte	0
 503 006b 0A       		.uleb128 0xa
 504 006c 21       		.uleb128 0x21
 505 006d 00       		.byte	0
 506 006e 49       		.uleb128 0x49
ARM GAS  /tmp/ccnnwaGn.s 			page 10


 507 006f 13       		.uleb128 0x13
 508 0070 2F       		.uleb128 0x2f
 509 0071 0B       		.uleb128 0xb
 510 0072 00       		.byte	0
 511 0073 00       		.byte	0
 512 0074 0B       		.uleb128 0xb
 513 0075 2E       		.uleb128 0x2e
 514 0076 00       		.byte	0
 515 0077 3F       		.uleb128 0x3f
 516 0078 19       		.uleb128 0x19
 517 0079 03       		.uleb128 0x3
 518 007a 0E       		.uleb128 0xe
 519 007b 3A       		.uleb128 0x3a
 520 007c 0B       		.uleb128 0xb
 521 007d 3B       		.uleb128 0x3b
 522 007e 0B       		.uleb128 0xb
 523 007f 27       		.uleb128 0x27
 524 0080 19       		.uleb128 0x19
 525 0081 11       		.uleb128 0x11
 526 0082 01       		.uleb128 0x1
 527 0083 12       		.uleb128 0x12
 528 0084 06       		.uleb128 0x6
 529 0085 40       		.uleb128 0x40
 530 0086 18       		.uleb128 0x18
 531 0087 9742     		.uleb128 0x2117
 532 0089 19       		.uleb128 0x19
 533 008a 00       		.byte	0
 534 008b 00       		.byte	0
 535 008c 0C       		.uleb128 0xc
 536 008d 34       		.uleb128 0x34
 537 008e 00       		.byte	0
 538 008f 03       		.uleb128 0x3
 539 0090 0E       		.uleb128 0xe
 540 0091 3A       		.uleb128 0x3a
 541 0092 0B       		.uleb128 0xb
 542 0093 3B       		.uleb128 0x3b
 543 0094 05       		.uleb128 0x5
 544 0095 49       		.uleb128 0x49
 545 0096 13       		.uleb128 0x13
 546 0097 3F       		.uleb128 0x3f
 547 0098 19       		.uleb128 0x19
 548 0099 02       		.uleb128 0x2
 549 009a 18       		.uleb128 0x18
 550 009b 00       		.byte	0
 551 009c 00       		.byte	0
 552 009d 0D       		.uleb128 0xd
 553 009e 34       		.uleb128 0x34
 554 009f 00       		.byte	0
 555 00a0 03       		.uleb128 0x3
 556 00a1 0E       		.uleb128 0xe
 557 00a2 3A       		.uleb128 0x3a
 558 00a3 0B       		.uleb128 0xb
 559 00a4 3B       		.uleb128 0x3b
 560 00a5 0B       		.uleb128 0xb
 561 00a6 49       		.uleb128 0x49
 562 00a7 13       		.uleb128 0x13
 563 00a8 3F       		.uleb128 0x3f
ARM GAS  /tmp/ccnnwaGn.s 			page 11


 564 00a9 19       		.uleb128 0x19
 565 00aa 3C       		.uleb128 0x3c
 566 00ab 19       		.uleb128 0x19
 567 00ac 00       		.byte	0
 568 00ad 00       		.byte	0
 569 00ae 00       		.byte	0
 570              		.section	.debug_aranges,"",%progbits
 571 0000 1C000000 		.4byte	0x1c
 572 0004 0200     		.2byte	0x2
 573 0006 00000000 		.4byte	.Ldebug_info0
 574 000a 04       		.byte	0x4
 575 000b 00       		.byte	0
 576 000c 0000     		.2byte	0
 577 000e 0000     		.2byte	0
 578 0010 00000000 		.4byte	.LFB34
 579 0014 02000000 		.4byte	.LFE34-.LFB34
 580 0018 00000000 		.4byte	0
 581 001c 00000000 		.4byte	0
 582              		.section	.debug_ranges,"",%progbits
 583              	.Ldebug_ranges0:
 584 0000 00000000 		.4byte	.LFB34
 585 0004 02000000 		.4byte	.LFE34
 586 0008 00000000 		.4byte	0
 587 000c 00000000 		.4byte	0
 588              		.section	.debug_line,"",%progbits
 589              	.Ldebug_line0:
 590 0000 88000000 		.section	.debug_str,"MS",%progbits,1
 590      02006E00 
 590      00000201 
 590      FB0E0D00 
 590      01010101 
 591              	.LASF9:
 592 0000 6972715F 		.ascii	"irq_vector_t\000"
 592      76656374 
 592      6F725F74 
 592      00
 593              	.LASF23:
 594 000d 76656374 		.ascii	"vector34\000"
 594      6F723334 
 594      00
 595              	.LASF24:
 596 0016 70656E64 		.ascii	"pendsv_handler\000"
 596      73765F68 
 596      616E646C 
 596      657200
 597              	.LASF25:
 598 0025 73797374 		.ascii	"systick_handler\000"
 598      69636B5F 
 598      68616E64 
 598      6C657200 
 599              	.LASF4:
 600 0035 73686F72 		.ascii	"short unsigned int\000"
 600      7420756E 
 600      7369676E 
 600      65642069 
 600      6E7400
 601              	.LASF28:
ARM GAS  /tmp/ccnnwaGn.s 			page 12


 602 0048 5F766563 		.ascii	"_vectors\000"
 602      746F7273 
 602      00
 603              	.LASF32:
 604 0051 2F686F6D 		.ascii	"/home/bunnie/code/chibi-chibios/orchard\000"
 604      652F6275 
 604      6E6E6965 
 604      2F636F64 
 604      652F6368 
 605              	.LASF10:
 606 0079 696E6974 		.ascii	"init_stack\000"
 606      5F737461 
 606      636B00
 607              	.LASF22:
 608 0084 64656275 		.ascii	"debugmonitor_handler\000"
 608      676D6F6E 
 608      69746F72 
 608      5F68616E 
 608      646C6572 
 609              	.LASF3:
 610 0099 756E7369 		.ascii	"unsigned char\000"
 610      676E6564 
 610      20636861 
 610      7200
 611              	.LASF31:
 612 00a7 2E2E2F6F 		.ascii	"../os/common/ports/ARMCMx/compilers/GCC/vectors.c\000"
 612      732F636F 
 612      6D6D6F6E 
 612      2F706F72 
 612      74732F41 
 613              	.LASF21:
 614 00d9 7376635F 		.ascii	"svc_handler\000"
 614      68616E64 
 614      6C657200 
 615              	.LASF17:
 616 00e5 76656374 		.ascii	"vector1c\000"
 616      6F723163 
 616      00
 617              	.LASF13:
 618 00ee 68617264 		.ascii	"hardfault_handler\000"
 618      6661756C 
 618      745F6861 
 618      6E646C65 
 618      7200
 619              	.LASF12:
 620 0100 6E6D695F 		.ascii	"nmi_handler\000"
 620      68616E64 
 620      6C657200 
 621              	.LASF5:
 622 010c 756E7369 		.ascii	"unsigned int\000"
 622      676E6564 
 622      20696E74 
 622      00
 623              	.LASF18:
 624 0119 76656374 		.ascii	"vector20\000"
 624      6F723230 
 624      00
ARM GAS  /tmp/ccnnwaGn.s 			page 13


 625              	.LASF6:
 626 0122 6C6F6E67 		.ascii	"long long unsigned int\000"
 626      206C6F6E 
 626      6720756E 
 626      7369676E 
 626      65642069 
 627              	.LASF19:
 628 0139 76656374 		.ascii	"vector24\000"
 628      6F723234 
 628      00
 629              	.LASF20:
 630 0142 76656374 		.ascii	"vector28\000"
 630      6F723238 
 630      00
 631              	.LASF30:
 632 014b 474E5520 		.ascii	"GNU C 4.9.2 -mcpu=cortex-m0 -mfloat-abi=soft -mfp16"
 632      4320342E 
 632      392E3220 
 632      2D6D6370 
 632      753D636F 
 633 017e 2D666F72 		.ascii	"-format=none -mno-thumb-interwork -mthumb -mfloat-a"
 633      6D61743D 
 633      6E6F6E65 
 633      202D6D6E 
 633      6F2D7468 
 634 01b1 62693D73 		.ascii	"bi=soft -mfpu=vfpv3-d16 -mtls-dialect=gnu -ggdb -O3"
 634      6F667420 
 634      2D6D6670 
 634      753D7666 
 634      7076332D 
 635 01e4 202D7374 		.ascii	" -std=gnu99 -fomit-frame-pointer -falign-functions="
 635      643D676E 
 635      75393920 
 635      2D666F6D 
 635      69742D66 
 636 0217 3136202D 		.ascii	"16 -ffunction-sections -fdata-sections -fno-common\000"
 636      6666756E 
 636      6374696F 
 636      6E2D7365 
 636      6374696F 
 637              	.LASF11:
 638 024a 72657365 		.ascii	"reset_handler\000"
 638      745F6861 
 638      6E646C65 
 638      7200
 639              	.LASF7:
 640 0258 73697A65 		.ascii	"sizetype\000"
 640      74797065 
 640      00
 641              	.LASF16:
 642 0261 75736167 		.ascii	"usagefault_handler\000"
 642      65666175 
 642      6C745F68 
 642      616E646C 
 642      657200
 643              	.LASF2:
 644 0274 6C6F6E67 		.ascii	"long long int\000"
ARM GAS  /tmp/ccnnwaGn.s 			page 14


 644      206C6F6E 
 644      6720696E 
 644      7400
 645              	.LASF15:
 646 0282 62757366 		.ascii	"busfault_handler\000"
 646      61756C74 
 646      5F68616E 
 646      646C6572 
 646      00
 647              	.LASF33:
 648 0293 5F756E68 		.ascii	"_unhandled_exception\000"
 648      616E646C 
 648      65645F65 
 648      78636570 
 648      74696F6E 
 649              	.LASF26:
 650 02a8 76656374 		.ascii	"vectors\000"
 650      6F727300 
 651              	.LASF1:
 652 02b0 73686F72 		.ascii	"short int\000"
 652      7420696E 
 652      7400
 653              	.LASF8:
 654 02ba 75696E74 		.ascii	"uint32_t\000"
 654      33325F74 
 654      00
 655              	.LASF14:
 656 02c3 6D656D6D 		.ascii	"memmanage_handler\000"
 656      616E6167 
 656      655F6861 
 656      6E646C65 
 656      7200
 657              	.LASF0:
 658 02d5 7369676E 		.ascii	"signed char\000"
 658      65642063 
 658      68617200 
 659              	.LASF27:
 660 02e1 76656374 		.ascii	"vectors_t\000"
 660      6F72735F 
 660      7400
 661              	.LASF29:
 662 02eb 5F5F6D61 		.ascii	"__main_stack_end__\000"
 662      696E5F73 
 662      7461636B 
 662      5F656E64 
 662      5F5F00
 663              		.ident	"GCC: (Debian 4.9.2-10) 4.9.2"
 664              		.section	.note.GNU-stack,"",%progbits
ARM GAS  /tmp/ccnnwaGn.s 			page 15


DEFINED SYMBOLS
                            *ABS*:00000000 vectors.c
     /tmp/ccnnwaGn.s:18     .text._unhandled_exception:00000000 $t
     /tmp/ccnnwaGn.s:24     .text._unhandled_exception:00000000 _unhandled_exception
     /tmp/ccnnwaGn.s:24     .text._unhandled_exception:00000000 NMI_Handler
     /tmp/ccnnwaGn.s:24     .text._unhandled_exception:00000000 HardFault_Handler
     /tmp/ccnnwaGn.s:24     .text._unhandled_exception:00000000 MemManage_Handler
     /tmp/ccnnwaGn.s:24     .text._unhandled_exception:00000000 BusFault_Handler
     /tmp/ccnnwaGn.s:24     .text._unhandled_exception:00000000 UsageFault_Handler
     /tmp/ccnnwaGn.s:24     .text._unhandled_exception:00000000 Vector1C
     /tmp/ccnnwaGn.s:24     .text._unhandled_exception:00000000 Vector20
     /tmp/ccnnwaGn.s:24     .text._unhandled_exception:00000000 Vector24
     /tmp/ccnnwaGn.s:24     .text._unhandled_exception:00000000 Vector28
     /tmp/ccnnwaGn.s:24     .text._unhandled_exception:00000000 SVC_Handler
     /tmp/ccnnwaGn.s:24     .text._unhandled_exception:00000000 DebugMon_Handler
     /tmp/ccnnwaGn.s:24     .text._unhandled_exception:00000000 Vector34
     /tmp/ccnnwaGn.s:24     .text._unhandled_exception:00000000 PendSV_Handler
     /tmp/ccnnwaGn.s:24     .text._unhandled_exception:00000000 SysTick_Handler
     /tmp/ccnnwaGn.s:24     .text._unhandled_exception:00000000 Vector40
     /tmp/ccnnwaGn.s:24     .text._unhandled_exception:00000000 Vector44
     /tmp/ccnnwaGn.s:24     .text._unhandled_exception:00000000 Vector48
     /tmp/ccnnwaGn.s:24     .text._unhandled_exception:00000000 Vector4C
     /tmp/ccnnwaGn.s:24     .text._unhandled_exception:00000000 Vector50
     /tmp/ccnnwaGn.s:24     .text._unhandled_exception:00000000 Vector54
     /tmp/ccnnwaGn.s:24     .text._unhandled_exception:00000000 Vector58
     /tmp/ccnnwaGn.s:24     .text._unhandled_exception:00000000 Vector5C
     /tmp/ccnnwaGn.s:24     .text._unhandled_exception:00000000 Vector60
     /tmp/ccnnwaGn.s:24     .text._unhandled_exception:00000000 Vector64
     /tmp/ccnnwaGn.s:24     .text._unhandled_exception:00000000 Vector68
     /tmp/ccnnwaGn.s:24     .text._unhandled_exception:00000000 Vector6C
     /tmp/ccnnwaGn.s:24     .text._unhandled_exception:00000000 Vector70
     /tmp/ccnnwaGn.s:24     .text._unhandled_exception:00000000 Vector74
     /tmp/ccnnwaGn.s:24     .text._unhandled_exception:00000000 Vector78
     /tmp/ccnnwaGn.s:24     .text._unhandled_exception:00000000 Vector7C
     /tmp/ccnnwaGn.s:24     .text._unhandled_exception:00000000 Vector80
     /tmp/ccnnwaGn.s:24     .text._unhandled_exception:00000000 Vector84
     /tmp/ccnnwaGn.s:24     .text._unhandled_exception:00000000 Vector88
     /tmp/ccnnwaGn.s:24     .text._unhandled_exception:00000000 Vector8C
     /tmp/ccnnwaGn.s:24     .text._unhandled_exception:00000000 Vector90
     /tmp/ccnnwaGn.s:24     .text._unhandled_exception:00000000 Vector94
     /tmp/ccnnwaGn.s:24     .text._unhandled_exception:00000000 Vector98
     /tmp/ccnnwaGn.s:24     .text._unhandled_exception:00000000 Vector9C
     /tmp/ccnnwaGn.s:24     .text._unhandled_exception:00000000 VectorA0
     /tmp/ccnnwaGn.s:24     .text._unhandled_exception:00000000 VectorA4
     /tmp/ccnnwaGn.s:24     .text._unhandled_exception:00000000 VectorA8
     /tmp/ccnnwaGn.s:24     .text._unhandled_exception:00000000 VectorAC
     /tmp/ccnnwaGn.s:24     .text._unhandled_exception:00000000 VectorB0
     /tmp/ccnnwaGn.s:24     .text._unhandled_exception:00000000 VectorB4
     /tmp/ccnnwaGn.s:24     .text._unhandled_exception:00000000 VectorB8
     /tmp/ccnnwaGn.s:24     .text._unhandled_exception:00000000 VectorBC
     /tmp/ccnnwaGn.s:132    .vectors:00000000 _vectors
     /tmp/ccnnwaGn.s:129    .vectors:00000000 $d
                     .debug_frame:00000010 $d

UNDEFINED SYMBOLS
__main_stack_end__
Reset_Handler
ARM GAS  /tmp/ccnnwaGn.s 			page 16


