ARM GAS  /tmp/cctTF06B.s 			page 1


   1              		.syntax unified
   2              		.cpu cortex-m4
   3              		.fpu softvfp
   4              		.eabi_attribute 20, 1
   5              		.eabi_attribute 21, 1
   6              		.eabi_attribute 23, 3
   7              		.eabi_attribute 24, 1
   8              		.eabi_attribute 25, 1
   9              		.eabi_attribute 26, 2
  10              		.eabi_attribute 30, 2
  11              		.eabi_attribute 34, 1
  12              		.eabi_attribute 18, 4
  13              		.thumb
  14              		.file	"chcore.c"
  15              		.text
  16              	.Ltext0:
  17              		.cfi_sections	.debug_frame
  18              	.Letext0:
  19              		.file 1 "/usr/include/stdint.h"
  20              		.file 2 "../os/rt/ports/ARMCMx/compilers/GCC/chtypes.h"
  21              		.file 3 "../os/rt/include/chsystypes.h"
  22              		.file 4 "../os/rt/include/chschd.h"
  23              		.file 5 "../os/rt/ports/ARMCMx/chcore.h"
  24              		.file 6 "../os/rt/ports/ARMCMx/chcore_v7m.h"
  25              		.file 7 "../os/rt/include/chsem.h"
  26              		.file 8 "../os/rt/include/chmtx.h"
  27              		.file 9 "../os/ext/CMSIS/include/core_cm4.h"
  28              		.section	.debug_info,"",%progbits
  29              	.Ldebug_info0:
  30 0000 D2050000 		.4byte	0x5d2
  31 0004 0400     		.2byte	0x4
  32 0006 00000000 		.4byte	.Ldebug_abbrev0
  33 000a 04       		.byte	0x4
  34 000b 01       		.uleb128 0x1
  35 000c 2D030000 		.4byte	.LASF95
  36 0010 01       		.byte	0x1
  37 0011 6E010000 		.4byte	.LASF96
  38 0015 29000000 		.4byte	.LASF97
  39 0019 00000000 		.4byte	.Ldebug_line0
  40 001d 02       		.uleb128 0x2
  41 001e 04       		.byte	0x4
  42 001f 05       		.byte	0x5
  43 0020 696E7400 		.ascii	"int\000"
  44 0024 03       		.uleb128 0x3
  45 0025 04       		.byte	0x4
  46 0026 07       		.byte	0x7
  47 0027 36020000 		.4byte	.LASF0
  48 002b 03       		.uleb128 0x3
  49 002c 01       		.byte	0x1
  50 002d 06       		.byte	0x6
  51 002e 02020000 		.4byte	.LASF1
  52 0032 03       		.uleb128 0x3
  53 0033 02       		.byte	0x2
  54 0034 05       		.byte	0x5
  55 0035 75000000 		.4byte	.LASF2
  56 0039 04       		.uleb128 0x4
  57 003a 37010000 		.4byte	.LASF4
ARM GAS  /tmp/cctTF06B.s 			page 2


  58 003e 01       		.byte	0x1
  59 003f 26       		.byte	0x26
  60 0040 1D000000 		.4byte	0x1d
  61 0044 03       		.uleb128 0x3
  62 0045 08       		.byte	0x8
  63 0046 05       		.byte	0x5
  64 0047 51010000 		.4byte	.LASF3
  65 004b 04       		.uleb128 0x4
  66 004c 00010000 		.4byte	.LASF5
  67 0050 01       		.byte	0x1
  68 0051 30       		.byte	0x30
  69 0052 56000000 		.4byte	0x56
  70 0056 03       		.uleb128 0x3
  71 0057 01       		.byte	0x1
  72 0058 08       		.byte	0x8
  73 0059 ED010000 		.4byte	.LASF6
  74 005d 03       		.uleb128 0x3
  75 005e 02       		.byte	0x2
  76 005f 07       		.byte	0x7
  77 0060 D4020000 		.4byte	.LASF7
  78 0064 04       		.uleb128 0x4
  79 0065 2D020000 		.4byte	.LASF8
  80 0069 01       		.byte	0x1
  81 006a 33       		.byte	0x33
  82 006b 24000000 		.4byte	0x24
  83 006f 04       		.uleb128 0x4
  84 0070 61000000 		.4byte	.LASF9
  85 0074 01       		.byte	0x1
  86 0075 3A       		.byte	0x3a
  87 0076 7A000000 		.4byte	0x7a
  88 007a 03       		.uleb128 0x3
  89 007b 08       		.byte	0x8
  90 007c 07       		.byte	0x7
  91 007d 16020000 		.4byte	.LASF10
  92 0081 04       		.uleb128 0x4
  93 0082 49010000 		.4byte	.LASF11
  94 0086 02       		.byte	0x2
  95 0087 3C       		.byte	0x3c
  96 0088 4B000000 		.4byte	0x4b
  97 008c 04       		.uleb128 0x4
  98 008d 4C040000 		.4byte	.LASF12
  99 0091 02       		.byte	0x2
 100 0092 3D       		.byte	0x3d
 101 0093 4B000000 		.4byte	0x4b
 102 0097 04       		.uleb128 0x4
 103 0098 09000000 		.4byte	.LASF13
 104 009c 02       		.byte	0x2
 105 009d 3E       		.byte	0x3e
 106 009e 4B000000 		.4byte	0x4b
 107 00a2 04       		.uleb128 0x4
 108 00a3 24010000 		.4byte	.LASF14
 109 00a7 02       		.byte	0x2
 110 00a8 3F       		.byte	0x3f
 111 00a9 4B000000 		.4byte	0x4b
 112 00ad 04       		.uleb128 0x4
 113 00ae 66010000 		.4byte	.LASF15
 114 00b2 02       		.byte	0x2
ARM GAS  /tmp/cctTF06B.s 			page 3


 115 00b3 40       		.byte	0x40
 116 00b4 64000000 		.4byte	0x64
 117 00b8 04       		.uleb128 0x4
 118 00b9 D4040000 		.4byte	.LASF16
 119 00bd 02       		.byte	0x2
 120 00be 41       		.byte	0x41
 121 00bf 39000000 		.4byte	0x39
 122 00c3 04       		.uleb128 0x4
 123 00c4 AF000000 		.4byte	.LASF17
 124 00c8 02       		.byte	0x2
 125 00c9 43       		.byte	0x43
 126 00ca 64000000 		.4byte	0x64
 127 00ce 04       		.uleb128 0x4
 128 00cf CE020000 		.4byte	.LASF18
 129 00d3 02       		.byte	0x2
 130 00d4 45       		.byte	0x45
 131 00d5 39000000 		.4byte	0x39
 132 00d9 04       		.uleb128 0x4
 133 00da 91020000 		.4byte	.LASF19
 134 00de 03       		.byte	0x3
 135 00df 33       		.byte	0x33
 136 00e0 64000000 		.4byte	0x64
 137 00e4 04       		.uleb128 0x4
 138 00e5 00000000 		.4byte	.LASF20
 139 00e9 03       		.byte	0x3
 140 00ea 3F       		.byte	0x3f
 141 00eb EF000000 		.4byte	0xef
 142 00ef 05       		.uleb128 0x5
 143 00f0 3F010000 		.4byte	.LASF41
 144 00f4 44       		.byte	0x44
 145 00f5 04       		.byte	0x4
 146 00f6 C2       		.byte	0xc2
 147 00f7 E8010000 		.4byte	0x1e8
 148 00fb 06       		.uleb128 0x6
 149 00fc 23040000 		.4byte	.LASF21
 150 0100 04       		.byte	0x4
 151 0101 C3       		.byte	0xc3
 152 0102 F3010000 		.4byte	0x1f3
 153 0106 00       		.byte	0
 154 0107 06       		.uleb128 0x6
 155 0108 99000000 		.4byte	.LASF22
 156 010c 04       		.byte	0x4
 157 010d C5       		.byte	0xc5
 158 010e F3010000 		.4byte	0x1f3
 159 0112 04       		.byte	0x4
 160 0113 06       		.uleb128 0x6
 161 0114 C6000000 		.4byte	.LASF23
 162 0118 04       		.byte	0x4
 163 0119 C7       		.byte	0xc7
 164 011a AD000000 		.4byte	0xad
 165 011e 08       		.byte	0x8
 166 011f 06       		.uleb128 0x6
 167 0120 B2040000 		.4byte	.LASF24
 168 0124 04       		.byte	0x4
 169 0125 C8       		.byte	0xc8
 170 0126 17040000 		.4byte	0x417
 171 012a 0C       		.byte	0xc
ARM GAS  /tmp/cctTF06B.s 			page 4


 172 012b 06       		.uleb128 0x6
 173 012c 0E020000 		.4byte	.LASF25
 174 0130 04       		.byte	0x4
 175 0131 CA       		.byte	0xca
 176 0132 F3010000 		.4byte	0x1f3
 177 0136 10       		.byte	0x10
 178 0137 06       		.uleb128 0x6
 179 0138 72040000 		.4byte	.LASF26
 180 013c 04       		.byte	0x4
 181 013d CB       		.byte	0xcb
 182 013e F3010000 		.4byte	0x1f3
 183 0142 14       		.byte	0x14
 184 0143 06       		.uleb128 0x6
 185 0144 5F010000 		.4byte	.LASF27
 186 0148 04       		.byte	0x4
 187 0149 D2       		.byte	0xd2
 188 014a 76050000 		.4byte	0x576
 189 014e 18       		.byte	0x18
 190 014f 06       		.uleb128 0x6
 191 0150 BF020000 		.4byte	.LASF28
 192 0154 04       		.byte	0x4
 193 0155 DD       		.byte	0xdd
 194 0156 8C000000 		.4byte	0x8c
 195 015a 1C       		.byte	0x1c
 196 015b 06       		.uleb128 0x6
 197 015c 75020000 		.4byte	.LASF29
 198 0160 04       		.byte	0x4
 199 0161 E1       		.byte	0xe1
 200 0162 81000000 		.4byte	0x81
 201 0166 1D       		.byte	0x1d
 202 0167 06       		.uleb128 0x6
 203 0168 9D040000 		.4byte	.LASF30
 204 016c 04       		.byte	0x4
 205 016d E6       		.byte	0xe6
 206 016e 97000000 		.4byte	0x97
 207 0172 1E       		.byte	0x1e
 208 0173 06       		.uleb128 0x6
 209 0174 19030000 		.4byte	.LASF31
 210 0178 04       		.byte	0x4
 211 0179 EC       		.byte	0xec
 212 017a A2000000 		.4byte	0xa2
 213 017e 1F       		.byte	0x1f
 214 017f 07       		.uleb128 0x7
 215 0180 705F7500 		.ascii	"p_u\000"
 216 0184 04       		.byte	0x4
 217 0185 3101     		.2byte	0x131
 218 0187 B1040000 		.4byte	0x4b1
 219 018b 20       		.byte	0x20
 220 018c 08       		.uleb128 0x8
 221 018d E7020000 		.4byte	.LASF32
 222 0191 04       		.byte	0x4
 223 0192 3601     		.2byte	0x136
 224 0194 F9010000 		.4byte	0x1f9
 225 0198 24       		.byte	0x24
 226 0199 08       		.uleb128 0x8
 227 019a BB000000 		.4byte	.LASF33
 228 019e 04       		.byte	0x4
ARM GAS  /tmp/cctTF06B.s 			page 5


 229 019f 3C01     		.2byte	0x13c
 230 01a1 1D020000 		.4byte	0x21d
 231 01a5 28       		.byte	0x28
 232 01a6 08       		.uleb128 0x8
 233 01a7 E1010000 		.4byte	.LASF34
 234 01ab 04       		.byte	0x4
 235 01ac 4001     		.2byte	0x140
 236 01ae B8000000 		.4byte	0xb8
 237 01b2 30       		.byte	0x30
 238 01b3 08       		.uleb128 0x8
 239 01b4 8E000000 		.4byte	.LASF35
 240 01b8 04       		.byte	0x4
 241 01b9 4601     		.2byte	0x146
 242 01bb C3000000 		.4byte	0xc3
 243 01bf 34       		.byte	0x34
 244 01c0 08       		.uleb128 0x8
 245 01c1 F9020000 		.4byte	.LASF36
 246 01c5 04       		.byte	0x4
 247 01c6 4D01     		.2byte	0x14d
 248 01c8 70050000 		.4byte	0x570
 249 01cc 38       		.byte	0x38
 250 01cd 08       		.uleb128 0x8
 251 01ce 86020000 		.4byte	.LASF37
 252 01d2 04       		.byte	0x4
 253 01d3 5101     		.2byte	0x151
 254 01d5 AD000000 		.4byte	0xad
 255 01d9 3C       		.byte	0x3c
 256 01da 08       		.uleb128 0x8
 257 01db 5F020000 		.4byte	.LASF38
 258 01df 04       		.byte	0x4
 259 01e0 5801     		.2byte	0x158
 260 01e2 D0020000 		.4byte	0x2d0
 261 01e6 40       		.byte	0x40
 262 01e7 00       		.byte	0
 263 01e8 04       		.uleb128 0x4
 264 01e9 2A040000 		.4byte	.LASF39
 265 01ed 03       		.byte	0x3
 266 01ee 44       		.byte	0x44
 267 01ef F3010000 		.4byte	0x1f3
 268 01f3 09       		.uleb128 0x9
 269 01f4 04       		.byte	0x4
 270 01f5 E4000000 		.4byte	0xe4
 271 01f9 04       		.uleb128 0x4
 272 01fa E1040000 		.4byte	.LASF40
 273 01fe 03       		.byte	0x3
 274 01ff 49       		.byte	0x49
 275 0200 04020000 		.4byte	0x204
 276 0204 05       		.uleb128 0x5
 277 0205 CD000000 		.4byte	.LASF42
 278 0209 04       		.byte	0x4
 279 020a 04       		.byte	0x4
 280 020b B0       		.byte	0xb0
 281 020c 1D020000 		.4byte	0x21d
 282 0210 06       		.uleb128 0x6
 283 0211 23040000 		.4byte	.LASF21
 284 0215 04       		.byte	0x4
 285 0216 B1       		.byte	0xb1
ARM GAS  /tmp/cctTF06B.s 			page 6


 286 0217 F3010000 		.4byte	0x1f3
 287 021b 00       		.byte	0
 288 021c 00       		.byte	0
 289 021d 04       		.uleb128 0x4
 290 021e 19000000 		.4byte	.LASF43
 291 0222 03       		.byte	0x3
 292 0223 50       		.byte	0x50
 293 0224 28020000 		.4byte	0x228
 294 0228 05       		.uleb128 0x5
 295 0229 08010000 		.4byte	.LASF44
 296 022d 08       		.byte	0x8
 297 022e 04       		.byte	0x4
 298 022f B7       		.byte	0xb7
 299 0230 4D020000 		.4byte	0x24d
 300 0234 06       		.uleb128 0x6
 301 0235 23040000 		.4byte	.LASF21
 302 0239 04       		.byte	0x4
 303 023a B8       		.byte	0xb8
 304 023b F3010000 		.4byte	0x1f3
 305 023f 00       		.byte	0
 306 0240 06       		.uleb128 0x6
 307 0241 99000000 		.4byte	.LASF22
 308 0245 04       		.byte	0x4
 309 0246 B9       		.byte	0xb9
 310 0247 F3010000 		.4byte	0x1f3
 311 024b 04       		.byte	0x4
 312 024c 00       		.byte	0
 313 024d 04       		.uleb128 0x4
 314 024e 7A040000 		.4byte	.LASF45
 315 0252 03       		.byte	0x3
 316 0253 57       		.byte	0x57
 317 0254 58020000 		.4byte	0x258
 318 0258 0A       		.uleb128 0xa
 319 0259 A4040000 		.4byte	.LASF46
 320 025d 1C       		.byte	0x1c
 321 025e 04       		.byte	0x4
 322 025f 9001     		.2byte	0x190
 323 0261 B4020000 		.4byte	0x2b4
 324 0265 08       		.uleb128 0x8
 325 0266 7F000000 		.4byte	.LASF47
 326 026a 04       		.byte	0x4
 327 026b 9101     		.2byte	0x191
 328 026d 1D020000 		.4byte	0x21d
 329 0271 00       		.byte	0
 330 0272 08       		.uleb128 0x8
 331 0273 C7020000 		.4byte	.LASF48
 332 0277 04       		.byte	0x4
 333 0278 9201     		.2byte	0x192
 334 027a AD000000 		.4byte	0xad
 335 027e 08       		.byte	0x8
 336 027f 08       		.uleb128 0x8
 337 0280 67020000 		.4byte	.LASF49
 338 0284 04       		.byte	0x4
 339 0285 9401     		.2byte	0x194
 340 0287 17040000 		.4byte	0x417
 341 028b 0C       		.byte	0xc
 342 028c 08       		.uleb128 0x8
ARM GAS  /tmp/cctTF06B.s 			page 7


 343 028d 6D020000 		.4byte	.LASF50
 344 0291 04       		.byte	0x4
 345 0292 9701     		.2byte	0x197
 346 0294 F3010000 		.4byte	0x1f3
 347 0298 10       		.byte	0x10
 348 0299 08       		.uleb128 0x8
 349 029a 11000000 		.4byte	.LASF51
 350 029e 04       		.byte	0x4
 351 029f 9801     		.2byte	0x198
 352 02a1 F3010000 		.4byte	0x1f3
 353 02a5 14       		.byte	0x14
 354 02a6 08       		.uleb128 0x8
 355 02a7 D7010000 		.4byte	.LASF52
 356 02ab 04       		.byte	0x4
 357 02ac 9B01     		.2byte	0x19b
 358 02ae F3010000 		.4byte	0x1f3
 359 02b2 18       		.byte	0x18
 360 02b3 00       		.byte	0
 361 02b4 04       		.uleb128 0x4
 362 02b5 69040000 		.4byte	.LASF53
 363 02b9 03       		.byte	0x3
 364 02ba 5C       		.byte	0x5c
 365 02bb BF020000 		.4byte	0x2bf
 366 02bf 09       		.uleb128 0x9
 367 02c0 04       		.byte	0x4
 368 02c1 C5020000 		.4byte	0x2c5
 369 02c5 0B       		.uleb128 0xb
 370 02c6 D0020000 		.4byte	0x2d0
 371 02ca 0C       		.uleb128 0xc
 372 02cb D0020000 		.4byte	0x2d0
 373 02cf 00       		.byte	0
 374 02d0 0D       		.uleb128 0xd
 375 02d1 04       		.byte	0x4
 376 02d2 04       		.uleb128 0x4
 377 02d3 B7010000 		.4byte	.LASF54
 378 02d7 03       		.byte	0x3
 379 02d8 61       		.byte	0x61
 380 02d9 DD020000 		.4byte	0x2dd
 381 02dd 0A       		.uleb128 0xa
 382 02de AE020000 		.4byte	.LASF55
 383 02e2 14       		.byte	0x14
 384 02e3 04       		.byte	0x4
 385 02e4 6B01     		.2byte	0x16b
 386 02e6 2C030000 		.4byte	0x32c
 387 02ea 08       		.uleb128 0x8
 388 02eb 4B020000 		.4byte	.LASF56
 389 02ef 04       		.byte	0x4
 390 02f0 6C01     		.2byte	0x16c
 391 02f2 88050000 		.4byte	0x588
 392 02f6 00       		.byte	0
 393 02f7 08       		.uleb128 0x8
 394 02f8 F1020000 		.4byte	.LASF57
 395 02fc 04       		.byte	0x4
 396 02fd 6D01     		.2byte	0x16d
 397 02ff 88050000 		.4byte	0x588
 398 0303 04       		.byte	0x4
 399 0304 08       		.uleb128 0x8
ARM GAS  /tmp/cctTF06B.s 			page 8


 400 0305 7D020000 		.4byte	.LASF58
 401 0309 04       		.byte	0x4
 402 030a 6E01     		.2byte	0x16e
 403 030c D9000000 		.4byte	0xd9
 404 0310 08       		.byte	0x8
 405 0311 08       		.uleb128 0x8
 406 0312 44040000 		.4byte	.LASF59
 407 0316 04       		.byte	0x4
 408 0317 6F01     		.2byte	0x16f
 409 0319 B4020000 		.4byte	0x2b4
 410 031d 0C       		.byte	0xc
 411 031e 08       		.uleb128 0x8
 412 031f E4000000 		.4byte	.LASF60
 413 0323 04       		.byte	0x4
 414 0324 7101     		.2byte	0x171
 415 0326 D0020000 		.4byte	0x2d0
 416 032a 10       		.byte	0x10
 417 032b 00       		.byte	0
 418 032c 04       		.uleb128 0x4
 419 032d 87040000 		.4byte	.LASF61
 420 0331 03       		.byte	0x3
 421 0332 66       		.byte	0x66
 422 0333 37030000 		.4byte	0x337
 423 0337 0A       		.uleb128 0xa
 424 0338 8D010000 		.4byte	.LASF62
 425 033c 10       		.byte	0x10
 426 033d 04       		.byte	0x4
 427 033e 7B01     		.2byte	0x17b
 428 0340 79030000 		.4byte	0x379
 429 0344 08       		.uleb128 0x8
 430 0345 4B020000 		.4byte	.LASF56
 431 0349 04       		.byte	0x4
 432 034a 7C01     		.2byte	0x17c
 433 034c 88050000 		.4byte	0x588
 434 0350 00       		.byte	0
 435 0351 08       		.uleb128 0x8
 436 0352 F1020000 		.4byte	.LASF57
 437 0356 04       		.byte	0x4
 438 0357 7E01     		.2byte	0x17e
 439 0359 88050000 		.4byte	0x588
 440 035d 04       		.byte	0x4
 441 035e 08       		.uleb128 0x8
 442 035f 7D020000 		.4byte	.LASF58
 443 0363 04       		.byte	0x4
 444 0364 8001     		.2byte	0x180
 445 0366 D9000000 		.4byte	0xd9
 446 036a 08       		.byte	0x8
 447 036b 08       		.uleb128 0x8
 448 036c 19010000 		.4byte	.LASF63
 449 0370 04       		.byte	0x4
 450 0371 8201     		.2byte	0x182
 451 0373 8E050000 		.4byte	0x58e
 452 0377 0C       		.byte	0xc
 453 0378 00       		.byte	0
 454 0379 04       		.uleb128 0x4
 455 037a A0000000 		.4byte	.LASF64
 456 037e 03       		.byte	0x3
ARM GAS  /tmp/cctTF06B.s 			page 9


 457 037f 6B       		.byte	0x6b
 458 0380 84030000 		.4byte	0x384
 459 0384 0A       		.uleb128 0xa
 460 0385 51000000 		.4byte	.LASF65
 461 0389 04       		.byte	0x4
 462 038a 04       		.byte	0x4
 463 038b A201     		.2byte	0x1a2
 464 038d 9F030000 		.4byte	0x39f
 465 0391 08       		.uleb128 0x8
 466 0392 23030000 		.4byte	.LASF66
 467 0396 04       		.byte	0x4
 468 0397 AA01     		.2byte	0x1aa
 469 0399 93050000 		.4byte	0x593
 470 039d 00       		.byte	0
 471 039e 00       		.byte	0
 472 039f 04       		.uleb128 0x4
 473 03a0 EB000000 		.4byte	.LASF67
 474 03a4 03       		.byte	0x3
 475 03a5 70       		.byte	0x70
 476 03a6 AA030000 		.4byte	0x3aa
 477 03aa 0E       		.uleb128 0xe
 478 03ab A4010000 		.4byte	.LASF68
 479 03af 5001     		.2byte	0x150
 480 03b1 04       		.byte	0x4
 481 03b2 C201     		.2byte	0x1c2
 482 03b4 FA030000 		.4byte	0x3fa
 483 03b8 08       		.uleb128 0x8
 484 03b9 9B020000 		.4byte	.LASF69
 485 03bd 04       		.byte	0x4
 486 03be C601     		.2byte	0x1c6
 487 03c0 4D020000 		.4byte	0x24d
 488 03c4 00       		.byte	0
 489 03c5 08       		.uleb128 0x8
 490 03c6 DD000000 		.4byte	.LASF70
 491 03ca 04       		.byte	0x4
 492 03cb CA01     		.2byte	0x1ca
 493 03cd 2C030000 		.4byte	0x32c
 494 03d1 1C       		.byte	0x1c
 495 03d2 07       		.uleb128 0x7
 496 03d3 64626700 		.ascii	"dbg\000"
 497 03d7 04       		.byte	0x4
 498 03d8 CE01     		.2byte	0x1ce
 499 03da 79030000 		.4byte	0x379
 500 03de 2C       		.byte	0x2c
 501 03df 08       		.uleb128 0x8
 502 03e0 6A000000 		.4byte	.LASF71
 503 03e4 04       		.byte	0x4
 504 03e5 D201     		.2byte	0x1d2
 505 03e7 E4000000 		.4byte	0xe4
 506 03eb 30       		.byte	0x30
 507 03ec 08       		.uleb128 0x8
 508 03ed 03030000 		.4byte	.LASF72
 509 03f1 04       		.byte	0x4
 510 03f2 E301     		.2byte	0x1e3
 511 03f4 98050000 		.4byte	0x598
 512 03f8 78       		.byte	0x78
 513 03f9 00       		.byte	0
ARM GAS  /tmp/cctTF06B.s 			page 10


 514 03fa 03       		.uleb128 0x3
 515 03fb 04       		.byte	0x4
 516 03fc 07       		.byte	0x7
 517 03fd AE010000 		.4byte	.LASF73
 518 0401 04       		.uleb128 0x4
 519 0402 F7000000 		.4byte	.LASF74
 520 0406 05       		.byte	0x5
 521 0407 65       		.byte	0x65
 522 0408 D0020000 		.4byte	0x2d0
 523 040c 04       		.uleb128 0x4
 524 040d 55040000 		.4byte	.LASF75
 525 0411 05       		.byte	0x5
 526 0412 6D       		.byte	0x6d
 527 0413 6F000000 		.4byte	0x6f
 528 0417 05       		.uleb128 0x5
 529 0418 CF010000 		.4byte	.LASF76
 530 041c 04       		.byte	0x4
 531 041d 05       		.byte	0x5
 532 041e 89       		.byte	0x89
 533 041f 30040000 		.4byte	0x430
 534 0423 0F       		.uleb128 0xf
 535 0424 72313300 		.ascii	"r13\000"
 536 0428 05       		.byte	0x5
 537 0429 8A       		.byte	0x8a
 538 042a AB040000 		.4byte	0x4ab
 539 042e 00       		.byte	0
 540 042f 00       		.byte	0
 541 0430 05       		.uleb128 0x5
 542 0431 53020000 		.4byte	.LASF77
 543 0435 24       		.byte	0x24
 544 0436 06       		.byte	0x6
 545 0437 FD       		.byte	0xfd
 546 0438 AB040000 		.4byte	0x4ab
 547 043c 07       		.uleb128 0x7
 548 043d 723400   		.ascii	"r4\000"
 549 0440 06       		.byte	0x6
 550 0441 1001     		.2byte	0x110
 551 0443 01040000 		.4byte	0x401
 552 0447 00       		.byte	0
 553 0448 07       		.uleb128 0x7
 554 0449 723500   		.ascii	"r5\000"
 555 044c 06       		.byte	0x6
 556 044d 1101     		.2byte	0x111
 557 044f 01040000 		.4byte	0x401
 558 0453 04       		.byte	0x4
 559 0454 07       		.uleb128 0x7
 560 0455 723600   		.ascii	"r6\000"
 561 0458 06       		.byte	0x6
 562 0459 1201     		.2byte	0x112
 563 045b 01040000 		.4byte	0x401
 564 045f 08       		.byte	0x8
 565 0460 07       		.uleb128 0x7
 566 0461 723700   		.ascii	"r7\000"
 567 0464 06       		.byte	0x6
 568 0465 1301     		.2byte	0x113
 569 0467 01040000 		.4byte	0x401
 570 046b 0C       		.byte	0xc
ARM GAS  /tmp/cctTF06B.s 			page 11


 571 046c 07       		.uleb128 0x7
 572 046d 723800   		.ascii	"r8\000"
 573 0470 06       		.byte	0x6
 574 0471 1401     		.2byte	0x114
 575 0473 01040000 		.4byte	0x401
 576 0477 10       		.byte	0x10
 577 0478 07       		.uleb128 0x7
 578 0479 723900   		.ascii	"r9\000"
 579 047c 06       		.byte	0x6
 580 047d 1501     		.2byte	0x115
 581 047f 01040000 		.4byte	0x401
 582 0483 14       		.byte	0x14
 583 0484 07       		.uleb128 0x7
 584 0485 72313000 		.ascii	"r10\000"
 585 0489 06       		.byte	0x6
 586 048a 1601     		.2byte	0x116
 587 048c 01040000 		.4byte	0x401
 588 0490 18       		.byte	0x18
 589 0491 07       		.uleb128 0x7
 590 0492 72313100 		.ascii	"r11\000"
 591 0496 06       		.byte	0x6
 592 0497 1701     		.2byte	0x117
 593 0499 01040000 		.4byte	0x401
 594 049d 1C       		.byte	0x1c
 595 049e 07       		.uleb128 0x7
 596 049f 6C7200   		.ascii	"lr\000"
 597 04a2 06       		.byte	0x6
 598 04a3 1801     		.2byte	0x118
 599 04a5 01040000 		.4byte	0x401
 600 04a9 20       		.byte	0x20
 601 04aa 00       		.byte	0
 602 04ab 09       		.uleb128 0x9
 603 04ac 04       		.byte	0x4
 604 04ad 30040000 		.4byte	0x430
 605 04b1 10       		.uleb128 0x10
 606 04b2 04       		.byte	0x4
 607 04b3 04       		.byte	0x4
 608 04b4 FA       		.byte	0xfa
 609 04b5 0E050000 		.4byte	0x50e
 610 04b9 11       		.uleb128 0x11
 611 04ba CD040000 		.4byte	.LASF78
 612 04be 04       		.byte	0x4
 613 04bf 0101     		.2byte	0x101
 614 04c1 B8000000 		.4byte	0xb8
 615 04c5 11       		.uleb128 0x11
 616 04c6 60040000 		.4byte	.LASF79
 617 04ca 04       		.byte	0x4
 618 04cb 0801     		.2byte	0x108
 619 04cd B8000000 		.4byte	0xb8
 620 04d1 11       		.uleb128 0x11
 621 04d2 3D040000 		.4byte	.LASF80
 622 04d6 04       		.byte	0x4
 623 04d7 0F01     		.2byte	0x10f
 624 04d9 D0020000 		.4byte	0x2d0
 625 04dd 11       		.uleb128 0x11
 626 04de 10040000 		.4byte	.LASF81
 627 04e2 04       		.byte	0x4
ARM GAS  /tmp/cctTF06B.s 			page 12


 628 04e3 1601     		.2byte	0x116
 629 04e5 0E050000 		.4byte	0x50e
 630 04e9 11       		.uleb128 0x11
 631 04ea 12030000 		.4byte	.LASF82
 632 04ee 04       		.byte	0x4
 633 04ef 1E01     		.2byte	0x11e
 634 04f1 39050000 		.4byte	0x539
 635 04f5 11       		.uleb128 0x11
 636 04f6 DA040000 		.4byte	.LASF83
 637 04fa 04       		.byte	0x4
 638 04fb 2701     		.2byte	0x127
 639 04fd 70050000 		.4byte	0x570
 640 0501 11       		.uleb128 0x11
 641 0502 FB010000 		.4byte	.LASF84
 642 0506 04       		.byte	0x4
 643 0507 2F01     		.2byte	0x12f
 644 0509 C3000000 		.4byte	0xc3
 645 050d 00       		.byte	0
 646 050e 09       		.uleb128 0x9
 647 050f 04       		.byte	0x4
 648 0510 E8010000 		.4byte	0x1e8
 649 0514 05       		.uleb128 0x5
 650 0515 16040000 		.4byte	.LASF85
 651 0519 0C       		.byte	0xc
 652 051a 07       		.byte	0x7
 653 051b 34       		.byte	0x34
 654 051c 39050000 		.4byte	0x539
 655 0520 06       		.uleb128 0x6
 656 0521 A6020000 		.4byte	.LASF86
 657 0525 07       		.byte	0x7
 658 0526 35       		.byte	0x35
 659 0527 1D020000 		.4byte	0x21d
 660 052b 00       		.byte	0
 661 052c 06       		.uleb128 0x6
 662 052d E7010000 		.4byte	.LASF87
 663 0531 07       		.byte	0x7
 664 0532 37       		.byte	0x37
 665 0533 CE000000 		.4byte	0xce
 666 0537 08       		.byte	0x8
 667 0538 00       		.byte	0
 668 0539 09       		.uleb128 0x9
 669 053a 04       		.byte	0x4
 670 053b 14050000 		.4byte	0x514
 671 053f 05       		.uleb128 0x5
 672 0540 2E010000 		.4byte	.LASF88
 673 0544 10       		.byte	0x10
 674 0545 08       		.byte	0x8
 675 0546 39       		.byte	0x39
 676 0547 70050000 		.4byte	0x570
 677 054b 06       		.uleb128 0x6
 678 054c C7010000 		.4byte	.LASF89
 679 0550 08       		.byte	0x8
 680 0551 3A       		.byte	0x3a
 681 0552 1D020000 		.4byte	0x21d
 682 0556 00       		.byte	0
 683 0557 06       		.uleb128 0x6
 684 0558 C5040000 		.4byte	.LASF90
ARM GAS  /tmp/cctTF06B.s 			page 13


 685 055c 08       		.byte	0x8
 686 055d 3C       		.byte	0x3c
 687 055e F3010000 		.4byte	0x1f3
 688 0562 08       		.byte	0x8
 689 0563 06       		.uleb128 0x6
 690 0564 87000000 		.4byte	.LASF91
 691 0568 08       		.byte	0x8
 692 0569 3E       		.byte	0x3e
 693 056a B3050000 		.4byte	0x5b3
 694 056e 0C       		.byte	0xc
 695 056f 00       		.byte	0
 696 0570 09       		.uleb128 0x9
 697 0571 04       		.byte	0x4
 698 0572 3F050000 		.4byte	0x53f
 699 0576 09       		.uleb128 0x9
 700 0577 04       		.byte	0x4
 701 0578 7C050000 		.4byte	0x57c
 702 057c 12       		.uleb128 0x12
 703 057d 81050000 		.4byte	0x581
 704 0581 03       		.uleb128 0x3
 705 0582 01       		.byte	0x1
 706 0583 08       		.byte	0x8
 707 0584 A1020000 		.4byte	.LASF92
 708 0588 09       		.uleb128 0x9
 709 0589 04       		.byte	0x4
 710 058a D2020000 		.4byte	0x2d2
 711 058e 13       		.uleb128 0x13
 712 058f D9000000 		.4byte	0xd9
 713 0593 13       		.uleb128 0x13
 714 0594 76050000 		.4byte	0x576
 715 0598 14       		.uleb128 0x14
 716 0599 0C040000 		.4byte	0x40c
 717 059d A8050000 		.4byte	0x5a8
 718 05a1 15       		.uleb128 0x15
 719 05a2 FA030000 		.4byte	0x3fa
 720 05a6 1A       		.byte	0x1a
 721 05a7 00       		.byte	0
 722 05a8 04       		.uleb128 0x4
 723 05a9 43020000 		.4byte	.LASF93
 724 05ad 08       		.byte	0x8
 725 05ae 34       		.byte	0x34
 726 05af 3F050000 		.4byte	0x53f
 727 05b3 09       		.uleb128 0x9
 728 05b4 04       		.byte	0x4
 729 05b5 A8050000 		.4byte	0x5a8
 730 05b9 16       		.uleb128 0x16
 731 05ba B8040000 		.4byte	.LASF94
 732 05be 09       		.byte	0x9
 733 05bf FA06     		.2byte	0x6fa
 734 05c1 C5050000 		.4byte	0x5c5
 735 05c5 13       		.uleb128 0x13
 736 05c6 39000000 		.4byte	0x39
 737 05ca 17       		.uleb128 0x17
 738 05cb 636800   		.ascii	"ch\000"
 739 05ce 04       		.byte	0x4
 740 05cf 0902     		.2byte	0x209
 741 05d1 9F030000 		.4byte	0x39f
ARM GAS  /tmp/cctTF06B.s 			page 14


 742 05d5 00       		.byte	0
 743              		.section	.debug_abbrev,"",%progbits
 744              	.Ldebug_abbrev0:
 745 0000 01       		.uleb128 0x1
 746 0001 11       		.uleb128 0x11
 747 0002 01       		.byte	0x1
 748 0003 25       		.uleb128 0x25
 749 0004 0E       		.uleb128 0xe
 750 0005 13       		.uleb128 0x13
 751 0006 0B       		.uleb128 0xb
 752 0007 03       		.uleb128 0x3
 753 0008 0E       		.uleb128 0xe
 754 0009 1B       		.uleb128 0x1b
 755 000a 0E       		.uleb128 0xe
 756 000b 10       		.uleb128 0x10
 757 000c 17       		.uleb128 0x17
 758 000d 00       		.byte	0
 759 000e 00       		.byte	0
 760 000f 02       		.uleb128 0x2
 761 0010 24       		.uleb128 0x24
 762 0011 00       		.byte	0
 763 0012 0B       		.uleb128 0xb
 764 0013 0B       		.uleb128 0xb
 765 0014 3E       		.uleb128 0x3e
 766 0015 0B       		.uleb128 0xb
 767 0016 03       		.uleb128 0x3
 768 0017 08       		.uleb128 0x8
 769 0018 00       		.byte	0
 770 0019 00       		.byte	0
 771 001a 03       		.uleb128 0x3
 772 001b 24       		.uleb128 0x24
 773 001c 00       		.byte	0
 774 001d 0B       		.uleb128 0xb
 775 001e 0B       		.uleb128 0xb
 776 001f 3E       		.uleb128 0x3e
 777 0020 0B       		.uleb128 0xb
 778 0021 03       		.uleb128 0x3
 779 0022 0E       		.uleb128 0xe
 780 0023 00       		.byte	0
 781 0024 00       		.byte	0
 782 0025 04       		.uleb128 0x4
 783 0026 16       		.uleb128 0x16
 784 0027 00       		.byte	0
 785 0028 03       		.uleb128 0x3
 786 0029 0E       		.uleb128 0xe
 787 002a 3A       		.uleb128 0x3a
 788 002b 0B       		.uleb128 0xb
 789 002c 3B       		.uleb128 0x3b
 790 002d 0B       		.uleb128 0xb
 791 002e 49       		.uleb128 0x49
 792 002f 13       		.uleb128 0x13
 793 0030 00       		.byte	0
 794 0031 00       		.byte	0
 795 0032 05       		.uleb128 0x5
 796 0033 13       		.uleb128 0x13
 797 0034 01       		.byte	0x1
 798 0035 03       		.uleb128 0x3
ARM GAS  /tmp/cctTF06B.s 			page 15


 799 0036 0E       		.uleb128 0xe
 800 0037 0B       		.uleb128 0xb
 801 0038 0B       		.uleb128 0xb
 802 0039 3A       		.uleb128 0x3a
 803 003a 0B       		.uleb128 0xb
 804 003b 3B       		.uleb128 0x3b
 805 003c 0B       		.uleb128 0xb
 806 003d 01       		.uleb128 0x1
 807 003e 13       		.uleb128 0x13
 808 003f 00       		.byte	0
 809 0040 00       		.byte	0
 810 0041 06       		.uleb128 0x6
 811 0042 0D       		.uleb128 0xd
 812 0043 00       		.byte	0
 813 0044 03       		.uleb128 0x3
 814 0045 0E       		.uleb128 0xe
 815 0046 3A       		.uleb128 0x3a
 816 0047 0B       		.uleb128 0xb
 817 0048 3B       		.uleb128 0x3b
 818 0049 0B       		.uleb128 0xb
 819 004a 49       		.uleb128 0x49
 820 004b 13       		.uleb128 0x13
 821 004c 38       		.uleb128 0x38
 822 004d 0B       		.uleb128 0xb
 823 004e 00       		.byte	0
 824 004f 00       		.byte	0
 825 0050 07       		.uleb128 0x7
 826 0051 0D       		.uleb128 0xd
 827 0052 00       		.byte	0
 828 0053 03       		.uleb128 0x3
 829 0054 08       		.uleb128 0x8
 830 0055 3A       		.uleb128 0x3a
 831 0056 0B       		.uleb128 0xb
 832 0057 3B       		.uleb128 0x3b
 833 0058 05       		.uleb128 0x5
 834 0059 49       		.uleb128 0x49
 835 005a 13       		.uleb128 0x13
 836 005b 38       		.uleb128 0x38
 837 005c 0B       		.uleb128 0xb
 838 005d 00       		.byte	0
 839 005e 00       		.byte	0
 840 005f 08       		.uleb128 0x8
 841 0060 0D       		.uleb128 0xd
 842 0061 00       		.byte	0
 843 0062 03       		.uleb128 0x3
 844 0063 0E       		.uleb128 0xe
 845 0064 3A       		.uleb128 0x3a
 846 0065 0B       		.uleb128 0xb
 847 0066 3B       		.uleb128 0x3b
 848 0067 05       		.uleb128 0x5
 849 0068 49       		.uleb128 0x49
 850 0069 13       		.uleb128 0x13
 851 006a 38       		.uleb128 0x38
 852 006b 0B       		.uleb128 0xb
 853 006c 00       		.byte	0
 854 006d 00       		.byte	0
 855 006e 09       		.uleb128 0x9
ARM GAS  /tmp/cctTF06B.s 			page 16


 856 006f 0F       		.uleb128 0xf
 857 0070 00       		.byte	0
 858 0071 0B       		.uleb128 0xb
 859 0072 0B       		.uleb128 0xb
 860 0073 49       		.uleb128 0x49
 861 0074 13       		.uleb128 0x13
 862 0075 00       		.byte	0
 863 0076 00       		.byte	0
 864 0077 0A       		.uleb128 0xa
 865 0078 13       		.uleb128 0x13
 866 0079 01       		.byte	0x1
 867 007a 03       		.uleb128 0x3
 868 007b 0E       		.uleb128 0xe
 869 007c 0B       		.uleb128 0xb
 870 007d 0B       		.uleb128 0xb
 871 007e 3A       		.uleb128 0x3a
 872 007f 0B       		.uleb128 0xb
 873 0080 3B       		.uleb128 0x3b
 874 0081 05       		.uleb128 0x5
 875 0082 01       		.uleb128 0x1
 876 0083 13       		.uleb128 0x13
 877 0084 00       		.byte	0
 878 0085 00       		.byte	0
 879 0086 0B       		.uleb128 0xb
 880 0087 15       		.uleb128 0x15
 881 0088 01       		.byte	0x1
 882 0089 27       		.uleb128 0x27
 883 008a 19       		.uleb128 0x19
 884 008b 01       		.uleb128 0x1
 885 008c 13       		.uleb128 0x13
 886 008d 00       		.byte	0
 887 008e 00       		.byte	0
 888 008f 0C       		.uleb128 0xc
 889 0090 05       		.uleb128 0x5
 890 0091 00       		.byte	0
 891 0092 49       		.uleb128 0x49
 892 0093 13       		.uleb128 0x13
 893 0094 00       		.byte	0
 894 0095 00       		.byte	0
 895 0096 0D       		.uleb128 0xd
 896 0097 0F       		.uleb128 0xf
 897 0098 00       		.byte	0
 898 0099 0B       		.uleb128 0xb
 899 009a 0B       		.uleb128 0xb
 900 009b 00       		.byte	0
 901 009c 00       		.byte	0
 902 009d 0E       		.uleb128 0xe
 903 009e 13       		.uleb128 0x13
 904 009f 01       		.byte	0x1
 905 00a0 03       		.uleb128 0x3
 906 00a1 0E       		.uleb128 0xe
 907 00a2 0B       		.uleb128 0xb
 908 00a3 05       		.uleb128 0x5
 909 00a4 3A       		.uleb128 0x3a
 910 00a5 0B       		.uleb128 0xb
 911 00a6 3B       		.uleb128 0x3b
 912 00a7 05       		.uleb128 0x5
ARM GAS  /tmp/cctTF06B.s 			page 17


 913 00a8 01       		.uleb128 0x1
 914 00a9 13       		.uleb128 0x13
 915 00aa 00       		.byte	0
 916 00ab 00       		.byte	0
 917 00ac 0F       		.uleb128 0xf
 918 00ad 0D       		.uleb128 0xd
 919 00ae 00       		.byte	0
 920 00af 03       		.uleb128 0x3
 921 00b0 08       		.uleb128 0x8
 922 00b1 3A       		.uleb128 0x3a
 923 00b2 0B       		.uleb128 0xb
 924 00b3 3B       		.uleb128 0x3b
 925 00b4 0B       		.uleb128 0xb
 926 00b5 49       		.uleb128 0x49
 927 00b6 13       		.uleb128 0x13
 928 00b7 38       		.uleb128 0x38
 929 00b8 0B       		.uleb128 0xb
 930 00b9 00       		.byte	0
 931 00ba 00       		.byte	0
 932 00bb 10       		.uleb128 0x10
 933 00bc 17       		.uleb128 0x17
 934 00bd 01       		.byte	0x1
 935 00be 0B       		.uleb128 0xb
 936 00bf 0B       		.uleb128 0xb
 937 00c0 3A       		.uleb128 0x3a
 938 00c1 0B       		.uleb128 0xb
 939 00c2 3B       		.uleb128 0x3b
 940 00c3 0B       		.uleb128 0xb
 941 00c4 01       		.uleb128 0x1
 942 00c5 13       		.uleb128 0x13
 943 00c6 00       		.byte	0
 944 00c7 00       		.byte	0
 945 00c8 11       		.uleb128 0x11
 946 00c9 0D       		.uleb128 0xd
 947 00ca 00       		.byte	0
 948 00cb 03       		.uleb128 0x3
 949 00cc 0E       		.uleb128 0xe
 950 00cd 3A       		.uleb128 0x3a
 951 00ce 0B       		.uleb128 0xb
 952 00cf 3B       		.uleb128 0x3b
 953 00d0 05       		.uleb128 0x5
 954 00d1 49       		.uleb128 0x49
 955 00d2 13       		.uleb128 0x13
 956 00d3 00       		.byte	0
 957 00d4 00       		.byte	0
 958 00d5 12       		.uleb128 0x12
 959 00d6 26       		.uleb128 0x26
 960 00d7 00       		.byte	0
 961 00d8 49       		.uleb128 0x49
 962 00d9 13       		.uleb128 0x13
 963 00da 00       		.byte	0
 964 00db 00       		.byte	0
 965 00dc 13       		.uleb128 0x13
 966 00dd 35       		.uleb128 0x35
 967 00de 00       		.byte	0
 968 00df 49       		.uleb128 0x49
 969 00e0 13       		.uleb128 0x13
ARM GAS  /tmp/cctTF06B.s 			page 18


 970 00e1 00       		.byte	0
 971 00e2 00       		.byte	0
 972 00e3 14       		.uleb128 0x14
 973 00e4 01       		.uleb128 0x1
 974 00e5 01       		.byte	0x1
 975 00e6 49       		.uleb128 0x49
 976 00e7 13       		.uleb128 0x13
 977 00e8 01       		.uleb128 0x1
 978 00e9 13       		.uleb128 0x13
 979 00ea 00       		.byte	0
 980 00eb 00       		.byte	0
 981 00ec 15       		.uleb128 0x15
 982 00ed 21       		.uleb128 0x21
 983 00ee 00       		.byte	0
 984 00ef 49       		.uleb128 0x49
 985 00f0 13       		.uleb128 0x13
 986 00f1 2F       		.uleb128 0x2f
 987 00f2 0B       		.uleb128 0xb
 988 00f3 00       		.byte	0
 989 00f4 00       		.byte	0
 990 00f5 16       		.uleb128 0x16
 991 00f6 34       		.uleb128 0x34
 992 00f7 00       		.byte	0
 993 00f8 03       		.uleb128 0x3
 994 00f9 0E       		.uleb128 0xe
 995 00fa 3A       		.uleb128 0x3a
 996 00fb 0B       		.uleb128 0xb
 997 00fc 3B       		.uleb128 0x3b
 998 00fd 05       		.uleb128 0x5
 999 00fe 49       		.uleb128 0x49
 1000 00ff 13       		.uleb128 0x13
 1001 0100 3F       		.uleb128 0x3f
 1002 0101 19       		.uleb128 0x19
 1003 0102 3C       		.uleb128 0x3c
 1004 0103 19       		.uleb128 0x19
 1005 0104 00       		.byte	0
 1006 0105 00       		.byte	0
 1007 0106 17       		.uleb128 0x17
 1008 0107 34       		.uleb128 0x34
 1009 0108 00       		.byte	0
 1010 0109 03       		.uleb128 0x3
 1011 010a 08       		.uleb128 0x8
 1012 010b 3A       		.uleb128 0x3a
 1013 010c 0B       		.uleb128 0xb
 1014 010d 3B       		.uleb128 0x3b
 1015 010e 05       		.uleb128 0x5
 1016 010f 49       		.uleb128 0x49
 1017 0110 13       		.uleb128 0x13
 1018 0111 3F       		.uleb128 0x3f
 1019 0112 19       		.uleb128 0x19
 1020 0113 3C       		.uleb128 0x3c
 1021 0114 19       		.uleb128 0x19
 1022 0115 00       		.byte	0
 1023 0116 00       		.byte	0
 1024 0117 00       		.byte	0
 1025              		.section	.debug_aranges,"",%progbits
 1026 0000 14000000 		.4byte	0x14
ARM GAS  /tmp/cctTF06B.s 			page 19


 1027 0004 0200     		.2byte	0x2
 1028 0006 00000000 		.4byte	.Ldebug_info0
 1029 000a 04       		.byte	0x4
 1030 000b 00       		.byte	0
 1031 000c 0000     		.2byte	0
 1032 000e 0000     		.2byte	0
 1033 0010 00000000 		.4byte	0
 1034 0014 00000000 		.4byte	0
 1035              		.section	.debug_line,"",%progbits
 1036              	.Ldebug_line0:
 1037 0000 FE000000 		.section	.debug_str,"MS",%progbits,1
 1037      0200F800 
 1037      00000201 
 1037      FB0E0D00 
 1037      01010101 
 1038              	.LASF20:
 1039 0000 74687265 		.ascii	"thread_t\000"
 1039      61645F74 
 1039      00
 1040              	.LASF13:
 1041 0009 74726566 		.ascii	"trefs_t\000"
 1041      735F7400 
 1042              	.LASF51:
 1043 0011 725F6F6C 		.ascii	"r_older\000"
 1043      64657200 
 1044              	.LASF43:
 1045 0019 74687265 		.ascii	"threads_queue_t\000"
 1045      6164735F 
 1045      71756575 
 1045      655F7400 
 1046              	.LASF97:
 1047 0029 2F686F6D 		.ascii	"/home/bunnie/code/chibios-netvcr/netvcr\000"
 1047      652F6275 
 1047      6E6E6965 
 1047      2F636F64 
 1047      652F6368 
 1048              	.LASF65:
 1049 0051 63685F73 		.ascii	"ch_system_debug\000"
 1049      79737465 
 1049      6D5F6465 
 1049      62756700 
 1050              	.LASF9:
 1051 0061 75696E74 		.ascii	"uint64_t\000"
 1051      36345F74 
 1051      00
 1052              	.LASF71:
 1053 006a 6D61696E 		.ascii	"mainthread\000"
 1053      74687265 
 1053      616400
 1054              	.LASF2:
 1055 0075 73686F72 		.ascii	"short int\000"
 1055      7420696E 
 1055      7400
 1056              	.LASF47:
 1057 007f 725F7175 		.ascii	"r_queue\000"
 1057      65756500 
 1058              	.LASF91:
ARM GAS  /tmp/cctTF06B.s 			page 20


 1059 0087 6D5F6E65 		.ascii	"m_next\000"
 1059      787400
 1060              	.LASF35:
 1061 008e 705F6570 		.ascii	"p_epending\000"
 1061      656E6469 
 1061      6E6700
 1062              	.LASF22:
 1063 0099 705F7072 		.ascii	"p_prev\000"
 1063      657600
 1064              	.LASF64:
 1065 00a0 73797374 		.ascii	"system_debug_t\000"
 1065      656D5F64 
 1065      65627567 
 1065      5F7400
 1066              	.LASF17:
 1067 00af 6576656E 		.ascii	"eventmask_t\000"
 1067      746D6173 
 1067      6B5F7400 
 1068              	.LASF33:
 1069 00bb 705F6D73 		.ascii	"p_msgqueue\000"
 1069      67717565 
 1069      756500
 1070              	.LASF23:
 1071 00c6 705F7072 		.ascii	"p_prio\000"
 1071      696F00
 1072              	.LASF42:
 1073 00cd 63685F74 		.ascii	"ch_threads_list\000"
 1073      68726561 
 1073      64735F6C 
 1073      69737400 
 1074              	.LASF70:
 1075 00dd 76746C69 		.ascii	"vtlist\000"
 1075      737400
 1076              	.LASF60:
 1077 00e4 76745F70 		.ascii	"vt_par\000"
 1077      617200
 1078              	.LASF67:
 1079 00eb 63685F73 		.ascii	"ch_system_t\000"
 1079      79737465 
 1079      6D5F7400 
 1080              	.LASF74:
 1081 00f7 72656761 		.ascii	"regarm_t\000"
 1081      726D5F74 
 1081      00
 1082              	.LASF5:
 1083 0100 75696E74 		.ascii	"uint8_t\000"
 1083      385F7400 
 1084              	.LASF44:
 1085 0108 63685F74 		.ascii	"ch_threads_queue\000"
 1085      68726561 
 1085      64735F71 
 1085      75657565 
 1085      00
 1086              	.LASF63:
 1087 0119 76745F73 		.ascii	"vt_systime\000"
 1087      79737469 
 1087      6D6500
ARM GAS  /tmp/cctTF06B.s 			page 21


 1088              	.LASF14:
 1089 0124 74736C69 		.ascii	"tslices_t\000"
 1089      6365735F 
 1089      7400
 1090              	.LASF88:
 1091 012e 63685F6D 		.ascii	"ch_mutex\000"
 1091      75746578 
 1091      00
 1092              	.LASF4:
 1093 0137 696E7433 		.ascii	"int32_t\000"
 1093      325F7400 
 1094              	.LASF41:
 1095 013f 63685F74 		.ascii	"ch_thread\000"
 1095      68726561 
 1095      6400
 1096              	.LASF11:
 1097 0149 746D6F64 		.ascii	"tmode_t\000"
 1097      655F7400 
 1098              	.LASF3:
 1099 0151 6C6F6E67 		.ascii	"long long int\000"
 1099      206C6F6E 
 1099      6720696E 
 1099      7400
 1100              	.LASF27:
 1101 015f 705F6E61 		.ascii	"p_name\000"
 1101      6D6500
 1102              	.LASF15:
 1103 0166 74707269 		.ascii	"tprio_t\000"
 1103      6F5F7400 
 1104              	.LASF96:
 1105 016e 2E2E2F6F 		.ascii	"../os/rt/ports/ARMCMx/chcore.c\000"
 1105      732F7274 
 1105      2F706F72 
 1105      74732F41 
 1105      524D434D 
 1106              	.LASF62:
 1107 018d 63685F76 		.ascii	"ch_virtual_timers_list\000"
 1107      69727475 
 1107      616C5F74 
 1107      696D6572 
 1107      735F6C69 
 1108              	.LASF68:
 1109 01a4 63685F73 		.ascii	"ch_system\000"
 1109      79737465 
 1109      6D00
 1110              	.LASF73:
 1111 01ae 73697A65 		.ascii	"sizetype\000"
 1111      74797065 
 1111      00
 1112              	.LASF54:
 1113 01b7 76697274 		.ascii	"virtual_timer_t\000"
 1113      75616C5F 
 1113      74696D65 
 1113      725F7400 
 1114              	.LASF89:
 1115 01c7 6D5F7175 		.ascii	"m_queue\000"
 1115      65756500 
ARM GAS  /tmp/cctTF06B.s 			page 22


 1116              	.LASF76:
 1117 01cf 636F6E74 		.ascii	"context\000"
 1117      65787400 
 1118              	.LASF52:
 1119 01d7 725F6375 		.ascii	"r_current\000"
 1119      7272656E 
 1119      7400
 1120              	.LASF34:
 1121 01e1 705F6D73 		.ascii	"p_msg\000"
 1121      6700
 1122              	.LASF87:
 1123 01e7 735F636E 		.ascii	"s_cnt\000"
 1123      7400
 1124              	.LASF6:
 1125 01ed 756E7369 		.ascii	"unsigned char\000"
 1125      676E6564 
 1125      20636861 
 1125      7200
 1126              	.LASF84:
 1127 01fb 65776D61 		.ascii	"ewmask\000"
 1127      736B00
 1128              	.LASF1:
 1129 0202 7369676E 		.ascii	"signed char\000"
 1129      65642063 
 1129      68617200 
 1130              	.LASF25:
 1131 020e 705F6E65 		.ascii	"p_newer\000"
 1131      77657200 
 1132              	.LASF10:
 1133 0216 6C6F6E67 		.ascii	"long long unsigned int\000"
 1133      206C6F6E 
 1133      6720756E 
 1133      7369676E 
 1133      65642069 
 1134              	.LASF8:
 1135 022d 75696E74 		.ascii	"uint32_t\000"
 1135      33325F74 
 1135      00
 1136              	.LASF0:
 1137 0236 756E7369 		.ascii	"unsigned int\000"
 1137      676E6564 
 1137      20696E74 
 1137      00
 1138              	.LASF93:
 1139 0243 6D757465 		.ascii	"mutex_t\000"
 1139      785F7400 
 1140              	.LASF56:
 1141 024b 76745F6E 		.ascii	"vt_next\000"
 1141      65787400 
 1142              	.LASF77:
 1143 0253 706F7274 		.ascii	"port_intctx\000"
 1143      5F696E74 
 1143      63747800 
 1144              	.LASF38:
 1145 025f 705F6D70 		.ascii	"p_mpool\000"
 1145      6F6F6C00 
 1146              	.LASF49:
ARM GAS  /tmp/cctTF06B.s 			page 23


 1147 0267 725F6374 		.ascii	"r_ctx\000"
 1147      7800
 1148              	.LASF50:
 1149 026d 725F6E65 		.ascii	"r_newer\000"
 1149      77657200 
 1150              	.LASF29:
 1151 0275 705F666C 		.ascii	"p_flags\000"
 1151      61677300 
 1152              	.LASF58:
 1153 027d 76745F64 		.ascii	"vt_delta\000"
 1153      656C7461 
 1153      00
 1154              	.LASF37:
 1155 0286 705F7265 		.ascii	"p_realprio\000"
 1155      616C7072 
 1155      696F00
 1156              	.LASF19:
 1157 0291 73797374 		.ascii	"systime_t\000"
 1157      696D655F 
 1157      7400
 1158              	.LASF69:
 1159 029b 726C6973 		.ascii	"rlist\000"
 1159      7400
 1160              	.LASF92:
 1161 02a1 63686172 		.ascii	"char\000"
 1161      00
 1162              	.LASF86:
 1163 02a6 735F7175 		.ascii	"s_queue\000"
 1163      65756500 
 1164              	.LASF55:
 1165 02ae 63685F76 		.ascii	"ch_virtual_timer\000"
 1165      69727475 
 1165      616C5F74 
 1165      696D6572 
 1165      00
 1166              	.LASF28:
 1167 02bf 705F7374 		.ascii	"p_state\000"
 1167      61746500 
 1168              	.LASF48:
 1169 02c7 725F7072 		.ascii	"r_prio\000"
 1169      696F00
 1170              	.LASF18:
 1171 02ce 636E745F 		.ascii	"cnt_t\000"
 1171      7400
 1172              	.LASF7:
 1173 02d4 73686F72 		.ascii	"short unsigned int\000"
 1173      7420756E 
 1173      7369676E 
 1173      65642069 
 1173      6E7400
 1174              	.LASF32:
 1175 02e7 705F7761 		.ascii	"p_waiting\000"
 1175      6974696E 
 1175      6700
 1176              	.LASF57:
 1177 02f1 76745F70 		.ascii	"vt_prev\000"
 1177      72657600 
ARM GAS  /tmp/cctTF06B.s 			page 24


 1178              	.LASF36:
 1179 02f9 705F6D74 		.ascii	"p_mtxlist\000"
 1179      786C6973 
 1179      7400
 1180              	.LASF72:
 1181 0303 69646C65 		.ascii	"idle_thread_wa\000"
 1181      5F746872 
 1181      6561645F 
 1181      776100
 1182              	.LASF82:
 1183 0312 77747365 		.ascii	"wtsemp\000"
 1183      6D7000
 1184              	.LASF31:
 1185 0319 705F7072 		.ascii	"p_preempt\000"
 1185      65656D70 
 1185      7400
 1186              	.LASF66:
 1187 0323 70616E69 		.ascii	"panic_msg\000"
 1187      635F6D73 
 1187      6700
 1188              	.LASF95:
 1189 032d 474E5520 		.ascii	"GNU C 4.9.2 -mcpu=cortex-m4 -mfloat-abi=soft -mfp16"
 1189      4320342E 
 1189      392E3220 
 1189      2D6D6370 
 1189      753D636F 
 1190 0360 2D666F72 		.ascii	"-format=none -mno-thumb-interwork -mthumb -mfpu=vfp"
 1190      6D61743D 
 1190      6E6F6E65 
 1190      202D6D6E 
 1190      6F2D7468 
 1191 0393 76332D64 		.ascii	"v3-d16 -mtls-dialect=gnu -ggdb -O2 -fomit-frame-poi"
 1191      3136202D 
 1191      6D746C73 
 1191      2D646961 
 1191      6C656374 
 1192 03c6 6E746572 		.ascii	"nter -falign-functions=16 -ffunction-sections -fdat"
 1192      202D6661 
 1192      6C69676E 
 1192      2D66756E 
 1192      6374696F 
 1193 03f9 612D7365 		.ascii	"a-sections -fno-common\000"
 1193      6374696F 
 1193      6E73202D 
 1193      666E6F2D 
 1193      636F6D6D 
 1194              	.LASF81:
 1195 0410 77747472 		.ascii	"wttrp\000"
 1195      7000
 1196              	.LASF85:
 1197 0416 63685F73 		.ascii	"ch_semaphore\000"
 1197      656D6170 
 1197      686F7265 
 1197      00
 1198              	.LASF21:
 1199 0423 705F6E65 		.ascii	"p_next\000"
 1199      787400
ARM GAS  /tmp/cctTF06B.s 			page 25


 1200              	.LASF39:
 1201 042a 74687265 		.ascii	"thread_reference_t\000"
 1201      61645F72 
 1201      65666572 
 1201      656E6365 
 1201      5F7400
 1202              	.LASF80:
 1203 043d 77746F62 		.ascii	"wtobjp\000"
 1203      6A7000
 1204              	.LASF59:
 1205 0444 76745F66 		.ascii	"vt_func\000"
 1205      756E6300 
 1206              	.LASF12:
 1207 044c 74737461 		.ascii	"tstate_t\000"
 1207      74655F74 
 1207      00
 1208              	.LASF75:
 1209 0455 73746B61 		.ascii	"stkalign_t\000"
 1209      6C69676E 
 1209      5F7400
 1210              	.LASF79:
 1211 0460 65786974 		.ascii	"exitcode\000"
 1211      636F6465 
 1211      00
 1212              	.LASF53:
 1213 0469 76746675 		.ascii	"vtfunc_t\000"
 1213      6E635F74 
 1213      00
 1214              	.LASF26:
 1215 0472 705F6F6C 		.ascii	"p_older\000"
 1215      64657200 
 1216              	.LASF45:
 1217 047a 72656164 		.ascii	"ready_list_t\000"
 1217      795F6C69 
 1217      73745F74 
 1217      00
 1218              	.LASF61:
 1219 0487 76697274 		.ascii	"virtual_timers_list_t\000"
 1219      75616C5F 
 1219      74696D65 
 1219      72735F6C 
 1219      6973745F 
 1220              	.LASF30:
 1221 049d 705F7265 		.ascii	"p_refs\000"
 1221      667300
 1222              	.LASF46:
 1223 04a4 63685F72 		.ascii	"ch_ready_list\000"
 1223      65616479 
 1223      5F6C6973 
 1223      7400
 1224              	.LASF24:
 1225 04b2 705F6374 		.ascii	"p_ctx\000"
 1225      7800
 1226              	.LASF94:
 1227 04b8 49544D5F 		.ascii	"ITM_RxBuffer\000"
 1227      52784275 
 1227      66666572 
ARM GAS  /tmp/cctTF06B.s 			page 26


 1227      00
 1228              	.LASF90:
 1229 04c5 6D5F6F77 		.ascii	"m_owner\000"
 1229      6E657200 
 1230              	.LASF78:
 1231 04cd 7264796D 		.ascii	"rdymsg\000"
 1231      736700
 1232              	.LASF16:
 1233 04d4 6D73675F 		.ascii	"msg_t\000"
 1233      7400
 1234              	.LASF83:
 1235 04da 77746D74 		.ascii	"wtmtxp\000"
 1235      787000
 1236              	.LASF40:
 1237 04e1 74687265 		.ascii	"threads_list_t\000"
 1237      6164735F 
 1237      6C697374 
 1237      5F7400
 1238              		.ident	"GCC: (Debian 4.9.2-10) 4.9.2"
 1239              		.section	.note.GNU-stack,"",%progbits
ARM GAS  /tmp/cctTF06B.s 			page 27


DEFINED SYMBOLS
                            *ABS*:00000000 chcore.c

NO UNDEFINED SYMBOLS
