ARM GAS  /tmp/ccGID6fQ.s 			page 1


   1              		.syntax unified
   2              		.cpu cortex-m4
   3              		.fpu softvfp
   4              		.eabi_attribute 20, 1
   5              		.eabi_attribute 21, 1
   6              		.eabi_attribute 23, 3
   7              		.eabi_attribute 24, 1
   8              		.eabi_attribute 25, 1
   9              		.eabi_attribute 26, 2
  10              		.eabi_attribute 30, 2
  11              		.eabi_attribute 34, 1
  12              		.eabi_attribute 18, 4
  13              		.thumb
  14              		.file	"chcore_v7m.c"
  15              		.text
  16              	.Ltext0:
  17              		.cfi_sections	.debug_frame
  18              		.section	.text.SVC_Handler,"ax",%progbits
  19              		.align	2
  20              		.p2align 4,,15
  21              		.global	SVC_Handler
  22              		.thumb
  23              		.thumb_func
  24              		.type	SVC_Handler, %function
  25              	SVC_Handler:
  26              	.LFB230:
  27              		.file 1 "../os/rt/ports/ARMCMx/chcore_v7m.c"
  28              		.loc 1 62 0
  29              		.cfi_startproc
  30              		@ args = 0, pretend = 0, frame = 0
  31              		@ frame_needed = 0, uses_anonymous_args = 0
  32              		@ link register save eliminated.
  33              	.LBB38:
  34              	.LBB39:
  35              		.file 2 "../os/ext/CMSIS/include/core_cmFunc.h"
  36              		.loc 2 430 0
  37              	#APP
  38              	@ 430 "../os/ext/CMSIS/include/core_cmFunc.h" 1
  39 0000 EFF30983 		MRS r3, psp
  40              	
  41              	@ 0 "" 2
  42              	.LVL0:
  43              		.thumb
  44              	.LBE39:
  45              	.LBE38:
  46              		.loc 1 76 0
  47 0004 2033     		adds	r3, r3, #32
  48              	.LVL1:
  49              	.LBB40:
  50              	.LBB41:
  51              		.loc 2 443 0
  52              	#APP
  53              	@ 443 "../os/ext/CMSIS/include/core_cmFunc.h" 1
  54 0006 83F30988 		MSR psp, r3
  55              	
  56              	@ 0 "" 2
  57              	.LVL2:
ARM GAS  /tmp/ccGID6fQ.s 			page 2


  58              		.thumb
  59              	.LBE41:
  60              	.LBE40:
  61              	.LBB42:
  62              	.LBB43:
  63              	.LBB44:
  64              	.LBB45:
  65              		.loc 2 548 0
  66 000a 0023     		movs	r3, #0
  67              	.LVL3:
  68              	#APP
  69              	@ 548 "../os/ext/CMSIS/include/core_cmFunc.h" 1
  70 000c 83F31188 		MSR basepri, r3
  71              	@ 0 "" 2
  72              		.thumb
  73 0010 7047     		bx	lr
  74              	.LBE45:
  75              	.LBE44:
  76              	.LBE43:
  77              	.LBE42:
  78              		.cfi_endproc
  79              	.LFE230:
  80              		.size	SVC_Handler, .-SVC_Handler
  81 0012 00BFAFF3 		.section	.text._port_irq_epilogue,"ax",%progbits
  81      0080AFF3 
  81      0080AFF3 
  81      0080
  82              		.align	2
  83              		.p2align 4,,15
  84              		.global	_port_irq_epilogue
  85              		.thumb
  86              		.thumb_func
  87              		.type	_port_irq_epilogue, %function
  88              	_port_irq_epilogue:
  89              	.LFB231:
  90              		.loc 1 122 0
  91              		.cfi_startproc
  92              		@ args = 0, pretend = 0, frame = 0
  93              		@ frame_needed = 0, uses_anonymous_args = 0
  94              	.LVL4:
  95              	.LBB46:
  96              	.LBB47:
  97              	.LBB48:
  98              	.LBB49:
  99              		.loc 2 548 0
 100 0000 2023     		movs	r3, #32
 101              	#APP
 102              	@ 548 "../os/ext/CMSIS/include/core_cmFunc.h" 1
 103 0002 83F31188 		MSR basepri, r3
 104              	@ 0 "" 2
 105              		.thumb
 106              	.LBE49:
 107              	.LBE48:
 108              	.LBE47:
 109              	.LBE46:
 110              		.loc 1 125 0
 111 0006 0F4B     		ldr	r3, .L10
ARM GAS  /tmp/ccGID6fQ.s 			page 3


 112 0008 5B68     		ldr	r3, [r3, #4]
 113 000a 13F40063 		ands	r3, r3, #2048
 114 000e 02D1     		bne	.L9
 115              	.LVL5:
 116              	.LBB50:
 117              	.LBB51:
 118              	.LBB52:
 119              	.LBB53:
 120              		.loc 2 548 0
 121              	#APP
 122              	@ 548 "../os/ext/CMSIS/include/core_cmFunc.h" 1
 123 0010 83F31188 		MSR basepri, r3
 124              	@ 0 "" 2
 125              		.thumb
 126 0014 7047     		bx	lr
 127              	.LVL6:
 128              	.L9:
 129              	.LBE53:
 130              	.LBE52:
 131              	.LBE51:
 132              	.LBE50:
 133              		.loc 1 122 0
 134 0016 10B5     		push	{r4, lr}
 135              		.cfi_def_cfa_offset 8
 136              		.cfi_offset 4, -8
 137              		.cfi_offset 14, -4
 138              	.LBB54:
 139              	.LBB55:
 140              	.LBB56:
 141              		.loc 2 430 0
 142              	#APP
 143              	@ 430 "../os/ext/CMSIS/include/core_cmFunc.h" 1
 144 0018 EFF30984 		MRS r4, psp
 145              	
 146              	@ 0 "" 2
 147              	.LVL7:
 148              		.thumb
 149              	.LBE56:
 150              	.LBE55:
 151              		.loc 1 141 0
 152 001c 4FF08073 		mov	r3, #16777216
 153 0020 44F8043C 		str	r3, [r4, #-4]
 154              	.LVL8:
 155              		.loc 1 138 0
 156 0024 A4F12003 		sub	r3, r4, #32
 157              	.LVL9:
 158              	.LBB57:
 159              	.LBB58:
 160              		.loc 2 443 0
 161              	#APP
 162              	@ 443 "../os/ext/CMSIS/include/core_cmFunc.h" 1
 163 0028 83F30988 		MSR psp, r3
 164              	
 165              	@ 0 "" 2
 166              		.thumb
 167              	.LBE58:
 168              	.LBE57:
ARM GAS  /tmp/ccGID6fQ.s 			page 4


 169              		.loc 1 151 0
 170 002c FFF7FEFF 		bl	chSchIsPreemptionRequired
 171              	.LVL10:
 172 0030 18B1     		cbz	r0, .L4
 173              		.loc 1 153 0
 174 0032 054B     		ldr	r3, .L10+4
 175 0034 44F8083C 		str	r3, [r4, #-8]
 176 0038 10BD     		pop	{r4, pc}
 177              	.LVL11:
 178              	.L4:
 179              		.loc 1 158 0
 180 003a 044B     		ldr	r3, .L10+8
 181 003c 44F8083C 		str	r3, [r4, #-8]
 182 0040 10BD     		pop	{r4, pc}
 183              	.LVL12:
 184              	.L11:
 185 0042 00BF     		.align	2
 186              	.L10:
 187 0044 00ED00E0 		.word	-536810240
 188 0048 00000000 		.word	_port_switch_from_isr
 189 004c 00000000 		.word	_port_exit_from_isr
 190              	.LBE54:
 191              		.cfi_endproc
 192              	.LFE231:
 193              		.size	_port_irq_epilogue, .-_port_irq_epilogue
 194              		.text
 195              	.Letext0:
 196              		.file 3 "/usr/include/stdint.h"
 197              		.file 4 "../os/rt/ports/ARMCMx/compilers/GCC/chtypes.h"
 198              		.file 5 "../os/rt/include/chsystypes.h"
 199              		.file 6 "../os/rt/include/chschd.h"
 200              		.file 7 "../os/ext/CMSIS/include/core_cm4.h"
 201              		.file 8 "../os/rt/ports/ARMCMx/chcore.h"
 202              		.file 9 "../os/rt/ports/ARMCMx/chcore_v7m.h"
 203              		.file 10 "../os/rt/include/chsem.h"
 204              		.file 11 "../os/rt/include/chmtx.h"
 205              		.section	.debug_info,"",%progbits
 206              	.Ldebug_info0:
 207 0000 FD090000 		.4byte	0x9fd
 208 0004 0400     		.2byte	0x4
 209 0006 00000000 		.4byte	.Ldebug_abbrev0
 210 000a 04       		.byte	0x4
 211 000b 01       		.uleb128 0x1
 212 000c 88010000 		.4byte	.LASF126
 213 0010 01       		.byte	0x1
 214 0011 30050000 		.4byte	.LASF127
 215 0015 CF030000 		.4byte	.LASF128
 216 0019 00000000 		.4byte	.Ldebug_ranges0+0
 217 001d 00000000 		.4byte	0
 218 0021 00000000 		.4byte	.Ldebug_line0
 219 0025 02       		.uleb128 0x2
 220 0026 04       		.byte	0x4
 221 0027 05       		.byte	0x5
 222 0028 696E7400 		.ascii	"int\000"
 223 002c 03       		.uleb128 0x3
 224 002d 04       		.byte	0x4
 225 002e 07       		.byte	0x7
ARM GAS  /tmp/ccGID6fQ.s 			page 5


 226 002f 7C000000 		.4byte	.LASF0
 227 0033 03       		.uleb128 0x3
 228 0034 01       		.byte	0x1
 229 0035 06       		.byte	0x6
 230 0036 BC050000 		.4byte	.LASF1
 231 003a 03       		.uleb128 0x3
 232 003b 02       		.byte	0x2
 233 003c 05       		.byte	0x5
 234 003d 49040000 		.4byte	.LASF2
 235 0041 04       		.uleb128 0x4
 236 0042 0B050000 		.4byte	.LASF4
 237 0046 03       		.byte	0x3
 238 0047 26       		.byte	0x26
 239 0048 25000000 		.4byte	0x25
 240 004c 03       		.uleb128 0x3
 241 004d 08       		.byte	0x8
 242 004e 05       		.byte	0x5
 243 004f 74030000 		.4byte	.LASF3
 244 0053 04       		.uleb128 0x4
 245 0054 41030000 		.4byte	.LASF5
 246 0058 03       		.byte	0x3
 247 0059 30       		.byte	0x30
 248 005a 5E000000 		.4byte	0x5e
 249 005e 03       		.uleb128 0x3
 250 005f 01       		.byte	0x1
 251 0060 08       		.byte	0x8
 252 0061 20040000 		.4byte	.LASF6
 253 0065 03       		.uleb128 0x3
 254 0066 02       		.byte	0x2
 255 0067 07       		.byte	0x7
 256 0068 C8050000 		.4byte	.LASF7
 257 006c 04       		.uleb128 0x4
 258 006d 1C010000 		.4byte	.LASF8
 259 0071 03       		.byte	0x3
 260 0072 33       		.byte	0x33
 261 0073 2C000000 		.4byte	0x2c
 262 0077 04       		.uleb128 0x4
 263 0078 AD040000 		.4byte	.LASF9
 264 007c 03       		.byte	0x3
 265 007d 3A       		.byte	0x3a
 266 007e 82000000 		.4byte	0x82
 267 0082 03       		.uleb128 0x3
 268 0083 08       		.byte	0x8
 269 0084 07       		.byte	0x7
 270 0085 71010000 		.4byte	.LASF10
 271 0089 04       		.uleb128 0x4
 272 008a 07040000 		.4byte	.LASF11
 273 008e 04       		.byte	0x4
 274 008f 3C       		.byte	0x3c
 275 0090 53000000 		.4byte	0x53
 276 0094 04       		.uleb128 0x4
 277 0095 22030000 		.4byte	.LASF12
 278 0099 04       		.byte	0x4
 279 009a 3D       		.byte	0x3d
 280 009b 53000000 		.4byte	0x53
 281 009f 04       		.uleb128 0x4
 282 00a0 F6040000 		.4byte	.LASF13
ARM GAS  /tmp/ccGID6fQ.s 			page 6


 283 00a4 04       		.byte	0x4
 284 00a5 3E       		.byte	0x3e
 285 00a6 53000000 		.4byte	0x53
 286 00aa 04       		.uleb128 0x4
 287 00ab BD030000 		.4byte	.LASF14
 288 00af 04       		.byte	0x4
 289 00b0 3F       		.byte	0x3f
 290 00b1 53000000 		.4byte	0x53
 291 00b5 04       		.uleb128 0x4
 292 00b6 51010000 		.4byte	.LASF15
 293 00ba 04       		.byte	0x4
 294 00bb 40       		.byte	0x40
 295 00bc 6C000000 		.4byte	0x6c
 296 00c0 04       		.uleb128 0x4
 297 00c1 92030000 		.4byte	.LASF16
 298 00c5 04       		.byte	0x4
 299 00c6 41       		.byte	0x41
 300 00c7 41000000 		.4byte	0x41
 301 00cb 04       		.uleb128 0x4
 302 00cc 2A010000 		.4byte	.LASF17
 303 00d0 04       		.byte	0x4
 304 00d1 43       		.byte	0x43
 305 00d2 6C000000 		.4byte	0x6c
 306 00d6 04       		.uleb128 0x4
 307 00d7 85020000 		.4byte	.LASF18
 308 00db 04       		.byte	0x4
 309 00dc 45       		.byte	0x45
 310 00dd 41000000 		.4byte	0x41
 311 00e1 04       		.uleb128 0x4
 312 00e2 4C000000 		.4byte	.LASF19
 313 00e6 05       		.byte	0x5
 314 00e7 33       		.byte	0x33
 315 00e8 6C000000 		.4byte	0x6c
 316 00ec 04       		.uleb128 0x4
 317 00ed B0020000 		.4byte	.LASF20
 318 00f1 05       		.byte	0x5
 319 00f2 3F       		.byte	0x3f
 320 00f3 F7000000 		.4byte	0xf7
 321 00f7 05       		.uleb128 0x5
 322 00f8 5B030000 		.4byte	.LASF41
 323 00fc 44       		.byte	0x44
 324 00fd 06       		.byte	0x6
 325 00fe C2       		.byte	0xc2
 326 00ff F0010000 		.4byte	0x1f0
 327 0103 06       		.uleb128 0x6
 328 0104 A6040000 		.4byte	.LASF21
 329 0108 06       		.byte	0x6
 330 0109 C3       		.byte	0xc3
 331 010a FB010000 		.4byte	0x1fb
 332 010e 00       		.byte	0
 333 010f 06       		.uleb128 0x6
 334 0110 E6040000 		.4byte	.LASF22
 335 0114 06       		.byte	0x6
 336 0115 C5       		.byte	0xc5
 337 0116 FB010000 		.4byte	0x1fb
 338 011a 04       		.byte	0x4
 339 011b 06       		.uleb128 0x6
ARM GAS  /tmp/ccGID6fQ.s 			page 7


 340 011c 45000000 		.4byte	.LASF23
 341 0120 06       		.byte	0x6
 342 0121 C7       		.byte	0xc7
 343 0122 B5000000 		.4byte	0xb5
 344 0126 08       		.byte	0x8
 345 0127 06       		.uleb128 0x6
 346 0128 B6040000 		.4byte	.LASF24
 347 012c 06       		.byte	0x6
 348 012d C8       		.byte	0xc8
 349 012e B3050000 		.4byte	0x5b3
 350 0132 0C       		.byte	0xc
 351 0133 06       		.uleb128 0x6
 352 0134 8B020000 		.4byte	.LASF25
 353 0138 06       		.byte	0x6
 354 0139 CA       		.byte	0xca
 355 013a FB010000 		.4byte	0x1fb
 356 013e 10       		.byte	0x10
 357 013f 06       		.uleb128 0x6
 358 0140 31030000 		.4byte	.LASF26
 359 0144 06       		.byte	0x6
 360 0145 CB       		.byte	0xcb
 361 0146 FB010000 		.4byte	0x1fb
 362 014a 14       		.byte	0x14
 363 014b 06       		.uleb128 0x6
 364 014c F5020000 		.4byte	.LASF27
 365 0150 06       		.byte	0x6
 366 0151 D2       		.byte	0xd2
 367 0152 7A070000 		.4byte	0x77a
 368 0156 18       		.byte	0x18
 369 0157 06       		.uleb128 0x6
 370 0158 39030000 		.4byte	.LASF28
 371 015c 06       		.byte	0x6
 372 015d DD       		.byte	0xdd
 373 015e 94000000 		.4byte	0x94
 374 0162 1C       		.byte	0x1c
 375 0163 06       		.uleb128 0x6
 376 0164 A5030000 		.4byte	.LASF29
 377 0168 06       		.byte	0x6
 378 0169 E1       		.byte	0xe1
 379 016a 89000000 		.4byte	0x89
 380 016e 1D       		.byte	0x1d
 381 016f 06       		.uleb128 0x6
 382 0170 69050000 		.4byte	.LASF30
 383 0174 06       		.byte	0x6
 384 0175 E6       		.byte	0xe6
 385 0176 9F000000 		.4byte	0x9f
 386 017a 1E       		.byte	0x1e
 387 017b 06       		.uleb128 0x6
 388 017c 83050000 		.4byte	.LASF31
 389 0180 06       		.byte	0x6
 390 0181 EC       		.byte	0xec
 391 0182 AA000000 		.4byte	0xaa
 392 0186 1F       		.byte	0x1f
 393 0187 07       		.uleb128 0x7
 394 0188 705F7500 		.ascii	"p_u\000"
 395 018c 06       		.byte	0x6
 396 018d 3101     		.2byte	0x131
ARM GAS  /tmp/ccGID6fQ.s 			page 8


 397 018f B5060000 		.4byte	0x6b5
 398 0193 20       		.byte	0x20
 399 0194 08       		.uleb128 0x8
 400 0195 20000000 		.4byte	.LASF32
 401 0199 06       		.byte	0x6
 402 019a 3601     		.2byte	0x136
 403 019c 01020000 		.4byte	0x201
 404 01a0 24       		.byte	0x24
 405 01a1 08       		.uleb128 0x8
 406 01a2 71000000 		.4byte	.LASF33
 407 01a6 06       		.byte	0x6
 408 01a7 3C01     		.2byte	0x13c
 409 01a9 25020000 		.4byte	0x225
 410 01ad 28       		.byte	0x28
 411 01ae 08       		.uleb128 0x8
 412 01af 01040000 		.4byte	.LASF34
 413 01b3 06       		.byte	0x6
 414 01b4 4001     		.2byte	0x140
 415 01b6 C0000000 		.4byte	0xc0
 416 01ba 30       		.byte	0x30
 417 01bb 08       		.uleb128 0x8
 418 01bc 62040000 		.4byte	.LASF35
 419 01c0 06       		.byte	0x6
 420 01c1 4601     		.2byte	0x146
 421 01c3 CB000000 		.4byte	0xcb
 422 01c7 34       		.byte	0x34
 423 01c8 08       		.uleb128 0x8
 424 01c9 51030000 		.4byte	.LASF36
 425 01cd 06       		.byte	0x6
 426 01ce 4D01     		.2byte	0x14d
 427 01d0 74070000 		.4byte	0x774
 428 01d4 38       		.byte	0x38
 429 01d5 08       		.uleb128 0x8
 430 01d6 38040000 		.4byte	.LASF37
 431 01da 06       		.byte	0x6
 432 01db 5101     		.2byte	0x151
 433 01dd B5000000 		.4byte	0xb5
 434 01e1 3C       		.byte	0x3c
 435 01e2 08       		.uleb128 0x8
 436 01e3 49030000 		.4byte	.LASF38
 437 01e7 06       		.byte	0x6
 438 01e8 5801     		.2byte	0x158
 439 01ea D8020000 		.4byte	0x2d8
 440 01ee 40       		.byte	0x40
 441 01ef 00       		.byte	0
 442 01f0 04       		.uleb128 0x4
 443 01f1 0A030000 		.4byte	.LASF39
 444 01f5 05       		.byte	0x5
 445 01f6 44       		.byte	0x44
 446 01f7 FB010000 		.4byte	0x1fb
 447 01fb 09       		.uleb128 0x9
 448 01fc 04       		.byte	0x4
 449 01fd EC000000 		.4byte	0xec
 450 0201 04       		.uleb128 0x4
 451 0202 89000000 		.4byte	.LASF40
 452 0206 05       		.byte	0x5
 453 0207 49       		.byte	0x49
ARM GAS  /tmp/ccGID6fQ.s 			page 9


 454 0208 0C020000 		.4byte	0x20c
 455 020c 05       		.uleb128 0x5
 456 020d 00000000 		.4byte	.LASF42
 457 0211 04       		.byte	0x4
 458 0212 06       		.byte	0x6
 459 0213 B0       		.byte	0xb0
 460 0214 25020000 		.4byte	0x225
 461 0218 06       		.uleb128 0x6
 462 0219 A6040000 		.4byte	.LASF21
 463 021d 06       		.byte	0x6
 464 021e B1       		.byte	0xb1
 465 021f FB010000 		.4byte	0x1fb
 466 0223 00       		.byte	0
 467 0224 00       		.byte	0
 468 0225 04       		.uleb128 0x4
 469 0226 10000000 		.4byte	.LASF43
 470 022a 05       		.byte	0x5
 471 022b 50       		.byte	0x50
 472 022c 30020000 		.4byte	0x230
 473 0230 05       		.uleb128 0x5
 474 0231 EC000000 		.4byte	.LASF44
 475 0235 08       		.byte	0x8
 476 0236 06       		.byte	0x6
 477 0237 B7       		.byte	0xb7
 478 0238 55020000 		.4byte	0x255
 479 023c 06       		.uleb128 0x6
 480 023d A6040000 		.4byte	.LASF21
 481 0241 06       		.byte	0x6
 482 0242 B8       		.byte	0xb8
 483 0243 FB010000 		.4byte	0x1fb
 484 0247 00       		.byte	0
 485 0248 06       		.uleb128 0x6
 486 0249 E6040000 		.4byte	.LASF22
 487 024d 06       		.byte	0x6
 488 024e B9       		.byte	0xb9
 489 024f FB010000 		.4byte	0x1fb
 490 0253 04       		.byte	0x4
 491 0254 00       		.byte	0
 492 0255 04       		.uleb128 0x4
 493 0256 FE040000 		.4byte	.LASF45
 494 025a 05       		.byte	0x5
 495 025b 57       		.byte	0x57
 496 025c 60020000 		.4byte	0x260
 497 0260 0A       		.uleb128 0xa
 498 0261 C8000000 		.4byte	.LASF46
 499 0265 1C       		.byte	0x1c
 500 0266 06       		.byte	0x6
 501 0267 9001     		.2byte	0x190
 502 0269 BC020000 		.4byte	0x2bc
 503 026d 08       		.uleb128 0x8
 504 026e 82030000 		.4byte	.LASF47
 505 0272 06       		.byte	0x6
 506 0273 9101     		.2byte	0x191
 507 0275 25020000 		.4byte	0x225
 508 0279 00       		.byte	0
 509 027a 08       		.uleb128 0x8
 510 027b 36010000 		.4byte	.LASF48
ARM GAS  /tmp/ccGID6fQ.s 			page 10


 511 027f 06       		.byte	0x6
 512 0280 9201     		.2byte	0x192
 513 0282 B5000000 		.4byte	0xb5
 514 0286 08       		.byte	0x8
 515 0287 08       		.uleb128 0x8
 516 0288 DB050000 		.4byte	.LASF49
 517 028c 06       		.byte	0x6
 518 028d 9401     		.2byte	0x194
 519 028f B3050000 		.4byte	0x5b3
 520 0293 0C       		.byte	0xc
 521 0294 08       		.uleb128 0x8
 522 0295 8A030000 		.4byte	.LASF50
 523 0299 06       		.byte	0x6
 524 029a 9701     		.2byte	0x197
 525 029c FB010000 		.4byte	0x1fb
 526 02a0 10       		.byte	0x10
 527 02a1 08       		.uleb128 0x8
 528 02a2 C7030000 		.4byte	.LASF51
 529 02a6 06       		.byte	0x6
 530 02a7 9801     		.2byte	0x198
 531 02a9 FB010000 		.4byte	0x1fb
 532 02ad 14       		.byte	0x14
 533 02ae 08       		.uleb128 0x8
 534 02af 53040000 		.4byte	.LASF52
 535 02b3 06       		.byte	0x6
 536 02b4 9B01     		.2byte	0x19b
 537 02b6 FB010000 		.4byte	0x1fb
 538 02ba 18       		.byte	0x18
 539 02bb 00       		.byte	0
 540 02bc 04       		.uleb128 0x4
 541 02bd FD000000 		.4byte	.LASF53
 542 02c1 05       		.byte	0x5
 543 02c2 5C       		.byte	0x5c
 544 02c3 C7020000 		.4byte	0x2c7
 545 02c7 09       		.uleb128 0x9
 546 02c8 04       		.byte	0x4
 547 02c9 CD020000 		.4byte	0x2cd
 548 02cd 0B       		.uleb128 0xb
 549 02ce D8020000 		.4byte	0x2d8
 550 02d2 0C       		.uleb128 0xc
 551 02d3 D8020000 		.4byte	0x2d8
 552 02d7 00       		.byte	0
 553 02d8 0D       		.uleb128 0xd
 554 02d9 04       		.byte	0x4
 555 02da 04       		.uleb128 0x4
 556 02db AD030000 		.4byte	.LASF54
 557 02df 05       		.byte	0x5
 558 02e0 61       		.byte	0x61
 559 02e1 E5020000 		.4byte	0x2e5
 560 02e5 0A       		.uleb128 0xa
 561 02e6 59010000 		.4byte	.LASF55
 562 02ea 14       		.byte	0x14
 563 02eb 06       		.byte	0x6
 564 02ec 6B01     		.2byte	0x16b
 565 02ee 34030000 		.4byte	0x334
 566 02f2 08       		.uleb128 0x8
 567 02f3 94050000 		.4byte	.LASF56
ARM GAS  /tmp/ccGID6fQ.s 			page 11


 568 02f7 06       		.byte	0x6
 569 02f8 6C01     		.2byte	0x16c
 570 02fa 8C070000 		.4byte	0x78c
 571 02fe 00       		.byte	0
 572 02ff 08       		.uleb128 0x8
 573 0300 00060000 		.4byte	.LASF57
 574 0304 06       		.byte	0x6
 575 0305 6D01     		.2byte	0x16d
 576 0307 8C070000 		.4byte	0x78c
 577 030b 04       		.byte	0x4
 578 030c 08       		.uleb128 0x8
 579 030d 01030000 		.4byte	.LASF58
 580 0311 06       		.byte	0x6
 581 0312 6E01     		.2byte	0x16e
 582 0314 E1000000 		.4byte	0xe1
 583 0318 08       		.byte	0x8
 584 0319 08       		.uleb128 0x8
 585 031a EC050000 		.4byte	.LASF59
 586 031e 06       		.byte	0x6
 587 031f 6F01     		.2byte	0x16f
 588 0321 BC020000 		.4byte	0x2bc
 589 0325 0C       		.byte	0xc
 590 0326 08       		.uleb128 0x8
 591 0327 3D010000 		.4byte	.LASF60
 592 032b 06       		.byte	0x6
 593 032c 7101     		.2byte	0x171
 594 032e D8020000 		.4byte	0x2d8
 595 0332 10       		.byte	0x10
 596 0333 00       		.byte	0
 597 0334 04       		.uleb128 0x4
 598 0335 53050000 		.4byte	.LASF61
 599 0339 05       		.byte	0x5
 600 033a 66       		.byte	0x66
 601 033b 3F030000 		.4byte	0x33f
 602 033f 0A       		.uleb128 0xa
 603 0340 99020000 		.4byte	.LASF62
 604 0344 10       		.byte	0x10
 605 0345 06       		.byte	0x6
 606 0346 7B01     		.2byte	0x17b
 607 0348 81030000 		.4byte	0x381
 608 034c 08       		.uleb128 0x8
 609 034d 94050000 		.4byte	.LASF56
 610 0351 06       		.byte	0x6
 611 0352 7C01     		.2byte	0x17c
 612 0354 8C070000 		.4byte	0x78c
 613 0358 00       		.byte	0
 614 0359 08       		.uleb128 0x8
 615 035a 00060000 		.4byte	.LASF57
 616 035e 06       		.byte	0x6
 617 035f 7E01     		.2byte	0x17e
 618 0361 8C070000 		.4byte	0x78c
 619 0365 04       		.byte	0x4
 620 0366 08       		.uleb128 0x8
 621 0367 01030000 		.4byte	.LASF58
 622 036b 06       		.byte	0x6
 623 036c 8001     		.2byte	0x180
 624 036e E1000000 		.4byte	0xe1
ARM GAS  /tmp/ccGID6fQ.s 			page 12


 625 0372 08       		.byte	0x8
 626 0373 08       		.uleb128 0x8
 627 0374 66000000 		.4byte	.LASF63
 628 0378 06       		.byte	0x6
 629 0379 8201     		.2byte	0x182
 630 037b 92070000 		.4byte	0x792
 631 037f 0C       		.byte	0xc
 632 0380 00       		.byte	0
 633 0381 04       		.uleb128 0x4
 634 0382 65030000 		.4byte	.LASF64
 635 0386 05       		.byte	0x5
 636 0387 6B       		.byte	0x6b
 637 0388 8C030000 		.4byte	0x38c
 638 038c 0A       		.uleb128 0xa
 639 038d 0C010000 		.4byte	.LASF65
 640 0391 04       		.byte	0x4
 641 0392 06       		.byte	0x6
 642 0393 A201     		.2byte	0x1a2
 643 0395 A7030000 		.4byte	0x3a7
 644 0399 08       		.uleb128 0x8
 645 039a F7030000 		.4byte	.LASF66
 646 039e 06       		.byte	0x6
 647 039f AA01     		.2byte	0x1aa
 648 03a1 97070000 		.4byte	0x797
 649 03a5 00       		.byte	0
 650 03a6 00       		.byte	0
 651 03a7 04       		.uleb128 0x4
 652 03a8 9C050000 		.4byte	.LASF67
 653 03ac 05       		.byte	0x5
 654 03ad 70       		.byte	0x70
 655 03ae B2030000 		.4byte	0x3b2
 656 03b2 0E       		.uleb128 0xe
 657 03b3 8E040000 		.4byte	.LASF68
 658 03b7 5001     		.2byte	0x150
 659 03b9 06       		.byte	0x6
 660 03ba C201     		.2byte	0x1c2
 661 03bc 02040000 		.4byte	0x402
 662 03c0 08       		.uleb128 0x8
 663 03c1 BC040000 		.4byte	.LASF69
 664 03c5 06       		.byte	0x6
 665 03c6 C601     		.2byte	0x1c6
 666 03c8 55020000 		.4byte	0x255
 667 03cc 00       		.byte	0
 668 03cd 08       		.uleb128 0x8
 669 03ce AE000000 		.4byte	.LASF70
 670 03d2 06       		.byte	0x6
 671 03d3 CA01     		.2byte	0x1ca
 672 03d5 34030000 		.4byte	0x334
 673 03d9 1C       		.byte	0x1c
 674 03da 07       		.uleb128 0x7
 675 03db 64626700 		.ascii	"dbg\000"
 676 03df 06       		.byte	0x6
 677 03e0 CE01     		.2byte	0x1ce
 678 03e2 81030000 		.4byte	0x381
 679 03e6 2C       		.byte	0x2c
 680 03e7 08       		.uleb128 0x8
 681 03e8 0F040000 		.4byte	.LASF71
ARM GAS  /tmp/ccGID6fQ.s 			page 13


 682 03ec 06       		.byte	0x6
 683 03ed D201     		.2byte	0x1d2
 684 03ef EC000000 		.4byte	0xec
 685 03f3 30       		.byte	0x30
 686 03f4 08       		.uleb128 0x8
 687 03f5 D6000000 		.4byte	.LASF72
 688 03f9 06       		.byte	0x6
 689 03fa E301     		.2byte	0x1e3
 690 03fc 9C070000 		.4byte	0x79c
 691 0400 78       		.byte	0x78
 692 0401 00       		.byte	0
 693 0402 03       		.uleb128 0x3
 694 0403 04       		.byte	0x4
 695 0404 07       		.byte	0x7
 696 0405 ED040000 		.4byte	.LASF73
 697 0409 0F       		.uleb128 0xf
 698 040a 6C000000 		.4byte	0x6c
 699 040e 10       		.uleb128 0x10
 700 040f 8C       		.byte	0x8c
 701 0410 07       		.byte	0x7
 702 0411 C001     		.2byte	0x1c0
 703 0413 29050000 		.4byte	0x529
 704 0417 08       		.uleb128 0x8
 705 0418 C0020000 		.4byte	.LASF74
 706 041c 07       		.byte	0x7
 707 041d C201     		.2byte	0x1c2
 708 041f 29050000 		.4byte	0x529
 709 0423 00       		.byte	0
 710 0424 08       		.uleb128 0x8
 711 0425 1D030000 		.4byte	.LASF75
 712 0429 07       		.byte	0x7
 713 042a C301     		.2byte	0x1c3
 714 042c 09040000 		.4byte	0x409
 715 0430 04       		.byte	0x4
 716 0431 08       		.uleb128 0x8
 717 0432 DC040000 		.4byte	.LASF76
 718 0436 07       		.byte	0x7
 719 0437 C401     		.2byte	0x1c4
 720 0439 09040000 		.4byte	0x409
 721 043d 08       		.byte	0x8
 722 043e 08       		.uleb128 0x8
 723 043f 2B030000 		.4byte	.LASF77
 724 0443 07       		.byte	0x7
 725 0444 C501     		.2byte	0x1c5
 726 0446 09040000 		.4byte	0x409
 727 044a 0C       		.byte	0xc
 728 044b 07       		.uleb128 0x7
 729 044c 53435200 		.ascii	"SCR\000"
 730 0450 07       		.byte	0x7
 731 0451 C601     		.2byte	0x1c6
 732 0453 09040000 		.4byte	0x409
 733 0457 10       		.byte	0x10
 734 0458 07       		.uleb128 0x7
 735 0459 43435200 		.ascii	"CCR\000"
 736 045d 07       		.byte	0x7
 737 045e C701     		.2byte	0x1c7
 738 0460 09040000 		.4byte	0x409
ARM GAS  /tmp/ccGID6fQ.s 			page 14


 739 0464 14       		.byte	0x14
 740 0465 07       		.uleb128 0x7
 741 0466 53485000 		.ascii	"SHP\000"
 742 046a 07       		.byte	0x7
 743 046b C801     		.2byte	0x1c8
 744 046d 3E050000 		.4byte	0x53e
 745 0471 18       		.byte	0x18
 746 0472 08       		.uleb128 0x8
 747 0473 43040000 		.4byte	.LASF78
 748 0477 07       		.byte	0x7
 749 0478 C901     		.2byte	0x1c9
 750 047a 09040000 		.4byte	0x409
 751 047e 24       		.byte	0x24
 752 047f 08       		.uleb128 0x8
 753 0480 98030000 		.4byte	.LASF79
 754 0484 07       		.byte	0x7
 755 0485 CA01     		.2byte	0x1ca
 756 0487 09040000 		.4byte	0x409
 757 048b 28       		.byte	0x28
 758 048c 08       		.uleb128 0x8
 759 048d FC020000 		.4byte	.LASF80
 760 0491 07       		.byte	0x7
 761 0492 CB01     		.2byte	0x1cb
 762 0494 09040000 		.4byte	0x409
 763 0498 2C       		.byte	0x2c
 764 0499 08       		.uleb128 0x8
 765 049a 98000000 		.4byte	.LASF81
 766 049e 07       		.byte	0x7
 767 049f CC01     		.2byte	0x1cc
 768 04a1 09040000 		.4byte	0x409
 769 04a5 30       		.byte	0x30
 770 04a6 08       		.uleb128 0x8
 771 04a7 1A040000 		.4byte	.LASF82
 772 04ab 07       		.byte	0x7
 773 04ac CD01     		.2byte	0x1cd
 774 04ae 09040000 		.4byte	0x409
 775 04b2 34       		.byte	0x34
 776 04b3 08       		.uleb128 0x8
 777 04b4 D7040000 		.4byte	.LASF83
 778 04b8 07       		.byte	0x7
 779 04b9 CE01     		.2byte	0x1ce
 780 04bb 09040000 		.4byte	0x409
 781 04bf 38       		.byte	0x38
 782 04c0 08       		.uleb128 0x8
 783 04c1 E4020000 		.4byte	.LASF84
 784 04c5 07       		.byte	0x7
 785 04c6 CF01     		.2byte	0x1cf
 786 04c8 09040000 		.4byte	0x409
 787 04cc 3C       		.byte	0x3c
 788 04cd 07       		.uleb128 0x7
 789 04ce 50465200 		.ascii	"PFR\000"
 790 04d2 07       		.byte	0x7
 791 04d3 D001     		.2byte	0x1d0
 792 04d5 53050000 		.4byte	0x553
 793 04d9 40       		.byte	0x40
 794 04da 07       		.uleb128 0x7
 795 04db 44465200 		.ascii	"DFR\000"
ARM GAS  /tmp/ccGID6fQ.s 			page 15


 796 04df 07       		.byte	0x7
 797 04e0 D101     		.2byte	0x1d1
 798 04e2 29050000 		.4byte	0x529
 799 04e6 48       		.byte	0x48
 800 04e7 07       		.uleb128 0x7
 801 04e8 41445200 		.ascii	"ADR\000"
 802 04ec 07       		.byte	0x7
 803 04ed D201     		.2byte	0x1d2
 804 04ef 29050000 		.4byte	0x529
 805 04f3 4C       		.byte	0x4c
 806 04f4 08       		.uleb128 0x8
 807 04f5 25010000 		.4byte	.LASF85
 808 04f9 07       		.byte	0x7
 809 04fa D301     		.2byte	0x1d3
 810 04fc 6D050000 		.4byte	0x56d
 811 0500 50       		.byte	0x50
 812 0501 08       		.uleb128 0x8
 813 0502 12060000 		.4byte	.LASF86
 814 0506 07       		.byte	0x7
 815 0507 D401     		.2byte	0x1d4
 816 0509 87050000 		.4byte	0x587
 817 050d 60       		.byte	0x60
 818 050e 08       		.uleb128 0x8
 819 050f 08060000 		.4byte	.LASF87
 820 0513 07       		.byte	0x7
 821 0514 D501     		.2byte	0x1d5
 822 0516 77050000 		.4byte	0x577
 823 051a 74       		.byte	0x74
 824 051b 08       		.uleb128 0x8
 825 051c 2A000000 		.4byte	.LASF88
 826 0520 07       		.byte	0x7
 827 0521 D601     		.2byte	0x1d6
 828 0523 09040000 		.4byte	0x409
 829 0527 88       		.byte	0x88
 830 0528 00       		.byte	0
 831 0529 11       		.uleb128 0x11
 832 052a 09040000 		.4byte	0x409
 833 052e 12       		.uleb128 0x12
 834 052f 53000000 		.4byte	0x53
 835 0533 3E050000 		.4byte	0x53e
 836 0537 13       		.uleb128 0x13
 837 0538 02040000 		.4byte	0x402
 838 053c 0B       		.byte	0xb
 839 053d 00       		.byte	0
 840 053e 0F       		.uleb128 0xf
 841 053f 2E050000 		.4byte	0x52e
 842 0543 12       		.uleb128 0x12
 843 0544 6C000000 		.4byte	0x6c
 844 0548 53050000 		.4byte	0x553
 845 054c 13       		.uleb128 0x13
 846 054d 02040000 		.4byte	0x402
 847 0551 01       		.byte	0x1
 848 0552 00       		.byte	0
 849 0553 11       		.uleb128 0x11
 850 0554 58050000 		.4byte	0x558
 851 0558 0F       		.uleb128 0xf
 852 0559 43050000 		.4byte	0x543
ARM GAS  /tmp/ccGID6fQ.s 			page 16


 853 055d 12       		.uleb128 0x12
 854 055e 6C000000 		.4byte	0x6c
 855 0562 6D050000 		.4byte	0x56d
 856 0566 13       		.uleb128 0x13
 857 0567 02040000 		.4byte	0x402
 858 056b 03       		.byte	0x3
 859 056c 00       		.byte	0
 860 056d 11       		.uleb128 0x11
 861 056e 72050000 		.4byte	0x572
 862 0572 0F       		.uleb128 0xf
 863 0573 5D050000 		.4byte	0x55d
 864 0577 12       		.uleb128 0x12
 865 0578 6C000000 		.4byte	0x6c
 866 057c 87050000 		.4byte	0x587
 867 0580 13       		.uleb128 0x13
 868 0581 02040000 		.4byte	0x402
 869 0585 04       		.byte	0x4
 870 0586 00       		.byte	0
 871 0587 11       		.uleb128 0x11
 872 0588 8C050000 		.4byte	0x58c
 873 058c 0F       		.uleb128 0xf
 874 058d 77050000 		.4byte	0x577
 875 0591 14       		.uleb128 0x14
 876 0592 CE040000 		.4byte	.LASF89
 877 0596 07       		.byte	0x7
 878 0597 D701     		.2byte	0x1d7
 879 0599 0E040000 		.4byte	0x40e
 880 059d 04       		.uleb128 0x4
 881 059e 3C000000 		.4byte	.LASF90
 882 05a2 08       		.byte	0x8
 883 05a3 65       		.byte	0x65
 884 05a4 D8020000 		.4byte	0x2d8
 885 05a8 04       		.uleb128 0x4
 886 05a9 E1050000 		.4byte	.LASF91
 887 05ad 08       		.byte	0x8
 888 05ae 6D       		.byte	0x6d
 889 05af 77000000 		.4byte	0x77
 890 05b3 05       		.uleb128 0x5
 891 05b4 9D030000 		.4byte	.LASF92
 892 05b8 04       		.byte	0x4
 893 05b9 08       		.byte	0x8
 894 05ba 89       		.byte	0x89
 895 05bb CC050000 		.4byte	0x5cc
 896 05bf 15       		.uleb128 0x15
 897 05c0 72313300 		.ascii	"r13\000"
 898 05c4 08       		.byte	0x8
 899 05c5 8A       		.byte	0x8a
 900 05c6 47060000 		.4byte	0x647
 901 05ca 00       		.byte	0
 902 05cb 00       		.byte	0
 903 05cc 05       		.uleb128 0x5
 904 05cd 75040000 		.4byte	.LASF93
 905 05d1 24       		.byte	0x24
 906 05d2 09       		.byte	0x9
 907 05d3 FD       		.byte	0xfd
 908 05d4 47060000 		.4byte	0x647
 909 05d8 07       		.uleb128 0x7
ARM GAS  /tmp/ccGID6fQ.s 			page 17


 910 05d9 723400   		.ascii	"r4\000"
 911 05dc 09       		.byte	0x9
 912 05dd 1001     		.2byte	0x110
 913 05df 9D050000 		.4byte	0x59d
 914 05e3 00       		.byte	0
 915 05e4 07       		.uleb128 0x7
 916 05e5 723500   		.ascii	"r5\000"
 917 05e8 09       		.byte	0x9
 918 05e9 1101     		.2byte	0x111
 919 05eb 9D050000 		.4byte	0x59d
 920 05ef 04       		.byte	0x4
 921 05f0 07       		.uleb128 0x7
 922 05f1 723600   		.ascii	"r6\000"
 923 05f4 09       		.byte	0x9
 924 05f5 1201     		.2byte	0x112
 925 05f7 9D050000 		.4byte	0x59d
 926 05fb 08       		.byte	0x8
 927 05fc 07       		.uleb128 0x7
 928 05fd 723700   		.ascii	"r7\000"
 929 0600 09       		.byte	0x9
 930 0601 1301     		.2byte	0x113
 931 0603 9D050000 		.4byte	0x59d
 932 0607 0C       		.byte	0xc
 933 0608 07       		.uleb128 0x7
 934 0609 723800   		.ascii	"r8\000"
 935 060c 09       		.byte	0x9
 936 060d 1401     		.2byte	0x114
 937 060f 9D050000 		.4byte	0x59d
 938 0613 10       		.byte	0x10
 939 0614 07       		.uleb128 0x7
 940 0615 723900   		.ascii	"r9\000"
 941 0618 09       		.byte	0x9
 942 0619 1501     		.2byte	0x115
 943 061b 9D050000 		.4byte	0x59d
 944 061f 14       		.byte	0x14
 945 0620 07       		.uleb128 0x7
 946 0621 72313000 		.ascii	"r10\000"
 947 0625 09       		.byte	0x9
 948 0626 1601     		.2byte	0x116
 949 0628 9D050000 		.4byte	0x59d
 950 062c 18       		.byte	0x18
 951 062d 07       		.uleb128 0x7
 952 062e 72313100 		.ascii	"r11\000"
 953 0632 09       		.byte	0x9
 954 0633 1701     		.2byte	0x117
 955 0635 9D050000 		.4byte	0x59d
 956 0639 1C       		.byte	0x1c
 957 063a 07       		.uleb128 0x7
 958 063b 6C7200   		.ascii	"lr\000"
 959 063e 09       		.byte	0x9
 960 063f 1801     		.2byte	0x118
 961 0641 9D050000 		.4byte	0x59d
 962 0645 20       		.byte	0x20
 963 0646 00       		.byte	0
 964 0647 09       		.uleb128 0x9
 965 0648 04       		.byte	0x4
 966 0649 CC050000 		.4byte	0x5cc
ARM GAS  /tmp/ccGID6fQ.s 			page 18


 967 064d 05       		.uleb128 0x5
 968 064e C2040000 		.4byte	.LASF94
 969 0652 20       		.byte	0x20
 970 0653 09       		.byte	0x9
 971 0654 DE       		.byte	0xde
 972 0655 B5060000 		.4byte	0x6b5
 973 0659 15       		.uleb128 0x15
 974 065a 723000   		.ascii	"r0\000"
 975 065d 09       		.byte	0x9
 976 065e DF       		.byte	0xdf
 977 065f 9D050000 		.4byte	0x59d
 978 0663 00       		.byte	0
 979 0664 15       		.uleb128 0x15
 980 0665 723100   		.ascii	"r1\000"
 981 0668 09       		.byte	0x9
 982 0669 E0       		.byte	0xe0
 983 066a 9D050000 		.4byte	0x59d
 984 066e 04       		.byte	0x4
 985 066f 15       		.uleb128 0x15
 986 0670 723200   		.ascii	"r2\000"
 987 0673 09       		.byte	0x9
 988 0674 E1       		.byte	0xe1
 989 0675 9D050000 		.4byte	0x59d
 990 0679 08       		.byte	0x8
 991 067a 15       		.uleb128 0x15
 992 067b 723300   		.ascii	"r3\000"
 993 067e 09       		.byte	0x9
 994 067f E2       		.byte	0xe2
 995 0680 9D050000 		.4byte	0x59d
 996 0684 0C       		.byte	0xc
 997 0685 15       		.uleb128 0x15
 998 0686 72313200 		.ascii	"r12\000"
 999 068a 09       		.byte	0x9
 1000 068b E3       		.byte	0xe3
 1001 068c 9D050000 		.4byte	0x59d
 1002 0690 10       		.byte	0x10
 1003 0691 06       		.uleb128 0x6
 1004 0692 8D050000 		.4byte	.LASF95
 1005 0696 09       		.byte	0x9
 1006 0697 E4       		.byte	0xe4
 1007 0698 9D050000 		.4byte	0x59d
 1008 069c 14       		.byte	0x14
 1009 069d 15       		.uleb128 0x15
 1010 069e 706300   		.ascii	"pc\000"
 1011 06a1 09       		.byte	0x9
 1012 06a2 E5       		.byte	0xe5
 1013 06a3 9D050000 		.4byte	0x59d
 1014 06a7 18       		.byte	0x18
 1015 06a8 06       		.uleb128 0x6
 1016 06a9 E1040000 		.4byte	.LASF96
 1017 06ad 09       		.byte	0x9
 1018 06ae E6       		.byte	0xe6
 1019 06af 9D050000 		.4byte	0x59d
 1020 06b3 1C       		.byte	0x1c
 1021 06b4 00       		.byte	0
 1022 06b5 16       		.uleb128 0x16
 1023 06b6 04       		.byte	0x4
ARM GAS  /tmp/ccGID6fQ.s 			page 19


 1024 06b7 06       		.byte	0x6
 1025 06b8 FA       		.byte	0xfa
 1026 06b9 12070000 		.4byte	0x712
 1027 06bd 17       		.uleb128 0x17
 1028 06be B9020000 		.4byte	.LASF97
 1029 06c2 06       		.byte	0x6
 1030 06c3 0101     		.2byte	0x101
 1031 06c5 C0000000 		.4byte	0xc0
 1032 06c9 17       		.uleb128 0x17
 1033 06ca 17060000 		.4byte	.LASF98
 1034 06ce 06       		.byte	0x6
 1035 06cf 0801     		.2byte	0x108
 1036 06d1 C0000000 		.4byte	0xc0
 1037 06d5 17       		.uleb128 0x17
 1038 06d6 9D000000 		.4byte	.LASF99
 1039 06da 06       		.byte	0x6
 1040 06db 0F01     		.2byte	0x10f
 1041 06dd D8020000 		.4byte	0x2d8
 1042 06e1 17       		.uleb128 0x17
 1043 06e2 AF050000 		.4byte	.LASF100
 1044 06e6 06       		.byte	0x6
 1045 06e7 1601     		.2byte	0x116
 1046 06e9 12070000 		.4byte	0x712
 1047 06ed 17       		.uleb128 0x17
 1048 06ee A8050000 		.4byte	.LASF101
 1049 06f2 06       		.byte	0x6
 1050 06f3 1E01     		.2byte	0x11e
 1051 06f5 3D070000 		.4byte	0x73d
 1052 06f9 17       		.uleb128 0x17
 1053 06fa 30000000 		.4byte	.LASF102
 1054 06fe 06       		.byte	0x6
 1055 06ff 2701     		.2byte	0x127
 1056 0701 74070000 		.4byte	0x774
 1057 0705 17       		.uleb128 0x17
 1058 0706 E5000000 		.4byte	.LASF103
 1059 070a 06       		.byte	0x6
 1060 070b 2F01     		.2byte	0x12f
 1061 070d CB000000 		.4byte	0xcb
 1062 0711 00       		.byte	0
 1063 0712 09       		.uleb128 0x9
 1064 0713 04       		.byte	0x4
 1065 0714 F0010000 		.4byte	0x1f0
 1066 0718 05       		.uleb128 0x5
 1067 0719 44010000 		.4byte	.LASF104
 1068 071d 0C       		.byte	0xc
 1069 071e 0A       		.byte	0xa
 1070 071f 34       		.byte	0x34
 1071 0720 3D070000 		.4byte	0x73d
 1072 0724 06       		.uleb128 0x6
 1073 0725 5E000000 		.4byte	.LASF105
 1074 0729 0A       		.byte	0xa
 1075 072a 35       		.byte	0x35
 1076 072b 25020000 		.4byte	0x225
 1077 072f 00       		.byte	0
 1078 0730 06       		.uleb128 0x6
 1079 0731 06010000 		.4byte	.LASF106
 1080 0735 0A       		.byte	0xa
ARM GAS  /tmp/ccGID6fQ.s 			page 20


 1081 0736 37       		.byte	0x37
 1082 0737 D6000000 		.4byte	0xd6
 1083 073b 08       		.byte	0x8
 1084 073c 00       		.byte	0
 1085 073d 09       		.uleb128 0x9
 1086 073e 04       		.byte	0x4
 1087 073f 18070000 		.4byte	0x718
 1088 0743 05       		.uleb128 0x5
 1089 0744 DB020000 		.4byte	.LASF107
 1090 0748 10       		.byte	0x10
 1091 0749 0B       		.byte	0xb
 1092 074a 39       		.byte	0x39
 1093 074b 74070000 		.4byte	0x774
 1094 074f 06       		.uleb128 0x6
 1095 0750 6D040000 		.4byte	.LASF108
 1096 0754 0B       		.byte	0xb
 1097 0755 3A       		.byte	0x3a
 1098 0756 25020000 		.4byte	0x225
 1099 075a 00       		.byte	0
 1100 075b 06       		.uleb128 0x6
 1101 075c 56000000 		.4byte	.LASF109
 1102 0760 0B       		.byte	0xb
 1103 0761 3C       		.byte	0x3c
 1104 0762 FB010000 		.4byte	0x1fb
 1105 0766 08       		.byte	0x8
 1106 0767 06       		.uleb128 0x6
 1107 0768 B5050000 		.4byte	.LASF110
 1108 076c 0B       		.byte	0xb
 1109 076d 3E       		.byte	0x3e
 1110 076e B7070000 		.4byte	0x7b7
 1111 0772 0C       		.byte	0xc
 1112 0773 00       		.byte	0
 1113 0774 09       		.uleb128 0x9
 1114 0775 04       		.byte	0x4
 1115 0776 43070000 		.4byte	0x743
 1116 077a 09       		.uleb128 0x9
 1117 077b 04       		.byte	0x4
 1118 077c 80070000 		.4byte	0x780
 1119 0780 11       		.uleb128 0x11
 1120 0781 85070000 		.4byte	0x785
 1121 0785 03       		.uleb128 0x3
 1122 0786 01       		.byte	0x1
 1123 0787 08       		.byte	0x8
 1124 0788 37000000 		.4byte	.LASF111
 1125 078c 09       		.uleb128 0x9
 1126 078d 04       		.byte	0x4
 1127 078e DA020000 		.4byte	0x2da
 1128 0792 0F       		.uleb128 0xf
 1129 0793 E1000000 		.4byte	0xe1
 1130 0797 0F       		.uleb128 0xf
 1131 0798 7A070000 		.4byte	0x77a
 1132 079c 12       		.uleb128 0x12
 1133 079d A8050000 		.4byte	0x5a8
 1134 07a1 AC070000 		.4byte	0x7ac
 1135 07a5 13       		.uleb128 0x13
 1136 07a6 02040000 		.4byte	0x402
 1137 07aa 1A       		.byte	0x1a
ARM GAS  /tmp/ccGID6fQ.s 			page 21


 1138 07ab 00       		.byte	0
 1139 07ac 04       		.uleb128 0x4
 1140 07ad 13050000 		.4byte	.LASF112
 1141 07b1 0B       		.byte	0xb
 1142 07b2 34       		.byte	0x34
 1143 07b3 43070000 		.4byte	0x743
 1144 07b7 09       		.uleb128 0x9
 1145 07b8 04       		.byte	0x4
 1146 07b9 AC070000 		.4byte	0x7ac
 1147 07bd 18       		.uleb128 0x18
 1148 07be 98040000 		.4byte	.LASF115
 1149 07c2 02       		.byte	0x2
 1150 07c3 2202     		.2byte	0x222
 1151 07c5 03       		.byte	0x3
 1152 07c6 D7070000 		.4byte	0x7d7
 1153 07ca 19       		.uleb128 0x19
 1154 07cb 93020000 		.4byte	.LASF117
 1155 07cf 02       		.byte	0x2
 1156 07d0 2202     		.2byte	0x222
 1157 07d2 6C000000 		.4byte	0x6c
 1158 07d6 00       		.byte	0
 1159 07d7 1A       		.uleb128 0x1a
 1160 07d8 A4000000 		.4byte	.LASF113
 1161 07dc 09       		.byte	0x9
 1162 07dd C801     		.2byte	0x1c8
 1163 07df 03       		.byte	0x3
 1164 07e0 1A       		.uleb128 0x1a
 1165 07e1 F4050000 		.4byte	.LASF114
 1166 07e5 09       		.byte	0x9
 1167 07e6 E001     		.2byte	0x1e0
 1168 07e8 03       		.byte	0x3
 1169 07e9 1B       		.uleb128 0x1b
 1170 07ea 20060000 		.4byte	.LASF129
 1171 07ee 02       		.byte	0x2
 1172 07ef AA01     		.2byte	0x1aa
 1173 07f1 6C000000 		.4byte	0x6c
 1174 07f5 03       		.byte	0x3
 1175 07f6 07080000 		.4byte	0x807
 1176 07fa 1C       		.uleb128 0x1c
 1177 07fb 6A010000 		.4byte	.LASF130
 1178 07ff 02       		.byte	0x2
 1179 0800 AC01     		.2byte	0x1ac
 1180 0802 6C000000 		.4byte	0x6c
 1181 0806 00       		.byte	0
 1182 0807 18       		.uleb128 0x18
 1183 0808 2E040000 		.4byte	.LASF116
 1184 080c 02       		.byte	0x2
 1185 080d B901     		.2byte	0x1b9
 1186 080f 03       		.byte	0x3
 1187 0810 21080000 		.4byte	0x821
 1188 0814 19       		.uleb128 0x19
 1189 0815 CC020000 		.4byte	.LASF118
 1190 0819 02       		.byte	0x2
 1191 081a B901     		.2byte	0x1b9
 1192 081c 6C000000 		.4byte	0x6c
 1193 0820 00       		.byte	0
 1194 0821 1A       		.uleb128 0x1a
ARM GAS  /tmp/ccGID6fQ.s 			page 22


 1195 0822 1B050000 		.4byte	.LASF119
 1196 0826 09       		.byte	0x9
 1197 0827 FA01     		.2byte	0x1fa
 1198 0829 03       		.byte	0x3
 1199 082a 1A       		.uleb128 0x1a
 1200 082b B5000000 		.4byte	.LASF120
 1201 082f 09       		.byte	0x9
 1202 0830 EF01     		.2byte	0x1ef
 1203 0832 03       		.byte	0x3
 1204 0833 1D       		.uleb128 0x1d
 1205 0834 E9020000 		.4byte	.LASF121
 1206 0838 01       		.byte	0x1
 1207 0839 3E       		.byte	0x3e
 1208 083a 00000000 		.4byte	.LFB230
 1209 083e 12000000 		.4byte	.LFE230-.LFB230
 1210 0842 01       		.uleb128 0x1
 1211 0843 9C       		.byte	0x9c
 1212 0844 D4080000 		.4byte	0x8d4
 1213 0848 1E       		.uleb128 0x1e
 1214 0849 5D040000 		.4byte	.LASF123
 1215 084d 01       		.byte	0x1
 1216 084e 40       		.byte	0x40
 1217 084f D4080000 		.4byte	0x8d4
 1218 0853 00000000 		.4byte	.LLST0
 1219 0857 1F       		.uleb128 0x1f
 1220 0858 E9070000 		.4byte	0x7e9
 1221 085c 00000000 		.4byte	.LBB38
 1222 0860 04000000 		.4byte	.LBE38-.LBB38
 1223 0864 01       		.byte	0x1
 1224 0865 48       		.byte	0x48
 1225 0866 7E080000 		.4byte	0x87e
 1226 086a 20       		.uleb128 0x20
 1227 086b 00000000 		.4byte	.LBB39
 1228 086f 04000000 		.4byte	.LBE39-.LBB39
 1229 0873 21       		.uleb128 0x21
 1230 0874 FA070000 		.4byte	0x7fa
 1231 0878 20000000 		.4byte	.LLST1
 1232 087c 00       		.byte	0
 1233 087d 00       		.byte	0
 1234 087e 1F       		.uleb128 0x1f
 1235 087f 07080000 		.4byte	0x807
 1236 0883 06000000 		.4byte	.LBB40
 1237 0887 04000000 		.4byte	.LBE40-.LBB40
 1238 088b 01       		.byte	0x1
 1239 088c 4F       		.byte	0x4f
 1240 088d 9B080000 		.4byte	0x89b
 1241 0891 22       		.uleb128 0x22
 1242 0892 14080000 		.4byte	0x814
 1243 0896 00000000 		.4byte	.LLST0
 1244 089a 00       		.byte	0
 1245 089b 23       		.uleb128 0x23
 1246 089c 21080000 		.4byte	0x821
 1247 08a0 0A000000 		.4byte	.LBB42
 1248 08a4 08000000 		.4byte	.LBE42-.LBB42
 1249 08a8 01       		.byte	0x1
 1250 08a9 52       		.byte	0x52
 1251 08aa 24       		.uleb128 0x24
ARM GAS  /tmp/ccGID6fQ.s 			page 23


 1252 08ab E0070000 		.4byte	0x7e0
 1253 08af 0A000000 		.4byte	.LBB43
 1254 08b3 08000000 		.4byte	.LBE43-.LBB43
 1255 08b7 09       		.byte	0x9
 1256 08b8 FC01     		.2byte	0x1fc
 1257 08ba 24       		.uleb128 0x24
 1258 08bb BD070000 		.4byte	0x7bd
 1259 08bf 0A000000 		.4byte	.LBB44
 1260 08c3 08000000 		.4byte	.LBE44-.LBB44
 1261 08c7 09       		.byte	0x9
 1262 08c8 E301     		.2byte	0x1e3
 1263 08ca 25       		.uleb128 0x25
 1264 08cb CA070000 		.4byte	0x7ca
 1265 08cf 00       		.byte	0
 1266 08d0 00       		.byte	0
 1267 08d1 00       		.byte	0
 1268 08d2 00       		.byte	0
 1269 08d3 00       		.byte	0
 1270 08d4 09       		.uleb128 0x9
 1271 08d5 04       		.byte	0x4
 1272 08d6 4D060000 		.4byte	0x64d
 1273 08da 1D       		.uleb128 0x1d
 1274 08db 70050000 		.4byte	.LASF122
 1275 08df 01       		.byte	0x1
 1276 08e0 7A       		.byte	0x7a
 1277 08e1 00000000 		.4byte	.LFB231
 1278 08e5 50000000 		.4byte	.LFE231-.LFB231
 1279 08e9 01       		.uleb128 0x1
 1280 08ea 9C       		.byte	0x9c
 1281 08eb D1090000 		.4byte	0x9d1
 1282 08ef 1F       		.uleb128 0x1f
 1283 08f0 2A080000 		.4byte	0x82a
 1284 08f4 00000000 		.4byte	.LBB46
 1285 08f8 06000000 		.4byte	.LBE46-.LBB46
 1286 08fc 01       		.byte	0x1
 1287 08fd 7C       		.byte	0x7c
 1288 08fe 2B090000 		.4byte	0x92b
 1289 0902 24       		.uleb128 0x24
 1290 0903 D7070000 		.4byte	0x7d7
 1291 0907 00000000 		.4byte	.LBB47
 1292 090b 06000000 		.4byte	.LBE47-.LBB47
 1293 090f 09       		.byte	0x9
 1294 0910 F101     		.2byte	0x1f1
 1295 0912 24       		.uleb128 0x24
 1296 0913 BD070000 		.4byte	0x7bd
 1297 0917 00000000 		.4byte	.LBB48
 1298 091b 06000000 		.4byte	.LBE48-.LBB48
 1299 091f 09       		.byte	0x9
 1300 0920 D001     		.2byte	0x1d0
 1301 0922 25       		.uleb128 0x25
 1302 0923 CA070000 		.4byte	0x7ca
 1303 0927 20       		.byte	0x20
 1304 0928 00       		.byte	0
 1305 0929 00       		.byte	0
 1306 092a 00       		.byte	0
 1307 092b 1F       		.uleb128 0x1f
 1308 092c 21080000 		.4byte	0x821
ARM GAS  /tmp/ccGID6fQ.s 			page 24


 1309 0930 10000000 		.4byte	.LBB50
 1310 0934 06000000 		.4byte	.LBE50-.LBB50
 1311 0938 01       		.byte	0x1
 1312 0939 A5       		.byte	0xa5
 1313 093a 6A090000 		.4byte	0x96a
 1314 093e 24       		.uleb128 0x24
 1315 093f E0070000 		.4byte	0x7e0
 1316 0943 10000000 		.4byte	.LBB51
 1317 0947 06000000 		.4byte	.LBE51-.LBB51
 1318 094b 09       		.byte	0x9
 1319 094c FC01     		.2byte	0x1fc
 1320 094e 24       		.uleb128 0x24
 1321 094f BD070000 		.4byte	0x7bd
 1322 0953 10000000 		.4byte	.LBB52
 1323 0957 06000000 		.4byte	.LBE52-.LBB52
 1324 095b 09       		.byte	0x9
 1325 095c E301     		.2byte	0x1e3
 1326 095e 22       		.uleb128 0x22
 1327 095f CA070000 		.4byte	0x7ca
 1328 0963 40000000 		.4byte	.LLST3
 1329 0967 00       		.byte	0
 1330 0968 00       		.byte	0
 1331 0969 00       		.byte	0
 1332 096a 20       		.uleb128 0x20
 1333 096b 18000000 		.4byte	.LBB54
 1334 096f 38000000 		.4byte	.LBE54-.LBB54
 1335 0973 1E       		.uleb128 0x1e
 1336 0974 5D040000 		.4byte	.LASF123
 1337 0978 01       		.byte	0x1
 1338 0979 7E       		.byte	0x7e
 1339 097a D4080000 		.4byte	0x8d4
 1340 097e 54000000 		.4byte	.LLST4
 1341 0982 1F       		.uleb128 0x1f
 1342 0983 E9070000 		.4byte	0x7e9
 1343 0987 18000000 		.4byte	.LBB55
 1344 098b 04000000 		.4byte	.LBE55-.LBB55
 1345 098f 01       		.byte	0x1
 1346 0990 86       		.byte	0x86
 1347 0991 A9090000 		.4byte	0x9a9
 1348 0995 20       		.uleb128 0x20
 1349 0996 18000000 		.4byte	.LBB56
 1350 099a 04000000 		.4byte	.LBE56-.LBB56
 1351 099e 21       		.uleb128 0x21
 1352 099f FA070000 		.4byte	0x7fa
 1353 09a3 81000000 		.4byte	.LLST5
 1354 09a7 00       		.byte	0
 1355 09a8 00       		.byte	0
 1356 09a9 1F       		.uleb128 0x1f
 1357 09aa 07080000 		.4byte	0x807
 1358 09ae 28000000 		.4byte	.LBB57
 1359 09b2 04000000 		.4byte	.LBE57-.LBB57
 1360 09b6 01       		.byte	0x1
 1361 09b7 93       		.byte	0x93
 1362 09b8 C6090000 		.4byte	0x9c6
 1363 09bc 22       		.uleb128 0x22
 1364 09bd 14080000 		.4byte	0x814
 1365 09c1 94000000 		.4byte	.LLST6
ARM GAS  /tmp/ccGID6fQ.s 			page 25


 1366 09c5 00       		.byte	0
 1367 09c6 26       		.uleb128 0x26
 1368 09c7 30000000 		.4byte	.LVL10
 1369 09cb ED090000 		.4byte	0x9ed
 1370 09cf 00       		.byte	0
 1371 09d0 00       		.byte	0
 1372 09d1 27       		.uleb128 0x27
 1373 09d2 81040000 		.4byte	.LASF124
 1374 09d6 07       		.byte	0x7
 1375 09d7 FA06     		.2byte	0x6fa
 1376 09d9 DD090000 		.4byte	0x9dd
 1377 09dd 0F       		.uleb128 0xf
 1378 09de 41000000 		.4byte	0x41
 1379 09e2 28       		.uleb128 0x28
 1380 09e3 636800   		.ascii	"ch\000"
 1381 09e6 06       		.byte	0x6
 1382 09e7 0902     		.2byte	0x209
 1383 09e9 A7030000 		.4byte	0x3a7
 1384 09ed 29       		.uleb128 0x29
 1385 09ee 6B020000 		.4byte	.LASF131
 1386 09f2 06       		.byte	0x6
 1387 09f3 1802     		.2byte	0x218
 1388 09f5 F9090000 		.4byte	0x9f9
 1389 09f9 03       		.uleb128 0x3
 1390 09fa 01       		.byte	0x1
 1391 09fb 02       		.byte	0x2
 1392 09fc C6020000 		.4byte	.LASF125
 1393 0a00 00       		.byte	0
 1394              		.section	.debug_abbrev,"",%progbits
 1395              	.Ldebug_abbrev0:
 1396 0000 01       		.uleb128 0x1
 1397 0001 11       		.uleb128 0x11
 1398 0002 01       		.byte	0x1
 1399 0003 25       		.uleb128 0x25
 1400 0004 0E       		.uleb128 0xe
 1401 0005 13       		.uleb128 0x13
 1402 0006 0B       		.uleb128 0xb
 1403 0007 03       		.uleb128 0x3
 1404 0008 0E       		.uleb128 0xe
 1405 0009 1B       		.uleb128 0x1b
 1406 000a 0E       		.uleb128 0xe
 1407 000b 55       		.uleb128 0x55
 1408 000c 17       		.uleb128 0x17
 1409 000d 11       		.uleb128 0x11
 1410 000e 01       		.uleb128 0x1
 1411 000f 10       		.uleb128 0x10
 1412 0010 17       		.uleb128 0x17
 1413 0011 00       		.byte	0
 1414 0012 00       		.byte	0
 1415 0013 02       		.uleb128 0x2
 1416 0014 24       		.uleb128 0x24
 1417 0015 00       		.byte	0
 1418 0016 0B       		.uleb128 0xb
 1419 0017 0B       		.uleb128 0xb
 1420 0018 3E       		.uleb128 0x3e
 1421 0019 0B       		.uleb128 0xb
 1422 001a 03       		.uleb128 0x3
ARM GAS  /tmp/ccGID6fQ.s 			page 26


 1423 001b 08       		.uleb128 0x8
 1424 001c 00       		.byte	0
 1425 001d 00       		.byte	0
 1426 001e 03       		.uleb128 0x3
 1427 001f 24       		.uleb128 0x24
 1428 0020 00       		.byte	0
 1429 0021 0B       		.uleb128 0xb
 1430 0022 0B       		.uleb128 0xb
 1431 0023 3E       		.uleb128 0x3e
 1432 0024 0B       		.uleb128 0xb
 1433 0025 03       		.uleb128 0x3
 1434 0026 0E       		.uleb128 0xe
 1435 0027 00       		.byte	0
 1436 0028 00       		.byte	0
 1437 0029 04       		.uleb128 0x4
 1438 002a 16       		.uleb128 0x16
 1439 002b 00       		.byte	0
 1440 002c 03       		.uleb128 0x3
 1441 002d 0E       		.uleb128 0xe
 1442 002e 3A       		.uleb128 0x3a
 1443 002f 0B       		.uleb128 0xb
 1444 0030 3B       		.uleb128 0x3b
 1445 0031 0B       		.uleb128 0xb
 1446 0032 49       		.uleb128 0x49
 1447 0033 13       		.uleb128 0x13
 1448 0034 00       		.byte	0
 1449 0035 00       		.byte	0
 1450 0036 05       		.uleb128 0x5
 1451 0037 13       		.uleb128 0x13
 1452 0038 01       		.byte	0x1
 1453 0039 03       		.uleb128 0x3
 1454 003a 0E       		.uleb128 0xe
 1455 003b 0B       		.uleb128 0xb
 1456 003c 0B       		.uleb128 0xb
 1457 003d 3A       		.uleb128 0x3a
 1458 003e 0B       		.uleb128 0xb
 1459 003f 3B       		.uleb128 0x3b
 1460 0040 0B       		.uleb128 0xb
 1461 0041 01       		.uleb128 0x1
 1462 0042 13       		.uleb128 0x13
 1463 0043 00       		.byte	0
 1464 0044 00       		.byte	0
 1465 0045 06       		.uleb128 0x6
 1466 0046 0D       		.uleb128 0xd
 1467 0047 00       		.byte	0
 1468 0048 03       		.uleb128 0x3
 1469 0049 0E       		.uleb128 0xe
 1470 004a 3A       		.uleb128 0x3a
 1471 004b 0B       		.uleb128 0xb
 1472 004c 3B       		.uleb128 0x3b
 1473 004d 0B       		.uleb128 0xb
 1474 004e 49       		.uleb128 0x49
 1475 004f 13       		.uleb128 0x13
 1476 0050 38       		.uleb128 0x38
 1477 0051 0B       		.uleb128 0xb
 1478 0052 00       		.byte	0
 1479 0053 00       		.byte	0
ARM GAS  /tmp/ccGID6fQ.s 			page 27


 1480 0054 07       		.uleb128 0x7
 1481 0055 0D       		.uleb128 0xd
 1482 0056 00       		.byte	0
 1483 0057 03       		.uleb128 0x3
 1484 0058 08       		.uleb128 0x8
 1485 0059 3A       		.uleb128 0x3a
 1486 005a 0B       		.uleb128 0xb
 1487 005b 3B       		.uleb128 0x3b
 1488 005c 05       		.uleb128 0x5
 1489 005d 49       		.uleb128 0x49
 1490 005e 13       		.uleb128 0x13
 1491 005f 38       		.uleb128 0x38
 1492 0060 0B       		.uleb128 0xb
 1493 0061 00       		.byte	0
 1494 0062 00       		.byte	0
 1495 0063 08       		.uleb128 0x8
 1496 0064 0D       		.uleb128 0xd
 1497 0065 00       		.byte	0
 1498 0066 03       		.uleb128 0x3
 1499 0067 0E       		.uleb128 0xe
 1500 0068 3A       		.uleb128 0x3a
 1501 0069 0B       		.uleb128 0xb
 1502 006a 3B       		.uleb128 0x3b
 1503 006b 05       		.uleb128 0x5
 1504 006c 49       		.uleb128 0x49
 1505 006d 13       		.uleb128 0x13
 1506 006e 38       		.uleb128 0x38
 1507 006f 0B       		.uleb128 0xb
 1508 0070 00       		.byte	0
 1509 0071 00       		.byte	0
 1510 0072 09       		.uleb128 0x9
 1511 0073 0F       		.uleb128 0xf
 1512 0074 00       		.byte	0
 1513 0075 0B       		.uleb128 0xb
 1514 0076 0B       		.uleb128 0xb
 1515 0077 49       		.uleb128 0x49
 1516 0078 13       		.uleb128 0x13
 1517 0079 00       		.byte	0
 1518 007a 00       		.byte	0
 1519 007b 0A       		.uleb128 0xa
 1520 007c 13       		.uleb128 0x13
 1521 007d 01       		.byte	0x1
 1522 007e 03       		.uleb128 0x3
 1523 007f 0E       		.uleb128 0xe
 1524 0080 0B       		.uleb128 0xb
 1525 0081 0B       		.uleb128 0xb
 1526 0082 3A       		.uleb128 0x3a
 1527 0083 0B       		.uleb128 0xb
 1528 0084 3B       		.uleb128 0x3b
 1529 0085 05       		.uleb128 0x5
 1530 0086 01       		.uleb128 0x1
 1531 0087 13       		.uleb128 0x13
 1532 0088 00       		.byte	0
 1533 0089 00       		.byte	0
 1534 008a 0B       		.uleb128 0xb
 1535 008b 15       		.uleb128 0x15
 1536 008c 01       		.byte	0x1
ARM GAS  /tmp/ccGID6fQ.s 			page 28


 1537 008d 27       		.uleb128 0x27
 1538 008e 19       		.uleb128 0x19
 1539 008f 01       		.uleb128 0x1
 1540 0090 13       		.uleb128 0x13
 1541 0091 00       		.byte	0
 1542 0092 00       		.byte	0
 1543 0093 0C       		.uleb128 0xc
 1544 0094 05       		.uleb128 0x5
 1545 0095 00       		.byte	0
 1546 0096 49       		.uleb128 0x49
 1547 0097 13       		.uleb128 0x13
 1548 0098 00       		.byte	0
 1549 0099 00       		.byte	0
 1550 009a 0D       		.uleb128 0xd
 1551 009b 0F       		.uleb128 0xf
 1552 009c 00       		.byte	0
 1553 009d 0B       		.uleb128 0xb
 1554 009e 0B       		.uleb128 0xb
 1555 009f 00       		.byte	0
 1556 00a0 00       		.byte	0
 1557 00a1 0E       		.uleb128 0xe
 1558 00a2 13       		.uleb128 0x13
 1559 00a3 01       		.byte	0x1
 1560 00a4 03       		.uleb128 0x3
 1561 00a5 0E       		.uleb128 0xe
 1562 00a6 0B       		.uleb128 0xb
 1563 00a7 05       		.uleb128 0x5
 1564 00a8 3A       		.uleb128 0x3a
 1565 00a9 0B       		.uleb128 0xb
 1566 00aa 3B       		.uleb128 0x3b
 1567 00ab 05       		.uleb128 0x5
 1568 00ac 01       		.uleb128 0x1
 1569 00ad 13       		.uleb128 0x13
 1570 00ae 00       		.byte	0
 1571 00af 00       		.byte	0
 1572 00b0 0F       		.uleb128 0xf
 1573 00b1 35       		.uleb128 0x35
 1574 00b2 00       		.byte	0
 1575 00b3 49       		.uleb128 0x49
 1576 00b4 13       		.uleb128 0x13
 1577 00b5 00       		.byte	0
 1578 00b6 00       		.byte	0
 1579 00b7 10       		.uleb128 0x10
 1580 00b8 13       		.uleb128 0x13
 1581 00b9 01       		.byte	0x1
 1582 00ba 0B       		.uleb128 0xb
 1583 00bb 0B       		.uleb128 0xb
 1584 00bc 3A       		.uleb128 0x3a
 1585 00bd 0B       		.uleb128 0xb
 1586 00be 3B       		.uleb128 0x3b
 1587 00bf 05       		.uleb128 0x5
 1588 00c0 01       		.uleb128 0x1
 1589 00c1 13       		.uleb128 0x13
 1590 00c2 00       		.byte	0
 1591 00c3 00       		.byte	0
 1592 00c4 11       		.uleb128 0x11
 1593 00c5 26       		.uleb128 0x26
ARM GAS  /tmp/ccGID6fQ.s 			page 29


 1594 00c6 00       		.byte	0
 1595 00c7 49       		.uleb128 0x49
 1596 00c8 13       		.uleb128 0x13
 1597 00c9 00       		.byte	0
 1598 00ca 00       		.byte	0
 1599 00cb 12       		.uleb128 0x12
 1600 00cc 01       		.uleb128 0x1
 1601 00cd 01       		.byte	0x1
 1602 00ce 49       		.uleb128 0x49
 1603 00cf 13       		.uleb128 0x13
 1604 00d0 01       		.uleb128 0x1
 1605 00d1 13       		.uleb128 0x13
 1606 00d2 00       		.byte	0
 1607 00d3 00       		.byte	0
 1608 00d4 13       		.uleb128 0x13
 1609 00d5 21       		.uleb128 0x21
 1610 00d6 00       		.byte	0
 1611 00d7 49       		.uleb128 0x49
 1612 00d8 13       		.uleb128 0x13
 1613 00d9 2F       		.uleb128 0x2f
 1614 00da 0B       		.uleb128 0xb
 1615 00db 00       		.byte	0
 1616 00dc 00       		.byte	0
 1617 00dd 14       		.uleb128 0x14
 1618 00de 16       		.uleb128 0x16
 1619 00df 00       		.byte	0
 1620 00e0 03       		.uleb128 0x3
 1621 00e1 0E       		.uleb128 0xe
 1622 00e2 3A       		.uleb128 0x3a
 1623 00e3 0B       		.uleb128 0xb
 1624 00e4 3B       		.uleb128 0x3b
 1625 00e5 05       		.uleb128 0x5
 1626 00e6 49       		.uleb128 0x49
 1627 00e7 13       		.uleb128 0x13
 1628 00e8 00       		.byte	0
 1629 00e9 00       		.byte	0
 1630 00ea 15       		.uleb128 0x15
 1631 00eb 0D       		.uleb128 0xd
 1632 00ec 00       		.byte	0
 1633 00ed 03       		.uleb128 0x3
 1634 00ee 08       		.uleb128 0x8
 1635 00ef 3A       		.uleb128 0x3a
 1636 00f0 0B       		.uleb128 0xb
 1637 00f1 3B       		.uleb128 0x3b
 1638 00f2 0B       		.uleb128 0xb
 1639 00f3 49       		.uleb128 0x49
 1640 00f4 13       		.uleb128 0x13
 1641 00f5 38       		.uleb128 0x38
 1642 00f6 0B       		.uleb128 0xb
 1643 00f7 00       		.byte	0
 1644 00f8 00       		.byte	0
 1645 00f9 16       		.uleb128 0x16
 1646 00fa 17       		.uleb128 0x17
 1647 00fb 01       		.byte	0x1
 1648 00fc 0B       		.uleb128 0xb
 1649 00fd 0B       		.uleb128 0xb
 1650 00fe 3A       		.uleb128 0x3a
ARM GAS  /tmp/ccGID6fQ.s 			page 30


 1651 00ff 0B       		.uleb128 0xb
 1652 0100 3B       		.uleb128 0x3b
 1653 0101 0B       		.uleb128 0xb
 1654 0102 01       		.uleb128 0x1
 1655 0103 13       		.uleb128 0x13
 1656 0104 00       		.byte	0
 1657 0105 00       		.byte	0
 1658 0106 17       		.uleb128 0x17
 1659 0107 0D       		.uleb128 0xd
 1660 0108 00       		.byte	0
 1661 0109 03       		.uleb128 0x3
 1662 010a 0E       		.uleb128 0xe
 1663 010b 3A       		.uleb128 0x3a
 1664 010c 0B       		.uleb128 0xb
 1665 010d 3B       		.uleb128 0x3b
 1666 010e 05       		.uleb128 0x5
 1667 010f 49       		.uleb128 0x49
 1668 0110 13       		.uleb128 0x13
 1669 0111 00       		.byte	0
 1670 0112 00       		.byte	0
 1671 0113 18       		.uleb128 0x18
 1672 0114 2E       		.uleb128 0x2e
 1673 0115 01       		.byte	0x1
 1674 0116 03       		.uleb128 0x3
 1675 0117 0E       		.uleb128 0xe
 1676 0118 3A       		.uleb128 0x3a
 1677 0119 0B       		.uleb128 0xb
 1678 011a 3B       		.uleb128 0x3b
 1679 011b 05       		.uleb128 0x5
 1680 011c 27       		.uleb128 0x27
 1681 011d 19       		.uleb128 0x19
 1682 011e 20       		.uleb128 0x20
 1683 011f 0B       		.uleb128 0xb
 1684 0120 01       		.uleb128 0x1
 1685 0121 13       		.uleb128 0x13
 1686 0122 00       		.byte	0
 1687 0123 00       		.byte	0
 1688 0124 19       		.uleb128 0x19
 1689 0125 05       		.uleb128 0x5
 1690 0126 00       		.byte	0
 1691 0127 03       		.uleb128 0x3
 1692 0128 0E       		.uleb128 0xe
 1693 0129 3A       		.uleb128 0x3a
 1694 012a 0B       		.uleb128 0xb
 1695 012b 3B       		.uleb128 0x3b
 1696 012c 05       		.uleb128 0x5
 1697 012d 49       		.uleb128 0x49
 1698 012e 13       		.uleb128 0x13
 1699 012f 00       		.byte	0
 1700 0130 00       		.byte	0
 1701 0131 1A       		.uleb128 0x1a
 1702 0132 2E       		.uleb128 0x2e
 1703 0133 00       		.byte	0
 1704 0134 03       		.uleb128 0x3
 1705 0135 0E       		.uleb128 0xe
 1706 0136 3A       		.uleb128 0x3a
 1707 0137 0B       		.uleb128 0xb
ARM GAS  /tmp/ccGID6fQ.s 			page 31


 1708 0138 3B       		.uleb128 0x3b
 1709 0139 05       		.uleb128 0x5
 1710 013a 27       		.uleb128 0x27
 1711 013b 19       		.uleb128 0x19
 1712 013c 20       		.uleb128 0x20
 1713 013d 0B       		.uleb128 0xb
 1714 013e 00       		.byte	0
 1715 013f 00       		.byte	0
 1716 0140 1B       		.uleb128 0x1b
 1717 0141 2E       		.uleb128 0x2e
 1718 0142 01       		.byte	0x1
 1719 0143 03       		.uleb128 0x3
 1720 0144 0E       		.uleb128 0xe
 1721 0145 3A       		.uleb128 0x3a
 1722 0146 0B       		.uleb128 0xb
 1723 0147 3B       		.uleb128 0x3b
 1724 0148 05       		.uleb128 0x5
 1725 0149 27       		.uleb128 0x27
 1726 014a 19       		.uleb128 0x19
 1727 014b 49       		.uleb128 0x49
 1728 014c 13       		.uleb128 0x13
 1729 014d 20       		.uleb128 0x20
 1730 014e 0B       		.uleb128 0xb
 1731 014f 01       		.uleb128 0x1
 1732 0150 13       		.uleb128 0x13
 1733 0151 00       		.byte	0
 1734 0152 00       		.byte	0
 1735 0153 1C       		.uleb128 0x1c
 1736 0154 34       		.uleb128 0x34
 1737 0155 00       		.byte	0
 1738 0156 03       		.uleb128 0x3
 1739 0157 0E       		.uleb128 0xe
 1740 0158 3A       		.uleb128 0x3a
 1741 0159 0B       		.uleb128 0xb
 1742 015a 3B       		.uleb128 0x3b
 1743 015b 05       		.uleb128 0x5
 1744 015c 49       		.uleb128 0x49
 1745 015d 13       		.uleb128 0x13
 1746 015e 00       		.byte	0
 1747 015f 00       		.byte	0
 1748 0160 1D       		.uleb128 0x1d
 1749 0161 2E       		.uleb128 0x2e
 1750 0162 01       		.byte	0x1
 1751 0163 3F       		.uleb128 0x3f
 1752 0164 19       		.uleb128 0x19
 1753 0165 03       		.uleb128 0x3
 1754 0166 0E       		.uleb128 0xe
 1755 0167 3A       		.uleb128 0x3a
 1756 0168 0B       		.uleb128 0xb
 1757 0169 3B       		.uleb128 0x3b
 1758 016a 0B       		.uleb128 0xb
 1759 016b 27       		.uleb128 0x27
 1760 016c 19       		.uleb128 0x19
 1761 016d 11       		.uleb128 0x11
 1762 016e 01       		.uleb128 0x1
 1763 016f 12       		.uleb128 0x12
 1764 0170 06       		.uleb128 0x6
ARM GAS  /tmp/ccGID6fQ.s 			page 32


 1765 0171 40       		.uleb128 0x40
 1766 0172 18       		.uleb128 0x18
 1767 0173 9742     		.uleb128 0x2117
 1768 0175 19       		.uleb128 0x19
 1769 0176 01       		.uleb128 0x1
 1770 0177 13       		.uleb128 0x13
 1771 0178 00       		.byte	0
 1772 0179 00       		.byte	0
 1773 017a 1E       		.uleb128 0x1e
 1774 017b 34       		.uleb128 0x34
 1775 017c 00       		.byte	0
 1776 017d 03       		.uleb128 0x3
 1777 017e 0E       		.uleb128 0xe
 1778 017f 3A       		.uleb128 0x3a
 1779 0180 0B       		.uleb128 0xb
 1780 0181 3B       		.uleb128 0x3b
 1781 0182 0B       		.uleb128 0xb
 1782 0183 49       		.uleb128 0x49
 1783 0184 13       		.uleb128 0x13
 1784 0185 02       		.uleb128 0x2
 1785 0186 17       		.uleb128 0x17
 1786 0187 00       		.byte	0
 1787 0188 00       		.byte	0
 1788 0189 1F       		.uleb128 0x1f
 1789 018a 1D       		.uleb128 0x1d
 1790 018b 01       		.byte	0x1
 1791 018c 31       		.uleb128 0x31
 1792 018d 13       		.uleb128 0x13
 1793 018e 11       		.uleb128 0x11
 1794 018f 01       		.uleb128 0x1
 1795 0190 12       		.uleb128 0x12
 1796 0191 06       		.uleb128 0x6
 1797 0192 58       		.uleb128 0x58
 1798 0193 0B       		.uleb128 0xb
 1799 0194 59       		.uleb128 0x59
 1800 0195 0B       		.uleb128 0xb
 1801 0196 01       		.uleb128 0x1
 1802 0197 13       		.uleb128 0x13
 1803 0198 00       		.byte	0
 1804 0199 00       		.byte	0
 1805 019a 20       		.uleb128 0x20
 1806 019b 0B       		.uleb128 0xb
 1807 019c 01       		.byte	0x1
 1808 019d 11       		.uleb128 0x11
 1809 019e 01       		.uleb128 0x1
 1810 019f 12       		.uleb128 0x12
 1811 01a0 06       		.uleb128 0x6
 1812 01a1 00       		.byte	0
 1813 01a2 00       		.byte	0
 1814 01a3 21       		.uleb128 0x21
 1815 01a4 34       		.uleb128 0x34
 1816 01a5 00       		.byte	0
 1817 01a6 31       		.uleb128 0x31
 1818 01a7 13       		.uleb128 0x13
 1819 01a8 02       		.uleb128 0x2
 1820 01a9 17       		.uleb128 0x17
 1821 01aa 00       		.byte	0
ARM GAS  /tmp/ccGID6fQ.s 			page 33


 1822 01ab 00       		.byte	0
 1823 01ac 22       		.uleb128 0x22
 1824 01ad 05       		.uleb128 0x5
 1825 01ae 00       		.byte	0
 1826 01af 31       		.uleb128 0x31
 1827 01b0 13       		.uleb128 0x13
 1828 01b1 02       		.uleb128 0x2
 1829 01b2 17       		.uleb128 0x17
 1830 01b3 00       		.byte	0
 1831 01b4 00       		.byte	0
 1832 01b5 23       		.uleb128 0x23
 1833 01b6 1D       		.uleb128 0x1d
 1834 01b7 01       		.byte	0x1
 1835 01b8 31       		.uleb128 0x31
 1836 01b9 13       		.uleb128 0x13
 1837 01ba 11       		.uleb128 0x11
 1838 01bb 01       		.uleb128 0x1
 1839 01bc 12       		.uleb128 0x12
 1840 01bd 06       		.uleb128 0x6
 1841 01be 58       		.uleb128 0x58
 1842 01bf 0B       		.uleb128 0xb
 1843 01c0 59       		.uleb128 0x59
 1844 01c1 0B       		.uleb128 0xb
 1845 01c2 00       		.byte	0
 1846 01c3 00       		.byte	0
 1847 01c4 24       		.uleb128 0x24
 1848 01c5 1D       		.uleb128 0x1d
 1849 01c6 01       		.byte	0x1
 1850 01c7 31       		.uleb128 0x31
 1851 01c8 13       		.uleb128 0x13
 1852 01c9 11       		.uleb128 0x11
 1853 01ca 01       		.uleb128 0x1
 1854 01cb 12       		.uleb128 0x12
 1855 01cc 06       		.uleb128 0x6
 1856 01cd 58       		.uleb128 0x58
 1857 01ce 0B       		.uleb128 0xb
 1858 01cf 59       		.uleb128 0x59
 1859 01d0 05       		.uleb128 0x5
 1860 01d1 00       		.byte	0
 1861 01d2 00       		.byte	0
 1862 01d3 25       		.uleb128 0x25
 1863 01d4 05       		.uleb128 0x5
 1864 01d5 00       		.byte	0
 1865 01d6 31       		.uleb128 0x31
 1866 01d7 13       		.uleb128 0x13
 1867 01d8 1C       		.uleb128 0x1c
 1868 01d9 0B       		.uleb128 0xb
 1869 01da 00       		.byte	0
 1870 01db 00       		.byte	0
 1871 01dc 26       		.uleb128 0x26
 1872 01dd 898201   		.uleb128 0x4109
 1873 01e0 00       		.byte	0
 1874 01e1 11       		.uleb128 0x11
 1875 01e2 01       		.uleb128 0x1
 1876 01e3 31       		.uleb128 0x31
 1877 01e4 13       		.uleb128 0x13
 1878 01e5 00       		.byte	0
ARM GAS  /tmp/ccGID6fQ.s 			page 34


 1879 01e6 00       		.byte	0
 1880 01e7 27       		.uleb128 0x27
 1881 01e8 34       		.uleb128 0x34
 1882 01e9 00       		.byte	0
 1883 01ea 03       		.uleb128 0x3
 1884 01eb 0E       		.uleb128 0xe
 1885 01ec 3A       		.uleb128 0x3a
 1886 01ed 0B       		.uleb128 0xb
 1887 01ee 3B       		.uleb128 0x3b
 1888 01ef 05       		.uleb128 0x5
 1889 01f0 49       		.uleb128 0x49
 1890 01f1 13       		.uleb128 0x13
 1891 01f2 3F       		.uleb128 0x3f
 1892 01f3 19       		.uleb128 0x19
 1893 01f4 3C       		.uleb128 0x3c
 1894 01f5 19       		.uleb128 0x19
 1895 01f6 00       		.byte	0
 1896 01f7 00       		.byte	0
 1897 01f8 28       		.uleb128 0x28
 1898 01f9 34       		.uleb128 0x34
 1899 01fa 00       		.byte	0
 1900 01fb 03       		.uleb128 0x3
 1901 01fc 08       		.uleb128 0x8
 1902 01fd 3A       		.uleb128 0x3a
 1903 01fe 0B       		.uleb128 0xb
 1904 01ff 3B       		.uleb128 0x3b
 1905 0200 05       		.uleb128 0x5
 1906 0201 49       		.uleb128 0x49
 1907 0202 13       		.uleb128 0x13
 1908 0203 3F       		.uleb128 0x3f
 1909 0204 19       		.uleb128 0x19
 1910 0205 3C       		.uleb128 0x3c
 1911 0206 19       		.uleb128 0x19
 1912 0207 00       		.byte	0
 1913 0208 00       		.byte	0
 1914 0209 29       		.uleb128 0x29
 1915 020a 2E       		.uleb128 0x2e
 1916 020b 00       		.byte	0
 1917 020c 3F       		.uleb128 0x3f
 1918 020d 19       		.uleb128 0x19
 1919 020e 03       		.uleb128 0x3
 1920 020f 0E       		.uleb128 0xe
 1921 0210 3A       		.uleb128 0x3a
 1922 0211 0B       		.uleb128 0xb
 1923 0212 3B       		.uleb128 0x3b
 1924 0213 05       		.uleb128 0x5
 1925 0214 27       		.uleb128 0x27
 1926 0215 19       		.uleb128 0x19
 1927 0216 49       		.uleb128 0x49
 1928 0217 13       		.uleb128 0x13
 1929 0218 3C       		.uleb128 0x3c
 1930 0219 19       		.uleb128 0x19
 1931 021a 00       		.byte	0
 1932 021b 00       		.byte	0
 1933 021c 00       		.byte	0
 1934              		.section	.debug_loc,"",%progbits
 1935              	.Ldebug_loc0:
ARM GAS  /tmp/ccGID6fQ.s 			page 35


 1936              	.LLST0:
 1937 0000 04000000 		.4byte	.LVL0
 1938 0004 06000000 		.4byte	.LVL1
 1939 0008 0300     		.2byte	0x3
 1940 000a 73       		.byte	0x73
 1941 000b 20       		.sleb128 32
 1942 000c 9F       		.byte	0x9f
 1943 000d 06000000 		.4byte	.LVL1
 1944 0011 0C000000 		.4byte	.LVL3
 1945 0015 0100     		.2byte	0x1
 1946 0017 53       		.byte	0x53
 1947 0018 00000000 		.4byte	0
 1948 001c 00000000 		.4byte	0
 1949              	.LLST1:
 1950 0020 04000000 		.4byte	.LVL0
 1951 0024 06000000 		.4byte	.LVL1
 1952 0028 0100     		.2byte	0x1
 1953 002a 53       		.byte	0x53
 1954 002b 06000000 		.4byte	.LVL1
 1955 002f 0C000000 		.4byte	.LVL3
 1956 0033 0300     		.2byte	0x3
 1957 0035 73       		.byte	0x73
 1958 0036 60       		.sleb128 -32
 1959 0037 9F       		.byte	0x9f
 1960 0038 00000000 		.4byte	0
 1961 003c 00000000 		.4byte	0
 1962              	.LLST3:
 1963 0040 10000000 		.4byte	.LVL5
 1964 0044 16000000 		.4byte	.LVL6
 1965 0048 0200     		.2byte	0x2
 1966 004a 30       		.byte	0x30
 1967 004b 9F       		.byte	0x9f
 1968 004c 00000000 		.4byte	0
 1969 0050 00000000 		.4byte	0
 1970              	.LLST4:
 1971 0054 1C000000 		.4byte	.LVL7
 1972 0058 28000000 		.4byte	.LVL9
 1973 005c 0300     		.2byte	0x3
 1974 005e 74       		.byte	0x74
 1975 005f 60       		.sleb128 -32
 1976 0060 9F       		.byte	0x9f
 1977 0061 28000000 		.4byte	.LVL9
 1978 0065 2F000000 		.4byte	.LVL10-1
 1979 0069 0100     		.2byte	0x1
 1980 006b 53       		.byte	0x53
 1981 006c 2F000000 		.4byte	.LVL10-1
 1982 0070 42000000 		.4byte	.LVL12
 1983 0074 0300     		.2byte	0x3
 1984 0076 74       		.byte	0x74
 1985 0077 60       		.sleb128 -32
 1986 0078 9F       		.byte	0x9f
 1987 0079 00000000 		.4byte	0
 1988 007d 00000000 		.4byte	0
 1989              	.LLST5:
 1990 0081 1C000000 		.4byte	.LVL7
 1991 0085 42000000 		.4byte	.LVL12
 1992 0089 0100     		.2byte	0x1
ARM GAS  /tmp/ccGID6fQ.s 			page 36


 1993 008b 54       		.byte	0x54
 1994 008c 00000000 		.4byte	0
 1995 0090 00000000 		.4byte	0
 1996              	.LLST6:
 1997 0094 24000000 		.4byte	.LVL8
 1998 0098 28000000 		.4byte	.LVL9
 1999 009c 0300     		.2byte	0x3
 2000 009e 74       		.byte	0x74
 2001 009f 60       		.sleb128 -32
 2002 00a0 9F       		.byte	0x9f
 2003 00a1 28000000 		.4byte	.LVL9
 2004 00a5 2F000000 		.4byte	.LVL10-1
 2005 00a9 0100     		.2byte	0x1
 2006 00ab 53       		.byte	0x53
 2007 00ac 2F000000 		.4byte	.LVL10-1
 2008 00b0 42000000 		.4byte	.LVL12
 2009 00b4 0300     		.2byte	0x3
 2010 00b6 74       		.byte	0x74
 2011 00b7 60       		.sleb128 -32
 2012 00b8 9F       		.byte	0x9f
 2013 00b9 00000000 		.4byte	0
 2014 00bd 00000000 		.4byte	0
 2015              		.section	.debug_aranges,"",%progbits
 2016 0000 24000000 		.4byte	0x24
 2017 0004 0200     		.2byte	0x2
 2018 0006 00000000 		.4byte	.Ldebug_info0
 2019 000a 04       		.byte	0x4
 2020 000b 00       		.byte	0
 2021 000c 0000     		.2byte	0
 2022 000e 0000     		.2byte	0
 2023 0010 00000000 		.4byte	.LFB230
 2024 0014 12000000 		.4byte	.LFE230-.LFB230
 2025 0018 00000000 		.4byte	.LFB231
 2026 001c 50000000 		.4byte	.LFE231-.LFB231
 2027 0020 00000000 		.4byte	0
 2028 0024 00000000 		.4byte	0
 2029              		.section	.debug_ranges,"",%progbits
 2030              	.Ldebug_ranges0:
 2031 0000 00000000 		.4byte	.LFB230
 2032 0004 12000000 		.4byte	.LFE230
 2033 0008 00000000 		.4byte	.LFB231
 2034 000c 50000000 		.4byte	.LFE231
 2035 0010 00000000 		.4byte	0
 2036 0014 00000000 		.4byte	0
 2037              		.section	.debug_line,"",%progbits
 2038              	.Ldebug_line0:
 2039 0000 87010000 		.section	.debug_str,"MS",%progbits,1
 2039      02001901 
 2039      00000201 
 2039      FB0E0D00 
 2039      01010101 
 2040              	.LASF42:
 2041 0000 63685F74 		.ascii	"ch_threads_list\000"
 2041      68726561 
 2041      64735F6C 
 2041      69737400 
 2042              	.LASF43:
ARM GAS  /tmp/ccGID6fQ.s 			page 37


 2043 0010 74687265 		.ascii	"threads_queue_t\000"
 2043      6164735F 
 2043      71756575 
 2043      655F7400 
 2044              	.LASF32:
 2045 0020 705F7761 		.ascii	"p_waiting\000"
 2045      6974696E 
 2045      6700
 2046              	.LASF88:
 2047 002a 43504143 		.ascii	"CPACR\000"
 2047      5200
 2048              	.LASF102:
 2049 0030 77746D74 		.ascii	"wtmtxp\000"
 2049      787000
 2050              	.LASF111:
 2051 0037 63686172 		.ascii	"char\000"
 2051      00
 2052              	.LASF90:
 2053 003c 72656761 		.ascii	"regarm_t\000"
 2053      726D5F74 
 2053      00
 2054              	.LASF23:
 2055 0045 705F7072 		.ascii	"p_prio\000"
 2055      696F00
 2056              	.LASF19:
 2057 004c 73797374 		.ascii	"systime_t\000"
 2057      696D655F 
 2057      7400
 2058              	.LASF109:
 2059 0056 6D5F6F77 		.ascii	"m_owner\000"
 2059      6E657200 
 2060              	.LASF105:
 2061 005e 735F7175 		.ascii	"s_queue\000"
 2061      65756500 
 2062              	.LASF63:
 2063 0066 76745F73 		.ascii	"vt_systime\000"
 2063      79737469 
 2063      6D6500
 2064              	.LASF33:
 2065 0071 705F6D73 		.ascii	"p_msgqueue\000"
 2065      67717565 
 2065      756500
 2066              	.LASF0:
 2067 007c 756E7369 		.ascii	"unsigned int\000"
 2067      676E6564 
 2067      20696E74 
 2067      00
 2068              	.LASF40:
 2069 0089 74687265 		.ascii	"threads_list_t\000"
 2069      6164735F 
 2069      6C697374 
 2069      5F7400
 2070              	.LASF81:
 2071 0098 44465352 		.ascii	"DFSR\000"
 2071      00
 2072              	.LASF99:
 2073 009d 77746F62 		.ascii	"wtobjp\000"
ARM GAS  /tmp/ccGID6fQ.s 			page 38


 2073      6A7000
 2074              	.LASF113:
 2075 00a4 706F7274 		.ascii	"port_lock\000"
 2075      5F6C6F63 
 2075      6B00
 2076              	.LASF70:
 2077 00ae 76746C69 		.ascii	"vtlist\000"
 2077      737400
 2078              	.LASF120:
 2079 00b5 706F7274 		.ascii	"port_lock_from_isr\000"
 2079      5F6C6F63 
 2079      6B5F6672 
 2079      6F6D5F69 
 2079      737200
 2080              	.LASF46:
 2081 00c8 63685F72 		.ascii	"ch_ready_list\000"
 2081      65616479 
 2081      5F6C6973 
 2081      7400
 2082              	.LASF72:
 2083 00d6 69646C65 		.ascii	"idle_thread_wa\000"
 2083      5F746872 
 2083      6561645F 
 2083      776100
 2084              	.LASF103:
 2085 00e5 65776D61 		.ascii	"ewmask\000"
 2085      736B00
 2086              	.LASF44:
 2087 00ec 63685F74 		.ascii	"ch_threads_queue\000"
 2087      68726561 
 2087      64735F71 
 2087      75657565 
 2087      00
 2088              	.LASF53:
 2089 00fd 76746675 		.ascii	"vtfunc_t\000"
 2089      6E635F74 
 2089      00
 2090              	.LASF106:
 2091 0106 735F636E 		.ascii	"s_cnt\000"
 2091      7400
 2092              	.LASF65:
 2093 010c 63685F73 		.ascii	"ch_system_debug\000"
 2093      79737465 
 2093      6D5F6465 
 2093      62756700 
 2094              	.LASF8:
 2095 011c 75696E74 		.ascii	"uint32_t\000"
 2095      33325F74 
 2095      00
 2096              	.LASF85:
 2097 0125 4D4D4652 		.ascii	"MMFR\000"
 2097      00
 2098              	.LASF17:
 2099 012a 6576656E 		.ascii	"eventmask_t\000"
 2099      746D6173 
 2099      6B5F7400 
 2100              	.LASF48:
ARM GAS  /tmp/ccGID6fQ.s 			page 39


 2101 0136 725F7072 		.ascii	"r_prio\000"
 2101      696F00
 2102              	.LASF60:
 2103 013d 76745F70 		.ascii	"vt_par\000"
 2103      617200
 2104              	.LASF104:
 2105 0144 63685F73 		.ascii	"ch_semaphore\000"
 2105      656D6170 
 2105      686F7265 
 2105      00
 2106              	.LASF15:
 2107 0151 74707269 		.ascii	"tprio_t\000"
 2107      6F5F7400 
 2108              	.LASF55:
 2109 0159 63685F76 		.ascii	"ch_virtual_timer\000"
 2109      69727475 
 2109      616C5F74 
 2109      696D6572 
 2109      00
 2110              	.LASF130:
 2111 016a 72657375 		.ascii	"result\000"
 2111      6C7400
 2112              	.LASF10:
 2113 0171 6C6F6E67 		.ascii	"long long unsigned int\000"
 2113      206C6F6E 
 2113      6720756E 
 2113      7369676E 
 2113      65642069 
 2114              	.LASF126:
 2115 0188 474E5520 		.ascii	"GNU C 4.9.2 -mcpu=cortex-m4 -mfloat-abi=soft -mfp16"
 2115      4320342E 
 2115      392E3220 
 2115      2D6D6370 
 2115      753D636F 
 2116 01bb 2D666F72 		.ascii	"-format=none -mno-thumb-interwork -mthumb -mfpu=vfp"
 2116      6D61743D 
 2116      6E6F6E65 
 2116      202D6D6E 
 2116      6F2D7468 
 2117 01ee 76332D64 		.ascii	"v3-d16 -mtls-dialect=gnu -ggdb -O2 -fomit-frame-poi"
 2117      3136202D 
 2117      6D746C73 
 2117      2D646961 
 2117      6C656374 
 2118 0221 6E746572 		.ascii	"nter -falign-functions=16 -ffunction-sections -fdat"
 2118      202D6661 
 2118      6C69676E 
 2118      2D66756E 
 2118      6374696F 
 2119 0254 612D7365 		.ascii	"a-sections -fno-common\000"
 2119      6374696F 
 2119      6E73202D 
 2119      666E6F2D 
 2119      636F6D6D 
 2120              	.LASF131:
 2121 026b 63685363 		.ascii	"chSchIsPreemptionRequired\000"
 2121      68497350 
ARM GAS  /tmp/ccGID6fQ.s 			page 40


 2121      7265656D 
 2121      7074696F 
 2121      6E526571 
 2122              	.LASF18:
 2123 0285 636E745F 		.ascii	"cnt_t\000"
 2123      7400
 2124              	.LASF25:
 2125 028b 705F6E65 		.ascii	"p_newer\000"
 2125      77657200 
 2126              	.LASF117:
 2127 0293 76616C75 		.ascii	"value\000"
 2127      6500
 2128              	.LASF62:
 2129 0299 63685F76 		.ascii	"ch_virtual_timers_list\000"
 2129      69727475 
 2129      616C5F74 
 2129      696D6572 
 2129      735F6C69 
 2130              	.LASF20:
 2131 02b0 74687265 		.ascii	"thread_t\000"
 2131      61645F74 
 2131      00
 2132              	.LASF97:
 2133 02b9 7264796D 		.ascii	"rdymsg\000"
 2133      736700
 2134              	.LASF74:
 2135 02c0 43505549 		.ascii	"CPUID\000"
 2135      4400
 2136              	.LASF125:
 2137 02c6 5F426F6F 		.ascii	"_Bool\000"
 2137      6C00
 2138              	.LASF118:
 2139 02cc 746F704F 		.ascii	"topOfProcStack\000"
 2139      6650726F 
 2139      63537461 
 2139      636B00
 2140              	.LASF107:
 2141 02db 63685F6D 		.ascii	"ch_mutex\000"
 2141      75746578 
 2141      00
 2142              	.LASF84:
 2143 02e4 41465352 		.ascii	"AFSR\000"
 2143      00
 2144              	.LASF121:
 2145 02e9 5356435F 		.ascii	"SVC_Handler\000"
 2145      48616E64 
 2145      6C657200 
 2146              	.LASF27:
 2147 02f5 705F6E61 		.ascii	"p_name\000"
 2147      6D6500
 2148              	.LASF80:
 2149 02fc 48465352 		.ascii	"HFSR\000"
 2149      00
 2150              	.LASF58:
 2151 0301 76745F64 		.ascii	"vt_delta\000"
 2151      656C7461 
 2151      00
ARM GAS  /tmp/ccGID6fQ.s 			page 41


 2152              	.LASF39:
 2153 030a 74687265 		.ascii	"thread_reference_t\000"
 2153      61645F72 
 2153      65666572 
 2153      656E6365 
 2153      5F7400
 2154              	.LASF75:
 2155 031d 49435352 		.ascii	"ICSR\000"
 2155      00
 2156              	.LASF12:
 2157 0322 74737461 		.ascii	"tstate_t\000"
 2157      74655F74 
 2157      00
 2158              	.LASF77:
 2159 032b 41495243 		.ascii	"AIRCR\000"
 2159      5200
 2160              	.LASF26:
 2161 0331 705F6F6C 		.ascii	"p_older\000"
 2161      64657200 
 2162              	.LASF28:
 2163 0339 705F7374 		.ascii	"p_state\000"
 2163      61746500 
 2164              	.LASF5:
 2165 0341 75696E74 		.ascii	"uint8_t\000"
 2165      385F7400 
 2166              	.LASF38:
 2167 0349 705F6D70 		.ascii	"p_mpool\000"
 2167      6F6F6C00 
 2168              	.LASF36:
 2169 0351 705F6D74 		.ascii	"p_mtxlist\000"
 2169      786C6973 
 2169      7400
 2170              	.LASF41:
 2171 035b 63685F74 		.ascii	"ch_thread\000"
 2171      68726561 
 2171      6400
 2172              	.LASF64:
 2173 0365 73797374 		.ascii	"system_debug_t\000"
 2173      656D5F64 
 2173      65627567 
 2173      5F7400
 2174              	.LASF3:
 2175 0374 6C6F6E67 		.ascii	"long long int\000"
 2175      206C6F6E 
 2175      6720696E 
 2175      7400
 2176              	.LASF47:
 2177 0382 725F7175 		.ascii	"r_queue\000"
 2177      65756500 
 2178              	.LASF50:
 2179 038a 725F6E65 		.ascii	"r_newer\000"
 2179      77657200 
 2180              	.LASF16:
 2181 0392 6D73675F 		.ascii	"msg_t\000"
 2181      7400
 2182              	.LASF79:
 2183 0398 43465352 		.ascii	"CFSR\000"
ARM GAS  /tmp/ccGID6fQ.s 			page 42


 2183      00
 2184              	.LASF92:
 2185 039d 636F6E74 		.ascii	"context\000"
 2185      65787400 
 2186              	.LASF29:
 2187 03a5 705F666C 		.ascii	"p_flags\000"
 2187      61677300 
 2188              	.LASF54:
 2189 03ad 76697274 		.ascii	"virtual_timer_t\000"
 2189      75616C5F 
 2189      74696D65 
 2189      725F7400 
 2190              	.LASF14:
 2191 03bd 74736C69 		.ascii	"tslices_t\000"
 2191      6365735F 
 2191      7400
 2192              	.LASF51:
 2193 03c7 725F6F6C 		.ascii	"r_older\000"
 2193      64657200 
 2194              	.LASF128:
 2195 03cf 2F686F6D 		.ascii	"/home/bunnie/code/chibios-netvcr/netvcr\000"
 2195      652F6275 
 2195      6E6E6965 
 2195      2F636F64 
 2195      652F6368 
 2196              	.LASF66:
 2197 03f7 70616E69 		.ascii	"panic_msg\000"
 2197      635F6D73 
 2197      6700
 2198              	.LASF34:
 2199 0401 705F6D73 		.ascii	"p_msg\000"
 2199      6700
 2200              	.LASF11:
 2201 0407 746D6F64 		.ascii	"tmode_t\000"
 2201      655F7400 
 2202              	.LASF71:
 2203 040f 6D61696E 		.ascii	"mainthread\000"
 2203      74687265 
 2203      616400
 2204              	.LASF82:
 2205 041a 4D4D4641 		.ascii	"MMFAR\000"
 2205      5200
 2206              	.LASF6:
 2207 0420 756E7369 		.ascii	"unsigned char\000"
 2207      676E6564 
 2207      20636861 
 2207      7200
 2208              	.LASF116:
 2209 042e 5F5F7365 		.ascii	"__set_PSP\000"
 2209      745F5053 
 2209      5000
 2210              	.LASF37:
 2211 0438 705F7265 		.ascii	"p_realprio\000"
 2211      616C7072 
 2211      696F00
 2212              	.LASF78:
 2213 0443 53484353 		.ascii	"SHCSR\000"
ARM GAS  /tmp/ccGID6fQ.s 			page 43


 2213      5200
 2214              	.LASF2:
 2215 0449 73686F72 		.ascii	"short int\000"
 2215      7420696E 
 2215      7400
 2216              	.LASF52:
 2217 0453 725F6375 		.ascii	"r_current\000"
 2217      7272656E 
 2217      7400
 2218              	.LASF123:
 2219 045d 63747870 		.ascii	"ctxp\000"
 2219      00
 2220              	.LASF35:
 2221 0462 705F6570 		.ascii	"p_epending\000"
 2221      656E6469 
 2221      6E6700
 2222              	.LASF108:
 2223 046d 6D5F7175 		.ascii	"m_queue\000"
 2223      65756500 
 2224              	.LASF93:
 2225 0475 706F7274 		.ascii	"port_intctx\000"
 2225      5F696E74 
 2225      63747800 
 2226              	.LASF124:
 2227 0481 49544D5F 		.ascii	"ITM_RxBuffer\000"
 2227      52784275 
 2227      66666572 
 2227      00
 2228              	.LASF68:
 2229 048e 63685F73 		.ascii	"ch_system\000"
 2229      79737465 
 2229      6D00
 2230              	.LASF115:
 2231 0498 5F5F7365 		.ascii	"__set_BASEPRI\000"
 2231      745F4241 
 2231      53455052 
 2231      4900
 2232              	.LASF21:
 2233 04a6 705F6E65 		.ascii	"p_next\000"
 2233      787400
 2234              	.LASF9:
 2235 04ad 75696E74 		.ascii	"uint64_t\000"
 2235      36345F74 
 2235      00
 2236              	.LASF24:
 2237 04b6 705F6374 		.ascii	"p_ctx\000"
 2237      7800
 2238              	.LASF69:
 2239 04bc 726C6973 		.ascii	"rlist\000"
 2239      7400
 2240              	.LASF94:
 2241 04c2 706F7274 		.ascii	"port_extctx\000"
 2241      5F657874 
 2241      63747800 
 2242              	.LASF89:
 2243 04ce 5343425F 		.ascii	"SCB_Type\000"
 2243      54797065 
ARM GAS  /tmp/ccGID6fQ.s 			page 44


 2243      00
 2244              	.LASF83:
 2245 04d7 42464152 		.ascii	"BFAR\000"
 2245      00
 2246              	.LASF76:
 2247 04dc 56544F52 		.ascii	"VTOR\000"
 2247      00
 2248              	.LASF96:
 2249 04e1 78707372 		.ascii	"xpsr\000"
 2249      00
 2250              	.LASF22:
 2251 04e6 705F7072 		.ascii	"p_prev\000"
 2251      657600
 2252              	.LASF73:
 2253 04ed 73697A65 		.ascii	"sizetype\000"
 2253      74797065 
 2253      00
 2254              	.LASF13:
 2255 04f6 74726566 		.ascii	"trefs_t\000"
 2255      735F7400 
 2256              	.LASF45:
 2257 04fe 72656164 		.ascii	"ready_list_t\000"
 2257      795F6C69 
 2257      73745F74 
 2257      00
 2258              	.LASF4:
 2259 050b 696E7433 		.ascii	"int32_t\000"
 2259      325F7400 
 2260              	.LASF112:
 2261 0513 6D757465 		.ascii	"mutex_t\000"
 2261      785F7400 
 2262              	.LASF119:
 2263 051b 706F7274 		.ascii	"port_unlock_from_isr\000"
 2263      5F756E6C 
 2263      6F636B5F 
 2263      66726F6D 
 2263      5F697372 
 2264              	.LASF127:
 2265 0530 2E2E2F6F 		.ascii	"../os/rt/ports/ARMCMx/chcore_v7m.c\000"
 2265      732F7274 
 2265      2F706F72 
 2265      74732F41 
 2265      524D434D 
 2266              	.LASF61:
 2267 0553 76697274 		.ascii	"virtual_timers_list_t\000"
 2267      75616C5F 
 2267      74696D65 
 2267      72735F6C 
 2267      6973745F 
 2268              	.LASF30:
 2269 0569 705F7265 		.ascii	"p_refs\000"
 2269      667300
 2270              	.LASF122:
 2271 0570 5F706F72 		.ascii	"_port_irq_epilogue\000"
 2271      745F6972 
 2271      715F6570 
 2271      696C6F67 
ARM GAS  /tmp/ccGID6fQ.s 			page 45


 2271      756500
 2272              	.LASF31:
 2273 0583 705F7072 		.ascii	"p_preempt\000"
 2273      65656D70 
 2273      7400
 2274              	.LASF95:
 2275 058d 6C725F74 		.ascii	"lr_thd\000"
 2275      686400
 2276              	.LASF56:
 2277 0594 76745F6E 		.ascii	"vt_next\000"
 2277      65787400 
 2278              	.LASF67:
 2279 059c 63685F73 		.ascii	"ch_system_t\000"
 2279      79737465 
 2279      6D5F7400 
 2280              	.LASF101:
 2281 05a8 77747365 		.ascii	"wtsemp\000"
 2281      6D7000
 2282              	.LASF100:
 2283 05af 77747472 		.ascii	"wttrp\000"
 2283      7000
 2284              	.LASF110:
 2285 05b5 6D5F6E65 		.ascii	"m_next\000"
 2285      787400
 2286              	.LASF1:
 2287 05bc 7369676E 		.ascii	"signed char\000"
 2287      65642063 
 2287      68617200 
 2288              	.LASF7:
 2289 05c8 73686F72 		.ascii	"short unsigned int\000"
 2289      7420756E 
 2289      7369676E 
 2289      65642069 
 2289      6E7400
 2290              	.LASF49:
 2291 05db 725F6374 		.ascii	"r_ctx\000"
 2291      7800
 2292              	.LASF91:
 2293 05e1 73746B61 		.ascii	"stkalign_t\000"
 2293      6C69676E 
 2293      5F7400
 2294              	.LASF59:
 2295 05ec 76745F66 		.ascii	"vt_func\000"
 2295      756E6300 
 2296              	.LASF114:
 2297 05f4 706F7274 		.ascii	"port_unlock\000"
 2297      5F756E6C 
 2297      6F636B00 
 2298              	.LASF57:
 2299 0600 76745F70 		.ascii	"vt_prev\000"
 2299      72657600 
 2300              	.LASF87:
 2301 0608 52455345 		.ascii	"RESERVED0\000"
 2301      52564544 
 2301      3000
 2302              	.LASF86:
 2303 0612 49534152 		.ascii	"ISAR\000"
ARM GAS  /tmp/ccGID6fQ.s 			page 46


 2303      00
 2304              	.LASF98:
 2305 0617 65786974 		.ascii	"exitcode\000"
 2305      636F6465 
 2305      00
 2306              	.LASF129:
 2307 0620 5F5F6765 		.ascii	"__get_PSP\000"
 2307      745F5053 
 2307      5000
 2308              		.ident	"GCC: (Debian 4.9.2-10) 4.9.2"
 2309              		.section	.note.GNU-stack,"",%progbits
ARM GAS  /tmp/ccGID6fQ.s 			page 47


DEFINED SYMBOLS
                            *ABS*:00000000 chcore_v7m.c
     /tmp/ccGID6fQ.s:19     .text.SVC_Handler:00000000 $t
     /tmp/ccGID6fQ.s:25     .text.SVC_Handler:00000000 SVC_Handler
     /tmp/ccGID6fQ.s:82     .text._port_irq_epilogue:00000000 $t
     /tmp/ccGID6fQ.s:88     .text._port_irq_epilogue:00000000 _port_irq_epilogue
     /tmp/ccGID6fQ.s:187    .text._port_irq_epilogue:00000044 $d
                     .debug_frame:00000010 $d

UNDEFINED SYMBOLS
chSchIsPreemptionRequired
_port_switch_from_isr
_port_exit_from_isr
