ARM GAS  /tmp/ccghocq8.s 			page 1


   1              		.syntax unified
   2              		.cpu cortex-m4
   3              		.fpu softvfp
   4              		.eabi_attribute 20, 1
   5              		.eabi_attribute 21, 1
   6              		.eabi_attribute 23, 3
   7              		.eabi_attribute 24, 1
   8              		.eabi_attribute 25, 1
   9              		.eabi_attribute 26, 2
  10              		.eabi_attribute 30, 2
  11              		.eabi_attribute 34, 1
  12              		.eabi_attribute 18, 4
  13              		.thumb
  14              		.file	"chmemcore.c"
  15              		.text
  16              	.Ltext0:
  17              		.cfi_sections	.debug_frame
  18              		.section	.text._core_init,"ax",%progbits
  19              		.align	2
  20              		.p2align 4,,15
  21              		.global	_core_init
  22              		.thumb
  23              		.thumb_func
  24              		.type	_core_init, %function
  25              	_core_init:
  26              	.LFB230:
  27              		.file 1 "../os/rt/src/chmemcore.c"
  28              		.loc 1 78 0
  29              		.cfi_startproc
  30              		@ args = 0, pretend = 0, frame = 0
  31              		@ frame_needed = 0, uses_anonymous_args = 0
  32              		@ link register save eliminated.
  33              		.loc 1 84 0
  34 0000 054A     		ldr	r2, .L2
  35              		.loc 1 85 0
  36 0002 064B     		ldr	r3, .L2+4
  37              		.loc 1 84 0
  38 0004 0648     		ldr	r0, .L2+8
  39              		.loc 1 85 0
  40 0006 0749     		ldr	r1, .L2+12
  41              		.loc 1 84 0
  42 0008 22F00702 		bic	r2, r2, #7
  43              		.loc 1 85 0
  44 000c 23F00703 		bic	r3, r3, #7
  45              		.loc 1 84 0
  46 0010 0260     		str	r2, [r0]
  47              		.loc 1 85 0
  48 0012 0B60     		str	r3, [r1]
  49 0014 7047     		bx	lr
  50              	.L3:
  51 0016 00BF     		.align	2
  52              	.L2:
  53 0018 07000000 		.word	__heap_base__+7
  54 001c 00000000 		.word	__heap_end__
  55 0020 00000000 		.word	.LANCHOR0
  56 0024 00000000 		.word	.LANCHOR1
  57              		.cfi_endproc
ARM GAS  /tmp/ccghocq8.s 			page 2


  58              	.LFE230:
  59              		.size	_core_init, .-_core_init
  60 0028 AFF30080 		.section	.text.chCoreAlloc,"ax",%progbits
  60      AFF30080 
  61              		.align	2
  62              		.p2align 4,,15
  63              		.global	chCoreAlloc
  64              		.thumb
  65              		.thumb_func
  66              		.type	chCoreAlloc, %function
  67              	chCoreAlloc:
  68              	.LFB231:
  69              		.loc 1 109 0
  70              		.cfi_startproc
  71              		@ args = 0, pretend = 0, frame = 0
  72              		@ frame_needed = 0, uses_anonymous_args = 0
  73              		@ link register save eliminated.
  74              	.LVL0:
  75 0000 10B4     		push	{r4}
  76              		.cfi_def_cfa_offset 4
  77              		.cfi_offset 4, -4
  78              	.LBB26:
  79              	.LBB27:
  80              	.LBB28:
  81              	.LBB29:
  82              		.file 2 "../os/ext/CMSIS/include/core_cmFunc.h"
  83              		.loc 2 548 0
  84 0002 2023     		movs	r3, #32
  85              	#APP
  86              	@ 548 "../os/ext/CMSIS/include/core_cmFunc.h" 1
  87 0004 83F31188 		MSR basepri, r3
  88              	@ 0 "" 2
  89              	.LVL1:
  90              		.thumb
  91              	.LBE29:
  92              	.LBE28:
  93              	.LBE27:
  94              	.LBE26:
  95              	.LBB30:
  96              	.LBB31:
  97              		.loc 1 138 0
  98 0008 094C     		ldr	r4, .L8
  99 000a 0A4B     		ldr	r3, .L8+4
 100 000c 2268     		ldr	r2, [r4]
 101 000e 1968     		ldr	r1, [r3]
 102              		.loc 1 136 0
 103 0010 C31D     		adds	r3, r0, #7
 104 0012 23F00703 		bic	r3, r3, #7
 105              	.LVL2:
 106              		.loc 1 138 0
 107 0016 891A     		subs	r1, r1, r2
 108 0018 8B42     		cmp	r3, r1
 109              	.LVL3:
 110              		.loc 1 143 0
 111 001a 9DBF     		ittte	ls
 112 001c 9B18     		addls	r3, r3, r2
 113              	.LVL4:
ARM GAS  /tmp/ccghocq8.s 			page 3


 114 001e 2360     		strls	r3, [r4]
 115              		.loc 1 145 0
 116 0020 1046     		movls	r0, r2
 117              	.LVL5:
 118              		.loc 1 140 0
 119 0022 0020     		movhi	r0, #0
 120              	.LVL6:
 121              	.LBE31:
 122              	.LBE30:
 123              	.LBB32:
 124              	.LBB33:
 125              	.LBB34:
 126              	.LBB35:
 127              	.LBB36:
 128              		.loc 2 548 0
 129 0024 0023     		movs	r3, #0
 130              	#APP
 131              	@ 548 "../os/ext/CMSIS/include/core_cmFunc.h" 1
 132 0026 83F31188 		MSR basepri, r3
 133              	@ 0 "" 2
 134              		.thumb
 135              	.LBE36:
 136              	.LBE35:
 137              	.LBE34:
 138              	.LBE33:
 139              	.LBE32:
 140              		.loc 1 117 0
 141 002a 5DF8044B 		ldr	r4, [sp], #4
 142              		.cfi_restore 4
 143              		.cfi_def_cfa_offset 0
 144 002e 7047     		bx	lr
 145              	.L9:
 146              		.align	2
 147              	.L8:
 148 0030 00000000 		.word	.LANCHOR0
 149 0034 00000000 		.word	.LANCHOR1
 150              		.cfi_endproc
 151              	.LFE231:
 152              		.size	chCoreAlloc, .-chCoreAlloc
 153 0038 AFF30080 		.section	.text.chCoreAllocI,"ax",%progbits
 153      AFF30080 
 154              		.align	2
 155              		.p2align 4,,15
 156              		.global	chCoreAllocI
 157              		.thumb
 158              		.thumb_func
 159              		.type	chCoreAllocI, %function
 160              	chCoreAllocI:
 161              	.LFB232:
 162              		.loc 1 131 0
 163              		.cfi_startproc
 164              		@ args = 0, pretend = 0, frame = 0
 165              		@ frame_needed = 0, uses_anonymous_args = 0
 166              		@ link register save eliminated.
 167              	.LVL7:
 168 0000 10B4     		push	{r4}
 169              		.cfi_def_cfa_offset 4
ARM GAS  /tmp/ccghocq8.s 			page 4


 170              		.cfi_offset 4, -4
 171              		.loc 1 138 0
 172 0002 084B     		ldr	r3, .L14
 173 0004 084C     		ldr	r4, .L14+4
 174 0006 1968     		ldr	r1, [r3]
 175 0008 2268     		ldr	r2, [r4]
 176              		.loc 1 136 0
 177 000a 0730     		adds	r0, r0, #7
 178              	.LVL8:
 179 000c 20F00703 		bic	r3, r0, #7
 180              	.LVL9:
 181              		.loc 1 138 0
 182 0010 891A     		subs	r1, r1, r2
 183 0012 8B42     		cmp	r3, r1
 184              	.LVL10:
 185              		.loc 1 143 0
 186 0014 9DBF     		ittte	ls
 187 0016 9B18     		addls	r3, r3, r2
 188              	.LVL11:
 189 0018 2360     		strls	r3, [r4]
 190              		.loc 1 145 0
 191 001a 1046     		movls	r0, r2
 192              	.LVL12:
 193              		.loc 1 140 0
 194 001c 0020     		movhi	r0, #0
 195              		.loc 1 146 0
 196 001e 5DF8044B 		ldr	r4, [sp], #4
 197              		.cfi_restore 4
 198              		.cfi_def_cfa_offset 0
 199 0022 7047     		bx	lr
 200              	.L15:
 201              		.align	2
 202              	.L14:
 203 0024 00000000 		.word	.LANCHOR1
 204 0028 00000000 		.word	.LANCHOR0
 205              		.cfi_endproc
 206              	.LFE232:
 207              		.size	chCoreAllocI, .-chCoreAllocI
 208 002c AFF30080 		.section	.text.chCoreGetStatusX,"ax",%progbits
 209              		.align	2
 210              		.p2align 4,,15
 211              		.global	chCoreGetStatusX
 212              		.thumb
 213              		.thumb_func
 214              		.type	chCoreGetStatusX, %function
 215              	chCoreGetStatusX:
 216              	.LFB233:
 217              		.loc 1 155 0
 218              		.cfi_startproc
 219              		@ args = 0, pretend = 0, frame = 0
 220              		@ frame_needed = 0, uses_anonymous_args = 0
 221              		@ link register save eliminated.
 222              		.loc 1 158 0
 223 0000 024A     		ldr	r2, .L17
 224 0002 034B     		ldr	r3, .L17+4
 225 0004 1068     		ldr	r0, [r2]
 226 0006 1B68     		ldr	r3, [r3]
ARM GAS  /tmp/ccghocq8.s 			page 5


 227              		.loc 1 160 0
 228 0008 C01A     		subs	r0, r0, r3
 229 000a 7047     		bx	lr
 230              	.L18:
 231              		.align	2
 232              	.L17:
 233 000c 00000000 		.word	.LANCHOR1
 234 0010 00000000 		.word	.LANCHOR0
 235              		.cfi_endproc
 236              	.LFE233:
 237              		.size	chCoreGetStatusX, .-chCoreGetStatusX
 238 0014 AFF30080 		.section	.bss.endmem,"aw",%nobits
 238      AFF30080 
 238      AFF30080 
 239              		.align	2
 240              	.LANCHOR1 = . + 0
 241              		.type	endmem, %object
 242              		.size	endmem, 4
 243              	endmem:
 244 0000 00000000 		.space	4
 245              		.section	.bss.nextmem,"aw",%nobits
 246              		.align	2
 247              	.LANCHOR0 = . + 0
 248              		.type	nextmem, %object
 249              		.size	nextmem, 4
 250              	nextmem:
 251 0000 00000000 		.space	4
 252              		.text
 253              	.Letext0:
 254              		.file 3 "/usr/lib/gcc/arm-linux-gnueabihf/4.9/include/stddef.h"
 255              		.file 4 "/usr/include/stdint.h"
 256              		.file 5 "../os/rt/ports/ARMCMx/compilers/GCC/chtypes.h"
 257              		.file 6 "../os/rt/include/chsystypes.h"
 258              		.file 7 "../os/rt/include/chschd.h"
 259              		.file 8 "../os/rt/ports/ARMCMx/chcore.h"
 260              		.file 9 "../os/rt/ports/ARMCMx/chcore_v7m.h"
 261              		.file 10 "../os/rt/include/chsem.h"
 262              		.file 11 "../os/rt/include/chmtx.h"
 263              		.file 12 "../os/rt/include/chsys.h"
 264              		.file 13 "../os/ext/CMSIS/include/core_cm4.h"
 265              		.section	.debug_info,"",%progbits
 266              	.Ldebug_info0:
 267 0000 00080000 		.4byte	0x800
 268 0004 0400     		.2byte	0x4
 269 0006 00000000 		.4byte	.Ldebug_abbrev0
 270 000a 04       		.byte	0x4
 271 000b 01       		.uleb128 0x1
 272 000c 6F010000 		.4byte	.LASF108
 273 0010 01       		.byte	0x1
 274 0011 DC020000 		.4byte	.LASF109
 275 0015 BB030000 		.4byte	.LASF110
 276 0019 00000000 		.4byte	.Ldebug_ranges0+0
 277 001d 00000000 		.4byte	0
 278 0021 00000000 		.4byte	.Ldebug_line0
 279 0025 02       		.uleb128 0x2
 280 0026 04       		.byte	0x4
 281 0027 05       		.byte	0x5
ARM GAS  /tmp/ccghocq8.s 			page 6


 282 0028 696E7400 		.ascii	"int\000"
 283 002c 03       		.uleb128 0x3
 284 002d AB020000 		.4byte	.LASF3
 285 0031 03       		.byte	0x3
 286 0032 D4       		.byte	0xd4
 287 0033 37000000 		.4byte	0x37
 288 0037 04       		.uleb128 0x4
 289 0038 04       		.byte	0x4
 290 0039 07       		.byte	0x7
 291 003a 76000000 		.4byte	.LASF0
 292 003e 04       		.uleb128 0x4
 293 003f 01       		.byte	0x1
 294 0040 06       		.byte	0x6
 295 0041 17050000 		.4byte	.LASF1
 296 0045 04       		.uleb128 0x4
 297 0046 02       		.byte	0x2
 298 0047 05       		.byte	0x5
 299 0048 11040000 		.4byte	.LASF2
 300 004c 03       		.uleb128 0x3
 301 004d AA040000 		.4byte	.LASF4
 302 0051 04       		.byte	0x4
 303 0052 26       		.byte	0x26
 304 0053 25000000 		.4byte	0x25
 305 0057 04       		.uleb128 0x4
 306 0058 08       		.byte	0x8
 307 0059 05       		.byte	0x5
 308 005a 60030000 		.4byte	.LASF5
 309 005e 03       		.uleb128 0x3
 310 005f 2D030000 		.4byte	.LASF6
 311 0063 04       		.byte	0x4
 312 0064 30       		.byte	0x30
 313 0065 69000000 		.4byte	0x69
 314 0069 04       		.uleb128 0x4
 315 006a 01       		.byte	0x1
 316 006b 08       		.byte	0x8
 317 006c C1040000 		.4byte	.LASF7
 318 0070 04       		.uleb128 0x4
 319 0071 02       		.byte	0x2
 320 0072 07       		.byte	0x7
 321 0073 23050000 		.4byte	.LASF8
 322 0077 03       		.uleb128 0x3
 323 0078 0F010000 		.4byte	.LASF9
 324 007c 04       		.byte	0x4
 325 007d 33       		.byte	0x33
 326 007e 37000000 		.4byte	0x37
 327 0082 03       		.uleb128 0x3
 328 0083 70040000 		.4byte	.LASF10
 329 0087 04       		.byte	0x4
 330 0088 3A       		.byte	0x3a
 331 0089 8D000000 		.4byte	0x8d
 332 008d 04       		.uleb128 0x4
 333 008e 08       		.byte	0x8
 334 008f 07       		.byte	0x7
 335 0090 58010000 		.4byte	.LASF11
 336 0094 03       		.uleb128 0x3
 337 0095 F3030000 		.4byte	.LASF12
 338 0099 05       		.byte	0x5
ARM GAS  /tmp/ccghocq8.s 			page 7


 339 009a 3C       		.byte	0x3c
 340 009b 5E000000 		.4byte	0x5e
 341 009f 03       		.uleb128 0x3
 342 00a0 08030000 		.4byte	.LASF13
 343 00a4 05       		.byte	0x5
 344 00a5 3D       		.byte	0x3d
 345 00a6 5E000000 		.4byte	0x5e
 346 00aa 03       		.uleb128 0x3
 347 00ab 95040000 		.4byte	.LASF14
 348 00af 05       		.byte	0x5
 349 00b0 3E       		.byte	0x3e
 350 00b1 5E000000 		.4byte	0x5e
 351 00b5 03       		.uleb128 0x3
 352 00b6 A9030000 		.4byte	.LASF15
 353 00ba 05       		.byte	0x5
 354 00bb 3F       		.byte	0x3f
 355 00bc 5E000000 		.4byte	0x5e
 356 00c0 03       		.uleb128 0x3
 357 00c1 3F010000 		.4byte	.LASF16
 358 00c5 05       		.byte	0x5
 359 00c6 40       		.byte	0x40
 360 00c7 77000000 		.4byte	0x77
 361 00cb 03       		.uleb128 0x3
 362 00cc 7E030000 		.4byte	.LASF17
 363 00d0 05       		.byte	0x5
 364 00d1 41       		.byte	0x41
 365 00d2 4C000000 		.4byte	0x4c
 366 00d6 03       		.uleb128 0x3
 367 00d7 18010000 		.4byte	.LASF18
 368 00db 05       		.byte	0x5
 369 00dc 43       		.byte	0x43
 370 00dd 77000000 		.4byte	0x77
 371 00e1 03       		.uleb128 0x3
 372 00e2 52020000 		.4byte	.LASF19
 373 00e6 05       		.byte	0x5
 374 00e7 45       		.byte	0x45
 375 00e8 4C000000 		.4byte	0x4c
 376 00ec 03       		.uleb128 0x3
 377 00ed 46000000 		.4byte	.LASF20
 378 00f1 06       		.byte	0x6
 379 00f2 33       		.byte	0x33
 380 00f3 77000000 		.4byte	0x77
 381 00f7 03       		.uleb128 0x3
 382 00f8 89020000 		.4byte	.LASF21
 383 00fc 06       		.byte	0x6
 384 00fd 3F       		.byte	0x3f
 385 00fe 02010000 		.4byte	0x102
 386 0102 05       		.uleb128 0x5
 387 0103 47030000 		.4byte	.LASF42
 388 0107 44       		.byte	0x44
 389 0108 07       		.byte	0x7
 390 0109 C2       		.byte	0xc2
 391 010a FB010000 		.4byte	0x1fb
 392 010e 06       		.uleb128 0x6
 393 010f 69040000 		.4byte	.LASF22
 394 0113 07       		.byte	0x7
 395 0114 C3       		.byte	0xc3
ARM GAS  /tmp/ccghocq8.s 			page 8


 396 0115 06020000 		.4byte	0x206
 397 0119 00       		.byte	0
 398 011a 06       		.uleb128 0x6
 399 011b 85040000 		.4byte	.LASF23
 400 011f 07       		.byte	0x7
 401 0120 C5       		.byte	0xc5
 402 0121 06020000 		.4byte	0x206
 403 0125 04       		.byte	0x4
 404 0126 06       		.uleb128 0x6
 405 0127 3F000000 		.4byte	.LASF24
 406 012b 07       		.byte	0x7
 407 012c C7       		.byte	0xc7
 408 012d C0000000 		.4byte	0xc0
 409 0131 08       		.byte	0x8
 410 0132 06       		.uleb128 0x6
 411 0133 79040000 		.4byte	.LASF25
 412 0137 07       		.byte	0x7
 413 0138 C8       		.byte	0xc8
 414 0139 2A040000 		.4byte	0x42a
 415 013d 0C       		.byte	0xc
 416 013e 06       		.uleb128 0x6
 417 013f 64020000 		.4byte	.LASF26
 418 0143 07       		.byte	0x7
 419 0144 CA       		.byte	0xca
 420 0145 06020000 		.4byte	0x206
 421 0149 10       		.byte	0x10
 422 014a 06       		.uleb128 0x6
 423 014b 11030000 		.4byte	.LASF27
 424 014f 07       		.byte	0x7
 425 0150 CB       		.byte	0xcb
 426 0151 06020000 		.4byte	0x206
 427 0155 14       		.byte	0x14
 428 0156 06       		.uleb128 0x6
 429 0157 CC020000 		.4byte	.LASF28
 430 015b 07       		.byte	0x7
 431 015c D2       		.byte	0xd2
 432 015d 89050000 		.4byte	0x589
 433 0161 18       		.byte	0x18
 434 0162 06       		.uleb128 0x6
 435 0163 19030000 		.4byte	.LASF29
 436 0167 07       		.byte	0x7
 437 0168 DD       		.byte	0xdd
 438 0169 9F000000 		.4byte	0x9f
 439 016d 1C       		.byte	0x1c
 440 016e 06       		.uleb128 0x6
 441 016f 8C030000 		.4byte	.LASF30
 442 0173 07       		.byte	0x7
 443 0174 E1       		.byte	0xe1
 444 0175 94000000 		.4byte	0x94
 445 0179 1D       		.byte	0x1d
 446 017a 06       		.uleb128 0x6
 447 017b E5040000 		.4byte	.LASF31
 448 017f 07       		.byte	0x7
 449 0180 E6       		.byte	0xe6
 450 0181 AA000000 		.4byte	0xaa
 451 0185 1E       		.byte	0x1e
 452 0186 06       		.uleb128 0x6
ARM GAS  /tmp/ccghocq8.s 			page 9


 453 0187 EC040000 		.4byte	.LASF32
 454 018b 07       		.byte	0x7
 455 018c EC       		.byte	0xec
 456 018d B5000000 		.4byte	0xb5
 457 0191 1F       		.byte	0x1f
 458 0192 07       		.uleb128 0x7
 459 0193 705F7500 		.ascii	"p_u\000"
 460 0197 07       		.byte	0x7
 461 0198 3101     		.2byte	0x131
 462 019a C4040000 		.4byte	0x4c4
 463 019e 20       		.byte	0x20
 464 019f 08       		.uleb128 0x8
 465 01a0 20000000 		.4byte	.LASF33
 466 01a4 07       		.byte	0x7
 467 01a5 3601     		.2byte	0x136
 468 01a7 0C020000 		.4byte	0x20c
 469 01ab 24       		.byte	0x24
 470 01ac 08       		.uleb128 0x8
 471 01ad 6B000000 		.4byte	.LASF34
 472 01b1 07       		.byte	0x7
 473 01b2 3C01     		.2byte	0x13c
 474 01b4 30020000 		.4byte	0x230
 475 01b8 28       		.byte	0x28
 476 01b9 08       		.uleb128 0x8
 477 01ba ED030000 		.4byte	.LASF35
 478 01be 07       		.byte	0x7
 479 01bf 4001     		.2byte	0x140
 480 01c1 CB000000 		.4byte	0xcb
 481 01c5 30       		.byte	0x30
 482 01c6 08       		.uleb128 0x8
 483 01c7 25040000 		.4byte	.LASF36
 484 01cb 07       		.byte	0x7
 485 01cc 4601     		.2byte	0x146
 486 01ce D6000000 		.4byte	0xd6
 487 01d2 34       		.byte	0x34
 488 01d3 08       		.uleb128 0x8
 489 01d4 3D030000 		.4byte	.LASF37
 490 01d8 07       		.byte	0x7
 491 01d9 4D01     		.2byte	0x14d
 492 01db 83050000 		.4byte	0x583
 493 01df 38       		.byte	0x38
 494 01e0 08       		.uleb128 0x8
 495 01e1 06040000 		.4byte	.LASF38
 496 01e5 07       		.byte	0x7
 497 01e6 5101     		.2byte	0x151
 498 01e8 C0000000 		.4byte	0xc0
 499 01ec 3C       		.byte	0x3c
 500 01ed 08       		.uleb128 0x8
 501 01ee 35030000 		.4byte	.LASF39
 502 01f2 07       		.byte	0x7
 503 01f3 5801     		.2byte	0x158
 504 01f5 E3020000 		.4byte	0x2e3
 505 01f9 40       		.byte	0x40
 506 01fa 00       		.byte	0
 507 01fb 03       		.uleb128 0x3
 508 01fc F5020000 		.4byte	.LASF40
 509 0200 06       		.byte	0x6
ARM GAS  /tmp/ccghocq8.s 			page 10


 510 0201 44       		.byte	0x44
 511 0202 06020000 		.4byte	0x206
 512 0206 09       		.uleb128 0x9
 513 0207 04       		.byte	0x4
 514 0208 F7000000 		.4byte	0xf7
 515 020c 03       		.uleb128 0x3
 516 020d 83000000 		.4byte	.LASF41
 517 0211 06       		.byte	0x6
 518 0212 49       		.byte	0x49
 519 0213 17020000 		.4byte	0x217
 520 0217 05       		.uleb128 0x5
 521 0218 00000000 		.4byte	.LASF43
 522 021c 04       		.byte	0x4
 523 021d 07       		.byte	0x7
 524 021e B0       		.byte	0xb0
 525 021f 30020000 		.4byte	0x230
 526 0223 06       		.uleb128 0x6
 527 0224 69040000 		.4byte	.LASF22
 528 0228 07       		.byte	0x7
 529 0229 B1       		.byte	0xb1
 530 022a 06020000 		.4byte	0x206
 531 022e 00       		.byte	0
 532 022f 00       		.byte	0
 533 0230 03       		.uleb128 0x3
 534 0231 10000000 		.4byte	.LASF44
 535 0235 06       		.byte	0x6
 536 0236 50       		.byte	0x50
 537 0237 3B020000 		.4byte	0x23b
 538 023b 05       		.uleb128 0x5
 539 023c CE000000 		.4byte	.LASF45
 540 0240 08       		.byte	0x8
 541 0241 07       		.byte	0x7
 542 0242 B7       		.byte	0xb7
 543 0243 60020000 		.4byte	0x260
 544 0247 06       		.uleb128 0x6
 545 0248 69040000 		.4byte	.LASF22
 546 024c 07       		.byte	0x7
 547 024d B8       		.byte	0xb8
 548 024e 06020000 		.4byte	0x206
 549 0252 00       		.byte	0
 550 0253 06       		.uleb128 0x6
 551 0254 85040000 		.4byte	.LASF23
 552 0258 07       		.byte	0x7
 553 0259 B9       		.byte	0xb9
 554 025a 06020000 		.4byte	0x206
 555 025e 04       		.byte	0x4
 556 025f 00       		.byte	0
 557 0260 03       		.uleb128 0x3
 558 0261 9D040000 		.4byte	.LASF46
 559 0265 06       		.byte	0x6
 560 0266 57       		.byte	0x57
 561 0267 6B020000 		.4byte	0x26b
 562 026b 0A       		.uleb128 0xa
 563 026c AA000000 		.4byte	.LASF47
 564 0270 1C       		.byte	0x1c
 565 0271 07       		.byte	0x7
 566 0272 9001     		.2byte	0x190
ARM GAS  /tmp/ccghocq8.s 			page 11


 567 0274 C7020000 		.4byte	0x2c7
 568 0278 08       		.uleb128 0x8
 569 0279 6E030000 		.4byte	.LASF48
 570 027d 07       		.byte	0x7
 571 027e 9101     		.2byte	0x191
 572 0280 30020000 		.4byte	0x230
 573 0284 00       		.byte	0
 574 0285 08       		.uleb128 0x8
 575 0286 24010000 		.4byte	.LASF49
 576 028a 07       		.byte	0x7
 577 028b 9201     		.2byte	0x192
 578 028d C0000000 		.4byte	0xc0
 579 0291 08       		.byte	0x8
 580 0292 08       		.uleb128 0x8
 581 0293 36050000 		.4byte	.LASF50
 582 0297 07       		.byte	0x7
 583 0298 9401     		.2byte	0x194
 584 029a 2A040000 		.4byte	0x42a
 585 029e 0C       		.byte	0xc
 586 029f 08       		.uleb128 0x8
 587 02a0 76030000 		.4byte	.LASF51
 588 02a4 07       		.byte	0x7
 589 02a5 9701     		.2byte	0x197
 590 02a7 06020000 		.4byte	0x206
 591 02ab 10       		.byte	0x10
 592 02ac 08       		.uleb128 0x8
 593 02ad B3030000 		.4byte	.LASF52
 594 02b1 07       		.byte	0x7
 595 02b2 9801     		.2byte	0x198
 596 02b4 06020000 		.4byte	0x206
 597 02b8 14       		.byte	0x14
 598 02b9 08       		.uleb128 0x8
 599 02ba 1B040000 		.4byte	.LASF53
 600 02be 07       		.byte	0x7
 601 02bf 9B01     		.2byte	0x19b
 602 02c1 06020000 		.4byte	0x206
 603 02c5 18       		.byte	0x18
 604 02c6 00       		.byte	0
 605 02c7 03       		.uleb128 0x3
 606 02c8 DF000000 		.4byte	.LASF54
 607 02cc 06       		.byte	0x6
 608 02cd 5C       		.byte	0x5c
 609 02ce D2020000 		.4byte	0x2d2
 610 02d2 09       		.uleb128 0x9
 611 02d3 04       		.byte	0x4
 612 02d4 D8020000 		.4byte	0x2d8
 613 02d8 0B       		.uleb128 0xb
 614 02d9 E3020000 		.4byte	0x2e3
 615 02dd 0C       		.uleb128 0xc
 616 02de E3020000 		.4byte	0x2e3
 617 02e2 00       		.byte	0
 618 02e3 0D       		.uleb128 0xd
 619 02e4 04       		.byte	0x4
 620 02e5 03       		.uleb128 0x3
 621 02e6 94030000 		.4byte	.LASF55
 622 02ea 06       		.byte	0x6
 623 02eb 61       		.byte	0x61
ARM GAS  /tmp/ccghocq8.s 			page 12


 624 02ec F0020000 		.4byte	0x2f0
 625 02f0 0A       		.uleb128 0xa
 626 02f1 47010000 		.4byte	.LASF56
 627 02f5 14       		.byte	0x14
 628 02f6 07       		.byte	0x7
 629 02f7 6B01     		.2byte	0x16b
 630 02f9 3F030000 		.4byte	0x33f
 631 02fd 08       		.uleb128 0x8
 632 02fe F6040000 		.4byte	.LASF57
 633 0302 07       		.byte	0x7
 634 0303 6C01     		.2byte	0x16c
 635 0305 9B050000 		.4byte	0x59b
 636 0309 00       		.byte	0
 637 030a 08       		.uleb128 0x8
 638 030b 6B050000 		.4byte	.LASF58
 639 030f 07       		.byte	0x7
 640 0310 6D01     		.2byte	0x16d
 641 0312 9B050000 		.4byte	0x59b
 642 0316 04       		.byte	0x4
 643 0317 08       		.uleb128 0x8
 644 0318 D3020000 		.4byte	.LASF59
 645 031c 07       		.byte	0x7
 646 031d 6E01     		.2byte	0x16e
 647 031f EC000000 		.4byte	0xec
 648 0323 08       		.byte	0x8
 649 0324 08       		.uleb128 0x8
 650 0325 57050000 		.4byte	.LASF60
 651 0329 07       		.byte	0x7
 652 032a 6F01     		.2byte	0x16f
 653 032c C7020000 		.4byte	0x2c7
 654 0330 0C       		.byte	0xc
 655 0331 08       		.uleb128 0x8
 656 0332 2B010000 		.4byte	.LASF61
 657 0336 07       		.byte	0x7
 658 0337 7101     		.2byte	0x171
 659 0339 E3020000 		.4byte	0x2e3
 660 033d 10       		.byte	0x10
 661 033e 00       		.byte	0
 662 033f 03       		.uleb128 0x3
 663 0340 CF040000 		.4byte	.LASF62
 664 0344 06       		.byte	0x6
 665 0345 66       		.byte	0x66
 666 0346 4A030000 		.4byte	0x34a
 667 034a 0A       		.uleb128 0xa
 668 034b 72020000 		.4byte	.LASF63
 669 034f 10       		.byte	0x10
 670 0350 07       		.byte	0x7
 671 0351 7B01     		.2byte	0x17b
 672 0353 8C030000 		.4byte	0x38c
 673 0357 08       		.uleb128 0x8
 674 0358 F6040000 		.4byte	.LASF57
 675 035c 07       		.byte	0x7
 676 035d 7C01     		.2byte	0x17c
 677 035f 9B050000 		.4byte	0x59b
 678 0363 00       		.byte	0
 679 0364 08       		.uleb128 0x8
 680 0365 6B050000 		.4byte	.LASF58
ARM GAS  /tmp/ccghocq8.s 			page 13


 681 0369 07       		.byte	0x7
 682 036a 7E01     		.2byte	0x17e
 683 036c 9B050000 		.4byte	0x59b
 684 0370 04       		.byte	0x4
 685 0371 08       		.uleb128 0x8
 686 0372 D3020000 		.4byte	.LASF59
 687 0376 07       		.byte	0x7
 688 0377 8001     		.2byte	0x180
 689 0379 EC000000 		.4byte	0xec
 690 037d 08       		.byte	0x8
 691 037e 08       		.uleb128 0x8
 692 037f 60000000 		.4byte	.LASF64
 693 0383 07       		.byte	0x7
 694 0384 8201     		.2byte	0x182
 695 0386 A1050000 		.4byte	0x5a1
 696 038a 0C       		.byte	0xc
 697 038b 00       		.byte	0
 698 038c 03       		.uleb128 0x3
 699 038d 51030000 		.4byte	.LASF65
 700 0391 06       		.byte	0x6
 701 0392 6B       		.byte	0x6b
 702 0393 97030000 		.4byte	0x397
 703 0397 0A       		.uleb128 0xa
 704 0398 FF000000 		.4byte	.LASF66
 705 039c 04       		.byte	0x4
 706 039d 07       		.byte	0x7
 707 039e A201     		.2byte	0x1a2
 708 03a0 B2030000 		.4byte	0x3b2
 709 03a4 08       		.uleb128 0x8
 710 03a5 E3030000 		.4byte	.LASF67
 711 03a9 07       		.byte	0x7
 712 03aa AA01     		.2byte	0x1aa
 713 03ac A6050000 		.4byte	0x5a6
 714 03b0 00       		.byte	0
 715 03b1 00       		.byte	0
 716 03b2 03       		.uleb128 0x3
 717 03b3 FE040000 		.4byte	.LASF68
 718 03b7 06       		.byte	0x6
 719 03b8 70       		.byte	0x70
 720 03b9 BD030000 		.4byte	0x3bd
 721 03bd 0E       		.uleb128 0xe
 722 03be 51040000 		.4byte	.LASF69
 723 03c2 5001     		.2byte	0x150
 724 03c4 07       		.byte	0x7
 725 03c5 C201     		.2byte	0x1c2
 726 03c7 0D040000 		.4byte	0x40d
 727 03cb 08       		.uleb128 0x8
 728 03cc 7F040000 		.4byte	.LASF70
 729 03d0 07       		.byte	0x7
 730 03d1 C601     		.2byte	0x1c6
 731 03d3 60020000 		.4byte	0x260
 732 03d7 00       		.byte	0
 733 03d8 08       		.uleb128 0x8
 734 03d9 A3000000 		.4byte	.LASF71
 735 03dd 07       		.byte	0x7
 736 03de CA01     		.2byte	0x1ca
 737 03e0 3F030000 		.4byte	0x33f
ARM GAS  /tmp/ccghocq8.s 			page 14


 738 03e4 1C       		.byte	0x1c
 739 03e5 07       		.uleb128 0x7
 740 03e6 64626700 		.ascii	"dbg\000"
 741 03ea 07       		.byte	0x7
 742 03eb CE01     		.2byte	0x1ce
 743 03ed 8C030000 		.4byte	0x38c
 744 03f1 2C       		.byte	0x2c
 745 03f2 08       		.uleb128 0x8
 746 03f3 FB030000 		.4byte	.LASF72
 747 03f7 07       		.byte	0x7
 748 03f8 D201     		.2byte	0x1d2
 749 03fa F7000000 		.4byte	0xf7
 750 03fe 30       		.byte	0x30
 751 03ff 08       		.uleb128 0x8
 752 0400 B8000000 		.4byte	.LASF73
 753 0404 07       		.byte	0x7
 754 0405 E301     		.2byte	0x1e3
 755 0407 AB050000 		.4byte	0x5ab
 756 040b 78       		.byte	0x78
 757 040c 00       		.byte	0
 758 040d 04       		.uleb128 0x4
 759 040e 04       		.byte	0x4
 760 040f 07       		.byte	0x7
 761 0410 8C040000 		.4byte	.LASF74
 762 0414 03       		.uleb128 0x3
 763 0415 36000000 		.4byte	.LASF75
 764 0419 08       		.byte	0x8
 765 041a 65       		.byte	0x65
 766 041b E3020000 		.4byte	0x2e3
 767 041f 03       		.uleb128 0x3
 768 0420 3C050000 		.4byte	.LASF76
 769 0424 08       		.byte	0x8
 770 0425 6D       		.byte	0x6d
 771 0426 82000000 		.4byte	0x82
 772 042a 05       		.uleb128 0x5
 773 042b 84030000 		.4byte	.LASF77
 774 042f 04       		.byte	0x4
 775 0430 08       		.byte	0x8
 776 0431 89       		.byte	0x89
 777 0432 43040000 		.4byte	0x443
 778 0436 0F       		.uleb128 0xf
 779 0437 72313300 		.ascii	"r13\000"
 780 043b 08       		.byte	0x8
 781 043c 8A       		.byte	0x8a
 782 043d BE040000 		.4byte	0x4be
 783 0441 00       		.byte	0
 784 0442 00       		.byte	0
 785 0443 05       		.uleb128 0x5
 786 0444 38040000 		.4byte	.LASF78
 787 0448 24       		.byte	0x24
 788 0449 09       		.byte	0x9
 789 044a FD       		.byte	0xfd
 790 044b BE040000 		.4byte	0x4be
 791 044f 07       		.uleb128 0x7
 792 0450 723400   		.ascii	"r4\000"
 793 0453 09       		.byte	0x9
 794 0454 1001     		.2byte	0x110
ARM GAS  /tmp/ccghocq8.s 			page 15


 795 0456 14040000 		.4byte	0x414
 796 045a 00       		.byte	0
 797 045b 07       		.uleb128 0x7
 798 045c 723500   		.ascii	"r5\000"
 799 045f 09       		.byte	0x9
 800 0460 1101     		.2byte	0x111
 801 0462 14040000 		.4byte	0x414
 802 0466 04       		.byte	0x4
 803 0467 07       		.uleb128 0x7
 804 0468 723600   		.ascii	"r6\000"
 805 046b 09       		.byte	0x9
 806 046c 1201     		.2byte	0x112
 807 046e 14040000 		.4byte	0x414
 808 0472 08       		.byte	0x8
 809 0473 07       		.uleb128 0x7
 810 0474 723700   		.ascii	"r7\000"
 811 0477 09       		.byte	0x9
 812 0478 1301     		.2byte	0x113
 813 047a 14040000 		.4byte	0x414
 814 047e 0C       		.byte	0xc
 815 047f 07       		.uleb128 0x7
 816 0480 723800   		.ascii	"r8\000"
 817 0483 09       		.byte	0x9
 818 0484 1401     		.2byte	0x114
 819 0486 14040000 		.4byte	0x414
 820 048a 10       		.byte	0x10
 821 048b 07       		.uleb128 0x7
 822 048c 723900   		.ascii	"r9\000"
 823 048f 09       		.byte	0x9
 824 0490 1501     		.2byte	0x115
 825 0492 14040000 		.4byte	0x414
 826 0496 14       		.byte	0x14
 827 0497 07       		.uleb128 0x7
 828 0498 72313000 		.ascii	"r10\000"
 829 049c 09       		.byte	0x9
 830 049d 1601     		.2byte	0x116
 831 049f 14040000 		.4byte	0x414
 832 04a3 18       		.byte	0x18
 833 04a4 07       		.uleb128 0x7
 834 04a5 72313100 		.ascii	"r11\000"
 835 04a9 09       		.byte	0x9
 836 04aa 1701     		.2byte	0x117
 837 04ac 14040000 		.4byte	0x414
 838 04b0 1C       		.byte	0x1c
 839 04b1 07       		.uleb128 0x7
 840 04b2 6C7200   		.ascii	"lr\000"
 841 04b5 09       		.byte	0x9
 842 04b6 1801     		.2byte	0x118
 843 04b8 14040000 		.4byte	0x414
 844 04bc 20       		.byte	0x20
 845 04bd 00       		.byte	0
 846 04be 09       		.uleb128 0x9
 847 04bf 04       		.byte	0x4
 848 04c0 43040000 		.4byte	0x443
 849 04c4 10       		.uleb128 0x10
 850 04c5 04       		.byte	0x4
 851 04c6 07       		.byte	0x7
ARM GAS  /tmp/ccghocq8.s 			page 16


 852 04c7 FA       		.byte	0xfa
 853 04c8 21050000 		.4byte	0x521
 854 04cc 11       		.uleb128 0x11
 855 04cd B2020000 		.4byte	.LASF79
 856 04d1 07       		.byte	0x7
 857 04d2 0101     		.2byte	0x101
 858 04d4 CB000000 		.4byte	0xcb
 859 04d8 11       		.uleb128 0x11
 860 04d9 88050000 		.4byte	.LASF80
 861 04dd 07       		.byte	0x7
 862 04de 0801     		.2byte	0x108
 863 04e0 CB000000 		.4byte	0xcb
 864 04e4 11       		.uleb128 0x11
 865 04e5 92000000 		.4byte	.LASF81
 866 04e9 07       		.byte	0x7
 867 04ea 0F01     		.2byte	0x10f
 868 04ec E3020000 		.4byte	0x2e3
 869 04f0 11       		.uleb128 0x11
 870 04f1 0A050000 		.4byte	.LASF82
 871 04f5 07       		.byte	0x7
 872 04f6 1601     		.2byte	0x116
 873 04f8 21050000 		.4byte	0x521
 874 04fc 11       		.uleb128 0x11
 875 04fd B2040000 		.4byte	.LASF83
 876 0501 07       		.byte	0x7
 877 0502 1E01     		.2byte	0x11e
 878 0504 4C050000 		.4byte	0x54c
 879 0508 11       		.uleb128 0x11
 880 0509 2A000000 		.4byte	.LASF84
 881 050d 07       		.byte	0x7
 882 050e 2701     		.2byte	0x127
 883 0510 83050000 		.4byte	0x583
 884 0514 11       		.uleb128 0x11
 885 0515 C7000000 		.4byte	.LASF85
 886 0519 07       		.byte	0x7
 887 051a 2F01     		.2byte	0x12f
 888 051c D6000000 		.4byte	0xd6
 889 0520 00       		.byte	0
 890 0521 09       		.uleb128 0x9
 891 0522 04       		.byte	0x4
 892 0523 FB010000 		.4byte	0x1fb
 893 0527 05       		.uleb128 0x5
 894 0528 32010000 		.4byte	.LASF86
 895 052c 0C       		.byte	0xc
 896 052d 0A       		.byte	0xa
 897 052e 34       		.byte	0x34
 898 052f 4C050000 		.4byte	0x54c
 899 0533 06       		.uleb128 0x6
 900 0534 58000000 		.4byte	.LASF87
 901 0538 0A       		.byte	0xa
 902 0539 35       		.byte	0x35
 903 053a 30020000 		.4byte	0x230
 904 053e 00       		.byte	0
 905 053f 06       		.uleb128 0x6
 906 0540 F9000000 		.4byte	.LASF88
 907 0544 0A       		.byte	0xa
 908 0545 37       		.byte	0x37
ARM GAS  /tmp/ccghocq8.s 			page 17


 909 0546 E1000000 		.4byte	0xe1
 910 054a 08       		.byte	0x8
 911 054b 00       		.byte	0
 912 054c 09       		.uleb128 0x9
 913 054d 04       		.byte	0x4
 914 054e 27050000 		.4byte	0x527
 915 0552 05       		.uleb128 0x5
 916 0553 B9020000 		.4byte	.LASF89
 917 0557 10       		.byte	0x10
 918 0558 0B       		.byte	0xb
 919 0559 39       		.byte	0x39
 920 055a 83050000 		.4byte	0x583
 921 055e 06       		.uleb128 0x6
 922 055f 30040000 		.4byte	.LASF90
 923 0563 0B       		.byte	0xb
 924 0564 3A       		.byte	0x3a
 925 0565 30020000 		.4byte	0x230
 926 0569 00       		.byte	0
 927 056a 06       		.uleb128 0x6
 928 056b 50000000 		.4byte	.LASF91
 929 056f 0B       		.byte	0xb
 930 0570 3C       		.byte	0x3c
 931 0571 06020000 		.4byte	0x206
 932 0575 08       		.byte	0x8
 933 0576 06       		.uleb128 0x6
 934 0577 10050000 		.4byte	.LASF92
 935 057b 0B       		.byte	0xb
 936 057c 3E       		.byte	0x3e
 937 057d C6050000 		.4byte	0x5c6
 938 0581 0C       		.byte	0xc
 939 0582 00       		.byte	0
 940 0583 09       		.uleb128 0x9
 941 0584 04       		.byte	0x4
 942 0585 52050000 		.4byte	0x552
 943 0589 09       		.uleb128 0x9
 944 058a 04       		.byte	0x4
 945 058b 8F050000 		.4byte	0x58f
 946 058f 12       		.uleb128 0x12
 947 0590 94050000 		.4byte	0x594
 948 0594 04       		.uleb128 0x4
 949 0595 01       		.byte	0x1
 950 0596 08       		.byte	0x8
 951 0597 31000000 		.4byte	.LASF93
 952 059b 09       		.uleb128 0x9
 953 059c 04       		.byte	0x4
 954 059d E5020000 		.4byte	0x2e5
 955 05a1 13       		.uleb128 0x13
 956 05a2 EC000000 		.4byte	0xec
 957 05a6 13       		.uleb128 0x13
 958 05a7 89050000 		.4byte	0x589
 959 05ab 14       		.uleb128 0x14
 960 05ac 1F040000 		.4byte	0x41f
 961 05b0 BB050000 		.4byte	0x5bb
 962 05b4 15       		.uleb128 0x15
 963 05b5 0D040000 		.4byte	0x40d
 964 05b9 1A       		.byte	0x1a
 965 05ba 00       		.byte	0
ARM GAS  /tmp/ccghocq8.s 			page 18


 966 05bb 03       		.uleb128 0x3
 967 05bc B9040000 		.4byte	.LASF94
 968 05c0 0B       		.byte	0xb
 969 05c1 34       		.byte	0x34
 970 05c2 52050000 		.4byte	0x552
 971 05c6 09       		.uleb128 0x9
 972 05c7 04       		.byte	0x4
 973 05c8 BB050000 		.4byte	0x5bb
 974 05cc 09       		.uleb128 0x9
 975 05cd 04       		.byte	0x4
 976 05ce 5E000000 		.4byte	0x5e
 977 05d2 16       		.uleb128 0x16
 978 05d3 5B040000 		.4byte	.LASF100
 979 05d7 02       		.byte	0x2
 980 05d8 2202     		.2byte	0x222
 981 05da 03       		.byte	0x3
 982 05db EC050000 		.4byte	0x5ec
 983 05df 17       		.uleb128 0x17
 984 05e0 6C020000 		.4byte	.LASF98
 985 05e4 02       		.byte	0x2
 986 05e5 2202     		.2byte	0x222
 987 05e7 77000000 		.4byte	0x77
 988 05eb 00       		.byte	0
 989 05ec 18       		.uleb128 0x18
 990 05ed 99000000 		.4byte	.LASF95
 991 05f1 09       		.byte	0x9
 992 05f2 C801     		.2byte	0x1c8
 993 05f4 03       		.byte	0x3
 994 05f5 18       		.uleb128 0x18
 995 05f6 5F050000 		.4byte	.LASF96
 996 05fa 09       		.byte	0x9
 997 05fb E001     		.2byte	0x1e0
 998 05fd 03       		.byte	0x3
 999 05fe 18       		.uleb128 0x18
 1000 05ff C2020000 		.4byte	.LASF97
 1001 0603 0C       		.byte	0xc
 1002 0604 5A01     		.2byte	0x15a
 1003 0606 03       		.byte	0x3
 1004 0607 19       		.uleb128 0x19
 1005 0608 73050000 		.4byte	.LASF111
 1006 060c 01       		.byte	0x1
 1007 060d 83       		.byte	0x83
 1008 060e E3020000 		.4byte	0x2e3
 1009 0612 01       		.byte	0x1
 1010 0613 2C060000 		.4byte	0x62c
 1011 0617 1A       		.uleb128 0x1a
 1012 0618 A4030000 		.4byte	.LASF99
 1013 061c 01       		.byte	0x1
 1014 061d 83       		.byte	0x83
 1015 061e 2C000000 		.4byte	0x2c
 1016 0622 1B       		.uleb128 0x1b
 1017 0623 7000     		.ascii	"p\000"
 1018 0625 01       		.byte	0x1
 1019 0626 84       		.byte	0x84
 1020 0627 E3020000 		.4byte	0x2e3
 1021 062b 00       		.byte	0
 1022 062c 16       		.uleb128 0x16
ARM GAS  /tmp/ccghocq8.s 			page 19


 1023 062d 58020000 		.4byte	.LASF101
 1024 0631 0C       		.byte	0xc
 1025 0632 6601     		.2byte	0x166
 1026 0634 03       		.byte	0x3
 1027 0635 47060000 		.4byte	0x647
 1028 0639 1C       		.uleb128 0x1c
 1029 063a 4E050000 		.4byte	.LASF102
 1030 063e 57060000 		.4byte	0x657
 1031 0642 58020000 		.4byte	.LASF101
 1032 0646 00       		.byte	0
 1033 0647 14       		.uleb128 0x14
 1034 0648 94050000 		.4byte	0x594
 1035 064c 57060000 		.4byte	0x657
 1036 0650 15       		.uleb128 0x15
 1037 0651 0D040000 		.4byte	0x40d
 1038 0655 0B       		.byte	0xb
 1039 0656 00       		.byte	0
 1040 0657 12       		.uleb128 0x12
 1041 0658 47060000 		.4byte	0x647
 1042 065c 1D       		.uleb128 0x1d
 1043 065d 92020000 		.4byte	.LASF112
 1044 0661 01       		.byte	0x1
 1045 0662 4E       		.byte	0x4e
 1046 0663 00000000 		.4byte	.LFB230
 1047 0667 28000000 		.4byte	.LFE230-.LFB230
 1048 066b 01       		.uleb128 0x1
 1049 066c 9C       		.byte	0x9c
 1050 066d 88060000 		.4byte	0x688
 1051 0671 1E       		.uleb128 0x1e
 1052 0672 9D020000 		.4byte	.LASF103
 1053 0676 01       		.byte	0x1
 1054 0677 50       		.byte	0x50
 1055 0678 88060000 		.4byte	0x688
 1056 067c 1E       		.uleb128 0x1e
 1057 067d 91050000 		.4byte	.LASF104
 1058 0681 01       		.byte	0x1
 1059 0682 51       		.byte	0x51
 1060 0683 88060000 		.4byte	0x688
 1061 0687 00       		.byte	0
 1062 0688 14       		.uleb128 0x14
 1063 0689 5E000000 		.4byte	0x5e
 1064 068d 93060000 		.4byte	0x693
 1065 0691 1F       		.uleb128 0x1f
 1066 0692 00       		.byte	0
 1067 0693 20       		.uleb128 0x20
 1068 0694 21030000 		.4byte	.LASF113
 1069 0698 01       		.byte	0x1
 1070 0699 6D       		.byte	0x6d
 1071 069a E3020000 		.4byte	0x2e3
 1072 069e 00000000 		.4byte	.LFB231
 1073 06a2 38000000 		.4byte	.LFE231-.LFB231
 1074 06a6 01       		.uleb128 0x1
 1075 06a7 9C       		.byte	0x9c
 1076 06a8 76070000 		.4byte	0x776
 1077 06ac 21       		.uleb128 0x21
 1078 06ad A4030000 		.4byte	.LASF99
 1079 06b1 01       		.byte	0x1
ARM GAS  /tmp/ccghocq8.s 			page 20


 1080 06b2 6D       		.byte	0x6d
 1081 06b3 2C000000 		.4byte	0x2c
 1082 06b7 00000000 		.4byte	.LLST0
 1083 06bb 1B       		.uleb128 0x1b
 1084 06bc 7000     		.ascii	"p\000"
 1085 06be 01       		.byte	0x1
 1086 06bf 6E       		.byte	0x6e
 1087 06c0 E3020000 		.4byte	0x2e3
 1088 06c4 22       		.uleb128 0x22
 1089 06c5 FE050000 		.4byte	0x5fe
 1090 06c9 02000000 		.4byte	.LBB26
 1091 06cd 06000000 		.4byte	.LBE26-.LBB26
 1092 06d1 01       		.byte	0x1
 1093 06d2 70       		.byte	0x70
 1094 06d3 00070000 		.4byte	0x700
 1095 06d7 23       		.uleb128 0x23
 1096 06d8 EC050000 		.4byte	0x5ec
 1097 06dc 02000000 		.4byte	.LBB27
 1098 06e0 06000000 		.4byte	.LBE27-.LBB27
 1099 06e4 0C       		.byte	0xc
 1100 06e5 5C01     		.2byte	0x15c
 1101 06e7 23       		.uleb128 0x23
 1102 06e8 D2050000 		.4byte	0x5d2
 1103 06ec 02000000 		.4byte	.LBB28
 1104 06f0 06000000 		.4byte	.LBE28-.LBB28
 1105 06f4 09       		.byte	0x9
 1106 06f5 D001     		.2byte	0x1d0
 1107 06f7 24       		.uleb128 0x24
 1108 06f8 DF050000 		.4byte	0x5df
 1109 06fc 20       		.byte	0x20
 1110 06fd 00       		.byte	0
 1111 06fe 00       		.byte	0
 1112 06ff 00       		.byte	0
 1113 0700 22       		.uleb128 0x22
 1114 0701 07060000 		.4byte	0x607
 1115 0705 08000000 		.4byte	.LBB30
 1116 0709 1C000000 		.4byte	.LBE30-.LBB30
 1117 070d 01       		.byte	0x1
 1118 070e 71       		.byte	0x71
 1119 070f 2E070000 		.4byte	0x72e
 1120 0713 25       		.uleb128 0x25
 1121 0714 17060000 		.4byte	0x617
 1122 0718 21000000 		.4byte	.LLST1
 1123 071c 26       		.uleb128 0x26
 1124 071d 08000000 		.4byte	.LBB31
 1125 0721 1C000000 		.4byte	.LBE31-.LBB31
 1126 0725 27       		.uleb128 0x27
 1127 0726 22060000 		.4byte	0x622
 1128 072a 01       		.uleb128 0x1
 1129 072b 52       		.byte	0x52
 1130 072c 00       		.byte	0
 1131 072d 00       		.byte	0
 1132 072e 28       		.uleb128 0x28
 1133 072f 2C060000 		.4byte	0x62c
 1134 0733 24000000 		.4byte	.LBB32
 1135 0737 06000000 		.4byte	.LBE32-.LBB32
 1136 073b 01       		.byte	0x1
ARM GAS  /tmp/ccghocq8.s 			page 21


 1137 073c 72       		.byte	0x72
 1138 073d 26       		.uleb128 0x26
 1139 073e 24000000 		.4byte	.LBB33
 1140 0742 06000000 		.4byte	.LBE33-.LBB33
 1141 0746 29       		.uleb128 0x29
 1142 0747 39060000 		.4byte	0x639
 1143 074b 23       		.uleb128 0x23
 1144 074c F5050000 		.4byte	0x5f5
 1145 0750 24000000 		.4byte	.LBB34
 1146 0754 06000000 		.4byte	.LBE34-.LBB34
 1147 0758 0C       		.byte	0xc
 1148 0759 7301     		.2byte	0x173
 1149 075b 23       		.uleb128 0x23
 1150 075c D2050000 		.4byte	0x5d2
 1151 0760 24000000 		.4byte	.LBB35
 1152 0764 06000000 		.4byte	.LBE35-.LBB35
 1153 0768 09       		.byte	0x9
 1154 0769 E301     		.2byte	0x1e3
 1155 076b 24       		.uleb128 0x24
 1156 076c DF050000 		.4byte	0x5df
 1157 0770 00       		.byte	0
 1158 0771 00       		.byte	0
 1159 0772 00       		.byte	0
 1160 0773 00       		.byte	0
 1161 0774 00       		.byte	0
 1162 0775 00       		.byte	0
 1163 0776 2A       		.uleb128 0x2a
 1164 0777 07060000 		.4byte	0x607
 1165 077b 00000000 		.4byte	.LFB232
 1166 077f 2C000000 		.4byte	.LFE232-.LFB232
 1167 0783 01       		.uleb128 0x1
 1168 0784 9C       		.byte	0x9c
 1169 0785 9A070000 		.4byte	0x79a
 1170 0789 25       		.uleb128 0x25
 1171 078a 17060000 		.4byte	0x617
 1172 078e 62000000 		.4byte	.LLST2
 1173 0792 27       		.uleb128 0x27
 1174 0793 22060000 		.4byte	0x622
 1175 0797 01       		.uleb128 0x1
 1176 0798 52       		.byte	0x52
 1177 0799 00       		.byte	0
 1178 079a 2B       		.uleb128 0x2b
 1179 079b E8000000 		.4byte	.LASF114
 1180 079f 01       		.byte	0x1
 1181 07a0 9B       		.byte	0x9b
 1182 07a1 2C000000 		.4byte	0x2c
 1183 07a5 00000000 		.4byte	.LFB233
 1184 07a9 14000000 		.4byte	.LFE233-.LFB233
 1185 07ad 01       		.uleb128 0x1
 1186 07ae 9C       		.byte	0x9c
 1187 07af 2C       		.uleb128 0x2c
 1188 07b0 80050000 		.4byte	.LASF105
 1189 07b4 01       		.byte	0x1
 1190 07b5 3E       		.byte	0x3e
 1191 07b6 CC050000 		.4byte	0x5cc
 1192 07ba 05       		.uleb128 0x5
 1193 07bb 03       		.byte	0x3
ARM GAS  /tmp/ccghocq8.s 			page 22


 1194 07bc 00000000 		.4byte	nextmem
 1195 07c0 2C       		.uleb128 0x2c
 1196 07c1 47050000 		.4byte	.LASF106
 1197 07c5 01       		.byte	0x1
 1198 07c6 3F       		.byte	0x3f
 1199 07c7 CC050000 		.4byte	0x5cc
 1200 07cb 05       		.uleb128 0x5
 1201 07cc 03       		.byte	0x3
 1202 07cd 00000000 		.4byte	endmem
 1203 07d1 2D       		.uleb128 0x2d
 1204 07d2 44040000 		.4byte	.LASF107
 1205 07d6 0D       		.byte	0xd
 1206 07d7 FA06     		.2byte	0x6fa
 1207 07d9 DD070000 		.4byte	0x7dd
 1208 07dd 13       		.uleb128 0x13
 1209 07de 4C000000 		.4byte	0x4c
 1210 07e2 2E       		.uleb128 0x2e
 1211 07e3 636800   		.ascii	"ch\000"
 1212 07e6 07       		.byte	0x7
 1213 07e7 0902     		.2byte	0x209
 1214 07e9 B2030000 		.4byte	0x3b2
 1215 07ed 1E       		.uleb128 0x1e
 1216 07ee 9D020000 		.4byte	.LASF103
 1217 07f2 01       		.byte	0x1
 1218 07f3 50       		.byte	0x50
 1219 07f4 88060000 		.4byte	0x688
 1220 07f8 1E       		.uleb128 0x1e
 1221 07f9 91050000 		.4byte	.LASF104
 1222 07fd 01       		.byte	0x1
 1223 07fe 51       		.byte	0x51
 1224 07ff 88060000 		.4byte	0x688
 1225 0803 00       		.byte	0
 1226              		.section	.debug_abbrev,"",%progbits
 1227              	.Ldebug_abbrev0:
 1228 0000 01       		.uleb128 0x1
 1229 0001 11       		.uleb128 0x11
 1230 0002 01       		.byte	0x1
 1231 0003 25       		.uleb128 0x25
 1232 0004 0E       		.uleb128 0xe
 1233 0005 13       		.uleb128 0x13
 1234 0006 0B       		.uleb128 0xb
 1235 0007 03       		.uleb128 0x3
 1236 0008 0E       		.uleb128 0xe
 1237 0009 1B       		.uleb128 0x1b
 1238 000a 0E       		.uleb128 0xe
 1239 000b 55       		.uleb128 0x55
 1240 000c 17       		.uleb128 0x17
 1241 000d 11       		.uleb128 0x11
 1242 000e 01       		.uleb128 0x1
 1243 000f 10       		.uleb128 0x10
 1244 0010 17       		.uleb128 0x17
 1245 0011 00       		.byte	0
 1246 0012 00       		.byte	0
 1247 0013 02       		.uleb128 0x2
 1248 0014 24       		.uleb128 0x24
 1249 0015 00       		.byte	0
 1250 0016 0B       		.uleb128 0xb
ARM GAS  /tmp/ccghocq8.s 			page 23


 1251 0017 0B       		.uleb128 0xb
 1252 0018 3E       		.uleb128 0x3e
 1253 0019 0B       		.uleb128 0xb
 1254 001a 03       		.uleb128 0x3
 1255 001b 08       		.uleb128 0x8
 1256 001c 00       		.byte	0
 1257 001d 00       		.byte	0
 1258 001e 03       		.uleb128 0x3
 1259 001f 16       		.uleb128 0x16
 1260 0020 00       		.byte	0
 1261 0021 03       		.uleb128 0x3
 1262 0022 0E       		.uleb128 0xe
 1263 0023 3A       		.uleb128 0x3a
 1264 0024 0B       		.uleb128 0xb
 1265 0025 3B       		.uleb128 0x3b
 1266 0026 0B       		.uleb128 0xb
 1267 0027 49       		.uleb128 0x49
 1268 0028 13       		.uleb128 0x13
 1269 0029 00       		.byte	0
 1270 002a 00       		.byte	0
 1271 002b 04       		.uleb128 0x4
 1272 002c 24       		.uleb128 0x24
 1273 002d 00       		.byte	0
 1274 002e 0B       		.uleb128 0xb
 1275 002f 0B       		.uleb128 0xb
 1276 0030 3E       		.uleb128 0x3e
 1277 0031 0B       		.uleb128 0xb
 1278 0032 03       		.uleb128 0x3
 1279 0033 0E       		.uleb128 0xe
 1280 0034 00       		.byte	0
 1281 0035 00       		.byte	0
 1282 0036 05       		.uleb128 0x5
 1283 0037 13       		.uleb128 0x13
 1284 0038 01       		.byte	0x1
 1285 0039 03       		.uleb128 0x3
 1286 003a 0E       		.uleb128 0xe
 1287 003b 0B       		.uleb128 0xb
 1288 003c 0B       		.uleb128 0xb
 1289 003d 3A       		.uleb128 0x3a
 1290 003e 0B       		.uleb128 0xb
 1291 003f 3B       		.uleb128 0x3b
 1292 0040 0B       		.uleb128 0xb
 1293 0041 01       		.uleb128 0x1
 1294 0042 13       		.uleb128 0x13
 1295 0043 00       		.byte	0
 1296 0044 00       		.byte	0
 1297 0045 06       		.uleb128 0x6
 1298 0046 0D       		.uleb128 0xd
 1299 0047 00       		.byte	0
 1300 0048 03       		.uleb128 0x3
 1301 0049 0E       		.uleb128 0xe
 1302 004a 3A       		.uleb128 0x3a
 1303 004b 0B       		.uleb128 0xb
 1304 004c 3B       		.uleb128 0x3b
 1305 004d 0B       		.uleb128 0xb
 1306 004e 49       		.uleb128 0x49
 1307 004f 13       		.uleb128 0x13
ARM GAS  /tmp/ccghocq8.s 			page 24


 1308 0050 38       		.uleb128 0x38
 1309 0051 0B       		.uleb128 0xb
 1310 0052 00       		.byte	0
 1311 0053 00       		.byte	0
 1312 0054 07       		.uleb128 0x7
 1313 0055 0D       		.uleb128 0xd
 1314 0056 00       		.byte	0
 1315 0057 03       		.uleb128 0x3
 1316 0058 08       		.uleb128 0x8
 1317 0059 3A       		.uleb128 0x3a
 1318 005a 0B       		.uleb128 0xb
 1319 005b 3B       		.uleb128 0x3b
 1320 005c 05       		.uleb128 0x5
 1321 005d 49       		.uleb128 0x49
 1322 005e 13       		.uleb128 0x13
 1323 005f 38       		.uleb128 0x38
 1324 0060 0B       		.uleb128 0xb
 1325 0061 00       		.byte	0
 1326 0062 00       		.byte	0
 1327 0063 08       		.uleb128 0x8
 1328 0064 0D       		.uleb128 0xd
 1329 0065 00       		.byte	0
 1330 0066 03       		.uleb128 0x3
 1331 0067 0E       		.uleb128 0xe
 1332 0068 3A       		.uleb128 0x3a
 1333 0069 0B       		.uleb128 0xb
 1334 006a 3B       		.uleb128 0x3b
 1335 006b 05       		.uleb128 0x5
 1336 006c 49       		.uleb128 0x49
 1337 006d 13       		.uleb128 0x13
 1338 006e 38       		.uleb128 0x38
 1339 006f 0B       		.uleb128 0xb
 1340 0070 00       		.byte	0
 1341 0071 00       		.byte	0
 1342 0072 09       		.uleb128 0x9
 1343 0073 0F       		.uleb128 0xf
 1344 0074 00       		.byte	0
 1345 0075 0B       		.uleb128 0xb
 1346 0076 0B       		.uleb128 0xb
 1347 0077 49       		.uleb128 0x49
 1348 0078 13       		.uleb128 0x13
 1349 0079 00       		.byte	0
 1350 007a 00       		.byte	0
 1351 007b 0A       		.uleb128 0xa
 1352 007c 13       		.uleb128 0x13
 1353 007d 01       		.byte	0x1
 1354 007e 03       		.uleb128 0x3
 1355 007f 0E       		.uleb128 0xe
 1356 0080 0B       		.uleb128 0xb
 1357 0081 0B       		.uleb128 0xb
 1358 0082 3A       		.uleb128 0x3a
 1359 0083 0B       		.uleb128 0xb
 1360 0084 3B       		.uleb128 0x3b
 1361 0085 05       		.uleb128 0x5
 1362 0086 01       		.uleb128 0x1
 1363 0087 13       		.uleb128 0x13
 1364 0088 00       		.byte	0
ARM GAS  /tmp/ccghocq8.s 			page 25


 1365 0089 00       		.byte	0
 1366 008a 0B       		.uleb128 0xb
 1367 008b 15       		.uleb128 0x15
 1368 008c 01       		.byte	0x1
 1369 008d 27       		.uleb128 0x27
 1370 008e 19       		.uleb128 0x19
 1371 008f 01       		.uleb128 0x1
 1372 0090 13       		.uleb128 0x13
 1373 0091 00       		.byte	0
 1374 0092 00       		.byte	0
 1375 0093 0C       		.uleb128 0xc
 1376 0094 05       		.uleb128 0x5
 1377 0095 00       		.byte	0
 1378 0096 49       		.uleb128 0x49
 1379 0097 13       		.uleb128 0x13
 1380 0098 00       		.byte	0
 1381 0099 00       		.byte	0
 1382 009a 0D       		.uleb128 0xd
 1383 009b 0F       		.uleb128 0xf
 1384 009c 00       		.byte	0
 1385 009d 0B       		.uleb128 0xb
 1386 009e 0B       		.uleb128 0xb
 1387 009f 00       		.byte	0
 1388 00a0 00       		.byte	0
 1389 00a1 0E       		.uleb128 0xe
 1390 00a2 13       		.uleb128 0x13
 1391 00a3 01       		.byte	0x1
 1392 00a4 03       		.uleb128 0x3
 1393 00a5 0E       		.uleb128 0xe
 1394 00a6 0B       		.uleb128 0xb
 1395 00a7 05       		.uleb128 0x5
 1396 00a8 3A       		.uleb128 0x3a
 1397 00a9 0B       		.uleb128 0xb
 1398 00aa 3B       		.uleb128 0x3b
 1399 00ab 05       		.uleb128 0x5
 1400 00ac 01       		.uleb128 0x1
 1401 00ad 13       		.uleb128 0x13
 1402 00ae 00       		.byte	0
 1403 00af 00       		.byte	0
 1404 00b0 0F       		.uleb128 0xf
 1405 00b1 0D       		.uleb128 0xd
 1406 00b2 00       		.byte	0
 1407 00b3 03       		.uleb128 0x3
 1408 00b4 08       		.uleb128 0x8
 1409 00b5 3A       		.uleb128 0x3a
 1410 00b6 0B       		.uleb128 0xb
 1411 00b7 3B       		.uleb128 0x3b
 1412 00b8 0B       		.uleb128 0xb
 1413 00b9 49       		.uleb128 0x49
 1414 00ba 13       		.uleb128 0x13
 1415 00bb 38       		.uleb128 0x38
 1416 00bc 0B       		.uleb128 0xb
 1417 00bd 00       		.byte	0
 1418 00be 00       		.byte	0
 1419 00bf 10       		.uleb128 0x10
 1420 00c0 17       		.uleb128 0x17
 1421 00c1 01       		.byte	0x1
ARM GAS  /tmp/ccghocq8.s 			page 26


 1422 00c2 0B       		.uleb128 0xb
 1423 00c3 0B       		.uleb128 0xb
 1424 00c4 3A       		.uleb128 0x3a
 1425 00c5 0B       		.uleb128 0xb
 1426 00c6 3B       		.uleb128 0x3b
 1427 00c7 0B       		.uleb128 0xb
 1428 00c8 01       		.uleb128 0x1
 1429 00c9 13       		.uleb128 0x13
 1430 00ca 00       		.byte	0
 1431 00cb 00       		.byte	0
 1432 00cc 11       		.uleb128 0x11
 1433 00cd 0D       		.uleb128 0xd
 1434 00ce 00       		.byte	0
 1435 00cf 03       		.uleb128 0x3
 1436 00d0 0E       		.uleb128 0xe
 1437 00d1 3A       		.uleb128 0x3a
 1438 00d2 0B       		.uleb128 0xb
 1439 00d3 3B       		.uleb128 0x3b
 1440 00d4 05       		.uleb128 0x5
 1441 00d5 49       		.uleb128 0x49
 1442 00d6 13       		.uleb128 0x13
 1443 00d7 00       		.byte	0
 1444 00d8 00       		.byte	0
 1445 00d9 12       		.uleb128 0x12
 1446 00da 26       		.uleb128 0x26
 1447 00db 00       		.byte	0
 1448 00dc 49       		.uleb128 0x49
 1449 00dd 13       		.uleb128 0x13
 1450 00de 00       		.byte	0
 1451 00df 00       		.byte	0
 1452 00e0 13       		.uleb128 0x13
 1453 00e1 35       		.uleb128 0x35
 1454 00e2 00       		.byte	0
 1455 00e3 49       		.uleb128 0x49
 1456 00e4 13       		.uleb128 0x13
 1457 00e5 00       		.byte	0
 1458 00e6 00       		.byte	0
 1459 00e7 14       		.uleb128 0x14
 1460 00e8 01       		.uleb128 0x1
 1461 00e9 01       		.byte	0x1
 1462 00ea 49       		.uleb128 0x49
 1463 00eb 13       		.uleb128 0x13
 1464 00ec 01       		.uleb128 0x1
 1465 00ed 13       		.uleb128 0x13
 1466 00ee 00       		.byte	0
 1467 00ef 00       		.byte	0
 1468 00f0 15       		.uleb128 0x15
 1469 00f1 21       		.uleb128 0x21
 1470 00f2 00       		.byte	0
 1471 00f3 49       		.uleb128 0x49
 1472 00f4 13       		.uleb128 0x13
 1473 00f5 2F       		.uleb128 0x2f
 1474 00f6 0B       		.uleb128 0xb
 1475 00f7 00       		.byte	0
 1476 00f8 00       		.byte	0
 1477 00f9 16       		.uleb128 0x16
 1478 00fa 2E       		.uleb128 0x2e
ARM GAS  /tmp/ccghocq8.s 			page 27


 1479 00fb 01       		.byte	0x1
 1480 00fc 03       		.uleb128 0x3
 1481 00fd 0E       		.uleb128 0xe
 1482 00fe 3A       		.uleb128 0x3a
 1483 00ff 0B       		.uleb128 0xb
 1484 0100 3B       		.uleb128 0x3b
 1485 0101 05       		.uleb128 0x5
 1486 0102 27       		.uleb128 0x27
 1487 0103 19       		.uleb128 0x19
 1488 0104 20       		.uleb128 0x20
 1489 0105 0B       		.uleb128 0xb
 1490 0106 01       		.uleb128 0x1
 1491 0107 13       		.uleb128 0x13
 1492 0108 00       		.byte	0
 1493 0109 00       		.byte	0
 1494 010a 17       		.uleb128 0x17
 1495 010b 05       		.uleb128 0x5
 1496 010c 00       		.byte	0
 1497 010d 03       		.uleb128 0x3
 1498 010e 0E       		.uleb128 0xe
 1499 010f 3A       		.uleb128 0x3a
 1500 0110 0B       		.uleb128 0xb
 1501 0111 3B       		.uleb128 0x3b
 1502 0112 05       		.uleb128 0x5
 1503 0113 49       		.uleb128 0x49
 1504 0114 13       		.uleb128 0x13
 1505 0115 00       		.byte	0
 1506 0116 00       		.byte	0
 1507 0117 18       		.uleb128 0x18
 1508 0118 2E       		.uleb128 0x2e
 1509 0119 00       		.byte	0
 1510 011a 03       		.uleb128 0x3
 1511 011b 0E       		.uleb128 0xe
 1512 011c 3A       		.uleb128 0x3a
 1513 011d 0B       		.uleb128 0xb
 1514 011e 3B       		.uleb128 0x3b
 1515 011f 05       		.uleb128 0x5
 1516 0120 27       		.uleb128 0x27
 1517 0121 19       		.uleb128 0x19
 1518 0122 20       		.uleb128 0x20
 1519 0123 0B       		.uleb128 0xb
 1520 0124 00       		.byte	0
 1521 0125 00       		.byte	0
 1522 0126 19       		.uleb128 0x19
 1523 0127 2E       		.uleb128 0x2e
 1524 0128 01       		.byte	0x1
 1525 0129 3F       		.uleb128 0x3f
 1526 012a 19       		.uleb128 0x19
 1527 012b 03       		.uleb128 0x3
 1528 012c 0E       		.uleb128 0xe
 1529 012d 3A       		.uleb128 0x3a
 1530 012e 0B       		.uleb128 0xb
 1531 012f 3B       		.uleb128 0x3b
 1532 0130 0B       		.uleb128 0xb
 1533 0131 27       		.uleb128 0x27
 1534 0132 19       		.uleb128 0x19
 1535 0133 49       		.uleb128 0x49
ARM GAS  /tmp/ccghocq8.s 			page 28


 1536 0134 13       		.uleb128 0x13
 1537 0135 20       		.uleb128 0x20
 1538 0136 0B       		.uleb128 0xb
 1539 0137 01       		.uleb128 0x1
 1540 0138 13       		.uleb128 0x13
 1541 0139 00       		.byte	0
 1542 013a 00       		.byte	0
 1543 013b 1A       		.uleb128 0x1a
 1544 013c 05       		.uleb128 0x5
 1545 013d 00       		.byte	0
 1546 013e 03       		.uleb128 0x3
 1547 013f 0E       		.uleb128 0xe
 1548 0140 3A       		.uleb128 0x3a
 1549 0141 0B       		.uleb128 0xb
 1550 0142 3B       		.uleb128 0x3b
 1551 0143 0B       		.uleb128 0xb
 1552 0144 49       		.uleb128 0x49
 1553 0145 13       		.uleb128 0x13
 1554 0146 00       		.byte	0
 1555 0147 00       		.byte	0
 1556 0148 1B       		.uleb128 0x1b
 1557 0149 34       		.uleb128 0x34
 1558 014a 00       		.byte	0
 1559 014b 03       		.uleb128 0x3
 1560 014c 08       		.uleb128 0x8
 1561 014d 3A       		.uleb128 0x3a
 1562 014e 0B       		.uleb128 0xb
 1563 014f 3B       		.uleb128 0x3b
 1564 0150 0B       		.uleb128 0xb
 1565 0151 49       		.uleb128 0x49
 1566 0152 13       		.uleb128 0x13
 1567 0153 00       		.byte	0
 1568 0154 00       		.byte	0
 1569 0155 1C       		.uleb128 0x1c
 1570 0156 34       		.uleb128 0x34
 1571 0157 00       		.byte	0
 1572 0158 03       		.uleb128 0x3
 1573 0159 0E       		.uleb128 0xe
 1574 015a 49       		.uleb128 0x49
 1575 015b 13       		.uleb128 0x13
 1576 015c 34       		.uleb128 0x34
 1577 015d 19       		.uleb128 0x19
 1578 015e 1C       		.uleb128 0x1c
 1579 015f 0E       		.uleb128 0xe
 1580 0160 00       		.byte	0
 1581 0161 00       		.byte	0
 1582 0162 1D       		.uleb128 0x1d
 1583 0163 2E       		.uleb128 0x2e
 1584 0164 01       		.byte	0x1
 1585 0165 3F       		.uleb128 0x3f
 1586 0166 19       		.uleb128 0x19
 1587 0167 03       		.uleb128 0x3
 1588 0168 0E       		.uleb128 0xe
 1589 0169 3A       		.uleb128 0x3a
 1590 016a 0B       		.uleb128 0xb
 1591 016b 3B       		.uleb128 0x3b
 1592 016c 0B       		.uleb128 0xb
ARM GAS  /tmp/ccghocq8.s 			page 29


 1593 016d 27       		.uleb128 0x27
 1594 016e 19       		.uleb128 0x19
 1595 016f 11       		.uleb128 0x11
 1596 0170 01       		.uleb128 0x1
 1597 0171 12       		.uleb128 0x12
 1598 0172 06       		.uleb128 0x6
 1599 0173 40       		.uleb128 0x40
 1600 0174 18       		.uleb128 0x18
 1601 0175 9742     		.uleb128 0x2117
 1602 0177 19       		.uleb128 0x19
 1603 0178 01       		.uleb128 0x1
 1604 0179 13       		.uleb128 0x13
 1605 017a 00       		.byte	0
 1606 017b 00       		.byte	0
 1607 017c 1E       		.uleb128 0x1e
 1608 017d 34       		.uleb128 0x34
 1609 017e 00       		.byte	0
 1610 017f 03       		.uleb128 0x3
 1611 0180 0E       		.uleb128 0xe
 1612 0181 3A       		.uleb128 0x3a
 1613 0182 0B       		.uleb128 0xb
 1614 0183 3B       		.uleb128 0x3b
 1615 0184 0B       		.uleb128 0xb
 1616 0185 49       		.uleb128 0x49
 1617 0186 13       		.uleb128 0x13
 1618 0187 3F       		.uleb128 0x3f
 1619 0188 19       		.uleb128 0x19
 1620 0189 3C       		.uleb128 0x3c
 1621 018a 19       		.uleb128 0x19
 1622 018b 00       		.byte	0
 1623 018c 00       		.byte	0
 1624 018d 1F       		.uleb128 0x1f
 1625 018e 21       		.uleb128 0x21
 1626 018f 00       		.byte	0
 1627 0190 00       		.byte	0
 1628 0191 00       		.byte	0
 1629 0192 20       		.uleb128 0x20
 1630 0193 2E       		.uleb128 0x2e
 1631 0194 01       		.byte	0x1
 1632 0195 3F       		.uleb128 0x3f
 1633 0196 19       		.uleb128 0x19
 1634 0197 03       		.uleb128 0x3
 1635 0198 0E       		.uleb128 0xe
 1636 0199 3A       		.uleb128 0x3a
 1637 019a 0B       		.uleb128 0xb
 1638 019b 3B       		.uleb128 0x3b
 1639 019c 0B       		.uleb128 0xb
 1640 019d 27       		.uleb128 0x27
 1641 019e 19       		.uleb128 0x19
 1642 019f 49       		.uleb128 0x49
 1643 01a0 13       		.uleb128 0x13
 1644 01a1 11       		.uleb128 0x11
 1645 01a2 01       		.uleb128 0x1
 1646 01a3 12       		.uleb128 0x12
 1647 01a4 06       		.uleb128 0x6
 1648 01a5 40       		.uleb128 0x40
 1649 01a6 18       		.uleb128 0x18
ARM GAS  /tmp/ccghocq8.s 			page 30


 1650 01a7 9742     		.uleb128 0x2117
 1651 01a9 19       		.uleb128 0x19
 1652 01aa 01       		.uleb128 0x1
 1653 01ab 13       		.uleb128 0x13
 1654 01ac 00       		.byte	0
 1655 01ad 00       		.byte	0
 1656 01ae 21       		.uleb128 0x21
 1657 01af 05       		.uleb128 0x5
 1658 01b0 00       		.byte	0
 1659 01b1 03       		.uleb128 0x3
 1660 01b2 0E       		.uleb128 0xe
 1661 01b3 3A       		.uleb128 0x3a
 1662 01b4 0B       		.uleb128 0xb
 1663 01b5 3B       		.uleb128 0x3b
 1664 01b6 0B       		.uleb128 0xb
 1665 01b7 49       		.uleb128 0x49
 1666 01b8 13       		.uleb128 0x13
 1667 01b9 02       		.uleb128 0x2
 1668 01ba 17       		.uleb128 0x17
 1669 01bb 00       		.byte	0
 1670 01bc 00       		.byte	0
 1671 01bd 22       		.uleb128 0x22
 1672 01be 1D       		.uleb128 0x1d
 1673 01bf 01       		.byte	0x1
 1674 01c0 31       		.uleb128 0x31
 1675 01c1 13       		.uleb128 0x13
 1676 01c2 11       		.uleb128 0x11
 1677 01c3 01       		.uleb128 0x1
 1678 01c4 12       		.uleb128 0x12
 1679 01c5 06       		.uleb128 0x6
 1680 01c6 58       		.uleb128 0x58
 1681 01c7 0B       		.uleb128 0xb
 1682 01c8 59       		.uleb128 0x59
 1683 01c9 0B       		.uleb128 0xb
 1684 01ca 01       		.uleb128 0x1
 1685 01cb 13       		.uleb128 0x13
 1686 01cc 00       		.byte	0
 1687 01cd 00       		.byte	0
 1688 01ce 23       		.uleb128 0x23
 1689 01cf 1D       		.uleb128 0x1d
 1690 01d0 01       		.byte	0x1
 1691 01d1 31       		.uleb128 0x31
 1692 01d2 13       		.uleb128 0x13
 1693 01d3 11       		.uleb128 0x11
 1694 01d4 01       		.uleb128 0x1
 1695 01d5 12       		.uleb128 0x12
 1696 01d6 06       		.uleb128 0x6
 1697 01d7 58       		.uleb128 0x58
 1698 01d8 0B       		.uleb128 0xb
 1699 01d9 59       		.uleb128 0x59
 1700 01da 05       		.uleb128 0x5
 1701 01db 00       		.byte	0
 1702 01dc 00       		.byte	0
 1703 01dd 24       		.uleb128 0x24
 1704 01de 05       		.uleb128 0x5
 1705 01df 00       		.byte	0
 1706 01e0 31       		.uleb128 0x31
ARM GAS  /tmp/ccghocq8.s 			page 31


 1707 01e1 13       		.uleb128 0x13
 1708 01e2 1C       		.uleb128 0x1c
 1709 01e3 0B       		.uleb128 0xb
 1710 01e4 00       		.byte	0
 1711 01e5 00       		.byte	0
 1712 01e6 25       		.uleb128 0x25
 1713 01e7 05       		.uleb128 0x5
 1714 01e8 00       		.byte	0
 1715 01e9 31       		.uleb128 0x31
 1716 01ea 13       		.uleb128 0x13
 1717 01eb 02       		.uleb128 0x2
 1718 01ec 17       		.uleb128 0x17
 1719 01ed 00       		.byte	0
 1720 01ee 00       		.byte	0
 1721 01ef 26       		.uleb128 0x26
 1722 01f0 0B       		.uleb128 0xb
 1723 01f1 01       		.byte	0x1
 1724 01f2 11       		.uleb128 0x11
 1725 01f3 01       		.uleb128 0x1
 1726 01f4 12       		.uleb128 0x12
 1727 01f5 06       		.uleb128 0x6
 1728 01f6 00       		.byte	0
 1729 01f7 00       		.byte	0
 1730 01f8 27       		.uleb128 0x27
 1731 01f9 34       		.uleb128 0x34
 1732 01fa 00       		.byte	0
 1733 01fb 31       		.uleb128 0x31
 1734 01fc 13       		.uleb128 0x13
 1735 01fd 02       		.uleb128 0x2
 1736 01fe 18       		.uleb128 0x18
 1737 01ff 00       		.byte	0
 1738 0200 00       		.byte	0
 1739 0201 28       		.uleb128 0x28
 1740 0202 1D       		.uleb128 0x1d
 1741 0203 01       		.byte	0x1
 1742 0204 31       		.uleb128 0x31
 1743 0205 13       		.uleb128 0x13
 1744 0206 11       		.uleb128 0x11
 1745 0207 01       		.uleb128 0x1
 1746 0208 12       		.uleb128 0x12
 1747 0209 06       		.uleb128 0x6
 1748 020a 58       		.uleb128 0x58
 1749 020b 0B       		.uleb128 0xb
 1750 020c 59       		.uleb128 0x59
 1751 020d 0B       		.uleb128 0xb
 1752 020e 00       		.byte	0
 1753 020f 00       		.byte	0
 1754 0210 29       		.uleb128 0x29
 1755 0211 34       		.uleb128 0x34
 1756 0212 00       		.byte	0
 1757 0213 31       		.uleb128 0x31
 1758 0214 13       		.uleb128 0x13
 1759 0215 00       		.byte	0
 1760 0216 00       		.byte	0
 1761 0217 2A       		.uleb128 0x2a
 1762 0218 2E       		.uleb128 0x2e
 1763 0219 01       		.byte	0x1
ARM GAS  /tmp/ccghocq8.s 			page 32


 1764 021a 31       		.uleb128 0x31
 1765 021b 13       		.uleb128 0x13
 1766 021c 11       		.uleb128 0x11
 1767 021d 01       		.uleb128 0x1
 1768 021e 12       		.uleb128 0x12
 1769 021f 06       		.uleb128 0x6
 1770 0220 40       		.uleb128 0x40
 1771 0221 18       		.uleb128 0x18
 1772 0222 9742     		.uleb128 0x2117
 1773 0224 19       		.uleb128 0x19
 1774 0225 01       		.uleb128 0x1
 1775 0226 13       		.uleb128 0x13
 1776 0227 00       		.byte	0
 1777 0228 00       		.byte	0
 1778 0229 2B       		.uleb128 0x2b
 1779 022a 2E       		.uleb128 0x2e
 1780 022b 00       		.byte	0
 1781 022c 3F       		.uleb128 0x3f
 1782 022d 19       		.uleb128 0x19
 1783 022e 03       		.uleb128 0x3
 1784 022f 0E       		.uleb128 0xe
 1785 0230 3A       		.uleb128 0x3a
 1786 0231 0B       		.uleb128 0xb
 1787 0232 3B       		.uleb128 0x3b
 1788 0233 0B       		.uleb128 0xb
 1789 0234 27       		.uleb128 0x27
 1790 0235 19       		.uleb128 0x19
 1791 0236 49       		.uleb128 0x49
 1792 0237 13       		.uleb128 0x13
 1793 0238 11       		.uleb128 0x11
 1794 0239 01       		.uleb128 0x1
 1795 023a 12       		.uleb128 0x12
 1796 023b 06       		.uleb128 0x6
 1797 023c 40       		.uleb128 0x40
 1798 023d 18       		.uleb128 0x18
 1799 023e 9742     		.uleb128 0x2117
 1800 0240 19       		.uleb128 0x19
 1801 0241 00       		.byte	0
 1802 0242 00       		.byte	0
 1803 0243 2C       		.uleb128 0x2c
 1804 0244 34       		.uleb128 0x34
 1805 0245 00       		.byte	0
 1806 0246 03       		.uleb128 0x3
 1807 0247 0E       		.uleb128 0xe
 1808 0248 3A       		.uleb128 0x3a
 1809 0249 0B       		.uleb128 0xb
 1810 024a 3B       		.uleb128 0x3b
 1811 024b 0B       		.uleb128 0xb
 1812 024c 49       		.uleb128 0x49
 1813 024d 13       		.uleb128 0x13
 1814 024e 02       		.uleb128 0x2
 1815 024f 18       		.uleb128 0x18
 1816 0250 00       		.byte	0
 1817 0251 00       		.byte	0
 1818 0252 2D       		.uleb128 0x2d
 1819 0253 34       		.uleb128 0x34
 1820 0254 00       		.byte	0
ARM GAS  /tmp/ccghocq8.s 			page 33


 1821 0255 03       		.uleb128 0x3
 1822 0256 0E       		.uleb128 0xe
 1823 0257 3A       		.uleb128 0x3a
 1824 0258 0B       		.uleb128 0xb
 1825 0259 3B       		.uleb128 0x3b
 1826 025a 05       		.uleb128 0x5
 1827 025b 49       		.uleb128 0x49
 1828 025c 13       		.uleb128 0x13
 1829 025d 3F       		.uleb128 0x3f
 1830 025e 19       		.uleb128 0x19
 1831 025f 3C       		.uleb128 0x3c
 1832 0260 19       		.uleb128 0x19
 1833 0261 00       		.byte	0
 1834 0262 00       		.byte	0
 1835 0263 2E       		.uleb128 0x2e
 1836 0264 34       		.uleb128 0x34
 1837 0265 00       		.byte	0
 1838 0266 03       		.uleb128 0x3
 1839 0267 08       		.uleb128 0x8
 1840 0268 3A       		.uleb128 0x3a
 1841 0269 0B       		.uleb128 0xb
 1842 026a 3B       		.uleb128 0x3b
 1843 026b 05       		.uleb128 0x5
 1844 026c 49       		.uleb128 0x49
 1845 026d 13       		.uleb128 0x13
 1846 026e 3F       		.uleb128 0x3f
 1847 026f 19       		.uleb128 0x19
 1848 0270 3C       		.uleb128 0x3c
 1849 0271 19       		.uleb128 0x19
 1850 0272 00       		.byte	0
 1851 0273 00       		.byte	0
 1852 0274 00       		.byte	0
 1853              		.section	.debug_loc,"",%progbits
 1854              	.Ldebug_loc0:
 1855              	.LLST0:
 1856 0000 00000000 		.4byte	.LVL0
 1857 0004 22000000 		.4byte	.LVL5
 1858 0008 0100     		.2byte	0x1
 1859 000a 50       		.byte	0x50
 1860 000b 22000000 		.4byte	.LVL5
 1861 000f 38000000 		.4byte	.LFE231
 1862 0013 0400     		.2byte	0x4
 1863 0015 F3       		.byte	0xf3
 1864 0016 01       		.uleb128 0x1
 1865 0017 50       		.byte	0x50
 1866 0018 9F       		.byte	0x9f
 1867 0019 00000000 		.4byte	0
 1868 001d 00000000 		.4byte	0
 1869              	.LLST1:
 1870 0021 08000000 		.4byte	.LVL1
 1871 0025 16000000 		.4byte	.LVL2
 1872 0029 0100     		.2byte	0x1
 1873 002b 50       		.byte	0x50
 1874 002c 16000000 		.4byte	.LVL2
 1875 0030 1E000000 		.4byte	.LVL4
 1876 0034 0100     		.2byte	0x1
 1877 0036 53       		.byte	0x53
ARM GAS  /tmp/ccghocq8.s 			page 34


 1878 0037 1E000000 		.4byte	.LVL4
 1879 003b 22000000 		.4byte	.LVL5
 1880 003f 0600     		.2byte	0x6
 1881 0041 70       		.byte	0x70
 1882 0042 07       		.sleb128 7
 1883 0043 09       		.byte	0x9
 1884 0044 F8       		.byte	0xf8
 1885 0045 1A       		.byte	0x1a
 1886 0046 9F       		.byte	0x9f
 1887 0047 22000000 		.4byte	.LVL5
 1888 004b 38000000 		.4byte	.LFE231
 1889 004f 0900     		.2byte	0x9
 1890 0051 F3       		.byte	0xf3
 1891 0052 01       		.uleb128 0x1
 1892 0053 50       		.byte	0x50
 1893 0054 23       		.byte	0x23
 1894 0055 07       		.uleb128 0x7
 1895 0056 09       		.byte	0x9
 1896 0057 F8       		.byte	0xf8
 1897 0058 1A       		.byte	0x1a
 1898 0059 9F       		.byte	0x9f
 1899 005a 00000000 		.4byte	0
 1900 005e 00000000 		.4byte	0
 1901              	.LLST2:
 1902 0062 00000000 		.4byte	.LVL7
 1903 0066 0C000000 		.4byte	.LVL8
 1904 006a 0100     		.2byte	0x1
 1905 006c 50       		.byte	0x50
 1906 006d 0C000000 		.4byte	.LVL8
 1907 0071 10000000 		.4byte	.LVL9
 1908 0075 0300     		.2byte	0x3
 1909 0077 70       		.byte	0x70
 1910 0078 79       		.sleb128 -7
 1911 0079 9F       		.byte	0x9f
 1912 007a 10000000 		.4byte	.LVL9
 1913 007e 18000000 		.4byte	.LVL11
 1914 0082 0100     		.2byte	0x1
 1915 0084 53       		.byte	0x53
 1916 0085 18000000 		.4byte	.LVL11
 1917 0089 1C000000 		.4byte	.LVL12
 1918 008d 0600     		.2byte	0x6
 1919 008f 70       		.byte	0x70
 1920 0090 00       		.sleb128 0
 1921 0091 09       		.byte	0x9
 1922 0092 F8       		.byte	0xf8
 1923 0093 1A       		.byte	0x1a
 1924 0094 9F       		.byte	0x9f
 1925 0095 1C000000 		.4byte	.LVL12
 1926 0099 2C000000 		.4byte	.LFE232
 1927 009d 0900     		.2byte	0x9
 1928 009f F3       		.byte	0xf3
 1929 00a0 01       		.uleb128 0x1
 1930 00a1 50       		.byte	0x50
 1931 00a2 23       		.byte	0x23
 1932 00a3 07       		.uleb128 0x7
 1933 00a4 09       		.byte	0x9
 1934 00a5 F8       		.byte	0xf8
ARM GAS  /tmp/ccghocq8.s 			page 35


 1935 00a6 1A       		.byte	0x1a
 1936 00a7 9F       		.byte	0x9f
 1937 00a8 00000000 		.4byte	0
 1938 00ac 00000000 		.4byte	0
 1939              		.section	.debug_aranges,"",%progbits
 1940 0000 34000000 		.4byte	0x34
 1941 0004 0200     		.2byte	0x2
 1942 0006 00000000 		.4byte	.Ldebug_info0
 1943 000a 04       		.byte	0x4
 1944 000b 00       		.byte	0
 1945 000c 0000     		.2byte	0
 1946 000e 0000     		.2byte	0
 1947 0010 00000000 		.4byte	.LFB230
 1948 0014 28000000 		.4byte	.LFE230-.LFB230
 1949 0018 00000000 		.4byte	.LFB231
 1950 001c 38000000 		.4byte	.LFE231-.LFB231
 1951 0020 00000000 		.4byte	.LFB232
 1952 0024 2C000000 		.4byte	.LFE232-.LFB232
 1953 0028 00000000 		.4byte	.LFB233
 1954 002c 14000000 		.4byte	.LFE233-.LFB233
 1955 0030 00000000 		.4byte	0
 1956 0034 00000000 		.4byte	0
 1957              		.section	.debug_ranges,"",%progbits
 1958              	.Ldebug_ranges0:
 1959 0000 00000000 		.4byte	.LFB230
 1960 0004 28000000 		.4byte	.LFE230
 1961 0008 00000000 		.4byte	.LFB231
 1962 000c 38000000 		.4byte	.LFE231
 1963 0010 00000000 		.4byte	.LFB232
 1964 0014 2C000000 		.4byte	.LFE232
 1965 0018 00000000 		.4byte	.LFB233
 1966 001c 14000000 		.4byte	.LFE233
 1967 0020 00000000 		.4byte	0
 1968 0024 00000000 		.4byte	0
 1969              		.section	.debug_line,"",%progbits
 1970              	.Ldebug_line0:
 1971 0000 DD010000 		.section	.debug_str,"MS",%progbits,1
 1971      02006901 
 1971      00000201 
 1971      FB0E0D00 
 1971      01010101 
 1972              	.LASF43:
 1973 0000 63685F74 		.ascii	"ch_threads_list\000"
 1973      68726561 
 1973      64735F6C 
 1973      69737400 
 1974              	.LASF44:
 1975 0010 74687265 		.ascii	"threads_queue_t\000"
 1975      6164735F 
 1975      71756575 
 1975      655F7400 
 1976              	.LASF33:
 1977 0020 705F7761 		.ascii	"p_waiting\000"
 1977      6974696E 
 1977      6700
 1978              	.LASF84:
 1979 002a 77746D74 		.ascii	"wtmtxp\000"
ARM GAS  /tmp/ccghocq8.s 			page 36


 1979      787000
 1980              	.LASF93:
 1981 0031 63686172 		.ascii	"char\000"
 1981      00
 1982              	.LASF75:
 1983 0036 72656761 		.ascii	"regarm_t\000"
 1983      726D5F74 
 1983      00
 1984              	.LASF24:
 1985 003f 705F7072 		.ascii	"p_prio\000"
 1985      696F00
 1986              	.LASF20:
 1987 0046 73797374 		.ascii	"systime_t\000"
 1987      696D655F 
 1987      7400
 1988              	.LASF91:
 1989 0050 6D5F6F77 		.ascii	"m_owner\000"
 1989      6E657200 
 1990              	.LASF87:
 1991 0058 735F7175 		.ascii	"s_queue\000"
 1991      65756500 
 1992              	.LASF64:
 1993 0060 76745F73 		.ascii	"vt_systime\000"
 1993      79737469 
 1993      6D6500
 1994              	.LASF34:
 1995 006b 705F6D73 		.ascii	"p_msgqueue\000"
 1995      67717565 
 1995      756500
 1996              	.LASF0:
 1997 0076 756E7369 		.ascii	"unsigned int\000"
 1997      676E6564 
 1997      20696E74 
 1997      00
 1998              	.LASF41:
 1999 0083 74687265 		.ascii	"threads_list_t\000"
 1999      6164735F 
 1999      6C697374 
 1999      5F7400
 2000              	.LASF81:
 2001 0092 77746F62 		.ascii	"wtobjp\000"
 2001      6A7000
 2002              	.LASF95:
 2003 0099 706F7274 		.ascii	"port_lock\000"
 2003      5F6C6F63 
 2003      6B00
 2004              	.LASF71:
 2005 00a3 76746C69 		.ascii	"vtlist\000"
 2005      737400
 2006              	.LASF47:
 2007 00aa 63685F72 		.ascii	"ch_ready_list\000"
 2007      65616479 
 2007      5F6C6973 
 2007      7400
 2008              	.LASF73:
 2009 00b8 69646C65 		.ascii	"idle_thread_wa\000"
 2009      5F746872 
ARM GAS  /tmp/ccghocq8.s 			page 37


 2009      6561645F 
 2009      776100
 2010              	.LASF85:
 2011 00c7 65776D61 		.ascii	"ewmask\000"
 2011      736B00
 2012              	.LASF45:
 2013 00ce 63685F74 		.ascii	"ch_threads_queue\000"
 2013      68726561 
 2013      64735F71 
 2013      75657565 
 2013      00
 2014              	.LASF54:
 2015 00df 76746675 		.ascii	"vtfunc_t\000"
 2015      6E635F74 
 2015      00
 2016              	.LASF114:
 2017 00e8 6368436F 		.ascii	"chCoreGetStatusX\000"
 2017      72654765 
 2017      74537461 
 2017      74757358 
 2017      00
 2018              	.LASF88:
 2019 00f9 735F636E 		.ascii	"s_cnt\000"
 2019      7400
 2020              	.LASF66:
 2021 00ff 63685F73 		.ascii	"ch_system_debug\000"
 2021      79737465 
 2021      6D5F6465 
 2021      62756700 
 2022              	.LASF9:
 2023 010f 75696E74 		.ascii	"uint32_t\000"
 2023      33325F74 
 2023      00
 2024              	.LASF18:
 2025 0118 6576656E 		.ascii	"eventmask_t\000"
 2025      746D6173 
 2025      6B5F7400 
 2026              	.LASF49:
 2027 0124 725F7072 		.ascii	"r_prio\000"
 2027      696F00
 2028              	.LASF61:
 2029 012b 76745F70 		.ascii	"vt_par\000"
 2029      617200
 2030              	.LASF86:
 2031 0132 63685F73 		.ascii	"ch_semaphore\000"
 2031      656D6170 
 2031      686F7265 
 2031      00
 2032              	.LASF16:
 2033 013f 74707269 		.ascii	"tprio_t\000"
 2033      6F5F7400 
 2034              	.LASF56:
 2035 0147 63685F76 		.ascii	"ch_virtual_timer\000"
 2035      69727475 
 2035      616C5F74 
 2035      696D6572 
 2035      00
ARM GAS  /tmp/ccghocq8.s 			page 38


 2036              	.LASF11:
 2037 0158 6C6F6E67 		.ascii	"long long unsigned int\000"
 2037      206C6F6E 
 2037      6720756E 
 2037      7369676E 
 2037      65642069 
 2038              	.LASF108:
 2039 016f 474E5520 		.ascii	"GNU C 4.9.2 -mcpu=cortex-m4 -mfloat-abi=soft -mfp16"
 2039      4320342E 
 2039      392E3220 
 2039      2D6D6370 
 2039      753D636F 
 2040 01a2 2D666F72 		.ascii	"-format=none -mno-thumb-interwork -mthumb -mfpu=vfp"
 2040      6D61743D 
 2040      6E6F6E65 
 2040      202D6D6E 
 2040      6F2D7468 
 2041 01d5 76332D64 		.ascii	"v3-d16 -mtls-dialect=gnu -ggdb -O2 -fomit-frame-poi"
 2041      3136202D 
 2041      6D746C73 
 2041      2D646961 
 2041      6C656374 
 2042 0208 6E746572 		.ascii	"nter -falign-functions=16 -ffunction-sections -fdat"
 2042      202D6661 
 2042      6C69676E 
 2042      2D66756E 
 2042      6374696F 
 2043 023b 612D7365 		.ascii	"a-sections -fno-common\000"
 2043      6374696F 
 2043      6E73202D 
 2043      666E6F2D 
 2043      636F6D6D 
 2044              	.LASF19:
 2045 0252 636E745F 		.ascii	"cnt_t\000"
 2045      7400
 2046              	.LASF101:
 2047 0258 63685379 		.ascii	"chSysUnlock\000"
 2047      73556E6C 
 2047      6F636B00 
 2048              	.LASF26:
 2049 0264 705F6E65 		.ascii	"p_newer\000"
 2049      77657200 
 2050              	.LASF98:
 2051 026c 76616C75 		.ascii	"value\000"
 2051      6500
 2052              	.LASF63:
 2053 0272 63685F76 		.ascii	"ch_virtual_timers_list\000"
 2053      69727475 
 2053      616C5F74 
 2053      696D6572 
 2053      735F6C69 
 2054              	.LASF21:
 2055 0289 74687265 		.ascii	"thread_t\000"
 2055      61645F74 
 2055      00
 2056              	.LASF112:
 2057 0292 5F636F72 		.ascii	"_core_init\000"
ARM GAS  /tmp/ccghocq8.s 			page 39


 2057      655F696E 
 2057      697400
 2058              	.LASF103:
 2059 029d 5F5F6865 		.ascii	"__heap_base__\000"
 2059      61705F62 
 2059      6173655F 
 2059      5F00
 2060              	.LASF3:
 2061 02ab 73697A65 		.ascii	"size_t\000"
 2061      5F7400
 2062              	.LASF79:
 2063 02b2 7264796D 		.ascii	"rdymsg\000"
 2063      736700
 2064              	.LASF89:
 2065 02b9 63685F6D 		.ascii	"ch_mutex\000"
 2065      75746578 
 2065      00
 2066              	.LASF97:
 2067 02c2 63685379 		.ascii	"chSysLock\000"
 2067      734C6F63 
 2067      6B00
 2068              	.LASF28:
 2069 02cc 705F6E61 		.ascii	"p_name\000"
 2069      6D6500
 2070              	.LASF59:
 2071 02d3 76745F64 		.ascii	"vt_delta\000"
 2071      656C7461 
 2071      00
 2072              	.LASF109:
 2073 02dc 2E2E2F6F 		.ascii	"../os/rt/src/chmemcore.c\000"
 2073      732F7274 
 2073      2F737263 
 2073      2F63686D 
 2073      656D636F 
 2074              	.LASF40:
 2075 02f5 74687265 		.ascii	"thread_reference_t\000"
 2075      61645F72 
 2075      65666572 
 2075      656E6365 
 2075      5F7400
 2076              	.LASF13:
 2077 0308 74737461 		.ascii	"tstate_t\000"
 2077      74655F74 
 2077      00
 2078              	.LASF27:
 2079 0311 705F6F6C 		.ascii	"p_older\000"
 2079      64657200 
 2080              	.LASF29:
 2081 0319 705F7374 		.ascii	"p_state\000"
 2081      61746500 
 2082              	.LASF113:
 2083 0321 6368436F 		.ascii	"chCoreAlloc\000"
 2083      7265416C 
 2083      6C6F6300 
 2084              	.LASF6:
 2085 032d 75696E74 		.ascii	"uint8_t\000"
 2085      385F7400 
ARM GAS  /tmp/ccghocq8.s 			page 40


 2086              	.LASF39:
 2087 0335 705F6D70 		.ascii	"p_mpool\000"
 2087      6F6F6C00 
 2088              	.LASF37:
 2089 033d 705F6D74 		.ascii	"p_mtxlist\000"
 2089      786C6973 
 2089      7400
 2090              	.LASF42:
 2091 0347 63685F74 		.ascii	"ch_thread\000"
 2091      68726561 
 2091      6400
 2092              	.LASF65:
 2093 0351 73797374 		.ascii	"system_debug_t\000"
 2093      656D5F64 
 2093      65627567 
 2093      5F7400
 2094              	.LASF5:
 2095 0360 6C6F6E67 		.ascii	"long long int\000"
 2095      206C6F6E 
 2095      6720696E 
 2095      7400
 2096              	.LASF48:
 2097 036e 725F7175 		.ascii	"r_queue\000"
 2097      65756500 
 2098              	.LASF51:
 2099 0376 725F6E65 		.ascii	"r_newer\000"
 2099      77657200 
 2100              	.LASF17:
 2101 037e 6D73675F 		.ascii	"msg_t\000"
 2101      7400
 2102              	.LASF77:
 2103 0384 636F6E74 		.ascii	"context\000"
 2103      65787400 
 2104              	.LASF30:
 2105 038c 705F666C 		.ascii	"p_flags\000"
 2105      61677300 
 2106              	.LASF55:
 2107 0394 76697274 		.ascii	"virtual_timer_t\000"
 2107      75616C5F 
 2107      74696D65 
 2107      725F7400 
 2108              	.LASF99:
 2109 03a4 73697A65 		.ascii	"size\000"
 2109      00
 2110              	.LASF15:
 2111 03a9 74736C69 		.ascii	"tslices_t\000"
 2111      6365735F 
 2111      7400
 2112              	.LASF52:
 2113 03b3 725F6F6C 		.ascii	"r_older\000"
 2113      64657200 
 2114              	.LASF110:
 2115 03bb 2F686F6D 		.ascii	"/home/bunnie/code/chibios-netvcr/netvcr\000"
 2115      652F6275 
 2115      6E6E6965 
 2115      2F636F64 
 2115      652F6368 
ARM GAS  /tmp/ccghocq8.s 			page 41


 2116              	.LASF67:
 2117 03e3 70616E69 		.ascii	"panic_msg\000"
 2117      635F6D73 
 2117      6700
 2118              	.LASF35:
 2119 03ed 705F6D73 		.ascii	"p_msg\000"
 2119      6700
 2120              	.LASF12:
 2121 03f3 746D6F64 		.ascii	"tmode_t\000"
 2121      655F7400 
 2122              	.LASF72:
 2123 03fb 6D61696E 		.ascii	"mainthread\000"
 2123      74687265 
 2123      616400
 2124              	.LASF38:
 2125 0406 705F7265 		.ascii	"p_realprio\000"
 2125      616C7072 
 2125      696F00
 2126              	.LASF2:
 2127 0411 73686F72 		.ascii	"short int\000"
 2127      7420696E 
 2127      7400
 2128              	.LASF53:
 2129 041b 725F6375 		.ascii	"r_current\000"
 2129      7272656E 
 2129      7400
 2130              	.LASF36:
 2131 0425 705F6570 		.ascii	"p_epending\000"
 2131      656E6469 
 2131      6E6700
 2132              	.LASF90:
 2133 0430 6D5F7175 		.ascii	"m_queue\000"
 2133      65756500 
 2134              	.LASF78:
 2135 0438 706F7274 		.ascii	"port_intctx\000"
 2135      5F696E74 
 2135      63747800 
 2136              	.LASF107:
 2137 0444 49544D5F 		.ascii	"ITM_RxBuffer\000"
 2137      52784275 
 2137      66666572 
 2137      00
 2138              	.LASF69:
 2139 0451 63685F73 		.ascii	"ch_system\000"
 2139      79737465 
 2139      6D00
 2140              	.LASF100:
 2141 045b 5F5F7365 		.ascii	"__set_BASEPRI\000"
 2141      745F4241 
 2141      53455052 
 2141      4900
 2142              	.LASF22:
 2143 0469 705F6E65 		.ascii	"p_next\000"
 2143      787400
 2144              	.LASF10:
 2145 0470 75696E74 		.ascii	"uint64_t\000"
 2145      36345F74 
ARM GAS  /tmp/ccghocq8.s 			page 42


 2145      00
 2146              	.LASF25:
 2147 0479 705F6374 		.ascii	"p_ctx\000"
 2147      7800
 2148              	.LASF70:
 2149 047f 726C6973 		.ascii	"rlist\000"
 2149      7400
 2150              	.LASF23:
 2151 0485 705F7072 		.ascii	"p_prev\000"
 2151      657600
 2152              	.LASF74:
 2153 048c 73697A65 		.ascii	"sizetype\000"
 2153      74797065 
 2153      00
 2154              	.LASF14:
 2155 0495 74726566 		.ascii	"trefs_t\000"
 2155      735F7400 
 2156              	.LASF46:
 2157 049d 72656164 		.ascii	"ready_list_t\000"
 2157      795F6C69 
 2157      73745F74 
 2157      00
 2158              	.LASF4:
 2159 04aa 696E7433 		.ascii	"int32_t\000"
 2159      325F7400 
 2160              	.LASF83:
 2161 04b2 77747365 		.ascii	"wtsemp\000"
 2161      6D7000
 2162              	.LASF94:
 2163 04b9 6D757465 		.ascii	"mutex_t\000"
 2163      785F7400 
 2164              	.LASF7:
 2165 04c1 756E7369 		.ascii	"unsigned char\000"
 2165      676E6564 
 2165      20636861 
 2165      7200
 2166              	.LASF62:
 2167 04cf 76697274 		.ascii	"virtual_timers_list_t\000"
 2167      75616C5F 
 2167      74696D65 
 2167      72735F6C 
 2167      6973745F 
 2168              	.LASF31:
 2169 04e5 705F7265 		.ascii	"p_refs\000"
 2169      667300
 2170              	.LASF32:
 2171 04ec 705F7072 		.ascii	"p_preempt\000"
 2171      65656D70 
 2171      7400
 2172              	.LASF57:
 2173 04f6 76745F6E 		.ascii	"vt_next\000"
 2173      65787400 
 2174              	.LASF68:
 2175 04fe 63685F73 		.ascii	"ch_system_t\000"
 2175      79737465 
 2175      6D5F7400 
 2176              	.LASF82:
ARM GAS  /tmp/ccghocq8.s 			page 43


 2177 050a 77747472 		.ascii	"wttrp\000"
 2177      7000
 2178              	.LASF92:
 2179 0510 6D5F6E65 		.ascii	"m_next\000"
 2179      787400
 2180              	.LASF1:
 2181 0517 7369676E 		.ascii	"signed char\000"
 2181      65642063 
 2181      68617200 
 2182              	.LASF8:
 2183 0523 73686F72 		.ascii	"short unsigned int\000"
 2183      7420756E 
 2183      7369676E 
 2183      65642069 
 2183      6E7400
 2184              	.LASF50:
 2185 0536 725F6374 		.ascii	"r_ctx\000"
 2185      7800
 2186              	.LASF76:
 2187 053c 73746B61 		.ascii	"stkalign_t\000"
 2187      6C69676E 
 2187      5F7400
 2188              	.LASF106:
 2189 0547 656E646D 		.ascii	"endmem\000"
 2189      656D00
 2190              	.LASF102:
 2191 054e 5F5F6675 		.ascii	"__func__\000"
 2191      6E635F5F 
 2191      00
 2192              	.LASF60:
 2193 0557 76745F66 		.ascii	"vt_func\000"
 2193      756E6300 
 2194              	.LASF96:
 2195 055f 706F7274 		.ascii	"port_unlock\000"
 2195      5F756E6C 
 2195      6F636B00 
 2196              	.LASF58:
 2197 056b 76745F70 		.ascii	"vt_prev\000"
 2197      72657600 
 2198              	.LASF111:
 2199 0573 6368436F 		.ascii	"chCoreAllocI\000"
 2199      7265416C 
 2199      6C6F6349 
 2199      00
 2200              	.LASF105:
 2201 0580 6E657874 		.ascii	"nextmem\000"
 2201      6D656D00 
 2202              	.LASF80:
 2203 0588 65786974 		.ascii	"exitcode\000"
 2203      636F6465 
 2203      00
 2204              	.LASF104:
 2205 0591 5F5F6865 		.ascii	"__heap_end__\000"
 2205      61705F65 
 2205      6E645F5F 
 2205      00
 2206              		.ident	"GCC: (Debian 4.9.2-10) 4.9.2"
ARM GAS  /tmp/ccghocq8.s 			page 44


 2207              		.section	.note.GNU-stack,"",%progbits
ARM GAS  /tmp/ccghocq8.s 			page 45


DEFINED SYMBOLS
                            *ABS*:00000000 chmemcore.c
     /tmp/ccghocq8.s:19     .text._core_init:00000000 $t
     /tmp/ccghocq8.s:25     .text._core_init:00000000 _core_init
     /tmp/ccghocq8.s:53     .text._core_init:00000018 $d
     /tmp/ccghocq8.s:61     .text.chCoreAlloc:00000000 $t
     /tmp/ccghocq8.s:67     .text.chCoreAlloc:00000000 chCoreAlloc
     /tmp/ccghocq8.s:148    .text.chCoreAlloc:00000030 $d
     /tmp/ccghocq8.s:154    .text.chCoreAllocI:00000000 $t
     /tmp/ccghocq8.s:160    .text.chCoreAllocI:00000000 chCoreAllocI
     /tmp/ccghocq8.s:203    .text.chCoreAllocI:00000024 $d
     /tmp/ccghocq8.s:209    .text.chCoreGetStatusX:00000000 $t
     /tmp/ccghocq8.s:215    .text.chCoreGetStatusX:00000000 chCoreGetStatusX
     /tmp/ccghocq8.s:233    .text.chCoreGetStatusX:0000000c $d
     /tmp/ccghocq8.s:239    .bss.endmem:00000000 $d
     /tmp/ccghocq8.s:243    .bss.endmem:00000000 endmem
     /tmp/ccghocq8.s:246    .bss.nextmem:00000000 $d
     /tmp/ccghocq8.s:250    .bss.nextmem:00000000 nextmem
                     .debug_frame:00000010 $d
     /tmp/ccghocq8.s:60     .text._core_init:00000028 $t
     /tmp/ccghocq8.s:153    .text.chCoreAlloc:00000038 $t
     /tmp/ccghocq8.s:208    .text.chCoreAllocI:0000002c $t
     /tmp/ccghocq8.s:238    .text.chCoreGetStatusX:00000014 $t

UNDEFINED SYMBOLS
__heap_base__
__heap_end__
