ARM GAS  /tmp/ccMTRTyK.s 			page 1


   1              		.syntax unified
   2              		.cpu cortex-m4
   3              		.fpu softvfp
   4              		.eabi_attribute 20, 1
   5              		.eabi_attribute 21, 1
   6              		.eabi_attribute 23, 3
   7              		.eabi_attribute 24, 1
   8              		.eabi_attribute 25, 1
   9              		.eabi_attribute 26, 2
  10              		.eabi_attribute 30, 2
  11              		.eabi_attribute 34, 1
  12              		.eabi_attribute 18, 4
  13              		.thumb
  14              		.file	"chvt.c"
  15              		.text
  16              	.Ltext0:
  17              		.cfi_sections	.debug_frame
  18              		.section	.text._vt_init,"ax",%progbits
  19              		.align	2
  20              		.p2align 4,,15
  21              		.global	_vt_init
  22              		.thumb
  23              		.thumb_func
  24              		.type	_vt_init, %function
  25              	_vt_init:
  26              	.LFB230:
  27              		.file 1 "../os/rt/src/chvt.c"
  28              		.loc 1 61 0
  29              		.cfi_startproc
  30              		@ args = 0, pretend = 0, frame = 0
  31              		@ frame_needed = 0, uses_anonymous_args = 0
  32              		@ link register save eliminated.
  33              		.loc 1 63 0
  34 0000 054B     		ldr	r3, .L2
  35              		.loc 1 65 0
  36 0002 4FF0FF30 		mov	r0, #-1
  37              		.loc 1 63 0
  38 0006 03F11C02 		add	r2, r3, #28
  39              		.loc 1 67 0
  40 000a 0021     		movs	r1, #0
  41              		.loc 1 65 0
  42 000c 5862     		str	r0, [r3, #36]
  43              		.loc 1 67 0
  44 000e 9962     		str	r1, [r3, #40]
  45              		.loc 1 63 0
  46 0010 DA61     		str	r2, [r3, #28]
  47              		.loc 1 64 0
  48 0012 1A62     		str	r2, [r3, #32]
  49 0014 7047     		bx	lr
  50              	.L3:
  51 0016 00BF     		.align	2
  52              	.L2:
  53 0018 00000000 		.word	ch
  54              		.cfi_endproc
  55              	.LFE230:
  56              		.size	_vt_init, .-_vt_init
  57 001c AFF30080 		.section	.text.chVTDoSetI,"ax",%progbits
ARM GAS  /tmp/ccMTRTyK.s 			page 2


  58              		.align	2
  59              		.p2align 4,,15
  60              		.global	chVTDoSetI
  61              		.thumb
  62              		.thumb_func
  63              		.type	chVTDoSetI, %function
  64              	chVTDoSetI:
  65              	.LFB231:
  66              		.loc 1 96 0
  67              		.cfi_startproc
  68              		@ args = 0, pretend = 0, frame = 0
  69              		@ frame_needed = 0, uses_anonymous_args = 0
  70              		@ link register save eliminated.
  71              	.LVL0:
  72 0000 70B4     		push	{r4, r5, r6}
  73              		.cfi_def_cfa_offset 12
  74              		.cfi_offset 4, -12
  75              		.cfi_offset 5, -8
  76              		.cfi_offset 6, -4
  77              		.loc 1 150 0
  78 0002 0D4E     		ldr	r6, .L10
  79 0004 F469     		ldr	r4, [r6, #28]
  80              		.loc 1 151 0
  81 0006 A568     		ldr	r5, [r4, #8]
  82              		.loc 1 103 0
  83 0008 0361     		str	r3, [r0, #16]
  84              		.loc 1 151 0
  85 000a A942     		cmp	r1, r5
  86              		.loc 1 104 0
  87 000c C260     		str	r2, [r0, #12]
  88              	.LVL1:
  89              		.loc 1 151 0
  90 000e 04D9     		bls	.L5
  91              	.LVL2:
  92              	.L6:
  93              		.loc 1 153 0
  94 0010 2468     		ldr	r4, [r4]
  95              	.LVL3:
  96              		.loc 1 152 0
  97 0012 491B     		subs	r1, r1, r5
  98              	.LVL4:
  99              		.loc 1 151 0
 100 0014 A568     		ldr	r5, [r4, #8]
 101 0016 8D42     		cmp	r5, r1
 102 0018 FAD3     		bcc	.L6
 103              	.L5:
 104              		.loc 1 158 0
 105 001a 6368     		ldr	r3, [r4, #4]
 106              	.LVL5:
 107 001c 4360     		str	r3, [r0, #4]
 108              		.loc 1 157 0
 109 001e 0460     		str	r4, [r0]
 110              		.loc 1 159 0
 111 0020 1860     		str	r0, [r3]
 112              		.loc 1 160 0
 113 0022 6060     		str	r0, [r4, #4]
 114              		.loc 1 161 0
ARM GAS  /tmp/ccMTRTyK.s 			page 3


 115 0024 8160     		str	r1, [r0, #8]
 116              		.loc 1 165 0
 117 0026 A368     		ldr	r3, [r4, #8]
 118              		.loc 1 166 0
 119 0028 4FF0FF32 		mov	r2, #-1
 120              	.LVL6:
 121              		.loc 1 165 0
 122 002c 591A     		subs	r1, r3, r1
 123              	.LVL7:
 124 002e A160     		str	r1, [r4, #8]
 125              	.LVL8:
 126              		.loc 1 166 0
 127 0030 7262     		str	r2, [r6, #36]
 128              		.loc 1 167 0
 129 0032 70BC     		pop	{r4, r5, r6}
 130              		.cfi_restore 6
 131              		.cfi_restore 5
 132              		.cfi_restore 4
 133              		.cfi_def_cfa_offset 0
 134              	.LVL9:
 135 0034 7047     		bx	lr
 136              	.L11:
 137 0036 00BF     		.align	2
 138              	.L10:
 139 0038 00000000 		.word	ch
 140              		.cfi_endproc
 141              	.LFE231:
 142              		.size	chVTDoSetI, .-chVTDoSetI
 143 003c AFF30080 		.section	.text.chVTDoResetI,"ax",%progbits
 144              		.align	2
 145              		.p2align 4,,15
 146              		.global	chVTDoResetI
 147              		.thumb
 148              		.thumb_func
 149              		.type	chVTDoResetI, %function
 150              	chVTDoResetI:
 151              	.LFB232:
 152              		.loc 1 177 0
 153              		.cfi_startproc
 154              		@ args = 0, pretend = 0, frame = 0
 155              		@ frame_needed = 0, uses_anonymous_args = 0
 156              		@ link register save eliminated.
 157              	.LVL10:
 158              		.loc 1 186 0
 159 0000 0368     		ldr	r3, [r0]
 160 0002 8268     		ldr	r2, [r0, #8]
 161              		.loc 1 189 0
 162 0004 4168     		ldr	r1, [r0, #4]
 163              		.loc 1 177 0
 164 0006 30B4     		push	{r4, r5}
 165              		.cfi_def_cfa_offset 8
 166              		.cfi_offset 4, -8
 167              		.cfi_offset 5, -4
 168              		.loc 1 186 0
 169 0008 9D68     		ldr	r5, [r3, #8]
 170              		.loc 1 195 0
 171 000a 064C     		ldr	r4, .L14
ARM GAS  /tmp/ccMTRTyK.s 			page 4


 172              		.loc 1 186 0
 173 000c 2A44     		add	r2, r2, r5
 174 000e 9A60     		str	r2, [r3, #8]
 175              		.loc 1 189 0
 176 0010 0B60     		str	r3, [r1]
 177              		.loc 1 190 0
 178 0012 0568     		ldr	r5, [r0]
 179              		.loc 1 191 0
 180 0014 0022     		movs	r2, #0
 181              		.loc 1 195 0
 182 0016 4FF0FF33 		mov	r3, #-1
 183              		.loc 1 190 0
 184 001a 6960     		str	r1, [r5, #4]
 185              		.loc 1 191 0
 186 001c C260     		str	r2, [r0, #12]
 187              		.loc 1 195 0
 188 001e 6362     		str	r3, [r4, #36]
 189              		.loc 1 255 0
 190 0020 30BC     		pop	{r4, r5}
 191              		.cfi_restore 5
 192              		.cfi_restore 4
 193              		.cfi_def_cfa_offset 0
 194 0022 7047     		bx	lr
 195              	.L15:
 196              		.align	2
 197              	.L14:
 198 0024 00000000 		.word	ch
 199              		.cfi_endproc
 200              	.LFE232:
 201              		.size	chVTDoResetI, .-chVTDoResetI
 202 0028 AFF30080 		.text
 202      AFF30080 
 203              	.Letext0:
 204              		.file 2 "/usr/include/stdint.h"
 205              		.file 3 "../os/rt/ports/ARMCMx/compilers/GCC/chtypes.h"
 206              		.file 4 "../os/rt/include/chsystypes.h"
 207              		.file 5 "../os/rt/include/chschd.h"
 208              		.file 6 "../os/rt/ports/ARMCMx/chcore.h"
 209              		.file 7 "../os/rt/ports/ARMCMx/chcore_v7m.h"
 210              		.file 8 "../os/rt/include/chsem.h"
 211              		.file 9 "../os/rt/include/chmtx.h"
 212              		.file 10 "../os/ext/CMSIS/include/core_cm4.h"
 213              		.section	.debug_info,"",%progbits
 214              	.Ldebug_info0:
 215 0000 B6060000 		.4byte	0x6b6
 216 0004 0400     		.2byte	0x4
 217 0006 00000000 		.4byte	.Ldebug_abbrev0
 218 000a 04       		.byte	0x4
 219 000b 01       		.uleb128 0x1
 220 000c 56030000 		.4byte	.LASF101
 221 0010 01       		.byte	0x1
 222 0011 10030000 		.4byte	.LASF102
 223 0015 29000000 		.4byte	.LASF103
 224 0019 00000000 		.4byte	.Ldebug_ranges0+0
 225 001d 00000000 		.4byte	0
 226 0021 00000000 		.4byte	.Ldebug_line0
 227 0025 02       		.uleb128 0x2
ARM GAS  /tmp/ccMTRTyK.s 			page 5


 228 0026 04       		.byte	0x4
 229 0027 05       		.byte	0x5
 230 0028 696E7400 		.ascii	"int\000"
 231 002c 03       		.uleb128 0x3
 232 002d 04       		.byte	0x4
 233 002e 07       		.byte	0x7
 234 002f 3C020000 		.4byte	.LASF0
 235 0033 03       		.uleb128 0x3
 236 0034 01       		.byte	0x1
 237 0035 06       		.byte	0x6
 238 0036 08020000 		.4byte	.LASF1
 239 003a 03       		.uleb128 0x3
 240 003b 02       		.byte	0x2
 241 003c 05       		.byte	0x5
 242 003d 75000000 		.4byte	.LASF2
 243 0041 04       		.uleb128 0x4
 244 0042 33030000 		.4byte	.LASF4
 245 0046 02       		.byte	0x2
 246 0047 26       		.byte	0x26
 247 0048 25000000 		.4byte	0x25
 248 004c 03       		.uleb128 0x3
 249 004d 08       		.byte	0x8
 250 004e 05       		.byte	0x5
 251 004f 6A010000 		.4byte	.LASF3
 252 0053 04       		.uleb128 0x4
 253 0054 06010000 		.4byte	.LASF5
 254 0058 02       		.byte	0x2
 255 0059 30       		.byte	0x30
 256 005a 5E000000 		.4byte	0x5e
 257 005e 03       		.uleb128 0x3
 258 005f 01       		.byte	0x1
 259 0060 08       		.byte	0x8
 260 0061 E2010000 		.4byte	.LASF6
 261 0065 03       		.uleb128 0x3
 262 0066 02       		.byte	0x2
 263 0067 07       		.byte	0x7
 264 0068 E1020000 		.4byte	.LASF7
 265 006c 04       		.uleb128 0x4
 266 006d 33020000 		.4byte	.LASF8
 267 0071 02       		.byte	0x2
 268 0072 33       		.byte	0x33
 269 0073 2C000000 		.4byte	0x2c
 270 0077 04       		.uleb128 0x4
 271 0078 61000000 		.4byte	.LASF9
 272 007c 02       		.byte	0x2
 273 007d 3A       		.byte	0x3a
 274 007e 82000000 		.4byte	0x82
 275 0082 03       		.uleb128 0x3
 276 0083 08       		.byte	0x8
 277 0084 07       		.byte	0x7
 278 0085 1C020000 		.4byte	.LASF10
 279 0089 04       		.uleb128 0x4
 280 008a 62010000 		.4byte	.LASF11
 281 008e 03       		.byte	0x3
 282 008f 3C       		.byte	0x3c
 283 0090 53000000 		.4byte	0x53
 284 0094 04       		.uleb128 0x4
ARM GAS  /tmp/ccMTRTyK.s 			page 6


 285 0095 7E040000 		.4byte	.LASF12
 286 0099 03       		.byte	0x3
 287 009a 3D       		.byte	0x3d
 288 009b 53000000 		.4byte	0x53
 289 009f 04       		.uleb128 0x4
 290 00a0 09000000 		.4byte	.LASF13
 291 00a4 03       		.byte	0x3
 292 00a5 3E       		.byte	0x3e
 293 00a6 53000000 		.4byte	0x53
 294 00aa 04       		.uleb128 0x4
 295 00ab 2A010000 		.4byte	.LASF14
 296 00af 03       		.byte	0x3
 297 00b0 3F       		.byte	0x3f
 298 00b1 53000000 		.4byte	0x53
 299 00b5 04       		.uleb128 0x4
 300 00b6 C2010000 		.4byte	.LASF15
 301 00ba 03       		.byte	0x3
 302 00bb 40       		.byte	0x40
 303 00bc 6C000000 		.4byte	0x6c
 304 00c0 04       		.uleb128 0x4
 305 00c1 06050000 		.4byte	.LASF16
 306 00c5 03       		.byte	0x3
 307 00c6 41       		.byte	0x41
 308 00c7 41000000 		.4byte	0x41
 309 00cb 04       		.uleb128 0x4
 310 00cc B5000000 		.4byte	.LASF17
 311 00d0 03       		.byte	0x3
 312 00d1 43       		.byte	0x43
 313 00d2 6C000000 		.4byte	0x6c
 314 00d6 04       		.uleb128 0x4
 315 00d7 DB020000 		.4byte	.LASF18
 316 00db 03       		.byte	0x3
 317 00dc 45       		.byte	0x45
 318 00dd 41000000 		.4byte	0x41
 319 00e1 04       		.uleb128 0x4
 320 00e2 97020000 		.4byte	.LASF19
 321 00e6 04       		.byte	0x4
 322 00e7 33       		.byte	0x33
 323 00e8 6C000000 		.4byte	0x6c
 324 00ec 04       		.uleb128 0x4
 325 00ed 00000000 		.4byte	.LASF20
 326 00f1 04       		.byte	0x4
 327 00f2 3F       		.byte	0x3f
 328 00f3 F7000000 		.4byte	0xf7
 329 00f7 05       		.uleb128 0x5
 330 00f8 4A010000 		.4byte	.LASF41
 331 00fc 44       		.byte	0x44
 332 00fd 05       		.byte	0x5
 333 00fe C2       		.byte	0xc2
 334 00ff F0010000 		.4byte	0x1f0
 335 0103 06       		.uleb128 0x6
 336 0104 AC020000 		.4byte	.LASF21
 337 0108 05       		.byte	0x5
 338 0109 C3       		.byte	0xc3
 339 010a FB010000 		.4byte	0x1fb
 340 010e 00       		.byte	0
 341 010f 06       		.uleb128 0x6
ARM GAS  /tmp/ccMTRTyK.s 			page 7


 342 0110 99000000 		.4byte	.LASF22
 343 0114 05       		.byte	0x5
 344 0115 C5       		.byte	0xc5
 345 0116 FB010000 		.4byte	0x1fb
 346 011a 04       		.byte	0x4
 347 011b 06       		.uleb128 0x6
 348 011c CC000000 		.4byte	.LASF23
 349 0120 05       		.byte	0x5
 350 0121 C7       		.byte	0xc7
 351 0122 B5000000 		.4byte	0xb5
 352 0126 08       		.byte	0x8
 353 0127 06       		.uleb128 0x6
 354 0128 E4040000 		.4byte	.LASF24
 355 012c 05       		.byte	0x5
 356 012d C8       		.byte	0xc8
 357 012e 1F040000 		.4byte	0x41f
 358 0132 0C       		.byte	0xc
 359 0133 06       		.uleb128 0x6
 360 0134 14020000 		.4byte	.LASF25
 361 0138 05       		.byte	0x5
 362 0139 CA       		.byte	0xca
 363 013a FB010000 		.4byte	0x1fb
 364 013e 10       		.byte	0x10
 365 013f 06       		.uleb128 0x6
 366 0140 A4040000 		.4byte	.LASF26
 367 0144 05       		.byte	0x5
 368 0145 CB       		.byte	0xcb
 369 0146 FB010000 		.4byte	0x1fb
 370 014a 14       		.byte	0x14
 371 014b 06       		.uleb128 0x6
 372 014c 78010000 		.4byte	.LASF27
 373 0150 05       		.byte	0x5
 374 0151 D2       		.byte	0xd2
 375 0152 7E050000 		.4byte	0x57e
 376 0156 18       		.byte	0x18
 377 0157 06       		.uleb128 0x6
 378 0158 CC020000 		.4byte	.LASF28
 379 015c 05       		.byte	0x5
 380 015d DD       		.byte	0xdd
 381 015e 94000000 		.4byte	0x94
 382 0162 1C       		.byte	0x1c
 383 0163 06       		.uleb128 0x6
 384 0164 7B020000 		.4byte	.LASF29
 385 0168 05       		.byte	0x5
 386 0169 E1       		.byte	0xe1
 387 016a 89000000 		.4byte	0x89
 388 016e 1D       		.byte	0x1d
 389 016f 06       		.uleb128 0x6
 390 0170 CF040000 		.4byte	.LASF30
 391 0174 05       		.byte	0x5
 392 0175 E6       		.byte	0xe6
 393 0176 9F000000 		.4byte	0x9f
 394 017a 1E       		.byte	0x1e
 395 017b 06       		.uleb128 0x6
 396 017c 42030000 		.4byte	.LASF31
 397 0180 05       		.byte	0x5
 398 0181 EC       		.byte	0xec
ARM GAS  /tmp/ccMTRTyK.s 			page 8


 399 0182 AA000000 		.4byte	0xaa
 400 0186 1F       		.byte	0x1f
 401 0187 07       		.uleb128 0x7
 402 0188 705F7500 		.ascii	"p_u\000"
 403 018c 05       		.byte	0x5
 404 018d 3101     		.2byte	0x131
 405 018f B9040000 		.4byte	0x4b9
 406 0193 20       		.byte	0x20
 407 0194 08       		.uleb128 0x8
 408 0195 F4020000 		.4byte	.LASF32
 409 0199 05       		.byte	0x5
 410 019a 3601     		.2byte	0x136
 411 019c 01020000 		.4byte	0x201
 412 01a0 24       		.byte	0x24
 413 01a1 08       		.uleb128 0x8
 414 01a2 C1000000 		.4byte	.LASF33
 415 01a6 05       		.byte	0x5
 416 01a7 3C01     		.2byte	0x13c
 417 01a9 25020000 		.4byte	0x225
 418 01ad 28       		.byte	0x28
 419 01ae 08       		.uleb128 0x8
 420 01af DC010000 		.4byte	.LASF34
 421 01b3 05       		.byte	0x5
 422 01b4 4001     		.2byte	0x140
 423 01b6 C0000000 		.4byte	0xc0
 424 01ba 30       		.byte	0x30
 425 01bb 08       		.uleb128 0x8
 426 01bc 8E000000 		.4byte	.LASF35
 427 01c0 05       		.byte	0x5
 428 01c1 4601     		.2byte	0x146
 429 01c3 CB000000 		.4byte	0xcb
 430 01c7 34       		.byte	0x34
 431 01c8 08       		.uleb128 0x8
 432 01c9 06030000 		.4byte	.LASF36
 433 01cd 05       		.byte	0x5
 434 01ce 4D01     		.2byte	0x14d
 435 01d0 78050000 		.4byte	0x578
 436 01d4 38       		.byte	0x38
 437 01d5 08       		.uleb128 0x8
 438 01d6 8C020000 		.4byte	.LASF37
 439 01da 05       		.byte	0x5
 440 01db 5101     		.2byte	0x151
 441 01dd B5000000 		.4byte	0xb5
 442 01e1 3C       		.byte	0x3c
 443 01e2 08       		.uleb128 0x8
 444 01e3 65020000 		.4byte	.LASF38
 445 01e7 05       		.byte	0x5
 446 01e8 5801     		.2byte	0x158
 447 01ea D8020000 		.4byte	0x2d8
 448 01ee 40       		.byte	0x40
 449 01ef 00       		.byte	0
 450 01f0 04       		.uleb128 0x4
 451 01f1 5C040000 		.4byte	.LASF39
 452 01f5 04       		.byte	0x4
 453 01f6 44       		.byte	0x44
 454 01f7 FB010000 		.4byte	0x1fb
 455 01fb 09       		.uleb128 0x9
ARM GAS  /tmp/ccMTRTyK.s 			page 9


 456 01fc 04       		.byte	0x4
 457 01fd EC000000 		.4byte	0xec
 458 0201 04       		.uleb128 0x4
 459 0202 13050000 		.4byte	.LASF40
 460 0206 04       		.byte	0x4
 461 0207 49       		.byte	0x49
 462 0208 0C020000 		.4byte	0x20c
 463 020c 05       		.uleb128 0x5
 464 020d D3000000 		.4byte	.LASF42
 465 0211 04       		.byte	0x4
 466 0212 05       		.byte	0x5
 467 0213 B0       		.byte	0xb0
 468 0214 25020000 		.4byte	0x225
 469 0218 06       		.uleb128 0x6
 470 0219 AC020000 		.4byte	.LASF21
 471 021d 05       		.byte	0x5
 472 021e B1       		.byte	0xb1
 473 021f FB010000 		.4byte	0x1fb
 474 0223 00       		.byte	0
 475 0224 00       		.byte	0
 476 0225 04       		.uleb128 0x4
 477 0226 19000000 		.4byte	.LASF43
 478 022a 04       		.byte	0x4
 479 022b 50       		.byte	0x50
 480 022c 30020000 		.4byte	0x230
 481 0230 05       		.uleb128 0x5
 482 0231 0E010000 		.4byte	.LASF44
 483 0235 08       		.byte	0x8
 484 0236 05       		.byte	0x5
 485 0237 B7       		.byte	0xb7
 486 0238 55020000 		.4byte	0x255
 487 023c 06       		.uleb128 0x6
 488 023d AC020000 		.4byte	.LASF21
 489 0241 05       		.byte	0x5
 490 0242 B8       		.byte	0xb8
 491 0243 FB010000 		.4byte	0x1fb
 492 0247 00       		.byte	0
 493 0248 06       		.uleb128 0x6
 494 0249 99000000 		.4byte	.LASF22
 495 024d 05       		.byte	0x5
 496 024e B9       		.byte	0xb9
 497 024f FB010000 		.4byte	0x1fb
 498 0253 04       		.byte	0x4
 499 0254 00       		.byte	0
 500 0255 04       		.uleb128 0x4
 501 0256 AC040000 		.4byte	.LASF45
 502 025a 04       		.byte	0x4
 503 025b 57       		.byte	0x57
 504 025c 60020000 		.4byte	0x260
 505 0260 0A       		.uleb128 0xa
 506 0261 D6040000 		.4byte	.LASF46
 507 0265 1C       		.byte	0x1c
 508 0266 05       		.byte	0x5
 509 0267 9001     		.2byte	0x190
 510 0269 BC020000 		.4byte	0x2bc
 511 026d 08       		.uleb128 0x8
 512 026e 7F000000 		.4byte	.LASF47
ARM GAS  /tmp/ccMTRTyK.s 			page 10


 513 0272 05       		.byte	0x5
 514 0273 9101     		.2byte	0x191
 515 0275 25020000 		.4byte	0x225
 516 0279 00       		.byte	0
 517 027a 08       		.uleb128 0x8
 518 027b D4020000 		.4byte	.LASF48
 519 027f 05       		.byte	0x5
 520 0280 9201     		.2byte	0x192
 521 0282 B5000000 		.4byte	0xb5
 522 0286 08       		.byte	0x8
 523 0287 08       		.uleb128 0x8
 524 0288 6D020000 		.4byte	.LASF49
 525 028c 05       		.byte	0x5
 526 028d 9401     		.2byte	0x194
 527 028f 1F040000 		.4byte	0x41f
 528 0293 0C       		.byte	0xc
 529 0294 08       		.uleb128 0x8
 530 0295 73020000 		.4byte	.LASF50
 531 0299 05       		.byte	0x5
 532 029a 9701     		.2byte	0x197
 533 029c FB010000 		.4byte	0x1fb
 534 02a0 10       		.byte	0x10
 535 02a1 08       		.uleb128 0x8
 536 02a2 11000000 		.4byte	.LASF51
 537 02a6 05       		.byte	0x5
 538 02a7 9801     		.2byte	0x198
 539 02a9 FB010000 		.4byte	0x1fb
 540 02ad 14       		.byte	0x14
 541 02ae 08       		.uleb128 0x8
 542 02af D2010000 		.4byte	.LASF52
 543 02b3 05       		.byte	0x5
 544 02b4 9B01     		.2byte	0x19b
 545 02b6 FB010000 		.4byte	0x1fb
 546 02ba 18       		.byte	0x18
 547 02bb 00       		.byte	0
 548 02bc 04       		.uleb128 0x4
 549 02bd 9B040000 		.4byte	.LASF53
 550 02c1 04       		.byte	0x4
 551 02c2 5C       		.byte	0x5c
 552 02c3 C7020000 		.4byte	0x2c7
 553 02c7 09       		.uleb128 0x9
 554 02c8 04       		.byte	0x4
 555 02c9 CD020000 		.4byte	0x2cd
 556 02cd 0B       		.uleb128 0xb
 557 02ce D8020000 		.4byte	0x2d8
 558 02d2 0C       		.uleb128 0xc
 559 02d3 D8020000 		.4byte	0x2d8
 560 02d7 00       		.byte	0
 561 02d8 0D       		.uleb128 0xd
 562 02d9 04       		.byte	0x4
 563 02da 04       		.uleb128 0x4
 564 02db B2010000 		.4byte	.LASF54
 565 02df 04       		.byte	0x4
 566 02e0 61       		.byte	0x61
 567 02e1 E5020000 		.4byte	0x2e5
 568 02e5 0A       		.uleb128 0xa
 569 02e6 BB020000 		.4byte	.LASF55
ARM GAS  /tmp/ccMTRTyK.s 			page 11


 570 02ea 14       		.byte	0x14
 571 02eb 05       		.byte	0x5
 572 02ec 6B01     		.2byte	0x16b
 573 02ee 34030000 		.4byte	0x334
 574 02f2 08       		.uleb128 0x8
 575 02f3 51020000 		.4byte	.LASF56
 576 02f7 05       		.byte	0x5
 577 02f8 6C01     		.2byte	0x16c
 578 02fa 90050000 		.4byte	0x590
 579 02fe 00       		.byte	0
 580 02ff 08       		.uleb128 0x8
 581 0300 FE020000 		.4byte	.LASF57
 582 0304 05       		.byte	0x5
 583 0305 6D01     		.2byte	0x16d
 584 0307 90050000 		.4byte	0x590
 585 030b 04       		.byte	0x4
 586 030c 08       		.uleb128 0x8
 587 030d 83020000 		.4byte	.LASF58
 588 0311 05       		.byte	0x5
 589 0312 6E01     		.2byte	0x16e
 590 0314 E1000000 		.4byte	0xe1
 591 0318 08       		.byte	0x8
 592 0319 08       		.uleb128 0x8
 593 031a 76040000 		.4byte	.LASF59
 594 031e 05       		.byte	0x5
 595 031f 6F01     		.2byte	0x16f
 596 0321 BC020000 		.4byte	0x2bc
 597 0325 0C       		.byte	0xc
 598 0326 08       		.uleb128 0x8
 599 0327 EA000000 		.4byte	.LASF60
 600 032b 05       		.byte	0x5
 601 032c 7101     		.2byte	0x171
 602 032e D8020000 		.4byte	0x2d8
 603 0332 10       		.byte	0x10
 604 0333 00       		.byte	0
 605 0334 04       		.uleb128 0x4
 606 0335 B9040000 		.4byte	.LASF61
 607 0339 04       		.byte	0x4
 608 033a 66       		.byte	0x66
 609 033b 3F030000 		.4byte	0x33f
 610 033f 0A       		.uleb128 0xa
 611 0340 88010000 		.4byte	.LASF62
 612 0344 10       		.byte	0x10
 613 0345 05       		.byte	0x5
 614 0346 7B01     		.2byte	0x17b
 615 0348 81030000 		.4byte	0x381
 616 034c 08       		.uleb128 0x8
 617 034d 51020000 		.4byte	.LASF56
 618 0351 05       		.byte	0x5
 619 0352 7C01     		.2byte	0x17c
 620 0354 90050000 		.4byte	0x590
 621 0358 00       		.byte	0
 622 0359 08       		.uleb128 0x8
 623 035a FE020000 		.4byte	.LASF57
 624 035e 05       		.byte	0x5
 625 035f 7E01     		.2byte	0x17e
 626 0361 90050000 		.4byte	0x590
ARM GAS  /tmp/ccMTRTyK.s 			page 12


 627 0365 04       		.byte	0x4
 628 0366 08       		.uleb128 0x8
 629 0367 83020000 		.4byte	.LASF58
 630 036b 05       		.byte	0x5
 631 036c 8001     		.2byte	0x180
 632 036e E1000000 		.4byte	0xe1
 633 0372 08       		.byte	0x8
 634 0373 08       		.uleb128 0x8
 635 0374 1F010000 		.4byte	.LASF63
 636 0378 05       		.byte	0x5
 637 0379 8201     		.2byte	0x182
 638 037b 96050000 		.4byte	0x596
 639 037f 0C       		.byte	0xc
 640 0380 00       		.byte	0
 641 0381 04       		.uleb128 0x4
 642 0382 A0000000 		.4byte	.LASF64
 643 0386 04       		.byte	0x4
 644 0387 6B       		.byte	0x6b
 645 0388 8C030000 		.4byte	0x38c
 646 038c 0A       		.uleb128 0xa
 647 038d 51000000 		.4byte	.LASF65
 648 0391 04       		.byte	0x4
 649 0392 05       		.byte	0x5
 650 0393 A201     		.2byte	0x1a2
 651 0395 A7030000 		.4byte	0x3a7
 652 0399 08       		.uleb128 0x8
 653 039a 4C030000 		.4byte	.LASF66
 654 039e 05       		.byte	0x5
 655 039f AA01     		.2byte	0x1aa
 656 03a1 9B050000 		.4byte	0x59b
 657 03a5 00       		.byte	0
 658 03a6 00       		.byte	0
 659 03a7 04       		.uleb128 0x4
 660 03a8 F1000000 		.4byte	.LASF67
 661 03ac 04       		.byte	0x4
 662 03ad 70       		.byte	0x70
 663 03ae B2030000 		.4byte	0x3b2
 664 03b2 0E       		.uleb128 0xe
 665 03b3 9F010000 		.4byte	.LASF68
 666 03b7 5001     		.2byte	0x150
 667 03b9 05       		.byte	0x5
 668 03ba C201     		.2byte	0x1c2
 669 03bc 02040000 		.4byte	0x402
 670 03c0 08       		.uleb128 0x8
 671 03c1 A1020000 		.4byte	.LASF69
 672 03c5 05       		.byte	0x5
 673 03c6 C601     		.2byte	0x1c6
 674 03c8 55020000 		.4byte	0x255
 675 03cc 00       		.byte	0
 676 03cd 08       		.uleb128 0x8
 677 03ce E3000000 		.4byte	.LASF70
 678 03d2 05       		.byte	0x5
 679 03d3 CA01     		.2byte	0x1ca
 680 03d5 34030000 		.4byte	0x334
 681 03d9 1C       		.byte	0x1c
 682 03da 07       		.uleb128 0x7
 683 03db 64626700 		.ascii	"dbg\000"
ARM GAS  /tmp/ccMTRTyK.s 			page 13


 684 03df 05       		.byte	0x5
 685 03e0 CE01     		.2byte	0x1ce
 686 03e2 81030000 		.4byte	0x381
 687 03e6 2C       		.byte	0x2c
 688 03e7 08       		.uleb128 0x8
 689 03e8 6A000000 		.4byte	.LASF71
 690 03ec 05       		.byte	0x5
 691 03ed D201     		.2byte	0x1d2
 692 03ef EC000000 		.4byte	0xec
 693 03f3 30       		.byte	0x30
 694 03f4 08       		.uleb128 0x8
 695 03f5 24030000 		.4byte	.LASF72
 696 03f9 05       		.byte	0x5
 697 03fa E301     		.2byte	0x1e3
 698 03fc A0050000 		.4byte	0x5a0
 699 0400 78       		.byte	0x78
 700 0401 00       		.byte	0
 701 0402 03       		.uleb128 0x3
 702 0403 04       		.byte	0x4
 703 0404 07       		.byte	0x7
 704 0405 A9010000 		.4byte	.LASF73
 705 0409 04       		.uleb128 0x4
 706 040a FD000000 		.4byte	.LASF74
 707 040e 06       		.byte	0x6
 708 040f 65       		.byte	0x65
 709 0410 D8020000 		.4byte	0x2d8
 710 0414 04       		.uleb128 0x4
 711 0415 87040000 		.4byte	.LASF75
 712 0419 06       		.byte	0x6
 713 041a 6D       		.byte	0x6d
 714 041b 77000000 		.4byte	0x77
 715 041f 05       		.uleb128 0x5
 716 0420 CA010000 		.4byte	.LASF76
 717 0424 04       		.byte	0x4
 718 0425 06       		.byte	0x6
 719 0426 89       		.byte	0x89
 720 0427 38040000 		.4byte	0x438
 721 042b 0F       		.uleb128 0xf
 722 042c 72313300 		.ascii	"r13\000"
 723 0430 06       		.byte	0x6
 724 0431 8A       		.byte	0x8a
 725 0432 B3040000 		.4byte	0x4b3
 726 0436 00       		.byte	0
 727 0437 00       		.byte	0
 728 0438 05       		.uleb128 0x5
 729 0439 59020000 		.4byte	.LASF77
 730 043d 24       		.byte	0x24
 731 043e 07       		.byte	0x7
 732 043f FD       		.byte	0xfd
 733 0440 B3040000 		.4byte	0x4b3
 734 0444 07       		.uleb128 0x7
 735 0445 723400   		.ascii	"r4\000"
 736 0448 07       		.byte	0x7
 737 0449 1001     		.2byte	0x110
 738 044b 09040000 		.4byte	0x409
 739 044f 00       		.byte	0
 740 0450 07       		.uleb128 0x7
ARM GAS  /tmp/ccMTRTyK.s 			page 14


 741 0451 723500   		.ascii	"r5\000"
 742 0454 07       		.byte	0x7
 743 0455 1101     		.2byte	0x111
 744 0457 09040000 		.4byte	0x409
 745 045b 04       		.byte	0x4
 746 045c 07       		.uleb128 0x7
 747 045d 723600   		.ascii	"r6\000"
 748 0460 07       		.byte	0x7
 749 0461 1201     		.2byte	0x112
 750 0463 09040000 		.4byte	0x409
 751 0467 08       		.byte	0x8
 752 0468 07       		.uleb128 0x7
 753 0469 723700   		.ascii	"r7\000"
 754 046c 07       		.byte	0x7
 755 046d 1301     		.2byte	0x113
 756 046f 09040000 		.4byte	0x409
 757 0473 0C       		.byte	0xc
 758 0474 07       		.uleb128 0x7
 759 0475 723800   		.ascii	"r8\000"
 760 0478 07       		.byte	0x7
 761 0479 1401     		.2byte	0x114
 762 047b 09040000 		.4byte	0x409
 763 047f 10       		.byte	0x10
 764 0480 07       		.uleb128 0x7
 765 0481 723900   		.ascii	"r9\000"
 766 0484 07       		.byte	0x7
 767 0485 1501     		.2byte	0x115
 768 0487 09040000 		.4byte	0x409
 769 048b 14       		.byte	0x14
 770 048c 07       		.uleb128 0x7
 771 048d 72313000 		.ascii	"r10\000"
 772 0491 07       		.byte	0x7
 773 0492 1601     		.2byte	0x116
 774 0494 09040000 		.4byte	0x409
 775 0498 18       		.byte	0x18
 776 0499 07       		.uleb128 0x7
 777 049a 72313100 		.ascii	"r11\000"
 778 049e 07       		.byte	0x7
 779 049f 1701     		.2byte	0x117
 780 04a1 09040000 		.4byte	0x409
 781 04a5 1C       		.byte	0x1c
 782 04a6 07       		.uleb128 0x7
 783 04a7 6C7200   		.ascii	"lr\000"
 784 04aa 07       		.byte	0x7
 785 04ab 1801     		.2byte	0x118
 786 04ad 09040000 		.4byte	0x409
 787 04b1 20       		.byte	0x20
 788 04b2 00       		.byte	0
 789 04b3 09       		.uleb128 0x9
 790 04b4 04       		.byte	0x4
 791 04b5 38040000 		.4byte	0x438
 792 04b9 10       		.uleb128 0x10
 793 04ba 04       		.byte	0x4
 794 04bb 05       		.byte	0x5
 795 04bc FA       		.byte	0xfa
 796 04bd 16050000 		.4byte	0x516
 797 04c1 11       		.uleb128 0x11
ARM GAS  /tmp/ccMTRTyK.s 			page 15


 798 04c2 FF040000 		.4byte	.LASF78
 799 04c6 05       		.byte	0x5
 800 04c7 0101     		.2byte	0x101
 801 04c9 C0000000 		.4byte	0xc0
 802 04cd 11       		.uleb128 0x11
 803 04ce 92040000 		.4byte	.LASF79
 804 04d2 05       		.byte	0x5
 805 04d3 0801     		.2byte	0x108
 806 04d5 C0000000 		.4byte	0xc0
 807 04d9 11       		.uleb128 0x11
 808 04da 4C040000 		.4byte	.LASF80
 809 04de 05       		.byte	0x5
 810 04df 0F01     		.2byte	0x10f
 811 04e1 D8020000 		.4byte	0x2d8
 812 04e5 11       		.uleb128 0x11
 813 04e6 39040000 		.4byte	.LASF81
 814 04ea 05       		.byte	0x5
 815 04eb 1601     		.2byte	0x116
 816 04ed 16050000 		.4byte	0x516
 817 04f1 11       		.uleb128 0x11
 818 04f2 3B030000 		.4byte	.LASF82
 819 04f6 05       		.byte	0x5
 820 04f7 1E01     		.2byte	0x11e
 821 04f9 41050000 		.4byte	0x541
 822 04fd 11       		.uleb128 0x11
 823 04fe 0C050000 		.4byte	.LASF83
 824 0502 05       		.byte	0x5
 825 0503 2701     		.2byte	0x127
 826 0505 78050000 		.4byte	0x578
 827 0509 11       		.uleb128 0x11
 828 050a 01020000 		.4byte	.LASF84
 829 050e 05       		.byte	0x5
 830 050f 2F01     		.2byte	0x12f
 831 0511 CB000000 		.4byte	0xcb
 832 0515 00       		.byte	0
 833 0516 09       		.uleb128 0x9
 834 0517 04       		.byte	0x4
 835 0518 F0010000 		.4byte	0x1f0
 836 051c 05       		.uleb128 0x5
 837 051d 3F040000 		.4byte	.LASF85
 838 0521 0C       		.byte	0xc
 839 0522 08       		.byte	0x8
 840 0523 34       		.byte	0x34
 841 0524 41050000 		.4byte	0x541
 842 0528 06       		.uleb128 0x6
 843 0529 B3020000 		.4byte	.LASF86
 844 052d 08       		.byte	0x8
 845 052e 35       		.byte	0x35
 846 052f 25020000 		.4byte	0x225
 847 0533 00       		.byte	0
 848 0534 06       		.uleb128 0x6
 849 0535 FB010000 		.4byte	.LASF87
 850 0539 08       		.byte	0x8
 851 053a 37       		.byte	0x37
 852 053b D6000000 		.4byte	0xd6
 853 053f 08       		.byte	0x8
 854 0540 00       		.byte	0
ARM GAS  /tmp/ccMTRTyK.s 			page 16


 855 0541 09       		.uleb128 0x9
 856 0542 04       		.byte	0x4
 857 0543 1C050000 		.4byte	0x51c
 858 0547 05       		.uleb128 0x5
 859 0548 34010000 		.4byte	.LASF88
 860 054c 10       		.byte	0x10
 861 054d 09       		.byte	0x9
 862 054e 39       		.byte	0x39
 863 054f 78050000 		.4byte	0x578
 864 0553 06       		.uleb128 0x6
 865 0554 54010000 		.4byte	.LASF89
 866 0558 09       		.byte	0x9
 867 0559 3A       		.byte	0x3a
 868 055a 25020000 		.4byte	0x225
 869 055e 00       		.byte	0
 870 055f 06       		.uleb128 0x6
 871 0560 F7040000 		.4byte	.LASF90
 872 0564 09       		.byte	0x9
 873 0565 3C       		.byte	0x3c
 874 0566 FB010000 		.4byte	0x1fb
 875 056a 08       		.byte	0x8
 876 056b 06       		.uleb128 0x6
 877 056c 87000000 		.4byte	.LASF91
 878 0570 09       		.byte	0x9
 879 0571 3E       		.byte	0x3e
 880 0572 BB050000 		.4byte	0x5bb
 881 0576 0C       		.byte	0xc
 882 0577 00       		.byte	0
 883 0578 09       		.uleb128 0x9
 884 0579 04       		.byte	0x4
 885 057a 47050000 		.4byte	0x547
 886 057e 09       		.uleb128 0x9
 887 057f 04       		.byte	0x4
 888 0580 84050000 		.4byte	0x584
 889 0584 12       		.uleb128 0x12
 890 0585 89050000 		.4byte	0x589
 891 0589 03       		.uleb128 0x3
 892 058a 01       		.byte	0x1
 893 058b 08       		.byte	0x8
 894 058c A7020000 		.4byte	.LASF92
 895 0590 09       		.uleb128 0x9
 896 0591 04       		.byte	0x4
 897 0592 DA020000 		.4byte	0x2da
 898 0596 13       		.uleb128 0x13
 899 0597 E1000000 		.4byte	0xe1
 900 059b 13       		.uleb128 0x13
 901 059c 7E050000 		.4byte	0x57e
 902 05a0 14       		.uleb128 0x14
 903 05a1 14040000 		.4byte	0x414
 904 05a5 B0050000 		.4byte	0x5b0
 905 05a9 15       		.uleb128 0x15
 906 05aa 02040000 		.4byte	0x402
 907 05ae 1A       		.byte	0x1a
 908 05af 00       		.byte	0
 909 05b0 04       		.uleb128 0x4
 910 05b1 49020000 		.4byte	.LASF93
 911 05b5 09       		.byte	0x9
ARM GAS  /tmp/ccMTRTyK.s 			page 17


 912 05b6 34       		.byte	0x34
 913 05b7 47050000 		.4byte	0x547
 914 05bb 09       		.uleb128 0x9
 915 05bc 04       		.byte	0x4
 916 05bd B0050000 		.4byte	0x5b0
 917 05c1 16       		.uleb128 0x16
 918 05c2 7F010000 		.4byte	.LASF104
 919 05c6 01       		.byte	0x1
 920 05c7 3D       		.byte	0x3d
 921 05c8 00000000 		.4byte	.LFB230
 922 05cc 1C000000 		.4byte	.LFE230-.LFB230
 923 05d0 01       		.uleb128 0x1
 924 05d1 9C       		.byte	0x9c
 925 05d2 17       		.uleb128 0x17
 926 05d3 F0010000 		.4byte	.LASF97
 927 05d7 01       		.byte	0x1
 928 05d8 5F       		.byte	0x5f
 929 05d9 00000000 		.4byte	.LFB231
 930 05dd 3C000000 		.4byte	.LFE231-.LFB231
 931 05e1 01       		.uleb128 0x1
 932 05e2 9C       		.byte	0x9c
 933 05e3 47060000 		.4byte	0x647
 934 05e7 18       		.uleb128 0x18
 935 05e8 76747000 		.ascii	"vtp\000"
 936 05ec 01       		.byte	0x1
 937 05ed 5F       		.byte	0x5f
 938 05ee 90050000 		.4byte	0x590
 939 05f2 01       		.uleb128 0x1
 940 05f3 50       		.byte	0x50
 941 05f4 19       		.uleb128 0x19
 942 05f5 5C010000 		.4byte	.LASF94
 943 05f9 01       		.byte	0x1
 944 05fa 5F       		.byte	0x5f
 945 05fb E1000000 		.4byte	0xe1
 946 05ff 00000000 		.4byte	.LLST0
 947 0603 19       		.uleb128 0x19
 948 0604 6F040000 		.4byte	.LASF95
 949 0608 01       		.byte	0x1
 950 0609 60       		.byte	0x60
 951 060a BC020000 		.4byte	0x2bc
 952 060e 21000000 		.4byte	.LLST1
 953 0612 1A       		.uleb128 0x1a
 954 0613 70617200 		.ascii	"par\000"
 955 0617 01       		.byte	0x1
 956 0618 60       		.byte	0x60
 957 0619 D8020000 		.4byte	0x2d8
 958 061d 40000000 		.4byte	.LLST2
 959 0621 1B       		.uleb128 0x1b
 960 0622 7000     		.ascii	"p\000"
 961 0624 01       		.byte	0x1
 962 0625 61       		.byte	0x61
 963 0626 90050000 		.4byte	0x590
 964 062a 5F000000 		.4byte	.LLST3
 965 062e 1C       		.uleb128 0x1c
 966 062f AF000000 		.4byte	.LASF96
 967 0633 01       		.byte	0x1
 968 0634 62       		.byte	0x62
ARM GAS  /tmp/ccMTRTyK.s 			page 18


 969 0635 E1000000 		.4byte	0xe1
 970 0639 7D000000 		.4byte	.LLST4
 971 063d 1D       		.uleb128 0x1d
 972 063e 53040000 		.4byte	.LASF99
 973 0642 57060000 		.4byte	0x657
 974 0646 00       		.byte	0
 975 0647 14       		.uleb128 0x14
 976 0648 89050000 		.4byte	0x589
 977 064c 57060000 		.4byte	0x657
 978 0650 15       		.uleb128 0x15
 979 0651 02040000 		.4byte	0x402
 980 0655 0A       		.byte	0xa
 981 0656 00       		.byte	0
 982 0657 12       		.uleb128 0x12
 983 0658 47060000 		.4byte	0x647
 984 065c 17       		.uleb128 0x17
 985 065d 3D010000 		.4byte	.LASF98
 986 0661 01       		.byte	0x1
 987 0662 B1       		.byte	0xb1
 988 0663 00000000 		.4byte	.LFB232
 989 0667 28000000 		.4byte	.LFE232-.LFB232
 990 066b 01       		.uleb128 0x1
 991 066c 9C       		.byte	0x9c
 992 066d 88060000 		.4byte	0x688
 993 0671 18       		.uleb128 0x18
 994 0672 76747000 		.ascii	"vtp\000"
 995 0676 01       		.byte	0x1
 996 0677 B1       		.byte	0xb1
 997 0678 90050000 		.4byte	0x590
 998 067c 01       		.uleb128 0x1
 999 067d 50       		.byte	0x50
 1000 067e 1D       		.uleb128 0x1d
 1001 067f 53040000 		.4byte	.LASF99
 1002 0683 98060000 		.4byte	0x698
 1003 0687 00       		.byte	0
 1004 0688 14       		.uleb128 0x14
 1005 0689 89050000 		.4byte	0x589
 1006 068d 98060000 		.4byte	0x698
 1007 0691 15       		.uleb128 0x15
 1008 0692 02040000 		.4byte	0x402
 1009 0696 0C       		.byte	0xc
 1010 0697 00       		.byte	0
 1011 0698 12       		.uleb128 0x12
 1012 0699 88060000 		.4byte	0x688
 1013 069d 1E       		.uleb128 0x1e
 1014 069e EA040000 		.4byte	.LASF100
 1015 06a2 0A       		.byte	0xa
 1016 06a3 FA06     		.2byte	0x6fa
 1017 06a5 A9060000 		.4byte	0x6a9
 1018 06a9 13       		.uleb128 0x13
 1019 06aa 41000000 		.4byte	0x41
 1020 06ae 1F       		.uleb128 0x1f
 1021 06af 636800   		.ascii	"ch\000"
 1022 06b2 05       		.byte	0x5
 1023 06b3 0902     		.2byte	0x209
 1024 06b5 A7030000 		.4byte	0x3a7
 1025 06b9 00       		.byte	0
ARM GAS  /tmp/ccMTRTyK.s 			page 19


 1026              		.section	.debug_abbrev,"",%progbits
 1027              	.Ldebug_abbrev0:
 1028 0000 01       		.uleb128 0x1
 1029 0001 11       		.uleb128 0x11
 1030 0002 01       		.byte	0x1
 1031 0003 25       		.uleb128 0x25
 1032 0004 0E       		.uleb128 0xe
 1033 0005 13       		.uleb128 0x13
 1034 0006 0B       		.uleb128 0xb
 1035 0007 03       		.uleb128 0x3
 1036 0008 0E       		.uleb128 0xe
 1037 0009 1B       		.uleb128 0x1b
 1038 000a 0E       		.uleb128 0xe
 1039 000b 55       		.uleb128 0x55
 1040 000c 17       		.uleb128 0x17
 1041 000d 11       		.uleb128 0x11
 1042 000e 01       		.uleb128 0x1
 1043 000f 10       		.uleb128 0x10
 1044 0010 17       		.uleb128 0x17
 1045 0011 00       		.byte	0
 1046 0012 00       		.byte	0
 1047 0013 02       		.uleb128 0x2
 1048 0014 24       		.uleb128 0x24
 1049 0015 00       		.byte	0
 1050 0016 0B       		.uleb128 0xb
 1051 0017 0B       		.uleb128 0xb
 1052 0018 3E       		.uleb128 0x3e
 1053 0019 0B       		.uleb128 0xb
 1054 001a 03       		.uleb128 0x3
 1055 001b 08       		.uleb128 0x8
 1056 001c 00       		.byte	0
 1057 001d 00       		.byte	0
 1058 001e 03       		.uleb128 0x3
 1059 001f 24       		.uleb128 0x24
 1060 0020 00       		.byte	0
 1061 0021 0B       		.uleb128 0xb
 1062 0022 0B       		.uleb128 0xb
 1063 0023 3E       		.uleb128 0x3e
 1064 0024 0B       		.uleb128 0xb
 1065 0025 03       		.uleb128 0x3
 1066 0026 0E       		.uleb128 0xe
 1067 0027 00       		.byte	0
 1068 0028 00       		.byte	0
 1069 0029 04       		.uleb128 0x4
 1070 002a 16       		.uleb128 0x16
 1071 002b 00       		.byte	0
 1072 002c 03       		.uleb128 0x3
 1073 002d 0E       		.uleb128 0xe
 1074 002e 3A       		.uleb128 0x3a
 1075 002f 0B       		.uleb128 0xb
 1076 0030 3B       		.uleb128 0x3b
 1077 0031 0B       		.uleb128 0xb
 1078 0032 49       		.uleb128 0x49
 1079 0033 13       		.uleb128 0x13
 1080 0034 00       		.byte	0
 1081 0035 00       		.byte	0
 1082 0036 05       		.uleb128 0x5
ARM GAS  /tmp/ccMTRTyK.s 			page 20


 1083 0037 13       		.uleb128 0x13
 1084 0038 01       		.byte	0x1
 1085 0039 03       		.uleb128 0x3
 1086 003a 0E       		.uleb128 0xe
 1087 003b 0B       		.uleb128 0xb
 1088 003c 0B       		.uleb128 0xb
 1089 003d 3A       		.uleb128 0x3a
 1090 003e 0B       		.uleb128 0xb
 1091 003f 3B       		.uleb128 0x3b
 1092 0040 0B       		.uleb128 0xb
 1093 0041 01       		.uleb128 0x1
 1094 0042 13       		.uleb128 0x13
 1095 0043 00       		.byte	0
 1096 0044 00       		.byte	0
 1097 0045 06       		.uleb128 0x6
 1098 0046 0D       		.uleb128 0xd
 1099 0047 00       		.byte	0
 1100 0048 03       		.uleb128 0x3
 1101 0049 0E       		.uleb128 0xe
 1102 004a 3A       		.uleb128 0x3a
 1103 004b 0B       		.uleb128 0xb
 1104 004c 3B       		.uleb128 0x3b
 1105 004d 0B       		.uleb128 0xb
 1106 004e 49       		.uleb128 0x49
 1107 004f 13       		.uleb128 0x13
 1108 0050 38       		.uleb128 0x38
 1109 0051 0B       		.uleb128 0xb
 1110 0052 00       		.byte	0
 1111 0053 00       		.byte	0
 1112 0054 07       		.uleb128 0x7
 1113 0055 0D       		.uleb128 0xd
 1114 0056 00       		.byte	0
 1115 0057 03       		.uleb128 0x3
 1116 0058 08       		.uleb128 0x8
 1117 0059 3A       		.uleb128 0x3a
 1118 005a 0B       		.uleb128 0xb
 1119 005b 3B       		.uleb128 0x3b
 1120 005c 05       		.uleb128 0x5
 1121 005d 49       		.uleb128 0x49
 1122 005e 13       		.uleb128 0x13
 1123 005f 38       		.uleb128 0x38
 1124 0060 0B       		.uleb128 0xb
 1125 0061 00       		.byte	0
 1126 0062 00       		.byte	0
 1127 0063 08       		.uleb128 0x8
 1128 0064 0D       		.uleb128 0xd
 1129 0065 00       		.byte	0
 1130 0066 03       		.uleb128 0x3
 1131 0067 0E       		.uleb128 0xe
 1132 0068 3A       		.uleb128 0x3a
 1133 0069 0B       		.uleb128 0xb
 1134 006a 3B       		.uleb128 0x3b
 1135 006b 05       		.uleb128 0x5
 1136 006c 49       		.uleb128 0x49
 1137 006d 13       		.uleb128 0x13
 1138 006e 38       		.uleb128 0x38
 1139 006f 0B       		.uleb128 0xb
ARM GAS  /tmp/ccMTRTyK.s 			page 21


 1140 0070 00       		.byte	0
 1141 0071 00       		.byte	0
 1142 0072 09       		.uleb128 0x9
 1143 0073 0F       		.uleb128 0xf
 1144 0074 00       		.byte	0
 1145 0075 0B       		.uleb128 0xb
 1146 0076 0B       		.uleb128 0xb
 1147 0077 49       		.uleb128 0x49
 1148 0078 13       		.uleb128 0x13
 1149 0079 00       		.byte	0
 1150 007a 00       		.byte	0
 1151 007b 0A       		.uleb128 0xa
 1152 007c 13       		.uleb128 0x13
 1153 007d 01       		.byte	0x1
 1154 007e 03       		.uleb128 0x3
 1155 007f 0E       		.uleb128 0xe
 1156 0080 0B       		.uleb128 0xb
 1157 0081 0B       		.uleb128 0xb
 1158 0082 3A       		.uleb128 0x3a
 1159 0083 0B       		.uleb128 0xb
 1160 0084 3B       		.uleb128 0x3b
 1161 0085 05       		.uleb128 0x5
 1162 0086 01       		.uleb128 0x1
 1163 0087 13       		.uleb128 0x13
 1164 0088 00       		.byte	0
 1165 0089 00       		.byte	0
 1166 008a 0B       		.uleb128 0xb
 1167 008b 15       		.uleb128 0x15
 1168 008c 01       		.byte	0x1
 1169 008d 27       		.uleb128 0x27
 1170 008e 19       		.uleb128 0x19
 1171 008f 01       		.uleb128 0x1
 1172 0090 13       		.uleb128 0x13
 1173 0091 00       		.byte	0
 1174 0092 00       		.byte	0
 1175 0093 0C       		.uleb128 0xc
 1176 0094 05       		.uleb128 0x5
 1177 0095 00       		.byte	0
 1178 0096 49       		.uleb128 0x49
 1179 0097 13       		.uleb128 0x13
 1180 0098 00       		.byte	0
 1181 0099 00       		.byte	0
 1182 009a 0D       		.uleb128 0xd
 1183 009b 0F       		.uleb128 0xf
 1184 009c 00       		.byte	0
 1185 009d 0B       		.uleb128 0xb
 1186 009e 0B       		.uleb128 0xb
 1187 009f 00       		.byte	0
 1188 00a0 00       		.byte	0
 1189 00a1 0E       		.uleb128 0xe
 1190 00a2 13       		.uleb128 0x13
 1191 00a3 01       		.byte	0x1
 1192 00a4 03       		.uleb128 0x3
 1193 00a5 0E       		.uleb128 0xe
 1194 00a6 0B       		.uleb128 0xb
 1195 00a7 05       		.uleb128 0x5
 1196 00a8 3A       		.uleb128 0x3a
ARM GAS  /tmp/ccMTRTyK.s 			page 22


 1197 00a9 0B       		.uleb128 0xb
 1198 00aa 3B       		.uleb128 0x3b
 1199 00ab 05       		.uleb128 0x5
 1200 00ac 01       		.uleb128 0x1
 1201 00ad 13       		.uleb128 0x13
 1202 00ae 00       		.byte	0
 1203 00af 00       		.byte	0
 1204 00b0 0F       		.uleb128 0xf
 1205 00b1 0D       		.uleb128 0xd
 1206 00b2 00       		.byte	0
 1207 00b3 03       		.uleb128 0x3
 1208 00b4 08       		.uleb128 0x8
 1209 00b5 3A       		.uleb128 0x3a
 1210 00b6 0B       		.uleb128 0xb
 1211 00b7 3B       		.uleb128 0x3b
 1212 00b8 0B       		.uleb128 0xb
 1213 00b9 49       		.uleb128 0x49
 1214 00ba 13       		.uleb128 0x13
 1215 00bb 38       		.uleb128 0x38
 1216 00bc 0B       		.uleb128 0xb
 1217 00bd 00       		.byte	0
 1218 00be 00       		.byte	0
 1219 00bf 10       		.uleb128 0x10
 1220 00c0 17       		.uleb128 0x17
 1221 00c1 01       		.byte	0x1
 1222 00c2 0B       		.uleb128 0xb
 1223 00c3 0B       		.uleb128 0xb
 1224 00c4 3A       		.uleb128 0x3a
 1225 00c5 0B       		.uleb128 0xb
 1226 00c6 3B       		.uleb128 0x3b
 1227 00c7 0B       		.uleb128 0xb
 1228 00c8 01       		.uleb128 0x1
 1229 00c9 13       		.uleb128 0x13
 1230 00ca 00       		.byte	0
 1231 00cb 00       		.byte	0
 1232 00cc 11       		.uleb128 0x11
 1233 00cd 0D       		.uleb128 0xd
 1234 00ce 00       		.byte	0
 1235 00cf 03       		.uleb128 0x3
 1236 00d0 0E       		.uleb128 0xe
 1237 00d1 3A       		.uleb128 0x3a
 1238 00d2 0B       		.uleb128 0xb
 1239 00d3 3B       		.uleb128 0x3b
 1240 00d4 05       		.uleb128 0x5
 1241 00d5 49       		.uleb128 0x49
 1242 00d6 13       		.uleb128 0x13
 1243 00d7 00       		.byte	0
 1244 00d8 00       		.byte	0
 1245 00d9 12       		.uleb128 0x12
 1246 00da 26       		.uleb128 0x26
 1247 00db 00       		.byte	0
 1248 00dc 49       		.uleb128 0x49
 1249 00dd 13       		.uleb128 0x13
 1250 00de 00       		.byte	0
 1251 00df 00       		.byte	0
 1252 00e0 13       		.uleb128 0x13
 1253 00e1 35       		.uleb128 0x35
ARM GAS  /tmp/ccMTRTyK.s 			page 23


 1254 00e2 00       		.byte	0
 1255 00e3 49       		.uleb128 0x49
 1256 00e4 13       		.uleb128 0x13
 1257 00e5 00       		.byte	0
 1258 00e6 00       		.byte	0
 1259 00e7 14       		.uleb128 0x14
 1260 00e8 01       		.uleb128 0x1
 1261 00e9 01       		.byte	0x1
 1262 00ea 49       		.uleb128 0x49
 1263 00eb 13       		.uleb128 0x13
 1264 00ec 01       		.uleb128 0x1
 1265 00ed 13       		.uleb128 0x13
 1266 00ee 00       		.byte	0
 1267 00ef 00       		.byte	0
 1268 00f0 15       		.uleb128 0x15
 1269 00f1 21       		.uleb128 0x21
 1270 00f2 00       		.byte	0
 1271 00f3 49       		.uleb128 0x49
 1272 00f4 13       		.uleb128 0x13
 1273 00f5 2F       		.uleb128 0x2f
 1274 00f6 0B       		.uleb128 0xb
 1275 00f7 00       		.byte	0
 1276 00f8 00       		.byte	0
 1277 00f9 16       		.uleb128 0x16
 1278 00fa 2E       		.uleb128 0x2e
 1279 00fb 00       		.byte	0
 1280 00fc 3F       		.uleb128 0x3f
 1281 00fd 19       		.uleb128 0x19
 1282 00fe 03       		.uleb128 0x3
 1283 00ff 0E       		.uleb128 0xe
 1284 0100 3A       		.uleb128 0x3a
 1285 0101 0B       		.uleb128 0xb
 1286 0102 3B       		.uleb128 0x3b
 1287 0103 0B       		.uleb128 0xb
 1288 0104 27       		.uleb128 0x27
 1289 0105 19       		.uleb128 0x19
 1290 0106 11       		.uleb128 0x11
 1291 0107 01       		.uleb128 0x1
 1292 0108 12       		.uleb128 0x12
 1293 0109 06       		.uleb128 0x6
 1294 010a 40       		.uleb128 0x40
 1295 010b 18       		.uleb128 0x18
 1296 010c 9742     		.uleb128 0x2117
 1297 010e 19       		.uleb128 0x19
 1298 010f 00       		.byte	0
 1299 0110 00       		.byte	0
 1300 0111 17       		.uleb128 0x17
 1301 0112 2E       		.uleb128 0x2e
 1302 0113 01       		.byte	0x1
 1303 0114 3F       		.uleb128 0x3f
 1304 0115 19       		.uleb128 0x19
 1305 0116 03       		.uleb128 0x3
 1306 0117 0E       		.uleb128 0xe
 1307 0118 3A       		.uleb128 0x3a
 1308 0119 0B       		.uleb128 0xb
 1309 011a 3B       		.uleb128 0x3b
 1310 011b 0B       		.uleb128 0xb
ARM GAS  /tmp/ccMTRTyK.s 			page 24


 1311 011c 27       		.uleb128 0x27
 1312 011d 19       		.uleb128 0x19
 1313 011e 11       		.uleb128 0x11
 1314 011f 01       		.uleb128 0x1
 1315 0120 12       		.uleb128 0x12
 1316 0121 06       		.uleb128 0x6
 1317 0122 40       		.uleb128 0x40
 1318 0123 18       		.uleb128 0x18
 1319 0124 9742     		.uleb128 0x2117
 1320 0126 19       		.uleb128 0x19
 1321 0127 01       		.uleb128 0x1
 1322 0128 13       		.uleb128 0x13
 1323 0129 00       		.byte	0
 1324 012a 00       		.byte	0
 1325 012b 18       		.uleb128 0x18
 1326 012c 05       		.uleb128 0x5
 1327 012d 00       		.byte	0
 1328 012e 03       		.uleb128 0x3
 1329 012f 08       		.uleb128 0x8
 1330 0130 3A       		.uleb128 0x3a
 1331 0131 0B       		.uleb128 0xb
 1332 0132 3B       		.uleb128 0x3b
 1333 0133 0B       		.uleb128 0xb
 1334 0134 49       		.uleb128 0x49
 1335 0135 13       		.uleb128 0x13
 1336 0136 02       		.uleb128 0x2
 1337 0137 18       		.uleb128 0x18
 1338 0138 00       		.byte	0
 1339 0139 00       		.byte	0
 1340 013a 19       		.uleb128 0x19
 1341 013b 05       		.uleb128 0x5
 1342 013c 00       		.byte	0
 1343 013d 03       		.uleb128 0x3
 1344 013e 0E       		.uleb128 0xe
 1345 013f 3A       		.uleb128 0x3a
 1346 0140 0B       		.uleb128 0xb
 1347 0141 3B       		.uleb128 0x3b
 1348 0142 0B       		.uleb128 0xb
 1349 0143 49       		.uleb128 0x49
 1350 0144 13       		.uleb128 0x13
 1351 0145 02       		.uleb128 0x2
 1352 0146 17       		.uleb128 0x17
 1353 0147 00       		.byte	0
 1354 0148 00       		.byte	0
 1355 0149 1A       		.uleb128 0x1a
 1356 014a 05       		.uleb128 0x5
 1357 014b 00       		.byte	0
 1358 014c 03       		.uleb128 0x3
 1359 014d 08       		.uleb128 0x8
 1360 014e 3A       		.uleb128 0x3a
 1361 014f 0B       		.uleb128 0xb
 1362 0150 3B       		.uleb128 0x3b
 1363 0151 0B       		.uleb128 0xb
 1364 0152 49       		.uleb128 0x49
 1365 0153 13       		.uleb128 0x13
 1366 0154 02       		.uleb128 0x2
 1367 0155 17       		.uleb128 0x17
ARM GAS  /tmp/ccMTRTyK.s 			page 25


 1368 0156 00       		.byte	0
 1369 0157 00       		.byte	0
 1370 0158 1B       		.uleb128 0x1b
 1371 0159 34       		.uleb128 0x34
 1372 015a 00       		.byte	0
 1373 015b 03       		.uleb128 0x3
 1374 015c 08       		.uleb128 0x8
 1375 015d 3A       		.uleb128 0x3a
 1376 015e 0B       		.uleb128 0xb
 1377 015f 3B       		.uleb128 0x3b
 1378 0160 0B       		.uleb128 0xb
 1379 0161 49       		.uleb128 0x49
 1380 0162 13       		.uleb128 0x13
 1381 0163 02       		.uleb128 0x2
 1382 0164 17       		.uleb128 0x17
 1383 0165 00       		.byte	0
 1384 0166 00       		.byte	0
 1385 0167 1C       		.uleb128 0x1c
 1386 0168 34       		.uleb128 0x34
 1387 0169 00       		.byte	0
 1388 016a 03       		.uleb128 0x3
 1389 016b 0E       		.uleb128 0xe
 1390 016c 3A       		.uleb128 0x3a
 1391 016d 0B       		.uleb128 0xb
 1392 016e 3B       		.uleb128 0x3b
 1393 016f 0B       		.uleb128 0xb
 1394 0170 49       		.uleb128 0x49
 1395 0171 13       		.uleb128 0x13
 1396 0172 02       		.uleb128 0x2
 1397 0173 17       		.uleb128 0x17
 1398 0174 00       		.byte	0
 1399 0175 00       		.byte	0
 1400 0176 1D       		.uleb128 0x1d
 1401 0177 34       		.uleb128 0x34
 1402 0178 00       		.byte	0
 1403 0179 03       		.uleb128 0x3
 1404 017a 0E       		.uleb128 0xe
 1405 017b 49       		.uleb128 0x49
 1406 017c 13       		.uleb128 0x13
 1407 017d 34       		.uleb128 0x34
 1408 017e 19       		.uleb128 0x19
 1409 017f 00       		.byte	0
 1410 0180 00       		.byte	0
 1411 0181 1E       		.uleb128 0x1e
 1412 0182 34       		.uleb128 0x34
 1413 0183 00       		.byte	0
 1414 0184 03       		.uleb128 0x3
 1415 0185 0E       		.uleb128 0xe
 1416 0186 3A       		.uleb128 0x3a
 1417 0187 0B       		.uleb128 0xb
 1418 0188 3B       		.uleb128 0x3b
 1419 0189 05       		.uleb128 0x5
 1420 018a 49       		.uleb128 0x49
 1421 018b 13       		.uleb128 0x13
 1422 018c 3F       		.uleb128 0x3f
 1423 018d 19       		.uleb128 0x19
 1424 018e 3C       		.uleb128 0x3c
ARM GAS  /tmp/ccMTRTyK.s 			page 26


 1425 018f 19       		.uleb128 0x19
 1426 0190 00       		.byte	0
 1427 0191 00       		.byte	0
 1428 0192 1F       		.uleb128 0x1f
 1429 0193 34       		.uleb128 0x34
 1430 0194 00       		.byte	0
 1431 0195 03       		.uleb128 0x3
 1432 0196 08       		.uleb128 0x8
 1433 0197 3A       		.uleb128 0x3a
 1434 0198 0B       		.uleb128 0xb
 1435 0199 3B       		.uleb128 0x3b
 1436 019a 05       		.uleb128 0x5
 1437 019b 49       		.uleb128 0x49
 1438 019c 13       		.uleb128 0x13
 1439 019d 3F       		.uleb128 0x3f
 1440 019e 19       		.uleb128 0x19
 1441 019f 3C       		.uleb128 0x3c
 1442 01a0 19       		.uleb128 0x19
 1443 01a1 00       		.byte	0
 1444 01a2 00       		.byte	0
 1445 01a3 00       		.byte	0
 1446              		.section	.debug_loc,"",%progbits
 1447              	.Ldebug_loc0:
 1448              	.LLST0:
 1449 0000 00000000 		.4byte	.LVL0
 1450 0004 10000000 		.4byte	.LVL2
 1451 0008 0100     		.2byte	0x1
 1452 000a 51       		.byte	0x51
 1453 000b 10000000 		.4byte	.LVL2
 1454 000f 3C000000 		.4byte	.LFE231
 1455 0013 0400     		.2byte	0x4
 1456 0015 F3       		.byte	0xf3
 1457 0016 01       		.uleb128 0x1
 1458 0017 51       		.byte	0x51
 1459 0018 9F       		.byte	0x9f
 1460 0019 00000000 		.4byte	0
 1461 001d 00000000 		.4byte	0
 1462              	.LLST1:
 1463 0021 00000000 		.4byte	.LVL0
 1464 0025 2C000000 		.4byte	.LVL6
 1465 0029 0100     		.2byte	0x1
 1466 002b 52       		.byte	0x52
 1467 002c 2C000000 		.4byte	.LVL6
 1468 0030 3C000000 		.4byte	.LFE231
 1469 0034 0200     		.2byte	0x2
 1470 0036 70       		.byte	0x70
 1471 0037 0C       		.sleb128 12
 1472 0038 00000000 		.4byte	0
 1473 003c 00000000 		.4byte	0
 1474              	.LLST2:
 1475 0040 00000000 		.4byte	.LVL0
 1476 0044 1C000000 		.4byte	.LVL5
 1477 0048 0100     		.2byte	0x1
 1478 004a 53       		.byte	0x53
 1479 004b 1C000000 		.4byte	.LVL5
 1480 004f 3C000000 		.4byte	.LFE231
 1481 0053 0200     		.2byte	0x2
ARM GAS  /tmp/ccMTRTyK.s 			page 27


 1482 0055 70       		.byte	0x70
 1483 0056 10       		.sleb128 16
 1484 0057 00000000 		.4byte	0
 1485 005b 00000000 		.4byte	0
 1486              	.LLST3:
 1487 005f 0E000000 		.4byte	.LVL1
 1488 0063 12000000 		.4byte	.LVL3
 1489 0067 0100     		.2byte	0x1
 1490 0069 54       		.byte	0x54
 1491 006a 14000000 		.4byte	.LVL4
 1492 006e 34000000 		.4byte	.LVL9
 1493 0072 0100     		.2byte	0x1
 1494 0074 54       		.byte	0x54
 1495 0075 00000000 		.4byte	0
 1496 0079 00000000 		.4byte	0
 1497              	.LLST4:
 1498 007d 0E000000 		.4byte	.LVL1
 1499 0081 2E000000 		.4byte	.LVL7
 1500 0085 0100     		.2byte	0x1
 1501 0087 51       		.byte	0x51
 1502 0088 2E000000 		.4byte	.LVL7
 1503 008c 30000000 		.4byte	.LVL8
 1504 0090 0500     		.2byte	0x5
 1505 0092 74       		.byte	0x74
 1506 0093 04       		.sleb128 4
 1507 0094 06       		.byte	0x6
 1508 0095 23       		.byte	0x23
 1509 0096 08       		.uleb128 0x8
 1510 0097 00000000 		.4byte	0
 1511 009b 00000000 		.4byte	0
 1512              		.section	.debug_aranges,"",%progbits
 1513 0000 2C000000 		.4byte	0x2c
 1514 0004 0200     		.2byte	0x2
 1515 0006 00000000 		.4byte	.Ldebug_info0
 1516 000a 04       		.byte	0x4
 1517 000b 00       		.byte	0
 1518 000c 0000     		.2byte	0
 1519 000e 0000     		.2byte	0
 1520 0010 00000000 		.4byte	.LFB230
 1521 0014 1C000000 		.4byte	.LFE230-.LFB230
 1522 0018 00000000 		.4byte	.LFB231
 1523 001c 3C000000 		.4byte	.LFE231-.LFB231
 1524 0020 00000000 		.4byte	.LFB232
 1525 0024 28000000 		.4byte	.LFE232-.LFB232
 1526 0028 00000000 		.4byte	0
 1527 002c 00000000 		.4byte	0
 1528              		.section	.debug_ranges,"",%progbits
 1529              	.Ldebug_ranges0:
 1530 0000 00000000 		.4byte	.LFB230
 1531 0004 1C000000 		.4byte	.LFE230
 1532 0008 00000000 		.4byte	.LFB231
 1533 000c 3C000000 		.4byte	.LFE231
 1534 0010 00000000 		.4byte	.LFB232
 1535 0014 28000000 		.4byte	.LFE232
 1536 0018 00000000 		.4byte	0
 1537 001c 00000000 		.4byte	0
 1538              		.section	.debug_line,"",%progbits
ARM GAS  /tmp/ccMTRTyK.s 			page 28


 1539              	.Ldebug_line0:
 1540 0000 83010000 		.section	.debug_str,"MS",%progbits,1
 1540      02000F01 
 1540      00000201 
 1540      FB0E0D00 
 1540      01010101 
 1541              	.LASF20:
 1542 0000 74687265 		.ascii	"thread_t\000"
 1542      61645F74 
 1542      00
 1543              	.LASF13:
 1544 0009 74726566 		.ascii	"trefs_t\000"
 1544      735F7400 
 1545              	.LASF51:
 1546 0011 725F6F6C 		.ascii	"r_older\000"
 1546      64657200 
 1547              	.LASF43:
 1548 0019 74687265 		.ascii	"threads_queue_t\000"
 1548      6164735F 
 1548      71756575 
 1548      655F7400 
 1549              	.LASF103:
 1550 0029 2F686F6D 		.ascii	"/home/bunnie/code/chibios-netvcr/netvcr\000"
 1550      652F6275 
 1550      6E6E6965 
 1550      2F636F64 
 1550      652F6368 
 1551              	.LASF65:
 1552 0051 63685F73 		.ascii	"ch_system_debug\000"
 1552      79737465 
 1552      6D5F6465 
 1552      62756700 
 1553              	.LASF9:
 1554 0061 75696E74 		.ascii	"uint64_t\000"
 1554      36345F74 
 1554      00
 1555              	.LASF71:
 1556 006a 6D61696E 		.ascii	"mainthread\000"
 1556      74687265 
 1556      616400
 1557              	.LASF2:
 1558 0075 73686F72 		.ascii	"short int\000"
 1558      7420696E 
 1558      7400
 1559              	.LASF47:
 1560 007f 725F7175 		.ascii	"r_queue\000"
 1560      65756500 
 1561              	.LASF91:
 1562 0087 6D5F6E65 		.ascii	"m_next\000"
 1562      787400
 1563              	.LASF35:
 1564 008e 705F6570 		.ascii	"p_epending\000"
 1564      656E6469 
 1564      6E6700
 1565              	.LASF22:
 1566 0099 705F7072 		.ascii	"p_prev\000"
 1566      657600
ARM GAS  /tmp/ccMTRTyK.s 			page 29


 1567              	.LASF64:
 1568 00a0 73797374 		.ascii	"system_debug_t\000"
 1568      656D5F64 
 1568      65627567 
 1568      5F7400
 1569              	.LASF96:
 1570 00af 64656C74 		.ascii	"delta\000"
 1570      6100
 1571              	.LASF17:
 1572 00b5 6576656E 		.ascii	"eventmask_t\000"
 1572      746D6173 
 1572      6B5F7400 
 1573              	.LASF33:
 1574 00c1 705F6D73 		.ascii	"p_msgqueue\000"
 1574      67717565 
 1574      756500
 1575              	.LASF23:
 1576 00cc 705F7072 		.ascii	"p_prio\000"
 1576      696F00
 1577              	.LASF42:
 1578 00d3 63685F74 		.ascii	"ch_threads_list\000"
 1578      68726561 
 1578      64735F6C 
 1578      69737400 
 1579              	.LASF70:
 1580 00e3 76746C69 		.ascii	"vtlist\000"
 1580      737400
 1581              	.LASF60:
 1582 00ea 76745F70 		.ascii	"vt_par\000"
 1582      617200
 1583              	.LASF67:
 1584 00f1 63685F73 		.ascii	"ch_system_t\000"
 1584      79737465 
 1584      6D5F7400 
 1585              	.LASF74:
 1586 00fd 72656761 		.ascii	"regarm_t\000"
 1586      726D5F74 
 1586      00
 1587              	.LASF5:
 1588 0106 75696E74 		.ascii	"uint8_t\000"
 1588      385F7400 
 1589              	.LASF44:
 1590 010e 63685F74 		.ascii	"ch_threads_queue\000"
 1590      68726561 
 1590      64735F71 
 1590      75657565 
 1590      00
 1591              	.LASF63:
 1592 011f 76745F73 		.ascii	"vt_systime\000"
 1592      79737469 
 1592      6D6500
 1593              	.LASF14:
 1594 012a 74736C69 		.ascii	"tslices_t\000"
 1594      6365735F 
 1594      7400
 1595              	.LASF88:
 1596 0134 63685F6D 		.ascii	"ch_mutex\000"
ARM GAS  /tmp/ccMTRTyK.s 			page 30


 1596      75746578 
 1596      00
 1597              	.LASF98:
 1598 013d 63685654 		.ascii	"chVTDoResetI\000"
 1598      446F5265 
 1598      73657449 
 1598      00
 1599              	.LASF41:
 1600 014a 63685F74 		.ascii	"ch_thread\000"
 1600      68726561 
 1600      6400
 1601              	.LASF89:
 1602 0154 6D5F7175 		.ascii	"m_queue\000"
 1602      65756500 
 1603              	.LASF94:
 1604 015c 64656C61 		.ascii	"delay\000"
 1604      7900
 1605              	.LASF11:
 1606 0162 746D6F64 		.ascii	"tmode_t\000"
 1606      655F7400 
 1607              	.LASF3:
 1608 016a 6C6F6E67 		.ascii	"long long int\000"
 1608      206C6F6E 
 1608      6720696E 
 1608      7400
 1609              	.LASF27:
 1610 0178 705F6E61 		.ascii	"p_name\000"
 1610      6D6500
 1611              	.LASF104:
 1612 017f 5F76745F 		.ascii	"_vt_init\000"
 1612      696E6974 
 1612      00
 1613              	.LASF62:
 1614 0188 63685F76 		.ascii	"ch_virtual_timers_list\000"
 1614      69727475 
 1614      616C5F74 
 1614      696D6572 
 1614      735F6C69 
 1615              	.LASF68:
 1616 019f 63685F73 		.ascii	"ch_system\000"
 1616      79737465 
 1616      6D00
 1617              	.LASF73:
 1618 01a9 73697A65 		.ascii	"sizetype\000"
 1618      74797065 
 1618      00
 1619              	.LASF54:
 1620 01b2 76697274 		.ascii	"virtual_timer_t\000"
 1620      75616C5F 
 1620      74696D65 
 1620      725F7400 
 1621              	.LASF15:
 1622 01c2 74707269 		.ascii	"tprio_t\000"
 1622      6F5F7400 
 1623              	.LASF76:
 1624 01ca 636F6E74 		.ascii	"context\000"
 1624      65787400 
ARM GAS  /tmp/ccMTRTyK.s 			page 31


 1625              	.LASF52:
 1626 01d2 725F6375 		.ascii	"r_current\000"
 1626      7272656E 
 1626      7400
 1627              	.LASF34:
 1628 01dc 705F6D73 		.ascii	"p_msg\000"
 1628      6700
 1629              	.LASF6:
 1630 01e2 756E7369 		.ascii	"unsigned char\000"
 1630      676E6564 
 1630      20636861 
 1630      7200
 1631              	.LASF97:
 1632 01f0 63685654 		.ascii	"chVTDoSetI\000"
 1632      446F5365 
 1632      744900
 1633              	.LASF87:
 1634 01fb 735F636E 		.ascii	"s_cnt\000"
 1634      7400
 1635              	.LASF84:
 1636 0201 65776D61 		.ascii	"ewmask\000"
 1636      736B00
 1637              	.LASF1:
 1638 0208 7369676E 		.ascii	"signed char\000"
 1638      65642063 
 1638      68617200 
 1639              	.LASF25:
 1640 0214 705F6E65 		.ascii	"p_newer\000"
 1640      77657200 
 1641              	.LASF10:
 1642 021c 6C6F6E67 		.ascii	"long long unsigned int\000"
 1642      206C6F6E 
 1642      6720756E 
 1642      7369676E 
 1642      65642069 
 1643              	.LASF8:
 1644 0233 75696E74 		.ascii	"uint32_t\000"
 1644      33325F74 
 1644      00
 1645              	.LASF0:
 1646 023c 756E7369 		.ascii	"unsigned int\000"
 1646      676E6564 
 1646      20696E74 
 1646      00
 1647              	.LASF93:
 1648 0249 6D757465 		.ascii	"mutex_t\000"
 1648      785F7400 
 1649              	.LASF56:
 1650 0251 76745F6E 		.ascii	"vt_next\000"
 1650      65787400 
 1651              	.LASF77:
 1652 0259 706F7274 		.ascii	"port_intctx\000"
 1652      5F696E74 
 1652      63747800 
 1653              	.LASF38:
 1654 0265 705F6D70 		.ascii	"p_mpool\000"
 1654      6F6F6C00 
ARM GAS  /tmp/ccMTRTyK.s 			page 32


 1655              	.LASF49:
 1656 026d 725F6374 		.ascii	"r_ctx\000"
 1656      7800
 1657              	.LASF50:
 1658 0273 725F6E65 		.ascii	"r_newer\000"
 1658      77657200 
 1659              	.LASF29:
 1660 027b 705F666C 		.ascii	"p_flags\000"
 1660      61677300 
 1661              	.LASF58:
 1662 0283 76745F64 		.ascii	"vt_delta\000"
 1662      656C7461 
 1662      00
 1663              	.LASF37:
 1664 028c 705F7265 		.ascii	"p_realprio\000"
 1664      616C7072 
 1664      696F00
 1665              	.LASF19:
 1666 0297 73797374 		.ascii	"systime_t\000"
 1666      696D655F 
 1666      7400
 1667              	.LASF69:
 1668 02a1 726C6973 		.ascii	"rlist\000"
 1668      7400
 1669              	.LASF92:
 1670 02a7 63686172 		.ascii	"char\000"
 1670      00
 1671              	.LASF21:
 1672 02ac 705F6E65 		.ascii	"p_next\000"
 1672      787400
 1673              	.LASF86:
 1674 02b3 735F7175 		.ascii	"s_queue\000"
 1674      65756500 
 1675              	.LASF55:
 1676 02bb 63685F76 		.ascii	"ch_virtual_timer\000"
 1676      69727475 
 1676      616C5F74 
 1676      696D6572 
 1676      00
 1677              	.LASF28:
 1678 02cc 705F7374 		.ascii	"p_state\000"
 1678      61746500 
 1679              	.LASF48:
 1680 02d4 725F7072 		.ascii	"r_prio\000"
 1680      696F00
 1681              	.LASF18:
 1682 02db 636E745F 		.ascii	"cnt_t\000"
 1682      7400
 1683              	.LASF7:
 1684 02e1 73686F72 		.ascii	"short unsigned int\000"
 1684      7420756E 
 1684      7369676E 
 1684      65642069 
 1684      6E7400
 1685              	.LASF32:
 1686 02f4 705F7761 		.ascii	"p_waiting\000"
 1686      6974696E 
ARM GAS  /tmp/ccMTRTyK.s 			page 33


 1686      6700
 1687              	.LASF57:
 1688 02fe 76745F70 		.ascii	"vt_prev\000"
 1688      72657600 
 1689              	.LASF36:
 1690 0306 705F6D74 		.ascii	"p_mtxlist\000"
 1690      786C6973 
 1690      7400
 1691              	.LASF102:
 1692 0310 2E2E2F6F 		.ascii	"../os/rt/src/chvt.c\000"
 1692      732F7274 
 1692      2F737263 
 1692      2F636876 
 1692      742E6300 
 1693              	.LASF72:
 1694 0324 69646C65 		.ascii	"idle_thread_wa\000"
 1694      5F746872 
 1694      6561645F 
 1694      776100
 1695              	.LASF4:
 1696 0333 696E7433 		.ascii	"int32_t\000"
 1696      325F7400 
 1697              	.LASF82:
 1698 033b 77747365 		.ascii	"wtsemp\000"
 1698      6D7000
 1699              	.LASF31:
 1700 0342 705F7072 		.ascii	"p_preempt\000"
 1700      65656D70 
 1700      7400
 1701              	.LASF66:
 1702 034c 70616E69 		.ascii	"panic_msg\000"
 1702      635F6D73 
 1702      6700
 1703              	.LASF101:
 1704 0356 474E5520 		.ascii	"GNU C 4.9.2 -mcpu=cortex-m4 -mfloat-abi=soft -mfp16"
 1704      4320342E 
 1704      392E3220 
 1704      2D6D6370 
 1704      753D636F 
 1705 0389 2D666F72 		.ascii	"-format=none -mno-thumb-interwork -mthumb -mfpu=vfp"
 1705      6D61743D 
 1705      6E6F6E65 
 1705      202D6D6E 
 1705      6F2D7468 
 1706 03bc 76332D64 		.ascii	"v3-d16 -mtls-dialect=gnu -ggdb -O2 -fomit-frame-poi"
 1706      3136202D 
 1706      6D746C73 
 1706      2D646961 
 1706      6C656374 
 1707 03ef 6E746572 		.ascii	"nter -falign-functions=16 -ffunction-sections -fdat"
 1707      202D6661 
 1707      6C69676E 
 1707      2D66756E 
 1707      6374696F 
 1708 0422 612D7365 		.ascii	"a-sections -fno-common\000"
 1708      6374696F 
 1708      6E73202D 
ARM GAS  /tmp/ccMTRTyK.s 			page 34


 1708      666E6F2D 
 1708      636F6D6D 
 1709              	.LASF81:
 1710 0439 77747472 		.ascii	"wttrp\000"
 1710      7000
 1711              	.LASF85:
 1712 043f 63685F73 		.ascii	"ch_semaphore\000"
 1712      656D6170 
 1712      686F7265 
 1712      00
 1713              	.LASF80:
 1714 044c 77746F62 		.ascii	"wtobjp\000"
 1714      6A7000
 1715              	.LASF99:
 1716 0453 5F5F6675 		.ascii	"__func__\000"
 1716      6E635F5F 
 1716      00
 1717              	.LASF39:
 1718 045c 74687265 		.ascii	"thread_reference_t\000"
 1718      61645F72 
 1718      65666572 
 1718      656E6365 
 1718      5F7400
 1719              	.LASF95:
 1720 046f 76746675 		.ascii	"vtfunc\000"
 1720      6E6300
 1721              	.LASF59:
 1722 0476 76745F66 		.ascii	"vt_func\000"
 1722      756E6300 
 1723              	.LASF12:
 1724 047e 74737461 		.ascii	"tstate_t\000"
 1724      74655F74 
 1724      00
 1725              	.LASF75:
 1726 0487 73746B61 		.ascii	"stkalign_t\000"
 1726      6C69676E 
 1726      5F7400
 1727              	.LASF79:
 1728 0492 65786974 		.ascii	"exitcode\000"
 1728      636F6465 
 1728      00
 1729              	.LASF53:
 1730 049b 76746675 		.ascii	"vtfunc_t\000"
 1730      6E635F74 
 1730      00
 1731              	.LASF26:
 1732 04a4 705F6F6C 		.ascii	"p_older\000"
 1732      64657200 
 1733              	.LASF45:
 1734 04ac 72656164 		.ascii	"ready_list_t\000"
 1734      795F6C69 
 1734      73745F74 
 1734      00
 1735              	.LASF61:
 1736 04b9 76697274 		.ascii	"virtual_timers_list_t\000"
 1736      75616C5F 
 1736      74696D65 
ARM GAS  /tmp/ccMTRTyK.s 			page 35


 1736      72735F6C 
 1736      6973745F 
 1737              	.LASF30:
 1738 04cf 705F7265 		.ascii	"p_refs\000"
 1738      667300
 1739              	.LASF46:
 1740 04d6 63685F72 		.ascii	"ch_ready_list\000"
 1740      65616479 
 1740      5F6C6973 
 1740      7400
 1741              	.LASF24:
 1742 04e4 705F6374 		.ascii	"p_ctx\000"
 1742      7800
 1743              	.LASF100:
 1744 04ea 49544D5F 		.ascii	"ITM_RxBuffer\000"
 1744      52784275 
 1744      66666572 
 1744      00
 1745              	.LASF90:
 1746 04f7 6D5F6F77 		.ascii	"m_owner\000"
 1746      6E657200 
 1747              	.LASF78:
 1748 04ff 7264796D 		.ascii	"rdymsg\000"
 1748      736700
 1749              	.LASF16:
 1750 0506 6D73675F 		.ascii	"msg_t\000"
 1750      7400
 1751              	.LASF83:
 1752 050c 77746D74 		.ascii	"wtmtxp\000"
 1752      787000
 1753              	.LASF40:
 1754 0513 74687265 		.ascii	"threads_list_t\000"
 1754      6164735F 
 1754      6C697374 
 1754      5F7400
 1755              		.ident	"GCC: (Debian 4.9.2-10) 4.9.2"
 1756              		.section	.note.GNU-stack,"",%progbits
ARM GAS  /tmp/ccMTRTyK.s 			page 36


DEFINED SYMBOLS
                            *ABS*:00000000 chvt.c
     /tmp/ccMTRTyK.s:19     .text._vt_init:00000000 $t
     /tmp/ccMTRTyK.s:25     .text._vt_init:00000000 _vt_init
     /tmp/ccMTRTyK.s:53     .text._vt_init:00000018 $d
     /tmp/ccMTRTyK.s:58     .text.chVTDoSetI:00000000 $t
     /tmp/ccMTRTyK.s:64     .text.chVTDoSetI:00000000 chVTDoSetI
     /tmp/ccMTRTyK.s:139    .text.chVTDoSetI:00000038 $d
     /tmp/ccMTRTyK.s:144    .text.chVTDoResetI:00000000 $t
     /tmp/ccMTRTyK.s:150    .text.chVTDoResetI:00000000 chVTDoResetI
     /tmp/ccMTRTyK.s:198    .text.chVTDoResetI:00000024 $d
                     .debug_frame:00000010 $d
     /tmp/ccMTRTyK.s:57     .text._vt_init:0000001c $t
     /tmp/ccMTRTyK.s:143    .text.chVTDoSetI:0000003c $t
     /tmp/ccMTRTyK.s:202    .text.chVTDoResetI:00000028 $t

UNDEFINED SYMBOLS
ch
