ARM GAS  /tmp/cchsDztw.s 			page 1


   1              		.syntax unified
   2              		.cpu cortex-m4
   3              		.fpu softvfp
   4              		.eabi_attribute 20, 1
   5              		.eabi_attribute 21, 1
   6              		.eabi_attribute 23, 3
   7              		.eabi_attribute 24, 1
   8              		.eabi_attribute 25, 1
   9              		.eabi_attribute 26, 2
  10              		.eabi_attribute 30, 2
  11              		.eabi_attribute 34, 1
  12              		.eabi_attribute 18, 4
  13              		.thumb
  14              		.file	"FlashVerifySection.c"
  15              		.text
  16              	.Ltext0:
  17              		.cfi_sections	.debug_frame
  18              		.section	.text.FlashVerifySection,"ax",%progbits
  19              		.align	2
  20              		.p2align 4,,-1
  21              		.global	FlashVerifySection
  22              		.thumb
  23              		.thumb_func
  24              		.type	FlashVerifySection, %function
  25              	FlashVerifySection:
  26              	.LFB10:
  27              		.file 1 "../ext/C90TFS/source/FlashVerifySection.c"
  28              		.loc 1 70 0
  29              		.cfi_startproc
  30              		@ args = 4, pretend = 0, frame = 0
  31              		@ frame_needed = 0, uses_anonymous_args = 0
  32              	.LVL0:
  33 0000 F0B5     		push	{r4, r5, r6, r7, lr}
  34              		.cfi_def_cfa_offset 20
  35              		.cfi_offset 4, -20
  36              		.cfi_offset 5, -16
  37              		.cfi_offset 6, -12
  38              		.cfi_offset 7, -8
  39              		.cfi_offset 14, -4
  40              		.loc 1 86 0
  41 0002 4568     		ldr	r5, [r0, #4]
  42              	.LVL1:
  43              		.loc 1 70 0
  44 0004 059F     		ldr	r7, [sp, #20]
  45              		.loc 1 87 0
  46 0006 A942     		cmp	r1, r5
  47 0008 25D3     		bcc	.L2
  48              		.loc 1 87 0 is_stmt 0 discriminator 1
  49 000a 8668     		ldr	r6, [r0, #8]
  50 000c 2E44     		add	r6, r6, r5
  51 000e B142     		cmp	r1, r6
  52 0010 21D2     		bcs	.L2
  53              		.loc 1 100 0 is_stmt 1
  54 0012 0668     		ldr	r6, [r0]
  55 0014 4FF0310E 		mov	lr, #49
  56 0018 86F800E0 		strb	lr, [r6]
  57              		.loc 1 103 0
ARM GAS  /tmp/cchsDztw.s 			page 2


  58 001c 0668     		ldr	r6, [r0]
  59              		.loc 1 104 0
  60 001e 4FF0010E 		mov	lr, #1
  61 0022 86F807E0 		strb	lr, [r6, #7]
  62              		.loc 1 89 0
  63 0026 491B     		subs	r1, r1, r5
  64              	.LVL2:
  65              		.loc 1 105 0
  66 0028 0568     		ldr	r5, [r0]
  67              		.loc 1 106 0
  68 002a C1F30746 		ubfx	r6, r1, #16, #8
  69 002e AE71     		strb	r6, [r5, #6]
  70              	.LVL3:
  71              		.loc 1 107 0
  72 0030 0568     		ldr	r5, [r0]
  73              		.loc 1 108 0
  74 0032 C1F30726 		ubfx	r6, r1, #8, #8
  75 0036 6E71     		strb	r6, [r5, #5]
  76              	.LVL4:
  77              		.loc 1 109 0
  78 0038 0568     		ldr	r5, [r0]
  79              		.loc 1 110 0
  80 003a C9B2     		uxtb	r1, r1
  81              	.LVL5:
  82 003c 2971     		strb	r1, [r5, #4]
  83              	.LVL6:
  84              		.loc 1 111 0
  85 003e 0168     		ldr	r1, [r0]
  86              		.loc 1 112 0
  87 0040 150A     		lsrs	r5, r2, #8
  88 0042 CD72     		strb	r5, [r1, #11]
  89              	.LVL7:
  90              		.loc 1 113 0
  91 0044 0168     		ldr	r1, [r0]
  92              		.loc 1 114 0
  93 0046 D2B2     		uxtb	r2, r2
  94              	.LVL8:
  95 0048 8A72     		strb	r2, [r1, #10]
  96              	.LVL9:
  97              		.loc 1 115 0
  98 004a 0268     		ldr	r2, [r0]
  99              		.loc 1 116 0
 100 004c 5372     		strb	r3, [r2, #9]
 101              	.LVL10:
 102              		.loc 1 119 0
 103 004e 3B46     		mov	r3, r7
 104              	.LVL11:
 105              		.loc 1 130 0
 106 0050 BDE8F040 		pop	{r4, r5, r6, r7, lr}
 107              		.cfi_remember_state
 108              		.cfi_restore 14
 109              		.cfi_restore 7
 110              		.cfi_restore 6
 111              		.cfi_restore 5
 112              		.cfi_restore 4
 113              		.cfi_def_cfa_offset 0
 114              	.LVL12:
ARM GAS  /tmp/cchsDztw.s 			page 3


 115              		.loc 1 119 0
 116 0054 1847     		bx	r3
 117              	.LVL13:
 118              	.L2:
 119              		.cfi_restore_state
 120              		.loc 1 130 0
 121 0056 2020     		movs	r0, #32
 122              	.LVL14:
 123 0058 F0BD     		pop	{r4, r5, r6, r7, pc}
 124              		.cfi_endproc
 125              	.LFE10:
 126              		.size	FlashVerifySection, .-FlashVerifySection
 127 005a 00BFAFF3 		.text
 127      0080
 128              	.Letext0:
 129              		.file 2 "/usr/include/stdint.h"
 130              		.file 3 "../ext/C90TFS/include/SSD_Types.h"
 131              		.section	.debug_info,"",%progbits
 132              	.Ldebug_info0:
 133 0000 FA010000 		.4byte	0x1fa
 134 0004 0400     		.2byte	0x4
 135 0006 00000000 		.4byte	.Ldebug_abbrev0
 136 000a 04       		.byte	0x4
 137 000b 01       		.uleb128 0x1
 138 000c AC000000 		.4byte	.LASF34
 139 0010 01       		.byte	0x1
 140 0011 E7010000 		.4byte	.LASF35
 141 0015 6F000000 		.4byte	.LASF36
 142 0019 00000000 		.4byte	.Ldebug_ranges0+0
 143 001d 00000000 		.4byte	0
 144 0021 00000000 		.4byte	.Ldebug_line0
 145 0025 02       		.uleb128 0x2
 146 0026 01       		.byte	0x1
 147 0027 06       		.byte	0x6
 148 0028 B4020000 		.4byte	.LASF0
 149 002c 02       		.uleb128 0x2
 150 002d 02       		.byte	0x2
 151 002e 05       		.byte	0x5
 152 002f DD010000 		.4byte	.LASF1
 153 0033 03       		.uleb128 0x3
 154 0034 04       		.byte	0x4
 155 0035 05       		.byte	0x5
 156 0036 696E7400 		.ascii	"int\000"
 157 003a 02       		.uleb128 0x2
 158 003b 08       		.byte	0x8
 159 003c 05       		.byte	0x5
 160 003d 7A020000 		.4byte	.LASF2
 161 0041 04       		.uleb128 0x4
 162 0042 45020000 		.4byte	.LASF4
 163 0046 02       		.byte	0x2
 164 0047 30       		.byte	0x30
 165 0048 4C000000 		.4byte	0x4c
 166 004c 02       		.uleb128 0x2
 167 004d 01       		.byte	0x1
 168 004e 08       		.byte	0x8
 169 004f 8F010000 		.4byte	.LASF3
 170 0053 04       		.uleb128 0x4
ARM GAS  /tmp/cchsDztw.s 			page 4


 171 0054 99020000 		.4byte	.LASF5
 172 0058 02       		.byte	0x2
 173 0059 31       		.byte	0x31
 174 005a 5E000000 		.4byte	0x5e
 175 005e 02       		.uleb128 0x2
 176 005f 02       		.byte	0x2
 177 0060 07       		.byte	0x7
 178 0061 C5010000 		.4byte	.LASF6
 179 0065 04       		.uleb128 0x4
 180 0066 A2020000 		.4byte	.LASF7
 181 006a 02       		.byte	0x2
 182 006b 33       		.byte	0x33
 183 006c 70000000 		.4byte	0x70
 184 0070 02       		.uleb128 0x2
 185 0071 04       		.byte	0x4
 186 0072 07       		.byte	0x7
 187 0073 11020000 		.4byte	.LASF8
 188 0077 02       		.uleb128 0x2
 189 0078 08       		.byte	0x8
 190 0079 07       		.byte	0x7
 191 007a 2E020000 		.4byte	.LASF9
 192 007e 04       		.uleb128 0x4
 193 007f 4D020000 		.4byte	.LASF10
 194 0083 03       		.byte	0x3
 195 0084 3F       		.byte	0x3f
 196 0085 89000000 		.4byte	0x89
 197 0089 05       		.uleb128 0x5
 198 008a 4C000000 		.4byte	0x4c
 199 008e 04       		.uleb128 0x4
 200 008f 00000000 		.4byte	.LASF11
 201 0093 03       		.byte	0x3
 202 0094 59       		.byte	0x59
 203 0095 99000000 		.4byte	0x99
 204 0099 06       		.uleb128 0x6
 205 009a 04       		.byte	0x4
 206 009b 9F000000 		.4byte	0x9f
 207 009f 07       		.uleb128 0x7
 208 00a0 02       		.uleb128 0x2
 209 00a1 01       		.byte	0x1
 210 00a2 02       		.byte	0x2
 211 00a3 CC020000 		.4byte	.LASF12
 212 00a7 08       		.uleb128 0x8
 213 00a8 8D020000 		.4byte	.LASF37
 214 00ac 24       		.byte	0x24
 215 00ad 03       		.byte	0x3
 216 00ae 6A       		.byte	0x6a
 217 00af 20010000 		.4byte	0x120
 218 00b3 09       		.uleb128 0x9
 219 00b4 D2020000 		.4byte	.LASF13
 220 00b8 03       		.byte	0x3
 221 00b9 6C       		.byte	0x6c
 222 00ba 65000000 		.4byte	0x65
 223 00be 00       		.byte	0
 224 00bf 09       		.uleb128 0x9
 225 00c0 6F020000 		.4byte	.LASF14
 226 00c4 03       		.byte	0x3
 227 00c5 6D       		.byte	0x6d
ARM GAS  /tmp/cchsDztw.s 			page 5


 228 00c6 65000000 		.4byte	0x65
 229 00ca 04       		.byte	0x4
 230 00cb 09       		.uleb128 0x9
 231 00cc 23020000 		.4byte	.LASF15
 232 00d0 03       		.byte	0x3
 233 00d1 6E       		.byte	0x6e
 234 00d2 65000000 		.4byte	0x65
 235 00d6 08       		.byte	0x8
 236 00d7 09       		.uleb128 0x9
 237 00d8 4E000000 		.4byte	.LASF16
 238 00dc 03       		.byte	0x3
 239 00dd 6F       		.byte	0x6f
 240 00de 65000000 		.4byte	0x65
 241 00e2 0C       		.byte	0xc
 242 00e3 09       		.uleb128 0x9
 243 00e4 A1000000 		.4byte	.LASF17
 244 00e8 03       		.byte	0x3
 245 00e9 70       		.byte	0x70
 246 00ea 65000000 		.4byte	0x65
 247 00ee 10       		.byte	0x10
 248 00ef 09       		.uleb128 0x9
 249 00f0 97000000 		.4byte	.LASF18
 250 00f4 03       		.byte	0x3
 251 00f5 73       		.byte	0x73
 252 00f6 65000000 		.4byte	0x65
 253 00fa 14       		.byte	0x14
 254 00fb 09       		.uleb128 0x9
 255 00fc 33000000 		.4byte	.LASF19
 256 0100 03       		.byte	0x3
 257 0101 75       		.byte	0x75
 258 0102 65000000 		.4byte	0x65
 259 0106 18       		.byte	0x18
 260 0107 09       		.uleb128 0x9
 261 0108 15000000 		.4byte	.LASF20
 262 010c 03       		.byte	0x3
 263 010d 78       		.byte	0x78
 264 010e A0000000 		.4byte	0xa0
 265 0112 1C       		.byte	0x1c
 266 0113 09       		.uleb128 0x9
 267 0114 56020000 		.4byte	.LASF21
 268 0118 03       		.byte	0x3
 269 0119 79       		.byte	0x79
 270 011a 8E000000 		.4byte	0x8e
 271 011e 20       		.byte	0x20
 272 011f 00       		.byte	0
 273 0120 04       		.uleb128 0x4
 274 0121 21000000 		.4byte	.LASF22
 275 0125 03       		.byte	0x3
 276 0126 7A       		.byte	0x7a
 277 0127 2B010000 		.4byte	0x12b
 278 012b 06       		.uleb128 0x6
 279 012c 04       		.byte	0x4
 280 012d A7000000 		.4byte	0xa7
 281 0131 04       		.uleb128 0x4
 282 0132 AF010000 		.4byte	.LASF23
 283 0136 03       		.byte	0x3
 284 0137 7E       		.byte	0x7e
ARM GAS  /tmp/cchsDztw.s 			page 6


 285 0138 3C010000 		.4byte	0x13c
 286 013c 06       		.uleb128 0x6
 287 013d 04       		.byte	0x4
 288 013e 42010000 		.4byte	0x142
 289 0142 0A       		.uleb128 0xa
 290 0143 65000000 		.4byte	0x65
 291 0147 51010000 		.4byte	0x151
 292 014b 0B       		.uleb128 0xb
 293 014c 20010000 		.4byte	0x120
 294 0150 00       		.byte	0
 295 0151 02       		.uleb128 0x2
 296 0152 04       		.byte	0x4
 297 0153 07       		.byte	0x7
 298 0154 9D010000 		.4byte	.LASF24
 299 0158 02       		.uleb128 0x2
 300 0159 04       		.byte	0x4
 301 015a 05       		.byte	0x5
 302 015b AB020000 		.4byte	.LASF25
 303 015f 02       		.uleb128 0x2
 304 0160 04       		.byte	0x4
 305 0161 07       		.byte	0x7
 306 0162 66020000 		.4byte	.LASF26
 307 0166 02       		.uleb128 0x2
 308 0167 01       		.byte	0x1
 309 0168 08       		.byte	0x8
 310 0169 88020000 		.4byte	.LASF27
 311 016d 0C       		.uleb128 0xc
 312 016e 3B000000 		.4byte	.LASF38
 313 0172 01       		.byte	0x1
 314 0173 41       		.byte	0x41
 315 0174 65000000 		.4byte	0x65
 316 0178 00000000 		.4byte	.LFB10
 317 017c 5A000000 		.4byte	.LFE10-.LFB10
 318 0180 01       		.uleb128 0x1
 319 0181 9C       		.byte	0x9c
 320 0182 0D       		.uleb128 0xd
 321 0183 0A000000 		.4byte	.LASF28
 322 0187 01       		.byte	0x1
 323 0188 41       		.byte	0x41
 324 0189 20010000 		.4byte	0x120
 325 018d 00000000 		.4byte	.LLST0
 326 0191 0D       		.uleb128 0xd
 327 0192 D8010000 		.4byte	.LASF29
 328 0196 01       		.byte	0x1
 329 0197 42       		.byte	0x42
 330 0198 65000000 		.4byte	0x65
 331 019c 3A000000 		.4byte	.LLST1
 332 01a0 0D       		.uleb128 0xd
 333 01a1 5F020000 		.4byte	.LASF30
 334 01a5 01       		.byte	0x1
 335 01a6 43       		.byte	0x43
 336 01a7 53000000 		.4byte	0x53
 337 01ab 63000000 		.4byte	.LLST2
 338 01af 0D       		.uleb128 0xd
 339 01b0 C0020000 		.4byte	.LASF31
 340 01b4 01       		.byte	0x1
 341 01b5 44       		.byte	0x44
ARM GAS  /tmp/cchsDztw.s 			page 7


 342 01b6 41000000 		.4byte	0x41
 343 01ba 8F000000 		.4byte	.LLST3
 344 01be 0D       		.uleb128 0xd
 345 01bf 59000000 		.4byte	.LASF32
 346 01c3 01       		.byte	0x1
 347 01c4 45       		.byte	0x45
 348 01c5 31010000 		.4byte	0x131
 349 01c9 C7000000 		.4byte	.LLST4
 350 01cd 0E       		.uleb128 0xe
 351 01ce 72657400 		.ascii	"ret\000"
 352 01d2 01       		.byte	0x1
 353 01d3 47       		.byte	0x47
 354 01d4 65000000 		.4byte	0x65
 355 01d8 F3000000 		.4byte	.LLST5
 356 01dc 0F       		.uleb128 0xf
 357 01dd 1E020000 		.4byte	.LASF33
 358 01e1 01       		.byte	0x1
 359 01e2 48       		.byte	0x48
 360 01e3 65000000 		.4byte	0x65
 361 01e7 07010000 		.4byte	.LLST6
 362 01eb 10       		.uleb128 0x10
 363 01ec 56000000 		.4byte	.LVL13
 364 01f0 03       		.uleb128 0x3
 365 01f1 7D       		.byte	0x7d
 366 01f2 00       		.sleb128 0
 367 01f3 06       		.byte	0x6
 368 01f4 11       		.uleb128 0x11
 369 01f5 01       		.uleb128 0x1
 370 01f6 50       		.byte	0x50
 371 01f7 03       		.uleb128 0x3
 372 01f8 F3       		.byte	0xf3
 373 01f9 01       		.uleb128 0x1
 374 01fa 50       		.byte	0x50
 375 01fb 00       		.byte	0
 376 01fc 00       		.byte	0
 377 01fd 00       		.byte	0
 378              		.section	.debug_abbrev,"",%progbits
 379              	.Ldebug_abbrev0:
 380 0000 01       		.uleb128 0x1
 381 0001 11       		.uleb128 0x11
 382 0002 01       		.byte	0x1
 383 0003 25       		.uleb128 0x25
 384 0004 0E       		.uleb128 0xe
 385 0005 13       		.uleb128 0x13
 386 0006 0B       		.uleb128 0xb
 387 0007 03       		.uleb128 0x3
 388 0008 0E       		.uleb128 0xe
 389 0009 1B       		.uleb128 0x1b
 390 000a 0E       		.uleb128 0xe
 391 000b 55       		.uleb128 0x55
 392 000c 17       		.uleb128 0x17
 393 000d 11       		.uleb128 0x11
 394 000e 01       		.uleb128 0x1
 395 000f 10       		.uleb128 0x10
 396 0010 17       		.uleb128 0x17
 397 0011 00       		.byte	0
 398 0012 00       		.byte	0
ARM GAS  /tmp/cchsDztw.s 			page 8


 399 0013 02       		.uleb128 0x2
 400 0014 24       		.uleb128 0x24
 401 0015 00       		.byte	0
 402 0016 0B       		.uleb128 0xb
 403 0017 0B       		.uleb128 0xb
 404 0018 3E       		.uleb128 0x3e
 405 0019 0B       		.uleb128 0xb
 406 001a 03       		.uleb128 0x3
 407 001b 0E       		.uleb128 0xe
 408 001c 00       		.byte	0
 409 001d 00       		.byte	0
 410 001e 03       		.uleb128 0x3
 411 001f 24       		.uleb128 0x24
 412 0020 00       		.byte	0
 413 0021 0B       		.uleb128 0xb
 414 0022 0B       		.uleb128 0xb
 415 0023 3E       		.uleb128 0x3e
 416 0024 0B       		.uleb128 0xb
 417 0025 03       		.uleb128 0x3
 418 0026 08       		.uleb128 0x8
 419 0027 00       		.byte	0
 420 0028 00       		.byte	0
 421 0029 04       		.uleb128 0x4
 422 002a 16       		.uleb128 0x16
 423 002b 00       		.byte	0
 424 002c 03       		.uleb128 0x3
 425 002d 0E       		.uleb128 0xe
 426 002e 3A       		.uleb128 0x3a
 427 002f 0B       		.uleb128 0xb
 428 0030 3B       		.uleb128 0x3b
 429 0031 0B       		.uleb128 0xb
 430 0032 49       		.uleb128 0x49
 431 0033 13       		.uleb128 0x13
 432 0034 00       		.byte	0
 433 0035 00       		.byte	0
 434 0036 05       		.uleb128 0x5
 435 0037 35       		.uleb128 0x35
 436 0038 00       		.byte	0
 437 0039 49       		.uleb128 0x49
 438 003a 13       		.uleb128 0x13
 439 003b 00       		.byte	0
 440 003c 00       		.byte	0
 441 003d 06       		.uleb128 0x6
 442 003e 0F       		.uleb128 0xf
 443 003f 00       		.byte	0
 444 0040 0B       		.uleb128 0xb
 445 0041 0B       		.uleb128 0xb
 446 0042 49       		.uleb128 0x49
 447 0043 13       		.uleb128 0x13
 448 0044 00       		.byte	0
 449 0045 00       		.byte	0
 450 0046 07       		.uleb128 0x7
 451 0047 15       		.uleb128 0x15
 452 0048 00       		.byte	0
 453 0049 27       		.uleb128 0x27
 454 004a 19       		.uleb128 0x19
 455 004b 00       		.byte	0
ARM GAS  /tmp/cchsDztw.s 			page 9


 456 004c 00       		.byte	0
 457 004d 08       		.uleb128 0x8
 458 004e 13       		.uleb128 0x13
 459 004f 01       		.byte	0x1
 460 0050 03       		.uleb128 0x3
 461 0051 0E       		.uleb128 0xe
 462 0052 0B       		.uleb128 0xb
 463 0053 0B       		.uleb128 0xb
 464 0054 3A       		.uleb128 0x3a
 465 0055 0B       		.uleb128 0xb
 466 0056 3B       		.uleb128 0x3b
 467 0057 0B       		.uleb128 0xb
 468 0058 01       		.uleb128 0x1
 469 0059 13       		.uleb128 0x13
 470 005a 00       		.byte	0
 471 005b 00       		.byte	0
 472 005c 09       		.uleb128 0x9
 473 005d 0D       		.uleb128 0xd
 474 005e 00       		.byte	0
 475 005f 03       		.uleb128 0x3
 476 0060 0E       		.uleb128 0xe
 477 0061 3A       		.uleb128 0x3a
 478 0062 0B       		.uleb128 0xb
 479 0063 3B       		.uleb128 0x3b
 480 0064 0B       		.uleb128 0xb
 481 0065 49       		.uleb128 0x49
 482 0066 13       		.uleb128 0x13
 483 0067 38       		.uleb128 0x38
 484 0068 0B       		.uleb128 0xb
 485 0069 00       		.byte	0
 486 006a 00       		.byte	0
 487 006b 0A       		.uleb128 0xa
 488 006c 15       		.uleb128 0x15
 489 006d 01       		.byte	0x1
 490 006e 27       		.uleb128 0x27
 491 006f 19       		.uleb128 0x19
 492 0070 49       		.uleb128 0x49
 493 0071 13       		.uleb128 0x13
 494 0072 01       		.uleb128 0x1
 495 0073 13       		.uleb128 0x13
 496 0074 00       		.byte	0
 497 0075 00       		.byte	0
 498 0076 0B       		.uleb128 0xb
 499 0077 05       		.uleb128 0x5
 500 0078 00       		.byte	0
 501 0079 49       		.uleb128 0x49
 502 007a 13       		.uleb128 0x13
 503 007b 00       		.byte	0
 504 007c 00       		.byte	0
 505 007d 0C       		.uleb128 0xc
 506 007e 2E       		.uleb128 0x2e
 507 007f 01       		.byte	0x1
 508 0080 3F       		.uleb128 0x3f
 509 0081 19       		.uleb128 0x19
 510 0082 03       		.uleb128 0x3
 511 0083 0E       		.uleb128 0xe
 512 0084 3A       		.uleb128 0x3a
ARM GAS  /tmp/cchsDztw.s 			page 10


 513 0085 0B       		.uleb128 0xb
 514 0086 3B       		.uleb128 0x3b
 515 0087 0B       		.uleb128 0xb
 516 0088 27       		.uleb128 0x27
 517 0089 19       		.uleb128 0x19
 518 008a 49       		.uleb128 0x49
 519 008b 13       		.uleb128 0x13
 520 008c 11       		.uleb128 0x11
 521 008d 01       		.uleb128 0x1
 522 008e 12       		.uleb128 0x12
 523 008f 06       		.uleb128 0x6
 524 0090 40       		.uleb128 0x40
 525 0091 18       		.uleb128 0x18
 526 0092 9742     		.uleb128 0x2117
 527 0094 19       		.uleb128 0x19
 528 0095 00       		.byte	0
 529 0096 00       		.byte	0
 530 0097 0D       		.uleb128 0xd
 531 0098 05       		.uleb128 0x5
 532 0099 00       		.byte	0
 533 009a 03       		.uleb128 0x3
 534 009b 0E       		.uleb128 0xe
 535 009c 3A       		.uleb128 0x3a
 536 009d 0B       		.uleb128 0xb
 537 009e 3B       		.uleb128 0x3b
 538 009f 0B       		.uleb128 0xb
 539 00a0 49       		.uleb128 0x49
 540 00a1 13       		.uleb128 0x13
 541 00a2 02       		.uleb128 0x2
 542 00a3 17       		.uleb128 0x17
 543 00a4 00       		.byte	0
 544 00a5 00       		.byte	0
 545 00a6 0E       		.uleb128 0xe
 546 00a7 34       		.uleb128 0x34
 547 00a8 00       		.byte	0
 548 00a9 03       		.uleb128 0x3
 549 00aa 08       		.uleb128 0x8
 550 00ab 3A       		.uleb128 0x3a
 551 00ac 0B       		.uleb128 0xb
 552 00ad 3B       		.uleb128 0x3b
 553 00ae 0B       		.uleb128 0xb
 554 00af 49       		.uleb128 0x49
 555 00b0 13       		.uleb128 0x13
 556 00b1 02       		.uleb128 0x2
 557 00b2 17       		.uleb128 0x17
 558 00b3 00       		.byte	0
 559 00b4 00       		.byte	0
 560 00b5 0F       		.uleb128 0xf
 561 00b6 34       		.uleb128 0x34
 562 00b7 00       		.byte	0
 563 00b8 03       		.uleb128 0x3
 564 00b9 0E       		.uleb128 0xe
 565 00ba 3A       		.uleb128 0x3a
 566 00bb 0B       		.uleb128 0xb
 567 00bc 3B       		.uleb128 0x3b
 568 00bd 0B       		.uleb128 0xb
 569 00be 49       		.uleb128 0x49
ARM GAS  /tmp/cchsDztw.s 			page 11


 570 00bf 13       		.uleb128 0x13
 571 00c0 02       		.uleb128 0x2
 572 00c1 17       		.uleb128 0x17
 573 00c2 00       		.byte	0
 574 00c3 00       		.byte	0
 575 00c4 10       		.uleb128 0x10
 576 00c5 898201   		.uleb128 0x4109
 577 00c8 01       		.byte	0x1
 578 00c9 11       		.uleb128 0x11
 579 00ca 01       		.uleb128 0x1
 580 00cb 9542     		.uleb128 0x2115
 581 00cd 19       		.uleb128 0x19
 582 00ce 9342     		.uleb128 0x2113
 583 00d0 18       		.uleb128 0x18
 584 00d1 00       		.byte	0
 585 00d2 00       		.byte	0
 586 00d3 11       		.uleb128 0x11
 587 00d4 8A8201   		.uleb128 0x410a
 588 00d7 00       		.byte	0
 589 00d8 02       		.uleb128 0x2
 590 00d9 18       		.uleb128 0x18
 591 00da 9142     		.uleb128 0x2111
 592 00dc 18       		.uleb128 0x18
 593 00dd 00       		.byte	0
 594 00de 00       		.byte	0
 595 00df 00       		.byte	0
 596              		.section	.debug_loc,"",%progbits
 597              	.Ldebug_loc0:
 598              	.LLST0:
 599 0000 00000000 		.4byte	.LVL0
 600 0004 55000000 		.4byte	.LVL13-1
 601 0008 0100     		.2byte	0x1
 602 000a 50       		.byte	0x50
 603 000b 55000000 		.4byte	.LVL13-1
 604 000f 56000000 		.4byte	.LVL13
 605 0013 0400     		.2byte	0x4
 606 0015 F3       		.byte	0xf3
 607 0016 01       		.uleb128 0x1
 608 0017 50       		.byte	0x50
 609 0018 9F       		.byte	0x9f
 610 0019 56000000 		.4byte	.LVL13
 611 001d 58000000 		.4byte	.LVL14
 612 0021 0100     		.2byte	0x1
 613 0023 50       		.byte	0x50
 614 0024 58000000 		.4byte	.LVL14
 615 0028 5A000000 		.4byte	.LFE10
 616 002c 0400     		.2byte	0x4
 617 002e F3       		.byte	0xf3
 618 002f 01       		.uleb128 0x1
 619 0030 50       		.byte	0x50
 620 0031 9F       		.byte	0x9f
 621 0032 00000000 		.4byte	0
 622 0036 00000000 		.4byte	0
 623              	.LLST1:
 624 003a 00000000 		.4byte	.LVL0
 625 003e 28000000 		.4byte	.LVL2
 626 0042 0100     		.2byte	0x1
ARM GAS  /tmp/cchsDztw.s 			page 12


 627 0044 51       		.byte	0x51
 628 0045 28000000 		.4byte	.LVL2
 629 0049 3C000000 		.4byte	.LVL5
 630 004d 0100     		.2byte	0x1
 631 004f 51       		.byte	0x51
 632 0050 56000000 		.4byte	.LVL13
 633 0054 5A000000 		.4byte	.LFE10
 634 0058 0100     		.2byte	0x1
 635 005a 51       		.byte	0x51
 636 005b 00000000 		.4byte	0
 637 005f 00000000 		.4byte	0
 638              	.LLST2:
 639 0063 00000000 		.4byte	.LVL0
 640 0067 48000000 		.4byte	.LVL8
 641 006b 0100     		.2byte	0x1
 642 006d 52       		.byte	0x52
 643 006e 48000000 		.4byte	.LVL8
 644 0072 56000000 		.4byte	.LVL13
 645 0076 0400     		.2byte	0x4
 646 0078 F3       		.byte	0xf3
 647 0079 01       		.uleb128 0x1
 648 007a 52       		.byte	0x52
 649 007b 9F       		.byte	0x9f
 650 007c 56000000 		.4byte	.LVL13
 651 0080 5A000000 		.4byte	.LFE10
 652 0084 0100     		.2byte	0x1
 653 0086 52       		.byte	0x52
 654 0087 00000000 		.4byte	0
 655 008b 00000000 		.4byte	0
 656              	.LLST3:
 657 008f 00000000 		.4byte	.LVL0
 658 0093 50000000 		.4byte	.LVL11
 659 0097 0100     		.2byte	0x1
 660 0099 53       		.byte	0x53
 661 009a 50000000 		.4byte	.LVL11
 662 009e 55000000 		.4byte	.LVL13-1
 663 00a2 0200     		.2byte	0x2
 664 00a4 72       		.byte	0x72
 665 00a5 09       		.sleb128 9
 666 00a6 55000000 		.4byte	.LVL13-1
 667 00aa 56000000 		.4byte	.LVL13
 668 00ae 0400     		.2byte	0x4
 669 00b0 F3       		.byte	0xf3
 670 00b1 01       		.uleb128 0x1
 671 00b2 53       		.byte	0x53
 672 00b3 9F       		.byte	0x9f
 673 00b4 56000000 		.4byte	.LVL13
 674 00b8 5A000000 		.4byte	.LFE10
 675 00bc 0100     		.2byte	0x1
 676 00be 53       		.byte	0x53
 677 00bf 00000000 		.4byte	0
 678 00c3 00000000 		.4byte	0
 679              	.LLST4:
 680 00c7 00000000 		.4byte	.LVL0
 681 00cb 54000000 		.4byte	.LVL12
 682 00cf 0200     		.2byte	0x2
 683 00d1 91       		.byte	0x91
ARM GAS  /tmp/cchsDztw.s 			page 13


 684 00d2 00       		.sleb128 0
 685 00d3 54000000 		.4byte	.LVL12
 686 00d7 56000000 		.4byte	.LVL13
 687 00db 0200     		.2byte	0x2
 688 00dd 7D       		.byte	0x7d
 689 00de 00       		.sleb128 0
 690 00df 56000000 		.4byte	.LVL13
 691 00e3 5A000000 		.4byte	.LFE10
 692 00e7 0200     		.2byte	0x2
 693 00e9 91       		.byte	0x91
 694 00ea 00       		.sleb128 0
 695 00eb 00000000 		.4byte	0
 696 00ef 00000000 		.4byte	0
 697              	.LLST5:
 698 00f3 00000000 		.4byte	.LVL0
 699 00f7 56000000 		.4byte	.LVL13
 700 00fb 0200     		.2byte	0x2
 701 00fd 30       		.byte	0x30
 702 00fe 9F       		.byte	0x9f
 703 00ff 00000000 		.4byte	0
 704 0103 00000000 		.4byte	0
 705              	.LLST6:
 706 0107 04000000 		.4byte	.LVL1
 707 010b 28000000 		.4byte	.LVL2
 708 010f 0100     		.2byte	0x1
 709 0111 55       		.byte	0x55
 710 0112 28000000 		.4byte	.LVL2
 711 0116 30000000 		.4byte	.LVL3
 712 011a 0600     		.2byte	0x6
 713 011c 70       		.byte	0x70
 714 011d 00       		.sleb128 0
 715 011e 06       		.byte	0x6
 716 011f 23       		.byte	0x23
 717 0120 06       		.uleb128 0x6
 718 0121 9F       		.byte	0x9f
 719 0122 30000000 		.4byte	.LVL3
 720 0126 38000000 		.4byte	.LVL4
 721 012a 0600     		.2byte	0x6
 722 012c 70       		.byte	0x70
 723 012d 00       		.sleb128 0
 724 012e 06       		.byte	0x6
 725 012f 23       		.byte	0x23
 726 0130 05       		.uleb128 0x5
 727 0131 9F       		.byte	0x9f
 728 0132 38000000 		.4byte	.LVL4
 729 0136 3E000000 		.4byte	.LVL6
 730 013a 0600     		.2byte	0x6
 731 013c 70       		.byte	0x70
 732 013d 00       		.sleb128 0
 733 013e 06       		.byte	0x6
 734 013f 23       		.byte	0x23
 735 0140 04       		.uleb128 0x4
 736 0141 9F       		.byte	0x9f
 737 0142 3E000000 		.4byte	.LVL6
 738 0146 44000000 		.4byte	.LVL7
 739 014a 0600     		.2byte	0x6
 740 014c 70       		.byte	0x70
ARM GAS  /tmp/cchsDztw.s 			page 14


 741 014d 00       		.sleb128 0
 742 014e 06       		.byte	0x6
 743 014f 23       		.byte	0x23
 744 0150 0B       		.uleb128 0xb
 745 0151 9F       		.byte	0x9f
 746 0152 44000000 		.4byte	.LVL7
 747 0156 4A000000 		.4byte	.LVL9
 748 015a 0600     		.2byte	0x6
 749 015c 70       		.byte	0x70
 750 015d 00       		.sleb128 0
 751 015e 06       		.byte	0x6
 752 015f 23       		.byte	0x23
 753 0160 0A       		.uleb128 0xa
 754 0161 9F       		.byte	0x9f
 755 0162 4A000000 		.4byte	.LVL9
 756 0166 4E000000 		.4byte	.LVL10
 757 016a 0600     		.2byte	0x6
 758 016c 70       		.byte	0x70
 759 016d 00       		.sleb128 0
 760 016e 06       		.byte	0x6
 761 016f 23       		.byte	0x23
 762 0170 09       		.uleb128 0x9
 763 0171 9F       		.byte	0x9f
 764 0172 4E000000 		.4byte	.LVL10
 765 0176 55000000 		.4byte	.LVL13-1
 766 017a 0300     		.2byte	0x3
 767 017c 72       		.byte	0x72
 768 017d 09       		.sleb128 9
 769 017e 9F       		.byte	0x9f
 770 017f 56000000 		.4byte	.LVL13
 771 0183 5A000000 		.4byte	.LFE10
 772 0187 0100     		.2byte	0x1
 773 0189 55       		.byte	0x55
 774 018a 00000000 		.4byte	0
 775 018e 00000000 		.4byte	0
 776              		.section	.debug_aranges,"",%progbits
 777 0000 1C000000 		.4byte	0x1c
 778 0004 0200     		.2byte	0x2
 779 0006 00000000 		.4byte	.Ldebug_info0
 780 000a 04       		.byte	0x4
 781 000b 00       		.byte	0
 782 000c 0000     		.2byte	0
 783 000e 0000     		.2byte	0
 784 0010 00000000 		.4byte	.LFB10
 785 0014 5A000000 		.4byte	.LFE10-.LFB10
 786 0018 00000000 		.4byte	0
 787 001c 00000000 		.4byte	0
 788              		.section	.debug_ranges,"",%progbits
 789              	.Ldebug_ranges0:
 790 0000 00000000 		.4byte	.LFB10
 791 0004 5A000000 		.4byte	.LFE10
 792 0008 00000000 		.4byte	0
 793 000c 00000000 		.4byte	0
 794              		.section	.debug_line,"",%progbits
 795              	.Ldebug_line0:
 796 0000 C4000000 		.section	.debug_str,"MS",%progbits,1
 796      02007E00 
ARM GAS  /tmp/cchsDztw.s 			page 15


 796      00000201 
 796      FB0E0D00 
 796      01010101 
 797              	.LASF11:
 798 0000 5043414C 		.ascii	"PCALLBACK\000"
 798      4C424143 
 798      4B00
 799              	.LASF28:
 800 000a 70535344 		.ascii	"pSSDConfig\000"
 800      436F6E66 
 800      696700
 801              	.LASF20:
 802 0015 44656275 		.ascii	"DebugEnable\000"
 802      67456E61 
 802      626C6500 
 803              	.LASF22:
 804 0021 50464C41 		.ascii	"PFLASH_SSD_CONFIG\000"
 804      53485F53 
 804      53445F43 
 804      4F4E4649 
 804      4700
 805              	.LASF19:
 806 0033 45454553 		.ascii	"EEESize\000"
 806      697A6500 
 807              	.LASF38:
 808 003b 466C6173 		.ascii	"FlashVerifySection\000"
 808      68566572 
 808      69667953 
 808      65637469 
 808      6F6E00
 809              	.LASF16:
 810 004e 44466C61 		.ascii	"DFlashBase\000"
 810      73684261 
 810      736500
 811              	.LASF32:
 812 0059 70466C61 		.ascii	"pFlashCommandSequence\000"
 812      7368436F 
 812      6D6D616E 
 812      64536571 
 812      75656E63 
 813              	.LASF36:
 814 006f 2F686F6D 		.ascii	"/home/bunnie/code/chibios-netvcr/netvcr\000"
 814      652F6275 
 814      6E6E6965 
 814      2F636F64 
 814      652F6368 
 815              	.LASF18:
 816 0097 45455241 		.ascii	"EERAMBase\000"
 816      4D426173 
 816      6500
 817              	.LASF17:
 818 00a1 44466C61 		.ascii	"DFlashSize\000"
 818      73685369 
 818      7A6500
 819              	.LASF34:
 820 00ac 474E5520 		.ascii	"GNU C 4.9.2 -mcpu=cortex-m4 -mfloat-abi=soft -mfp16"
 820      4320342E 
ARM GAS  /tmp/cchsDztw.s 			page 16


 820      392E3220 
 820      2D6D6370 
 820      753D636F 
 821 00df 2D666F72 		.ascii	"-format=none -mno-thumb-interwork -mthumb -mfpu=vfp"
 821      6D61743D 
 821      6E6F6E65 
 821      202D6D6E 
 821      6F2D7468 
 822 0112 76332D64 		.ascii	"v3-d16 -mtls-dialect=gnu -ggdb -O2 -fomit-frame-poi"
 822      3136202D 
 822      6D746C73 
 822      2D646961 
 822      6C656374 
 823 0145 6E746572 		.ascii	"nter -falign-functions=16 -ffunction-sections -fdat"
 823      202D6661 
 823      6C69676E 
 823      2D66756E 
 823      6374696F 
 824 0178 612D7365 		.ascii	"a-sections -fno-common\000"
 824      6374696F 
 824      6E73202D 
 824      666E6F2D 
 824      636F6D6D 
 825              	.LASF3:
 826 018f 756E7369 		.ascii	"unsigned char\000"
 826      676E6564 
 826      20636861 
 826      7200
 827              	.LASF24:
 828 019d 6C6F6E67 		.ascii	"long unsigned int\000"
 828      20756E73 
 828      69676E65 
 828      6420696E 
 828      7400
 829              	.LASF23:
 830 01af 70464C41 		.ascii	"pFLASHCOMMANDSEQUENCE\000"
 830      5348434F 
 830      4D4D414E 
 830      44534551 
 830      55454E43 
 831              	.LASF6:
 832 01c5 73686F72 		.ascii	"short unsigned int\000"
 832      7420756E 
 832      7369676E 
 832      65642069 
 832      6E7400
 833              	.LASF29:
 834 01d8 64657374 		.ascii	"dest\000"
 834      00
 835              	.LASF1:
 836 01dd 73686F72 		.ascii	"short int\000"
 836      7420696E 
 836      7400
 837              	.LASF35:
 838 01e7 2E2E2F65 		.ascii	"../ext/C90TFS/source/FlashVerifySection.c\000"
 838      78742F43 
 838      39305446 
ARM GAS  /tmp/cchsDztw.s 			page 17


 838      532F736F 
 838      75726365 
 839              	.LASF8:
 840 0211 756E7369 		.ascii	"unsigned int\000"
 840      676E6564 
 840      20696E74 
 840      00
 841              	.LASF33:
 842 021e 74656D70 		.ascii	"temp\000"
 842      00
 843              	.LASF15:
 844 0223 50466C61 		.ascii	"PFlashSize\000"
 844      73685369 
 844      7A6500
 845              	.LASF9:
 846 022e 6C6F6E67 		.ascii	"long long unsigned int\000"
 846      206C6F6E 
 846      6720756E 
 846      7369676E 
 846      65642069 
 847              	.LASF4:
 848 0245 75696E74 		.ascii	"uint8_t\000"
 848      385F7400 
 849              	.LASF10:
 850 024d 7675696E 		.ascii	"vuint8_t\000"
 850      74385F74 
 850      00
 851              	.LASF21:
 852 0256 43616C6C 		.ascii	"CallBack\000"
 852      4261636B 
 852      00
 853              	.LASF30:
 854 025f 6E756D62 		.ascii	"number\000"
 854      657200
 855              	.LASF26:
 856 0266 73697A65 		.ascii	"sizetype\000"
 856      74797065 
 856      00
 857              	.LASF14:
 858 026f 50466C61 		.ascii	"PFlashBase\000"
 858      73684261 
 858      736500
 859              	.LASF2:
 860 027a 6C6F6E67 		.ascii	"long long int\000"
 860      206C6F6E 
 860      6720696E 
 860      7400
 861              	.LASF27:
 862 0288 63686172 		.ascii	"char\000"
 862      00
 863              	.LASF37:
 864 028d 5F737364 		.ascii	"_ssd_config\000"
 864      5F636F6E 
 864      66696700 
 865              	.LASF5:
 866 0299 75696E74 		.ascii	"uint16_t\000"
 866      31365F74 
ARM GAS  /tmp/cchsDztw.s 			page 18


 866      00
 867              	.LASF7:
 868 02a2 75696E74 		.ascii	"uint32_t\000"
 868      33325F74 
 868      00
 869              	.LASF25:
 870 02ab 6C6F6E67 		.ascii	"long int\000"
 870      20696E74 
 870      00
 871              	.LASF0:
 872 02b4 7369676E 		.ascii	"signed char\000"
 872      65642063 
 872      68617200 
 873              	.LASF31:
 874 02c0 6D617267 		.ascii	"marginLevel\000"
 874      696E4C65 
 874      76656C00 
 875              	.LASF12:
 876 02cc 5F426F6F 		.ascii	"_Bool\000"
 876      6C00
 877              	.LASF13:
 878 02d2 66746678 		.ascii	"ftfxRegBase\000"
 878      52656742 
 878      61736500 
 879              		.ident	"GCC: (Debian 4.9.2-10) 4.9.2"
 880              		.section	.note.GNU-stack,"",%progbits
ARM GAS  /tmp/cchsDztw.s 			page 19


DEFINED SYMBOLS
                            *ABS*:00000000 FlashVerifySection.c
     /tmp/cchsDztw.s:19     .text.FlashVerifySection:00000000 $t
     /tmp/cchsDztw.s:25     .text.FlashVerifySection:00000000 FlashVerifySection
                     .debug_frame:00000010 $d

NO UNDEFINED SYMBOLS
