ARM GAS  /tmp/ccuqom4j.s 			page 1


   1              		.syntax unified
   2              		.cpu cortex-m4
   3              		.fpu softvfp
   4              		.eabi_attribute 20, 1
   5              		.eabi_attribute 21, 1
   6              		.eabi_attribute 23, 3
   7              		.eabi_attribute 24, 1
   8              		.eabi_attribute 25, 1
   9              		.eabi_attribute 26, 2
  10              		.eabi_attribute 30, 2
  11              		.eabi_attribute 34, 1
  12              		.eabi_attribute 18, 4
  13              		.thumb
  14              		.file	"FlashReadResource.c"
  15              		.text
  16              	.Ltext0:
  17              		.cfi_sections	.debug_frame
  18              		.section	.text.FlashReadResource,"ax",%progbits
  19              		.align	2
  20              		.p2align 4,,-1
  21              		.global	FlashReadResource
  22              		.thumb
  23              		.thumb_func
  24              		.type	FlashReadResource, %function
  25              	FlashReadResource:
  26              	.LFB10:
  27              		.file 1 "../ext/C90TFS/source/FlashReadResource.c"
  28              		.loc 1 68 0
  29              		.cfi_startproc
  30              		@ args = 4, pretend = 0, frame = 0
  31              		@ frame_needed = 0, uses_anonymous_args = 0
  32              	.LVL0:
  33 0000 F8B5     		push	{r3, r4, r5, r6, r7, lr}
  34              		.cfi_def_cfa_offset 24
  35              		.cfi_offset 3, -24
  36              		.cfi_offset 4, -20
  37              		.cfi_offset 5, -16
  38              		.cfi_offset 6, -12
  39              		.cfi_offset 7, -8
  40              		.cfi_offset 14, -4
  41              		.loc 1 85 0
  42 0002 4568     		ldr	r5, [r0, #4]
  43              		.loc 1 86 0
  44 0004 A942     		cmp	r1, r5
  45              		.loc 1 68 0
  46 0006 0446     		mov	r4, r0
  47              	.LVL1:
  48              		.loc 1 86 0
  49 0008 03D3     		bcc	.L4
  50              		.loc 1 86 0 is_stmt 0 discriminator 1
  51 000a 8668     		ldr	r6, [r0, #8]
  52 000c 2E44     		add	r6, r6, r5
  53 000e B142     		cmp	r1, r6
  54 0010 01D3     		bcc	.L7
  55              	.L4:
  56 0012 2020     		movs	r0, #32
  57              	.LVL2:
ARM GAS  /tmp/ccuqom4j.s 			page 2


  58              	.L2:
  59              		.loc 1 136 0 is_stmt 1
  60 0014 F8BD     		pop	{r3, r4, r5, r6, r7, pc}
  61              	.LVL3:
  62              	.L7:
  63 0016 1746     		mov	r7, r2
  64              		.loc 1 99 0
  65 0018 0268     		ldr	r2, [r0]
  66              	.LVL4:
  67 001a 3126     		movs	r6, #49
  68 001c 1670     		strb	r6, [r2]
  69              		.loc 1 102 0
  70 001e 0268     		ldr	r2, [r0]
  71              		.loc 1 103 0
  72 0020 0326     		movs	r6, #3
  73 0022 D671     		strb	r6, [r2, #7]
  74              		.loc 1 104 0
  75 0024 0268     		ldr	r2, [r0]
  76              		.loc 1 88 0
  77 0026 491B     		subs	r1, r1, r5
  78              	.LVL5:
  79              		.loc 1 105 0
  80 0028 C1F30745 		ubfx	r5, r1, #16, #8
  81 002c 9571     		strb	r5, [r2, #6]
  82              	.LVL6:
  83              		.loc 1 106 0
  84 002e 0268     		ldr	r2, [r0]
  85              		.loc 1 107 0
  86 0030 C1F30725 		ubfx	r5, r1, #8, #8
  87 0034 5571     		strb	r5, [r2, #5]
  88              	.LVL7:
  89              		.loc 1 108 0
  90 0036 0268     		ldr	r2, [r0]
  91              		.loc 1 109 0
  92 0038 C9B2     		uxtb	r1, r1
  93              	.LVL8:
  94 003a 1171     		strb	r1, [r2, #4]
  95              	.LVL9:
  96              		.loc 1 111 0
  97 003c 0268     		ldr	r2, [r0]
  98              		.loc 1 112 0
  99 003e D373     		strb	r3, [r2, #15]
 100              	.LVL10:
 101              		.loc 1 115 0
 102 0040 069B     		ldr	r3, [sp, #24]
 103              	.LVL11:
 104 0042 9847     		blx	r3
 105              	.LVL12:
 106              		.loc 1 117 0
 107 0044 0028     		cmp	r0, #0
 108 0046 E5D1     		bne	.L2
 109              	.LVL13:
 110 0048 2368     		ldr	r3, [r4]
 111              		.loc 1 123 0
 112 004a 1B7A     		ldrb	r3, [r3, #8]	@ zero_extendqisi2
 113 004c 3B70     		strb	r3, [r7]
 114              	.LVL14:
ARM GAS  /tmp/ccuqom4j.s 			page 3


 115              		.loc 1 122 0
 116 004e 2368     		ldr	r3, [r4]
 117              	.LVL15:
 118              		.loc 1 123 0
 119 0050 5B7A     		ldrb	r3, [r3, #9]	@ zero_extendqisi2
 120              	.LVL16:
 121 0052 7B70     		strb	r3, [r7, #1]
 122              	.LVL17:
 123              		.loc 1 122 0
 124 0054 2368     		ldr	r3, [r4]
 125              	.LVL18:
 126              		.loc 1 123 0
 127 0056 9B7A     		ldrb	r3, [r3, #10]	@ zero_extendqisi2
 128              	.LVL19:
 129 0058 BB70     		strb	r3, [r7, #2]
 130              	.LVL20:
 131              		.loc 1 122 0
 132 005a 2368     		ldr	r3, [r4]
 133              	.LVL21:
 134              		.loc 1 123 0
 135 005c DB7A     		ldrb	r3, [r3, #11]	@ zero_extendqisi2
 136              	.LVL22:
 137 005e FB70     		strb	r3, [r7, #3]
 138              	.LVL23:
 139 0060 F8BD     		pop	{r3, r4, r5, r6, r7, pc}
 140              		.cfi_endproc
 141              	.LFE10:
 142              		.size	FlashReadResource, .-FlashReadResource
 143 0062 00BFAFF3 		.text
 143      0080AFF3 
 143      0080AFF3 
 143      0080
 144              	.Letext0:
 145              		.file 2 "/usr/include/stdint.h"
 146              		.file 3 "../ext/C90TFS/include/SSD_Types.h"
 147              		.section	.debug_info,"",%progbits
 148              	.Ldebug_info0:
 149 0000 01020000 		.4byte	0x201
 150 0004 0400     		.2byte	0x4
 151 0006 00000000 		.4byte	.Ldebug_abbrev0
 152 000a 04       		.byte	0x4
 153 000b 01       		.uleb128 0x1
 154 000c C2000000 		.4byte	.LASF33
 155 0010 01       		.byte	0x1
 156 0011 3B000000 		.4byte	.LASF34
 157 0015 85000000 		.4byte	.LASF35
 158 0019 00000000 		.4byte	.Ldebug_ranges0+0
 159 001d 00000000 		.4byte	0
 160 0021 00000000 		.4byte	.Ldebug_line0
 161 0025 02       		.uleb128 0x2
 162 0026 01       		.byte	0x1
 163 0027 06       		.byte	0x6
 164 0028 AE020000 		.4byte	.LASF0
 165 002c 02       		.uleb128 0x2
 166 002d 02       		.byte	0x2
 167 002e 05       		.byte	0x5
 168 002f F3010000 		.4byte	.LASF1
ARM GAS  /tmp/ccuqom4j.s 			page 4


 169 0033 03       		.uleb128 0x3
 170 0034 04       		.byte	0x4
 171 0035 05       		.byte	0x5
 172 0036 696E7400 		.ascii	"int\000"
 173 003a 02       		.uleb128 0x2
 174 003b 08       		.byte	0x8
 175 003c 05       		.byte	0x5
 176 003d 7D020000 		.4byte	.LASF2
 177 0041 04       		.uleb128 0x4
 178 0042 75020000 		.4byte	.LASF5
 179 0046 02       		.byte	0x2
 180 0047 30       		.byte	0x30
 181 0048 4C000000 		.4byte	0x4c
 182 004c 02       		.uleb128 0x2
 183 004d 01       		.byte	0x1
 184 004e 08       		.byte	0x8
 185 004f A5010000 		.4byte	.LASF3
 186 0053 02       		.uleb128 0x2
 187 0054 02       		.byte	0x2
 188 0055 07       		.byte	0x7
 189 0056 DB010000 		.4byte	.LASF4
 190 005a 04       		.uleb128 0x4
 191 005b 9C020000 		.4byte	.LASF6
 192 005f 02       		.byte	0x2
 193 0060 33       		.byte	0x33
 194 0061 65000000 		.4byte	0x65
 195 0065 02       		.uleb128 0x2
 196 0066 04       		.byte	0x4
 197 0067 07       		.byte	0x7
 198 0068 13020000 		.4byte	.LASF7
 199 006c 02       		.uleb128 0x2
 200 006d 08       		.byte	0x8
 201 006e 07       		.byte	0x7
 202 006f 30020000 		.4byte	.LASF8
 203 0073 04       		.uleb128 0x4
 204 0074 5A020000 		.4byte	.LASF9
 205 0078 03       		.byte	0x3
 206 0079 3F       		.byte	0x3f
 207 007a 7E000000 		.4byte	0x7e
 208 007e 05       		.uleb128 0x5
 209 007f 4C000000 		.4byte	0x4c
 210 0083 04       		.uleb128 0x4
 211 0084 00000000 		.4byte	.LASF10
 212 0088 03       		.byte	0x3
 213 0089 59       		.byte	0x59
 214 008a 8E000000 		.4byte	0x8e
 215 008e 06       		.uleb128 0x6
 216 008f 04       		.byte	0x4
 217 0090 94000000 		.4byte	0x94
 218 0094 07       		.uleb128 0x7
 219 0095 02       		.uleb128 0x2
 220 0096 01       		.byte	0x1
 221 0097 02       		.byte	0x2
 222 0098 CC020000 		.4byte	.LASF11
 223 009c 08       		.uleb128 0x8
 224 009d 90020000 		.4byte	.LASF36
 225 00a1 24       		.byte	0x24
ARM GAS  /tmp/ccuqom4j.s 			page 5


 226 00a2 03       		.byte	0x3
 227 00a3 6A       		.byte	0x6a
 228 00a4 15010000 		.4byte	0x115
 229 00a8 09       		.uleb128 0x9
 230 00a9 D2020000 		.4byte	.LASF12
 231 00ad 03       		.byte	0x3
 232 00ae 6C       		.byte	0x6c
 233 00af 5A000000 		.4byte	0x5a
 234 00b3 00       		.byte	0
 235 00b4 09       		.uleb128 0x9
 236 00b5 FD010000 		.4byte	.LASF13
 237 00b9 03       		.byte	0x3
 238 00ba 6D       		.byte	0x6d
 239 00bb 5A000000 		.4byte	0x5a
 240 00bf 04       		.byte	0x4
 241 00c0 09       		.uleb128 0x9
 242 00c1 25020000 		.4byte	.LASF14
 243 00c5 03       		.byte	0x3
 244 00c6 6E       		.byte	0x6e
 245 00c7 5A000000 		.4byte	0x5a
 246 00cb 08       		.byte	0x8
 247 00cc 09       		.uleb128 0x9
 248 00cd 64000000 		.4byte	.LASF15
 249 00d1 03       		.byte	0x3
 250 00d2 6F       		.byte	0x6f
 251 00d3 5A000000 		.4byte	0x5a
 252 00d7 0C       		.byte	0xc
 253 00d8 09       		.uleb128 0x9
 254 00d9 B7000000 		.4byte	.LASF16
 255 00dd 03       		.byte	0x3
 256 00de 70       		.byte	0x70
 257 00df 5A000000 		.4byte	0x5a
 258 00e3 10       		.byte	0x10
 259 00e4 09       		.uleb128 0x9
 260 00e5 AD000000 		.4byte	.LASF17
 261 00e9 03       		.byte	0x3
 262 00ea 73       		.byte	0x73
 263 00eb 5A000000 		.4byte	0x5a
 264 00ef 14       		.byte	0x14
 265 00f0 09       		.uleb128 0x9
 266 00f1 27000000 		.4byte	.LASF18
 267 00f5 03       		.byte	0x3
 268 00f6 75       		.byte	0x75
 269 00f7 5A000000 		.4byte	0x5a
 270 00fb 18       		.byte	0x18
 271 00fc 09       		.uleb128 0x9
 272 00fd 2F000000 		.4byte	.LASF19
 273 0101 03       		.byte	0x3
 274 0102 78       		.byte	0x78
 275 0103 95000000 		.4byte	0x95
 276 0107 1C       		.byte	0x1c
 277 0108 09       		.uleb128 0x9
 278 0109 63020000 		.4byte	.LASF20
 279 010d 03       		.byte	0x3
 280 010e 79       		.byte	0x79
 281 010f 83000000 		.4byte	0x83
 282 0113 20       		.byte	0x20
ARM GAS  /tmp/ccuqom4j.s 			page 6


 283 0114 00       		.byte	0
 284 0115 04       		.uleb128 0x4
 285 0116 15000000 		.4byte	.LASF21
 286 011a 03       		.byte	0x3
 287 011b 7A       		.byte	0x7a
 288 011c 20010000 		.4byte	0x120
 289 0120 06       		.uleb128 0x6
 290 0121 04       		.byte	0x4
 291 0122 9C000000 		.4byte	0x9c
 292 0126 04       		.uleb128 0x4
 293 0127 C5010000 		.4byte	.LASF22
 294 012b 03       		.byte	0x3
 295 012c 7E       		.byte	0x7e
 296 012d 31010000 		.4byte	0x131
 297 0131 06       		.uleb128 0x6
 298 0132 04       		.byte	0x4
 299 0133 37010000 		.4byte	0x137
 300 0137 0A       		.uleb128 0xa
 301 0138 5A000000 		.4byte	0x5a
 302 013c 46010000 		.4byte	0x146
 303 0140 0B       		.uleb128 0xb
 304 0141 15010000 		.4byte	0x115
 305 0145 00       		.byte	0
 306 0146 06       		.uleb128 0x6
 307 0147 04       		.byte	0x4
 308 0148 41000000 		.4byte	0x41
 309 014c 02       		.uleb128 0x2
 310 014d 04       		.byte	0x4
 311 014e 07       		.byte	0x7
 312 014f B3010000 		.4byte	.LASF23
 313 0153 02       		.uleb128 0x2
 314 0154 04       		.byte	0x4
 315 0155 05       		.byte	0x5
 316 0156 A5020000 		.4byte	.LASF24
 317 015a 02       		.uleb128 0x2
 318 015b 04       		.byte	0x4
 319 015c 07       		.byte	0x7
 320 015d 6C020000 		.4byte	.LASF25
 321 0161 02       		.uleb128 0x2
 322 0162 01       		.byte	0x1
 323 0163 08       		.byte	0x8
 324 0164 8B020000 		.4byte	.LASF26
 325 0168 0C       		.uleb128 0xc
 326 0169 BA020000 		.4byte	.LASF37
 327 016d 01       		.byte	0x1
 328 016e 3F       		.byte	0x3f
 329 016f 5A000000 		.4byte	0x5a
 330 0173 00000000 		.4byte	.LFB10
 331 0177 62000000 		.4byte	.LFE10-.LFB10
 332 017b 01       		.uleb128 0x1
 333 017c 9C       		.byte	0x9c
 334 017d 0D       		.uleb128 0xd
 335 017e 0A000000 		.4byte	.LASF27
 336 0182 01       		.byte	0x1
 337 0183 3F       		.byte	0x3f
 338 0184 15010000 		.4byte	0x115
 339 0188 00000000 		.4byte	.LLST0
ARM GAS  /tmp/ccuqom4j.s 			page 7


 340 018c 0D       		.uleb128 0xd
 341 018d EE010000 		.4byte	.LASF28
 342 0191 01       		.byte	0x1
 343 0192 40       		.byte	0x40
 344 0193 5A000000 		.4byte	0x5a
 345 0197 34000000 		.4byte	.LLST1
 346 019b 0D       		.uleb128 0xd
 347 019c 08020000 		.4byte	.LASF29
 348 01a0 01       		.byte	0x1
 349 01a1 41       		.byte	0x41
 350 01a2 46010000 		.4byte	0x146
 351 01a6 52000000 		.4byte	.LLST2
 352 01aa 0D       		.uleb128 0xd
 353 01ab 47020000 		.4byte	.LASF30
 354 01af 01       		.byte	0x1
 355 01b0 42       		.byte	0x42
 356 01b1 41000000 		.4byte	0x41
 357 01b5 89000000 		.4byte	.LLST3
 358 01b9 0D       		.uleb128 0xd
 359 01ba 6F000000 		.4byte	.LASF31
 360 01be 01       		.byte	0x1
 361 01bf 43       		.byte	0x43
 362 01c0 26010000 		.4byte	0x126
 363 01c4 CF000000 		.4byte	.LLST4
 364 01c8 0E       		.uleb128 0xe
 365 01c9 6900     		.ascii	"i\000"
 366 01cb 01       		.byte	0x1
 367 01cc 45       		.byte	0x45
 368 01cd 41000000 		.4byte	0x41
 369 01d1 EF000000 		.4byte	.LLST5
 370 01d5 0E       		.uleb128 0xe
 371 01d6 72657400 		.ascii	"ret\000"
 372 01da 01       		.byte	0x1
 373 01db 46       		.byte	0x46
 374 01dc 5A000000 		.4byte	0x5a
 375 01e0 33010000 		.4byte	.LLST6
 376 01e4 0F       		.uleb128 0xf
 377 01e5 20020000 		.4byte	.LASF32
 378 01e9 01       		.byte	0x1
 379 01ea 47       		.byte	0x47
 380 01eb 5A000000 		.4byte	0x5a
 381 01ef 69010000 		.4byte	.LLST7
 382 01f3 10       		.uleb128 0x10
 383 01f4 44000000 		.4byte	.LVL12
 384 01f8 03       		.uleb128 0x3
 385 01f9 91       		.byte	0x91
 386 01fa 00       		.sleb128 0
 387 01fb 06       		.byte	0x6
 388 01fc 11       		.uleb128 0x11
 389 01fd 01       		.uleb128 0x1
 390 01fe 50       		.byte	0x50
 391 01ff 02       		.uleb128 0x2
 392 0200 74       		.byte	0x74
 393 0201 00       		.sleb128 0
 394 0202 00       		.byte	0
 395 0203 00       		.byte	0
 396 0204 00       		.byte	0
ARM GAS  /tmp/ccuqom4j.s 			page 8


 397              		.section	.debug_abbrev,"",%progbits
 398              	.Ldebug_abbrev0:
 399 0000 01       		.uleb128 0x1
 400 0001 11       		.uleb128 0x11
 401 0002 01       		.byte	0x1
 402 0003 25       		.uleb128 0x25
 403 0004 0E       		.uleb128 0xe
 404 0005 13       		.uleb128 0x13
 405 0006 0B       		.uleb128 0xb
 406 0007 03       		.uleb128 0x3
 407 0008 0E       		.uleb128 0xe
 408 0009 1B       		.uleb128 0x1b
 409 000a 0E       		.uleb128 0xe
 410 000b 55       		.uleb128 0x55
 411 000c 17       		.uleb128 0x17
 412 000d 11       		.uleb128 0x11
 413 000e 01       		.uleb128 0x1
 414 000f 10       		.uleb128 0x10
 415 0010 17       		.uleb128 0x17
 416 0011 00       		.byte	0
 417 0012 00       		.byte	0
 418 0013 02       		.uleb128 0x2
 419 0014 24       		.uleb128 0x24
 420 0015 00       		.byte	0
 421 0016 0B       		.uleb128 0xb
 422 0017 0B       		.uleb128 0xb
 423 0018 3E       		.uleb128 0x3e
 424 0019 0B       		.uleb128 0xb
 425 001a 03       		.uleb128 0x3
 426 001b 0E       		.uleb128 0xe
 427 001c 00       		.byte	0
 428 001d 00       		.byte	0
 429 001e 03       		.uleb128 0x3
 430 001f 24       		.uleb128 0x24
 431 0020 00       		.byte	0
 432 0021 0B       		.uleb128 0xb
 433 0022 0B       		.uleb128 0xb
 434 0023 3E       		.uleb128 0x3e
 435 0024 0B       		.uleb128 0xb
 436 0025 03       		.uleb128 0x3
 437 0026 08       		.uleb128 0x8
 438 0027 00       		.byte	0
 439 0028 00       		.byte	0
 440 0029 04       		.uleb128 0x4
 441 002a 16       		.uleb128 0x16
 442 002b 00       		.byte	0
 443 002c 03       		.uleb128 0x3
 444 002d 0E       		.uleb128 0xe
 445 002e 3A       		.uleb128 0x3a
 446 002f 0B       		.uleb128 0xb
 447 0030 3B       		.uleb128 0x3b
 448 0031 0B       		.uleb128 0xb
 449 0032 49       		.uleb128 0x49
 450 0033 13       		.uleb128 0x13
 451 0034 00       		.byte	0
 452 0035 00       		.byte	0
 453 0036 05       		.uleb128 0x5
ARM GAS  /tmp/ccuqom4j.s 			page 9


 454 0037 35       		.uleb128 0x35
 455 0038 00       		.byte	0
 456 0039 49       		.uleb128 0x49
 457 003a 13       		.uleb128 0x13
 458 003b 00       		.byte	0
 459 003c 00       		.byte	0
 460 003d 06       		.uleb128 0x6
 461 003e 0F       		.uleb128 0xf
 462 003f 00       		.byte	0
 463 0040 0B       		.uleb128 0xb
 464 0041 0B       		.uleb128 0xb
 465 0042 49       		.uleb128 0x49
 466 0043 13       		.uleb128 0x13
 467 0044 00       		.byte	0
 468 0045 00       		.byte	0
 469 0046 07       		.uleb128 0x7
 470 0047 15       		.uleb128 0x15
 471 0048 00       		.byte	0
 472 0049 27       		.uleb128 0x27
 473 004a 19       		.uleb128 0x19
 474 004b 00       		.byte	0
 475 004c 00       		.byte	0
 476 004d 08       		.uleb128 0x8
 477 004e 13       		.uleb128 0x13
 478 004f 01       		.byte	0x1
 479 0050 03       		.uleb128 0x3
 480 0051 0E       		.uleb128 0xe
 481 0052 0B       		.uleb128 0xb
 482 0053 0B       		.uleb128 0xb
 483 0054 3A       		.uleb128 0x3a
 484 0055 0B       		.uleb128 0xb
 485 0056 3B       		.uleb128 0x3b
 486 0057 0B       		.uleb128 0xb
 487 0058 01       		.uleb128 0x1
 488 0059 13       		.uleb128 0x13
 489 005a 00       		.byte	0
 490 005b 00       		.byte	0
 491 005c 09       		.uleb128 0x9
 492 005d 0D       		.uleb128 0xd
 493 005e 00       		.byte	0
 494 005f 03       		.uleb128 0x3
 495 0060 0E       		.uleb128 0xe
 496 0061 3A       		.uleb128 0x3a
 497 0062 0B       		.uleb128 0xb
 498 0063 3B       		.uleb128 0x3b
 499 0064 0B       		.uleb128 0xb
 500 0065 49       		.uleb128 0x49
 501 0066 13       		.uleb128 0x13
 502 0067 38       		.uleb128 0x38
 503 0068 0B       		.uleb128 0xb
 504 0069 00       		.byte	0
 505 006a 00       		.byte	0
 506 006b 0A       		.uleb128 0xa
 507 006c 15       		.uleb128 0x15
 508 006d 01       		.byte	0x1
 509 006e 27       		.uleb128 0x27
 510 006f 19       		.uleb128 0x19
ARM GAS  /tmp/ccuqom4j.s 			page 10


 511 0070 49       		.uleb128 0x49
 512 0071 13       		.uleb128 0x13
 513 0072 01       		.uleb128 0x1
 514 0073 13       		.uleb128 0x13
 515 0074 00       		.byte	0
 516 0075 00       		.byte	0
 517 0076 0B       		.uleb128 0xb
 518 0077 05       		.uleb128 0x5
 519 0078 00       		.byte	0
 520 0079 49       		.uleb128 0x49
 521 007a 13       		.uleb128 0x13
 522 007b 00       		.byte	0
 523 007c 00       		.byte	0
 524 007d 0C       		.uleb128 0xc
 525 007e 2E       		.uleb128 0x2e
 526 007f 01       		.byte	0x1
 527 0080 3F       		.uleb128 0x3f
 528 0081 19       		.uleb128 0x19
 529 0082 03       		.uleb128 0x3
 530 0083 0E       		.uleb128 0xe
 531 0084 3A       		.uleb128 0x3a
 532 0085 0B       		.uleb128 0xb
 533 0086 3B       		.uleb128 0x3b
 534 0087 0B       		.uleb128 0xb
 535 0088 27       		.uleb128 0x27
 536 0089 19       		.uleb128 0x19
 537 008a 49       		.uleb128 0x49
 538 008b 13       		.uleb128 0x13
 539 008c 11       		.uleb128 0x11
 540 008d 01       		.uleb128 0x1
 541 008e 12       		.uleb128 0x12
 542 008f 06       		.uleb128 0x6
 543 0090 40       		.uleb128 0x40
 544 0091 18       		.uleb128 0x18
 545 0092 9742     		.uleb128 0x2117
 546 0094 19       		.uleb128 0x19
 547 0095 00       		.byte	0
 548 0096 00       		.byte	0
 549 0097 0D       		.uleb128 0xd
 550 0098 05       		.uleb128 0x5
 551 0099 00       		.byte	0
 552 009a 03       		.uleb128 0x3
 553 009b 0E       		.uleb128 0xe
 554 009c 3A       		.uleb128 0x3a
 555 009d 0B       		.uleb128 0xb
 556 009e 3B       		.uleb128 0x3b
 557 009f 0B       		.uleb128 0xb
 558 00a0 49       		.uleb128 0x49
 559 00a1 13       		.uleb128 0x13
 560 00a2 02       		.uleb128 0x2
 561 00a3 17       		.uleb128 0x17
 562 00a4 00       		.byte	0
 563 00a5 00       		.byte	0
 564 00a6 0E       		.uleb128 0xe
 565 00a7 34       		.uleb128 0x34
 566 00a8 00       		.byte	0
 567 00a9 03       		.uleb128 0x3
ARM GAS  /tmp/ccuqom4j.s 			page 11


 568 00aa 08       		.uleb128 0x8
 569 00ab 3A       		.uleb128 0x3a
 570 00ac 0B       		.uleb128 0xb
 571 00ad 3B       		.uleb128 0x3b
 572 00ae 0B       		.uleb128 0xb
 573 00af 49       		.uleb128 0x49
 574 00b0 13       		.uleb128 0x13
 575 00b1 02       		.uleb128 0x2
 576 00b2 17       		.uleb128 0x17
 577 00b3 00       		.byte	0
 578 00b4 00       		.byte	0
 579 00b5 0F       		.uleb128 0xf
 580 00b6 34       		.uleb128 0x34
 581 00b7 00       		.byte	0
 582 00b8 03       		.uleb128 0x3
 583 00b9 0E       		.uleb128 0xe
 584 00ba 3A       		.uleb128 0x3a
 585 00bb 0B       		.uleb128 0xb
 586 00bc 3B       		.uleb128 0x3b
 587 00bd 0B       		.uleb128 0xb
 588 00be 49       		.uleb128 0x49
 589 00bf 13       		.uleb128 0x13
 590 00c0 02       		.uleb128 0x2
 591 00c1 17       		.uleb128 0x17
 592 00c2 00       		.byte	0
 593 00c3 00       		.byte	0
 594 00c4 10       		.uleb128 0x10
 595 00c5 898201   		.uleb128 0x4109
 596 00c8 01       		.byte	0x1
 597 00c9 11       		.uleb128 0x11
 598 00ca 01       		.uleb128 0x1
 599 00cb 9342     		.uleb128 0x2113
 600 00cd 18       		.uleb128 0x18
 601 00ce 00       		.byte	0
 602 00cf 00       		.byte	0
 603 00d0 11       		.uleb128 0x11
 604 00d1 8A8201   		.uleb128 0x410a
 605 00d4 00       		.byte	0
 606 00d5 02       		.uleb128 0x2
 607 00d6 18       		.uleb128 0x18
 608 00d7 9142     		.uleb128 0x2111
 609 00d9 18       		.uleb128 0x18
 610 00da 00       		.byte	0
 611 00db 00       		.byte	0
 612 00dc 00       		.byte	0
 613              		.section	.debug_loc,"",%progbits
 614              	.Ldebug_loc0:
 615              	.LLST0:
 616 0000 00000000 		.4byte	.LVL0
 617 0004 14000000 		.4byte	.LVL2
 618 0008 0100     		.2byte	0x1
 619 000a 50       		.byte	0x50
 620 000b 14000000 		.4byte	.LVL2
 621 000f 16000000 		.4byte	.LVL3
 622 0013 0100     		.2byte	0x1
 623 0015 54       		.byte	0x54
 624 0016 16000000 		.4byte	.LVL3
ARM GAS  /tmp/ccuqom4j.s 			page 12


 625 001a 43000000 		.4byte	.LVL12-1
 626 001e 0100     		.2byte	0x1
 627 0020 50       		.byte	0x50
 628 0021 43000000 		.4byte	.LVL12-1
 629 0025 62000000 		.4byte	.LFE10
 630 0029 0100     		.2byte	0x1
 631 002b 54       		.byte	0x54
 632 002c 00000000 		.4byte	0
 633 0030 00000000 		.4byte	0
 634              	.LLST1:
 635 0034 00000000 		.4byte	.LVL0
 636 0038 14000000 		.4byte	.LVL2
 637 003c 0100     		.2byte	0x1
 638 003e 51       		.byte	0x51
 639 003f 16000000 		.4byte	.LVL3
 640 0043 3A000000 		.4byte	.LVL8
 641 0047 0100     		.2byte	0x1
 642 0049 51       		.byte	0x51
 643 004a 00000000 		.4byte	0
 644 004e 00000000 		.4byte	0
 645              	.LLST2:
 646 0052 00000000 		.4byte	.LVL0
 647 0056 14000000 		.4byte	.LVL2
 648 005a 0100     		.2byte	0x1
 649 005c 52       		.byte	0x52
 650 005d 14000000 		.4byte	.LVL2
 651 0061 16000000 		.4byte	.LVL3
 652 0065 0400     		.2byte	0x4
 653 0067 F3       		.byte	0xf3
 654 0068 01       		.uleb128 0x1
 655 0069 52       		.byte	0x52
 656 006a 9F       		.byte	0x9f
 657 006b 16000000 		.4byte	.LVL3
 658 006f 1A000000 		.4byte	.LVL4
 659 0073 0100     		.2byte	0x1
 660 0075 52       		.byte	0x52
 661 0076 1A000000 		.4byte	.LVL4
 662 007a 62000000 		.4byte	.LFE10
 663 007e 0100     		.2byte	0x1
 664 0080 57       		.byte	0x57
 665 0081 00000000 		.4byte	0
 666 0085 00000000 		.4byte	0
 667              	.LLST3:
 668 0089 00000000 		.4byte	.LVL0
 669 008d 14000000 		.4byte	.LVL2
 670 0091 0100     		.2byte	0x1
 671 0093 53       		.byte	0x53
 672 0094 14000000 		.4byte	.LVL2
 673 0098 16000000 		.4byte	.LVL3
 674 009c 0400     		.2byte	0x4
 675 009e F3       		.byte	0xf3
 676 009f 01       		.uleb128 0x1
 677 00a0 53       		.byte	0x53
 678 00a1 9F       		.byte	0x9f
 679 00a2 16000000 		.4byte	.LVL3
 680 00a6 42000000 		.4byte	.LVL11
 681 00aa 0100     		.2byte	0x1
ARM GAS  /tmp/ccuqom4j.s 			page 13


 682 00ac 53       		.byte	0x53
 683 00ad 42000000 		.4byte	.LVL11
 684 00b1 43000000 		.4byte	.LVL12-1
 685 00b5 0200     		.2byte	0x2
 686 00b7 72       		.byte	0x72
 687 00b8 0F       		.sleb128 15
 688 00b9 43000000 		.4byte	.LVL12-1
 689 00bd 62000000 		.4byte	.LFE10
 690 00c1 0400     		.2byte	0x4
 691 00c3 F3       		.byte	0xf3
 692 00c4 01       		.uleb128 0x1
 693 00c5 53       		.byte	0x53
 694 00c6 9F       		.byte	0x9f
 695 00c7 00000000 		.4byte	0
 696 00cb 00000000 		.4byte	0
 697              	.LLST4:
 698 00cf 00000000 		.4byte	.LVL0
 699 00d3 16000000 		.4byte	.LVL3
 700 00d7 0200     		.2byte	0x2
 701 00d9 91       		.byte	0x91
 702 00da 00       		.sleb128 0
 703 00db 16000000 		.4byte	.LVL3
 704 00df 62000000 		.4byte	.LFE10
 705 00e3 0200     		.2byte	0x2
 706 00e5 91       		.byte	0x91
 707 00e6 00       		.sleb128 0
 708 00e7 00000000 		.4byte	0
 709 00eb 00000000 		.4byte	0
 710              	.LLST5:
 711 00ef 48000000 		.4byte	.LVL13
 712 00f3 4E000000 		.4byte	.LVL14
 713 00f7 0200     		.2byte	0x2
 714 00f9 30       		.byte	0x30
 715 00fa 9F       		.byte	0x9f
 716 00fb 4E000000 		.4byte	.LVL14
 717 00ff 54000000 		.4byte	.LVL17
 718 0103 0200     		.2byte	0x2
 719 0105 31       		.byte	0x31
 720 0106 9F       		.byte	0x9f
 721 0107 54000000 		.4byte	.LVL17
 722 010b 5A000000 		.4byte	.LVL20
 723 010f 0200     		.2byte	0x2
 724 0111 32       		.byte	0x32
 725 0112 9F       		.byte	0x9f
 726 0113 5A000000 		.4byte	.LVL20
 727 0117 60000000 		.4byte	.LVL23
 728 011b 0200     		.2byte	0x2
 729 011d 33       		.byte	0x33
 730 011e 9F       		.byte	0x9f
 731 011f 60000000 		.4byte	.LVL23
 732 0123 62000000 		.4byte	.LFE10
 733 0127 0200     		.2byte	0x2
 734 0129 34       		.byte	0x34
 735 012a 9F       		.byte	0x9f
 736 012b 00000000 		.4byte	0
 737 012f 00000000 		.4byte	0
 738              	.LLST6:
ARM GAS  /tmp/ccuqom4j.s 			page 14


 739 0133 00000000 		.4byte	.LVL0
 740 0137 14000000 		.4byte	.LVL2
 741 013b 0200     		.2byte	0x2
 742 013d 30       		.byte	0x30
 743 013e 9F       		.byte	0x9f
 744 013f 14000000 		.4byte	.LVL2
 745 0143 16000000 		.4byte	.LVL3
 746 0147 0100     		.2byte	0x1
 747 0149 50       		.byte	0x50
 748 014a 16000000 		.4byte	.LVL3
 749 014e 44000000 		.4byte	.LVL12
 750 0152 0200     		.2byte	0x2
 751 0154 30       		.byte	0x30
 752 0155 9F       		.byte	0x9f
 753 0156 44000000 		.4byte	.LVL12
 754 015a 62000000 		.4byte	.LFE10
 755 015e 0100     		.2byte	0x1
 756 0160 50       		.byte	0x50
 757 0161 00000000 		.4byte	0
 758 0165 00000000 		.4byte	0
 759              	.LLST7:
 760 0169 08000000 		.4byte	.LVL1
 761 016d 14000000 		.4byte	.LVL2
 762 0171 0100     		.2byte	0x1
 763 0173 55       		.byte	0x55
 764 0174 16000000 		.4byte	.LVL3
 765 0178 28000000 		.4byte	.LVL5
 766 017c 0100     		.2byte	0x1
 767 017e 55       		.byte	0x55
 768 017f 28000000 		.4byte	.LVL5
 769 0183 2E000000 		.4byte	.LVL6
 770 0187 0300     		.2byte	0x3
 771 0189 72       		.byte	0x72
 772 018a 06       		.sleb128 6
 773 018b 9F       		.byte	0x9f
 774 018c 2E000000 		.4byte	.LVL6
 775 0190 36000000 		.4byte	.LVL7
 776 0194 0600     		.2byte	0x6
 777 0196 70       		.byte	0x70
 778 0197 00       		.sleb128 0
 779 0198 06       		.byte	0x6
 780 0199 23       		.byte	0x23
 781 019a 05       		.uleb128 0x5
 782 019b 9F       		.byte	0x9f
 783 019c 36000000 		.4byte	.LVL7
 784 01a0 3C000000 		.4byte	.LVL9
 785 01a4 0600     		.2byte	0x6
 786 01a6 70       		.byte	0x70
 787 01a7 00       		.sleb128 0
 788 01a8 06       		.byte	0x6
 789 01a9 23       		.byte	0x23
 790 01aa 04       		.uleb128 0x4
 791 01ab 9F       		.byte	0x9f
 792 01ac 3C000000 		.4byte	.LVL9
 793 01b0 40000000 		.4byte	.LVL10
 794 01b4 0600     		.2byte	0x6
 795 01b6 70       		.byte	0x70
ARM GAS  /tmp/ccuqom4j.s 			page 15


 796 01b7 00       		.sleb128 0
 797 01b8 06       		.byte	0x6
 798 01b9 23       		.byte	0x23
 799 01ba 0F       		.uleb128 0xf
 800 01bb 9F       		.byte	0x9f
 801 01bc 40000000 		.4byte	.LVL10
 802 01c0 43000000 		.4byte	.LVL12-1
 803 01c4 0300     		.2byte	0x3
 804 01c6 72       		.byte	0x72
 805 01c7 0F       		.sleb128 15
 806 01c8 9F       		.byte	0x9f
 807 01c9 48000000 		.4byte	.LVL13
 808 01cd 4E000000 		.4byte	.LVL14
 809 01d1 0600     		.2byte	0x6
 810 01d3 74       		.byte	0x74
 811 01d4 00       		.sleb128 0
 812 01d5 06       		.byte	0x6
 813 01d6 23       		.byte	0x23
 814 01d7 08       		.uleb128 0x8
 815 01d8 9F       		.byte	0x9f
 816 01d9 50000000 		.4byte	.LVL15
 817 01dd 52000000 		.4byte	.LVL16
 818 01e1 0300     		.2byte	0x3
 819 01e3 73       		.byte	0x73
 820 01e4 09       		.sleb128 9
 821 01e5 9F       		.byte	0x9f
 822 01e6 52000000 		.4byte	.LVL16
 823 01ea 54000000 		.4byte	.LVL17
 824 01ee 0600     		.2byte	0x6
 825 01f0 74       		.byte	0x74
 826 01f1 00       		.sleb128 0
 827 01f2 06       		.byte	0x6
 828 01f3 23       		.byte	0x23
 829 01f4 09       		.uleb128 0x9
 830 01f5 9F       		.byte	0x9f
 831 01f6 56000000 		.4byte	.LVL18
 832 01fa 58000000 		.4byte	.LVL19
 833 01fe 0300     		.2byte	0x3
 834 0200 73       		.byte	0x73
 835 0201 0A       		.sleb128 10
 836 0202 9F       		.byte	0x9f
 837 0203 58000000 		.4byte	.LVL19
 838 0207 5A000000 		.4byte	.LVL20
 839 020b 0600     		.2byte	0x6
 840 020d 74       		.byte	0x74
 841 020e 00       		.sleb128 0
 842 020f 06       		.byte	0x6
 843 0210 23       		.byte	0x23
 844 0211 0A       		.uleb128 0xa
 845 0212 9F       		.byte	0x9f
 846 0213 5C000000 		.4byte	.LVL21
 847 0217 5E000000 		.4byte	.LVL22
 848 021b 0300     		.2byte	0x3
 849 021d 73       		.byte	0x73
 850 021e 0B       		.sleb128 11
 851 021f 9F       		.byte	0x9f
 852 0220 5E000000 		.4byte	.LVL22
ARM GAS  /tmp/ccuqom4j.s 			page 16


 853 0224 60000000 		.4byte	.LVL23
 854 0228 0600     		.2byte	0x6
 855 022a 74       		.byte	0x74
 856 022b 00       		.sleb128 0
 857 022c 06       		.byte	0x6
 858 022d 23       		.byte	0x23
 859 022e 0B       		.uleb128 0xb
 860 022f 9F       		.byte	0x9f
 861 0230 00000000 		.4byte	0
 862 0234 00000000 		.4byte	0
 863              		.section	.debug_aranges,"",%progbits
 864 0000 1C000000 		.4byte	0x1c
 865 0004 0200     		.2byte	0x2
 866 0006 00000000 		.4byte	.Ldebug_info0
 867 000a 04       		.byte	0x4
 868 000b 00       		.byte	0
 869 000c 0000     		.2byte	0
 870 000e 0000     		.2byte	0
 871 0010 00000000 		.4byte	.LFB10
 872 0014 62000000 		.4byte	.LFE10-.LFB10
 873 0018 00000000 		.4byte	0
 874 001c 00000000 		.4byte	0
 875              		.section	.debug_ranges,"",%progbits
 876              	.Ldebug_ranges0:
 877 0000 00000000 		.4byte	.LFB10
 878 0004 62000000 		.4byte	.LFE10
 879 0008 00000000 		.4byte	0
 880 000c 00000000 		.4byte	0
 881              		.section	.debug_line,"",%progbits
 882              	.Ldebug_line0:
 883 0000 C2000000 		.section	.debug_str,"MS",%progbits,1
 883      02007D00 
 883      00000201 
 883      FB0E0D00 
 883      01010101 
 884              	.LASF10:
 885 0000 5043414C 		.ascii	"PCALLBACK\000"
 885      4C424143 
 885      4B00
 886              	.LASF27:
 887 000a 70535344 		.ascii	"pSSDConfig\000"
 887      436F6E66 
 887      696700
 888              	.LASF21:
 889 0015 50464C41 		.ascii	"PFLASH_SSD_CONFIG\000"
 889      53485F53 
 889      53445F43 
 889      4F4E4649 
 889      4700
 890              	.LASF18:
 891 0027 45454553 		.ascii	"EEESize\000"
 891      697A6500 
 892              	.LASF19:
 893 002f 44656275 		.ascii	"DebugEnable\000"
 893      67456E61 
 893      626C6500 
 894              	.LASF34:
ARM GAS  /tmp/ccuqom4j.s 			page 17


 895 003b 2E2E2F65 		.ascii	"../ext/C90TFS/source/FlashReadResource.c\000"
 895      78742F43 
 895      39305446 
 895      532F736F 
 895      75726365 
 896              	.LASF15:
 897 0064 44466C61 		.ascii	"DFlashBase\000"
 897      73684261 
 897      736500
 898              	.LASF31:
 899 006f 70466C61 		.ascii	"pFlashCommandSequence\000"
 899      7368436F 
 899      6D6D616E 
 899      64536571 
 899      75656E63 
 900              	.LASF35:
 901 0085 2F686F6D 		.ascii	"/home/bunnie/code/chibios-netvcr/netvcr\000"
 901      652F6275 
 901      6E6E6965 
 901      2F636F64 
 901      652F6368 
 902              	.LASF17:
 903 00ad 45455241 		.ascii	"EERAMBase\000"
 903      4D426173 
 903      6500
 904              	.LASF16:
 905 00b7 44466C61 		.ascii	"DFlashSize\000"
 905      73685369 
 905      7A6500
 906              	.LASF33:
 907 00c2 474E5520 		.ascii	"GNU C 4.9.2 -mcpu=cortex-m4 -mfloat-abi=soft -mfp16"
 907      4320342E 
 907      392E3220 
 907      2D6D6370 
 907      753D636F 
 908 00f5 2D666F72 		.ascii	"-format=none -mno-thumb-interwork -mthumb -mfpu=vfp"
 908      6D61743D 
 908      6E6F6E65 
 908      202D6D6E 
 908      6F2D7468 
 909 0128 76332D64 		.ascii	"v3-d16 -mtls-dialect=gnu -ggdb -O2 -fomit-frame-poi"
 909      3136202D 
 909      6D746C73 
 909      2D646961 
 909      6C656374 
 910 015b 6E746572 		.ascii	"nter -falign-functions=16 -ffunction-sections -fdat"
 910      202D6661 
 910      6C69676E 
 910      2D66756E 
 910      6374696F 
 911 018e 612D7365 		.ascii	"a-sections -fno-common\000"
 911      6374696F 
 911      6E73202D 
 911      666E6F2D 
 911      636F6D6D 
 912              	.LASF3:
 913 01a5 756E7369 		.ascii	"unsigned char\000"
ARM GAS  /tmp/ccuqom4j.s 			page 18


 913      676E6564 
 913      20636861 
 913      7200
 914              	.LASF23:
 915 01b3 6C6F6E67 		.ascii	"long unsigned int\000"
 915      20756E73 
 915      69676E65 
 915      6420696E 
 915      7400
 916              	.LASF22:
 917 01c5 70464C41 		.ascii	"pFLASHCOMMANDSEQUENCE\000"
 917      5348434F 
 917      4D4D414E 
 917      44534551 
 917      55454E43 
 918              	.LASF4:
 919 01db 73686F72 		.ascii	"short unsigned int\000"
 919      7420756E 
 919      7369676E 
 919      65642069 
 919      6E7400
 920              	.LASF28:
 921 01ee 64657374 		.ascii	"dest\000"
 921      00
 922              	.LASF1:
 923 01f3 73686F72 		.ascii	"short int\000"
 923      7420696E 
 923      7400
 924              	.LASF13:
 925 01fd 50466C61 		.ascii	"PFlashBase\000"
 925      73684261 
 925      736500
 926              	.LASF29:
 927 0208 70446174 		.ascii	"pDataArray\000"
 927      61417272 
 927      617900
 928              	.LASF7:
 929 0213 756E7369 		.ascii	"unsigned int\000"
 929      676E6564 
 929      20696E74 
 929      00
 930              	.LASF32:
 931 0220 74656D70 		.ascii	"temp\000"
 931      00
 932              	.LASF14:
 933 0225 50466C61 		.ascii	"PFlashSize\000"
 933      73685369 
 933      7A6500
 934              	.LASF8:
 935 0230 6C6F6E67 		.ascii	"long long unsigned int\000"
 935      206C6F6E 
 935      6720756E 
 935      7369676E 
 935      65642069 
 936              	.LASF30:
 937 0247 7265736F 		.ascii	"resourceSelectCode\000"
 937      75726365 
ARM GAS  /tmp/ccuqom4j.s 			page 19


 937      53656C65 
 937      6374436F 
 937      646500
 938              	.LASF9:
 939 025a 7675696E 		.ascii	"vuint8_t\000"
 939      74385F74 
 939      00
 940              	.LASF20:
 941 0263 43616C6C 		.ascii	"CallBack\000"
 941      4261636B 
 941      00
 942              	.LASF25:
 943 026c 73697A65 		.ascii	"sizetype\000"
 943      74797065 
 943      00
 944              	.LASF5:
 945 0275 75696E74 		.ascii	"uint8_t\000"
 945      385F7400 
 946              	.LASF2:
 947 027d 6C6F6E67 		.ascii	"long long int\000"
 947      206C6F6E 
 947      6720696E 
 947      7400
 948              	.LASF26:
 949 028b 63686172 		.ascii	"char\000"
 949      00
 950              	.LASF36:
 951 0290 5F737364 		.ascii	"_ssd_config\000"
 951      5F636F6E 
 951      66696700 
 952              	.LASF6:
 953 029c 75696E74 		.ascii	"uint32_t\000"
 953      33325F74 
 953      00
 954              	.LASF24:
 955 02a5 6C6F6E67 		.ascii	"long int\000"
 955      20696E74 
 955      00
 956              	.LASF0:
 957 02ae 7369676E 		.ascii	"signed char\000"
 957      65642063 
 957      68617200 
 958              	.LASF37:
 959 02ba 466C6173 		.ascii	"FlashReadResource\000"
 959      68526561 
 959      64526573 
 959      6F757263 
 959      6500
 960              	.LASF11:
 961 02cc 5F426F6F 		.ascii	"_Bool\000"
 961      6C00
 962              	.LASF12:
 963 02d2 66746678 		.ascii	"ftfxRegBase\000"
 963      52656742 
 963      61736500 
 964              		.ident	"GCC: (Debian 4.9.2-10) 4.9.2"
 965              		.section	.note.GNU-stack,"",%progbits
ARM GAS  /tmp/ccuqom4j.s 			page 20


ARM GAS  /tmp/ccuqom4j.s 			page 21


DEFINED SYMBOLS
                            *ABS*:00000000 FlashReadResource.c
     /tmp/ccuqom4j.s:19     .text.FlashReadResource:00000000 $t
     /tmp/ccuqom4j.s:25     .text.FlashReadResource:00000000 FlashReadResource
                     .debug_frame:00000010 $d

NO UNDEFINED SYMBOLS
