ARM GAS  /tmp/cc2aXmKl.s 			page 1


   1              		.syntax unified
   2              		.cpu cortex-m4
   3              		.fpu softvfp
   4              		.eabi_attribute 20, 1
   5              		.eabi_attribute 21, 1
   6              		.eabi_attribute 23, 3
   7              		.eabi_attribute 24, 1
   8              		.eabi_attribute 25, 1
   9              		.eabi_attribute 26, 2
  10              		.eabi_attribute 30, 2
  11              		.eabi_attribute 34, 1
  12              		.eabi_attribute 18, 4
  13              		.thumb
  14              		.file	"FlashVerifyAllBlock.c"
  15              		.text
  16              	.Ltext0:
  17              		.cfi_sections	.debug_frame
  18              		.section	.text.FlashVerifyAllBlock,"ax",%progbits
  19              		.align	2
  20              		.p2align 4,,-1
  21              		.global	FlashVerifyAllBlock
  22              		.thumb
  23              		.thumb_func
  24              		.type	FlashVerifyAllBlock, %function
  25              	FlashVerifyAllBlock:
  26              	.LFB10:
  27              		.file 1 "../ext/C90TFS/source/FlashVerifyAllBlock.c"
  28              		.loc 1 70 0
  29              		.cfi_startproc
  30              		@ args = 0, pretend = 0, frame = 0
  31              		@ frame_needed = 0, uses_anonymous_args = 0
  32              		@ link register save eliminated.
  33              	.LVL0:
  34 0000 30B4     		push	{r4, r5}
  35              		.cfi_def_cfa_offset 8
  36              		.cfi_offset 4, -8
  37              		.cfi_offset 5, -4
  38              		.loc 1 75 0
  39 0002 0468     		ldr	r4, [r0]
  40 0004 3125     		movs	r5, #49
  41 0006 2570     		strb	r5, [r4]
  42              	.LVL1:
  43              		.loc 1 78 0
  44 0008 0468     		ldr	r4, [r0]
  45              		.loc 1 79 0
  46 000a 4025     		movs	r5, #64
  47 000c E571     		strb	r5, [r4, #7]
  48              	.LVL2:
  49              		.loc 1 81 0
  50 000e 0368     		ldr	r3, [r0]
  51              		.loc 1 82 0
  52 0010 9971     		strb	r1, [r3, #6]
  53              	.LVL3:
  54              		.loc 1 95 0
  55 0012 30BC     		pop	{r4, r5}
  56              		.cfi_restore 5
  57              		.cfi_restore 4
ARM GAS  /tmp/cc2aXmKl.s 			page 2


  58              		.cfi_def_cfa_offset 0
  59              		.loc 1 84 0
  60 0014 1047     		bx	r2
  61              	.LVL4:
  62              		.cfi_endproc
  63              	.LFE10:
  64              		.size	FlashVerifyAllBlock, .-FlashVerifyAllBlock
  65 0016 00BFAFF3 		.text
  65      0080AFF3 
  65      0080
  66              	.Letext0:
  67              		.file 2 "/usr/include/stdint.h"
  68              		.file 3 "../ext/C90TFS/include/SSD_Types.h"
  69              		.section	.debug_info,"",%progbits
  70              	.Ldebug_info0:
  71 0000 CD010000 		.4byte	0x1cd
  72 0004 0400     		.2byte	0x4
  73 0006 00000000 		.4byte	.Ldebug_abbrev0
  74 000a 04       		.byte	0x4
  75 000b 01       		.uleb128 0x1
  76 000c AD000000 		.4byte	.LASF30
  77 0010 01       		.byte	0x1
  78 0011 53020000 		.4byte	.LASF31
  79 0015 70000000 		.4byte	.LASF32
  80 0019 00000000 		.4byte	.Ldebug_ranges0+0
  81 001d 00000000 		.4byte	0
  82 0021 00000000 		.4byte	.Ldebug_line0
  83 0025 02       		.uleb128 0x2
  84 0026 01       		.byte	0x1
  85 0027 06       		.byte	0x6
  86 0028 A1020000 		.4byte	.LASF0
  87 002c 02       		.uleb128 0x2
  88 002d 02       		.byte	0x2
  89 002e 05       		.byte	0x5
  90 002f D9010000 		.4byte	.LASF1
  91 0033 03       		.uleb128 0x3
  92 0034 04       		.byte	0x4
  93 0035 05       		.byte	0x5
  94 0036 696E7400 		.ascii	"int\000"
  95 003a 02       		.uleb128 0x2
  96 003b 08       		.byte	0x8
  97 003c 05       		.byte	0x5
  98 003d 45020000 		.4byte	.LASF2
  99 0041 04       		.uleb128 0x4
 100 0042 22020000 		.4byte	.LASF5
 101 0046 02       		.byte	0x2
 102 0047 30       		.byte	0x30
 103 0048 4C000000 		.4byte	0x4c
 104 004c 02       		.uleb128 0x2
 105 004d 01       		.byte	0x1
 106 004e 08       		.byte	0x8
 107 004f 90010000 		.4byte	.LASF3
 108 0053 02       		.uleb128 0x2
 109 0054 02       		.byte	0x2
 110 0055 07       		.byte	0x7
 111 0056 C6010000 		.4byte	.LASF4
 112 005a 04       		.uleb128 0x4
ARM GAS  /tmp/cc2aXmKl.s 			page 3


 113 005b 8F020000 		.4byte	.LASF6
 114 005f 02       		.byte	0x2
 115 0060 33       		.byte	0x33
 116 0061 65000000 		.4byte	0x65
 117 0065 02       		.uleb128 0x2
 118 0066 04       		.byte	0x4
 119 0067 07       		.byte	0x7
 120 0068 EE010000 		.4byte	.LASF7
 121 006c 02       		.uleb128 0x2
 122 006d 08       		.byte	0x8
 123 006e 07       		.byte	0x7
 124 006f 0B020000 		.4byte	.LASF8
 125 0073 04       		.uleb128 0x4
 126 0074 2A020000 		.4byte	.LASF9
 127 0078 03       		.byte	0x3
 128 0079 3F       		.byte	0x3f
 129 007a 7E000000 		.4byte	0x7e
 130 007e 05       		.uleb128 0x5
 131 007f 4C000000 		.4byte	0x4c
 132 0083 04       		.uleb128 0x4
 133 0084 00000000 		.4byte	.LASF10
 134 0088 03       		.byte	0x3
 135 0089 59       		.byte	0x59
 136 008a 8E000000 		.4byte	0x8e
 137 008e 06       		.uleb128 0x6
 138 008f 04       		.byte	0x4
 139 0090 94000000 		.4byte	0x94
 140 0094 07       		.uleb128 0x7
 141 0095 02       		.uleb128 0x2
 142 0096 01       		.byte	0x1
 143 0097 02       		.byte	0x2
 144 0098 B9020000 		.4byte	.LASF11
 145 009c 08       		.uleb128 0x8
 146 009d 83020000 		.4byte	.LASF33
 147 00a1 24       		.byte	0x24
 148 00a2 03       		.byte	0x3
 149 00a3 6A       		.byte	0x6a
 150 00a4 15010000 		.4byte	0x115
 151 00a8 09       		.uleb128 0x9
 152 00a9 BF020000 		.4byte	.LASF12
 153 00ad 03       		.byte	0x3
 154 00ae 6C       		.byte	0x6c
 155 00af 5A000000 		.4byte	0x5a
 156 00b3 00       		.byte	0
 157 00b4 09       		.uleb128 0x9
 158 00b5 E3010000 		.4byte	.LASF13
 159 00b9 03       		.byte	0x3
 160 00ba 6D       		.byte	0x6d
 161 00bb 5A000000 		.4byte	0x5a
 162 00bf 04       		.byte	0x4
 163 00c0 09       		.uleb128 0x9
 164 00c1 00020000 		.4byte	.LASF14
 165 00c5 03       		.byte	0x3
 166 00c6 6E       		.byte	0x6e
 167 00c7 5A000000 		.4byte	0x5a
 168 00cb 08       		.byte	0x8
 169 00cc 09       		.uleb128 0x9
ARM GAS  /tmp/cc2aXmKl.s 			page 4


 170 00cd 3B000000 		.4byte	.LASF15
 171 00d1 03       		.byte	0x3
 172 00d2 6F       		.byte	0x6f
 173 00d3 5A000000 		.4byte	0x5a
 174 00d7 0C       		.byte	0xc
 175 00d8 09       		.uleb128 0x9
 176 00d9 A2000000 		.4byte	.LASF16
 177 00dd 03       		.byte	0x3
 178 00de 70       		.byte	0x70
 179 00df 5A000000 		.4byte	0x5a
 180 00e3 10       		.byte	0x10
 181 00e4 09       		.uleb128 0x9
 182 00e5 98000000 		.4byte	.LASF17
 183 00e9 03       		.byte	0x3
 184 00ea 73       		.byte	0x73
 185 00eb 5A000000 		.4byte	0x5a
 186 00ef 14       		.byte	0x14
 187 00f0 09       		.uleb128 0x9
 188 00f1 27000000 		.4byte	.LASF18
 189 00f5 03       		.byte	0x3
 190 00f6 75       		.byte	0x75
 191 00f7 5A000000 		.4byte	0x5a
 192 00fb 18       		.byte	0x18
 193 00fc 09       		.uleb128 0x9
 194 00fd 2F000000 		.4byte	.LASF19
 195 0101 03       		.byte	0x3
 196 0102 78       		.byte	0x78
 197 0103 95000000 		.4byte	0x95
 198 0107 1C       		.byte	0x1c
 199 0108 09       		.uleb128 0x9
 200 0109 33020000 		.4byte	.LASF20
 201 010d 03       		.byte	0x3
 202 010e 79       		.byte	0x79
 203 010f 83000000 		.4byte	0x83
 204 0113 20       		.byte	0x20
 205 0114 00       		.byte	0
 206 0115 04       		.uleb128 0x4
 207 0116 15000000 		.4byte	.LASF21
 208 011a 03       		.byte	0x3
 209 011b 7A       		.byte	0x7a
 210 011c 20010000 		.4byte	0x120
 211 0120 06       		.uleb128 0x6
 212 0121 04       		.byte	0x4
 213 0122 9C000000 		.4byte	0x9c
 214 0126 04       		.uleb128 0x4
 215 0127 B0010000 		.4byte	.LASF22
 216 012b 03       		.byte	0x3
 217 012c 7E       		.byte	0x7e
 218 012d 31010000 		.4byte	0x131
 219 0131 06       		.uleb128 0x6
 220 0132 04       		.byte	0x4
 221 0133 37010000 		.4byte	0x137
 222 0137 0A       		.uleb128 0xa
 223 0138 5A000000 		.4byte	0x5a
 224 013c 46010000 		.4byte	0x146
 225 0140 0B       		.uleb128 0xb
 226 0141 15010000 		.4byte	0x115
ARM GAS  /tmp/cc2aXmKl.s 			page 5


 227 0145 00       		.byte	0
 228 0146 02       		.uleb128 0x2
 229 0147 04       		.byte	0x4
 230 0148 07       		.byte	0x7
 231 0149 9E010000 		.4byte	.LASF23
 232 014d 02       		.uleb128 0x2
 233 014e 04       		.byte	0x4
 234 014f 05       		.byte	0x5
 235 0150 98020000 		.4byte	.LASF24
 236 0154 02       		.uleb128 0x2
 237 0155 04       		.byte	0x4
 238 0156 07       		.byte	0x7
 239 0157 3C020000 		.4byte	.LASF25
 240 015b 02       		.uleb128 0x2
 241 015c 01       		.byte	0x1
 242 015d 08       		.byte	0x8
 243 015e 7E020000 		.4byte	.LASF26
 244 0162 0C       		.uleb128 0xc
 245 0163 46000000 		.4byte	.LASF34
 246 0167 01       		.byte	0x1
 247 0168 43       		.byte	0x43
 248 0169 5A000000 		.4byte	0x5a
 249 016d 00000000 		.4byte	.LFB10
 250 0171 16000000 		.4byte	.LFE10-.LFB10
 251 0175 01       		.uleb128 0x1
 252 0176 9C       		.byte	0x9c
 253 0177 0D       		.uleb128 0xd
 254 0178 0A000000 		.4byte	.LASF27
 255 017c 01       		.byte	0x1
 256 017d 43       		.byte	0x43
 257 017e 15010000 		.4byte	0x115
 258 0182 00000000 		.4byte	.LLST0
 259 0186 0D       		.uleb128 0xd
 260 0187 AD020000 		.4byte	.LASF28
 261 018b 01       		.byte	0x1
 262 018c 44       		.byte	0x44
 263 018d 41000000 		.4byte	0x41
 264 0191 21000000 		.4byte	.LLST1
 265 0195 0D       		.uleb128 0xd
 266 0196 5A000000 		.4byte	.LASF29
 267 019a 01       		.byte	0x1
 268 019b 45       		.byte	0x45
 269 019c 26010000 		.4byte	0x126
 270 01a0 42000000 		.4byte	.LLST2
 271 01a4 0E       		.uleb128 0xe
 272 01a5 72657400 		.ascii	"ret\000"
 273 01a9 01       		.byte	0x1
 274 01aa 47       		.byte	0x47
 275 01ab 5A000000 		.4byte	0x5a
 276 01af 0F       		.uleb128 0xf
 277 01b0 FB010000 		.4byte	.LASF35
 278 01b4 01       		.byte	0x1
 279 01b5 48       		.byte	0x48
 280 01b6 5A000000 		.4byte	0x5a
 281 01ba 63000000 		.4byte	.LLST3
 282 01be 10       		.uleb128 0x10
 283 01bf 16000000 		.4byte	.LVL4
ARM GAS  /tmp/cc2aXmKl.s 			page 6


 284 01c3 03       		.uleb128 0x3
 285 01c4 F3       		.byte	0xf3
 286 01c5 01       		.uleb128 0x1
 287 01c6 52       		.byte	0x52
 288 01c7 11       		.uleb128 0x11
 289 01c8 01       		.uleb128 0x1
 290 01c9 50       		.byte	0x50
 291 01ca 03       		.uleb128 0x3
 292 01cb F3       		.byte	0xf3
 293 01cc 01       		.uleb128 0x1
 294 01cd 50       		.byte	0x50
 295 01ce 00       		.byte	0
 296 01cf 00       		.byte	0
 297 01d0 00       		.byte	0
 298              		.section	.debug_abbrev,"",%progbits
 299              	.Ldebug_abbrev0:
 300 0000 01       		.uleb128 0x1
 301 0001 11       		.uleb128 0x11
 302 0002 01       		.byte	0x1
 303 0003 25       		.uleb128 0x25
 304 0004 0E       		.uleb128 0xe
 305 0005 13       		.uleb128 0x13
 306 0006 0B       		.uleb128 0xb
 307 0007 03       		.uleb128 0x3
 308 0008 0E       		.uleb128 0xe
 309 0009 1B       		.uleb128 0x1b
 310 000a 0E       		.uleb128 0xe
 311 000b 55       		.uleb128 0x55
 312 000c 17       		.uleb128 0x17
 313 000d 11       		.uleb128 0x11
 314 000e 01       		.uleb128 0x1
 315 000f 10       		.uleb128 0x10
 316 0010 17       		.uleb128 0x17
 317 0011 00       		.byte	0
 318 0012 00       		.byte	0
 319 0013 02       		.uleb128 0x2
 320 0014 24       		.uleb128 0x24
 321 0015 00       		.byte	0
 322 0016 0B       		.uleb128 0xb
 323 0017 0B       		.uleb128 0xb
 324 0018 3E       		.uleb128 0x3e
 325 0019 0B       		.uleb128 0xb
 326 001a 03       		.uleb128 0x3
 327 001b 0E       		.uleb128 0xe
 328 001c 00       		.byte	0
 329 001d 00       		.byte	0
 330 001e 03       		.uleb128 0x3
 331 001f 24       		.uleb128 0x24
 332 0020 00       		.byte	0
 333 0021 0B       		.uleb128 0xb
 334 0022 0B       		.uleb128 0xb
 335 0023 3E       		.uleb128 0x3e
 336 0024 0B       		.uleb128 0xb
 337 0025 03       		.uleb128 0x3
 338 0026 08       		.uleb128 0x8
 339 0027 00       		.byte	0
 340 0028 00       		.byte	0
ARM GAS  /tmp/cc2aXmKl.s 			page 7


 341 0029 04       		.uleb128 0x4
 342 002a 16       		.uleb128 0x16
 343 002b 00       		.byte	0
 344 002c 03       		.uleb128 0x3
 345 002d 0E       		.uleb128 0xe
 346 002e 3A       		.uleb128 0x3a
 347 002f 0B       		.uleb128 0xb
 348 0030 3B       		.uleb128 0x3b
 349 0031 0B       		.uleb128 0xb
 350 0032 49       		.uleb128 0x49
 351 0033 13       		.uleb128 0x13
 352 0034 00       		.byte	0
 353 0035 00       		.byte	0
 354 0036 05       		.uleb128 0x5
 355 0037 35       		.uleb128 0x35
 356 0038 00       		.byte	0
 357 0039 49       		.uleb128 0x49
 358 003a 13       		.uleb128 0x13
 359 003b 00       		.byte	0
 360 003c 00       		.byte	0
 361 003d 06       		.uleb128 0x6
 362 003e 0F       		.uleb128 0xf
 363 003f 00       		.byte	0
 364 0040 0B       		.uleb128 0xb
 365 0041 0B       		.uleb128 0xb
 366 0042 49       		.uleb128 0x49
 367 0043 13       		.uleb128 0x13
 368 0044 00       		.byte	0
 369 0045 00       		.byte	0
 370 0046 07       		.uleb128 0x7
 371 0047 15       		.uleb128 0x15
 372 0048 00       		.byte	0
 373 0049 27       		.uleb128 0x27
 374 004a 19       		.uleb128 0x19
 375 004b 00       		.byte	0
 376 004c 00       		.byte	0
 377 004d 08       		.uleb128 0x8
 378 004e 13       		.uleb128 0x13
 379 004f 01       		.byte	0x1
 380 0050 03       		.uleb128 0x3
 381 0051 0E       		.uleb128 0xe
 382 0052 0B       		.uleb128 0xb
 383 0053 0B       		.uleb128 0xb
 384 0054 3A       		.uleb128 0x3a
 385 0055 0B       		.uleb128 0xb
 386 0056 3B       		.uleb128 0x3b
 387 0057 0B       		.uleb128 0xb
 388 0058 01       		.uleb128 0x1
 389 0059 13       		.uleb128 0x13
 390 005a 00       		.byte	0
 391 005b 00       		.byte	0
 392 005c 09       		.uleb128 0x9
 393 005d 0D       		.uleb128 0xd
 394 005e 00       		.byte	0
 395 005f 03       		.uleb128 0x3
 396 0060 0E       		.uleb128 0xe
 397 0061 3A       		.uleb128 0x3a
ARM GAS  /tmp/cc2aXmKl.s 			page 8


 398 0062 0B       		.uleb128 0xb
 399 0063 3B       		.uleb128 0x3b
 400 0064 0B       		.uleb128 0xb
 401 0065 49       		.uleb128 0x49
 402 0066 13       		.uleb128 0x13
 403 0067 38       		.uleb128 0x38
 404 0068 0B       		.uleb128 0xb
 405 0069 00       		.byte	0
 406 006a 00       		.byte	0
 407 006b 0A       		.uleb128 0xa
 408 006c 15       		.uleb128 0x15
 409 006d 01       		.byte	0x1
 410 006e 27       		.uleb128 0x27
 411 006f 19       		.uleb128 0x19
 412 0070 49       		.uleb128 0x49
 413 0071 13       		.uleb128 0x13
 414 0072 01       		.uleb128 0x1
 415 0073 13       		.uleb128 0x13
 416 0074 00       		.byte	0
 417 0075 00       		.byte	0
 418 0076 0B       		.uleb128 0xb
 419 0077 05       		.uleb128 0x5
 420 0078 00       		.byte	0
 421 0079 49       		.uleb128 0x49
 422 007a 13       		.uleb128 0x13
 423 007b 00       		.byte	0
 424 007c 00       		.byte	0
 425 007d 0C       		.uleb128 0xc
 426 007e 2E       		.uleb128 0x2e
 427 007f 01       		.byte	0x1
 428 0080 3F       		.uleb128 0x3f
 429 0081 19       		.uleb128 0x19
 430 0082 03       		.uleb128 0x3
 431 0083 0E       		.uleb128 0xe
 432 0084 3A       		.uleb128 0x3a
 433 0085 0B       		.uleb128 0xb
 434 0086 3B       		.uleb128 0x3b
 435 0087 0B       		.uleb128 0xb
 436 0088 27       		.uleb128 0x27
 437 0089 19       		.uleb128 0x19
 438 008a 49       		.uleb128 0x49
 439 008b 13       		.uleb128 0x13
 440 008c 11       		.uleb128 0x11
 441 008d 01       		.uleb128 0x1
 442 008e 12       		.uleb128 0x12
 443 008f 06       		.uleb128 0x6
 444 0090 40       		.uleb128 0x40
 445 0091 18       		.uleb128 0x18
 446 0092 9742     		.uleb128 0x2117
 447 0094 19       		.uleb128 0x19
 448 0095 00       		.byte	0
 449 0096 00       		.byte	0
 450 0097 0D       		.uleb128 0xd
 451 0098 05       		.uleb128 0x5
 452 0099 00       		.byte	0
 453 009a 03       		.uleb128 0x3
 454 009b 0E       		.uleb128 0xe
ARM GAS  /tmp/cc2aXmKl.s 			page 9


 455 009c 3A       		.uleb128 0x3a
 456 009d 0B       		.uleb128 0xb
 457 009e 3B       		.uleb128 0x3b
 458 009f 0B       		.uleb128 0xb
 459 00a0 49       		.uleb128 0x49
 460 00a1 13       		.uleb128 0x13
 461 00a2 02       		.uleb128 0x2
 462 00a3 17       		.uleb128 0x17
 463 00a4 00       		.byte	0
 464 00a5 00       		.byte	0
 465 00a6 0E       		.uleb128 0xe
 466 00a7 34       		.uleb128 0x34
 467 00a8 00       		.byte	0
 468 00a9 03       		.uleb128 0x3
 469 00aa 08       		.uleb128 0x8
 470 00ab 3A       		.uleb128 0x3a
 471 00ac 0B       		.uleb128 0xb
 472 00ad 3B       		.uleb128 0x3b
 473 00ae 0B       		.uleb128 0xb
 474 00af 49       		.uleb128 0x49
 475 00b0 13       		.uleb128 0x13
 476 00b1 00       		.byte	0
 477 00b2 00       		.byte	0
 478 00b3 0F       		.uleb128 0xf
 479 00b4 34       		.uleb128 0x34
 480 00b5 00       		.byte	0
 481 00b6 03       		.uleb128 0x3
 482 00b7 0E       		.uleb128 0xe
 483 00b8 3A       		.uleb128 0x3a
 484 00b9 0B       		.uleb128 0xb
 485 00ba 3B       		.uleb128 0x3b
 486 00bb 0B       		.uleb128 0xb
 487 00bc 49       		.uleb128 0x49
 488 00bd 13       		.uleb128 0x13
 489 00be 02       		.uleb128 0x2
 490 00bf 17       		.uleb128 0x17
 491 00c0 00       		.byte	0
 492 00c1 00       		.byte	0
 493 00c2 10       		.uleb128 0x10
 494 00c3 898201   		.uleb128 0x4109
 495 00c6 01       		.byte	0x1
 496 00c7 11       		.uleb128 0x11
 497 00c8 01       		.uleb128 0x1
 498 00c9 9542     		.uleb128 0x2115
 499 00cb 19       		.uleb128 0x19
 500 00cc 9342     		.uleb128 0x2113
 501 00ce 18       		.uleb128 0x18
 502 00cf 00       		.byte	0
 503 00d0 00       		.byte	0
 504 00d1 11       		.uleb128 0x11
 505 00d2 8A8201   		.uleb128 0x410a
 506 00d5 00       		.byte	0
 507 00d6 02       		.uleb128 0x2
 508 00d7 18       		.uleb128 0x18
 509 00d8 9142     		.uleb128 0x2111
 510 00da 18       		.uleb128 0x18
 511 00db 00       		.byte	0
ARM GAS  /tmp/cc2aXmKl.s 			page 10


 512 00dc 00       		.byte	0
 513 00dd 00       		.byte	0
 514              		.section	.debug_loc,"",%progbits
 515              	.Ldebug_loc0:
 516              	.LLST0:
 517 0000 00000000 		.4byte	.LVL0
 518 0004 15000000 		.4byte	.LVL4-1
 519 0008 0100     		.2byte	0x1
 520 000a 50       		.byte	0x50
 521 000b 15000000 		.4byte	.LVL4-1
 522 000f 16000000 		.4byte	.LFE10
 523 0013 0400     		.2byte	0x4
 524 0015 F3       		.byte	0xf3
 525 0016 01       		.uleb128 0x1
 526 0017 50       		.byte	0x50
 527 0018 9F       		.byte	0x9f
 528 0019 00000000 		.4byte	0
 529 001d 00000000 		.4byte	0
 530              	.LLST1:
 531 0021 00000000 		.4byte	.LVL0
 532 0025 15000000 		.4byte	.LVL4-1
 533 0029 0100     		.2byte	0x1
 534 002b 51       		.byte	0x51
 535 002c 15000000 		.4byte	.LVL4-1
 536 0030 16000000 		.4byte	.LFE10
 537 0034 0400     		.2byte	0x4
 538 0036 F3       		.byte	0xf3
 539 0037 01       		.uleb128 0x1
 540 0038 51       		.byte	0x51
 541 0039 9F       		.byte	0x9f
 542 003a 00000000 		.4byte	0
 543 003e 00000000 		.4byte	0
 544              	.LLST2:
 545 0042 00000000 		.4byte	.LVL0
 546 0046 15000000 		.4byte	.LVL4-1
 547 004a 0100     		.2byte	0x1
 548 004c 52       		.byte	0x52
 549 004d 15000000 		.4byte	.LVL4-1
 550 0051 16000000 		.4byte	.LFE10
 551 0055 0400     		.2byte	0x4
 552 0057 F3       		.byte	0xf3
 553 0058 01       		.uleb128 0x1
 554 0059 52       		.byte	0x52
 555 005a 9F       		.byte	0x9f
 556 005b 00000000 		.4byte	0
 557 005f 00000000 		.4byte	0
 558              	.LLST3:
 559 0063 00000000 		.4byte	.LVL0
 560 0067 08000000 		.4byte	.LVL1
 561 006b 0200     		.2byte	0x2
 562 006d 70       		.byte	0x70
 563 006e 00       		.sleb128 0
 564 006f 08000000 		.4byte	.LVL1
 565 0073 0E000000 		.4byte	.LVL2
 566 0077 0600     		.2byte	0x6
 567 0079 70       		.byte	0x70
 568 007a 00       		.sleb128 0
ARM GAS  /tmp/cc2aXmKl.s 			page 11


 569 007b 06       		.byte	0x6
 570 007c 23       		.byte	0x23
 571 007d 07       		.uleb128 0x7
 572 007e 9F       		.byte	0x9f
 573 007f 0E000000 		.4byte	.LVL2
 574 0083 12000000 		.4byte	.LVL3
 575 0087 0600     		.2byte	0x6
 576 0089 70       		.byte	0x70
 577 008a 00       		.sleb128 0
 578 008b 06       		.byte	0x6
 579 008c 23       		.byte	0x23
 580 008d 06       		.uleb128 0x6
 581 008e 9F       		.byte	0x9f
 582 008f 12000000 		.4byte	.LVL3
 583 0093 15000000 		.4byte	.LVL4-1
 584 0097 0300     		.2byte	0x3
 585 0099 73       		.byte	0x73
 586 009a 06       		.sleb128 6
 587 009b 9F       		.byte	0x9f
 588 009c 00000000 		.4byte	0
 589 00a0 00000000 		.4byte	0
 590              		.section	.debug_aranges,"",%progbits
 591 0000 1C000000 		.4byte	0x1c
 592 0004 0200     		.2byte	0x2
 593 0006 00000000 		.4byte	.Ldebug_info0
 594 000a 04       		.byte	0x4
 595 000b 00       		.byte	0
 596 000c 0000     		.2byte	0
 597 000e 0000     		.2byte	0
 598 0010 00000000 		.4byte	.LFB10
 599 0014 16000000 		.4byte	.LFE10-.LFB10
 600 0018 00000000 		.4byte	0
 601 001c 00000000 		.4byte	0
 602              		.section	.debug_ranges,"",%progbits
 603              	.Ldebug_ranges0:
 604 0000 00000000 		.4byte	.LFB10
 605 0004 16000000 		.4byte	.LFE10
 606 0008 00000000 		.4byte	0
 607 000c 00000000 		.4byte	0
 608              		.section	.debug_line,"",%progbits
 609              	.Ldebug_line0:
 610 0000 A0000000 		.section	.debug_str,"MS",%progbits,1
 610      02007F00 
 610      00000201 
 610      FB0E0D00 
 610      01010101 
 611              	.LASF10:
 612 0000 5043414C 		.ascii	"PCALLBACK\000"
 612      4C424143 
 612      4B00
 613              	.LASF27:
 614 000a 70535344 		.ascii	"pSSDConfig\000"
 614      436F6E66 
 614      696700
 615              	.LASF21:
 616 0015 50464C41 		.ascii	"PFLASH_SSD_CONFIG\000"
 616      53485F53 
ARM GAS  /tmp/cc2aXmKl.s 			page 12


 616      53445F43 
 616      4F4E4649 
 616      4700
 617              	.LASF18:
 618 0027 45454553 		.ascii	"EEESize\000"
 618      697A6500 
 619              	.LASF19:
 620 002f 44656275 		.ascii	"DebugEnable\000"
 620      67456E61 
 620      626C6500 
 621              	.LASF15:
 622 003b 44466C61 		.ascii	"DFlashBase\000"
 622      73684261 
 622      736500
 623              	.LASF34:
 624 0046 466C6173 		.ascii	"FlashVerifyAllBlock\000"
 624      68566572 
 624      69667941 
 624      6C6C426C 
 624      6F636B00 
 625              	.LASF29:
 626 005a 70466C61 		.ascii	"pFlashCommandSequence\000"
 626      7368436F 
 626      6D6D616E 
 626      64536571 
 626      75656E63 
 627              	.LASF32:
 628 0070 2F686F6D 		.ascii	"/home/bunnie/code/chibios-netvcr/netvcr\000"
 628      652F6275 
 628      6E6E6965 
 628      2F636F64 
 628      652F6368 
 629              	.LASF17:
 630 0098 45455241 		.ascii	"EERAMBase\000"
 630      4D426173 
 630      6500
 631              	.LASF16:
 632 00a2 44466C61 		.ascii	"DFlashSize\000"
 632      73685369 
 632      7A6500
 633              	.LASF30:
 634 00ad 474E5520 		.ascii	"GNU C 4.9.2 -mcpu=cortex-m4 -mfloat-abi=soft -mfp16"
 634      4320342E 
 634      392E3220 
 634      2D6D6370 
 634      753D636F 
 635 00e0 2D666F72 		.ascii	"-format=none -mno-thumb-interwork -mthumb -mfpu=vfp"
 635      6D61743D 
 635      6E6F6E65 
 635      202D6D6E 
 635      6F2D7468 
 636 0113 76332D64 		.ascii	"v3-d16 -mtls-dialect=gnu -ggdb -O2 -fomit-frame-poi"
 636      3136202D 
 636      6D746C73 
 636      2D646961 
 636      6C656374 
 637 0146 6E746572 		.ascii	"nter -falign-functions=16 -ffunction-sections -fdat"
ARM GAS  /tmp/cc2aXmKl.s 			page 13


 637      202D6661 
 637      6C69676E 
 637      2D66756E 
 637      6374696F 
 638 0179 612D7365 		.ascii	"a-sections -fno-common\000"
 638      6374696F 
 638      6E73202D 
 638      666E6F2D 
 638      636F6D6D 
 639              	.LASF3:
 640 0190 756E7369 		.ascii	"unsigned char\000"
 640      676E6564 
 640      20636861 
 640      7200
 641              	.LASF23:
 642 019e 6C6F6E67 		.ascii	"long unsigned int\000"
 642      20756E73 
 642      69676E65 
 642      6420696E 
 642      7400
 643              	.LASF22:
 644 01b0 70464C41 		.ascii	"pFLASHCOMMANDSEQUENCE\000"
 644      5348434F 
 644      4D4D414E 
 644      44534551 
 644      55454E43 
 645              	.LASF4:
 646 01c6 73686F72 		.ascii	"short unsigned int\000"
 646      7420756E 
 646      7369676E 
 646      65642069 
 646      6E7400
 647              	.LASF1:
 648 01d9 73686F72 		.ascii	"short int\000"
 648      7420696E 
 648      7400
 649              	.LASF13:
 650 01e3 50466C61 		.ascii	"PFlashBase\000"
 650      73684261 
 650      736500
 651              	.LASF7:
 652 01ee 756E7369 		.ascii	"unsigned int\000"
 652      676E6564 
 652      20696E74 
 652      00
 653              	.LASF35:
 654 01fb 74656D70 		.ascii	"temp\000"
 654      00
 655              	.LASF14:
 656 0200 50466C61 		.ascii	"PFlashSize\000"
 656      73685369 
 656      7A6500
 657              	.LASF8:
 658 020b 6C6F6E67 		.ascii	"long long unsigned int\000"
 658      206C6F6E 
 658      6720756E 
 658      7369676E 
ARM GAS  /tmp/cc2aXmKl.s 			page 14


 658      65642069 
 659              	.LASF5:
 660 0222 75696E74 		.ascii	"uint8_t\000"
 660      385F7400 
 661              	.LASF9:
 662 022a 7675696E 		.ascii	"vuint8_t\000"
 662      74385F74 
 662      00
 663              	.LASF20:
 664 0233 43616C6C 		.ascii	"CallBack\000"
 664      4261636B 
 664      00
 665              	.LASF25:
 666 023c 73697A65 		.ascii	"sizetype\000"
 666      74797065 
 666      00
 667              	.LASF2:
 668 0245 6C6F6E67 		.ascii	"long long int\000"
 668      206C6F6E 
 668      6720696E 
 668      7400
 669              	.LASF31:
 670 0253 2E2E2F65 		.ascii	"../ext/C90TFS/source/FlashVerifyAllBlock.c\000"
 670      78742F43 
 670      39305446 
 670      532F736F 
 670      75726365 
 671              	.LASF26:
 672 027e 63686172 		.ascii	"char\000"
 672      00
 673              	.LASF33:
 674 0283 5F737364 		.ascii	"_ssd_config\000"
 674      5F636F6E 
 674      66696700 
 675              	.LASF6:
 676 028f 75696E74 		.ascii	"uint32_t\000"
 676      33325F74 
 676      00
 677              	.LASF24:
 678 0298 6C6F6E67 		.ascii	"long int\000"
 678      20696E74 
 678      00
 679              	.LASF0:
 680 02a1 7369676E 		.ascii	"signed char\000"
 680      65642063 
 680      68617200 
 681              	.LASF28:
 682 02ad 6D617267 		.ascii	"marginLevel\000"
 682      696E4C65 
 682      76656C00 
 683              	.LASF11:
 684 02b9 5F426F6F 		.ascii	"_Bool\000"
 684      6C00
 685              	.LASF12:
 686 02bf 66746678 		.ascii	"ftfxRegBase\000"
 686      52656742 
 686      61736500 
ARM GAS  /tmp/cc2aXmKl.s 			page 15


 687              		.ident	"GCC: (Debian 4.9.2-10) 4.9.2"
 688              		.section	.note.GNU-stack,"",%progbits
ARM GAS  /tmp/cc2aXmKl.s 			page 16


DEFINED SYMBOLS
                            *ABS*:00000000 FlashVerifyAllBlock.c
     /tmp/cc2aXmKl.s:19     .text.FlashVerifyAllBlock:00000000 $t
     /tmp/cc2aXmKl.s:25     .text.FlashVerifyAllBlock:00000000 FlashVerifyAllBlock
                     .debug_frame:00000010 $d

NO UNDEFINED SYMBOLS
