ARM GAS  /tmp/ccbl73kb.s 			page 1


   1              		.syntax unified
   2              		.cpu cortex-m4
   3              		.fpu softvfp
   4              		.eabi_attribute 20, 1
   5              		.eabi_attribute 21, 1
   6              		.eabi_attribute 23, 3
   7              		.eabi_attribute 24, 1
   8              		.eabi_attribute 25, 1
   9              		.eabi_attribute 26, 2
  10              		.eabi_attribute 30, 2
  11              		.eabi_attribute 34, 1
  12              		.eabi_attribute 18, 4
  13              		.thumb
  14              		.file	"FlashCheckSum.c"
  15              		.text
  16              	.Ltext0:
  17              		.cfi_sections	.debug_frame
  18              		.section	.text.FlashCheckSum,"ax",%progbits
  19              		.align	2
  20              		.p2align 4,,-1
  21              		.global	FlashCheckSum
  22              		.thumb
  23              		.thumb_func
  24              		.type	FlashCheckSum, %function
  25              	FlashCheckSum:
  26              	.LFB10:
  27              		.file 1 "../ext/C90TFS/source/FlashCheckSum.c"
  28              		.loc 1 68 0
  29              		.cfi_startproc
  30              		@ args = 0, pretend = 0, frame = 0
  31              		@ frame_needed = 0, uses_anonymous_args = 0
  32              	.LVL0:
  33 0000 F8B5     		push	{r3, r4, r5, r6, r7, lr}
  34              		.cfi_def_cfa_offset 24
  35              		.cfi_offset 3, -24
  36              		.cfi_offset 4, -20
  37              		.cfi_offset 5, -16
  38              		.cfi_offset 6, -12
  39              		.cfi_offset 7, -8
  40              		.cfi_offset 14, -4
  41              		.loc 1 81 0
  42 0002 4468     		ldr	r4, [r0, #4]
  43 0004 A142     		cmp	r1, r4
  44 0006 04D2     		bcs	.L13
  45              	.L2:
  46              	.LVL1:
  47              		.loc 1 97 0
  48 0008 0022     		movs	r2, #0
  49              	.LVL2:
  50 000a 1A60     		str	r2, [r3]
  51 000c 4FF48050 		mov	r0, #4096
  52              	.LVL3:
  53 0010 F8BD     		pop	{r3, r4, r5, r6, r7, pc}
  54              	.LVL4:
  55              	.L13:
  56              		.loc 1 82 0 discriminator 1
  57 0012 8568     		ldr	r5, [r0, #8]
ARM GAS  /tmp/ccbl73kb.s 			page 2


  58              		.loc 1 78 0 discriminator 1
  59 0014 8F18     		adds	r7, r1, r2
  60              		.loc 1 82 0 discriminator 1
  61 0016 2C44     		add	r4, r4, r5
  62              		.loc 1 81 0 discriminator 1
  63 0018 A742     		cmp	r7, r4
  64 001a F5D8     		bhi	.L2
  65              		.loc 1 97 0
  66 001c 0024     		movs	r4, #0
  67 001e 1C60     		str	r4, [r3]
  68              		.loc 1 99 0
  69 0020 D2B1     		cbz	r2, .L7
  70              		.loc 1 101 0
  71 0022 0C46     		mov	r4, r1
  72 0024 1D46     		mov	r5, r3
  73 0026 14F8013B 		ldrb	r3, [r4], #1	@ zero_extendqisi2
  74              	.LVL5:
  75 002a 2B60     		str	r3, [r5]
  76              	.LVL6:
  77 002c 0646     		mov	r6, r0
  78              		.loc 1 107 0
  79 002e 0121     		movs	r1, #1
  80              	.LVL7:
  81              	.L8:
  82              		.loc 1 99 0
  83 0030 A742     		cmp	r7, r4
  84              		.loc 1 107 0
  85 0032 01F10101 		add	r1, r1, #1
  86              	.LVL8:
  87              		.loc 1 99 0
  88 0036 0FD0     		beq	.L7
  89              	.LVL9:
  90              	.L6:
  91              		.loc 1 101 0
  92 0038 14F8012B 		ldrb	r2, [r4], #1	@ zero_extendqisi2
  93              	.LVL10:
  94              		.loc 1 102 0
  95 003c 2B68     		ldr	r3, [r5]
  96              		.loc 1 107 0
  97 003e 0929     		cmp	r1, #9
  98              		.loc 1 102 0
  99 0040 1A44     		add	r2, r2, r3
 100              	.LVL11:
 101 0042 2A60     		str	r2, [r5]
 102              	.LVL12:
 103              		.loc 1 107 0
 104 0044 F4D9     		bls	.L8
 105              		.loc 1 110 0
 106 0046 336A     		ldr	r3, [r6, #32]
 107 0048 5A1C     		adds	r2, r3, #1
 108 004a 07D0     		beq	.L9
 109              		.loc 1 112 0
 110 004c 9847     		blx	r3
 111              	.LVL13:
 112              		.loc 1 115 0
 113 004e 0021     		movs	r1, #0
 114              	.LVL14:
ARM GAS  /tmp/ccbl73kb.s 			page 3


 115              		.loc 1 99 0
 116 0050 A742     		cmp	r7, r4
 117              		.loc 1 107 0
 118 0052 01F10101 		add	r1, r1, #1
 119              	.LVL15:
 120              		.loc 1 99 0
 121 0056 EFD1     		bne	.L6
 122              	.LVL16:
 123              	.L7:
 124              		.loc 1 71 0
 125 0058 0020     		movs	r0, #0
 126 005a F8BD     		pop	{r3, r4, r5, r6, r7, pc}
 127              	.LVL17:
 128              	.L9:
 129              		.loc 1 115 0
 130 005c 0021     		movs	r1, #0
 131              	.LVL18:
 132 005e E7E7     		b	.L8
 133              		.cfi_endproc
 134              	.LFE10:
 135              		.size	FlashCheckSum, .-FlashCheckSum
 136              		.text
 137              	.Letext0:
 138              		.file 2 "/usr/include/stdint.h"
 139              		.file 3 "../ext/C90TFS/include/SSD_Types.h"
 140              		.section	.debug_info,"",%progbits
 141              	.Ldebug_info0:
 142 0000 D3010000 		.4byte	0x1d3
 143 0004 0400     		.2byte	0x4
 144 0006 00000000 		.4byte	.Ldebug_abbrev0
 145 000a 04       		.byte	0x4
 146 000b 01       		.uleb128 0x1
 147 000c AD000000 		.4byte	.LASF33
 148 0010 01       		.byte	0x1
 149 0011 46000000 		.4byte	.LASF34
 150 0015 6B000000 		.4byte	.LASF35
 151 0019 00000000 		.4byte	.Ldebug_ranges0+0
 152 001d 00000000 		.4byte	0
 153 0021 00000000 		.4byte	.Ldebug_line0
 154 0025 02       		.uleb128 0x2
 155 0026 01       		.byte	0x1
 156 0027 06       		.byte	0x6
 157 0028 8B020000 		.4byte	.LASF0
 158 002c 02       		.uleb128 0x2
 159 002d 02       		.byte	0x2
 160 002e 05       		.byte	0x5
 161 002f D5010000 		.4byte	.LASF1
 162 0033 03       		.uleb128 0x3
 163 0034 04       		.byte	0x4
 164 0035 05       		.byte	0x5
 165 0036 696E7400 		.ascii	"int\000"
 166 003a 02       		.uleb128 0x2
 167 003b 08       		.byte	0x8
 168 003c 05       		.byte	0x5
 169 003d 4C020000 		.4byte	.LASF2
 170 0041 04       		.uleb128 0x4
 171 0042 19020000 		.4byte	.LASF5
ARM GAS  /tmp/ccbl73kb.s 			page 4


 172 0046 02       		.byte	0x2
 173 0047 30       		.byte	0x30
 174 0048 4C000000 		.4byte	0x4c
 175 004c 02       		.uleb128 0x2
 176 004d 01       		.byte	0x1
 177 004e 08       		.byte	0x8
 178 004f BA010000 		.4byte	.LASF3
 179 0053 02       		.uleb128 0x2
 180 0054 02       		.byte	0x2
 181 0055 07       		.byte	0x7
 182 0056 A7010000 		.4byte	.LASF4
 183 005a 04       		.uleb128 0x4
 184 005b 79020000 		.4byte	.LASF6
 185 005f 02       		.byte	0x2
 186 0060 33       		.byte	0x33
 187 0061 65000000 		.4byte	0x65
 188 0065 02       		.uleb128 0x2
 189 0066 04       		.byte	0x4
 190 0067 07       		.byte	0x7
 191 0068 EA010000 		.4byte	.LASF7
 192 006c 02       		.uleb128 0x2
 193 006d 08       		.byte	0x8
 194 006e 07       		.byte	0x7
 195 006f 02020000 		.4byte	.LASF8
 196 0073 04       		.uleb128 0x4
 197 0074 21020000 		.4byte	.LASF9
 198 0078 03       		.byte	0x3
 199 0079 3F       		.byte	0x3f
 200 007a 7E000000 		.4byte	0x7e
 201 007e 05       		.uleb128 0x5
 202 007f 4C000000 		.4byte	0x4c
 203 0083 04       		.uleb128 0x4
 204 0084 00000000 		.4byte	.LASF10
 205 0088 03       		.byte	0x3
 206 0089 59       		.byte	0x59
 207 008a 8E000000 		.4byte	0x8e
 208 008e 06       		.uleb128 0x6
 209 008f 04       		.byte	0x4
 210 0090 94000000 		.4byte	0x94
 211 0094 07       		.uleb128 0x7
 212 0095 02       		.uleb128 0x2
 213 0096 01       		.byte	0x1
 214 0097 02       		.byte	0x2
 215 0098 97020000 		.4byte	.LASF11
 216 009c 08       		.uleb128 0x8
 217 009d 6D020000 		.4byte	.LASF36
 218 00a1 24       		.byte	0x24
 219 00a2 03       		.byte	0x3
 220 00a3 6A       		.byte	0x6a
 221 00a4 15010000 		.4byte	0x115
 222 00a8 09       		.uleb128 0x9
 223 00a9 9D020000 		.4byte	.LASF12
 224 00ad 03       		.byte	0x3
 225 00ae 6C       		.byte	0x6c
 226 00af 5A000000 		.4byte	0x5a
 227 00b3 00       		.byte	0
 228 00b4 09       		.uleb128 0x9
ARM GAS  /tmp/ccbl73kb.s 			page 5


 229 00b5 DF010000 		.4byte	.LASF13
 230 00b9 03       		.byte	0x3
 231 00ba 6D       		.byte	0x6d
 232 00bb 5A000000 		.4byte	0x5a
 233 00bf 04       		.byte	0x4
 234 00c0 09       		.uleb128 0x9
 235 00c1 F7010000 		.4byte	.LASF14
 236 00c5 03       		.byte	0x3
 237 00c6 6E       		.byte	0x6e
 238 00c7 5A000000 		.4byte	0x5a
 239 00cb 08       		.byte	0x8
 240 00cc 09       		.uleb128 0x9
 241 00cd 3B000000 		.4byte	.LASF15
 242 00d1 03       		.byte	0x3
 243 00d2 6F       		.byte	0x6f
 244 00d3 5A000000 		.4byte	0x5a
 245 00d7 0C       		.byte	0xc
 246 00d8 09       		.uleb128 0x9
 247 00d9 9D000000 		.4byte	.LASF16
 248 00dd 03       		.byte	0x3
 249 00de 70       		.byte	0x70
 250 00df 5A000000 		.4byte	0x5a
 251 00e3 10       		.byte	0x10
 252 00e4 09       		.uleb128 0x9
 253 00e5 93000000 		.4byte	.LASF17
 254 00e9 03       		.byte	0x3
 255 00ea 73       		.byte	0x73
 256 00eb 5A000000 		.4byte	0x5a
 257 00ef 14       		.byte	0x14
 258 00f0 09       		.uleb128 0x9
 259 00f1 27000000 		.4byte	.LASF18
 260 00f5 03       		.byte	0x3
 261 00f6 75       		.byte	0x75
 262 00f7 5A000000 		.4byte	0x5a
 263 00fb 18       		.byte	0x18
 264 00fc 09       		.uleb128 0x9
 265 00fd 2F000000 		.4byte	.LASF19
 266 0101 03       		.byte	0x3
 267 0102 78       		.byte	0x78
 268 0103 95000000 		.4byte	0x95
 269 0107 1C       		.byte	0x1c
 270 0108 09       		.uleb128 0x9
 271 0109 2F020000 		.4byte	.LASF20
 272 010d 03       		.byte	0x3
 273 010e 79       		.byte	0x79
 274 010f 83000000 		.4byte	0x83
 275 0113 20       		.byte	0x20
 276 0114 00       		.byte	0
 277 0115 04       		.uleb128 0x4
 278 0116 15000000 		.4byte	.LASF21
 279 011a 03       		.byte	0x3
 280 011b 7A       		.byte	0x7a
 281 011c 20010000 		.4byte	0x120
 282 0120 06       		.uleb128 0x6
 283 0121 04       		.byte	0x4
 284 0122 9C000000 		.4byte	0x9c
 285 0126 06       		.uleb128 0x6
ARM GAS  /tmp/ccbl73kb.s 			page 6


 286 0127 04       		.byte	0x4
 287 0128 5A000000 		.4byte	0x5a
 288 012c 02       		.uleb128 0x2
 289 012d 04       		.byte	0x4
 290 012e 07       		.byte	0x7
 291 012f 95010000 		.4byte	.LASF22
 292 0133 02       		.uleb128 0x2
 293 0134 04       		.byte	0x4
 294 0135 05       		.byte	0x5
 295 0136 82020000 		.4byte	.LASF23
 296 013a 02       		.uleb128 0x2
 297 013b 04       		.byte	0x4
 298 013c 07       		.byte	0x7
 299 013d 38020000 		.4byte	.LASF24
 300 0141 02       		.uleb128 0x2
 301 0142 01       		.byte	0x1
 302 0143 08       		.byte	0x8
 303 0144 5A020000 		.4byte	.LASF25
 304 0148 0A       		.uleb128 0xa
 305 0149 5F020000 		.4byte	.LASF37
 306 014d 01       		.byte	0x1
 307 014e 40       		.byte	0x40
 308 014f 5A000000 		.4byte	0x5a
 309 0153 00000000 		.4byte	.LFB10
 310 0157 60000000 		.4byte	.LFE10-.LFB10
 311 015b 01       		.uleb128 0x1
 312 015c 9C       		.byte	0x9c
 313 015d 0B       		.uleb128 0xb
 314 015e 0A000000 		.4byte	.LASF26
 315 0162 01       		.byte	0x1
 316 0163 40       		.byte	0x40
 317 0164 15010000 		.4byte	0x115
 318 0168 00000000 		.4byte	.LLST0
 319 016c 0B       		.uleb128 0xb
 320 016d D0010000 		.4byte	.LASF27
 321 0171 01       		.byte	0x1
 322 0172 41       		.byte	0x41
 323 0173 5A000000 		.4byte	0x5a
 324 0177 50000000 		.4byte	.LLST1
 325 017b 0B       		.uleb128 0xb
 326 017c 90010000 		.4byte	.LASF28
 327 0180 01       		.byte	0x1
 328 0181 42       		.byte	0x42
 329 0182 5A000000 		.4byte	0x5a
 330 0186 91000000 		.4byte	.LLST2
 331 018a 0B       		.uleb128 0xb
 332 018b 2A020000 		.4byte	.LASF29
 333 018f 01       		.byte	0x1
 334 0190 43       		.byte	0x43
 335 0191 26010000 		.4byte	0x126
 336 0195 07010000 		.4byte	.LLST3
 337 0199 0C       		.uleb128 0xc
 338 019a C8010000 		.4byte	.LASF30
 339 019e 01       		.byte	0x1
 340 019f 45       		.byte	0x45
 341 01a0 5A000000 		.4byte	0x5a
 342 01a4 49010000 		.4byte	.LLST4
ARM GAS  /tmp/ccbl73kb.s 			page 7


 343 01a8 0C       		.uleb128 0xc
 344 01a9 A8000000 		.4byte	.LASF31
 345 01ad 01       		.byte	0x1
 346 01ae 46       		.byte	0x46
 347 01af 5A000000 		.4byte	0x5a
 348 01b3 AE010000 		.4byte	.LLST5
 349 01b7 0D       		.uleb128 0xd
 350 01b8 72657400 		.ascii	"ret\000"
 351 01bc 01       		.byte	0x1
 352 01bd 47       		.byte	0x47
 353 01be 5A000000 		.4byte	0x5a
 354 01c2 CC010000 		.4byte	.LLST6
 355 01c6 0C       		.uleb128 0xc
 356 01c7 41020000 		.4byte	.LASF32
 357 01cb 01       		.byte	0x1
 358 01cc 48       		.byte	0x48
 359 01cd 5A000000 		.4byte	0x5a
 360 01d1 FA010000 		.4byte	.LLST7
 361 01d5 00       		.byte	0
 362 01d6 00       		.byte	0
 363              		.section	.debug_abbrev,"",%progbits
 364              	.Ldebug_abbrev0:
 365 0000 01       		.uleb128 0x1
 366 0001 11       		.uleb128 0x11
 367 0002 01       		.byte	0x1
 368 0003 25       		.uleb128 0x25
 369 0004 0E       		.uleb128 0xe
 370 0005 13       		.uleb128 0x13
 371 0006 0B       		.uleb128 0xb
 372 0007 03       		.uleb128 0x3
 373 0008 0E       		.uleb128 0xe
 374 0009 1B       		.uleb128 0x1b
 375 000a 0E       		.uleb128 0xe
 376 000b 55       		.uleb128 0x55
 377 000c 17       		.uleb128 0x17
 378 000d 11       		.uleb128 0x11
 379 000e 01       		.uleb128 0x1
 380 000f 10       		.uleb128 0x10
 381 0010 17       		.uleb128 0x17
 382 0011 00       		.byte	0
 383 0012 00       		.byte	0
 384 0013 02       		.uleb128 0x2
 385 0014 24       		.uleb128 0x24
 386 0015 00       		.byte	0
 387 0016 0B       		.uleb128 0xb
 388 0017 0B       		.uleb128 0xb
 389 0018 3E       		.uleb128 0x3e
 390 0019 0B       		.uleb128 0xb
 391 001a 03       		.uleb128 0x3
 392 001b 0E       		.uleb128 0xe
 393 001c 00       		.byte	0
 394 001d 00       		.byte	0
 395 001e 03       		.uleb128 0x3
 396 001f 24       		.uleb128 0x24
 397 0020 00       		.byte	0
 398 0021 0B       		.uleb128 0xb
 399 0022 0B       		.uleb128 0xb
ARM GAS  /tmp/ccbl73kb.s 			page 8


 400 0023 3E       		.uleb128 0x3e
 401 0024 0B       		.uleb128 0xb
 402 0025 03       		.uleb128 0x3
 403 0026 08       		.uleb128 0x8
 404 0027 00       		.byte	0
 405 0028 00       		.byte	0
 406 0029 04       		.uleb128 0x4
 407 002a 16       		.uleb128 0x16
 408 002b 00       		.byte	0
 409 002c 03       		.uleb128 0x3
 410 002d 0E       		.uleb128 0xe
 411 002e 3A       		.uleb128 0x3a
 412 002f 0B       		.uleb128 0xb
 413 0030 3B       		.uleb128 0x3b
 414 0031 0B       		.uleb128 0xb
 415 0032 49       		.uleb128 0x49
 416 0033 13       		.uleb128 0x13
 417 0034 00       		.byte	0
 418 0035 00       		.byte	0
 419 0036 05       		.uleb128 0x5
 420 0037 35       		.uleb128 0x35
 421 0038 00       		.byte	0
 422 0039 49       		.uleb128 0x49
 423 003a 13       		.uleb128 0x13
 424 003b 00       		.byte	0
 425 003c 00       		.byte	0
 426 003d 06       		.uleb128 0x6
 427 003e 0F       		.uleb128 0xf
 428 003f 00       		.byte	0
 429 0040 0B       		.uleb128 0xb
 430 0041 0B       		.uleb128 0xb
 431 0042 49       		.uleb128 0x49
 432 0043 13       		.uleb128 0x13
 433 0044 00       		.byte	0
 434 0045 00       		.byte	0
 435 0046 07       		.uleb128 0x7
 436 0047 15       		.uleb128 0x15
 437 0048 00       		.byte	0
 438 0049 27       		.uleb128 0x27
 439 004a 19       		.uleb128 0x19
 440 004b 00       		.byte	0
 441 004c 00       		.byte	0
 442 004d 08       		.uleb128 0x8
 443 004e 13       		.uleb128 0x13
 444 004f 01       		.byte	0x1
 445 0050 03       		.uleb128 0x3
 446 0051 0E       		.uleb128 0xe
 447 0052 0B       		.uleb128 0xb
 448 0053 0B       		.uleb128 0xb
 449 0054 3A       		.uleb128 0x3a
 450 0055 0B       		.uleb128 0xb
 451 0056 3B       		.uleb128 0x3b
 452 0057 0B       		.uleb128 0xb
 453 0058 01       		.uleb128 0x1
 454 0059 13       		.uleb128 0x13
 455 005a 00       		.byte	0
 456 005b 00       		.byte	0
ARM GAS  /tmp/ccbl73kb.s 			page 9


 457 005c 09       		.uleb128 0x9
 458 005d 0D       		.uleb128 0xd
 459 005e 00       		.byte	0
 460 005f 03       		.uleb128 0x3
 461 0060 0E       		.uleb128 0xe
 462 0061 3A       		.uleb128 0x3a
 463 0062 0B       		.uleb128 0xb
 464 0063 3B       		.uleb128 0x3b
 465 0064 0B       		.uleb128 0xb
 466 0065 49       		.uleb128 0x49
 467 0066 13       		.uleb128 0x13
 468 0067 38       		.uleb128 0x38
 469 0068 0B       		.uleb128 0xb
 470 0069 00       		.byte	0
 471 006a 00       		.byte	0
 472 006b 0A       		.uleb128 0xa
 473 006c 2E       		.uleb128 0x2e
 474 006d 01       		.byte	0x1
 475 006e 3F       		.uleb128 0x3f
 476 006f 19       		.uleb128 0x19
 477 0070 03       		.uleb128 0x3
 478 0071 0E       		.uleb128 0xe
 479 0072 3A       		.uleb128 0x3a
 480 0073 0B       		.uleb128 0xb
 481 0074 3B       		.uleb128 0x3b
 482 0075 0B       		.uleb128 0xb
 483 0076 27       		.uleb128 0x27
 484 0077 19       		.uleb128 0x19
 485 0078 49       		.uleb128 0x49
 486 0079 13       		.uleb128 0x13
 487 007a 11       		.uleb128 0x11
 488 007b 01       		.uleb128 0x1
 489 007c 12       		.uleb128 0x12
 490 007d 06       		.uleb128 0x6
 491 007e 40       		.uleb128 0x40
 492 007f 18       		.uleb128 0x18
 493 0080 9642     		.uleb128 0x2116
 494 0082 19       		.uleb128 0x19
 495 0083 00       		.byte	0
 496 0084 00       		.byte	0
 497 0085 0B       		.uleb128 0xb
 498 0086 05       		.uleb128 0x5
 499 0087 00       		.byte	0
 500 0088 03       		.uleb128 0x3
 501 0089 0E       		.uleb128 0xe
 502 008a 3A       		.uleb128 0x3a
 503 008b 0B       		.uleb128 0xb
 504 008c 3B       		.uleb128 0x3b
 505 008d 0B       		.uleb128 0xb
 506 008e 49       		.uleb128 0x49
 507 008f 13       		.uleb128 0x13
 508 0090 02       		.uleb128 0x2
 509 0091 17       		.uleb128 0x17
 510 0092 00       		.byte	0
 511 0093 00       		.byte	0
 512 0094 0C       		.uleb128 0xc
 513 0095 34       		.uleb128 0x34
ARM GAS  /tmp/ccbl73kb.s 			page 10


 514 0096 00       		.byte	0
 515 0097 03       		.uleb128 0x3
 516 0098 0E       		.uleb128 0xe
 517 0099 3A       		.uleb128 0x3a
 518 009a 0B       		.uleb128 0xb
 519 009b 3B       		.uleb128 0x3b
 520 009c 0B       		.uleb128 0xb
 521 009d 49       		.uleb128 0x49
 522 009e 13       		.uleb128 0x13
 523 009f 02       		.uleb128 0x2
 524 00a0 17       		.uleb128 0x17
 525 00a1 00       		.byte	0
 526 00a2 00       		.byte	0
 527 00a3 0D       		.uleb128 0xd
 528 00a4 34       		.uleb128 0x34
 529 00a5 00       		.byte	0
 530 00a6 03       		.uleb128 0x3
 531 00a7 08       		.uleb128 0x8
 532 00a8 3A       		.uleb128 0x3a
 533 00a9 0B       		.uleb128 0xb
 534 00aa 3B       		.uleb128 0x3b
 535 00ab 0B       		.uleb128 0xb
 536 00ac 49       		.uleb128 0x49
 537 00ad 13       		.uleb128 0x13
 538 00ae 02       		.uleb128 0x2
 539 00af 17       		.uleb128 0x17
 540 00b0 00       		.byte	0
 541 00b1 00       		.byte	0
 542 00b2 00       		.byte	0
 543              		.section	.debug_loc,"",%progbits
 544              	.Ldebug_loc0:
 545              	.LLST0:
 546 0000 00000000 		.4byte	.LVL0
 547 0004 10000000 		.4byte	.LVL3
 548 0008 0100     		.2byte	0x1
 549 000a 50       		.byte	0x50
 550 000b 10000000 		.4byte	.LVL3
 551 000f 12000000 		.4byte	.LVL4
 552 0013 0400     		.2byte	0x4
 553 0015 F3       		.byte	0xf3
 554 0016 01       		.uleb128 0x1
 555 0017 50       		.byte	0x50
 556 0018 9F       		.byte	0x9f
 557 0019 12000000 		.4byte	.LVL4
 558 001d 30000000 		.4byte	.LVL7
 559 0021 0100     		.2byte	0x1
 560 0023 50       		.byte	0x50
 561 0024 30000000 		.4byte	.LVL7
 562 0028 58000000 		.4byte	.LVL16
 563 002c 0100     		.2byte	0x1
 564 002e 56       		.byte	0x56
 565 002f 58000000 		.4byte	.LVL16
 566 0033 5C000000 		.4byte	.LVL17
 567 0037 0400     		.2byte	0x4
 568 0039 F3       		.byte	0xf3
 569 003a 01       		.uleb128 0x1
 570 003b 50       		.byte	0x50
ARM GAS  /tmp/ccbl73kb.s 			page 11


 571 003c 9F       		.byte	0x9f
 572 003d 5C000000 		.4byte	.LVL17
 573 0041 60000000 		.4byte	.LFE10
 574 0045 0100     		.2byte	0x1
 575 0047 56       		.byte	0x56
 576 0048 00000000 		.4byte	0
 577 004c 00000000 		.4byte	0
 578              	.LLST1:
 579 0050 00000000 		.4byte	.LVL0
 580 0054 2C000000 		.4byte	.LVL6
 581 0058 0100     		.2byte	0x1
 582 005a 51       		.byte	0x51
 583 005b 2C000000 		.4byte	.LVL6
 584 005f 3C000000 		.4byte	.LVL10
 585 0063 0100     		.2byte	0x1
 586 0065 54       		.byte	0x54
 587 0066 3C000000 		.4byte	.LVL10
 588 006a 44000000 		.4byte	.LVL12
 589 006e 0300     		.2byte	0x3
 590 0070 74       		.byte	0x74
 591 0071 7F       		.sleb128 -1
 592 0072 9F       		.byte	0x9f
 593 0073 44000000 		.4byte	.LVL12
 594 0077 58000000 		.4byte	.LVL16
 595 007b 0100     		.2byte	0x1
 596 007d 54       		.byte	0x54
 597 007e 5C000000 		.4byte	.LVL17
 598 0082 60000000 		.4byte	.LFE10
 599 0086 0100     		.2byte	0x1
 600 0088 54       		.byte	0x54
 601 0089 00000000 		.4byte	0
 602 008d 00000000 		.4byte	0
 603              	.LLST2:
 604 0091 00000000 		.4byte	.LVL0
 605 0095 08000000 		.4byte	.LVL1
 606 0099 0100     		.2byte	0x1
 607 009b 52       		.byte	0x52
 608 009c 08000000 		.4byte	.LVL1
 609 00a0 12000000 		.4byte	.LVL4
 610 00a4 0200     		.2byte	0x2
 611 00a6 30       		.byte	0x30
 612 00a7 9F       		.byte	0x9f
 613 00a8 12000000 		.4byte	.LVL4
 614 00ac 2C000000 		.4byte	.LVL6
 615 00b0 0100     		.2byte	0x1
 616 00b2 52       		.byte	0x52
 617 00b3 2C000000 		.4byte	.LVL6
 618 00b7 30000000 		.4byte	.LVL7
 619 00bb 0300     		.2byte	0x3
 620 00bd 72       		.byte	0x72
 621 00be 7F       		.sleb128 -1
 622 00bf 9F       		.byte	0x9f
 623 00c0 30000000 		.4byte	.LVL7
 624 00c4 38000000 		.4byte	.LVL9
 625 00c8 0B00     		.2byte	0xb
 626 00ca F3       		.byte	0xf3
 627 00cb 01       		.uleb128 0x1
ARM GAS  /tmp/ccbl73kb.s 			page 12


 628 00cc 51       		.byte	0x51
 629 00cd 74       		.byte	0x74
 630 00ce 00       		.sleb128 0
 631 00cf 1C       		.byte	0x1c
 632 00d0 F3       		.byte	0xf3
 633 00d1 01       		.uleb128 0x1
 634 00d2 52       		.byte	0x52
 635 00d3 22       		.byte	0x22
 636 00d4 9F       		.byte	0x9f
 637 00d5 44000000 		.4byte	.LVL12
 638 00d9 58000000 		.4byte	.LVL16
 639 00dd 0B00     		.2byte	0xb
 640 00df F3       		.byte	0xf3
 641 00e0 01       		.uleb128 0x1
 642 00e1 51       		.byte	0x51
 643 00e2 74       		.byte	0x74
 644 00e3 00       		.sleb128 0
 645 00e4 1C       		.byte	0x1c
 646 00e5 F3       		.byte	0xf3
 647 00e6 01       		.uleb128 0x1
 648 00e7 52       		.byte	0x52
 649 00e8 22       		.byte	0x22
 650 00e9 9F       		.byte	0x9f
 651 00ea 5C000000 		.4byte	.LVL17
 652 00ee 60000000 		.4byte	.LFE10
 653 00f2 0B00     		.2byte	0xb
 654 00f4 F3       		.byte	0xf3
 655 00f5 01       		.uleb128 0x1
 656 00f6 51       		.byte	0x51
 657 00f7 74       		.byte	0x74
 658 00f8 00       		.sleb128 0
 659 00f9 1C       		.byte	0x1c
 660 00fa F3       		.byte	0xf3
 661 00fb 01       		.uleb128 0x1
 662 00fc 52       		.byte	0x52
 663 00fd 22       		.byte	0x22
 664 00fe 9F       		.byte	0x9f
 665 00ff 00000000 		.4byte	0
 666 0103 00000000 		.4byte	0
 667              	.LLST3:
 668 0107 00000000 		.4byte	.LVL0
 669 010b 12000000 		.4byte	.LVL4
 670 010f 0100     		.2byte	0x1
 671 0111 53       		.byte	0x53
 672 0112 12000000 		.4byte	.LVL4
 673 0116 2A000000 		.4byte	.LVL5
 674 011a 0100     		.2byte	0x1
 675 011c 53       		.byte	0x53
 676 011d 2A000000 		.4byte	.LVL5
 677 0121 58000000 		.4byte	.LVL16
 678 0125 0100     		.2byte	0x1
 679 0127 55       		.byte	0x55
 680 0128 58000000 		.4byte	.LVL16
 681 012c 5C000000 		.4byte	.LVL17
 682 0130 0400     		.2byte	0x4
 683 0132 F3       		.byte	0xf3
 684 0133 01       		.uleb128 0x1
ARM GAS  /tmp/ccbl73kb.s 			page 13


 685 0134 53       		.byte	0x53
 686 0135 9F       		.byte	0x9f
 687 0136 5C000000 		.4byte	.LVL17
 688 013a 60000000 		.4byte	.LFE10
 689 013e 0100     		.2byte	0x1
 690 0140 55       		.byte	0x55
 691 0141 00000000 		.4byte	0
 692 0145 00000000 		.4byte	0
 693              	.LLST4:
 694 0149 00000000 		.4byte	.LVL0
 695 014d 2C000000 		.4byte	.LVL6
 696 0151 0200     		.2byte	0x2
 697 0153 30       		.byte	0x30
 698 0154 9F       		.byte	0x9f
 699 0155 2C000000 		.4byte	.LVL6
 700 0159 30000000 		.4byte	.LVL7
 701 015d 0200     		.2byte	0x2
 702 015f 31       		.byte	0x31
 703 0160 9F       		.byte	0x9f
 704 0161 30000000 		.4byte	.LVL7
 705 0165 36000000 		.4byte	.LVL8
 706 0169 0100     		.2byte	0x1
 707 016b 51       		.byte	0x51
 708 016c 36000000 		.4byte	.LVL8
 709 0170 38000000 		.4byte	.LVL9
 710 0174 0300     		.2byte	0x3
 711 0176 71       		.byte	0x71
 712 0177 7F       		.sleb128 -1
 713 0178 9F       		.byte	0x9f
 714 0179 44000000 		.4byte	.LVL12
 715 017d 4D000000 		.4byte	.LVL13-1
 716 0181 0100     		.2byte	0x1
 717 0183 51       		.byte	0x51
 718 0184 50000000 		.4byte	.LVL14
 719 0188 56000000 		.4byte	.LVL15
 720 018c 0100     		.2byte	0x1
 721 018e 51       		.byte	0x51
 722 018f 56000000 		.4byte	.LVL15
 723 0193 58000000 		.4byte	.LVL16
 724 0197 0200     		.2byte	0x2
 725 0199 30       		.byte	0x30
 726 019a 9F       		.byte	0x9f
 727 019b 5C000000 		.4byte	.LVL17
 728 019f 5E000000 		.4byte	.LVL18
 729 01a3 0100     		.2byte	0x1
 730 01a5 51       		.byte	0x51
 731 01a6 00000000 		.4byte	0
 732 01aa 00000000 		.4byte	0
 733              	.LLST5:
 734 01ae 2A000000 		.4byte	.LVL5
 735 01b2 30000000 		.4byte	.LVL7
 736 01b6 0100     		.2byte	0x1
 737 01b8 53       		.byte	0x53
 738 01b9 3C000000 		.4byte	.LVL10
 739 01bd 42000000 		.4byte	.LVL11
 740 01c1 0100     		.2byte	0x1
 741 01c3 52       		.byte	0x52
ARM GAS  /tmp/ccbl73kb.s 			page 14


 742 01c4 00000000 		.4byte	0
 743 01c8 00000000 		.4byte	0
 744              	.LLST6:
 745 01cc 00000000 		.4byte	.LVL0
 746 01d0 08000000 		.4byte	.LVL1
 747 01d4 0200     		.2byte	0x2
 748 01d6 30       		.byte	0x30
 749 01d7 9F       		.byte	0x9f
 750 01d8 08000000 		.4byte	.LVL1
 751 01dc 12000000 		.4byte	.LVL4
 752 01e0 0400     		.2byte	0x4
 753 01e2 0A       		.byte	0xa
 754 01e3 0010     		.2byte	0x1000
 755 01e5 9F       		.byte	0x9f
 756 01e6 12000000 		.4byte	.LVL4
 757 01ea 60000000 		.4byte	.LFE10
 758 01ee 0200     		.2byte	0x2
 759 01f0 30       		.byte	0x30
 760 01f1 9F       		.byte	0x9f
 761 01f2 00000000 		.4byte	0
 762 01f6 00000000 		.4byte	0
 763              	.LLST7:
 764 01fa 00000000 		.4byte	.LVL0
 765 01fe 0A000000 		.4byte	.LVL2
 766 0202 0600     		.2byte	0x6
 767 0204 71       		.byte	0x71
 768 0205 00       		.sleb128 0
 769 0206 72       		.byte	0x72
 770 0207 00       		.sleb128 0
 771 0208 22       		.byte	0x22
 772 0209 9F       		.byte	0x9f
 773 020a 0A000000 		.4byte	.LVL2
 774 020e 12000000 		.4byte	.LVL4
 775 0212 0700     		.2byte	0x7
 776 0214 71       		.byte	0x71
 777 0215 00       		.sleb128 0
 778 0216 F3       		.byte	0xf3
 779 0217 01       		.uleb128 0x1
 780 0218 52       		.byte	0x52
 781 0219 22       		.byte	0x22
 782 021a 9F       		.byte	0x9f
 783 021b 12000000 		.4byte	.LVL4
 784 021f 30000000 		.4byte	.LVL7
 785 0223 0600     		.2byte	0x6
 786 0225 71       		.byte	0x71
 787 0226 00       		.sleb128 0
 788 0227 72       		.byte	0x72
 789 0228 00       		.sleb128 0
 790 0229 22       		.byte	0x22
 791 022a 9F       		.byte	0x9f
 792 022b 30000000 		.4byte	.LVL7
 793 022f 60000000 		.4byte	.LFE10
 794 0233 0800     		.2byte	0x8
 795 0235 F3       		.byte	0xf3
 796 0236 01       		.uleb128 0x1
 797 0237 51       		.byte	0x51
 798 0238 F3       		.byte	0xf3
ARM GAS  /tmp/ccbl73kb.s 			page 15


 799 0239 01       		.uleb128 0x1
 800 023a 52       		.byte	0x52
 801 023b 22       		.byte	0x22
 802 023c 9F       		.byte	0x9f
 803 023d 00000000 		.4byte	0
 804 0241 00000000 		.4byte	0
 805              		.section	.debug_aranges,"",%progbits
 806 0000 1C000000 		.4byte	0x1c
 807 0004 0200     		.2byte	0x2
 808 0006 00000000 		.4byte	.Ldebug_info0
 809 000a 04       		.byte	0x4
 810 000b 00       		.byte	0
 811 000c 0000     		.2byte	0
 812 000e 0000     		.2byte	0
 813 0010 00000000 		.4byte	.LFB10
 814 0014 60000000 		.4byte	.LFE10-.LFB10
 815 0018 00000000 		.4byte	0
 816 001c 00000000 		.4byte	0
 817              		.section	.debug_ranges,"",%progbits
 818              	.Ldebug_ranges0:
 819 0000 00000000 		.4byte	.LFB10
 820 0004 60000000 		.4byte	.LFE10
 821 0008 00000000 		.4byte	0
 822 000c 00000000 		.4byte	0
 823              		.section	.debug_line,"",%progbits
 824              	.Ldebug_line0:
 825 0000 CD000000 		.section	.debug_str,"MS",%progbits,1
 825      02007900 
 825      00000201 
 825      FB0E0D00 
 825      01010101 
 826              	.LASF10:
 827 0000 5043414C 		.ascii	"PCALLBACK\000"
 827      4C424143 
 827      4B00
 828              	.LASF26:
 829 000a 70535344 		.ascii	"pSSDConfig\000"
 829      436F6E66 
 829      696700
 830              	.LASF21:
 831 0015 50464C41 		.ascii	"PFLASH_SSD_CONFIG\000"
 831      53485F53 
 831      53445F43 
 831      4F4E4649 
 831      4700
 832              	.LASF18:
 833 0027 45454553 		.ascii	"EEESize\000"
 833      697A6500 
 834              	.LASF19:
 835 002f 44656275 		.ascii	"DebugEnable\000"
 835      67456E61 
 835      626C6500 
 836              	.LASF15:
 837 003b 44466C61 		.ascii	"DFlashBase\000"
 837      73684261 
 837      736500
 838              	.LASF34:
ARM GAS  /tmp/ccbl73kb.s 			page 16


 839 0046 2E2E2F65 		.ascii	"../ext/C90TFS/source/FlashCheckSum.c\000"
 839      78742F43 
 839      39305446 
 839      532F736F 
 839      75726365 
 840              	.LASF35:
 841 006b 2F686F6D 		.ascii	"/home/bunnie/code/chibios-netvcr/netvcr\000"
 841      652F6275 
 841      6E6E6965 
 841      2F636F64 
 841      652F6368 
 842              	.LASF17:
 843 0093 45455241 		.ascii	"EERAMBase\000"
 843      4D426173 
 843      6500
 844              	.LASF16:
 845 009d 44466C61 		.ascii	"DFlashSize\000"
 845      73685369 
 845      7A6500
 846              	.LASF31:
 847 00a8 64617461 		.ascii	"data\000"
 847      00
 848              	.LASF33:
 849 00ad 474E5520 		.ascii	"GNU C 4.9.2 -mcpu=cortex-m4 -mfloat-abi=soft -mfp16"
 849      4320342E 
 849      392E3220 
 849      2D6D6370 
 849      753D636F 
 850 00e0 2D666F72 		.ascii	"-format=none -mno-thumb-interwork -mthumb -mfpu=vfp"
 850      6D61743D 
 850      6E6F6E65 
 850      202D6D6E 
 850      6F2D7468 
 851 0113 76332D64 		.ascii	"v3-d16 -mtls-dialect=gnu -ggdb -O2 -fomit-frame-poi"
 851      3136202D 
 851      6D746C73 
 851      2D646961 
 851      6C656374 
 852 0146 6E746572 		.ascii	"nter -falign-functions=16 -ffunction-sections -fdat"
 852      202D6661 
 852      6C69676E 
 852      2D66756E 
 852      6374696F 
 853 0179 612D7365 		.ascii	"a-sections -fno-common\000"
 853      6374696F 
 853      6E73202D 
 853      666E6F2D 
 853      636F6D6D 
 854              	.LASF28:
 855 0190 73697A65 		.ascii	"size\000"
 855      00
 856              	.LASF22:
 857 0195 6C6F6E67 		.ascii	"long unsigned int\000"
 857      20756E73 
 857      69676E65 
 857      6420696E 
 857      7400
ARM GAS  /tmp/ccbl73kb.s 			page 17


 858              	.LASF4:
 859 01a7 73686F72 		.ascii	"short unsigned int\000"
 859      7420756E 
 859      7369676E 
 859      65642069 
 859      6E7400
 860              	.LASF3:
 861 01ba 756E7369 		.ascii	"unsigned char\000"
 861      676E6564 
 861      20636861 
 861      7200
 862              	.LASF30:
 863 01c8 636F756E 		.ascii	"counter\000"
 863      74657200 
 864              	.LASF27:
 865 01d0 64657374 		.ascii	"dest\000"
 865      00
 866              	.LASF1:
 867 01d5 73686F72 		.ascii	"short int\000"
 867      7420696E 
 867      7400
 868              	.LASF13:
 869 01df 50466C61 		.ascii	"PFlashBase\000"
 869      73684261 
 869      736500
 870              	.LASF7:
 871 01ea 756E7369 		.ascii	"unsigned int\000"
 871      676E6564 
 871      20696E74 
 871      00
 872              	.LASF14:
 873 01f7 50466C61 		.ascii	"PFlashSize\000"
 873      73685369 
 873      7A6500
 874              	.LASF8:
 875 0202 6C6F6E67 		.ascii	"long long unsigned int\000"
 875      206C6F6E 
 875      6720756E 
 875      7369676E 
 875      65642069 
 876              	.LASF5:
 877 0219 75696E74 		.ascii	"uint8_t\000"
 877      385F7400 
 878              	.LASF9:
 879 0221 7675696E 		.ascii	"vuint8_t\000"
 879      74385F74 
 879      00
 880              	.LASF29:
 881 022a 7053756D 		.ascii	"pSum\000"
 881      00
 882              	.LASF20:
 883 022f 43616C6C 		.ascii	"CallBack\000"
 883      4261636B 
 883      00
 884              	.LASF24:
 885 0238 73697A65 		.ascii	"sizetype\000"
 885      74797065 
ARM GAS  /tmp/ccbl73kb.s 			page 18


 885      00
 886              	.LASF32:
 887 0241 656E6441 		.ascii	"endAddress\000"
 887      64647265 
 887      737300
 888              	.LASF2:
 889 024c 6C6F6E67 		.ascii	"long long int\000"
 889      206C6F6E 
 889      6720696E 
 889      7400
 890              	.LASF25:
 891 025a 63686172 		.ascii	"char\000"
 891      00
 892              	.LASF37:
 893 025f 466C6173 		.ascii	"FlashCheckSum\000"
 893      68436865 
 893      636B5375 
 893      6D00
 894              	.LASF36:
 895 026d 5F737364 		.ascii	"_ssd_config\000"
 895      5F636F6E 
 895      66696700 
 896              	.LASF6:
 897 0279 75696E74 		.ascii	"uint32_t\000"
 897      33325F74 
 897      00
 898              	.LASF23:
 899 0282 6C6F6E67 		.ascii	"long int\000"
 899      20696E74 
 899      00
 900              	.LASF0:
 901 028b 7369676E 		.ascii	"signed char\000"
 901      65642063 
 901      68617200 
 902              	.LASF11:
 903 0297 5F426F6F 		.ascii	"_Bool\000"
 903      6C00
 904              	.LASF12:
 905 029d 66746678 		.ascii	"ftfxRegBase\000"
 905      52656742 
 905      61736500 
 906              		.ident	"GCC: (Debian 4.9.2-10) 4.9.2"
 907              		.section	.note.GNU-stack,"",%progbits
ARM GAS  /tmp/ccbl73kb.s 			page 19


DEFINED SYMBOLS
                            *ABS*:00000000 FlashCheckSum.c
     /tmp/ccbl73kb.s:19     .text.FlashCheckSum:00000000 $t
     /tmp/ccbl73kb.s:25     .text.FlashCheckSum:00000000 FlashCheckSum
                     .debug_frame:00000010 $d

NO UNDEFINED SYMBOLS
