ARM GAS  /tmp/ccejhT1E.s 			page 1


   1              		.syntax unified
   2              		.cpu cortex-m4
   3              		.fpu softvfp
   4              		.eabi_attribute 20, 1
   5              		.eabi_attribute 21, 1
   6              		.eabi_attribute 23, 3
   7              		.eabi_attribute 24, 1
   8              		.eabi_attribute 25, 1
   9              		.eabi_attribute 26, 2
  10              		.eabi_attribute 30, 2
  11              		.eabi_attribute 34, 1
  12              		.eabi_attribute 18, 4
  13              		.thumb
  14              		.file	"FlashEraseBlock.c"
  15              		.text
  16              	.Ltext0:
  17              		.cfi_sections	.debug_frame
  18              	.Letext0:
  19              		.section	.debug_info,"",%progbits
  20              	.Ldebug_info0:
  21 0000 75000000 		.4byte	0x75
  22 0004 0400     		.2byte	0x4
  23 0006 00000000 		.4byte	.Ldebug_abbrev0
  24 000a 04       		.byte	0x4
  25 000b 01       		.uleb128 0x1
  26 000c 44000000 		.4byte	.LASF12
  27 0010 01       		.byte	0x1
  28 0011 35010000 		.4byte	.LASF13
  29 0015 8F010000 		.4byte	.LASF14
  30 0019 00000000 		.4byte	.Ldebug_line0
  31 001d 02       		.uleb128 0x2
  32 001e 01       		.byte	0x1
  33 001f 06       		.byte	0x6
  34 0020 83010000 		.4byte	.LASF0
  35 0024 02       		.uleb128 0x2
  36 0025 02       		.byte	0x2
  37 0026 05       		.byte	0x5
  38 0027 B7010000 		.4byte	.LASF1
  39 002b 03       		.uleb128 0x3
  40 002c 04       		.byte	0x4
  41 002d 05       		.byte	0x5
  42 002e 696E7400 		.ascii	"int\000"
  43 0032 02       		.uleb128 0x2
  44 0033 08       		.byte	0x8
  45 0034 05       		.byte	0x5
  46 0035 00000000 		.4byte	.LASF2
  47 0039 02       		.uleb128 0x2
  48 003a 01       		.byte	0x1
  49 003b 08       		.byte	0x8
  50 003c 27010000 		.4byte	.LASF3
  51 0040 02       		.uleb128 0x2
  52 0041 02       		.byte	0x2
  53 0042 07       		.byte	0x7
  54 0043 70010000 		.4byte	.LASF4
  55 0047 02       		.uleb128 0x2
  56 0048 04       		.byte	0x4
  57 0049 07       		.byte	0x7
ARM GAS  /tmp/ccejhT1E.s 			page 2


  58 004a 0E000000 		.4byte	.LASF5
  59 004e 02       		.uleb128 0x2
  60 004f 08       		.byte	0x8
  61 0050 07       		.byte	0x7
  62 0051 2D000000 		.4byte	.LASF6
  63 0055 02       		.uleb128 0x2
  64 0056 01       		.byte	0x1
  65 0057 02       		.byte	0x2
  66 0058 6A010000 		.4byte	.LASF7
  67 005c 02       		.uleb128 0x2
  68 005d 04       		.byte	0x4
  69 005e 07       		.byte	0x7
  70 005f 1B000000 		.4byte	.LASF8
  71 0063 02       		.uleb128 0x2
  72 0064 04       		.byte	0x4
  73 0065 05       		.byte	0x5
  74 0066 61010000 		.4byte	.LASF9
  75 006a 02       		.uleb128 0x2
  76 006b 04       		.byte	0x4
  77 006c 07       		.byte	0x7
  78 006d C1010000 		.4byte	.LASF10
  79 0071 02       		.uleb128 0x2
  80 0072 01       		.byte	0x1
  81 0073 08       		.byte	0x8
  82 0074 5C010000 		.4byte	.LASF11
  83 0078 00       		.byte	0
  84              		.section	.debug_abbrev,"",%progbits
  85              	.Ldebug_abbrev0:
  86 0000 01       		.uleb128 0x1
  87 0001 11       		.uleb128 0x11
  88 0002 01       		.byte	0x1
  89 0003 25       		.uleb128 0x25
  90 0004 0E       		.uleb128 0xe
  91 0005 13       		.uleb128 0x13
  92 0006 0B       		.uleb128 0xb
  93 0007 03       		.uleb128 0x3
  94 0008 0E       		.uleb128 0xe
  95 0009 1B       		.uleb128 0x1b
  96 000a 0E       		.uleb128 0xe
  97 000b 10       		.uleb128 0x10
  98 000c 17       		.uleb128 0x17
  99 000d 00       		.byte	0
 100 000e 00       		.byte	0
 101 000f 02       		.uleb128 0x2
 102 0010 24       		.uleb128 0x24
 103 0011 00       		.byte	0
 104 0012 0B       		.uleb128 0xb
 105 0013 0B       		.uleb128 0xb
 106 0014 3E       		.uleb128 0x3e
 107 0015 0B       		.uleb128 0xb
 108 0016 03       		.uleb128 0x3
 109 0017 0E       		.uleb128 0xe
 110 0018 00       		.byte	0
 111 0019 00       		.byte	0
 112 001a 03       		.uleb128 0x3
 113 001b 24       		.uleb128 0x24
 114 001c 00       		.byte	0
ARM GAS  /tmp/ccejhT1E.s 			page 3


 115 001d 0B       		.uleb128 0xb
 116 001e 0B       		.uleb128 0xb
 117 001f 3E       		.uleb128 0x3e
 118 0020 0B       		.uleb128 0xb
 119 0021 03       		.uleb128 0x3
 120 0022 08       		.uleb128 0x8
 121 0023 00       		.byte	0
 122 0024 00       		.byte	0
 123 0025 00       		.byte	0
 124              		.section	.debug_aranges,"",%progbits
 125 0000 14000000 		.4byte	0x14
 126 0004 0200     		.2byte	0x2
 127 0006 00000000 		.4byte	.Ldebug_info0
 128 000a 04       		.byte	0x4
 129 000b 00       		.byte	0
 130 000c 0000     		.2byte	0
 131 000e 0000     		.2byte	0
 132 0010 00000000 		.4byte	0
 133 0014 00000000 		.4byte	0
 134              		.section	.debug_line,"",%progbits
 135              	.Ldebug_line0:
 136 0000 19000000 		.section	.debug_str,"MS",%progbits,1
 136      02001300 
 136      00000201 
 136      FB0E0D00 
 136      01010101 
 137              	.LASF2:
 138 0000 6C6F6E67 		.ascii	"long long int\000"
 138      206C6F6E 
 138      6720696E 
 138      7400
 139              	.LASF5:
 140 000e 756E7369 		.ascii	"unsigned int\000"
 140      676E6564 
 140      20696E74 
 140      00
 141              	.LASF8:
 142 001b 6C6F6E67 		.ascii	"long unsigned int\000"
 142      20756E73 
 142      69676E65 
 142      6420696E 
 142      7400
 143              	.LASF6:
 144 002d 6C6F6E67 		.ascii	"long long unsigned int\000"
 144      206C6F6E 
 144      6720756E 
 144      7369676E 
 144      65642069 
 145              	.LASF12:
 146 0044 474E5520 		.ascii	"GNU C 4.9.2 -mcpu=cortex-m4 -mfloat-abi=soft -mfp16"
 146      4320342E 
 146      392E3220 
 146      2D6D6370 
 146      753D636F 
 147 0077 2D666F72 		.ascii	"-format=none -mno-thumb-interwork -mthumb -mfpu=vfp"
 147      6D61743D 
 147      6E6F6E65 
ARM GAS  /tmp/ccejhT1E.s 			page 4


 147      202D6D6E 
 147      6F2D7468 
 148 00aa 76332D64 		.ascii	"v3-d16 -mtls-dialect=gnu -ggdb -O2 -fomit-frame-poi"
 148      3136202D 
 148      6D746C73 
 148      2D646961 
 148      6C656374 
 149 00dd 6E746572 		.ascii	"nter -falign-functions=16 -ffunction-sections -fdat"
 149      202D6661 
 149      6C69676E 
 149      2D66756E 
 149      6374696F 
 150 0110 612D7365 		.ascii	"a-sections -fno-common\000"
 150      6374696F 
 150      6E73202D 
 150      666E6F2D 
 150      636F6D6D 
 151              	.LASF3:
 152 0127 756E7369 		.ascii	"unsigned char\000"
 152      676E6564 
 152      20636861 
 152      7200
 153              	.LASF13:
 154 0135 2E2E2F65 		.ascii	"../ext/C90TFS/source/FlashEraseBlock.c\000"
 154      78742F43 
 154      39305446 
 154      532F736F 
 154      75726365 
 155              	.LASF11:
 156 015c 63686172 		.ascii	"char\000"
 156      00
 157              	.LASF9:
 158 0161 6C6F6E67 		.ascii	"long int\000"
 158      20696E74 
 158      00
 159              	.LASF7:
 160 016a 5F426F6F 		.ascii	"_Bool\000"
 160      6C00
 161              	.LASF4:
 162 0170 73686F72 		.ascii	"short unsigned int\000"
 162      7420756E 
 162      7369676E 
 162      65642069 
 162      6E7400
 163              	.LASF0:
 164 0183 7369676E 		.ascii	"signed char\000"
 164      65642063 
 164      68617200 
 165              	.LASF14:
 166 018f 2F686F6D 		.ascii	"/home/bunnie/code/chibios-netvcr/netvcr\000"
 166      652F6275 
 166      6E6E6965 
 166      2F636F64 
 166      652F6368 
 167              	.LASF1:
 168 01b7 73686F72 		.ascii	"short int\000"
 168      7420696E 
ARM GAS  /tmp/ccejhT1E.s 			page 5


 168      7400
 169              	.LASF10:
 170 01c1 73697A65 		.ascii	"sizetype\000"
 170      74797065 
 170      00
 171              		.ident	"GCC: (Debian 4.9.2-10) 4.9.2"
 172              		.section	.note.GNU-stack,"",%progbits
ARM GAS  /tmp/ccejhT1E.s 			page 6


DEFINED SYMBOLS
                            *ABS*:00000000 FlashEraseBlock.c

NO UNDEFINED SYMBOLS
