ARM GAS  /tmp/cciH1zyz.s 			page 1


   1              		.syntax unified
   2              		.cpu cortex-m4
   3              		.fpu softvfp
   4              		.eabi_attribute 20, 1
   5              		.eabi_attribute 21, 1
   6              		.eabi_attribute 23, 3
   7              		.eabi_attribute 24, 1
   8              		.eabi_attribute 25, 1
   9              		.eabi_attribute 26, 2
  10              		.eabi_attribute 30, 2
  11              		.eabi_attribute 34, 1
  12              		.eabi_attribute 18, 4
  13              		.thumb
  14              		.file	"FlashEraseAllBlock.c"
  15              		.text
  16              	.Ltext0:
  17              		.cfi_sections	.debug_frame
  18              		.section	.text.FlashEraseAllBlock,"ax",%progbits
  19              		.align	2
  20              		.p2align 4,,-1
  21              		.global	FlashEraseAllBlock
  22              		.thumb
  23              		.thumb_func
  24              		.type	FlashEraseAllBlock, %function
  25              	FlashEraseAllBlock:
  26              	.LFB10:
  27              		.file 1 "../ext/C90TFS/source/FlashEraseAllBlock.c"
  28              		.loc 1 67 0
  29              		.cfi_startproc
  30              		@ args = 0, pretend = 0, frame = 0
  31              		@ frame_needed = 0, uses_anonymous_args = 0
  32              		@ link register save eliminated.
  33              	.LVL0:
  34              		.loc 1 73 0
  35 0000 0268     		ldr	r2, [r0]
  36              		.loc 1 67 0
  37 0002 10B4     		push	{r4}
  38              		.cfi_def_cfa_offset 4
  39              		.cfi_offset 4, -4
  40              		.loc 1 73 0
  41 0004 3124     		movs	r4, #49
  42 0006 1470     		strb	r4, [r2]
  43              	.LVL1:
  44              		.loc 1 76 0
  45 0008 0368     		ldr	r3, [r0]
  46              		.loc 1 77 0
  47 000a 4422     		movs	r2, #68
  48 000c DA71     		strb	r2, [r3, #7]
  49              	.LVL2:
  50              		.loc 1 92 0
  51 000e 5DF8044B 		ldr	r4, [sp], #4
  52              		.cfi_restore 4
  53              		.cfi_def_cfa_offset 0
  54              		.loc 1 81 0
  55 0012 0847     		bx	r1
  56              	.LVL3:
  57              		.cfi_endproc
ARM GAS  /tmp/cciH1zyz.s 			page 2


  58              	.LFE10:
  59              		.size	FlashEraseAllBlock, .-FlashEraseAllBlock
  60 0014 AFF30080 		.text
  60      AFF30080 
  60      AFF30080 
  61              	.Letext0:
  62              		.file 2 "/usr/include/stdint.h"
  63              		.file 3 "../ext/C90TFS/include/SSD_Types.h"
  64              		.section	.debug_info,"",%progbits
  65              	.Ldebug_info0:
  66 0000 B3010000 		.4byte	0x1b3
  67 0004 0400     		.2byte	0x4
  68 0006 00000000 		.4byte	.Ldebug_abbrev0
  69 000a 04       		.byte	0x4
  70 000b 01       		.uleb128 0x1
  71 000c 99000000 		.4byte	.LASF28
  72 0010 01       		.byte	0x1
  73 0011 4F020000 		.4byte	.LASF29
  74 0015 5C000000 		.4byte	.LASF30
  75 0019 00000000 		.4byte	.Ldebug_ranges0+0
  76 001d 00000000 		.4byte	0
  77 0021 00000000 		.4byte	.Ldebug_line0
  78 0025 02       		.uleb128 0x2
  79 0026 01       		.byte	0x1
  80 0027 06       		.byte	0x6
  81 0028 97020000 		.4byte	.LASF0
  82 002c 02       		.uleb128 0x2
  83 002d 02       		.byte	0x2
  84 002e 05       		.byte	0x5
  85 002f C5010000 		.4byte	.LASF1
  86 0033 03       		.uleb128 0x3
  87 0034 04       		.byte	0x4
  88 0035 05       		.byte	0x5
  89 0036 696E7400 		.ascii	"int\000"
  90 003a 02       		.uleb128 0x2
  91 003b 08       		.byte	0x8
  92 003c 05       		.byte	0x5
  93 003d 3C020000 		.4byte	.LASF2
  94 0041 02       		.uleb128 0x2
  95 0042 01       		.byte	0x1
  96 0043 08       		.byte	0x8
  97 0044 7C010000 		.4byte	.LASF3
  98 0048 02       		.uleb128 0x2
  99 0049 02       		.byte	0x2
 100 004a 07       		.byte	0x7
 101 004b B2010000 		.4byte	.LASF4
 102 004f 04       		.uleb128 0x4
 103 0050 85020000 		.4byte	.LASF7
 104 0054 02       		.byte	0x2
 105 0055 33       		.byte	0x33
 106 0056 5A000000 		.4byte	0x5a
 107 005a 02       		.uleb128 0x2
 108 005b 04       		.byte	0x4
 109 005c 07       		.byte	0x7
 110 005d E2010000 		.4byte	.LASF5
 111 0061 02       		.uleb128 0x2
 112 0062 08       		.byte	0x8
ARM GAS  /tmp/cciH1zyz.s 			page 3


 113 0063 07       		.byte	0x7
 114 0064 FF010000 		.4byte	.LASF6
 115 0068 04       		.uleb128 0x4
 116 0069 16020000 		.4byte	.LASF8
 117 006d 03       		.byte	0x3
 118 006e 3F       		.byte	0x3f
 119 006f 73000000 		.4byte	0x73
 120 0073 05       		.uleb128 0x5
 121 0074 41000000 		.4byte	0x41
 122 0078 04       		.uleb128 0x4
 123 0079 00000000 		.4byte	.LASF9
 124 007d 03       		.byte	0x3
 125 007e 59       		.byte	0x59
 126 007f 83000000 		.4byte	0x83
 127 0083 06       		.uleb128 0x6
 128 0084 04       		.byte	0x4
 129 0085 89000000 		.4byte	0x89
 130 0089 07       		.uleb128 0x7
 131 008a 02       		.uleb128 0x2
 132 008b 01       		.byte	0x1
 133 008c 02       		.byte	0x2
 134 008d A3020000 		.4byte	.LASF10
 135 0091 08       		.uleb128 0x8
 136 0092 79020000 		.4byte	.LASF31
 137 0096 24       		.byte	0x24
 138 0097 03       		.byte	0x3
 139 0098 6A       		.byte	0x6a
 140 0099 0A010000 		.4byte	0x10a
 141 009d 09       		.uleb128 0x9
 142 009e A9020000 		.4byte	.LASF11
 143 00a2 03       		.byte	0x3
 144 00a3 6C       		.byte	0x6c
 145 00a4 4F000000 		.4byte	0x4f
 146 00a8 00       		.byte	0
 147 00a9 09       		.uleb128 0x9
 148 00aa 31020000 		.4byte	.LASF12
 149 00ae 03       		.byte	0x3
 150 00af 6D       		.byte	0x6d
 151 00b0 4F000000 		.4byte	0x4f
 152 00b4 04       		.byte	0x4
 153 00b5 09       		.uleb128 0x9
 154 00b6 F4010000 		.4byte	.LASF13
 155 00ba 03       		.byte	0x3
 156 00bb 6E       		.byte	0x6e
 157 00bc 4F000000 		.4byte	0x4f
 158 00c0 08       		.byte	0x8
 159 00c1 09       		.uleb128 0x9
 160 00c2 3B000000 		.4byte	.LASF14
 161 00c6 03       		.byte	0x3
 162 00c7 6F       		.byte	0x6f
 163 00c8 4F000000 		.4byte	0x4f
 164 00cc 0C       		.byte	0xc
 165 00cd 09       		.uleb128 0x9
 166 00ce 8E000000 		.4byte	.LASF15
 167 00d2 03       		.byte	0x3
 168 00d3 70       		.byte	0x70
 169 00d4 4F000000 		.4byte	0x4f
ARM GAS  /tmp/cciH1zyz.s 			page 4


 170 00d8 10       		.byte	0x10
 171 00d9 09       		.uleb128 0x9
 172 00da 84000000 		.4byte	.LASF16
 173 00de 03       		.byte	0x3
 174 00df 73       		.byte	0x73
 175 00e0 4F000000 		.4byte	0x4f
 176 00e4 14       		.byte	0x14
 177 00e5 09       		.uleb128 0x9
 178 00e6 27000000 		.4byte	.LASF17
 179 00ea 03       		.byte	0x3
 180 00eb 75       		.byte	0x75
 181 00ec 4F000000 		.4byte	0x4f
 182 00f0 18       		.byte	0x18
 183 00f1 09       		.uleb128 0x9
 184 00f2 2F000000 		.4byte	.LASF18
 185 00f6 03       		.byte	0x3
 186 00f7 78       		.byte	0x78
 187 00f8 8A000000 		.4byte	0x8a
 188 00fc 1C       		.byte	0x1c
 189 00fd 09       		.uleb128 0x9
 190 00fe 1F020000 		.4byte	.LASF19
 191 0102 03       		.byte	0x3
 192 0103 79       		.byte	0x79
 193 0104 78000000 		.4byte	0x78
 194 0108 20       		.byte	0x20
 195 0109 00       		.byte	0
 196 010a 04       		.uleb128 0x4
 197 010b 15000000 		.4byte	.LASF20
 198 010f 03       		.byte	0x3
 199 0110 7A       		.byte	0x7a
 200 0111 15010000 		.4byte	0x115
 201 0115 06       		.uleb128 0x6
 202 0116 04       		.byte	0x4
 203 0117 91000000 		.4byte	0x91
 204 011b 04       		.uleb128 0x4
 205 011c 9C010000 		.4byte	.LASF21
 206 0120 03       		.byte	0x3
 207 0121 7E       		.byte	0x7e
 208 0122 26010000 		.4byte	0x126
 209 0126 06       		.uleb128 0x6
 210 0127 04       		.byte	0x4
 211 0128 2C010000 		.4byte	0x12c
 212 012c 0A       		.uleb128 0xa
 213 012d 4F000000 		.4byte	0x4f
 214 0131 3B010000 		.4byte	0x13b
 215 0135 0B       		.uleb128 0xb
 216 0136 0A010000 		.4byte	0x10a
 217 013a 00       		.byte	0
 218 013b 02       		.uleb128 0x2
 219 013c 04       		.byte	0x4
 220 013d 07       		.byte	0x7
 221 013e 8A010000 		.4byte	.LASF22
 222 0142 02       		.uleb128 0x2
 223 0143 04       		.byte	0x4
 224 0144 05       		.byte	0x5
 225 0145 8E020000 		.4byte	.LASF23
 226 0149 02       		.uleb128 0x2
ARM GAS  /tmp/cciH1zyz.s 			page 5


 227 014a 04       		.byte	0x4
 228 014b 07       		.byte	0x7
 229 014c 28020000 		.4byte	.LASF24
 230 0150 02       		.uleb128 0x2
 231 0151 01       		.byte	0x1
 232 0152 08       		.byte	0x8
 233 0153 4A020000 		.4byte	.LASF25
 234 0157 0C       		.uleb128 0xc
 235 0158 CF010000 		.4byte	.LASF32
 236 015c 01       		.byte	0x1
 237 015d 41       		.byte	0x41
 238 015e 4F000000 		.4byte	0x4f
 239 0162 00000000 		.4byte	.LFB10
 240 0166 14000000 		.4byte	.LFE10-.LFB10
 241 016a 01       		.uleb128 0x1
 242 016b 9C       		.byte	0x9c
 243 016c 0D       		.uleb128 0xd
 244 016d 0A000000 		.4byte	.LASF26
 245 0171 01       		.byte	0x1
 246 0172 41       		.byte	0x41
 247 0173 0A010000 		.4byte	0x10a
 248 0177 00000000 		.4byte	.LLST0
 249 017b 0D       		.uleb128 0xd
 250 017c 46000000 		.4byte	.LASF27
 251 0180 01       		.byte	0x1
 252 0181 42       		.byte	0x42
 253 0182 1B010000 		.4byte	0x11b
 254 0186 21000000 		.4byte	.LLST1
 255 018a 0E       		.uleb128 0xe
 256 018b 72657400 		.ascii	"ret\000"
 257 018f 01       		.byte	0x1
 258 0190 44       		.byte	0x44
 259 0191 4F000000 		.4byte	0x4f
 260 0195 0F       		.uleb128 0xf
 261 0196 EF010000 		.4byte	.LASF33
 262 019a 01       		.byte	0x1
 263 019b 45       		.byte	0x45
 264 019c 4F000000 		.4byte	0x4f
 265 01a0 42000000 		.4byte	.LLST2
 266 01a4 10       		.uleb128 0x10
 267 01a5 14000000 		.4byte	.LVL3
 268 01a9 03       		.uleb128 0x3
 269 01aa F3       		.byte	0xf3
 270 01ab 01       		.uleb128 0x1
 271 01ac 51       		.byte	0x51
 272 01ad 11       		.uleb128 0x11
 273 01ae 01       		.uleb128 0x1
 274 01af 50       		.byte	0x50
 275 01b0 03       		.uleb128 0x3
 276 01b1 F3       		.byte	0xf3
 277 01b2 01       		.uleb128 0x1
 278 01b3 50       		.byte	0x50
 279 01b4 00       		.byte	0
 280 01b5 00       		.byte	0
 281 01b6 00       		.byte	0
 282              		.section	.debug_abbrev,"",%progbits
 283              	.Ldebug_abbrev0:
ARM GAS  /tmp/cciH1zyz.s 			page 6


 284 0000 01       		.uleb128 0x1
 285 0001 11       		.uleb128 0x11
 286 0002 01       		.byte	0x1
 287 0003 25       		.uleb128 0x25
 288 0004 0E       		.uleb128 0xe
 289 0005 13       		.uleb128 0x13
 290 0006 0B       		.uleb128 0xb
 291 0007 03       		.uleb128 0x3
 292 0008 0E       		.uleb128 0xe
 293 0009 1B       		.uleb128 0x1b
 294 000a 0E       		.uleb128 0xe
 295 000b 55       		.uleb128 0x55
 296 000c 17       		.uleb128 0x17
 297 000d 11       		.uleb128 0x11
 298 000e 01       		.uleb128 0x1
 299 000f 10       		.uleb128 0x10
 300 0010 17       		.uleb128 0x17
 301 0011 00       		.byte	0
 302 0012 00       		.byte	0
 303 0013 02       		.uleb128 0x2
 304 0014 24       		.uleb128 0x24
 305 0015 00       		.byte	0
 306 0016 0B       		.uleb128 0xb
 307 0017 0B       		.uleb128 0xb
 308 0018 3E       		.uleb128 0x3e
 309 0019 0B       		.uleb128 0xb
 310 001a 03       		.uleb128 0x3
 311 001b 0E       		.uleb128 0xe
 312 001c 00       		.byte	0
 313 001d 00       		.byte	0
 314 001e 03       		.uleb128 0x3
 315 001f 24       		.uleb128 0x24
 316 0020 00       		.byte	0
 317 0021 0B       		.uleb128 0xb
 318 0022 0B       		.uleb128 0xb
 319 0023 3E       		.uleb128 0x3e
 320 0024 0B       		.uleb128 0xb
 321 0025 03       		.uleb128 0x3
 322 0026 08       		.uleb128 0x8
 323 0027 00       		.byte	0
 324 0028 00       		.byte	0
 325 0029 04       		.uleb128 0x4
 326 002a 16       		.uleb128 0x16
 327 002b 00       		.byte	0
 328 002c 03       		.uleb128 0x3
 329 002d 0E       		.uleb128 0xe
 330 002e 3A       		.uleb128 0x3a
 331 002f 0B       		.uleb128 0xb
 332 0030 3B       		.uleb128 0x3b
 333 0031 0B       		.uleb128 0xb
 334 0032 49       		.uleb128 0x49
 335 0033 13       		.uleb128 0x13
 336 0034 00       		.byte	0
 337 0035 00       		.byte	0
 338 0036 05       		.uleb128 0x5
 339 0037 35       		.uleb128 0x35
 340 0038 00       		.byte	0
ARM GAS  /tmp/cciH1zyz.s 			page 7


 341 0039 49       		.uleb128 0x49
 342 003a 13       		.uleb128 0x13
 343 003b 00       		.byte	0
 344 003c 00       		.byte	0
 345 003d 06       		.uleb128 0x6
 346 003e 0F       		.uleb128 0xf
 347 003f 00       		.byte	0
 348 0040 0B       		.uleb128 0xb
 349 0041 0B       		.uleb128 0xb
 350 0042 49       		.uleb128 0x49
 351 0043 13       		.uleb128 0x13
 352 0044 00       		.byte	0
 353 0045 00       		.byte	0
 354 0046 07       		.uleb128 0x7
 355 0047 15       		.uleb128 0x15
 356 0048 00       		.byte	0
 357 0049 27       		.uleb128 0x27
 358 004a 19       		.uleb128 0x19
 359 004b 00       		.byte	0
 360 004c 00       		.byte	0
 361 004d 08       		.uleb128 0x8
 362 004e 13       		.uleb128 0x13
 363 004f 01       		.byte	0x1
 364 0050 03       		.uleb128 0x3
 365 0051 0E       		.uleb128 0xe
 366 0052 0B       		.uleb128 0xb
 367 0053 0B       		.uleb128 0xb
 368 0054 3A       		.uleb128 0x3a
 369 0055 0B       		.uleb128 0xb
 370 0056 3B       		.uleb128 0x3b
 371 0057 0B       		.uleb128 0xb
 372 0058 01       		.uleb128 0x1
 373 0059 13       		.uleb128 0x13
 374 005a 00       		.byte	0
 375 005b 00       		.byte	0
 376 005c 09       		.uleb128 0x9
 377 005d 0D       		.uleb128 0xd
 378 005e 00       		.byte	0
 379 005f 03       		.uleb128 0x3
 380 0060 0E       		.uleb128 0xe
 381 0061 3A       		.uleb128 0x3a
 382 0062 0B       		.uleb128 0xb
 383 0063 3B       		.uleb128 0x3b
 384 0064 0B       		.uleb128 0xb
 385 0065 49       		.uleb128 0x49
 386 0066 13       		.uleb128 0x13
 387 0067 38       		.uleb128 0x38
 388 0068 0B       		.uleb128 0xb
 389 0069 00       		.byte	0
 390 006a 00       		.byte	0
 391 006b 0A       		.uleb128 0xa
 392 006c 15       		.uleb128 0x15
 393 006d 01       		.byte	0x1
 394 006e 27       		.uleb128 0x27
 395 006f 19       		.uleb128 0x19
 396 0070 49       		.uleb128 0x49
 397 0071 13       		.uleb128 0x13
ARM GAS  /tmp/cciH1zyz.s 			page 8


 398 0072 01       		.uleb128 0x1
 399 0073 13       		.uleb128 0x13
 400 0074 00       		.byte	0
 401 0075 00       		.byte	0
 402 0076 0B       		.uleb128 0xb
 403 0077 05       		.uleb128 0x5
 404 0078 00       		.byte	0
 405 0079 49       		.uleb128 0x49
 406 007a 13       		.uleb128 0x13
 407 007b 00       		.byte	0
 408 007c 00       		.byte	0
 409 007d 0C       		.uleb128 0xc
 410 007e 2E       		.uleb128 0x2e
 411 007f 01       		.byte	0x1
 412 0080 3F       		.uleb128 0x3f
 413 0081 19       		.uleb128 0x19
 414 0082 03       		.uleb128 0x3
 415 0083 0E       		.uleb128 0xe
 416 0084 3A       		.uleb128 0x3a
 417 0085 0B       		.uleb128 0xb
 418 0086 3B       		.uleb128 0x3b
 419 0087 0B       		.uleb128 0xb
 420 0088 27       		.uleb128 0x27
 421 0089 19       		.uleb128 0x19
 422 008a 49       		.uleb128 0x49
 423 008b 13       		.uleb128 0x13
 424 008c 11       		.uleb128 0x11
 425 008d 01       		.uleb128 0x1
 426 008e 12       		.uleb128 0x12
 427 008f 06       		.uleb128 0x6
 428 0090 40       		.uleb128 0x40
 429 0091 18       		.uleb128 0x18
 430 0092 9742     		.uleb128 0x2117
 431 0094 19       		.uleb128 0x19
 432 0095 00       		.byte	0
 433 0096 00       		.byte	0
 434 0097 0D       		.uleb128 0xd
 435 0098 05       		.uleb128 0x5
 436 0099 00       		.byte	0
 437 009a 03       		.uleb128 0x3
 438 009b 0E       		.uleb128 0xe
 439 009c 3A       		.uleb128 0x3a
 440 009d 0B       		.uleb128 0xb
 441 009e 3B       		.uleb128 0x3b
 442 009f 0B       		.uleb128 0xb
 443 00a0 49       		.uleb128 0x49
 444 00a1 13       		.uleb128 0x13
 445 00a2 02       		.uleb128 0x2
 446 00a3 17       		.uleb128 0x17
 447 00a4 00       		.byte	0
 448 00a5 00       		.byte	0
 449 00a6 0E       		.uleb128 0xe
 450 00a7 34       		.uleb128 0x34
 451 00a8 00       		.byte	0
 452 00a9 03       		.uleb128 0x3
 453 00aa 08       		.uleb128 0x8
 454 00ab 3A       		.uleb128 0x3a
ARM GAS  /tmp/cciH1zyz.s 			page 9


 455 00ac 0B       		.uleb128 0xb
 456 00ad 3B       		.uleb128 0x3b
 457 00ae 0B       		.uleb128 0xb
 458 00af 49       		.uleb128 0x49
 459 00b0 13       		.uleb128 0x13
 460 00b1 00       		.byte	0
 461 00b2 00       		.byte	0
 462 00b3 0F       		.uleb128 0xf
 463 00b4 34       		.uleb128 0x34
 464 00b5 00       		.byte	0
 465 00b6 03       		.uleb128 0x3
 466 00b7 0E       		.uleb128 0xe
 467 00b8 3A       		.uleb128 0x3a
 468 00b9 0B       		.uleb128 0xb
 469 00ba 3B       		.uleb128 0x3b
 470 00bb 0B       		.uleb128 0xb
 471 00bc 49       		.uleb128 0x49
 472 00bd 13       		.uleb128 0x13
 473 00be 02       		.uleb128 0x2
 474 00bf 17       		.uleb128 0x17
 475 00c0 00       		.byte	0
 476 00c1 00       		.byte	0
 477 00c2 10       		.uleb128 0x10
 478 00c3 898201   		.uleb128 0x4109
 479 00c6 01       		.byte	0x1
 480 00c7 11       		.uleb128 0x11
 481 00c8 01       		.uleb128 0x1
 482 00c9 9542     		.uleb128 0x2115
 483 00cb 19       		.uleb128 0x19
 484 00cc 9342     		.uleb128 0x2113
 485 00ce 18       		.uleb128 0x18
 486 00cf 00       		.byte	0
 487 00d0 00       		.byte	0
 488 00d1 11       		.uleb128 0x11
 489 00d2 8A8201   		.uleb128 0x410a
 490 00d5 00       		.byte	0
 491 00d6 02       		.uleb128 0x2
 492 00d7 18       		.uleb128 0x18
 493 00d8 9142     		.uleb128 0x2111
 494 00da 18       		.uleb128 0x18
 495 00db 00       		.byte	0
 496 00dc 00       		.byte	0
 497 00dd 00       		.byte	0
 498              		.section	.debug_loc,"",%progbits
 499              	.Ldebug_loc0:
 500              	.LLST0:
 501 0000 00000000 		.4byte	.LVL0
 502 0004 13000000 		.4byte	.LVL3-1
 503 0008 0100     		.2byte	0x1
 504 000a 50       		.byte	0x50
 505 000b 13000000 		.4byte	.LVL3-1
 506 000f 14000000 		.4byte	.LFE10
 507 0013 0400     		.2byte	0x4
 508 0015 F3       		.byte	0xf3
 509 0016 01       		.uleb128 0x1
 510 0017 50       		.byte	0x50
 511 0018 9F       		.byte	0x9f
ARM GAS  /tmp/cciH1zyz.s 			page 10


 512 0019 00000000 		.4byte	0
 513 001d 00000000 		.4byte	0
 514              	.LLST1:
 515 0021 00000000 		.4byte	.LVL0
 516 0025 13000000 		.4byte	.LVL3-1
 517 0029 0100     		.2byte	0x1
 518 002b 51       		.byte	0x51
 519 002c 13000000 		.4byte	.LVL3-1
 520 0030 14000000 		.4byte	.LFE10
 521 0034 0400     		.2byte	0x4
 522 0036 F3       		.byte	0xf3
 523 0037 01       		.uleb128 0x1
 524 0038 51       		.byte	0x51
 525 0039 9F       		.byte	0x9f
 526 003a 00000000 		.4byte	0
 527 003e 00000000 		.4byte	0
 528              	.LLST2:
 529 0042 00000000 		.4byte	.LVL0
 530 0046 08000000 		.4byte	.LVL1
 531 004a 0200     		.2byte	0x2
 532 004c 70       		.byte	0x70
 533 004d 00       		.sleb128 0
 534 004e 08000000 		.4byte	.LVL1
 535 0052 0E000000 		.4byte	.LVL2
 536 0056 0600     		.2byte	0x6
 537 0058 70       		.byte	0x70
 538 0059 00       		.sleb128 0
 539 005a 06       		.byte	0x6
 540 005b 23       		.byte	0x23
 541 005c 07       		.uleb128 0x7
 542 005d 9F       		.byte	0x9f
 543 005e 0E000000 		.4byte	.LVL2
 544 0062 13000000 		.4byte	.LVL3-1
 545 0066 0300     		.2byte	0x3
 546 0068 73       		.byte	0x73
 547 0069 07       		.sleb128 7
 548 006a 9F       		.byte	0x9f
 549 006b 00000000 		.4byte	0
 550 006f 00000000 		.4byte	0
 551              		.section	.debug_aranges,"",%progbits
 552 0000 1C000000 		.4byte	0x1c
 553 0004 0200     		.2byte	0x2
 554 0006 00000000 		.4byte	.Ldebug_info0
 555 000a 04       		.byte	0x4
 556 000b 00       		.byte	0
 557 000c 0000     		.2byte	0
 558 000e 0000     		.2byte	0
 559 0010 00000000 		.4byte	.LFB10
 560 0014 14000000 		.4byte	.LFE10-.LFB10
 561 0018 00000000 		.4byte	0
 562 001c 00000000 		.4byte	0
 563              		.section	.debug_ranges,"",%progbits
 564              	.Ldebug_ranges0:
 565 0000 00000000 		.4byte	.LFB10
 566 0004 14000000 		.4byte	.LFE10
 567 0008 00000000 		.4byte	0
 568 000c 00000000 		.4byte	0
ARM GAS  /tmp/cciH1zyz.s 			page 11


 569              		.section	.debug_line,"",%progbits
 570              	.Ldebug_line0:
 571 0000 A1000000 		.section	.debug_str,"MS",%progbits,1
 571      02007E00 
 571      00000201 
 571      FB0E0D00 
 571      01010101 
 572              	.LASF9:
 573 0000 5043414C 		.ascii	"PCALLBACK\000"
 573      4C424143 
 573      4B00
 574              	.LASF26:
 575 000a 70535344 		.ascii	"pSSDConfig\000"
 575      436F6E66 
 575      696700
 576              	.LASF20:
 577 0015 50464C41 		.ascii	"PFLASH_SSD_CONFIG\000"
 577      53485F53 
 577      53445F43 
 577      4F4E4649 
 577      4700
 578              	.LASF17:
 579 0027 45454553 		.ascii	"EEESize\000"
 579      697A6500 
 580              	.LASF18:
 581 002f 44656275 		.ascii	"DebugEnable\000"
 581      67456E61 
 581      626C6500 
 582              	.LASF14:
 583 003b 44466C61 		.ascii	"DFlashBase\000"
 583      73684261 
 583      736500
 584              	.LASF27:
 585 0046 70466C61 		.ascii	"pFlashCommandSequence\000"
 585      7368436F 
 585      6D6D616E 
 585      64536571 
 585      75656E63 
 586              	.LASF30:
 587 005c 2F686F6D 		.ascii	"/home/bunnie/code/chibios-netvcr/netvcr\000"
 587      652F6275 
 587      6E6E6965 
 587      2F636F64 
 587      652F6368 
 588              	.LASF16:
 589 0084 45455241 		.ascii	"EERAMBase\000"
 589      4D426173 
 589      6500
 590              	.LASF15:
 591 008e 44466C61 		.ascii	"DFlashSize\000"
 591      73685369 
 591      7A6500
 592              	.LASF28:
 593 0099 474E5520 		.ascii	"GNU C 4.9.2 -mcpu=cortex-m4 -mfloat-abi=soft -mfp16"
 593      4320342E 
 593      392E3220 
 593      2D6D6370 
ARM GAS  /tmp/cciH1zyz.s 			page 12


 593      753D636F 
 594 00cc 2D666F72 		.ascii	"-format=none -mno-thumb-interwork -mthumb -mfpu=vfp"
 594      6D61743D 
 594      6E6F6E65 
 594      202D6D6E 
 594      6F2D7468 
 595 00ff 76332D64 		.ascii	"v3-d16 -mtls-dialect=gnu -ggdb -O2 -fomit-frame-poi"
 595      3136202D 
 595      6D746C73 
 595      2D646961 
 595      6C656374 
 596 0132 6E746572 		.ascii	"nter -falign-functions=16 -ffunction-sections -fdat"
 596      202D6661 
 596      6C69676E 
 596      2D66756E 
 596      6374696F 
 597 0165 612D7365 		.ascii	"a-sections -fno-common\000"
 597      6374696F 
 597      6E73202D 
 597      666E6F2D 
 597      636F6D6D 
 598              	.LASF3:
 599 017c 756E7369 		.ascii	"unsigned char\000"
 599      676E6564 
 599      20636861 
 599      7200
 600              	.LASF22:
 601 018a 6C6F6E67 		.ascii	"long unsigned int\000"
 601      20756E73 
 601      69676E65 
 601      6420696E 
 601      7400
 602              	.LASF21:
 603 019c 70464C41 		.ascii	"pFLASHCOMMANDSEQUENCE\000"
 603      5348434F 
 603      4D4D414E 
 603      44534551 
 603      55454E43 
 604              	.LASF4:
 605 01b2 73686F72 		.ascii	"short unsigned int\000"
 605      7420756E 
 605      7369676E 
 605      65642069 
 605      6E7400
 606              	.LASF1:
 607 01c5 73686F72 		.ascii	"short int\000"
 607      7420696E 
 607      7400
 608              	.LASF32:
 609 01cf 466C6173 		.ascii	"FlashEraseAllBlock\000"
 609      68457261 
 609      7365416C 
 609      6C426C6F 
 609      636B00
 610              	.LASF5:
 611 01e2 756E7369 		.ascii	"unsigned int\000"
 611      676E6564 
ARM GAS  /tmp/cciH1zyz.s 			page 13


 611      20696E74 
 611      00
 612              	.LASF33:
 613 01ef 74656D70 		.ascii	"temp\000"
 613      00
 614              	.LASF13:
 615 01f4 50466C61 		.ascii	"PFlashSize\000"
 615      73685369 
 615      7A6500
 616              	.LASF6:
 617 01ff 6C6F6E67 		.ascii	"long long unsigned int\000"
 617      206C6F6E 
 617      6720756E 
 617      7369676E 
 617      65642069 
 618              	.LASF8:
 619 0216 7675696E 		.ascii	"vuint8_t\000"
 619      74385F74 
 619      00
 620              	.LASF19:
 621 021f 43616C6C 		.ascii	"CallBack\000"
 621      4261636B 
 621      00
 622              	.LASF24:
 623 0228 73697A65 		.ascii	"sizetype\000"
 623      74797065 
 623      00
 624              	.LASF12:
 625 0231 50466C61 		.ascii	"PFlashBase\000"
 625      73684261 
 625      736500
 626              	.LASF2:
 627 023c 6C6F6E67 		.ascii	"long long int\000"
 627      206C6F6E 
 627      6720696E 
 627      7400
 628              	.LASF25:
 629 024a 63686172 		.ascii	"char\000"
 629      00
 630              	.LASF29:
 631 024f 2E2E2F65 		.ascii	"../ext/C90TFS/source/FlashEraseAllBlock.c\000"
 631      78742F43 
 631      39305446 
 631      532F736F 
 631      75726365 
 632              	.LASF31:
 633 0279 5F737364 		.ascii	"_ssd_config\000"
 633      5F636F6E 
 633      66696700 
 634              	.LASF7:
 635 0285 75696E74 		.ascii	"uint32_t\000"
 635      33325F74 
 635      00
 636              	.LASF23:
 637 028e 6C6F6E67 		.ascii	"long int\000"
 637      20696E74 
 637      00
ARM GAS  /tmp/cciH1zyz.s 			page 14


 638              	.LASF0:
 639 0297 7369676E 		.ascii	"signed char\000"
 639      65642063 
 639      68617200 
 640              	.LASF10:
 641 02a3 5F426F6F 		.ascii	"_Bool\000"
 641      6C00
 642              	.LASF11:
 643 02a9 66746678 		.ascii	"ftfxRegBase\000"
 643      52656742 
 643      61736500 
 644              		.ident	"GCC: (Debian 4.9.2-10) 4.9.2"
 645              		.section	.note.GNU-stack,"",%progbits
ARM GAS  /tmp/cciH1zyz.s 			page 15


DEFINED SYMBOLS
                            *ABS*:00000000 FlashEraseAllBlock.c
     /tmp/cciH1zyz.s:19     .text.FlashEraseAllBlock:00000000 $t
     /tmp/cciH1zyz.s:25     .text.FlashEraseAllBlock:00000000 FlashEraseAllBlock
                     .debug_frame:00000010 $d

NO UNDEFINED SYMBOLS
