ARM GAS  /tmp/ccSqMI5v.s 			page 1


   1              		.syntax unified
   2              		.cpu cortex-m4
   3              		.fpu softvfp
   4              		.eabi_attribute 20, 1
   5              		.eabi_attribute 21, 1
   6              		.eabi_attribute 23, 3
   7              		.eabi_attribute 24, 1
   8              		.eabi_attribute 25, 1
   9              		.eabi_attribute 26, 2
  10              		.eabi_attribute 30, 2
  11              		.eabi_attribute 34, 1
  12              		.eabi_attribute 18, 4
  13              		.thumb
  14              		.file	"gitversion.c"
  15              		.text
  16              	.Ltext0:
  17              		.cfi_sections	.debug_frame
  18              		.global	gitversion
  19              		.section	.data.gitversion,"aw",%progbits
  20              		.align	2
  21              		.type	gitversion, %object
  22              		.size	gitversion, 4
  23              	gitversion:
  24 0000 00000000 		.word	.LC0
  25              		.section	.rodata.str1.4,"aMS",%progbits,1
  26              		.align	2
  27              	.LC0:
  28 0000 35653636 		.ascii	"5e66bcef280b62c102094328885b6181bb673ec7\000"
  28      62636566 
  28      32383062 
  28      36326331 
  28      30323039 
  29 0029 000000   		.text
  30              	.Letext0:
  31              		.file 1 "gitversion.c"
  32              		.section	.debug_info,"",%progbits
  33              	.Ldebug_info0:
  34 0000 3D000000 		.4byte	0x3d
  35 0004 0400     		.2byte	0x4
  36 0006 00000000 		.4byte	.Ldebug_abbrev0
  37 000a 04       		.byte	0x4
  38 000b 01       		.uleb128 0x1
  39 000c 0B000000 		.4byte	.LASF0
  40 0010 01       		.byte	0x1
  41 0011 16010000 		.4byte	.LASF1
  42 0015 EE000000 		.4byte	.LASF2
  43 0019 00000000 		.4byte	.Ldebug_line0
  44 001d 02       		.uleb128 0x2
  45 001e 00000000 		.4byte	.LASF3
  46 0022 01       		.byte	0x1
  47 0023 01       		.byte	0x1
  48 0024 2E000000 		.4byte	0x2e
  49 0028 05       		.uleb128 0x5
  50 0029 03       		.byte	0x3
  51 002a 00000000 		.4byte	gitversion
  52 002e 03       		.uleb128 0x3
  53 002f 04       		.byte	0x4
ARM GAS  /tmp/ccSqMI5v.s 			page 2


  54 0030 34000000 		.4byte	0x34
  55 0034 04       		.uleb128 0x4
  56 0035 39000000 		.4byte	0x39
  57 0039 05       		.uleb128 0x5
  58 003a 01       		.byte	0x1
  59 003b 08       		.byte	0x8
  60 003c 23010000 		.4byte	.LASF4
  61 0040 00       		.byte	0
  62              		.section	.debug_abbrev,"",%progbits
  63              	.Ldebug_abbrev0:
  64 0000 01       		.uleb128 0x1
  65 0001 11       		.uleb128 0x11
  66 0002 01       		.byte	0x1
  67 0003 25       		.uleb128 0x25
  68 0004 0E       		.uleb128 0xe
  69 0005 13       		.uleb128 0x13
  70 0006 0B       		.uleb128 0xb
  71 0007 03       		.uleb128 0x3
  72 0008 0E       		.uleb128 0xe
  73 0009 1B       		.uleb128 0x1b
  74 000a 0E       		.uleb128 0xe
  75 000b 10       		.uleb128 0x10
  76 000c 17       		.uleb128 0x17
  77 000d 00       		.byte	0
  78 000e 00       		.byte	0
  79 000f 02       		.uleb128 0x2
  80 0010 34       		.uleb128 0x34
  81 0011 00       		.byte	0
  82 0012 03       		.uleb128 0x3
  83 0013 0E       		.uleb128 0xe
  84 0014 3A       		.uleb128 0x3a
  85 0015 0B       		.uleb128 0xb
  86 0016 3B       		.uleb128 0x3b
  87 0017 0B       		.uleb128 0xb
  88 0018 49       		.uleb128 0x49
  89 0019 13       		.uleb128 0x13
  90 001a 3F       		.uleb128 0x3f
  91 001b 19       		.uleb128 0x19
  92 001c 02       		.uleb128 0x2
  93 001d 18       		.uleb128 0x18
  94 001e 00       		.byte	0
  95 001f 00       		.byte	0
  96 0020 03       		.uleb128 0x3
  97 0021 0F       		.uleb128 0xf
  98 0022 00       		.byte	0
  99 0023 0B       		.uleb128 0xb
 100 0024 0B       		.uleb128 0xb
 101 0025 49       		.uleb128 0x49
 102 0026 13       		.uleb128 0x13
 103 0027 00       		.byte	0
 104 0028 00       		.byte	0
 105 0029 04       		.uleb128 0x4
 106 002a 26       		.uleb128 0x26
 107 002b 00       		.byte	0
 108 002c 49       		.uleb128 0x49
 109 002d 13       		.uleb128 0x13
 110 002e 00       		.byte	0
ARM GAS  /tmp/ccSqMI5v.s 			page 3


 111 002f 00       		.byte	0
 112 0030 05       		.uleb128 0x5
 113 0031 24       		.uleb128 0x24
 114 0032 00       		.byte	0
 115 0033 0B       		.uleb128 0xb
 116 0034 0B       		.uleb128 0xb
 117 0035 3E       		.uleb128 0x3e
 118 0036 0B       		.uleb128 0xb
 119 0037 03       		.uleb128 0x3
 120 0038 0E       		.uleb128 0xe
 121 0039 00       		.byte	0
 122 003a 00       		.byte	0
 123 003b 00       		.byte	0
 124              		.section	.debug_aranges,"",%progbits
 125 0000 14000000 		.4byte	0x14
 126 0004 0200     		.2byte	0x2
 127 0006 00000000 		.4byte	.Ldebug_info0
 128 000a 04       		.byte	0x4
 129 000b 00       		.byte	0
 130 000c 0000     		.2byte	0
 131 000e 0000     		.2byte	0
 132 0010 00000000 		.4byte	0
 133 0014 00000000 		.4byte	0
 134              		.section	.debug_line,"",%progbits
 135              	.Ldebug_line0:
 136 0000 29000000 		.section	.debug_str,"MS",%progbits,1
 136      02002300 
 136      00000201 
 136      FB0E0D00 
 136      01010101 
 137              	.LASF3:
 138 0000 67697476 		.ascii	"gitversion\000"
 138      65727369 
 138      6F6E00
 139              	.LASF0:
 140 000b 474E5520 		.ascii	"GNU C 4.9.2 -mcpu=cortex-m4 -mfloat-abi=soft -mfp16"
 140      4320342E 
 140      392E3220 
 140      2D6D6370 
 140      753D636F 
 141 003e 2D666F72 		.ascii	"-format=none -mno-thumb-interwork -mthumb -mfpu=vfp"
 141      6D61743D 
 141      6E6F6E65 
 141      202D6D6E 
 141      6F2D7468 
 142 0071 76332D64 		.ascii	"v3-d16 -mtls-dialect=gnu -ggdb -O2 -fomit-frame-poi"
 142      3136202D 
 142      6D746C73 
 142      2D646961 
 142      6C656374 
 143 00a4 6E746572 		.ascii	"nter -falign-functions=16 -ffunction-sections -fdat"
 143      202D6661 
 143      6C69676E 
 143      2D66756E 
 143      6374696F 
 144 00d7 612D7365 		.ascii	"a-sections -fno-common\000"
 144      6374696F 
ARM GAS  /tmp/ccSqMI5v.s 			page 4


 144      6E73202D 
 144      666E6F2D 
 144      636F6D6D 
 145              	.LASF2:
 146 00ee 2F686F6D 		.ascii	"/home/bunnie/code/chibios-netvcr/netvcr\000"
 146      652F6275 
 146      6E6E6965 
 146      2F636F64 
 146      652F6368 
 147              	.LASF1:
 148 0116 67697476 		.ascii	"gitversion.c\000"
 148      65727369 
 148      6F6E2E63 
 148      00
 149              	.LASF4:
 150 0123 63686172 		.ascii	"char\000"
 150      00
 151              		.ident	"GCC: (Debian 4.9.2-10) 4.9.2"
 152              		.section	.note.GNU-stack,"",%progbits
ARM GAS  /tmp/ccSqMI5v.s 			page 5


DEFINED SYMBOLS
                            *ABS*:00000000 gitversion.c
     /tmp/ccSqMI5v.s:23     .data.gitversion:00000000 gitversion
     /tmp/ccSqMI5v.s:20     .data.gitversion:00000000 $d
     /tmp/ccSqMI5v.s:26     .rodata.str1.4:00000000 $d

NO UNDEFINED SYMBOLS
