ARM GAS  /tmp/cc34yzsi.s 			page 1


   1              		.syntax unified
   2              		.cpu cortex-m4
   3              		.fpu softvfp
   4              		.eabi_attribute 20, 1
   5              		.eabi_attribute 21, 1
   6              		.eabi_attribute 23, 3
   7              		.eabi_attribute 24, 1
   8              		.eabi_attribute 25, 1
   9              		.eabi_attribute 26, 2
  10              		.eabi_attribute 30, 2
  11              		.eabi_attribute 34, 1
  12              		.eabi_attribute 18, 4
  13              		.thumb
  14              		.file	"orchard-vectors.c"
  15              		.text
  16              	.Ltext0:
  17              		.cfi_sections	.debug_frame
  18              		.section	.text.HardFault_Handler,"ax",%progbits
  19              		.align	2
  20              		.p2align 4,,15
  21              		.global	HardFault_Handler
  22              		.thumb
  23              		.thumb_func
  24              		.type	HardFault_Handler, %function
  25              	HardFault_Handler:
  26              	.LFB267:
  27              		.file 1 "orchard-vectors.c"
  28              		.loc 1 19 0
  29              		.cfi_startproc
  30              		@ Volatile: function does not return.
  31              		@ args = 0, pretend = 0, frame = 0
  32              		@ frame_needed = 0, uses_anonymous_args = 0
  33              		@ link register save eliminated.
  34              		.loc 1 22 0
  35 0000 034B     		ldr	r3, .L4
  36              		.loc 1 23 0
  37              	#APP
  38              	@ 22 "orchard-vectors.c" 1
  39 0002 EFF30982 		mrs r2, psp
  40              	@ 0 "" 2
  41              		.thumb
  42 0006 9546     		mov	sp, r2
  43              		.loc 1 22 0
  44 0008 1A60     		str	r2, [r3]
  45              		.loc 1 26 0
  46              	#APP
  47              	@ 26 "orchard-vectors.c" 1
  48 000a 00BE     		bkpt #0
  49              	@ 0 "" 2
  50              		.thumb
  51              	.L2:
  52              		.loc 1 28 0 discriminator 1
  53 000c FEE7     		b	.L2
  54              	.L5:
  55 000e 00BF     		.align	2
  56              	.L4:
  57 0010 00000000 		.word	.LANCHOR0
ARM GAS  /tmp/cc34yzsi.s 			page 2


  58              		.cfi_endproc
  59              	.LFE267:
  60              		.size	HardFault_Handler, .-HardFault_Handler
  61 0014 AFF30080 		.section	.text.MemManage_Handler,"ax",%progbits
  61      AFF30080 
  61      AFF30080 
  62              		.align	2
  63              		.p2align 4,,15
  64              		.global	MemManage_Handler
  65              		.thumb
  66              		.thumb_func
  67              		.type	MemManage_Handler, %function
  68              	MemManage_Handler:
  69              	.LFB268:
  70              		.loc 1 39 0
  71              		.cfi_startproc
  72              		@ Volatile: function does not return.
  73              		@ args = 0, pretend = 0, frame = 0
  74              		@ frame_needed = 0, uses_anonymous_args = 0
  75              		@ link register save eliminated.
  76              	.L7:
  77              		.loc 1 43 0 discriminator 1
  78 0000 FEE7     		b	.L7
  79              		.cfi_endproc
  80              	.LFE268:
  81              		.size	MemManage_Handler, .-MemManage_Handler
  82 0002 00BFAFF3 		.section	.text.BusFault_Handler,"ax",%progbits
  82      0080AFF3 
  82      0080AFF3 
  82      0080
  83              		.align	2
  84              		.p2align 4,,15
  85              		.global	BusFault_Handler
  86              		.thumb
  87              		.thumb_func
  88              		.type	BusFault_Handler, %function
  89              	BusFault_Handler:
  90              	.LFB269:
  91              		.loc 1 54 0
  92              		.cfi_startproc
  93              		@ Volatile: function does not return.
  94              		@ args = 0, pretend = 0, frame = 0
  95              		@ frame_needed = 0, uses_anonymous_args = 0
  96              		@ link register save eliminated.
  97              	.L9:
  98              		.loc 1 58 0 discriminator 1
  99 0000 FEE7     		b	.L9
 100              		.cfi_endproc
 101              	.LFE269:
 102              		.size	BusFault_Handler, .-BusFault_Handler
 103 0002 00BFAFF3 		.section	.text.UsageFault_Handler,"ax",%progbits
 103      0080AFF3 
 103      0080AFF3 
 103      0080
 104              		.align	2
 105              		.p2align 4,,15
 106              		.global	UsageFault_Handler
ARM GAS  /tmp/cc34yzsi.s 			page 3


 107              		.thumb
 108              		.thumb_func
 109              		.type	UsageFault_Handler, %function
 110              	UsageFault_Handler:
 111              	.LFB270:
 112              		.loc 1 69 0
 113              		.cfi_startproc
 114              		@ Volatile: function does not return.
 115              		@ args = 0, pretend = 0, frame = 0
 116              		@ frame_needed = 0, uses_anonymous_args = 0
 117              		@ link register save eliminated.
 118              	.L11:
 119              		.loc 1 73 0 discriminator 1
 120 0000 FEE7     		b	.L11
 121              		.cfi_endproc
 122              	.LFE270:
 123              		.size	UsageFault_Handler, .-UsageFault_Handler
 124 0002 00BFAFF3 		.section	.text.__stack_chk_fail,"ax",%progbits
 124      0080AFF3 
 124      0080AFF3 
 124      0080
 125              		.align	2
 126              		.p2align 4,,15
 127              		.global	__stack_chk_fail
 128              		.thumb
 129              		.thumb_func
 130              		.type	__stack_chk_fail, %function
 131              	__stack_chk_fail:
 132              	.LFB271:
 133              		.loc 1 78 0
 134              		.cfi_startproc
 135              		@ Volatile: function does not return.
 136              		@ args = 0, pretend = 0, frame = 0
 137              		@ frame_needed = 0, uses_anonymous_args = 0
 138 0000 08B5     		push	{r3, lr}
 139              		.cfi_def_cfa_offset 8
 140              		.cfi_offset 3, -8
 141              		.cfi_offset 14, -4
 142              		.loc 1 79 0
 143 0002 0248     		ldr	r0, .L15
 144 0004 FFF7FEFF 		bl	chSysHalt
 145              	.LVL0:
 146              	.L13:
 147              		.loc 1 80 0 discriminator 1
 148 0008 FEE7     		b	.L13
 149              	.L16:
 150 000a 00BF     		.align	2
 151              	.L15:
 152 000c 00000000 		.word	.LC0
 153              		.cfi_endproc
 154              	.LFE271:
 155              		.size	__stack_chk_fail, .-__stack_chk_fail
 156              		.global	__stack_chk_guard
 157              		.global	HARDFAULT_PSP
 158              		.section	.bss.HARDFAULT_PSP,"aw",%nobits
 159              		.align	2
 160              	.LANCHOR0 = . + 0
ARM GAS  /tmp/cc34yzsi.s 			page 4


 161              		.type	HARDFAULT_PSP, %object
 162              		.size	HARDFAULT_PSP, 4
 163              	HARDFAULT_PSP:
 164 0000 00000000 		.space	4
 165              		.section	.rodata.str1.4,"aMS",%progbits,1
 166              		.align	2
 167              	.LC0:
 168 0000 53746163 		.ascii	"Stack check fail\000"
 168      6B206368 
 168      65636B20 
 168      6661696C 
 168      00
 169 0011 000000   		.section	.data.__stack_chk_guard,"aw",%progbits
 170              		.align	2
 171              		.type	__stack_chk_guard, %object
 172              		.size	__stack_chk_guard, 4
 173              	__stack_chk_guard:
 174 0000 78563412 		.word	305419896
 175              		.text
 176              	.Letext0:
 177              		.file 2 "/usr/lib/gcc/arm-linux-gnueabihf/4.9/include/stddef.h"
 178              		.file 3 "/usr/include/stdint.h"
 179              		.file 4 "../os/rt/ports/ARMCMx/compilers/GCC/chtypes.h"
 180              		.file 5 "../os/rt/include/chsystypes.h"
 181              		.file 6 "../os/rt/include/chschd.h"
 182              		.file 7 "../os/rt/ports/ARMCMx/chcore.h"
 183              		.file 8 "../os/rt/ports/ARMCMx/chcore_v7m.h"
 184              		.file 9 "../os/rt/include/chsem.h"
 185              		.file 10 "../os/rt/include/chmtx.h"
 186              		.file 11 "../os/ext/CMSIS/include/core_cm4.h"
 187              		.file 12 "../os/rt/include/chsys.h"
 188              		.section	.debug_info,"",%progbits
 189              	.Ldebug_info0:
 190 0000 A7060000 		.4byte	0x6a7
 191 0004 0400     		.2byte	0x4
 192 0006 00000000 		.4byte	.Ldebug_abbrev0
 193 000a 04       		.byte	0x4
 194 000b 01       		.uleb128 0x1
 195 000c 8D030000 		.4byte	.LASF105
 196 0010 01       		.byte	0x1
 197 0011 7B030000 		.4byte	.LASF106
 198 0015 19000000 		.4byte	.LASF107
 199 0019 00000000 		.4byte	.Ldebug_ranges0+0
 200 001d 00000000 		.4byte	0
 201 0021 00000000 		.4byte	.Ldebug_line0
 202 0025 02       		.uleb128 0x2
 203 0026 04       		.byte	0x4
 204 0027 05       		.byte	0x5
 205 0028 696E7400 		.ascii	"int\000"
 206 002c 03       		.uleb128 0x3
 207 002d 6F000000 		.4byte	.LASF3
 208 0031 02       		.byte	0x2
 209 0032 D4       		.byte	0xd4
 210 0033 37000000 		.4byte	0x37
 211 0037 04       		.uleb128 0x4
 212 0038 04       		.byte	0x4
 213 0039 07       		.byte	0x7
ARM GAS  /tmp/cc34yzsi.s 			page 5


 214 003a 4B020000 		.4byte	.LASF0
 215 003e 04       		.uleb128 0x4
 216 003f 01       		.byte	0x1
 217 0040 06       		.byte	0x6
 218 0041 17020000 		.4byte	.LASF1
 219 0045 04       		.uleb128 0x4
 220 0046 02       		.byte	0x2
 221 0047 05       		.byte	0x5
 222 0048 65000000 		.4byte	.LASF2
 223 004c 03       		.uleb128 0x3
 224 004d 09030000 		.4byte	.LASF4
 225 0051 03       		.byte	0x3
 226 0052 26       		.byte	0x26
 227 0053 25000000 		.4byte	0x25
 228 0057 04       		.uleb128 0x4
 229 0058 08       		.byte	0x8
 230 0059 05       		.byte	0x5
 231 005a 6B010000 		.4byte	.LASF5
 232 005e 03       		.uleb128 0x3
 233 005f 04010000 		.4byte	.LASF6
 234 0063 03       		.byte	0x3
 235 0064 30       		.byte	0x30
 236 0065 69000000 		.4byte	0x69
 237 0069 04       		.uleb128 0x4
 238 006a 01       		.byte	0x1
 239 006b 08       		.byte	0x8
 240 006c E7010000 		.4byte	.LASF7
 241 0070 04       		.uleb128 0x4
 242 0071 02       		.byte	0x2
 243 0072 07       		.byte	0x7
 244 0073 C2040000 		.4byte	.LASF8
 245 0077 03       		.uleb128 0x3
 246 0078 39010000 		.4byte	.LASF9
 247 007c 03       		.byte	0x3
 248 007d 33       		.byte	0x33
 249 007e 37000000 		.4byte	0x37
 250 0082 03       		.uleb128 0x3
 251 0083 51000000 		.4byte	.LASF10
 252 0087 03       		.byte	0x3
 253 0088 3A       		.byte	0x3a
 254 0089 8D000000 		.4byte	0x8d
 255 008d 04       		.uleb128 0x4
 256 008e 08       		.byte	0x8
 257 008f 07       		.byte	0x7
 258 0090 2B020000 		.4byte	.LASF11
 259 0094 03       		.uleb128 0x3
 260 0095 2F010000 		.4byte	.LASF12
 261 0099 03       		.byte	0x3
 262 009a 80       		.byte	0x80
 263 009b 37000000 		.4byte	0x37
 264 009f 03       		.uleb128 0x3
 265 00a0 63010000 		.4byte	.LASF13
 266 00a4 04       		.byte	0x4
 267 00a5 3C       		.byte	0x3c
 268 00a6 5E000000 		.4byte	0x5e
 269 00aa 03       		.uleb128 0x3
 270 00ab D5040000 		.4byte	.LASF14
ARM GAS  /tmp/cc34yzsi.s 			page 6


 271 00af 04       		.byte	0x4
 272 00b0 3D       		.byte	0x3d
 273 00b1 5E000000 		.4byte	0x5e
 274 00b5 03       		.uleb128 0x3
 275 00b6 09000000 		.4byte	.LASF15
 276 00ba 04       		.byte	0x4
 277 00bb 3E       		.byte	0x3e
 278 00bc 5E000000 		.4byte	0x5e
 279 00c0 03       		.uleb128 0x3
 280 00c1 25010000 		.4byte	.LASF16
 281 00c5 04       		.byte	0x4
 282 00c6 3F       		.byte	0x3f
 283 00c7 5E000000 		.4byte	0x5e
 284 00cb 03       		.uleb128 0x3
 285 00cc 80010000 		.4byte	.LASF17
 286 00d0 04       		.byte	0x4
 287 00d1 40       		.byte	0x40
 288 00d2 77000000 		.4byte	0x77
 289 00d6 03       		.uleb128 0x3
 290 00d7 61050000 		.4byte	.LASF18
 291 00db 04       		.byte	0x4
 292 00dc 41       		.byte	0x41
 293 00dd 4C000000 		.4byte	0x4c
 294 00e1 03       		.uleb128 0x3
 295 00e2 AD000000 		.4byte	.LASF19
 296 00e6 04       		.byte	0x4
 297 00e7 43       		.byte	0x43
 298 00e8 77000000 		.4byte	0x77
 299 00ec 03       		.uleb128 0x3
 300 00ed 18030000 		.4byte	.LASF20
 301 00f1 04       		.byte	0x4
 302 00f2 45       		.byte	0x45
 303 00f3 4C000000 		.4byte	0x4c
 304 00f7 03       		.uleb128 0x3
 305 00f8 DB020000 		.4byte	.LASF21
 306 00fc 05       		.byte	0x5
 307 00fd 33       		.byte	0x33
 308 00fe 77000000 		.4byte	0x77
 309 0102 03       		.uleb128 0x3
 310 0103 00000000 		.4byte	.LASF22
 311 0107 05       		.byte	0x5
 312 0108 3F       		.byte	0x3f
 313 0109 0D010000 		.4byte	0x10d
 314 010d 05       		.uleb128 0x5
 315 010e 42010000 		.4byte	.LASF43
 316 0112 44       		.byte	0x44
 317 0113 06       		.byte	0x6
 318 0114 C2       		.byte	0xc2
 319 0115 06020000 		.4byte	0x206
 320 0119 06       		.uleb128 0x6
 321 011a CB000000 		.4byte	.LASF23
 322 011e 06       		.byte	0x6
 323 011f C3       		.byte	0xc3
 324 0120 11020000 		.4byte	0x211
 325 0124 00       		.byte	0
 326 0125 06       		.uleb128 0x6
 327 0126 8E000000 		.4byte	.LASF24
ARM GAS  /tmp/cc34yzsi.s 			page 7


 328 012a 06       		.byte	0x6
 329 012b C5       		.byte	0xc5
 330 012c 11020000 		.4byte	0x211
 331 0130 04       		.byte	0x4
 332 0131 06       		.uleb128 0x6
 333 0132 C4000000 		.4byte	.LASF25
 334 0136 06       		.byte	0x6
 335 0137 C7       		.byte	0xc7
 336 0138 CB000000 		.4byte	0xcb
 337 013c 08       		.byte	0x8
 338 013d 06       		.uleb128 0x6
 339 013e 37050000 		.4byte	.LASF26
 340 0142 06       		.byte	0x6
 341 0143 C8       		.byte	0xc8
 342 0144 35040000 		.4byte	0x435
 343 0148 0C       		.byte	0xc
 344 0149 06       		.uleb128 0x6
 345 014a 23020000 		.4byte	.LASF27
 346 014e 06       		.byte	0x6
 347 014f CA       		.byte	0xca
 348 0150 11020000 		.4byte	0x211
 349 0154 10       		.byte	0x10
 350 0155 06       		.uleb128 0x6
 351 0156 FB040000 		.4byte	.LASF28
 352 015a 06       		.byte	0x6
 353 015b CB       		.byte	0xcb
 354 015c 11020000 		.4byte	0x211
 355 0160 14       		.byte	0x14
 356 0161 06       		.uleb128 0x6
 357 0162 40030000 		.4byte	.LASF29
 358 0166 06       		.byte	0x6
 359 0167 D2       		.byte	0xd2
 360 0168 94050000 		.4byte	0x594
 361 016c 18       		.byte	0x18
 362 016d 06       		.uleb128 0x6
 363 016e 1E030000 		.4byte	.LASF30
 364 0172 06       		.byte	0x6
 365 0173 DD       		.byte	0xdd
 366 0174 AA000000 		.4byte	0xaa
 367 0178 1C       		.byte	0x1c
 368 0179 06       		.uleb128 0x6
 369 017a BE020000 		.4byte	.LASF31
 370 017e 06       		.byte	0x6
 371 017f E1       		.byte	0xe1
 372 0180 9F000000 		.4byte	0x9f
 373 0184 1D       		.byte	0x1d
 374 0185 06       		.uleb128 0x6
 375 0186 22050000 		.4byte	.LASF32
 376 018a 06       		.byte	0x6
 377 018b E6       		.byte	0xe6
 378 018c B5000000 		.4byte	0xb5
 379 0190 1E       		.byte	0x1e
 380 0191 06       		.uleb128 0x6
 381 0192 C6020000 		.4byte	.LASF33
 382 0196 06       		.byte	0x6
 383 0197 EC       		.byte	0xec
 384 0198 C0000000 		.4byte	0xc0
ARM GAS  /tmp/cc34yzsi.s 			page 8


 385 019c 1F       		.byte	0x1f
 386 019d 07       		.uleb128 0x7
 387 019e 705F7500 		.ascii	"p_u\000"
 388 01a2 06       		.byte	0x6
 389 01a3 3101     		.2byte	0x131
 390 01a5 CF040000 		.4byte	0x4cf
 391 01a9 20       		.byte	0x20
 392 01aa 08       		.uleb128 0x8
 393 01ab 2C030000 		.4byte	.LASF34
 394 01af 06       		.byte	0x6
 395 01b0 3601     		.2byte	0x136
 396 01b2 17020000 		.4byte	0x217
 397 01b6 24       		.byte	0x24
 398 01b7 08       		.uleb128 0x8
 399 01b8 B9000000 		.4byte	.LASF35
 400 01bc 06       		.byte	0x6
 401 01bd 3C01     		.2byte	0x13c
 402 01bf 3B020000 		.4byte	0x23b
 403 01c3 28       		.byte	0x28
 404 01c4 08       		.uleb128 0x8
 405 01c5 DB010000 		.4byte	.LASF36
 406 01c9 06       		.byte	0x6
 407 01ca 4001     		.2byte	0x140
 408 01cc D6000000 		.4byte	0xd6
 409 01d0 30       		.byte	0x30
 410 01d1 08       		.uleb128 0x8
 411 01d2 4C010000 		.4byte	.LASF37
 412 01d6 06       		.byte	0x6
 413 01d7 4601     		.2byte	0x146
 414 01d9 E1000000 		.4byte	0xe1
 415 01dd 34       		.byte	0x34
 416 01de 08       		.uleb128 0x8
 417 01df 36030000 		.4byte	.LASF38
 418 01e3 06       		.byte	0x6
 419 01e4 4D01     		.2byte	0x14d
 420 01e6 8E050000 		.4byte	0x58e
 421 01ea 38       		.byte	0x38
 422 01eb 08       		.uleb128 0x8
 423 01ec D0020000 		.4byte	.LASF39
 424 01f0 06       		.byte	0x6
 425 01f1 5101     		.2byte	0x151
 426 01f3 CB000000 		.4byte	0xcb
 427 01f7 3C       		.byte	0x3c
 428 01f8 08       		.uleb128 0x8
 429 01f9 52050000 		.4byte	.LASF40
 430 01fd 06       		.byte	0x6
 431 01fe 5801     		.2byte	0x158
 432 0200 EE020000 		.4byte	0x2ee
 433 0204 40       		.byte	0x40
 434 0205 00       		.byte	0
 435 0206 03       		.uleb128 0x3
 436 0207 A8040000 		.4byte	.LASF41
 437 020b 05       		.byte	0x5
 438 020c 44       		.byte	0x44
 439 020d 11020000 		.4byte	0x211
 440 0211 09       		.uleb128 0x9
 441 0212 04       		.byte	0x4
ARM GAS  /tmp/cc34yzsi.s 			page 9


 442 0213 02010000 		.4byte	0x102
 443 0217 03       		.uleb128 0x3
 444 0218 7C050000 		.4byte	.LASF42
 445 021c 05       		.byte	0x5
 446 021d 49       		.byte	0x49
 447 021e 22020000 		.4byte	0x222
 448 0222 05       		.uleb128 0x5
 449 0223 C1010000 		.4byte	.LASF44
 450 0227 04       		.byte	0x4
 451 0228 06       		.byte	0x6
 452 0229 B0       		.byte	0xb0
 453 022a 3B020000 		.4byte	0x23b
 454 022e 06       		.uleb128 0x6
 455 022f CB000000 		.4byte	.LASF23
 456 0233 06       		.byte	0x6
 457 0234 B1       		.byte	0xb1
 458 0235 11020000 		.4byte	0x211
 459 0239 00       		.byte	0
 460 023a 00       		.byte	0
 461 023b 03       		.uleb128 0x3
 462 023c A6020000 		.4byte	.LASF45
 463 0240 05       		.byte	0x5
 464 0241 50       		.byte	0x50
 465 0242 46020000 		.4byte	0x246
 466 0246 05       		.uleb128 0x5
 467 0247 F5010000 		.4byte	.LASF46
 468 024b 08       		.byte	0x8
 469 024c 06       		.byte	0x6
 470 024d B7       		.byte	0xb7
 471 024e 6B020000 		.4byte	0x26b
 472 0252 06       		.uleb128 0x6
 473 0253 CB000000 		.4byte	.LASF23
 474 0257 06       		.byte	0x6
 475 0258 B8       		.byte	0xb8
 476 0259 11020000 		.4byte	0x211
 477 025d 00       		.byte	0
 478 025e 06       		.uleb128 0x6
 479 025f 8E000000 		.4byte	.LASF24
 480 0263 06       		.byte	0x6
 481 0264 B9       		.byte	0xb9
 482 0265 11020000 		.4byte	0x211
 483 0269 04       		.byte	0x4
 484 026a 00       		.byte	0
 485 026b 03       		.uleb128 0x3
 486 026c 03050000 		.4byte	.LASF47
 487 0270 05       		.byte	0x5
 488 0271 57       		.byte	0x57
 489 0272 76020000 		.4byte	0x276
 490 0276 0A       		.uleb128 0xa
 491 0277 29050000 		.4byte	.LASF48
 492 027b 1C       		.byte	0x1c
 493 027c 06       		.byte	0x6
 494 027d 9001     		.2byte	0x190
 495 027f D2020000 		.4byte	0x2d2
 496 0283 08       		.uleb128 0x8
 497 0284 76000000 		.4byte	.LASF49
 498 0288 06       		.byte	0x6
ARM GAS  /tmp/cc34yzsi.s 			page 10


 499 0289 9101     		.2byte	0x191
 500 028b 3B020000 		.4byte	0x23b
 501 028f 00       		.byte	0
 502 0290 08       		.uleb128 0x8
 503 0291 11030000 		.4byte	.LASF50
 504 0295 06       		.byte	0x6
 505 0296 9201     		.2byte	0x192
 506 0298 CB000000 		.4byte	0xcb
 507 029c 08       		.byte	0x8
 508 029d 08       		.uleb128 0x8
 509 029e 95000000 		.4byte	.LASF51
 510 02a2 06       		.byte	0x6
 511 02a3 9401     		.2byte	0x194
 512 02a5 35040000 		.4byte	0x435
 513 02a9 0C       		.byte	0xc
 514 02aa 08       		.uleb128 0x8
 515 02ab B6020000 		.4byte	.LASF52
 516 02af 06       		.byte	0x6
 517 02b0 9701     		.2byte	0x197
 518 02b2 11020000 		.4byte	0x211
 519 02b6 10       		.byte	0x10
 520 02b7 08       		.uleb128 0x8
 521 02b8 11000000 		.4byte	.LASF53
 522 02bc 06       		.byte	0x6
 523 02bd 9801     		.2byte	0x198
 524 02bf 11020000 		.4byte	0x211
 525 02c3 14       		.byte	0x14
 526 02c4 08       		.uleb128 0x8
 527 02c5 D1010000 		.4byte	.LASF54
 528 02c9 06       		.byte	0x6
 529 02ca 9B01     		.2byte	0x19b
 530 02cc 11020000 		.4byte	0x211
 531 02d0 18       		.byte	0x18
 532 02d1 00       		.byte	0
 533 02d2 03       		.uleb128 0x3
 534 02d3 F2040000 		.4byte	.LASF55
 535 02d7 05       		.byte	0x5
 536 02d8 5C       		.byte	0x5c
 537 02d9 DD020000 		.4byte	0x2dd
 538 02dd 09       		.uleb128 0x9
 539 02de 04       		.byte	0x4
 540 02df E3020000 		.4byte	0x2e3
 541 02e3 0B       		.uleb128 0xb
 542 02e4 EE020000 		.4byte	0x2ee
 543 02e8 0C       		.uleb128 0xc
 544 02e9 EE020000 		.4byte	0x2ee
 545 02ed 00       		.byte	0
 546 02ee 0D       		.uleb128 0xd
 547 02ef 04       		.byte	0x4
 548 02f0 03       		.uleb128 0x3
 549 02f1 92010000 		.4byte	.LASF56
 550 02f5 05       		.byte	0x5
 551 02f6 61       		.byte	0x61
 552 02f7 FB020000 		.4byte	0x2fb
 553 02fb 0A       		.uleb128 0xa
 554 02fc F8020000 		.4byte	.LASF57
 555 0300 14       		.byte	0x14
ARM GAS  /tmp/cc34yzsi.s 			page 11


 556 0301 06       		.byte	0x6
 557 0302 6B01     		.2byte	0x16b
 558 0304 4A030000 		.4byte	0x34a
 559 0308 08       		.uleb128 0x8
 560 0309 77020000 		.4byte	.LASF58
 561 030d 06       		.byte	0x6
 562 030e 6C01     		.2byte	0x16c
 563 0310 A6050000 		.4byte	0x5a6
 564 0314 00       		.byte	0
 565 0315 08       		.uleb128 0x8
 566 0316 8F040000 		.4byte	.LASF59
 567 031a 06       		.byte	0x6
 568 031b 6D01     		.2byte	0x16d
 569 031d A6050000 		.4byte	0x5a6
 570 0321 04       		.byte	0x4
 571 0322 08       		.uleb128 0x8
 572 0323 56030000 		.4byte	.LASF60
 573 0327 06       		.byte	0x6
 574 0328 6E01     		.2byte	0x16e
 575 032a F7000000 		.4byte	0xf7
 576 032e 08       		.byte	0x8
 577 032f 08       		.uleb128 0x8
 578 0330 E0000000 		.4byte	.LASF61
 579 0334 06       		.byte	0x6
 580 0335 6F01     		.2byte	0x16f
 581 0337 D2020000 		.4byte	0x2d2
 582 033b 0C       		.byte	0xc
 583 033c 08       		.uleb128 0x8
 584 033d D9000000 		.4byte	.LASF62
 585 0341 06       		.byte	0x6
 586 0342 7101     		.2byte	0x171
 587 0344 EE020000 		.4byte	0x2ee
 588 0348 10       		.byte	0x10
 589 0349 00       		.byte	0
 590 034a 03       		.uleb128 0x3
 591 034b 7F020000 		.4byte	.LASF63
 592 034f 05       		.byte	0x5
 593 0350 66       		.byte	0x66
 594 0351 55030000 		.4byte	0x355
 595 0355 0A       		.uleb128 0xa
 596 0356 58020000 		.4byte	.LASF64
 597 035a 10       		.byte	0x10
 598 035b 06       		.byte	0x6
 599 035c 7B01     		.2byte	0x17b
 600 035e 97030000 		.4byte	0x397
 601 0362 08       		.uleb128 0x8
 602 0363 77020000 		.4byte	.LASF58
 603 0367 06       		.byte	0x6
 604 0368 7C01     		.2byte	0x17c
 605 036a A6050000 		.4byte	0x5a6
 606 036e 00       		.byte	0
 607 036f 08       		.uleb128 0x8
 608 0370 8F040000 		.4byte	.LASF59
 609 0374 06       		.byte	0x6
 610 0375 7E01     		.2byte	0x17e
 611 0377 A6050000 		.4byte	0x5a6
 612 037b 04       		.byte	0x4
ARM GAS  /tmp/cc34yzsi.s 			page 12


 613 037c 08       		.uleb128 0x8
 614 037d 56030000 		.4byte	.LASF60
 615 0381 06       		.byte	0x6
 616 0382 8001     		.2byte	0x180
 617 0384 F7000000 		.4byte	0xf7
 618 0388 08       		.byte	0x8
 619 0389 08       		.uleb128 0x8
 620 038a 1A010000 		.4byte	.LASF65
 621 038e 06       		.byte	0x6
 622 038f 8201     		.2byte	0x182
 623 0391 AC050000 		.4byte	0x5ac
 624 0395 0C       		.byte	0xc
 625 0396 00       		.byte	0
 626 0397 03       		.uleb128 0x3
 627 0398 A2010000 		.4byte	.LASF66
 628 039c 05       		.byte	0x5
 629 039d 6B       		.byte	0x6b
 630 039e A2030000 		.4byte	0x3a2
 631 03a2 0A       		.uleb128 0xa
 632 03a3 41000000 		.4byte	.LASF67
 633 03a7 04       		.byte	0x4
 634 03a8 06       		.byte	0x6
 635 03a9 A201     		.2byte	0x1a2
 636 03ab BD030000 		.4byte	0x3bd
 637 03af 08       		.uleb128 0x8
 638 03b0 71030000 		.4byte	.LASF68
 639 03b4 06       		.byte	0x6
 640 03b5 AA01     		.2byte	0x1aa
 641 03b7 B1050000 		.4byte	0x5b1
 642 03bb 00       		.byte	0
 643 03bc 00       		.byte	0
 644 03bd 03       		.uleb128 0x3
 645 03be 57010000 		.4byte	.LASF69
 646 03c2 05       		.byte	0x5
 647 03c3 70       		.byte	0x70
 648 03c4 C8030000 		.4byte	0x3c8
 649 03c8 0E       		.uleb128 0xe
 650 03c9 88010000 		.4byte	.LASF70
 651 03cd 5001     		.2byte	0x150
 652 03cf 06       		.byte	0x6
 653 03d0 C201     		.2byte	0x1c2
 654 03d2 18040000 		.4byte	0x418
 655 03d6 08       		.uleb128 0x8
 656 03d7 E5020000 		.4byte	.LASF71
 657 03db 06       		.byte	0x6
 658 03dc C601     		.2byte	0x1c6
 659 03de 6B020000 		.4byte	0x26b
 660 03e2 00       		.byte	0
 661 03e3 08       		.uleb128 0x8
 662 03e4 D2000000 		.4byte	.LASF72
 663 03e8 06       		.byte	0x6
 664 03e9 CA01     		.2byte	0x1ca
 665 03eb 4A030000 		.4byte	0x34a
 666 03ef 1C       		.byte	0x1c
 667 03f0 07       		.uleb128 0x7
 668 03f1 64626700 		.ascii	"dbg\000"
 669 03f5 06       		.byte	0x6
ARM GAS  /tmp/cc34yzsi.s 			page 13


 670 03f6 CE01     		.2byte	0x1ce
 671 03f8 97030000 		.4byte	0x397
 672 03fc 2C       		.byte	0x2c
 673 03fd 08       		.uleb128 0x8
 674 03fe 5A000000 		.4byte	.LASF73
 675 0402 06       		.byte	0x6
 676 0403 D201     		.2byte	0x1d2
 677 0405 02010000 		.4byte	0x102
 678 0409 30       		.byte	0x30
 679 040a 08       		.uleb128 0x8
 680 040b 47030000 		.4byte	.LASF74
 681 040f 06       		.byte	0x6
 682 0410 E301     		.2byte	0x1e3
 683 0412 B6050000 		.4byte	0x5b6
 684 0416 78       		.byte	0x78
 685 0417 00       		.byte	0
 686 0418 04       		.uleb128 0x4
 687 0419 04       		.byte	0x4
 688 041a 07       		.byte	0x7
 689 041b 85000000 		.4byte	.LASF75
 690 041f 03       		.uleb128 0x3
 691 0420 E8000000 		.4byte	.LASF76
 692 0424 07       		.byte	0x7
 693 0425 65       		.byte	0x65
 694 0426 EE020000 		.4byte	0x2ee
 695 042a 03       		.uleb128 0x3
 696 042b DE040000 		.4byte	.LASF77
 697 042f 07       		.byte	0x7
 698 0430 6D       		.byte	0x6d
 699 0431 82000000 		.4byte	0x82
 700 0435 05       		.uleb128 0x5
 701 0436 B9010000 		.4byte	.LASF78
 702 043a 04       		.byte	0x4
 703 043b 07       		.byte	0x7
 704 043c 89       		.byte	0x89
 705 043d 4E040000 		.4byte	0x44e
 706 0441 0F       		.uleb128 0xf
 707 0442 72313300 		.ascii	"r13\000"
 708 0446 07       		.byte	0x7
 709 0447 8A       		.byte	0x8a
 710 0448 C9040000 		.4byte	0x4c9
 711 044c 00       		.byte	0
 712 044d 00       		.byte	0
 713 044e 05       		.uleb128 0x5
 714 044f 83040000 		.4byte	.LASF79
 715 0453 24       		.byte	0x24
 716 0454 08       		.byte	0x8
 717 0455 FD       		.byte	0xfd
 718 0456 C9040000 		.4byte	0x4c9
 719 045a 07       		.uleb128 0x7
 720 045b 723400   		.ascii	"r4\000"
 721 045e 08       		.byte	0x8
 722 045f 1001     		.2byte	0x110
 723 0461 1F040000 		.4byte	0x41f
 724 0465 00       		.byte	0
 725 0466 07       		.uleb128 0x7
 726 0467 723500   		.ascii	"r5\000"
ARM GAS  /tmp/cc34yzsi.s 			page 14


 727 046a 08       		.byte	0x8
 728 046b 1101     		.2byte	0x111
 729 046d 1F040000 		.4byte	0x41f
 730 0471 04       		.byte	0x4
 731 0472 07       		.uleb128 0x7
 732 0473 723600   		.ascii	"r6\000"
 733 0476 08       		.byte	0x8
 734 0477 1201     		.2byte	0x112
 735 0479 1F040000 		.4byte	0x41f
 736 047d 08       		.byte	0x8
 737 047e 07       		.uleb128 0x7
 738 047f 723700   		.ascii	"r7\000"
 739 0482 08       		.byte	0x8
 740 0483 1301     		.2byte	0x113
 741 0485 1F040000 		.4byte	0x41f
 742 0489 0C       		.byte	0xc
 743 048a 07       		.uleb128 0x7
 744 048b 723800   		.ascii	"r8\000"
 745 048e 08       		.byte	0x8
 746 048f 1401     		.2byte	0x114
 747 0491 1F040000 		.4byte	0x41f
 748 0495 10       		.byte	0x10
 749 0496 07       		.uleb128 0x7
 750 0497 723900   		.ascii	"r9\000"
 751 049a 08       		.byte	0x8
 752 049b 1501     		.2byte	0x115
 753 049d 1F040000 		.4byte	0x41f
 754 04a1 14       		.byte	0x14
 755 04a2 07       		.uleb128 0x7
 756 04a3 72313000 		.ascii	"r10\000"
 757 04a7 08       		.byte	0x8
 758 04a8 1601     		.2byte	0x116
 759 04aa 1F040000 		.4byte	0x41f
 760 04ae 18       		.byte	0x18
 761 04af 07       		.uleb128 0x7
 762 04b0 72313100 		.ascii	"r11\000"
 763 04b4 08       		.byte	0x8
 764 04b5 1701     		.2byte	0x117
 765 04b7 1F040000 		.4byte	0x41f
 766 04bb 1C       		.byte	0x1c
 767 04bc 07       		.uleb128 0x7
 768 04bd 6C7200   		.ascii	"lr\000"
 769 04c0 08       		.byte	0x8
 770 04c1 1801     		.2byte	0x118
 771 04c3 1F040000 		.4byte	0x41f
 772 04c7 20       		.byte	0x20
 773 04c8 00       		.byte	0
 774 04c9 09       		.uleb128 0x9
 775 04ca 04       		.byte	0x4
 776 04cb 4E040000 		.4byte	0x44e
 777 04cf 10       		.uleb128 0x10
 778 04d0 04       		.byte	0x4
 779 04d1 06       		.byte	0x6
 780 04d2 FA       		.byte	0xfa
 781 04d3 2C050000 		.4byte	0x52c
 782 04d7 11       		.uleb128 0x11
 783 04d8 5A050000 		.4byte	.LASF80
ARM GAS  /tmp/cc34yzsi.s 			page 15


 784 04dc 06       		.byte	0x6
 785 04dd 0101     		.2byte	0x101
 786 04df D6000000 		.4byte	0xd6
 787 04e3 11       		.uleb128 0x11
 788 04e4 E9040000 		.4byte	.LASF81
 789 04e8 06       		.byte	0x6
 790 04e9 0801     		.2byte	0x108
 791 04eb D6000000 		.4byte	0xd6
 792 04ef 11       		.uleb128 0x11
 793 04f0 BB040000 		.4byte	.LASF82
 794 04f4 06       		.byte	0x6
 795 04f5 0F01     		.2byte	0x10f
 796 04f7 EE020000 		.4byte	0x2ee
 797 04fb 11       		.uleb128 0x11
 798 04fc 70040000 		.4byte	.LASF83
 799 0500 06       		.byte	0x6
 800 0501 1601     		.2byte	0x116
 801 0503 2C050000 		.4byte	0x52c
 802 0507 11       		.uleb128 0x11
 803 0508 79010000 		.4byte	.LASF84
 804 050c 06       		.byte	0x6
 805 050d 1E01     		.2byte	0x11e
 806 050f 57050000 		.4byte	0x557
 807 0513 11       		.uleb128 0x11
 808 0514 67050000 		.4byte	.LASF85
 809 0518 06       		.byte	0x6
 810 0519 2701     		.2byte	0x127
 811 051b 8E050000 		.4byte	0x58e
 812 051f 11       		.uleb128 0x11
 813 0520 06020000 		.4byte	.LASF86
 814 0524 06       		.byte	0x6
 815 0525 2F01     		.2byte	0x12f
 816 0527 E1000000 		.4byte	0xe1
 817 052b 00       		.byte	0
 818 052c 09       		.uleb128 0x9
 819 052d 04       		.byte	0x4
 820 052e 06020000 		.4byte	0x206
 821 0532 05       		.uleb128 0x5
 822 0533 76040000 		.4byte	.LASF87
 823 0537 0C       		.byte	0xc
 824 0538 09       		.byte	0x9
 825 0539 34       		.byte	0x34
 826 053a 57050000 		.4byte	0x557
 827 053e 06       		.uleb128 0x6
 828 053f F0020000 		.4byte	.LASF88
 829 0543 09       		.byte	0x9
 830 0544 35       		.byte	0x35
 831 0545 3B020000 		.4byte	0x23b
 832 0549 00       		.byte	0
 833 054a 06       		.uleb128 0x6
 834 054b E1010000 		.4byte	.LASF89
 835 054f 09       		.byte	0x9
 836 0550 37       		.byte	0x37
 837 0551 EC000000 		.4byte	0xec
 838 0555 08       		.byte	0x8
 839 0556 00       		.byte	0
 840 0557 09       		.uleb128 0x9
ARM GAS  /tmp/cc34yzsi.s 			page 16


 841 0558 04       		.byte	0x4
 842 0559 32050000 		.4byte	0x532
 843 055d 05       		.uleb128 0x5
 844 055e 42020000 		.4byte	.LASF90
 845 0562 10       		.byte	0x10
 846 0563 0A       		.byte	0xa
 847 0564 39       		.byte	0x39
 848 0565 8E050000 		.4byte	0x58e
 849 0569 06       		.uleb128 0x6
 850 056a B1010000 		.4byte	.LASF91
 851 056e 0A       		.byte	0xa
 852 056f 3A       		.byte	0x3a
 853 0570 3B020000 		.4byte	0x23b
 854 0574 00       		.byte	0
 855 0575 06       		.uleb128 0x6
 856 0576 4A050000 		.4byte	.LASF92
 857 057a 0A       		.byte	0xa
 858 057b 3C       		.byte	0x3c
 859 057c 11020000 		.4byte	0x211
 860 0580 08       		.byte	0x8
 861 0581 06       		.uleb128 0x6
 862 0582 7E000000 		.4byte	.LASF93
 863 0586 0A       		.byte	0xa
 864 0587 3E       		.byte	0x3e
 865 0588 D1050000 		.4byte	0x5d1
 866 058c 0C       		.byte	0xc
 867 058d 00       		.byte	0
 868 058e 09       		.uleb128 0x9
 869 058f 04       		.byte	0x4
 870 0590 5D050000 		.4byte	0x55d
 871 0594 09       		.uleb128 0x9
 872 0595 04       		.byte	0x4
 873 0596 9A050000 		.4byte	0x59a
 874 059a 12       		.uleb128 0x12
 875 059b 9F050000 		.4byte	0x59f
 876 059f 04       		.uleb128 0x4
 877 05a0 01       		.byte	0x1
 878 05a1 08       		.byte	0x8
 879 05a2 EB020000 		.4byte	.LASF94
 880 05a6 09       		.uleb128 0x9
 881 05a7 04       		.byte	0x4
 882 05a8 F0020000 		.4byte	0x2f0
 883 05ac 13       		.uleb128 0x13
 884 05ad F7000000 		.4byte	0xf7
 885 05b1 13       		.uleb128 0x13
 886 05b2 94050000 		.4byte	0x594
 887 05b6 14       		.uleb128 0x14
 888 05b7 2A040000 		.4byte	0x42a
 889 05bb C6050000 		.4byte	0x5c6
 890 05bf 15       		.uleb128 0x15
 891 05c0 18040000 		.4byte	0x418
 892 05c4 1A       		.byte	0x1a
 893 05c5 00       		.byte	0
 894 05c6 03       		.uleb128 0x3
 895 05c7 6F020000 		.4byte	.LASF95
 896 05cb 0A       		.byte	0xa
 897 05cc 34       		.byte	0x34
ARM GAS  /tmp/cc34yzsi.s 			page 17


 898 05cd 5D050000 		.4byte	0x55d
 899 05d1 09       		.uleb128 0x9
 900 05d2 04       		.byte	0x4
 901 05d3 C6050000 		.4byte	0x5c6
 902 05d7 04       		.uleb128 0x4
 903 05d8 01       		.byte	0x1
 904 05d9 02       		.byte	0x2
 905 05da 26030000 		.4byte	.LASF96
 906 05de 16       		.uleb128 0x16
 907 05df 5F030000 		.4byte	.LASF97
 908 05e3 01       		.byte	0x1
 909 05e4 13       		.byte	0x13
 910 05e5 00000000 		.4byte	.LFB267
 911 05e9 14000000 		.4byte	.LFE267-.LFB267
 912 05ed 01       		.uleb128 0x1
 913 05ee 9C       		.byte	0x9c
 914 05ef 16       		.uleb128 0x16
 915 05f0 10050000 		.4byte	.LASF98
 916 05f4 01       		.byte	0x1
 917 05f5 27       		.byte	0x27
 918 05f6 00000000 		.4byte	.LFB268
 919 05fa 02000000 		.4byte	.LFE268-.LFB268
 920 05fe 01       		.uleb128 0x1
 921 05ff 9C       		.byte	0x9c
 922 0600 16       		.uleb128 0x16
 923 0601 97040000 		.4byte	.LASF99
 924 0605 01       		.byte	0x1
 925 0606 36       		.byte	0x36
 926 0607 00000000 		.4byte	.LFB269
 927 060b 02000000 		.4byte	.LFE269-.LFB269
 928 060f 01       		.uleb128 0x1
 929 0610 9C       		.byte	0x9c
 930 0611 16       		.uleb128 0x16
 931 0612 F1000000 		.4byte	.LASF100
 932 0616 01       		.byte	0x1
 933 0617 45       		.byte	0x45
 934 0618 00000000 		.4byte	.LFB270
 935 061c 02000000 		.4byte	.LFE270-.LFB270
 936 0620 01       		.uleb128 0x1
 937 0621 9C       		.byte	0x9c
 938 0622 17       		.uleb128 0x17
 939 0623 95020000 		.4byte	.LASF108
 940 0627 01       		.byte	0x1
 941 0628 4E       		.byte	0x4e
 942 0629 00000000 		.4byte	.LFB271
 943 062d 10000000 		.4byte	.LFE271-.LFB271
 944 0631 01       		.uleb128 0x1
 945 0632 9C       		.byte	0x9c
 946 0633 4B060000 		.4byte	0x64b
 947 0637 18       		.uleb128 0x18
 948 0638 08000000 		.4byte	.LVL0
 949 063c 9C060000 		.4byte	0x69c
 950 0640 19       		.uleb128 0x19
 951 0641 01       		.uleb128 0x1
 952 0642 50       		.byte	0x50
 953 0643 05       		.uleb128 0x5
 954 0644 03       		.byte	0x3
ARM GAS  /tmp/cc34yzsi.s 			page 18


 955 0645 00000000 		.4byte	.LC0
 956 0649 00       		.byte	0
 957 064a 00       		.byte	0
 958 064b 1A       		.uleb128 0x1a
 959 064c 3D050000 		.4byte	.LASF101
 960 0650 0B       		.byte	0xb
 961 0651 FA06     		.2byte	0x6fa
 962 0653 57060000 		.4byte	0x657
 963 0657 13       		.uleb128 0x13
 964 0658 4C000000 		.4byte	0x4c
 965 065c 1B       		.uleb128 0x1b
 966 065d 636800   		.ascii	"ch\000"
 967 0660 06       		.byte	0x6
 968 0661 0902     		.2byte	0x209
 969 0663 BD030000 		.4byte	0x3bd
 970 0667 1C       		.uleb128 0x1c
 971 0668 0C010000 		.4byte	.LASF102
 972 066c 01       		.byte	0x1
 973 066d 10       		.byte	0x10
 974 066e 78060000 		.4byte	0x678
 975 0672 05       		.uleb128 0x5
 976 0673 03       		.byte	0x3
 977 0674 00000000 		.4byte	HARDFAULT_PSP
 978 0678 09       		.uleb128 0x9
 979 0679 04       		.byte	0x4
 980 067a EE020000 		.4byte	0x2ee
 981 067e 1C       		.uleb128 0x1c
 982 067f 6E050000 		.4byte	.LASF103
 983 0683 01       		.byte	0x1
 984 0684 11       		.byte	0x11
 985 0685 EE020000 		.4byte	0x2ee
 986 0689 01       		.uleb128 0x1
 987 068a 5D       		.byte	0x5d
 988 068b 1C       		.uleb128 0x1c
 989 068c 9B000000 		.4byte	.LASF104
 990 0690 01       		.byte	0x1
 991 0691 4C       		.byte	0x4c
 992 0692 94000000 		.4byte	0x94
 993 0696 05       		.uleb128 0x5
 994 0697 03       		.byte	0x3
 995 0698 00000000 		.4byte	__stack_chk_guard
 996 069c 1D       		.uleb128 0x1d
 997 069d 0D020000 		.4byte	.LASF109
 998 06a1 0C       		.byte	0xc
 999 06a2 1601     		.2byte	0x116
 1000 06a4 0C       		.uleb128 0xc
 1001 06a5 94050000 		.4byte	0x594
 1002 06a9 00       		.byte	0
 1003 06aa 00       		.byte	0
 1004              		.section	.debug_abbrev,"",%progbits
 1005              	.Ldebug_abbrev0:
 1006 0000 01       		.uleb128 0x1
 1007 0001 11       		.uleb128 0x11
 1008 0002 01       		.byte	0x1
 1009 0003 25       		.uleb128 0x25
 1010 0004 0E       		.uleb128 0xe
 1011 0005 13       		.uleb128 0x13
ARM GAS  /tmp/cc34yzsi.s 			page 19


 1012 0006 0B       		.uleb128 0xb
 1013 0007 03       		.uleb128 0x3
 1014 0008 0E       		.uleb128 0xe
 1015 0009 1B       		.uleb128 0x1b
 1016 000a 0E       		.uleb128 0xe
 1017 000b 55       		.uleb128 0x55
 1018 000c 17       		.uleb128 0x17
 1019 000d 11       		.uleb128 0x11
 1020 000e 01       		.uleb128 0x1
 1021 000f 10       		.uleb128 0x10
 1022 0010 17       		.uleb128 0x17
 1023 0011 00       		.byte	0
 1024 0012 00       		.byte	0
 1025 0013 02       		.uleb128 0x2
 1026 0014 24       		.uleb128 0x24
 1027 0015 00       		.byte	0
 1028 0016 0B       		.uleb128 0xb
 1029 0017 0B       		.uleb128 0xb
 1030 0018 3E       		.uleb128 0x3e
 1031 0019 0B       		.uleb128 0xb
 1032 001a 03       		.uleb128 0x3
 1033 001b 08       		.uleb128 0x8
 1034 001c 00       		.byte	0
 1035 001d 00       		.byte	0
 1036 001e 03       		.uleb128 0x3
 1037 001f 16       		.uleb128 0x16
 1038 0020 00       		.byte	0
 1039 0021 03       		.uleb128 0x3
 1040 0022 0E       		.uleb128 0xe
 1041 0023 3A       		.uleb128 0x3a
 1042 0024 0B       		.uleb128 0xb
 1043 0025 3B       		.uleb128 0x3b
 1044 0026 0B       		.uleb128 0xb
 1045 0027 49       		.uleb128 0x49
 1046 0028 13       		.uleb128 0x13
 1047 0029 00       		.byte	0
 1048 002a 00       		.byte	0
 1049 002b 04       		.uleb128 0x4
 1050 002c 24       		.uleb128 0x24
 1051 002d 00       		.byte	0
 1052 002e 0B       		.uleb128 0xb
 1053 002f 0B       		.uleb128 0xb
 1054 0030 3E       		.uleb128 0x3e
 1055 0031 0B       		.uleb128 0xb
 1056 0032 03       		.uleb128 0x3
 1057 0033 0E       		.uleb128 0xe
 1058 0034 00       		.byte	0
 1059 0035 00       		.byte	0
 1060 0036 05       		.uleb128 0x5
 1061 0037 13       		.uleb128 0x13
 1062 0038 01       		.byte	0x1
 1063 0039 03       		.uleb128 0x3
 1064 003a 0E       		.uleb128 0xe
 1065 003b 0B       		.uleb128 0xb
 1066 003c 0B       		.uleb128 0xb
 1067 003d 3A       		.uleb128 0x3a
 1068 003e 0B       		.uleb128 0xb
ARM GAS  /tmp/cc34yzsi.s 			page 20


 1069 003f 3B       		.uleb128 0x3b
 1070 0040 0B       		.uleb128 0xb
 1071 0041 01       		.uleb128 0x1
 1072 0042 13       		.uleb128 0x13
 1073 0043 00       		.byte	0
 1074 0044 00       		.byte	0
 1075 0045 06       		.uleb128 0x6
 1076 0046 0D       		.uleb128 0xd
 1077 0047 00       		.byte	0
 1078 0048 03       		.uleb128 0x3
 1079 0049 0E       		.uleb128 0xe
 1080 004a 3A       		.uleb128 0x3a
 1081 004b 0B       		.uleb128 0xb
 1082 004c 3B       		.uleb128 0x3b
 1083 004d 0B       		.uleb128 0xb
 1084 004e 49       		.uleb128 0x49
 1085 004f 13       		.uleb128 0x13
 1086 0050 38       		.uleb128 0x38
 1087 0051 0B       		.uleb128 0xb
 1088 0052 00       		.byte	0
 1089 0053 00       		.byte	0
 1090 0054 07       		.uleb128 0x7
 1091 0055 0D       		.uleb128 0xd
 1092 0056 00       		.byte	0
 1093 0057 03       		.uleb128 0x3
 1094 0058 08       		.uleb128 0x8
 1095 0059 3A       		.uleb128 0x3a
 1096 005a 0B       		.uleb128 0xb
 1097 005b 3B       		.uleb128 0x3b
 1098 005c 05       		.uleb128 0x5
 1099 005d 49       		.uleb128 0x49
 1100 005e 13       		.uleb128 0x13
 1101 005f 38       		.uleb128 0x38
 1102 0060 0B       		.uleb128 0xb
 1103 0061 00       		.byte	0
 1104 0062 00       		.byte	0
 1105 0063 08       		.uleb128 0x8
 1106 0064 0D       		.uleb128 0xd
 1107 0065 00       		.byte	0
 1108 0066 03       		.uleb128 0x3
 1109 0067 0E       		.uleb128 0xe
 1110 0068 3A       		.uleb128 0x3a
 1111 0069 0B       		.uleb128 0xb
 1112 006a 3B       		.uleb128 0x3b
 1113 006b 05       		.uleb128 0x5
 1114 006c 49       		.uleb128 0x49
 1115 006d 13       		.uleb128 0x13
 1116 006e 38       		.uleb128 0x38
 1117 006f 0B       		.uleb128 0xb
 1118 0070 00       		.byte	0
 1119 0071 00       		.byte	0
 1120 0072 09       		.uleb128 0x9
 1121 0073 0F       		.uleb128 0xf
 1122 0074 00       		.byte	0
 1123 0075 0B       		.uleb128 0xb
 1124 0076 0B       		.uleb128 0xb
 1125 0077 49       		.uleb128 0x49
ARM GAS  /tmp/cc34yzsi.s 			page 21


 1126 0078 13       		.uleb128 0x13
 1127 0079 00       		.byte	0
 1128 007a 00       		.byte	0
 1129 007b 0A       		.uleb128 0xa
 1130 007c 13       		.uleb128 0x13
 1131 007d 01       		.byte	0x1
 1132 007e 03       		.uleb128 0x3
 1133 007f 0E       		.uleb128 0xe
 1134 0080 0B       		.uleb128 0xb
 1135 0081 0B       		.uleb128 0xb
 1136 0082 3A       		.uleb128 0x3a
 1137 0083 0B       		.uleb128 0xb
 1138 0084 3B       		.uleb128 0x3b
 1139 0085 05       		.uleb128 0x5
 1140 0086 01       		.uleb128 0x1
 1141 0087 13       		.uleb128 0x13
 1142 0088 00       		.byte	0
 1143 0089 00       		.byte	0
 1144 008a 0B       		.uleb128 0xb
 1145 008b 15       		.uleb128 0x15
 1146 008c 01       		.byte	0x1
 1147 008d 27       		.uleb128 0x27
 1148 008e 19       		.uleb128 0x19
 1149 008f 01       		.uleb128 0x1
 1150 0090 13       		.uleb128 0x13
 1151 0091 00       		.byte	0
 1152 0092 00       		.byte	0
 1153 0093 0C       		.uleb128 0xc
 1154 0094 05       		.uleb128 0x5
 1155 0095 00       		.byte	0
 1156 0096 49       		.uleb128 0x49
 1157 0097 13       		.uleb128 0x13
 1158 0098 00       		.byte	0
 1159 0099 00       		.byte	0
 1160 009a 0D       		.uleb128 0xd
 1161 009b 0F       		.uleb128 0xf
 1162 009c 00       		.byte	0
 1163 009d 0B       		.uleb128 0xb
 1164 009e 0B       		.uleb128 0xb
 1165 009f 00       		.byte	0
 1166 00a0 00       		.byte	0
 1167 00a1 0E       		.uleb128 0xe
 1168 00a2 13       		.uleb128 0x13
 1169 00a3 01       		.byte	0x1
 1170 00a4 03       		.uleb128 0x3
 1171 00a5 0E       		.uleb128 0xe
 1172 00a6 0B       		.uleb128 0xb
 1173 00a7 05       		.uleb128 0x5
 1174 00a8 3A       		.uleb128 0x3a
 1175 00a9 0B       		.uleb128 0xb
 1176 00aa 3B       		.uleb128 0x3b
 1177 00ab 05       		.uleb128 0x5
 1178 00ac 01       		.uleb128 0x1
 1179 00ad 13       		.uleb128 0x13
 1180 00ae 00       		.byte	0
 1181 00af 00       		.byte	0
 1182 00b0 0F       		.uleb128 0xf
ARM GAS  /tmp/cc34yzsi.s 			page 22


 1183 00b1 0D       		.uleb128 0xd
 1184 00b2 00       		.byte	0
 1185 00b3 03       		.uleb128 0x3
 1186 00b4 08       		.uleb128 0x8
 1187 00b5 3A       		.uleb128 0x3a
 1188 00b6 0B       		.uleb128 0xb
 1189 00b7 3B       		.uleb128 0x3b
 1190 00b8 0B       		.uleb128 0xb
 1191 00b9 49       		.uleb128 0x49
 1192 00ba 13       		.uleb128 0x13
 1193 00bb 38       		.uleb128 0x38
 1194 00bc 0B       		.uleb128 0xb
 1195 00bd 00       		.byte	0
 1196 00be 00       		.byte	0
 1197 00bf 10       		.uleb128 0x10
 1198 00c0 17       		.uleb128 0x17
 1199 00c1 01       		.byte	0x1
 1200 00c2 0B       		.uleb128 0xb
 1201 00c3 0B       		.uleb128 0xb
 1202 00c4 3A       		.uleb128 0x3a
 1203 00c5 0B       		.uleb128 0xb
 1204 00c6 3B       		.uleb128 0x3b
 1205 00c7 0B       		.uleb128 0xb
 1206 00c8 01       		.uleb128 0x1
 1207 00c9 13       		.uleb128 0x13
 1208 00ca 00       		.byte	0
 1209 00cb 00       		.byte	0
 1210 00cc 11       		.uleb128 0x11
 1211 00cd 0D       		.uleb128 0xd
 1212 00ce 00       		.byte	0
 1213 00cf 03       		.uleb128 0x3
 1214 00d0 0E       		.uleb128 0xe
 1215 00d1 3A       		.uleb128 0x3a
 1216 00d2 0B       		.uleb128 0xb
 1217 00d3 3B       		.uleb128 0x3b
 1218 00d4 05       		.uleb128 0x5
 1219 00d5 49       		.uleb128 0x49
 1220 00d6 13       		.uleb128 0x13
 1221 00d7 00       		.byte	0
 1222 00d8 00       		.byte	0
 1223 00d9 12       		.uleb128 0x12
 1224 00da 26       		.uleb128 0x26
 1225 00db 00       		.byte	0
 1226 00dc 49       		.uleb128 0x49
 1227 00dd 13       		.uleb128 0x13
 1228 00de 00       		.byte	0
 1229 00df 00       		.byte	0
 1230 00e0 13       		.uleb128 0x13
 1231 00e1 35       		.uleb128 0x35
 1232 00e2 00       		.byte	0
 1233 00e3 49       		.uleb128 0x49
 1234 00e4 13       		.uleb128 0x13
 1235 00e5 00       		.byte	0
 1236 00e6 00       		.byte	0
 1237 00e7 14       		.uleb128 0x14
 1238 00e8 01       		.uleb128 0x1
 1239 00e9 01       		.byte	0x1
ARM GAS  /tmp/cc34yzsi.s 			page 23


 1240 00ea 49       		.uleb128 0x49
 1241 00eb 13       		.uleb128 0x13
 1242 00ec 01       		.uleb128 0x1
 1243 00ed 13       		.uleb128 0x13
 1244 00ee 00       		.byte	0
 1245 00ef 00       		.byte	0
 1246 00f0 15       		.uleb128 0x15
 1247 00f1 21       		.uleb128 0x21
 1248 00f2 00       		.byte	0
 1249 00f3 49       		.uleb128 0x49
 1250 00f4 13       		.uleb128 0x13
 1251 00f5 2F       		.uleb128 0x2f
 1252 00f6 0B       		.uleb128 0xb
 1253 00f7 00       		.byte	0
 1254 00f8 00       		.byte	0
 1255 00f9 16       		.uleb128 0x16
 1256 00fa 2E       		.uleb128 0x2e
 1257 00fb 00       		.byte	0
 1258 00fc 3F       		.uleb128 0x3f
 1259 00fd 19       		.uleb128 0x19
 1260 00fe 03       		.uleb128 0x3
 1261 00ff 0E       		.uleb128 0xe
 1262 0100 3A       		.uleb128 0x3a
 1263 0101 0B       		.uleb128 0xb
 1264 0102 3B       		.uleb128 0x3b
 1265 0103 0B       		.uleb128 0xb
 1266 0104 27       		.uleb128 0x27
 1267 0105 19       		.uleb128 0x19
 1268 0106 11       		.uleb128 0x11
 1269 0107 01       		.uleb128 0x1
 1270 0108 12       		.uleb128 0x12
 1271 0109 06       		.uleb128 0x6
 1272 010a 40       		.uleb128 0x40
 1273 010b 18       		.uleb128 0x18
 1274 010c 9742     		.uleb128 0x2117
 1275 010e 19       		.uleb128 0x19
 1276 010f 00       		.byte	0
 1277 0110 00       		.byte	0
 1278 0111 17       		.uleb128 0x17
 1279 0112 2E       		.uleb128 0x2e
 1280 0113 01       		.byte	0x1
 1281 0114 3F       		.uleb128 0x3f
 1282 0115 19       		.uleb128 0x19
 1283 0116 03       		.uleb128 0x3
 1284 0117 0E       		.uleb128 0xe
 1285 0118 3A       		.uleb128 0x3a
 1286 0119 0B       		.uleb128 0xb
 1287 011a 3B       		.uleb128 0x3b
 1288 011b 0B       		.uleb128 0xb
 1289 011c 27       		.uleb128 0x27
 1290 011d 19       		.uleb128 0x19
 1291 011e 11       		.uleb128 0x11
 1292 011f 01       		.uleb128 0x1
 1293 0120 12       		.uleb128 0x12
 1294 0121 06       		.uleb128 0x6
 1295 0122 40       		.uleb128 0x40
 1296 0123 18       		.uleb128 0x18
ARM GAS  /tmp/cc34yzsi.s 			page 24


 1297 0124 9742     		.uleb128 0x2117
 1298 0126 19       		.uleb128 0x19
 1299 0127 01       		.uleb128 0x1
 1300 0128 13       		.uleb128 0x13
 1301 0129 00       		.byte	0
 1302 012a 00       		.byte	0
 1303 012b 18       		.uleb128 0x18
 1304 012c 898201   		.uleb128 0x4109
 1305 012f 01       		.byte	0x1
 1306 0130 11       		.uleb128 0x11
 1307 0131 01       		.uleb128 0x1
 1308 0132 31       		.uleb128 0x31
 1309 0133 13       		.uleb128 0x13
 1310 0134 00       		.byte	0
 1311 0135 00       		.byte	0
 1312 0136 19       		.uleb128 0x19
 1313 0137 8A8201   		.uleb128 0x410a
 1314 013a 00       		.byte	0
 1315 013b 02       		.uleb128 0x2
 1316 013c 18       		.uleb128 0x18
 1317 013d 9142     		.uleb128 0x2111
 1318 013f 18       		.uleb128 0x18
 1319 0140 00       		.byte	0
 1320 0141 00       		.byte	0
 1321 0142 1A       		.uleb128 0x1a
 1322 0143 34       		.uleb128 0x34
 1323 0144 00       		.byte	0
 1324 0145 03       		.uleb128 0x3
 1325 0146 0E       		.uleb128 0xe
 1326 0147 3A       		.uleb128 0x3a
 1327 0148 0B       		.uleb128 0xb
 1328 0149 3B       		.uleb128 0x3b
 1329 014a 05       		.uleb128 0x5
 1330 014b 49       		.uleb128 0x49
 1331 014c 13       		.uleb128 0x13
 1332 014d 3F       		.uleb128 0x3f
 1333 014e 19       		.uleb128 0x19
 1334 014f 3C       		.uleb128 0x3c
 1335 0150 19       		.uleb128 0x19
 1336 0151 00       		.byte	0
 1337 0152 00       		.byte	0
 1338 0153 1B       		.uleb128 0x1b
 1339 0154 34       		.uleb128 0x34
 1340 0155 00       		.byte	0
 1341 0156 03       		.uleb128 0x3
 1342 0157 08       		.uleb128 0x8
 1343 0158 3A       		.uleb128 0x3a
 1344 0159 0B       		.uleb128 0xb
 1345 015a 3B       		.uleb128 0x3b
 1346 015b 05       		.uleb128 0x5
 1347 015c 49       		.uleb128 0x49
 1348 015d 13       		.uleb128 0x13
 1349 015e 3F       		.uleb128 0x3f
 1350 015f 19       		.uleb128 0x19
 1351 0160 3C       		.uleb128 0x3c
 1352 0161 19       		.uleb128 0x19
 1353 0162 00       		.byte	0
ARM GAS  /tmp/cc34yzsi.s 			page 25


 1354 0163 00       		.byte	0
 1355 0164 1C       		.uleb128 0x1c
 1356 0165 34       		.uleb128 0x34
 1357 0166 00       		.byte	0
 1358 0167 03       		.uleb128 0x3
 1359 0168 0E       		.uleb128 0xe
 1360 0169 3A       		.uleb128 0x3a
 1361 016a 0B       		.uleb128 0xb
 1362 016b 3B       		.uleb128 0x3b
 1363 016c 0B       		.uleb128 0xb
 1364 016d 49       		.uleb128 0x49
 1365 016e 13       		.uleb128 0x13
 1366 016f 3F       		.uleb128 0x3f
 1367 0170 19       		.uleb128 0x19
 1368 0171 02       		.uleb128 0x2
 1369 0172 18       		.uleb128 0x18
 1370 0173 00       		.byte	0
 1371 0174 00       		.byte	0
 1372 0175 1D       		.uleb128 0x1d
 1373 0176 2E       		.uleb128 0x2e
 1374 0177 01       		.byte	0x1
 1375 0178 3F       		.uleb128 0x3f
 1376 0179 19       		.uleb128 0x19
 1377 017a 03       		.uleb128 0x3
 1378 017b 0E       		.uleb128 0xe
 1379 017c 3A       		.uleb128 0x3a
 1380 017d 0B       		.uleb128 0xb
 1381 017e 3B       		.uleb128 0x3b
 1382 017f 05       		.uleb128 0x5
 1383 0180 27       		.uleb128 0x27
 1384 0181 19       		.uleb128 0x19
 1385 0182 3C       		.uleb128 0x3c
 1386 0183 19       		.uleb128 0x19
 1387 0184 00       		.byte	0
 1388 0185 00       		.byte	0
 1389 0186 00       		.byte	0
 1390              		.section	.debug_aranges,"",%progbits
 1391 0000 3C000000 		.4byte	0x3c
 1392 0004 0200     		.2byte	0x2
 1393 0006 00000000 		.4byte	.Ldebug_info0
 1394 000a 04       		.byte	0x4
 1395 000b 00       		.byte	0
 1396 000c 0000     		.2byte	0
 1397 000e 0000     		.2byte	0
 1398 0010 00000000 		.4byte	.LFB267
 1399 0014 14000000 		.4byte	.LFE267-.LFB267
 1400 0018 00000000 		.4byte	.LFB268
 1401 001c 02000000 		.4byte	.LFE268-.LFB268
 1402 0020 00000000 		.4byte	.LFB269
 1403 0024 02000000 		.4byte	.LFE269-.LFB269
 1404 0028 00000000 		.4byte	.LFB270
 1405 002c 02000000 		.4byte	.LFE270-.LFB270
 1406 0030 00000000 		.4byte	.LFB271
 1407 0034 10000000 		.4byte	.LFE271-.LFB271
 1408 0038 00000000 		.4byte	0
 1409 003c 00000000 		.4byte	0
 1410              		.section	.debug_ranges,"",%progbits
ARM GAS  /tmp/cc34yzsi.s 			page 26


 1411              	.Ldebug_ranges0:
 1412 0000 00000000 		.4byte	.LFB267
 1413 0004 14000000 		.4byte	.LFE267
 1414 0008 00000000 		.4byte	.LFB268
 1415 000c 02000000 		.4byte	.LFE268
 1416 0010 00000000 		.4byte	.LFB269
 1417 0014 02000000 		.4byte	.LFE269
 1418 0018 00000000 		.4byte	.LFB270
 1419 001c 02000000 		.4byte	.LFE270
 1420 0020 00000000 		.4byte	.LFB271
 1421 0024 10000000 		.4byte	.LFE271
 1422 0028 00000000 		.4byte	0
 1423 002c 00000000 		.4byte	0
 1424              		.section	.debug_line,"",%progbits
 1425              	.Ldebug_line0:
 1426 0000 C2010000 		.section	.debug_str,"MS",%progbits,1
 1426      02005101 
 1426      00000201 
 1426      FB0E0D00 
 1426      01010101 
 1427              	.LASF22:
 1428 0000 74687265 		.ascii	"thread_t\000"
 1428      61645F74 
 1428      00
 1429              	.LASF15:
 1430 0009 74726566 		.ascii	"trefs_t\000"
 1430      735F7400 
 1431              	.LASF53:
 1432 0011 725F6F6C 		.ascii	"r_older\000"
 1432      64657200 
 1433              	.LASF107:
 1434 0019 2F686F6D 		.ascii	"/home/bunnie/code/chibios-netvcr/netvcr\000"
 1434      652F6275 
 1434      6E6E6965 
 1434      2F636F64 
 1434      652F6368 
 1435              	.LASF67:
 1436 0041 63685F73 		.ascii	"ch_system_debug\000"
 1436      79737465 
 1436      6D5F6465 
 1436      62756700 
 1437              	.LASF10:
 1438 0051 75696E74 		.ascii	"uint64_t\000"
 1438      36345F74 
 1438      00
 1439              	.LASF73:
 1440 005a 6D61696E 		.ascii	"mainthread\000"
 1440      74687265 
 1440      616400
 1441              	.LASF2:
 1442 0065 73686F72 		.ascii	"short int\000"
 1442      7420696E 
 1442      7400
 1443              	.LASF3:
 1444 006f 73697A65 		.ascii	"size_t\000"
 1444      5F7400
 1445              	.LASF49:
ARM GAS  /tmp/cc34yzsi.s 			page 27


 1446 0076 725F7175 		.ascii	"r_queue\000"
 1446      65756500 
 1447              	.LASF93:
 1448 007e 6D5F6E65 		.ascii	"m_next\000"
 1448      787400
 1449              	.LASF75:
 1450 0085 73697A65 		.ascii	"sizetype\000"
 1450      74797065 
 1450      00
 1451              	.LASF24:
 1452 008e 705F7072 		.ascii	"p_prev\000"
 1452      657600
 1453              	.LASF51:
 1454 0095 725F6374 		.ascii	"r_ctx\000"
 1454      7800
 1455              	.LASF104:
 1456 009b 5F5F7374 		.ascii	"__stack_chk_guard\000"
 1456      61636B5F 
 1456      63686B5F 
 1456      67756172 
 1456      6400
 1457              	.LASF19:
 1458 00ad 6576656E 		.ascii	"eventmask_t\000"
 1458      746D6173 
 1458      6B5F7400 
 1459              	.LASF35:
 1460 00b9 705F6D73 		.ascii	"p_msgqueue\000"
 1460      67717565 
 1460      756500
 1461              	.LASF25:
 1462 00c4 705F7072 		.ascii	"p_prio\000"
 1462      696F00
 1463              	.LASF23:
 1464 00cb 705F6E65 		.ascii	"p_next\000"
 1464      787400
 1465              	.LASF72:
 1466 00d2 76746C69 		.ascii	"vtlist\000"
 1466      737400
 1467              	.LASF62:
 1468 00d9 76745F70 		.ascii	"vt_par\000"
 1468      617200
 1469              	.LASF61:
 1470 00e0 76745F66 		.ascii	"vt_func\000"
 1470      756E6300 
 1471              	.LASF76:
 1472 00e8 72656761 		.ascii	"regarm_t\000"
 1472      726D5F74 
 1472      00
 1473              	.LASF100:
 1474 00f1 55736167 		.ascii	"UsageFault_Handler\000"
 1474      65466175 
 1474      6C745F48 
 1474      616E646C 
 1474      657200
 1475              	.LASF6:
 1476 0104 75696E74 		.ascii	"uint8_t\000"
 1476      385F7400 
ARM GAS  /tmp/cc34yzsi.s 			page 28


 1477              	.LASF102:
 1478 010c 48415244 		.ascii	"HARDFAULT_PSP\000"
 1478      4641554C 
 1478      545F5053 
 1478      5000
 1479              	.LASF65:
 1480 011a 76745F73 		.ascii	"vt_systime\000"
 1480      79737469 
 1480      6D6500
 1481              	.LASF16:
 1482 0125 74736C69 		.ascii	"tslices_t\000"
 1482      6365735F 
 1482      7400
 1483              	.LASF12:
 1484 012f 75696E74 		.ascii	"uintptr_t\000"
 1484      7074725F 
 1484      7400
 1485              	.LASF9:
 1486 0139 75696E74 		.ascii	"uint32_t\000"
 1486      33325F74 
 1486      00
 1487              	.LASF43:
 1488 0142 63685F74 		.ascii	"ch_thread\000"
 1488      68726561 
 1488      6400
 1489              	.LASF37:
 1490 014c 705F6570 		.ascii	"p_epending\000"
 1490      656E6469 
 1490      6E6700
 1491              	.LASF69:
 1492 0157 63685F73 		.ascii	"ch_system_t\000"
 1492      79737465 
 1492      6D5F7400 
 1493              	.LASF13:
 1494 0163 746D6F64 		.ascii	"tmode_t\000"
 1494      655F7400 
 1495              	.LASF5:
 1496 016b 6C6F6E67 		.ascii	"long long int\000"
 1496      206C6F6E 
 1496      6720696E 
 1496      7400
 1497              	.LASF84:
 1498 0179 77747365 		.ascii	"wtsemp\000"
 1498      6D7000
 1499              	.LASF17:
 1500 0180 74707269 		.ascii	"tprio_t\000"
 1500      6F5F7400 
 1501              	.LASF70:
 1502 0188 63685F73 		.ascii	"ch_system\000"
 1502      79737465 
 1502      6D00
 1503              	.LASF56:
 1504 0192 76697274 		.ascii	"virtual_timer_t\000"
 1504      75616C5F 
 1504      74696D65 
 1504      725F7400 
 1505              	.LASF66:
ARM GAS  /tmp/cc34yzsi.s 			page 29


 1506 01a2 73797374 		.ascii	"system_debug_t\000"
 1506      656D5F64 
 1506      65627567 
 1506      5F7400
 1507              	.LASF91:
 1508 01b1 6D5F7175 		.ascii	"m_queue\000"
 1508      65756500 
 1509              	.LASF78:
 1510 01b9 636F6E74 		.ascii	"context\000"
 1510      65787400 
 1511              	.LASF44:
 1512 01c1 63685F74 		.ascii	"ch_threads_list\000"
 1512      68726561 
 1512      64735F6C 
 1512      69737400 
 1513              	.LASF54:
 1514 01d1 725F6375 		.ascii	"r_current\000"
 1514      7272656E 
 1514      7400
 1515              	.LASF36:
 1516 01db 705F6D73 		.ascii	"p_msg\000"
 1516      6700
 1517              	.LASF89:
 1518 01e1 735F636E 		.ascii	"s_cnt\000"
 1518      7400
 1519              	.LASF7:
 1520 01e7 756E7369 		.ascii	"unsigned char\000"
 1520      676E6564 
 1520      20636861 
 1520      7200
 1521              	.LASF46:
 1522 01f5 63685F74 		.ascii	"ch_threads_queue\000"
 1522      68726561 
 1522      64735F71 
 1522      75657565 
 1522      00
 1523              	.LASF86:
 1524 0206 65776D61 		.ascii	"ewmask\000"
 1524      736B00
 1525              	.LASF109:
 1526 020d 63685379 		.ascii	"chSysHalt\000"
 1526      7348616C 
 1526      7400
 1527              	.LASF1:
 1528 0217 7369676E 		.ascii	"signed char\000"
 1528      65642063 
 1528      68617200 
 1529              	.LASF27:
 1530 0223 705F6E65 		.ascii	"p_newer\000"
 1530      77657200 
 1531              	.LASF11:
 1532 022b 6C6F6E67 		.ascii	"long long unsigned int\000"
 1532      206C6F6E 
 1532      6720756E 
 1532      7369676E 
 1532      65642069 
 1533              	.LASF90:
ARM GAS  /tmp/cc34yzsi.s 			page 30


 1534 0242 63685F6D 		.ascii	"ch_mutex\000"
 1534      75746578 
 1534      00
 1535              	.LASF0:
 1536 024b 756E7369 		.ascii	"unsigned int\000"
 1536      676E6564 
 1536      20696E74 
 1536      00
 1537              	.LASF64:
 1538 0258 63685F76 		.ascii	"ch_virtual_timers_list\000"
 1538      69727475 
 1538      616C5F74 
 1538      696D6572 
 1538      735F6C69 
 1539              	.LASF95:
 1540 026f 6D757465 		.ascii	"mutex_t\000"
 1540      785F7400 
 1541              	.LASF58:
 1542 0277 76745F6E 		.ascii	"vt_next\000"
 1542      65787400 
 1543              	.LASF63:
 1544 027f 76697274 		.ascii	"virtual_timers_list_t\000"
 1544      75616C5F 
 1544      74696D65 
 1544      72735F6C 
 1544      6973745F 
 1545              	.LASF108:
 1546 0295 5F5F7374 		.ascii	"__stack_chk_fail\000"
 1546      61636B5F 
 1546      63686B5F 
 1546      6661696C 
 1546      00
 1547              	.LASF45:
 1548 02a6 74687265 		.ascii	"threads_queue_t\000"
 1548      6164735F 
 1548      71756575 
 1548      655F7400 
 1549              	.LASF52:
 1550 02b6 725F6E65 		.ascii	"r_newer\000"
 1550      77657200 
 1551              	.LASF31:
 1552 02be 705F666C 		.ascii	"p_flags\000"
 1552      61677300 
 1553              	.LASF33:
 1554 02c6 705F7072 		.ascii	"p_preempt\000"
 1554      65656D70 
 1554      7400
 1555              	.LASF39:
 1556 02d0 705F7265 		.ascii	"p_realprio\000"
 1556      616C7072 
 1556      696F00
 1557              	.LASF21:
 1558 02db 73797374 		.ascii	"systime_t\000"
 1558      696D655F 
 1558      7400
 1559              	.LASF71:
 1560 02e5 726C6973 		.ascii	"rlist\000"
ARM GAS  /tmp/cc34yzsi.s 			page 31


 1560      7400
 1561              	.LASF94:
 1562 02eb 63686172 		.ascii	"char\000"
 1562      00
 1563              	.LASF88:
 1564 02f0 735F7175 		.ascii	"s_queue\000"
 1564      65756500 
 1565              	.LASF57:
 1566 02f8 63685F76 		.ascii	"ch_virtual_timer\000"
 1566      69727475 
 1566      616C5F74 
 1566      696D6572 
 1566      00
 1567              	.LASF4:
 1568 0309 696E7433 		.ascii	"int32_t\000"
 1568      325F7400 
 1569              	.LASF50:
 1570 0311 725F7072 		.ascii	"r_prio\000"
 1570      696F00
 1571              	.LASF20:
 1572 0318 636E745F 		.ascii	"cnt_t\000"
 1572      7400
 1573              	.LASF30:
 1574 031e 705F7374 		.ascii	"p_state\000"
 1574      61746500 
 1575              	.LASF96:
 1576 0326 5F426F6F 		.ascii	"_Bool\000"
 1576      6C00
 1577              	.LASF34:
 1578 032c 705F7761 		.ascii	"p_waiting\000"
 1578      6974696E 
 1578      6700
 1579              	.LASF38:
 1580 0336 705F6D74 		.ascii	"p_mtxlist\000"
 1580      786C6973 
 1580      7400
 1581              	.LASF29:
 1582 0340 705F6E61 		.ascii	"p_name\000"
 1582      6D6500
 1583              	.LASF74:
 1584 0347 69646C65 		.ascii	"idle_thread_wa\000"
 1584      5F746872 
 1584      6561645F 
 1584      776100
 1585              	.LASF60:
 1586 0356 76745F64 		.ascii	"vt_delta\000"
 1586      656C7461 
 1586      00
 1587              	.LASF97:
 1588 035f 48617264 		.ascii	"HardFault_Handler\000"
 1588      4661756C 
 1588      745F4861 
 1588      6E646C65 
 1588      7200
 1589              	.LASF68:
 1590 0371 70616E69 		.ascii	"panic_msg\000"
 1590      635F6D73 
ARM GAS  /tmp/cc34yzsi.s 			page 32


 1590      6700
 1591              	.LASF106:
 1592 037b 6F726368 		.ascii	"orchard-vectors.c\000"
 1592      6172642D 
 1592      76656374 
 1592      6F72732E 
 1592      6300
 1593              	.LASF105:
 1594 038d 474E5520 		.ascii	"GNU C 4.9.2 -mcpu=cortex-m4 -mfloat-abi=soft -mfp16"
 1594      4320342E 
 1594      392E3220 
 1594      2D6D6370 
 1594      753D636F 
 1595 03c0 2D666F72 		.ascii	"-format=none -mno-thumb-interwork -mthumb -mfpu=vfp"
 1595      6D61743D 
 1595      6E6F6E65 
 1595      202D6D6E 
 1595      6F2D7468 
 1596 03f3 76332D64 		.ascii	"v3-d16 -mtls-dialect=gnu -ggdb -O2 -fomit-frame-poi"
 1596      3136202D 
 1596      6D746C73 
 1596      2D646961 
 1596      6C656374 
 1597 0426 6E746572 		.ascii	"nter -falign-functions=16 -ffunction-sections -fdat"
 1597      202D6661 
 1597      6C69676E 
 1597      2D66756E 
 1597      6374696F 
 1598 0459 612D7365 		.ascii	"a-sections -fno-common\000"
 1598      6374696F 
 1598      6E73202D 
 1598      666E6F2D 
 1598      636F6D6D 
 1599              	.LASF83:
 1600 0470 77747472 		.ascii	"wttrp\000"
 1600      7000
 1601              	.LASF87:
 1602 0476 63685F73 		.ascii	"ch_semaphore\000"
 1602      656D6170 
 1602      686F7265 
 1602      00
 1603              	.LASF79:
 1604 0483 706F7274 		.ascii	"port_intctx\000"
 1604      5F696E74 
 1604      63747800 
 1605              	.LASF59:
 1606 048f 76745F70 		.ascii	"vt_prev\000"
 1606      72657600 
 1607              	.LASF99:
 1608 0497 42757346 		.ascii	"BusFault_Handler\000"
 1608      61756C74 
 1608      5F48616E 
 1608      646C6572 
 1608      00
 1609              	.LASF41:
 1610 04a8 74687265 		.ascii	"thread_reference_t\000"
 1610      61645F72 
ARM GAS  /tmp/cc34yzsi.s 			page 33


 1610      65666572 
 1610      656E6365 
 1610      5F7400
 1611              	.LASF82:
 1612 04bb 77746F62 		.ascii	"wtobjp\000"
 1612      6A7000
 1613              	.LASF8:
 1614 04c2 73686F72 		.ascii	"short unsigned int\000"
 1614      7420756E 
 1614      7369676E 
 1614      65642069 
 1614      6E7400
 1615              	.LASF14:
 1616 04d5 74737461 		.ascii	"tstate_t\000"
 1616      74655F74 
 1616      00
 1617              	.LASF77:
 1618 04de 73746B61 		.ascii	"stkalign_t\000"
 1618      6C69676E 
 1618      5F7400
 1619              	.LASF81:
 1620 04e9 65786974 		.ascii	"exitcode\000"
 1620      636F6465 
 1620      00
 1621              	.LASF55:
 1622 04f2 76746675 		.ascii	"vtfunc_t\000"
 1622      6E635F74 
 1622      00
 1623              	.LASF28:
 1624 04fb 705F6F6C 		.ascii	"p_older\000"
 1624      64657200 
 1625              	.LASF47:
 1626 0503 72656164 		.ascii	"ready_list_t\000"
 1626      795F6C69 
 1626      73745F74 
 1626      00
 1627              	.LASF98:
 1628 0510 4D656D4D 		.ascii	"MemManage_Handler\000"
 1628      616E6167 
 1628      655F4861 
 1628      6E646C65 
 1628      7200
 1629              	.LASF32:
 1630 0522 705F7265 		.ascii	"p_refs\000"
 1630      667300
 1631              	.LASF48:
 1632 0529 63685F72 		.ascii	"ch_ready_list\000"
 1632      65616479 
 1632      5F6C6973 
 1632      7400
 1633              	.LASF26:
 1634 0537 705F6374 		.ascii	"p_ctx\000"
 1634      7800
 1635              	.LASF101:
 1636 053d 49544D5F 		.ascii	"ITM_RxBuffer\000"
 1636      52784275 
 1636      66666572 
ARM GAS  /tmp/cc34yzsi.s 			page 34


 1636      00
 1637              	.LASF92:
 1638 054a 6D5F6F77 		.ascii	"m_owner\000"
 1638      6E657200 
 1639              	.LASF40:
 1640 0552 705F6D70 		.ascii	"p_mpool\000"
 1640      6F6F6C00 
 1641              	.LASF80:
 1642 055a 7264796D 		.ascii	"rdymsg\000"
 1642      736700
 1643              	.LASF18:
 1644 0561 6D73675F 		.ascii	"msg_t\000"
 1644      7400
 1645              	.LASF85:
 1646 0567 77746D74 		.ascii	"wtmtxp\000"
 1646      787000
 1647              	.LASF103:
 1648 056e 73746163 		.ascii	"stack_pointer\000"
 1648      6B5F706F 
 1648      696E7465 
 1648      7200
 1649              	.LASF42:
 1650 057c 74687265 		.ascii	"threads_list_t\000"
 1650      6164735F 
 1650      6C697374 
 1650      5F7400
 1651              		.ident	"GCC: (Debian 4.9.2-10) 4.9.2"
 1652              		.section	.note.GNU-stack,"",%progbits
ARM GAS  /tmp/cc34yzsi.s 			page 35


DEFINED SYMBOLS
                            *ABS*:00000000 orchard-vectors.c
     /tmp/cc34yzsi.s:19     .text.HardFault_Handler:00000000 $t
     /tmp/cc34yzsi.s:25     .text.HardFault_Handler:00000000 HardFault_Handler
     /tmp/cc34yzsi.s:57     .text.HardFault_Handler:00000010 $d
     /tmp/cc34yzsi.s:62     .text.MemManage_Handler:00000000 $t
     /tmp/cc34yzsi.s:68     .text.MemManage_Handler:00000000 MemManage_Handler
     /tmp/cc34yzsi.s:83     .text.BusFault_Handler:00000000 $t
     /tmp/cc34yzsi.s:89     .text.BusFault_Handler:00000000 BusFault_Handler
     /tmp/cc34yzsi.s:104    .text.UsageFault_Handler:00000000 $t
     /tmp/cc34yzsi.s:110    .text.UsageFault_Handler:00000000 UsageFault_Handler
     /tmp/cc34yzsi.s:125    .text.__stack_chk_fail:00000000 $t
     /tmp/cc34yzsi.s:131    .text.__stack_chk_fail:00000000 __stack_chk_fail
     /tmp/cc34yzsi.s:152    .text.__stack_chk_fail:0000000c $d
     /tmp/cc34yzsi.s:173    .data.__stack_chk_guard:00000000 __stack_chk_guard
     /tmp/cc34yzsi.s:163    .bss.HARDFAULT_PSP:00000000 HARDFAULT_PSP
     /tmp/cc34yzsi.s:159    .bss.HARDFAULT_PSP:00000000 $d
     /tmp/cc34yzsi.s:166    .rodata.str1.4:00000000 $d
     /tmp/cc34yzsi.s:170    .data.__stack_chk_guard:00000000 $d
                     .debug_frame:00000010 $d
     /tmp/cc34yzsi.s:61     .text.HardFault_Handler:00000014 $t

UNDEFINED SYMBOLS
chSysHalt
