ARM GAS  /tmp/ccqJVROR.s 			page 1


   1              		.syntax unified
   2              		.cpu cortex-m4
   3              		.fpu softvfp
   4              		.eabi_attribute 20, 1
   5              		.eabi_attribute 21, 1
   6              		.eabi_attribute 23, 3
   7              		.eabi_attribute 24, 1
   8              		.eabi_attribute 25, 1
   9              		.eabi_attribute 26, 2
  10              		.eabi_attribute 30, 2
  11              		.eabi_attribute 34, 1
  12              		.eabi_attribute 18, 4
  13              		.thumb
  14              		.file	"pal.c"
  15              		.text
  16              	.Ltext0:
  17              		.cfi_sections	.debug_frame
  18              		.section	.text.palReadBus,"ax",%progbits
  19              		.align	2
  20              		.p2align 4,,15
  21              		.global	palReadBus
  22              		.thumb
  23              		.thumb_func
  24              		.type	palReadBus, %function
  25              	palReadBus:
  26              	.LFB267:
  27              		.file 1 "../os/hal/src/pal.c"
  28              		.loc 1 65 0
  29              		.cfi_startproc
  30              		@ args = 0, pretend = 0, frame = 0
  31              		@ frame_needed = 0, uses_anonymous_args = 0
  32              		@ link register save eliminated.
  33              	.LVL0:
  34              		.loc 1 70 0
  35 0000 0020     		movs	r0, #0
  36              	.LVL1:
  37 0002 7047     		bx	lr
  38              		.cfi_endproc
  39              	.LFE267:
  40              		.size	palReadBus, .-palReadBus
  41 0004 AFF30080 		.section	.text.palWriteBus,"ax",%progbits
  41      AFF30080 
  41      AFF30080 
  42              		.align	2
  43              		.p2align 4,,15
  44              		.global	palWriteBus
  45              		.thumb
  46              		.thumb_func
  47              		.type	palWriteBus, %function
  48              	palWriteBus:
  49              	.LFB268:
  50              		.loc 1 90 0
  51              		.cfi_startproc
  52              		@ args = 0, pretend = 0, frame = 0
  53              		@ frame_needed = 0, uses_anonymous_args = 0
  54              		@ link register save eliminated.
  55              	.LVL2:
ARM GAS  /tmp/ccqJVROR.s 			page 2


  56 0000 7047     		bx	lr
  57              		.cfi_endproc
  58              	.LFE268:
  59              		.size	palWriteBus, .-palWriteBus
  60 0002 00BFAFF3 		.section	.text.palSetBusMode,"ax",%progbits
  60      0080AFF3 
  60      0080AFF3 
  60      0080
  61              		.align	2
  62              		.p2align 4,,15
  63              		.global	palSetBusMode
  64              		.thumb
  65              		.thumb_func
  66              		.type	palSetBusMode, %function
  67              	palSetBusMode:
  68              	.LFB269:
  69              		.loc 1 113 0
  70              		.cfi_startproc
  71              		@ args = 0, pretend = 0, frame = 0
  72              		@ frame_needed = 0, uses_anonymous_args = 0
  73              		@ link register save eliminated.
  74              	.LVL3:
  75              		.loc 1 117 0
  76 0000 037A     		ldrb	r3, [r0, #8]	@ zero_extendqisi2
  77              		.loc 1 113 0
  78 0002 0A46     		mov	r2, r1
  79              		.loc 1 117 0
  80 0004 03C8     		ldmia	r0, {r0, r1}
  81              	.LVL4:
  82 0006 9940     		lsls	r1, r1, r3
  83 0008 FFF7FEBF 		b	_pal_lld_setgroupmode
  84              	.LVL5:
  85              		.cfi_endproc
  86              	.LFE269:
  87              		.size	palSetBusMode, .-palSetBusMode
  88 000c AFF30080 		.text
  89              	.Letext0:
  90              		.file 2 "/usr/include/stdint.h"
  91              		.file 3 "../os/rt/ports/ARMCMx/compilers/GCC/chtypes.h"
  92              		.file 4 "../os/rt/include/chsystypes.h"
  93              		.file 5 "../os/rt/include/chschd.h"
  94              		.file 6 "../os/ext/CMSIS/KINETIS/mk20d5.h"
  95              		.file 7 "../os/rt/ports/ARMCMx/chcore.h"
  96              		.file 8 "../os/rt/ports/ARMCMx/chcore_v7m.h"
  97              		.file 9 "../os/rt/include/chsem.h"
  98              		.file 10 "../os/rt/include/chmtx.h"
  99              		.file 11 "../os/hal/ports/KINETIS/K20x/pal_lld.h"
 100              		.file 12 "../os/hal/include/pal.h"
 101              		.file 13 "../os/ext/CMSIS/include/core_cm4.h"
 102              		.section	.debug_info,"",%progbits
 103              	.Ldebug_info0:
 104 0000 CA070000 		.4byte	0x7ca
 105 0004 0400     		.2byte	0x4
 106 0006 00000000 		.4byte	.Ldebug_abbrev0
 107 000a 04       		.byte	0x4
 108 000b 01       		.uleb128 0x1
 109 000c 43000000 		.4byte	.LASF116
ARM GAS  /tmp/ccqJVROR.s 			page 3


 110 0010 01       		.byte	0x1
 111 0011 E6010000 		.4byte	.LASF117
 112 0015 87040000 		.4byte	.LASF118
 113 0019 00000000 		.4byte	.Ldebug_ranges0+0
 114 001d 00000000 		.4byte	0
 115 0021 00000000 		.4byte	.Ldebug_line0
 116 0025 02       		.uleb128 0x2
 117 0026 04       		.byte	0x4
 118 0027 05       		.byte	0x5
 119 0028 696E7400 		.ascii	"int\000"
 120 002c 03       		.uleb128 0x3
 121 002d 04       		.byte	0x4
 122 002e 07       		.byte	0x7
 123 002f 3C020000 		.4byte	.LASF0
 124 0033 03       		.uleb128 0x3
 125 0034 01       		.byte	0x1
 126 0035 06       		.byte	0x6
 127 0036 A6010000 		.4byte	.LASF1
 128 003a 03       		.uleb128 0x3
 129 003b 02       		.byte	0x2
 130 003c 05       		.byte	0x5
 131 003d C0030000 		.4byte	.LASF2
 132 0041 04       		.uleb128 0x4
 133 0042 A0030000 		.4byte	.LASF4
 134 0046 02       		.byte	0x2
 135 0047 26       		.byte	0x26
 136 0048 25000000 		.4byte	0x25
 137 004c 03       		.uleb128 0x3
 138 004d 08       		.byte	0x8
 139 004e 05       		.byte	0x5
 140 004f 98010000 		.4byte	.LASF3
 141 0053 04       		.uleb128 0x4
 142 0054 60050000 		.4byte	.LASF5
 143 0058 02       		.byte	0x2
 144 0059 30       		.byte	0x30
 145 005a 5E000000 		.4byte	0x5e
 146 005e 03       		.uleb128 0x3
 147 005f 01       		.byte	0x1
 148 0060 08       		.byte	0x8
 149 0061 A8030000 		.4byte	.LASF6
 150 0065 03       		.uleb128 0x3
 151 0066 02       		.byte	0x2
 152 0067 07       		.byte	0x7
 153 0068 76020000 		.4byte	.LASF7
 154 006c 04       		.uleb128 0x4
 155 006d 51040000 		.4byte	.LASF8
 156 0071 02       		.byte	0x2
 157 0072 33       		.byte	0x33
 158 0073 2C000000 		.4byte	0x2c
 159 0077 04       		.uleb128 0x4
 160 0078 1F000000 		.4byte	.LASF9
 161 007c 02       		.byte	0x2
 162 007d 3A       		.byte	0x3a
 163 007e 82000000 		.4byte	0x82
 164 0082 03       		.uleb128 0x3
 165 0083 08       		.byte	0x8
 166 0084 07       		.byte	0x7
ARM GAS  /tmp/ccqJVROR.s 			page 4


 167 0085 33010000 		.4byte	.LASF10
 168 0089 04       		.uleb128 0x4
 169 008a F1030000 		.4byte	.LASF11
 170 008e 02       		.byte	0x2
 171 008f 67       		.byte	0x67
 172 0090 5E000000 		.4byte	0x5e
 173 0094 04       		.uleb128 0x4
 174 0095 B0020000 		.4byte	.LASF12
 175 0099 03       		.byte	0x3
 176 009a 3C       		.byte	0x3c
 177 009b 53000000 		.4byte	0x53
 178 009f 04       		.uleb128 0x4
 179 00a0 D8010000 		.4byte	.LASF13
 180 00a4 03       		.byte	0x3
 181 00a5 3D       		.byte	0x3d
 182 00a6 53000000 		.4byte	0x53
 183 00aa 04       		.uleb128 0x4
 184 00ab 63030000 		.4byte	.LASF14
 185 00af 03       		.byte	0x3
 186 00b0 3E       		.byte	0x3e
 187 00b1 53000000 		.4byte	0x53
 188 00b5 04       		.uleb128 0x4
 189 00b6 C9010000 		.4byte	.LASF15
 190 00ba 03       		.byte	0x3
 191 00bb 3F       		.byte	0x3f
 192 00bc 53000000 		.4byte	0x53
 193 00c0 04       		.uleb128 0x4
 194 00c1 82030000 		.4byte	.LASF16
 195 00c5 03       		.byte	0x3
 196 00c6 40       		.byte	0x40
 197 00c7 6C000000 		.4byte	0x6c
 198 00cb 04       		.uleb128 0x4
 199 00cc 9E020000 		.4byte	.LASF17
 200 00d0 03       		.byte	0x3
 201 00d1 41       		.byte	0x41
 202 00d2 41000000 		.4byte	0x41
 203 00d6 04       		.uleb128 0x4
 204 00d7 C6020000 		.4byte	.LASF18
 205 00db 03       		.byte	0x3
 206 00dc 43       		.byte	0x43
 207 00dd 6C000000 		.4byte	0x6c
 208 00e1 04       		.uleb128 0x4
 209 00e2 36020000 		.4byte	.LASF19
 210 00e6 03       		.byte	0x3
 211 00e7 45       		.byte	0x45
 212 00e8 41000000 		.4byte	0x41
 213 00ec 04       		.uleb128 0x4
 214 00ed CF040000 		.4byte	.LASF20
 215 00f1 04       		.byte	0x4
 216 00f2 33       		.byte	0x33
 217 00f3 6C000000 		.4byte	0x6c
 218 00f7 04       		.uleb128 0x4
 219 00f8 BF040000 		.4byte	.LASF21
 220 00fc 04       		.byte	0x4
 221 00fd 3F       		.byte	0x3f
 222 00fe 02010000 		.4byte	0x102
 223 0102 05       		.uleb128 0x5
ARM GAS  /tmp/ccqJVROR.s 			page 5


 224 0103 89020000 		.4byte	.LASF42
 225 0107 44       		.byte	0x44
 226 0108 05       		.byte	0x5
 227 0109 C2       		.byte	0xc2
 228 010a FB010000 		.4byte	0x1fb
 229 010e 06       		.uleb128 0x6
 230 010f EA030000 		.4byte	.LASF22
 231 0113 05       		.byte	0x5
 232 0114 C3       		.byte	0xc3
 233 0115 06020000 		.4byte	0x206
 234 0119 00       		.byte	0
 235 011a 06       		.uleb128 0x6
 236 011b 7B030000 		.4byte	.LASF23
 237 011f 05       		.byte	0x5
 238 0120 C5       		.byte	0xc5
 239 0121 06020000 		.4byte	0x206
 240 0125 04       		.byte	0x4
 241 0126 06       		.uleb128 0x6
 242 0127 8C010000 		.4byte	.LASF24
 243 012b 05       		.byte	0x5
 244 012c C7       		.byte	0xc7
 245 012d C0000000 		.4byte	0xc0
 246 0131 08       		.byte	0x8
 247 0132 06       		.uleb128 0x6
 248 0133 9D050000 		.4byte	.LASF25
 249 0137 05       		.byte	0x5
 250 0138 C8       		.byte	0xc8
 251 0139 93040000 		.4byte	0x493
 252 013d 0C       		.byte	0xc
 253 013e 06       		.uleb128 0x6
 254 013f FA010000 		.4byte	.LASF26
 255 0143 05       		.byte	0x5
 256 0144 CA       		.byte	0xca
 257 0145 06020000 		.4byte	0x206
 258 0149 10       		.byte	0x10
 259 014a 06       		.uleb128 0x6
 260 014b 2E030000 		.4byte	.LASF27
 261 014f 05       		.byte	0x5
 262 0150 CB       		.byte	0xcb
 263 0151 06020000 		.4byte	0x206
 264 0155 14       		.byte	0x14
 265 0156 06       		.uleb128 0x6
 266 0157 74050000 		.4byte	.LASF28
 267 015b 05       		.byte	0x5
 268 015c D2       		.byte	0xd2
 269 015d F2050000 		.4byte	0x5f2
 270 0161 18       		.byte	0x18
 271 0162 06       		.uleb128 0x6
 272 0163 CA030000 		.4byte	.LASF29
 273 0167 05       		.byte	0x5
 274 0168 DD       		.byte	0xdd
 275 0169 9F000000 		.4byte	0x9f
 276 016d 1C       		.byte	0x1c
 277 016e 06       		.uleb128 0x6
 278 016f FE030000 		.4byte	.LASF30
 279 0173 05       		.byte	0x5
 280 0174 E1       		.byte	0xe1
ARM GAS  /tmp/ccqJVROR.s 			page 6


 281 0175 94000000 		.4byte	0x94
 282 0179 1D       		.byte	0x1d
 283 017a 06       		.uleb128 0x6
 284 017b 53050000 		.4byte	.LASF31
 285 017f 05       		.byte	0x5
 286 0180 E6       		.byte	0xe6
 287 0181 AA000000 		.4byte	0xaa
 288 0185 1E       		.byte	0x1e
 289 0186 06       		.uleb128 0x6
 290 0187 D2030000 		.4byte	.LASF32
 291 018b 05       		.byte	0x5
 292 018c EC       		.byte	0xec
 293 018d B5000000 		.4byte	0xb5
 294 0191 1F       		.byte	0x1f
 295 0192 07       		.uleb128 0x7
 296 0193 705F7500 		.ascii	"p_u\000"
 297 0197 05       		.byte	0x5
 298 0198 3101     		.2byte	0x131
 299 019a 2D050000 		.4byte	0x52d
 300 019e 20       		.byte	0x20
 301 019f 08       		.uleb128 0x8
 302 01a0 F1020000 		.4byte	.LASF33
 303 01a4 05       		.byte	0x5
 304 01a5 3601     		.2byte	0x136
 305 01a7 0C020000 		.4byte	0x20c
 306 01ab 24       		.byte	0x24
 307 01ac 08       		.uleb128 0x8
 308 01ad 58020000 		.4byte	.LASF34
 309 01b1 05       		.byte	0x5
 310 01b2 3C01     		.2byte	0x13c
 311 01b4 30020000 		.4byte	0x230
 312 01b8 28       		.byte	0x28
 313 01b9 08       		.uleb128 0x8
 314 01ba 86050000 		.4byte	.LASF35
 315 01be 05       		.byte	0x5
 316 01bf 4001     		.2byte	0x140
 317 01c1 CB000000 		.4byte	0xcb
 318 01c5 30       		.byte	0x30
 319 01c6 08       		.uleb128 0x8
 320 01c7 46040000 		.4byte	.LASF36
 321 01cb 05       		.byte	0x5
 322 01cc 4601     		.2byte	0x146
 323 01ce D6000000 		.4byte	0xd6
 324 01d2 34       		.byte	0x34
 325 01d3 08       		.uleb128 0x8
 326 01d4 B6030000 		.4byte	.LASF37
 327 01d8 05       		.byte	0x5
 328 01d9 4D01     		.2byte	0x14d
 329 01db EC050000 		.4byte	0x5ec
 330 01df 38       		.byte	0x38
 331 01e0 08       		.uleb128 0x8
 332 01e1 D9040000 		.4byte	.LASF38
 333 01e5 05       		.byte	0x5
 334 01e6 5101     		.2byte	0x151
 335 01e8 C0000000 		.4byte	0xc0
 336 01ec 3C       		.byte	0x3c
 337 01ed 08       		.uleb128 0x8
ARM GAS  /tmp/ccqJVROR.s 			page 7


 338 01ee B2010000 		.4byte	.LASF39
 339 01f2 05       		.byte	0x5
 340 01f3 5801     		.2byte	0x158
 341 01f5 E3020000 		.4byte	0x2e3
 342 01f9 40       		.byte	0x40
 343 01fa 00       		.byte	0
 344 01fb 04       		.uleb128 0x4
 345 01fc 04030000 		.4byte	.LASF40
 346 0200 04       		.byte	0x4
 347 0201 44       		.byte	0x44
 348 0202 06020000 		.4byte	0x206
 349 0206 09       		.uleb128 0x9
 350 0207 04       		.byte	0x4
 351 0208 F7000000 		.4byte	0xf7
 352 020c 04       		.uleb128 0x4
 353 020d DD020000 		.4byte	.LASF41
 354 0211 04       		.byte	0x4
 355 0212 49       		.byte	0x49
 356 0213 17020000 		.4byte	0x217
 357 0217 05       		.uleb128 0x5
 358 0218 72040000 		.4byte	.LASF43
 359 021c 04       		.byte	0x4
 360 021d 05       		.byte	0x5
 361 021e B0       		.byte	0xb0
 362 021f 30020000 		.4byte	0x230
 363 0223 06       		.uleb128 0x6
 364 0224 EA030000 		.4byte	.LASF22
 365 0228 05       		.byte	0x5
 366 0229 B1       		.byte	0xb1
 367 022a 06020000 		.4byte	0x206
 368 022e 00       		.byte	0
 369 022f 00       		.byte	0
 370 0230 04       		.uleb128 0x4
 371 0231 3A050000 		.4byte	.LASF44
 372 0235 04       		.byte	0x4
 373 0236 50       		.byte	0x50
 374 0237 3B020000 		.4byte	0x23b
 375 023b 05       		.uleb128 0x5
 376 023c 7B010000 		.4byte	.LASF45
 377 0240 08       		.byte	0x8
 378 0241 05       		.byte	0x5
 379 0242 B7       		.byte	0xb7
 380 0243 60020000 		.4byte	0x260
 381 0247 06       		.uleb128 0x6
 382 0248 EA030000 		.4byte	.LASF22
 383 024c 05       		.byte	0x5
 384 024d B8       		.byte	0xb8
 385 024e 06020000 		.4byte	0x206
 386 0252 00       		.byte	0
 387 0253 06       		.uleb128 0x6
 388 0254 7B030000 		.4byte	.LASF23
 389 0258 05       		.byte	0x5
 390 0259 B9       		.byte	0xb9
 391 025a 06020000 		.4byte	0x206
 392 025e 04       		.byte	0x4
 393 025f 00       		.byte	0
 394 0260 04       		.uleb128 0x4
ARM GAS  /tmp/ccqJVROR.s 			page 8


 395 0261 00000000 		.4byte	.LASF46
 396 0265 04       		.byte	0x4
 397 0266 57       		.byte	0x57
 398 0267 6B020000 		.4byte	0x26b
 399 026b 0A       		.uleb128 0xa
 400 026c B8020000 		.4byte	.LASF47
 401 0270 1C       		.byte	0x1c
 402 0271 05       		.byte	0x5
 403 0272 9001     		.2byte	0x190
 404 0274 C7020000 		.4byte	0x2c7
 405 0278 08       		.uleb128 0x8
 406 0279 61040000 		.4byte	.LASF48
 407 027d 05       		.byte	0x5
 408 027e 9101     		.2byte	0x191
 409 0280 30020000 		.4byte	0x230
 410 0284 00       		.byte	0
 411 0285 08       		.uleb128 0x8
 412 0286 DC030000 		.4byte	.LASF49
 413 028a 05       		.byte	0x5
 414 028b 9201     		.2byte	0x192
 415 028d C0000000 		.4byte	0xc0
 416 0291 08       		.byte	0x8
 417 0292 08       		.uleb128 0x8
 418 0293 36030000 		.4byte	.LASF50
 419 0297 05       		.byte	0x5
 420 0298 9401     		.2byte	0x194
 421 029a 93040000 		.4byte	0x493
 422 029e 0C       		.byte	0xc
 423 029f 08       		.uleb128 0x8
 424 02a0 0A020000 		.4byte	.LASF51
 425 02a4 05       		.byte	0x5
 426 02a5 9701     		.2byte	0x197
 427 02a7 06020000 		.4byte	0x206
 428 02ab 10       		.byte	0x10
 429 02ac 08       		.uleb128 0x8
 430 02ad 46030000 		.4byte	.LASF52
 431 02b1 05       		.byte	0x5
 432 02b2 9801     		.2byte	0x198
 433 02b4 06020000 		.4byte	0x206
 434 02b8 14       		.byte	0x14
 435 02b9 08       		.uleb128 0x8
 436 02ba 3C030000 		.4byte	.LASF53
 437 02be 05       		.byte	0x5
 438 02bf 9B01     		.2byte	0x19b
 439 02c1 06020000 		.4byte	0x206
 440 02c5 18       		.byte	0x18
 441 02c6 00       		.byte	0
 442 02c7 04       		.uleb128 0x4
 443 02c8 E4040000 		.4byte	.LASF54
 444 02cc 04       		.byte	0x4
 445 02cd 5C       		.byte	0x5c
 446 02ce D2020000 		.4byte	0x2d2
 447 02d2 09       		.uleb128 0x9
 448 02d3 04       		.byte	0x4
 449 02d4 D8020000 		.4byte	0x2d8
 450 02d8 0B       		.uleb128 0xb
 451 02d9 E3020000 		.4byte	0x2e3
ARM GAS  /tmp/ccqJVROR.s 			page 9


 452 02dd 0C       		.uleb128 0xc
 453 02de E3020000 		.4byte	0x2e3
 454 02e2 00       		.byte	0
 455 02e3 0D       		.uleb128 0xd
 456 02e4 04       		.byte	0x4
 457 02e5 04       		.uleb128 0x4
 458 02e6 6B030000 		.4byte	.LASF55
 459 02ea 04       		.byte	0x4
 460 02eb 61       		.byte	0x61
 461 02ec F0020000 		.4byte	0x2f0
 462 02f0 0A       		.uleb128 0xa
 463 02f1 28040000 		.4byte	.LASF56
 464 02f5 14       		.byte	0x14
 465 02f6 05       		.byte	0x5
 466 02f7 6B01     		.2byte	0x16b
 467 02f9 3F030000 		.4byte	0x33f
 468 02fd 08       		.uleb128 0x8
 469 02fe 49020000 		.4byte	.LASF57
 470 0302 05       		.byte	0x5
 471 0303 6C01     		.2byte	0x16c
 472 0305 04060000 		.4byte	0x604
 473 0309 00       		.byte	0
 474 030a 08       		.uleb128 0x8
 475 030b 20020000 		.4byte	.LASF58
 476 030f 05       		.byte	0x5
 477 0310 6D01     		.2byte	0x16d
 478 0312 04060000 		.4byte	0x604
 479 0316 04       		.byte	0x4
 480 0317 08       		.uleb128 0x8
 481 0318 69040000 		.4byte	.LASF59
 482 031c 05       		.byte	0x5
 483 031d 6E01     		.2byte	0x16e
 484 031f EC000000 		.4byte	0xec
 485 0323 08       		.byte	0x8
 486 0324 08       		.uleb128 0x8
 487 0325 A3050000 		.4byte	.LASF60
 488 0329 05       		.byte	0x5
 489 032a 6F01     		.2byte	0x16f
 490 032c C7020000 		.4byte	0x2c7
 491 0330 0C       		.byte	0xc
 492 0331 08       		.uleb128 0x8
 493 0332 27050000 		.4byte	.LASF61
 494 0336 05       		.byte	0x5
 495 0337 7101     		.2byte	0x171
 496 0339 E3020000 		.4byte	0x2e3
 497 033d 10       		.byte	0x10
 498 033e 00       		.byte	0
 499 033f 04       		.uleb128 0x4
 500 0340 58010000 		.4byte	.LASF62
 501 0344 04       		.byte	0x4
 502 0345 66       		.byte	0x66
 503 0346 4A030000 		.4byte	0x34a
 504 034a 0A       		.uleb128 0xa
 505 034b 17030000 		.4byte	.LASF63
 506 034f 10       		.byte	0x10
 507 0350 05       		.byte	0x5
 508 0351 7B01     		.2byte	0x17b
ARM GAS  /tmp/ccqJVROR.s 			page 10


 509 0353 8C030000 		.4byte	0x38c
 510 0357 08       		.uleb128 0x8
 511 0358 49020000 		.4byte	.LASF57
 512 035c 05       		.byte	0x5
 513 035d 7C01     		.2byte	0x17c
 514 035f 04060000 		.4byte	0x604
 515 0363 00       		.byte	0
 516 0364 08       		.uleb128 0x8
 517 0365 20020000 		.4byte	.LASF58
 518 0369 05       		.byte	0x5
 519 036a 7E01     		.2byte	0x17e
 520 036c 04060000 		.4byte	0x604
 521 0370 04       		.byte	0x4
 522 0371 08       		.uleb128 0x8
 523 0372 69040000 		.4byte	.LASF59
 524 0376 05       		.byte	0x5
 525 0377 8001     		.2byte	0x180
 526 0379 EC000000 		.4byte	0xec
 527 037d 08       		.byte	0x8
 528 037e 08       		.uleb128 0x8
 529 037f 7B050000 		.4byte	.LASF64
 530 0383 05       		.byte	0x5
 531 0384 8201     		.2byte	0x182
 532 0386 0A060000 		.4byte	0x60a
 533 038a 0C       		.byte	0xc
 534 038b 00       		.byte	0
 535 038c 04       		.uleb128 0x4
 536 038d 34000000 		.4byte	.LASF65
 537 0391 04       		.byte	0x4
 538 0392 6B       		.byte	0x6b
 539 0393 97030000 		.4byte	0x397
 540 0397 0A       		.uleb128 0xa
 541 0398 8A030000 		.4byte	.LASF66
 542 039c 04       		.byte	0x4
 543 039d 05       		.byte	0x5
 544 039e A201     		.2byte	0x1a2
 545 03a0 B2030000 		.4byte	0x3b2
 546 03a4 08       		.uleb128 0x8
 547 03a5 ED040000 		.4byte	.LASF67
 548 03a9 05       		.byte	0x5
 549 03aa AA01     		.2byte	0x1aa
 550 03ac 0F060000 		.4byte	0x60f
 551 03b0 00       		.byte	0
 552 03b1 00       		.byte	0
 553 03b2 04       		.uleb128 0x4
 554 03b3 A4020000 		.4byte	.LASF68
 555 03b7 04       		.byte	0x4
 556 03b8 70       		.byte	0x70
 557 03b9 BD030000 		.4byte	0x3bd
 558 03bd 0E       		.uleb128 0xe
 559 03be 1E040000 		.4byte	.LASF69
 560 03c2 5001     		.2byte	0x150
 561 03c4 05       		.byte	0x5
 562 03c5 C201     		.2byte	0x1c2
 563 03c7 0D040000 		.4byte	0x40d
 564 03cb 08       		.uleb128 0x8
 565 03cc 5A050000 		.4byte	.LASF70
ARM GAS  /tmp/ccqJVROR.s 			page 11


 566 03d0 05       		.byte	0x5
 567 03d1 C601     		.2byte	0x1c6
 568 03d3 60020000 		.4byte	0x260
 569 03d7 00       		.byte	0
 570 03d8 08       		.uleb128 0x8
 571 03d9 C2010000 		.4byte	.LASF71
 572 03dd 05       		.byte	0x5
 573 03de CA01     		.2byte	0x1ca
 574 03e0 3F030000 		.4byte	0x33f
 575 03e4 1C       		.byte	0x1c
 576 03e5 07       		.uleb128 0x7
 577 03e6 64626700 		.ascii	"dbg\000"
 578 03ea 05       		.byte	0x5
 579 03eb CE01     		.2byte	0x1ce
 580 03ed 8C030000 		.4byte	0x38c
 581 03f1 2C       		.byte	0x2c
 582 03f2 08       		.uleb128 0x8
 583 03f3 93020000 		.4byte	.LASF72
 584 03f7 05       		.byte	0x5
 585 03f8 D201     		.2byte	0x1d2
 586 03fa F7000000 		.4byte	0xf7
 587 03fe 30       		.byte	0x30
 588 03ff 08       		.uleb128 0x8
 589 0400 0F040000 		.4byte	.LASF73
 590 0404 05       		.byte	0x5
 591 0405 E301     		.2byte	0x1e3
 592 0407 14060000 		.4byte	0x614
 593 040b 78       		.byte	0x78
 594 040c 00       		.byte	0
 595 040d 03       		.uleb128 0x3
 596 040e 04       		.byte	0x4
 597 040f 07       		.byte	0x7
 598 0410 FB020000 		.4byte	.LASF74
 599 0414 0F       		.uleb128 0xf
 600 0415 6C000000 		.4byte	0x6c
 601 0419 10       		.uleb128 0x10
 602 041a 18       		.byte	0x18
 603 041b 06       		.byte	0x6
 604 041c 5001     		.2byte	0x150
 605 041e 71040000 		.4byte	0x471
 606 0422 08       		.uleb128 0x8
 607 0423 68050000 		.4byte	.LASF75
 608 0427 06       		.byte	0x6
 609 0428 5201     		.2byte	0x152
 610 042a 14040000 		.4byte	0x414
 611 042e 00       		.byte	0
 612 042f 08       		.uleb128 0x8
 613 0430 E1010000 		.4byte	.LASF76
 614 0434 06       		.byte	0x6
 615 0435 5301     		.2byte	0x153
 616 0437 14040000 		.4byte	0x414
 617 043b 04       		.byte	0x4
 618 043c 08       		.uleb128 0x8
 619 043d 53010000 		.4byte	.LASF77
 620 0441 06       		.byte	0x6
 621 0442 5401     		.2byte	0x154
 622 0444 14040000 		.4byte	0x414
ARM GAS  /tmp/ccqJVROR.s 			page 12


 623 0448 08       		.byte	0x8
 624 0449 08       		.uleb128 0x8
 625 044a 13000000 		.4byte	.LASF78
 626 044e 06       		.byte	0x6
 627 044f 5501     		.2byte	0x155
 628 0451 14040000 		.4byte	0x414
 629 0455 0C       		.byte	0xc
 630 0456 08       		.uleb128 0x8
 631 0457 93010000 		.4byte	.LASF79
 632 045b 06       		.byte	0x6
 633 045c 5601     		.2byte	0x156
 634 045e 14040000 		.4byte	0x414
 635 0462 10       		.byte	0x10
 636 0463 08       		.uleb128 0x8
 637 0464 EC020000 		.4byte	.LASF80
 638 0468 06       		.byte	0x6
 639 0469 5701     		.2byte	0x157
 640 046b 14040000 		.4byte	0x414
 641 046f 14       		.byte	0x14
 642 0470 00       		.byte	0
 643 0471 11       		.uleb128 0x11
 644 0472 63020000 		.4byte	.LASF81
 645 0476 06       		.byte	0x6
 646 0477 5801     		.2byte	0x158
 647 0479 19040000 		.4byte	0x419
 648 047d 04       		.uleb128 0x4
 649 047e 17020000 		.4byte	.LASF82
 650 0482 07       		.byte	0x7
 651 0483 65       		.byte	0x65
 652 0484 E3020000 		.4byte	0x2e3
 653 0488 04       		.uleb128 0x4
 654 0489 D2020000 		.4byte	.LASF83
 655 048d 07       		.byte	0x7
 656 048e 6D       		.byte	0x6d
 657 048f 77000000 		.4byte	0x77
 658 0493 05       		.uleb128 0x5
 659 0494 09050000 		.4byte	.LASF84
 660 0498 04       		.byte	0x4
 661 0499 07       		.byte	0x7
 662 049a 89       		.byte	0x89
 663 049b AC040000 		.4byte	0x4ac
 664 049f 12       		.uleb128 0x12
 665 04a0 72313300 		.ascii	"r13\000"
 666 04a4 07       		.byte	0x7
 667 04a5 8A       		.byte	0x8a
 668 04a6 27050000 		.4byte	0x527
 669 04aa 00       		.byte	0
 670 04ab 00       		.byte	0
 671 04ac 05       		.uleb128 0x5
 672 04ad 28000000 		.4byte	.LASF85
 673 04b1 24       		.byte	0x24
 674 04b2 08       		.byte	0x8
 675 04b3 FD       		.byte	0xfd
 676 04b4 27050000 		.4byte	0x527
 677 04b8 07       		.uleb128 0x7
 678 04b9 723400   		.ascii	"r4\000"
 679 04bc 08       		.byte	0x8
ARM GAS  /tmp/ccqJVROR.s 			page 13


 680 04bd 1001     		.2byte	0x110
 681 04bf 7D040000 		.4byte	0x47d
 682 04c3 00       		.byte	0
 683 04c4 07       		.uleb128 0x7
 684 04c5 723500   		.ascii	"r5\000"
 685 04c8 08       		.byte	0x8
 686 04c9 1101     		.2byte	0x111
 687 04cb 7D040000 		.4byte	0x47d
 688 04cf 04       		.byte	0x4
 689 04d0 07       		.uleb128 0x7
 690 04d1 723600   		.ascii	"r6\000"
 691 04d4 08       		.byte	0x8
 692 04d5 1201     		.2byte	0x112
 693 04d7 7D040000 		.4byte	0x47d
 694 04db 08       		.byte	0x8
 695 04dc 07       		.uleb128 0x7
 696 04dd 723700   		.ascii	"r7\000"
 697 04e0 08       		.byte	0x8
 698 04e1 1301     		.2byte	0x113
 699 04e3 7D040000 		.4byte	0x47d
 700 04e7 0C       		.byte	0xc
 701 04e8 07       		.uleb128 0x7
 702 04e9 723800   		.ascii	"r8\000"
 703 04ec 08       		.byte	0x8
 704 04ed 1401     		.2byte	0x114
 705 04ef 7D040000 		.4byte	0x47d
 706 04f3 10       		.byte	0x10
 707 04f4 07       		.uleb128 0x7
 708 04f5 723900   		.ascii	"r9\000"
 709 04f8 08       		.byte	0x8
 710 04f9 1501     		.2byte	0x115
 711 04fb 7D040000 		.4byte	0x47d
 712 04ff 14       		.byte	0x14
 713 0500 07       		.uleb128 0x7
 714 0501 72313000 		.ascii	"r10\000"
 715 0505 08       		.byte	0x8
 716 0506 1601     		.2byte	0x116
 717 0508 7D040000 		.4byte	0x47d
 718 050c 18       		.byte	0x18
 719 050d 07       		.uleb128 0x7
 720 050e 72313100 		.ascii	"r11\000"
 721 0512 08       		.byte	0x8
 722 0513 1701     		.2byte	0x117
 723 0515 7D040000 		.4byte	0x47d
 724 0519 1C       		.byte	0x1c
 725 051a 07       		.uleb128 0x7
 726 051b 6C7200   		.ascii	"lr\000"
 727 051e 08       		.byte	0x8
 728 051f 1801     		.2byte	0x118
 729 0521 7D040000 		.4byte	0x47d
 730 0525 20       		.byte	0x20
 731 0526 00       		.byte	0
 732 0527 09       		.uleb128 0x9
 733 0528 04       		.byte	0x4
 734 0529 AC040000 		.4byte	0x4ac
 735 052d 13       		.uleb128 0x13
 736 052e 04       		.byte	0x4
ARM GAS  /tmp/ccqJVROR.s 			page 14


 737 052f 05       		.byte	0x5
 738 0530 FA       		.byte	0xfa
 739 0531 8A050000 		.4byte	0x58a
 740 0535 14       		.uleb128 0x14
 741 0536 18000000 		.4byte	.LASF86
 742 053a 05       		.byte	0x5
 743 053b 0101     		.2byte	0x101
 744 053d CB000000 		.4byte	0xcb
 745 0541 14       		.uleb128 0x14
 746 0542 4A010000 		.4byte	.LASF87
 747 0546 05       		.byte	0x5
 748 0547 0801     		.2byte	0x108
 749 0549 CB000000 		.4byte	0xcb
 750 054d 14       		.uleb128 0x14
 751 054e 6D050000 		.4byte	.LASF88
 752 0552 05       		.byte	0x5
 753 0553 0F01     		.2byte	0x10f
 754 0555 E3020000 		.4byte	0x2e3
 755 0559 14       		.uleb128 0x14
 756 055a 0D000000 		.4byte	.LASF89
 757 055e 05       		.byte	0x5
 758 055f 1601     		.2byte	0x116
 759 0561 8A050000 		.4byte	0x58a
 760 0565 14       		.uleb128 0x14
 761 0566 51020000 		.4byte	.LASF90
 762 056a 05       		.byte	0x5
 763 056b 1E01     		.2byte	0x11e
 764 056d B5050000 		.4byte	0x5b5
 765 0571 14       		.uleb128 0x14
 766 0572 5A040000 		.4byte	.LASF91
 767 0576 05       		.byte	0x5
 768 0577 2701     		.2byte	0x127
 769 0579 EC050000 		.4byte	0x5ec
 770 057d 14       		.uleb128 0x14
 771 057e E3030000 		.4byte	.LASF92
 772 0582 05       		.byte	0x5
 773 0583 2F01     		.2byte	0x12f
 774 0585 D6000000 		.4byte	0xd6
 775 0589 00       		.byte	0
 776 058a 09       		.uleb128 0x9
 777 058b 04       		.byte	0x4
 778 058c FB010000 		.4byte	0x1fb
 779 0590 05       		.uleb128 0x5
 780 0591 39040000 		.4byte	.LASF93
 781 0595 0C       		.byte	0xc
 782 0596 09       		.byte	0x9
 783 0597 34       		.byte	0x34
 784 0598 B5050000 		.4byte	0x5b5
 785 059c 06       		.uleb128 0x6
 786 059d 02020000 		.4byte	.LASF94
 787 05a1 09       		.byte	0x9
 788 05a2 35       		.byte	0x35
 789 05a3 30020000 		.4byte	0x230
 790 05a7 00       		.byte	0
 791 05a8 06       		.uleb128 0x6
 792 05a9 70020000 		.4byte	.LASF95
 793 05ad 09       		.byte	0x9
ARM GAS  /tmp/ccqJVROR.s 			page 15


 794 05ae 37       		.byte	0x37
 795 05af E1000000 		.4byte	0xe1
 796 05b3 08       		.byte	0x8
 797 05b4 00       		.byte	0
 798 05b5 09       		.uleb128 0x9
 799 05b6 04       		.byte	0x4
 800 05b7 90050000 		.4byte	0x590
 801 05bb 05       		.uleb128 0x5
 802 05bc 4A050000 		.4byte	.LASF96
 803 05c0 10       		.byte	0x10
 804 05c1 0A       		.byte	0xa
 805 05c2 39       		.byte	0x39
 806 05c3 EC050000 		.4byte	0x5ec
 807 05c7 06       		.uleb128 0x6
 808 05c8 BA010000 		.4byte	.LASF97
 809 05cc 0A       		.byte	0xa
 810 05cd 3A       		.byte	0x3a
 811 05ce 30020000 		.4byte	0x230
 812 05d2 00       		.byte	0
 813 05d3 06       		.uleb128 0x6
 814 05d4 95050000 		.4byte	.LASF98
 815 05d8 0A       		.byte	0xa
 816 05d9 3C       		.byte	0x3c
 817 05da 06020000 		.4byte	0x206
 818 05de 08       		.byte	0x8
 819 05df 06       		.uleb128 0x6
 820 05e0 C8040000 		.4byte	.LASF99
 821 05e4 0A       		.byte	0xa
 822 05e5 3E       		.byte	0x3e
 823 05e6 2F060000 		.4byte	0x62f
 824 05ea 0C       		.byte	0xc
 825 05eb 00       		.byte	0
 826 05ec 09       		.uleb128 0x9
 827 05ed 04       		.byte	0x4
 828 05ee BB050000 		.4byte	0x5bb
 829 05f2 09       		.uleb128 0x9
 830 05f3 04       		.byte	0x4
 831 05f4 F8050000 		.4byte	0x5f8
 832 05f8 15       		.uleb128 0x15
 833 05f9 FD050000 		.4byte	0x5fd
 834 05fd 03       		.uleb128 0x3
 835 05fe 01       		.byte	0x1
 836 05ff 08       		.byte	0x8
 837 0600 82040000 		.4byte	.LASF100
 838 0604 09       		.uleb128 0x9
 839 0605 04       		.byte	0x4
 840 0606 E5020000 		.4byte	0x2e5
 841 060a 0F       		.uleb128 0xf
 842 060b EC000000 		.4byte	0xec
 843 060f 0F       		.uleb128 0xf
 844 0610 F2050000 		.4byte	0x5f2
 845 0614 16       		.uleb128 0x16
 846 0615 88040000 		.4byte	0x488
 847 0619 24060000 		.4byte	0x624
 848 061d 17       		.uleb128 0x17
 849 061e 0D040000 		.4byte	0x40d
 850 0622 1A       		.byte	0x1a
ARM GAS  /tmp/ccqJVROR.s 			page 16


 851 0623 00       		.byte	0
 852 0624 04       		.uleb128 0x4
 853 0625 28020000 		.4byte	.LASF101
 854 0629 0A       		.byte	0xa
 855 062a 34       		.byte	0x34
 856 062b BB050000 		.4byte	0x5bb
 857 062f 09       		.uleb128 0x9
 858 0630 04       		.byte	0x4
 859 0631 24060000 		.4byte	0x624
 860 0635 03       		.uleb128 0x3
 861 0636 01       		.byte	0x1
 862 0637 02       		.byte	0x2
 863 0638 9A030000 		.4byte	.LASF102
 864 063c 04       		.uleb128 0x4
 865 063d 26010000 		.4byte	.LASF103
 866 0641 0B       		.byte	0xb
 867 0642 41       		.byte	0x41
 868 0643 6C000000 		.4byte	0x6c
 869 0647 04       		.uleb128 0x4
 870 0648 8C050000 		.4byte	.LASF104
 871 064c 0B       		.byte	0xb
 872 064d 46       		.byte	0x46
 873 064e 6C000000 		.4byte	0x6c
 874 0652 04       		.uleb128 0x4
 875 0653 FE040000 		.4byte	.LASF105
 876 0657 0B       		.byte	0xb
 877 0658 4E       		.byte	0x4e
 878 0659 5D060000 		.4byte	0x65d
 879 065d 09       		.uleb128 0x9
 880 065e 04       		.byte	0x4
 881 065f 71040000 		.4byte	0x471
 882 0663 18       		.uleb128 0x18
 883 0664 0C       		.byte	0xc
 884 0665 0C       		.byte	0xc
 885 0666 7A       		.byte	0x7a
 886 0667 90060000 		.4byte	0x690
 887 066b 06       		.uleb128 0x6
 888 066c 4E030000 		.4byte	.LASF106
 889 0670 0C       		.byte	0xc
 890 0671 7E       		.byte	0x7e
 891 0672 52060000 		.4byte	0x652
 892 0676 00       		.byte	0
 893 0677 06       		.uleb128 0x6
 894 0678 12020000 		.4byte	.LASF107
 895 067c 0C       		.byte	0xc
 896 067d 84       		.byte	0x84
 897 067e 3C060000 		.4byte	0x63c
 898 0682 04       		.byte	0x4
 899 0683 06       		.uleb128 0x6
 900 0684 F7040000 		.4byte	.LASF108
 901 0688 0C       		.byte	0xc
 902 0689 88       		.byte	0x88
 903 068a 89000000 		.4byte	0x89
 904 068e 08       		.byte	0x8
 905 068f 00       		.byte	0
 906 0690 04       		.uleb128 0x4
 907 0691 30020000 		.4byte	.LASF109
ARM GAS  /tmp/ccqJVROR.s 			page 17


 908 0695 0C       		.byte	0xc
 909 0696 89       		.byte	0x89
 910 0697 63060000 		.4byte	0x663
 911 069b 19       		.uleb128 0x19
 912 069c B4040000 		.4byte	.LASF119
 913 06a0 01       		.byte	0x1
 914 06a1 41       		.byte	0x41
 915 06a2 3C060000 		.4byte	0x63c
 916 06a6 00000000 		.4byte	.LFB267
 917 06aa 04000000 		.4byte	.LFE267-.LFB267
 918 06ae 01       		.uleb128 0x1
 919 06af 9C       		.byte	0x9c
 920 06b0 CD060000 		.4byte	0x6cd
 921 06b4 1A       		.uleb128 0x1a
 922 06b5 62757300 		.ascii	"bus\000"
 923 06b9 01       		.byte	0x1
 924 06ba 41       		.byte	0x41
 925 06bb CD060000 		.4byte	0x6cd
 926 06bf 00000000 		.4byte	.LLST0
 927 06c3 1B       		.uleb128 0x1b
 928 06c4 06040000 		.4byte	.LASF111
 929 06c8 E3060000 		.4byte	0x6e3
 930 06cc 00       		.byte	0
 931 06cd 09       		.uleb128 0x9
 932 06ce 04       		.byte	0x4
 933 06cf 90060000 		.4byte	0x690
 934 06d3 16       		.uleb128 0x16
 935 06d4 FD050000 		.4byte	0x5fd
 936 06d8 E3060000 		.4byte	0x6e3
 937 06dc 17       		.uleb128 0x17
 938 06dd 0D040000 		.4byte	0x40d
 939 06e1 0A       		.byte	0xa
 940 06e2 00       		.byte	0
 941 06e3 15       		.uleb128 0x15
 942 06e4 D3060000 		.4byte	0x6d3
 943 06e8 1C       		.uleb128 0x1c
 944 06e9 2E050000 		.4byte	.LASF112
 945 06ed 01       		.byte	0x1
 946 06ee 5A       		.byte	0x5a
 947 06ef 00000000 		.4byte	.LFB268
 948 06f3 02000000 		.4byte	.LFE268-.LFB268
 949 06f7 01       		.uleb128 0x1
 950 06f8 9C       		.byte	0x9c
 951 06f9 21070000 		.4byte	0x721
 952 06fd 1D       		.uleb128 0x1d
 953 06fe 62757300 		.ascii	"bus\000"
 954 0702 01       		.byte	0x1
 955 0703 5A       		.byte	0x5a
 956 0704 CD060000 		.4byte	0x6cd
 957 0708 01       		.uleb128 0x1
 958 0709 50       		.byte	0x50
 959 070a 1E       		.uleb128 0x1e
 960 070b D3010000 		.4byte	.LASF110
 961 070f 01       		.byte	0x1
 962 0710 5A       		.byte	0x5a
 963 0711 3C060000 		.4byte	0x63c
 964 0715 01       		.uleb128 0x1
ARM GAS  /tmp/ccqJVROR.s 			page 18


 965 0716 51       		.byte	0x51
 966 0717 1B       		.uleb128 0x1b
 967 0718 06040000 		.4byte	.LASF111
 968 071c 31070000 		.4byte	0x731
 969 0720 00       		.byte	0
 970 0721 16       		.uleb128 0x16
 971 0722 FD050000 		.4byte	0x5fd
 972 0726 31070000 		.4byte	0x731
 973 072a 17       		.uleb128 0x17
 974 072b 0D040000 		.4byte	0x40d
 975 072f 0B       		.byte	0xb
 976 0730 00       		.byte	0
 977 0731 15       		.uleb128 0x15
 978 0732 21070000 		.4byte	0x721
 979 0736 1C       		.uleb128 0x1c
 980 0737 55030000 		.4byte	.LASF113
 981 073b 01       		.byte	0x1
 982 073c 71       		.byte	0x71
 983 073d 00000000 		.4byte	.LFB269
 984 0741 0C000000 		.4byte	.LFE269-.LFB269
 985 0745 01       		.uleb128 0x1
 986 0746 9C       		.byte	0x9c
 987 0747 84070000 		.4byte	0x784
 988 074b 1A       		.uleb128 0x1a
 989 074c 62757300 		.ascii	"bus\000"
 990 0750 01       		.byte	0x1
 991 0751 71       		.byte	0x71
 992 0752 CD060000 		.4byte	0x6cd
 993 0756 21000000 		.4byte	.LLST1
 994 075a 1F       		.uleb128 0x1f
 995 075b AF040000 		.4byte	.LASF114
 996 075f 01       		.byte	0x1
 997 0760 71       		.byte	0x71
 998 0761 47060000 		.4byte	0x647
 999 0765 42000000 		.4byte	.LLST2
 1000 0769 1B       		.uleb128 0x1b
 1001 076a 06040000 		.4byte	.LASF111
 1002 076e 94070000 		.4byte	0x794
 1003 0772 20       		.uleb128 0x20
 1004 0773 0C000000 		.4byte	.LVL5
 1005 0777 B5070000 		.4byte	0x7b5
 1006 077b 21       		.uleb128 0x21
 1007 077c 01       		.uleb128 0x1
 1008 077d 52       		.byte	0x52
 1009 077e 03       		.uleb128 0x3
 1010 077f F3       		.byte	0xf3
 1011 0780 01       		.uleb128 0x1
 1012 0781 51       		.byte	0x51
 1013 0782 00       		.byte	0
 1014 0783 00       		.byte	0
 1015 0784 16       		.uleb128 0x16
 1016 0785 FD050000 		.4byte	0x5fd
 1017 0789 94070000 		.4byte	0x794
 1018 078d 17       		.uleb128 0x17
 1019 078e 0D040000 		.4byte	0x40d
 1020 0792 0D       		.byte	0xd
 1021 0793 00       		.byte	0
ARM GAS  /tmp/ccqJVROR.s 			page 19


 1022 0794 15       		.uleb128 0x15
 1023 0795 84070000 		.4byte	0x784
 1024 0799 22       		.uleb128 0x22
 1025 079a 6E010000 		.4byte	.LASF115
 1026 079e 0D       		.byte	0xd
 1027 079f FA06     		.2byte	0x6fa
 1028 07a1 A5070000 		.4byte	0x7a5
 1029 07a5 0F       		.uleb128 0xf
 1030 07a6 41000000 		.4byte	0x41
 1031 07aa 23       		.uleb128 0x23
 1032 07ab 636800   		.ascii	"ch\000"
 1033 07ae 05       		.byte	0x5
 1034 07af 0902     		.2byte	0x209
 1035 07b1 B2030000 		.4byte	0x3b2
 1036 07b5 24       		.uleb128 0x24
 1037 07b6 11050000 		.4byte	.LASF120
 1038 07ba 0B       		.byte	0xb
 1039 07bb 6901     		.2byte	0x169
 1040 07bd 0C       		.uleb128 0xc
 1041 07be 52060000 		.4byte	0x652
 1042 07c2 0C       		.uleb128 0xc
 1043 07c3 3C060000 		.4byte	0x63c
 1044 07c7 0C       		.uleb128 0xc
 1045 07c8 47060000 		.4byte	0x647
 1046 07cc 00       		.byte	0
 1047 07cd 00       		.byte	0
 1048              		.section	.debug_abbrev,"",%progbits
 1049              	.Ldebug_abbrev0:
 1050 0000 01       		.uleb128 0x1
 1051 0001 11       		.uleb128 0x11
 1052 0002 01       		.byte	0x1
 1053 0003 25       		.uleb128 0x25
 1054 0004 0E       		.uleb128 0xe
 1055 0005 13       		.uleb128 0x13
 1056 0006 0B       		.uleb128 0xb
 1057 0007 03       		.uleb128 0x3
 1058 0008 0E       		.uleb128 0xe
 1059 0009 1B       		.uleb128 0x1b
 1060 000a 0E       		.uleb128 0xe
 1061 000b 55       		.uleb128 0x55
 1062 000c 17       		.uleb128 0x17
 1063 000d 11       		.uleb128 0x11
 1064 000e 01       		.uleb128 0x1
 1065 000f 10       		.uleb128 0x10
 1066 0010 17       		.uleb128 0x17
 1067 0011 00       		.byte	0
 1068 0012 00       		.byte	0
 1069 0013 02       		.uleb128 0x2
 1070 0014 24       		.uleb128 0x24
 1071 0015 00       		.byte	0
 1072 0016 0B       		.uleb128 0xb
 1073 0017 0B       		.uleb128 0xb
 1074 0018 3E       		.uleb128 0x3e
 1075 0019 0B       		.uleb128 0xb
 1076 001a 03       		.uleb128 0x3
 1077 001b 08       		.uleb128 0x8
 1078 001c 00       		.byte	0
ARM GAS  /tmp/ccqJVROR.s 			page 20


 1079 001d 00       		.byte	0
 1080 001e 03       		.uleb128 0x3
 1081 001f 24       		.uleb128 0x24
 1082 0020 00       		.byte	0
 1083 0021 0B       		.uleb128 0xb
 1084 0022 0B       		.uleb128 0xb
 1085 0023 3E       		.uleb128 0x3e
 1086 0024 0B       		.uleb128 0xb
 1087 0025 03       		.uleb128 0x3
 1088 0026 0E       		.uleb128 0xe
 1089 0027 00       		.byte	0
 1090 0028 00       		.byte	0
 1091 0029 04       		.uleb128 0x4
 1092 002a 16       		.uleb128 0x16
 1093 002b 00       		.byte	0
 1094 002c 03       		.uleb128 0x3
 1095 002d 0E       		.uleb128 0xe
 1096 002e 3A       		.uleb128 0x3a
 1097 002f 0B       		.uleb128 0xb
 1098 0030 3B       		.uleb128 0x3b
 1099 0031 0B       		.uleb128 0xb
 1100 0032 49       		.uleb128 0x49
 1101 0033 13       		.uleb128 0x13
 1102 0034 00       		.byte	0
 1103 0035 00       		.byte	0
 1104 0036 05       		.uleb128 0x5
 1105 0037 13       		.uleb128 0x13
 1106 0038 01       		.byte	0x1
 1107 0039 03       		.uleb128 0x3
 1108 003a 0E       		.uleb128 0xe
 1109 003b 0B       		.uleb128 0xb
 1110 003c 0B       		.uleb128 0xb
 1111 003d 3A       		.uleb128 0x3a
 1112 003e 0B       		.uleb128 0xb
 1113 003f 3B       		.uleb128 0x3b
 1114 0040 0B       		.uleb128 0xb
 1115 0041 01       		.uleb128 0x1
 1116 0042 13       		.uleb128 0x13
 1117 0043 00       		.byte	0
 1118 0044 00       		.byte	0
 1119 0045 06       		.uleb128 0x6
 1120 0046 0D       		.uleb128 0xd
 1121 0047 00       		.byte	0
 1122 0048 03       		.uleb128 0x3
 1123 0049 0E       		.uleb128 0xe
 1124 004a 3A       		.uleb128 0x3a
 1125 004b 0B       		.uleb128 0xb
 1126 004c 3B       		.uleb128 0x3b
 1127 004d 0B       		.uleb128 0xb
 1128 004e 49       		.uleb128 0x49
 1129 004f 13       		.uleb128 0x13
 1130 0050 38       		.uleb128 0x38
 1131 0051 0B       		.uleb128 0xb
 1132 0052 00       		.byte	0
 1133 0053 00       		.byte	0
 1134 0054 07       		.uleb128 0x7
 1135 0055 0D       		.uleb128 0xd
ARM GAS  /tmp/ccqJVROR.s 			page 21


 1136 0056 00       		.byte	0
 1137 0057 03       		.uleb128 0x3
 1138 0058 08       		.uleb128 0x8
 1139 0059 3A       		.uleb128 0x3a
 1140 005a 0B       		.uleb128 0xb
 1141 005b 3B       		.uleb128 0x3b
 1142 005c 05       		.uleb128 0x5
 1143 005d 49       		.uleb128 0x49
 1144 005e 13       		.uleb128 0x13
 1145 005f 38       		.uleb128 0x38
 1146 0060 0B       		.uleb128 0xb
 1147 0061 00       		.byte	0
 1148 0062 00       		.byte	0
 1149 0063 08       		.uleb128 0x8
 1150 0064 0D       		.uleb128 0xd
 1151 0065 00       		.byte	0
 1152 0066 03       		.uleb128 0x3
 1153 0067 0E       		.uleb128 0xe
 1154 0068 3A       		.uleb128 0x3a
 1155 0069 0B       		.uleb128 0xb
 1156 006a 3B       		.uleb128 0x3b
 1157 006b 05       		.uleb128 0x5
 1158 006c 49       		.uleb128 0x49
 1159 006d 13       		.uleb128 0x13
 1160 006e 38       		.uleb128 0x38
 1161 006f 0B       		.uleb128 0xb
 1162 0070 00       		.byte	0
 1163 0071 00       		.byte	0
 1164 0072 09       		.uleb128 0x9
 1165 0073 0F       		.uleb128 0xf
 1166 0074 00       		.byte	0
 1167 0075 0B       		.uleb128 0xb
 1168 0076 0B       		.uleb128 0xb
 1169 0077 49       		.uleb128 0x49
 1170 0078 13       		.uleb128 0x13
 1171 0079 00       		.byte	0
 1172 007a 00       		.byte	0
 1173 007b 0A       		.uleb128 0xa
 1174 007c 13       		.uleb128 0x13
 1175 007d 01       		.byte	0x1
 1176 007e 03       		.uleb128 0x3
 1177 007f 0E       		.uleb128 0xe
 1178 0080 0B       		.uleb128 0xb
 1179 0081 0B       		.uleb128 0xb
 1180 0082 3A       		.uleb128 0x3a
 1181 0083 0B       		.uleb128 0xb
 1182 0084 3B       		.uleb128 0x3b
 1183 0085 05       		.uleb128 0x5
 1184 0086 01       		.uleb128 0x1
 1185 0087 13       		.uleb128 0x13
 1186 0088 00       		.byte	0
 1187 0089 00       		.byte	0
 1188 008a 0B       		.uleb128 0xb
 1189 008b 15       		.uleb128 0x15
 1190 008c 01       		.byte	0x1
 1191 008d 27       		.uleb128 0x27
 1192 008e 19       		.uleb128 0x19
ARM GAS  /tmp/ccqJVROR.s 			page 22


 1193 008f 01       		.uleb128 0x1
 1194 0090 13       		.uleb128 0x13
 1195 0091 00       		.byte	0
 1196 0092 00       		.byte	0
 1197 0093 0C       		.uleb128 0xc
 1198 0094 05       		.uleb128 0x5
 1199 0095 00       		.byte	0
 1200 0096 49       		.uleb128 0x49
 1201 0097 13       		.uleb128 0x13
 1202 0098 00       		.byte	0
 1203 0099 00       		.byte	0
 1204 009a 0D       		.uleb128 0xd
 1205 009b 0F       		.uleb128 0xf
 1206 009c 00       		.byte	0
 1207 009d 0B       		.uleb128 0xb
 1208 009e 0B       		.uleb128 0xb
 1209 009f 00       		.byte	0
 1210 00a0 00       		.byte	0
 1211 00a1 0E       		.uleb128 0xe
 1212 00a2 13       		.uleb128 0x13
 1213 00a3 01       		.byte	0x1
 1214 00a4 03       		.uleb128 0x3
 1215 00a5 0E       		.uleb128 0xe
 1216 00a6 0B       		.uleb128 0xb
 1217 00a7 05       		.uleb128 0x5
 1218 00a8 3A       		.uleb128 0x3a
 1219 00a9 0B       		.uleb128 0xb
 1220 00aa 3B       		.uleb128 0x3b
 1221 00ab 05       		.uleb128 0x5
 1222 00ac 01       		.uleb128 0x1
 1223 00ad 13       		.uleb128 0x13
 1224 00ae 00       		.byte	0
 1225 00af 00       		.byte	0
 1226 00b0 0F       		.uleb128 0xf
 1227 00b1 35       		.uleb128 0x35
 1228 00b2 00       		.byte	0
 1229 00b3 49       		.uleb128 0x49
 1230 00b4 13       		.uleb128 0x13
 1231 00b5 00       		.byte	0
 1232 00b6 00       		.byte	0
 1233 00b7 10       		.uleb128 0x10
 1234 00b8 13       		.uleb128 0x13
 1235 00b9 01       		.byte	0x1
 1236 00ba 0B       		.uleb128 0xb
 1237 00bb 0B       		.uleb128 0xb
 1238 00bc 3A       		.uleb128 0x3a
 1239 00bd 0B       		.uleb128 0xb
 1240 00be 3B       		.uleb128 0x3b
 1241 00bf 05       		.uleb128 0x5
 1242 00c0 01       		.uleb128 0x1
 1243 00c1 13       		.uleb128 0x13
 1244 00c2 00       		.byte	0
 1245 00c3 00       		.byte	0
 1246 00c4 11       		.uleb128 0x11
 1247 00c5 16       		.uleb128 0x16
 1248 00c6 00       		.byte	0
 1249 00c7 03       		.uleb128 0x3
ARM GAS  /tmp/ccqJVROR.s 			page 23


 1250 00c8 0E       		.uleb128 0xe
 1251 00c9 3A       		.uleb128 0x3a
 1252 00ca 0B       		.uleb128 0xb
 1253 00cb 3B       		.uleb128 0x3b
 1254 00cc 05       		.uleb128 0x5
 1255 00cd 49       		.uleb128 0x49
 1256 00ce 13       		.uleb128 0x13
 1257 00cf 00       		.byte	0
 1258 00d0 00       		.byte	0
 1259 00d1 12       		.uleb128 0x12
 1260 00d2 0D       		.uleb128 0xd
 1261 00d3 00       		.byte	0
 1262 00d4 03       		.uleb128 0x3
 1263 00d5 08       		.uleb128 0x8
 1264 00d6 3A       		.uleb128 0x3a
 1265 00d7 0B       		.uleb128 0xb
 1266 00d8 3B       		.uleb128 0x3b
 1267 00d9 0B       		.uleb128 0xb
 1268 00da 49       		.uleb128 0x49
 1269 00db 13       		.uleb128 0x13
 1270 00dc 38       		.uleb128 0x38
 1271 00dd 0B       		.uleb128 0xb
 1272 00de 00       		.byte	0
 1273 00df 00       		.byte	0
 1274 00e0 13       		.uleb128 0x13
 1275 00e1 17       		.uleb128 0x17
 1276 00e2 01       		.byte	0x1
 1277 00e3 0B       		.uleb128 0xb
 1278 00e4 0B       		.uleb128 0xb
 1279 00e5 3A       		.uleb128 0x3a
 1280 00e6 0B       		.uleb128 0xb
 1281 00e7 3B       		.uleb128 0x3b
 1282 00e8 0B       		.uleb128 0xb
 1283 00e9 01       		.uleb128 0x1
 1284 00ea 13       		.uleb128 0x13
 1285 00eb 00       		.byte	0
 1286 00ec 00       		.byte	0
 1287 00ed 14       		.uleb128 0x14
 1288 00ee 0D       		.uleb128 0xd
 1289 00ef 00       		.byte	0
 1290 00f0 03       		.uleb128 0x3
 1291 00f1 0E       		.uleb128 0xe
 1292 00f2 3A       		.uleb128 0x3a
 1293 00f3 0B       		.uleb128 0xb
 1294 00f4 3B       		.uleb128 0x3b
 1295 00f5 05       		.uleb128 0x5
 1296 00f6 49       		.uleb128 0x49
 1297 00f7 13       		.uleb128 0x13
 1298 00f8 00       		.byte	0
 1299 00f9 00       		.byte	0
 1300 00fa 15       		.uleb128 0x15
 1301 00fb 26       		.uleb128 0x26
 1302 00fc 00       		.byte	0
 1303 00fd 49       		.uleb128 0x49
 1304 00fe 13       		.uleb128 0x13
 1305 00ff 00       		.byte	0
 1306 0100 00       		.byte	0
ARM GAS  /tmp/ccqJVROR.s 			page 24


 1307 0101 16       		.uleb128 0x16
 1308 0102 01       		.uleb128 0x1
 1309 0103 01       		.byte	0x1
 1310 0104 49       		.uleb128 0x49
 1311 0105 13       		.uleb128 0x13
 1312 0106 01       		.uleb128 0x1
 1313 0107 13       		.uleb128 0x13
 1314 0108 00       		.byte	0
 1315 0109 00       		.byte	0
 1316 010a 17       		.uleb128 0x17
 1317 010b 21       		.uleb128 0x21
 1318 010c 00       		.byte	0
 1319 010d 49       		.uleb128 0x49
 1320 010e 13       		.uleb128 0x13
 1321 010f 2F       		.uleb128 0x2f
 1322 0110 0B       		.uleb128 0xb
 1323 0111 00       		.byte	0
 1324 0112 00       		.byte	0
 1325 0113 18       		.uleb128 0x18
 1326 0114 13       		.uleb128 0x13
 1327 0115 01       		.byte	0x1
 1328 0116 0B       		.uleb128 0xb
 1329 0117 0B       		.uleb128 0xb
 1330 0118 3A       		.uleb128 0x3a
 1331 0119 0B       		.uleb128 0xb
 1332 011a 3B       		.uleb128 0x3b
 1333 011b 0B       		.uleb128 0xb
 1334 011c 01       		.uleb128 0x1
 1335 011d 13       		.uleb128 0x13
 1336 011e 00       		.byte	0
 1337 011f 00       		.byte	0
 1338 0120 19       		.uleb128 0x19
 1339 0121 2E       		.uleb128 0x2e
 1340 0122 01       		.byte	0x1
 1341 0123 3F       		.uleb128 0x3f
 1342 0124 19       		.uleb128 0x19
 1343 0125 03       		.uleb128 0x3
 1344 0126 0E       		.uleb128 0xe
 1345 0127 3A       		.uleb128 0x3a
 1346 0128 0B       		.uleb128 0xb
 1347 0129 3B       		.uleb128 0x3b
 1348 012a 0B       		.uleb128 0xb
 1349 012b 27       		.uleb128 0x27
 1350 012c 19       		.uleb128 0x19
 1351 012d 49       		.uleb128 0x49
 1352 012e 13       		.uleb128 0x13
 1353 012f 11       		.uleb128 0x11
 1354 0130 01       		.uleb128 0x1
 1355 0131 12       		.uleb128 0x12
 1356 0132 06       		.uleb128 0x6
 1357 0133 40       		.uleb128 0x40
 1358 0134 18       		.uleb128 0x18
 1359 0135 9742     		.uleb128 0x2117
 1360 0137 19       		.uleb128 0x19
 1361 0138 01       		.uleb128 0x1
 1362 0139 13       		.uleb128 0x13
 1363 013a 00       		.byte	0
ARM GAS  /tmp/ccqJVROR.s 			page 25


 1364 013b 00       		.byte	0
 1365 013c 1A       		.uleb128 0x1a
 1366 013d 05       		.uleb128 0x5
 1367 013e 00       		.byte	0
 1368 013f 03       		.uleb128 0x3
 1369 0140 08       		.uleb128 0x8
 1370 0141 3A       		.uleb128 0x3a
 1371 0142 0B       		.uleb128 0xb
 1372 0143 3B       		.uleb128 0x3b
 1373 0144 0B       		.uleb128 0xb
 1374 0145 49       		.uleb128 0x49
 1375 0146 13       		.uleb128 0x13
 1376 0147 02       		.uleb128 0x2
 1377 0148 17       		.uleb128 0x17
 1378 0149 00       		.byte	0
 1379 014a 00       		.byte	0
 1380 014b 1B       		.uleb128 0x1b
 1381 014c 34       		.uleb128 0x34
 1382 014d 00       		.byte	0
 1383 014e 03       		.uleb128 0x3
 1384 014f 0E       		.uleb128 0xe
 1385 0150 49       		.uleb128 0x49
 1386 0151 13       		.uleb128 0x13
 1387 0152 34       		.uleb128 0x34
 1388 0153 19       		.uleb128 0x19
 1389 0154 00       		.byte	0
 1390 0155 00       		.byte	0
 1391 0156 1C       		.uleb128 0x1c
 1392 0157 2E       		.uleb128 0x2e
 1393 0158 01       		.byte	0x1
 1394 0159 3F       		.uleb128 0x3f
 1395 015a 19       		.uleb128 0x19
 1396 015b 03       		.uleb128 0x3
 1397 015c 0E       		.uleb128 0xe
 1398 015d 3A       		.uleb128 0x3a
 1399 015e 0B       		.uleb128 0xb
 1400 015f 3B       		.uleb128 0x3b
 1401 0160 0B       		.uleb128 0xb
 1402 0161 27       		.uleb128 0x27
 1403 0162 19       		.uleb128 0x19
 1404 0163 11       		.uleb128 0x11
 1405 0164 01       		.uleb128 0x1
 1406 0165 12       		.uleb128 0x12
 1407 0166 06       		.uleb128 0x6
 1408 0167 40       		.uleb128 0x40
 1409 0168 18       		.uleb128 0x18
 1410 0169 9742     		.uleb128 0x2117
 1411 016b 19       		.uleb128 0x19
 1412 016c 01       		.uleb128 0x1
 1413 016d 13       		.uleb128 0x13
 1414 016e 00       		.byte	0
 1415 016f 00       		.byte	0
 1416 0170 1D       		.uleb128 0x1d
 1417 0171 05       		.uleb128 0x5
 1418 0172 00       		.byte	0
 1419 0173 03       		.uleb128 0x3
 1420 0174 08       		.uleb128 0x8
ARM GAS  /tmp/ccqJVROR.s 			page 26


 1421 0175 3A       		.uleb128 0x3a
 1422 0176 0B       		.uleb128 0xb
 1423 0177 3B       		.uleb128 0x3b
 1424 0178 0B       		.uleb128 0xb
 1425 0179 49       		.uleb128 0x49
 1426 017a 13       		.uleb128 0x13
 1427 017b 02       		.uleb128 0x2
 1428 017c 18       		.uleb128 0x18
 1429 017d 00       		.byte	0
 1430 017e 00       		.byte	0
 1431 017f 1E       		.uleb128 0x1e
 1432 0180 05       		.uleb128 0x5
 1433 0181 00       		.byte	0
 1434 0182 03       		.uleb128 0x3
 1435 0183 0E       		.uleb128 0xe
 1436 0184 3A       		.uleb128 0x3a
 1437 0185 0B       		.uleb128 0xb
 1438 0186 3B       		.uleb128 0x3b
 1439 0187 0B       		.uleb128 0xb
 1440 0188 49       		.uleb128 0x49
 1441 0189 13       		.uleb128 0x13
 1442 018a 02       		.uleb128 0x2
 1443 018b 18       		.uleb128 0x18
 1444 018c 00       		.byte	0
 1445 018d 00       		.byte	0
 1446 018e 1F       		.uleb128 0x1f
 1447 018f 05       		.uleb128 0x5
 1448 0190 00       		.byte	0
 1449 0191 03       		.uleb128 0x3
 1450 0192 0E       		.uleb128 0xe
 1451 0193 3A       		.uleb128 0x3a
 1452 0194 0B       		.uleb128 0xb
 1453 0195 3B       		.uleb128 0x3b
 1454 0196 0B       		.uleb128 0xb
 1455 0197 49       		.uleb128 0x49
 1456 0198 13       		.uleb128 0x13
 1457 0199 02       		.uleb128 0x2
 1458 019a 17       		.uleb128 0x17
 1459 019b 00       		.byte	0
 1460 019c 00       		.byte	0
 1461 019d 20       		.uleb128 0x20
 1462 019e 898201   		.uleb128 0x4109
 1463 01a1 01       		.byte	0x1
 1464 01a2 11       		.uleb128 0x11
 1465 01a3 01       		.uleb128 0x1
 1466 01a4 9542     		.uleb128 0x2115
 1467 01a6 19       		.uleb128 0x19
 1468 01a7 31       		.uleb128 0x31
 1469 01a8 13       		.uleb128 0x13
 1470 01a9 00       		.byte	0
 1471 01aa 00       		.byte	0
 1472 01ab 21       		.uleb128 0x21
 1473 01ac 8A8201   		.uleb128 0x410a
 1474 01af 00       		.byte	0
 1475 01b0 02       		.uleb128 0x2
 1476 01b1 18       		.uleb128 0x18
 1477 01b2 9142     		.uleb128 0x2111
ARM GAS  /tmp/ccqJVROR.s 			page 27


 1478 01b4 18       		.uleb128 0x18
 1479 01b5 00       		.byte	0
 1480 01b6 00       		.byte	0
 1481 01b7 22       		.uleb128 0x22
 1482 01b8 34       		.uleb128 0x34
 1483 01b9 00       		.byte	0
 1484 01ba 03       		.uleb128 0x3
 1485 01bb 0E       		.uleb128 0xe
 1486 01bc 3A       		.uleb128 0x3a
 1487 01bd 0B       		.uleb128 0xb
 1488 01be 3B       		.uleb128 0x3b
 1489 01bf 05       		.uleb128 0x5
 1490 01c0 49       		.uleb128 0x49
 1491 01c1 13       		.uleb128 0x13
 1492 01c2 3F       		.uleb128 0x3f
 1493 01c3 19       		.uleb128 0x19
 1494 01c4 3C       		.uleb128 0x3c
 1495 01c5 19       		.uleb128 0x19
 1496 01c6 00       		.byte	0
 1497 01c7 00       		.byte	0
 1498 01c8 23       		.uleb128 0x23
 1499 01c9 34       		.uleb128 0x34
 1500 01ca 00       		.byte	0
 1501 01cb 03       		.uleb128 0x3
 1502 01cc 08       		.uleb128 0x8
 1503 01cd 3A       		.uleb128 0x3a
 1504 01ce 0B       		.uleb128 0xb
 1505 01cf 3B       		.uleb128 0x3b
 1506 01d0 05       		.uleb128 0x5
 1507 01d1 49       		.uleb128 0x49
 1508 01d2 13       		.uleb128 0x13
 1509 01d3 3F       		.uleb128 0x3f
 1510 01d4 19       		.uleb128 0x19
 1511 01d5 3C       		.uleb128 0x3c
 1512 01d6 19       		.uleb128 0x19
 1513 01d7 00       		.byte	0
 1514 01d8 00       		.byte	0
 1515 01d9 24       		.uleb128 0x24
 1516 01da 2E       		.uleb128 0x2e
 1517 01db 01       		.byte	0x1
 1518 01dc 3F       		.uleb128 0x3f
 1519 01dd 19       		.uleb128 0x19
 1520 01de 03       		.uleb128 0x3
 1521 01df 0E       		.uleb128 0xe
 1522 01e0 3A       		.uleb128 0x3a
 1523 01e1 0B       		.uleb128 0xb
 1524 01e2 3B       		.uleb128 0x3b
 1525 01e3 05       		.uleb128 0x5
 1526 01e4 27       		.uleb128 0x27
 1527 01e5 19       		.uleb128 0x19
 1528 01e6 3C       		.uleb128 0x3c
 1529 01e7 19       		.uleb128 0x19
 1530 01e8 00       		.byte	0
 1531 01e9 00       		.byte	0
 1532 01ea 00       		.byte	0
 1533              		.section	.debug_loc,"",%progbits
 1534              	.Ldebug_loc0:
ARM GAS  /tmp/ccqJVROR.s 			page 28


 1535              	.LLST0:
 1536 0000 00000000 		.4byte	.LVL0
 1537 0004 02000000 		.4byte	.LVL1
 1538 0008 0100     		.2byte	0x1
 1539 000a 50       		.byte	0x50
 1540 000b 02000000 		.4byte	.LVL1
 1541 000f 04000000 		.4byte	.LFE267
 1542 0013 0400     		.2byte	0x4
 1543 0015 F3       		.byte	0xf3
 1544 0016 01       		.uleb128 0x1
 1545 0017 50       		.byte	0x50
 1546 0018 9F       		.byte	0x9f
 1547 0019 00000000 		.4byte	0
 1548 001d 00000000 		.4byte	0
 1549              	.LLST1:
 1550 0021 00000000 		.4byte	.LVL3
 1551 0025 06000000 		.4byte	.LVL4
 1552 0029 0100     		.2byte	0x1
 1553 002b 50       		.byte	0x50
 1554 002c 06000000 		.4byte	.LVL4
 1555 0030 0C000000 		.4byte	.LFE269
 1556 0034 0400     		.2byte	0x4
 1557 0036 F3       		.byte	0xf3
 1558 0037 01       		.uleb128 0x1
 1559 0038 50       		.byte	0x50
 1560 0039 9F       		.byte	0x9f
 1561 003a 00000000 		.4byte	0
 1562 003e 00000000 		.4byte	0
 1563              	.LLST2:
 1564 0042 00000000 		.4byte	.LVL3
 1565 0046 06000000 		.4byte	.LVL4
 1566 004a 0100     		.2byte	0x1
 1567 004c 51       		.byte	0x51
 1568 004d 06000000 		.4byte	.LVL4
 1569 0051 0B000000 		.4byte	.LVL5-1
 1570 0055 0100     		.2byte	0x1
 1571 0057 52       		.byte	0x52
 1572 0058 0B000000 		.4byte	.LVL5-1
 1573 005c 0C000000 		.4byte	.LFE269
 1574 0060 0400     		.2byte	0x4
 1575 0062 F3       		.byte	0xf3
 1576 0063 01       		.uleb128 0x1
 1577 0064 51       		.byte	0x51
 1578 0065 9F       		.byte	0x9f
 1579 0066 00000000 		.4byte	0
 1580 006a 00000000 		.4byte	0
 1581              		.section	.debug_aranges,"",%progbits
 1582 0000 2C000000 		.4byte	0x2c
 1583 0004 0200     		.2byte	0x2
 1584 0006 00000000 		.4byte	.Ldebug_info0
 1585 000a 04       		.byte	0x4
 1586 000b 00       		.byte	0
 1587 000c 0000     		.2byte	0
 1588 000e 0000     		.2byte	0
 1589 0010 00000000 		.4byte	.LFB267
 1590 0014 04000000 		.4byte	.LFE267-.LFB267
 1591 0018 00000000 		.4byte	.LFB268
ARM GAS  /tmp/ccqJVROR.s 			page 29


 1592 001c 02000000 		.4byte	.LFE268-.LFB268
 1593 0020 00000000 		.4byte	.LFB269
 1594 0024 0C000000 		.4byte	.LFE269-.LFB269
 1595 0028 00000000 		.4byte	0
 1596 002c 00000000 		.4byte	0
 1597              		.section	.debug_ranges,"",%progbits
 1598              	.Ldebug_ranges0:
 1599 0000 00000000 		.4byte	.LFB267
 1600 0004 04000000 		.4byte	.LFE267
 1601 0008 00000000 		.4byte	.LFB268
 1602 000c 02000000 		.4byte	.LFE268
 1603 0010 00000000 		.4byte	.LFB269
 1604 0014 0C000000 		.4byte	.LFE269
 1605 0018 00000000 		.4byte	0
 1606 001c 00000000 		.4byte	0
 1607              		.section	.debug_line,"",%progbits
 1608              	.Ldebug_line0:
 1609 0000 B2010000 		.section	.debug_str,"MS",%progbits,1
 1609      02007801 
 1609      00000201 
 1609      FB0E0D00 
 1609      01010101 
 1610              	.LASF46:
 1611 0000 72656164 		.ascii	"ready_list_t\000"
 1611      795F6C69 
 1611      73745F74 
 1611      00
 1612              	.LASF89:
 1613 000d 77747472 		.ascii	"wttrp\000"
 1613      7000
 1614              	.LASF78:
 1615 0013 50544F52 		.ascii	"PTOR\000"
 1615      00
 1616              	.LASF86:
 1617 0018 7264796D 		.ascii	"rdymsg\000"
 1617      736700
 1618              	.LASF9:
 1619 001f 75696E74 		.ascii	"uint64_t\000"
 1619      36345F74 
 1619      00
 1620              	.LASF85:
 1621 0028 706F7274 		.ascii	"port_intctx\000"
 1621      5F696E74 
 1621      63747800 
 1622              	.LASF65:
 1623 0034 73797374 		.ascii	"system_debug_t\000"
 1623      656D5F64 
 1623      65627567 
 1623      5F7400
 1624              	.LASF116:
 1625 0043 474E5520 		.ascii	"GNU C 4.9.2 -mcpu=cortex-m4 -mfloat-abi=soft -mfp16"
 1625      4320342E 
 1625      392E3220 
 1625      2D6D6370 
 1625      753D636F 
 1626 0076 2D666F72 		.ascii	"-format=none -mno-thumb-interwork -mthumb -mfpu=vfp"
 1626      6D61743D 
ARM GAS  /tmp/ccqJVROR.s 			page 30


 1626      6E6F6E65 
 1626      202D6D6E 
 1626      6F2D7468 
 1627 00a9 76332D64 		.ascii	"v3-d16 -mtls-dialect=gnu -ggdb -O2 -fomit-frame-poi"
 1627      3136202D 
 1627      6D746C73 
 1627      2D646961 
 1627      6C656374 
 1628 00dc 6E746572 		.ascii	"nter -falign-functions=16 -ffunction-sections -fdat"
 1628      202D6661 
 1628      6C69676E 
 1628      2D66756E 
 1628      6374696F 
 1629 010f 612D7365 		.ascii	"a-sections -fno-common\000"
 1629      6374696F 
 1629      6E73202D 
 1629      666E6F2D 
 1629      636F6D6D 
 1630              	.LASF103:
 1631 0126 696F706F 		.ascii	"ioportmask_t\000"
 1631      72746D61 
 1631      736B5F74 
 1631      00
 1632              	.LASF10:
 1633 0133 6C6F6E67 		.ascii	"long long unsigned int\000"
 1633      206C6F6E 
 1633      6720756E 
 1633      7369676E 
 1633      65642069 
 1634              	.LASF87:
 1635 014a 65786974 		.ascii	"exitcode\000"
 1635      636F6465 
 1635      00
 1636              	.LASF77:
 1637 0153 50434F52 		.ascii	"PCOR\000"
 1637      00
 1638              	.LASF62:
 1639 0158 76697274 		.ascii	"virtual_timers_list_t\000"
 1639      75616C5F 
 1639      74696D65 
 1639      72735F6C 
 1639      6973745F 
 1640              	.LASF115:
 1641 016e 49544D5F 		.ascii	"ITM_RxBuffer\000"
 1641      52784275 
 1641      66666572 
 1641      00
 1642              	.LASF45:
 1643 017b 63685F74 		.ascii	"ch_threads_queue\000"
 1643      68726561 
 1643      64735F71 
 1643      75657565 
 1643      00
 1644              	.LASF24:
 1645 018c 705F7072 		.ascii	"p_prio\000"
 1645      696F00
 1646              	.LASF79:
ARM GAS  /tmp/ccqJVROR.s 			page 31


 1647 0193 50444952 		.ascii	"PDIR\000"
 1647      00
 1648              	.LASF3:
 1649 0198 6C6F6E67 		.ascii	"long long int\000"
 1649      206C6F6E 
 1649      6720696E 
 1649      7400
 1650              	.LASF1:
 1651 01a6 7369676E 		.ascii	"signed char\000"
 1651      65642063 
 1651      68617200 
 1652              	.LASF39:
 1653 01b2 705F6D70 		.ascii	"p_mpool\000"
 1653      6F6F6C00 
 1654              	.LASF97:
 1655 01ba 6D5F7175 		.ascii	"m_queue\000"
 1655      65756500 
 1656              	.LASF71:
 1657 01c2 76746C69 		.ascii	"vtlist\000"
 1657      737400
 1658              	.LASF15:
 1659 01c9 74736C69 		.ascii	"tslices_t\000"
 1659      6365735F 
 1659      7400
 1660              	.LASF110:
 1661 01d3 62697473 		.ascii	"bits\000"
 1661      00
 1662              	.LASF13:
 1663 01d8 74737461 		.ascii	"tstate_t\000"
 1663      74655F74 
 1663      00
 1664              	.LASF76:
 1665 01e1 50534F52 		.ascii	"PSOR\000"
 1665      00
 1666              	.LASF117:
 1667 01e6 2E2E2F6F 		.ascii	"../os/hal/src/pal.c\000"
 1667      732F6861 
 1667      6C2F7372 
 1667      632F7061 
 1667      6C2E6300 
 1668              	.LASF26:
 1669 01fa 705F6E65 		.ascii	"p_newer\000"
 1669      77657200 
 1670              	.LASF94:
 1671 0202 735F7175 		.ascii	"s_queue\000"
 1671      65756500 
 1672              	.LASF51:
 1673 020a 725F6E65 		.ascii	"r_newer\000"
 1673      77657200 
 1674              	.LASF107:
 1675 0212 6D61736B 		.ascii	"mask\000"
 1675      00
 1676              	.LASF82:
 1677 0217 72656761 		.ascii	"regarm_t\000"
 1677      726D5F74 
 1677      00
 1678              	.LASF58:
ARM GAS  /tmp/ccqJVROR.s 			page 32


 1679 0220 76745F70 		.ascii	"vt_prev\000"
 1679      72657600 
 1680              	.LASF101:
 1681 0228 6D757465 		.ascii	"mutex_t\000"
 1681      785F7400 
 1682              	.LASF109:
 1683 0230 494F4275 		.ascii	"IOBus\000"
 1683      7300
 1684              	.LASF19:
 1685 0236 636E745F 		.ascii	"cnt_t\000"
 1685      7400
 1686              	.LASF0:
 1687 023c 756E7369 		.ascii	"unsigned int\000"
 1687      676E6564 
 1687      20696E74 
 1687      00
 1688              	.LASF57:
 1689 0249 76745F6E 		.ascii	"vt_next\000"
 1689      65787400 
 1690              	.LASF90:
 1691 0251 77747365 		.ascii	"wtsemp\000"
 1691      6D7000
 1692              	.LASF34:
 1693 0258 705F6D73 		.ascii	"p_msgqueue\000"
 1693      67717565 
 1693      756500
 1694              	.LASF81:
 1695 0263 4750494F 		.ascii	"GPIO_TypeDef\000"
 1695      5F547970 
 1695      65446566 
 1695      00
 1696              	.LASF95:
 1697 0270 735F636E 		.ascii	"s_cnt\000"
 1697      7400
 1698              	.LASF7:
 1699 0276 73686F72 		.ascii	"short unsigned int\000"
 1699      7420756E 
 1699      7369676E 
 1699      65642069 
 1699      6E7400
 1700              	.LASF42:
 1701 0289 63685F74 		.ascii	"ch_thread\000"
 1701      68726561 
 1701      6400
 1702              	.LASF72:
 1703 0293 6D61696E 		.ascii	"mainthread\000"
 1703      74687265 
 1703      616400
 1704              	.LASF17:
 1705 029e 6D73675F 		.ascii	"msg_t\000"
 1705      7400
 1706              	.LASF68:
 1707 02a4 63685F73 		.ascii	"ch_system_t\000"
 1707      79737465 
 1707      6D5F7400 
 1708              	.LASF12:
 1709 02b0 746D6F64 		.ascii	"tmode_t\000"
ARM GAS  /tmp/ccqJVROR.s 			page 33


 1709      655F7400 
 1710              	.LASF47:
 1711 02b8 63685F72 		.ascii	"ch_ready_list\000"
 1711      65616479 
 1711      5F6C6973 
 1711      7400
 1712              	.LASF18:
 1713 02c6 6576656E 		.ascii	"eventmask_t\000"
 1713      746D6173 
 1713      6B5F7400 
 1714              	.LASF83:
 1715 02d2 73746B61 		.ascii	"stkalign_t\000"
 1715      6C69676E 
 1715      5F7400
 1716              	.LASF41:
 1717 02dd 74687265 		.ascii	"threads_list_t\000"
 1717      6164735F 
 1717      6C697374 
 1717      5F7400
 1718              	.LASF80:
 1719 02ec 50444452 		.ascii	"PDDR\000"
 1719      00
 1720              	.LASF33:
 1721 02f1 705F7761 		.ascii	"p_waiting\000"
 1721      6974696E 
 1721      6700
 1722              	.LASF74:
 1723 02fb 73697A65 		.ascii	"sizetype\000"
 1723      74797065 
 1723      00
 1724              	.LASF40:
 1725 0304 74687265 		.ascii	"thread_reference_t\000"
 1725      61645F72 
 1725      65666572 
 1725      656E6365 
 1725      5F7400
 1726              	.LASF63:
 1727 0317 63685F76 		.ascii	"ch_virtual_timers_list\000"
 1727      69727475 
 1727      616C5F74 
 1727      696D6572 
 1727      735F6C69 
 1728              	.LASF27:
 1729 032e 705F6F6C 		.ascii	"p_older\000"
 1729      64657200 
 1730              	.LASF50:
 1731 0336 725F6374 		.ascii	"r_ctx\000"
 1731      7800
 1732              	.LASF53:
 1733 033c 725F6375 		.ascii	"r_current\000"
 1733      7272656E 
 1733      7400
 1734              	.LASF52:
 1735 0346 725F6F6C 		.ascii	"r_older\000"
 1735      64657200 
 1736              	.LASF106:
 1737 034e 706F7274 		.ascii	"portid\000"
ARM GAS  /tmp/ccqJVROR.s 			page 34


 1737      696400
 1738              	.LASF113:
 1739 0355 70616C53 		.ascii	"palSetBusMode\000"
 1739      65744275 
 1739      734D6F64 
 1739      6500
 1740              	.LASF14:
 1741 0363 74726566 		.ascii	"trefs_t\000"
 1741      735F7400 
 1742              	.LASF55:
 1743 036b 76697274 		.ascii	"virtual_timer_t\000"
 1743      75616C5F 
 1743      74696D65 
 1743      725F7400 
 1744              	.LASF23:
 1745 037b 705F7072 		.ascii	"p_prev\000"
 1745      657600
 1746              	.LASF16:
 1747 0382 74707269 		.ascii	"tprio_t\000"
 1747      6F5F7400 
 1748              	.LASF66:
 1749 038a 63685F73 		.ascii	"ch_system_debug\000"
 1749      79737465 
 1749      6D5F6465 
 1749      62756700 
 1750              	.LASF102:
 1751 039a 5F426F6F 		.ascii	"_Bool\000"
 1751      6C00
 1752              	.LASF4:
 1753 03a0 696E7433 		.ascii	"int32_t\000"
 1753      325F7400 
 1754              	.LASF6:
 1755 03a8 756E7369 		.ascii	"unsigned char\000"
 1755      676E6564 
 1755      20636861 
 1755      7200
 1756              	.LASF37:
 1757 03b6 705F6D74 		.ascii	"p_mtxlist\000"
 1757      786C6973 
 1757      7400
 1758              	.LASF2:
 1759 03c0 73686F72 		.ascii	"short int\000"
 1759      7420696E 
 1759      7400
 1760              	.LASF29:
 1761 03ca 705F7374 		.ascii	"p_state\000"
 1761      61746500 
 1762              	.LASF32:
 1763 03d2 705F7072 		.ascii	"p_preempt\000"
 1763      65656D70 
 1763      7400
 1764              	.LASF49:
 1765 03dc 725F7072 		.ascii	"r_prio\000"
 1765      696F00
 1766              	.LASF92:
 1767 03e3 65776D61 		.ascii	"ewmask\000"
 1767      736B00
ARM GAS  /tmp/ccqJVROR.s 			page 35


 1768              	.LASF22:
 1769 03ea 705F6E65 		.ascii	"p_next\000"
 1769      787400
 1770              	.LASF11:
 1771 03f1 75696E74 		.ascii	"uint_fast8_t\000"
 1771      5F666173 
 1771      74385F74 
 1771      00
 1772              	.LASF30:
 1773 03fe 705F666C 		.ascii	"p_flags\000"
 1773      61677300 
 1774              	.LASF111:
 1775 0406 5F5F6675 		.ascii	"__func__\000"
 1775      6E635F5F 
 1775      00
 1776              	.LASF73:
 1777 040f 69646C65 		.ascii	"idle_thread_wa\000"
 1777      5F746872 
 1777      6561645F 
 1777      776100
 1778              	.LASF69:
 1779 041e 63685F73 		.ascii	"ch_system\000"
 1779      79737465 
 1779      6D00
 1780              	.LASF56:
 1781 0428 63685F76 		.ascii	"ch_virtual_timer\000"
 1781      69727475 
 1781      616C5F74 
 1781      696D6572 
 1781      00
 1782              	.LASF93:
 1783 0439 63685F73 		.ascii	"ch_semaphore\000"
 1783      656D6170 
 1783      686F7265 
 1783      00
 1784              	.LASF36:
 1785 0446 705F6570 		.ascii	"p_epending\000"
 1785      656E6469 
 1785      6E6700
 1786              	.LASF8:
 1787 0451 75696E74 		.ascii	"uint32_t\000"
 1787      33325F74 
 1787      00
 1788              	.LASF91:
 1789 045a 77746D74 		.ascii	"wtmtxp\000"
 1789      787000
 1790              	.LASF48:
 1791 0461 725F7175 		.ascii	"r_queue\000"
 1791      65756500 
 1792              	.LASF59:
 1793 0469 76745F64 		.ascii	"vt_delta\000"
 1793      656C7461 
 1793      00
 1794              	.LASF43:
 1795 0472 63685F74 		.ascii	"ch_threads_list\000"
 1795      68726561 
 1795      64735F6C 
ARM GAS  /tmp/ccqJVROR.s 			page 36


 1795      69737400 
 1796              	.LASF100:
 1797 0482 63686172 		.ascii	"char\000"
 1797      00
 1798              	.LASF118:
 1799 0487 2F686F6D 		.ascii	"/home/bunnie/code/chibios-netvcr/netvcr\000"
 1799      652F6275 
 1799      6E6E6965 
 1799      2F636F64 
 1799      652F6368 
 1800              	.LASF114:
 1801 04af 6D6F6465 		.ascii	"mode\000"
 1801      00
 1802              	.LASF119:
 1803 04b4 70616C52 		.ascii	"palReadBus\000"
 1803      65616442 
 1803      757300
 1804              	.LASF21:
 1805 04bf 74687265 		.ascii	"thread_t\000"
 1805      61645F74 
 1805      00
 1806              	.LASF99:
 1807 04c8 6D5F6E65 		.ascii	"m_next\000"
 1807      787400
 1808              	.LASF20:
 1809 04cf 73797374 		.ascii	"systime_t\000"
 1809      696D655F 
 1809      7400
 1810              	.LASF38:
 1811 04d9 705F7265 		.ascii	"p_realprio\000"
 1811      616C7072 
 1811      696F00
 1812              	.LASF54:
 1813 04e4 76746675 		.ascii	"vtfunc_t\000"
 1813      6E635F74 
 1813      00
 1814              	.LASF67:
 1815 04ed 70616E69 		.ascii	"panic_msg\000"
 1815      635F6D73 
 1815      6700
 1816              	.LASF108:
 1817 04f7 6F666673 		.ascii	"offset\000"
 1817      657400
 1818              	.LASF105:
 1819 04fe 696F706F 		.ascii	"ioportid_t\000"
 1819      72746964 
 1819      5F7400
 1820              	.LASF84:
 1821 0509 636F6E74 		.ascii	"context\000"
 1821      65787400 
 1822              	.LASF120:
 1823 0511 5F70616C 		.ascii	"_pal_lld_setgroupmode\000"
 1823      5F6C6C64 
 1823      5F736574 
 1823      67726F75 
 1823      706D6F64 
 1824              	.LASF61:
ARM GAS  /tmp/ccqJVROR.s 			page 37


 1825 0527 76745F70 		.ascii	"vt_par\000"
 1825      617200
 1826              	.LASF112:
 1827 052e 70616C57 		.ascii	"palWriteBus\000"
 1827      72697465 
 1827      42757300 
 1828              	.LASF44:
 1829 053a 74687265 		.ascii	"threads_queue_t\000"
 1829      6164735F 
 1829      71756575 
 1829      655F7400 
 1830              	.LASF96:
 1831 054a 63685F6D 		.ascii	"ch_mutex\000"
 1831      75746578 
 1831      00
 1832              	.LASF31:
 1833 0553 705F7265 		.ascii	"p_refs\000"
 1833      667300
 1834              	.LASF70:
 1835 055a 726C6973 		.ascii	"rlist\000"
 1835      7400
 1836              	.LASF5:
 1837 0560 75696E74 		.ascii	"uint8_t\000"
 1837      385F7400 
 1838              	.LASF75:
 1839 0568 50444F52 		.ascii	"PDOR\000"
 1839      00
 1840              	.LASF88:
 1841 056d 77746F62 		.ascii	"wtobjp\000"
 1841      6A7000
 1842              	.LASF28:
 1843 0574 705F6E61 		.ascii	"p_name\000"
 1843      6D6500
 1844              	.LASF64:
 1845 057b 76745F73 		.ascii	"vt_systime\000"
 1845      79737469 
 1845      6D6500
 1846              	.LASF35:
 1847 0586 705F6D73 		.ascii	"p_msg\000"
 1847      6700
 1848              	.LASF104:
 1849 058c 696F6D6F 		.ascii	"iomode_t\000"
 1849      64655F74 
 1849      00
 1850              	.LASF98:
 1851 0595 6D5F6F77 		.ascii	"m_owner\000"
 1851      6E657200 
 1852              	.LASF25:
 1853 059d 705F6374 		.ascii	"p_ctx\000"
 1853      7800
 1854              	.LASF60:
 1855 05a3 76745F66 		.ascii	"vt_func\000"
 1855      756E6300 
 1856              		.ident	"GCC: (Debian 4.9.2-10) 4.9.2"
 1857              		.section	.note.GNU-stack,"",%progbits
ARM GAS  /tmp/ccqJVROR.s 			page 38


DEFINED SYMBOLS
                            *ABS*:00000000 pal.c
     /tmp/ccqJVROR.s:19     .text.palReadBus:00000000 $t
     /tmp/ccqJVROR.s:25     .text.palReadBus:00000000 palReadBus
     /tmp/ccqJVROR.s:42     .text.palWriteBus:00000000 $t
     /tmp/ccqJVROR.s:48     .text.palWriteBus:00000000 palWriteBus
     /tmp/ccqJVROR.s:61     .text.palSetBusMode:00000000 $t
     /tmp/ccqJVROR.s:67     .text.palSetBusMode:00000000 palSetBusMode
                     .debug_frame:00000010 $d

UNDEFINED SYMBOLS
_pal_lld_setgroupmode
