ARM GAS  /tmp/cc0x4ijv.s 			page 1


   1              		.syntax unified
   2              		.cpu cortex-m4
   3              		.fpu softvfp
   4              		.eabi_attribute 20, 1
   5              		.eabi_attribute 21, 1
   6              		.eabi_attribute 23, 3
   7              		.eabi_attribute 24, 1
   8              		.eabi_attribute 25, 1
   9              		.eabi_attribute 26, 2
  10              		.eabi_attribute 30, 2
  11              		.eabi_attribute 34, 1
  12              		.eabi_attribute 18, 4
  13              		.thumb
  14              		.file	"PFlashGetProtection.c"
  15              		.text
  16              	.Ltext0:
  17              		.cfi_sections	.debug_frame
  18              		.section	.text.PFlashGetProtection,"ax",%progbits
  19              		.align	2
  20              		.p2align 4,,-1
  21              		.global	PFlashGetProtection
  22              		.thumb
  23              		.thumb_func
  24              		.type	PFlashGetProtection, %function
  25              	PFlashGetProtection:
  26              	.LFB10:
  27              		.file 1 "../ext/C90TFS/source/PFlashGetProtection.c"
  28              		.loc 1 64 0
  29              		.cfi_startproc
  30              		@ args = 0, pretend = 0, frame = 0
  31              		@ frame_needed = 0, uses_anonymous_args = 0
  32              		@ link register save eliminated.
  33              	.LVL0:
  34 0000 10B4     		push	{r4}
  35              		.cfi_def_cfa_offset 4
  36              		.cfi_offset 4, -4
  37              		.loc 1 68 0
  38 0002 0268     		ldr	r2, [r0]
  39              	.LVL1:
  40              		.loc 1 69 0
  41 0004 D37C     		ldrb	r3, [r2, #19]	@ zero_extendqisi2
  42              	.LVL2:
  43              		.loc 1 71 0
  44 0006 907C     		ldrb	r0, [r2, #18]	@ zero_extendqisi2
  45              	.LVL3:
  46              		.loc 1 73 0
  47 0008 547C     		ldrb	r4, [r2, #17]	@ zero_extendqisi2
  48              	.LVL4:
  49              		.loc 1 75 0
  50 000a 127C     		ldrb	r2, [r2, #16]	@ zero_extendqisi2
  51              	.LVL5:
  52              		.loc 1 77 0
  53 000c 0004     		lsls	r0, r0, #16
  54              	.LVL6:
  55 000e 40EA0363 		orr	r3, r0, r3, lsl #24
  56              	.LVL7:
  57 0012 1343     		orrs	r3, r3, r2
ARM GAS  /tmp/cc0x4ijv.s 			page 2


  58 0014 43EA0423 		orr	r3, r3, r4, lsl #8
  59              		.loc 1 88 0
  60 0018 0020     		movs	r0, #0
  61              		.loc 1 77 0
  62 001a 0B60     		str	r3, [r1]
  63              	.LVL8:
  64              		.loc 1 88 0
  65 001c 5DF8044B 		ldr	r4, [sp], #4
  66              		.cfi_restore 4
  67              		.cfi_def_cfa_offset 0
  68              	.LVL9:
  69 0020 7047     		bx	lr
  70              		.cfi_endproc
  71              	.LFE10:
  72              		.size	PFlashGetProtection, .-PFlashGetProtection
  73 0022 00BFAFF3 		.text
  73      0080AFF3 
  73      0080AFF3 
  73      0080
  74              	.Letext0:
  75              		.file 2 "/usr/include/stdint.h"
  76              		.file 3 "../ext/C90TFS/include/SSD_Types.h"
  77              		.section	.debug_info,"",%progbits
  78              	.Ldebug_info0:
  79 0000 C0010000 		.4byte	0x1c0
  80 0004 0400     		.2byte	0x4
  81 0006 00000000 		.4byte	.Ldebug_abbrev0
  82 000a 04       		.byte	0x4
  83 000b 01       		.uleb128 0x1
  84 000c A1000000 		.4byte	.LASF33
  85 0010 01       		.byte	0x1
  86 0011 49020000 		.4byte	.LASF34
  87 0015 51000000 		.4byte	.LASF35
  88 0019 00000000 		.4byte	.Ldebug_ranges0+0
  89 001d 00000000 		.4byte	0
  90 0021 00000000 		.4byte	.Ldebug_line0
  91 0025 02       		.uleb128 0x2
  92 0026 01       		.byte	0x1
  93 0027 06       		.byte	0x6
  94 0028 97020000 		.4byte	.LASF0
  95 002c 02       		.uleb128 0x2
  96 002d 02       		.byte	0x2
  97 002e 05       		.byte	0x5
  98 002f CA010000 		.4byte	.LASF1
  99 0033 03       		.uleb128 0x3
 100 0034 04       		.byte	0x4
 101 0035 05       		.byte	0x5
 102 0036 696E7400 		.ascii	"int\000"
 103 003a 02       		.uleb128 0x2
 104 003b 08       		.byte	0x8
 105 003c 05       		.byte	0x5
 106 003d 36020000 		.4byte	.LASF2
 107 0041 04       		.uleb128 0x4
 108 0042 13020000 		.4byte	.LASF5
 109 0046 02       		.byte	0x2
 110 0047 30       		.byte	0x30
 111 0048 4C000000 		.4byte	0x4c
ARM GAS  /tmp/cc0x4ijv.s 			page 3


 112 004c 02       		.uleb128 0x2
 113 004d 01       		.byte	0x1
 114 004e 08       		.byte	0x8
 115 004f 89010000 		.4byte	.LASF3
 116 0053 02       		.uleb128 0x2
 117 0054 02       		.byte	0x2
 118 0055 07       		.byte	0x7
 119 0056 B7010000 		.4byte	.LASF4
 120 005a 04       		.uleb128 0x4
 121 005b 80020000 		.4byte	.LASF6
 122 005f 02       		.byte	0x2
 123 0060 33       		.byte	0x33
 124 0061 65000000 		.4byte	0x65
 125 0065 02       		.uleb128 0x2
 126 0066 04       		.byte	0x4
 127 0067 07       		.byte	0x7
 128 0068 DF010000 		.4byte	.LASF7
 129 006c 02       		.uleb128 0x2
 130 006d 08       		.byte	0x8
 131 006e 07       		.byte	0x7
 132 006f FC010000 		.4byte	.LASF8
 133 0073 04       		.uleb128 0x4
 134 0074 1B020000 		.4byte	.LASF9
 135 0078 03       		.byte	0x3
 136 0079 3F       		.byte	0x3f
 137 007a 7E000000 		.4byte	0x7e
 138 007e 05       		.uleb128 0x5
 139 007f 4C000000 		.4byte	0x4c
 140 0083 04       		.uleb128 0x4
 141 0084 00000000 		.4byte	.LASF10
 142 0088 03       		.byte	0x3
 143 0089 59       		.byte	0x59
 144 008a 8E000000 		.4byte	0x8e
 145 008e 06       		.uleb128 0x6
 146 008f 04       		.byte	0x4
 147 0090 94000000 		.4byte	0x94
 148 0094 07       		.uleb128 0x7
 149 0095 02       		.uleb128 0x2
 150 0096 01       		.byte	0x1
 151 0097 02       		.byte	0x2
 152 0098 A3020000 		.4byte	.LASF11
 153 009c 08       		.uleb128 0x8
 154 009d 74020000 		.4byte	.LASF36
 155 00a1 24       		.byte	0x24
 156 00a2 03       		.byte	0x3
 157 00a3 6A       		.byte	0x6a
 158 00a4 15010000 		.4byte	0x115
 159 00a8 09       		.uleb128 0x9
 160 00a9 A9020000 		.4byte	.LASF12
 161 00ad 03       		.byte	0x3
 162 00ae 6C       		.byte	0x6c
 163 00af 5A000000 		.4byte	0x5a
 164 00b3 00       		.byte	0
 165 00b4 09       		.uleb128 0x9
 166 00b5 D4010000 		.4byte	.LASF13
 167 00b9 03       		.byte	0x3
 168 00ba 6D       		.byte	0x6d
ARM GAS  /tmp/cc0x4ijv.s 			page 4


 169 00bb 5A000000 		.4byte	0x5a
 170 00bf 04       		.byte	0x4
 171 00c0 09       		.uleb128 0x9
 172 00c1 F1010000 		.4byte	.LASF14
 173 00c5 03       		.byte	0x3
 174 00c6 6E       		.byte	0x6e
 175 00c7 5A000000 		.4byte	0x5a
 176 00cb 08       		.byte	0x8
 177 00cc 09       		.uleb128 0x9
 178 00cd 3B000000 		.4byte	.LASF15
 179 00d1 03       		.byte	0x3
 180 00d2 6F       		.byte	0x6f
 181 00d3 5A000000 		.4byte	0x5a
 182 00d7 0C       		.byte	0xc
 183 00d8 09       		.uleb128 0x9
 184 00d9 46000000 		.4byte	.LASF16
 185 00dd 03       		.byte	0x3
 186 00de 70       		.byte	0x70
 187 00df 5A000000 		.4byte	0x5a
 188 00e3 10       		.byte	0x10
 189 00e4 09       		.uleb128 0x9
 190 00e5 79000000 		.4byte	.LASF17
 191 00e9 03       		.byte	0x3
 192 00ea 73       		.byte	0x73
 193 00eb 5A000000 		.4byte	0x5a
 194 00ef 14       		.byte	0x14
 195 00f0 09       		.uleb128 0x9
 196 00f1 27000000 		.4byte	.LASF18
 197 00f5 03       		.byte	0x3
 198 00f6 75       		.byte	0x75
 199 00f7 5A000000 		.4byte	0x5a
 200 00fb 18       		.byte	0x18
 201 00fc 09       		.uleb128 0x9
 202 00fd 2F000000 		.4byte	.LASF19
 203 0101 03       		.byte	0x3
 204 0102 78       		.byte	0x78
 205 0103 95000000 		.4byte	0x95
 206 0107 1C       		.byte	0x1c
 207 0108 09       		.uleb128 0x9
 208 0109 24020000 		.4byte	.LASF20
 209 010d 03       		.byte	0x3
 210 010e 79       		.byte	0x79
 211 010f 83000000 		.4byte	0x83
 212 0113 20       		.byte	0x20
 213 0114 00       		.byte	0
 214 0115 04       		.uleb128 0x4
 215 0116 15000000 		.4byte	.LASF21
 216 011a 03       		.byte	0x3
 217 011b 7A       		.byte	0x7a
 218 011c 20010000 		.4byte	0x120
 219 0120 06       		.uleb128 0x6
 220 0121 04       		.byte	0x4
 221 0122 9C000000 		.4byte	0x9c
 222 0126 06       		.uleb128 0x6
 223 0127 04       		.byte	0x4
 224 0128 5A000000 		.4byte	0x5a
 225 012c 02       		.uleb128 0x2
ARM GAS  /tmp/cc0x4ijv.s 			page 5


 226 012d 04       		.byte	0x4
 227 012e 07       		.byte	0x7
 228 012f 97010000 		.4byte	.LASF22
 229 0133 02       		.uleb128 0x2
 230 0134 04       		.byte	0x4
 231 0135 05       		.byte	0x5
 232 0136 89020000 		.4byte	.LASF23
 233 013a 02       		.uleb128 0x2
 234 013b 04       		.byte	0x4
 235 013c 07       		.byte	0x7
 236 013d 2D020000 		.4byte	.LASF24
 237 0141 02       		.uleb128 0x2
 238 0142 01       		.byte	0x1
 239 0143 08       		.byte	0x8
 240 0144 44020000 		.4byte	.LASF25
 241 0148 0A       		.uleb128 0xa
 242 0149 83000000 		.4byte	.LASF37
 243 014d 01       		.byte	0x1
 244 014e 3F       		.byte	0x3f
 245 014f 5A000000 		.4byte	0x5a
 246 0153 00000000 		.4byte	.LFB10
 247 0157 22000000 		.4byte	.LFE10-.LFB10
 248 015b 01       		.uleb128 0x1
 249 015c 9C       		.byte	0x9c
 250 015d 0B       		.uleb128 0xb
 251 015e 0A000000 		.4byte	.LASF26
 252 0162 01       		.byte	0x1
 253 0163 3F       		.byte	0x3f
 254 0164 15010000 		.4byte	0x115
 255 0168 00000000 		.4byte	.LLST0
 256 016c 0C       		.uleb128 0xc
 257 016d A9010000 		.4byte	.LASF27
 258 0171 01       		.byte	0x1
 259 0172 3F       		.byte	0x3f
 260 0173 26010000 		.4byte	0x126
 261 0177 01       		.uleb128 0x1
 262 0178 51       		.byte	0x51
 263 0179 0D       		.uleb128 0xd
 264 017a 97000000 		.4byte	.LASF28
 265 017e 01       		.byte	0x1
 266 017f 41       		.byte	0x41
 267 0180 5A000000 		.4byte	0x5a
 268 0184 21000000 		.4byte	.LLST1
 269 0188 0D       		.uleb128 0xd
 270 0189 9C000000 		.4byte	.LASF29
 271 018d 01       		.byte	0x1
 272 018e 41       		.byte	0x41
 273 018f 5A000000 		.4byte	0x5a
 274 0193 34000000 		.4byte	.LLST2
 275 0197 0D       		.uleb128 0xd
 276 0198 92020000 		.4byte	.LASF30
 277 019c 01       		.byte	0x1
 278 019d 41       		.byte	0x41
 279 019e 5A000000 		.4byte	0x5a
 280 01a2 47000000 		.4byte	.LLST3
 281 01a6 0E       		.uleb128 0xe
 282 01a7 84010000 		.4byte	.LASF31
ARM GAS  /tmp/cc0x4ijv.s 			page 6


 283 01ab 01       		.byte	0x1
 284 01ac 41       		.byte	0x41
 285 01ad 5A000000 		.4byte	0x5a
 286 01b1 01       		.uleb128 0x1
 287 01b2 52       		.byte	0x52
 288 01b3 0D       		.uleb128 0xd
 289 01b4 EC010000 		.4byte	.LASF32
 290 01b8 01       		.byte	0x1
 291 01b9 42       		.byte	0x42
 292 01ba 5A000000 		.4byte	0x5a
 293 01be 5A000000 		.4byte	.LLST4
 294 01c2 00       		.byte	0
 295 01c3 00       		.byte	0
 296              		.section	.debug_abbrev,"",%progbits
 297              	.Ldebug_abbrev0:
 298 0000 01       		.uleb128 0x1
 299 0001 11       		.uleb128 0x11
 300 0002 01       		.byte	0x1
 301 0003 25       		.uleb128 0x25
 302 0004 0E       		.uleb128 0xe
 303 0005 13       		.uleb128 0x13
 304 0006 0B       		.uleb128 0xb
 305 0007 03       		.uleb128 0x3
 306 0008 0E       		.uleb128 0xe
 307 0009 1B       		.uleb128 0x1b
 308 000a 0E       		.uleb128 0xe
 309 000b 55       		.uleb128 0x55
 310 000c 17       		.uleb128 0x17
 311 000d 11       		.uleb128 0x11
 312 000e 01       		.uleb128 0x1
 313 000f 10       		.uleb128 0x10
 314 0010 17       		.uleb128 0x17
 315 0011 00       		.byte	0
 316 0012 00       		.byte	0
 317 0013 02       		.uleb128 0x2
 318 0014 24       		.uleb128 0x24
 319 0015 00       		.byte	0
 320 0016 0B       		.uleb128 0xb
 321 0017 0B       		.uleb128 0xb
 322 0018 3E       		.uleb128 0x3e
 323 0019 0B       		.uleb128 0xb
 324 001a 03       		.uleb128 0x3
 325 001b 0E       		.uleb128 0xe
 326 001c 00       		.byte	0
 327 001d 00       		.byte	0
 328 001e 03       		.uleb128 0x3
 329 001f 24       		.uleb128 0x24
 330 0020 00       		.byte	0
 331 0021 0B       		.uleb128 0xb
 332 0022 0B       		.uleb128 0xb
 333 0023 3E       		.uleb128 0x3e
 334 0024 0B       		.uleb128 0xb
 335 0025 03       		.uleb128 0x3
 336 0026 08       		.uleb128 0x8
 337 0027 00       		.byte	0
 338 0028 00       		.byte	0
 339 0029 04       		.uleb128 0x4
ARM GAS  /tmp/cc0x4ijv.s 			page 7


 340 002a 16       		.uleb128 0x16
 341 002b 00       		.byte	0
 342 002c 03       		.uleb128 0x3
 343 002d 0E       		.uleb128 0xe
 344 002e 3A       		.uleb128 0x3a
 345 002f 0B       		.uleb128 0xb
 346 0030 3B       		.uleb128 0x3b
 347 0031 0B       		.uleb128 0xb
 348 0032 49       		.uleb128 0x49
 349 0033 13       		.uleb128 0x13
 350 0034 00       		.byte	0
 351 0035 00       		.byte	0
 352 0036 05       		.uleb128 0x5
 353 0037 35       		.uleb128 0x35
 354 0038 00       		.byte	0
 355 0039 49       		.uleb128 0x49
 356 003a 13       		.uleb128 0x13
 357 003b 00       		.byte	0
 358 003c 00       		.byte	0
 359 003d 06       		.uleb128 0x6
 360 003e 0F       		.uleb128 0xf
 361 003f 00       		.byte	0
 362 0040 0B       		.uleb128 0xb
 363 0041 0B       		.uleb128 0xb
 364 0042 49       		.uleb128 0x49
 365 0043 13       		.uleb128 0x13
 366 0044 00       		.byte	0
 367 0045 00       		.byte	0
 368 0046 07       		.uleb128 0x7
 369 0047 15       		.uleb128 0x15
 370 0048 00       		.byte	0
 371 0049 27       		.uleb128 0x27
 372 004a 19       		.uleb128 0x19
 373 004b 00       		.byte	0
 374 004c 00       		.byte	0
 375 004d 08       		.uleb128 0x8
 376 004e 13       		.uleb128 0x13
 377 004f 01       		.byte	0x1
 378 0050 03       		.uleb128 0x3
 379 0051 0E       		.uleb128 0xe
 380 0052 0B       		.uleb128 0xb
 381 0053 0B       		.uleb128 0xb
 382 0054 3A       		.uleb128 0x3a
 383 0055 0B       		.uleb128 0xb
 384 0056 3B       		.uleb128 0x3b
 385 0057 0B       		.uleb128 0xb
 386 0058 01       		.uleb128 0x1
 387 0059 13       		.uleb128 0x13
 388 005a 00       		.byte	0
 389 005b 00       		.byte	0
 390 005c 09       		.uleb128 0x9
 391 005d 0D       		.uleb128 0xd
 392 005e 00       		.byte	0
 393 005f 03       		.uleb128 0x3
 394 0060 0E       		.uleb128 0xe
 395 0061 3A       		.uleb128 0x3a
 396 0062 0B       		.uleb128 0xb
ARM GAS  /tmp/cc0x4ijv.s 			page 8


 397 0063 3B       		.uleb128 0x3b
 398 0064 0B       		.uleb128 0xb
 399 0065 49       		.uleb128 0x49
 400 0066 13       		.uleb128 0x13
 401 0067 38       		.uleb128 0x38
 402 0068 0B       		.uleb128 0xb
 403 0069 00       		.byte	0
 404 006a 00       		.byte	0
 405 006b 0A       		.uleb128 0xa
 406 006c 2E       		.uleb128 0x2e
 407 006d 01       		.byte	0x1
 408 006e 3F       		.uleb128 0x3f
 409 006f 19       		.uleb128 0x19
 410 0070 03       		.uleb128 0x3
 411 0071 0E       		.uleb128 0xe
 412 0072 3A       		.uleb128 0x3a
 413 0073 0B       		.uleb128 0xb
 414 0074 3B       		.uleb128 0x3b
 415 0075 0B       		.uleb128 0xb
 416 0076 27       		.uleb128 0x27
 417 0077 19       		.uleb128 0x19
 418 0078 49       		.uleb128 0x49
 419 0079 13       		.uleb128 0x13
 420 007a 11       		.uleb128 0x11
 421 007b 01       		.uleb128 0x1
 422 007c 12       		.uleb128 0x12
 423 007d 06       		.uleb128 0x6
 424 007e 40       		.uleb128 0x40
 425 007f 18       		.uleb128 0x18
 426 0080 9742     		.uleb128 0x2117
 427 0082 19       		.uleb128 0x19
 428 0083 00       		.byte	0
 429 0084 00       		.byte	0
 430 0085 0B       		.uleb128 0xb
 431 0086 05       		.uleb128 0x5
 432 0087 00       		.byte	0
 433 0088 03       		.uleb128 0x3
 434 0089 0E       		.uleb128 0xe
 435 008a 3A       		.uleb128 0x3a
 436 008b 0B       		.uleb128 0xb
 437 008c 3B       		.uleb128 0x3b
 438 008d 0B       		.uleb128 0xb
 439 008e 49       		.uleb128 0x49
 440 008f 13       		.uleb128 0x13
 441 0090 02       		.uleb128 0x2
 442 0091 17       		.uleb128 0x17
 443 0092 00       		.byte	0
 444 0093 00       		.byte	0
 445 0094 0C       		.uleb128 0xc
 446 0095 05       		.uleb128 0x5
 447 0096 00       		.byte	0
 448 0097 03       		.uleb128 0x3
 449 0098 0E       		.uleb128 0xe
 450 0099 3A       		.uleb128 0x3a
 451 009a 0B       		.uleb128 0xb
 452 009b 3B       		.uleb128 0x3b
 453 009c 0B       		.uleb128 0xb
ARM GAS  /tmp/cc0x4ijv.s 			page 9


 454 009d 49       		.uleb128 0x49
 455 009e 13       		.uleb128 0x13
 456 009f 02       		.uleb128 0x2
 457 00a0 18       		.uleb128 0x18
 458 00a1 00       		.byte	0
 459 00a2 00       		.byte	0
 460 00a3 0D       		.uleb128 0xd
 461 00a4 34       		.uleb128 0x34
 462 00a5 00       		.byte	0
 463 00a6 03       		.uleb128 0x3
 464 00a7 0E       		.uleb128 0xe
 465 00a8 3A       		.uleb128 0x3a
 466 00a9 0B       		.uleb128 0xb
 467 00aa 3B       		.uleb128 0x3b
 468 00ab 0B       		.uleb128 0xb
 469 00ac 49       		.uleb128 0x49
 470 00ad 13       		.uleb128 0x13
 471 00ae 02       		.uleb128 0x2
 472 00af 17       		.uleb128 0x17
 473 00b0 00       		.byte	0
 474 00b1 00       		.byte	0
 475 00b2 0E       		.uleb128 0xe
 476 00b3 34       		.uleb128 0x34
 477 00b4 00       		.byte	0
 478 00b5 03       		.uleb128 0x3
 479 00b6 0E       		.uleb128 0xe
 480 00b7 3A       		.uleb128 0x3a
 481 00b8 0B       		.uleb128 0xb
 482 00b9 3B       		.uleb128 0x3b
 483 00ba 0B       		.uleb128 0xb
 484 00bb 49       		.uleb128 0x49
 485 00bc 13       		.uleb128 0x13
 486 00bd 02       		.uleb128 0x2
 487 00be 18       		.uleb128 0x18
 488 00bf 00       		.byte	0
 489 00c0 00       		.byte	0
 490 00c1 00       		.byte	0
 491              		.section	.debug_loc,"",%progbits
 492              	.Ldebug_loc0:
 493              	.LLST0:
 494 0000 00000000 		.4byte	.LVL0
 495 0004 08000000 		.4byte	.LVL3
 496 0008 0100     		.2byte	0x1
 497 000a 50       		.byte	0x50
 498 000b 08000000 		.4byte	.LVL3
 499 000f 22000000 		.4byte	.LFE10
 500 0013 0400     		.2byte	0x4
 501 0015 F3       		.byte	0xf3
 502 0016 01       		.uleb128 0x1
 503 0017 50       		.byte	0x50
 504 0018 9F       		.byte	0x9f
 505 0019 00000000 		.4byte	0
 506 001d 00000000 		.4byte	0
 507              	.LLST1:
 508 0021 06000000 		.4byte	.LVL2
 509 0025 12000000 		.4byte	.LVL7
 510 0029 0100     		.2byte	0x1
ARM GAS  /tmp/cc0x4ijv.s 			page 10


 511 002b 53       		.byte	0x53
 512 002c 00000000 		.4byte	0
 513 0030 00000000 		.4byte	0
 514              	.LLST2:
 515 0034 08000000 		.4byte	.LVL3
 516 0038 0E000000 		.4byte	.LVL6
 517 003c 0100     		.2byte	0x1
 518 003e 50       		.byte	0x50
 519 003f 00000000 		.4byte	0
 520 0043 00000000 		.4byte	0
 521              	.LLST3:
 522 0047 0A000000 		.4byte	.LVL4
 523 004b 20000000 		.4byte	.LVL9
 524 004f 0100     		.2byte	0x1
 525 0051 54       		.byte	0x54
 526 0052 00000000 		.4byte	0
 527 0056 00000000 		.4byte	0
 528              	.LLST4:
 529 005a 04000000 		.4byte	.LVL1
 530 005e 06000000 		.4byte	.LVL2
 531 0062 0300     		.2byte	0x3
 532 0064 72       		.byte	0x72
 533 0065 13       		.sleb128 19
 534 0066 9F       		.byte	0x9f
 535 0067 06000000 		.4byte	.LVL2
 536 006b 08000000 		.4byte	.LVL3
 537 006f 0300     		.2byte	0x3
 538 0071 72       		.byte	0x72
 539 0072 12       		.sleb128 18
 540 0073 9F       		.byte	0x9f
 541 0074 08000000 		.4byte	.LVL3
 542 0078 0A000000 		.4byte	.LVL4
 543 007c 0300     		.2byte	0x3
 544 007e 72       		.byte	0x72
 545 007f 11       		.sleb128 17
 546 0080 9F       		.byte	0x9f
 547 0081 0A000000 		.4byte	.LVL4
 548 0085 0C000000 		.4byte	.LVL5
 549 0089 0300     		.2byte	0x3
 550 008b 72       		.byte	0x72
 551 008c 10       		.sleb128 16
 552 008d 9F       		.byte	0x9f
 553 008e 0C000000 		.4byte	.LVL5
 554 0092 1C000000 		.4byte	.LVL8
 555 0096 0700     		.2byte	0x7
 556 0098 F3       		.byte	0xf3
 557 0099 01       		.uleb128 0x1
 558 009a 50       		.byte	0x50
 559 009b 06       		.byte	0x6
 560 009c 23       		.byte	0x23
 561 009d 10       		.uleb128 0x10
 562 009e 9F       		.byte	0x9f
 563 009f 00000000 		.4byte	0
 564 00a3 00000000 		.4byte	0
 565              		.section	.debug_aranges,"",%progbits
 566 0000 1C000000 		.4byte	0x1c
 567 0004 0200     		.2byte	0x2
ARM GAS  /tmp/cc0x4ijv.s 			page 11


 568 0006 00000000 		.4byte	.Ldebug_info0
 569 000a 04       		.byte	0x4
 570 000b 00       		.byte	0
 571 000c 0000     		.2byte	0
 572 000e 0000     		.2byte	0
 573 0010 00000000 		.4byte	.LFB10
 574 0014 22000000 		.4byte	.LFE10-.LFB10
 575 0018 00000000 		.4byte	0
 576 001c 00000000 		.4byte	0
 577              		.section	.debug_ranges,"",%progbits
 578              	.Ldebug_ranges0:
 579 0000 00000000 		.4byte	.LFB10
 580 0004 22000000 		.4byte	.LFE10
 581 0008 00000000 		.4byte	0
 582 000c 00000000 		.4byte	0
 583              		.section	.debug_line,"",%progbits
 584              	.Ldebug_line0:
 585 0000 A3000000 		.section	.debug_str,"MS",%progbits,1
 585      02007F00 
 585      00000201 
 585      FB0E0D00 
 585      01010101 
 586              	.LASF10:
 587 0000 5043414C 		.ascii	"PCALLBACK\000"
 587      4C424143 
 587      4B00
 588              	.LASF26:
 589 000a 70535344 		.ascii	"pSSDConfig\000"
 589      436F6E66 
 589      696700
 590              	.LASF21:
 591 0015 50464C41 		.ascii	"PFLASH_SSD_CONFIG\000"
 591      53485F53 
 591      53445F43 
 591      4F4E4649 
 591      4700
 592              	.LASF18:
 593 0027 45454553 		.ascii	"EEESize\000"
 593      697A6500 
 594              	.LASF19:
 595 002f 44656275 		.ascii	"DebugEnable\000"
 595      67456E61 
 595      626C6500 
 596              	.LASF15:
 597 003b 44466C61 		.ascii	"DFlashBase\000"
 597      73684261 
 597      736500
 598              	.LASF16:
 599 0046 44466C61 		.ascii	"DFlashSize\000"
 599      73685369 
 599      7A6500
 600              	.LASF35:
 601 0051 2F686F6D 		.ascii	"/home/bunnie/code/chibios-netvcr/netvcr\000"
 601      652F6275 
 601      6E6E6965 
 601      2F636F64 
 601      652F6368 
ARM GAS  /tmp/cc0x4ijv.s 			page 12


 602              	.LASF17:
 603 0079 45455241 		.ascii	"EERAMBase\000"
 603      4D426173 
 603      6500
 604              	.LASF37:
 605 0083 50466C61 		.ascii	"PFlashGetProtection\000"
 605      73684765 
 605      7450726F 
 605      74656374 
 605      696F6E00 
 606              	.LASF28:
 607 0097 72656730 		.ascii	"reg0\000"
 607      00
 608              	.LASF29:
 609 009c 72656731 		.ascii	"reg1\000"
 609      00
 610              	.LASF33:
 611 00a1 474E5520 		.ascii	"GNU C 4.9.2 -mcpu=cortex-m4 -mfloat-abi=soft -mfp16"
 611      4320342E 
 611      392E3220 
 611      2D6D6370 
 611      753D636F 
 612 00d4 2D666F72 		.ascii	"-format=none -mno-thumb-interwork -mthumb -mfpu=vfp"
 612      6D61743D 
 612      6E6F6E65 
 612      202D6D6E 
 612      6F2D7468 
 613 0107 76332D64 		.ascii	"v3-d16 -mtls-dialect=gnu -ggdb -O2 -fomit-frame-poi"
 613      3136202D 
 613      6D746C73 
 613      2D646961 
 613      6C656374 
 614 013a 6E746572 		.ascii	"nter -falign-functions=16 -ffunction-sections -fdat"
 614      202D6661 
 614      6C69676E 
 614      2D66756E 
 614      6374696F 
 615 016d 612D7365 		.ascii	"a-sections -fno-common\000"
 615      6374696F 
 615      6E73202D 
 615      666E6F2D 
 615      636F6D6D 
 616              	.LASF31:
 617 0184 72656733 		.ascii	"reg3\000"
 617      00
 618              	.LASF3:
 619 0189 756E7369 		.ascii	"unsigned char\000"
 619      676E6564 
 619      20636861 
 619      7200
 620              	.LASF22:
 621 0197 6C6F6E67 		.ascii	"long unsigned int\000"
 621      20756E73 
 621      69676E65 
 621      6420696E 
 621      7400
 622              	.LASF27:
ARM GAS  /tmp/cc0x4ijv.s 			page 13


 623 01a9 70726F74 		.ascii	"protectStatus\000"
 623      65637453 
 623      74617475 
 623      7300
 624              	.LASF4:
 625 01b7 73686F72 		.ascii	"short unsigned int\000"
 625      7420756E 
 625      7369676E 
 625      65642069 
 625      6E7400
 626              	.LASF1:
 627 01ca 73686F72 		.ascii	"short int\000"
 627      7420696E 
 627      7400
 628              	.LASF13:
 629 01d4 50466C61 		.ascii	"PFlashBase\000"
 629      73684261 
 629      736500
 630              	.LASF7:
 631 01df 756E7369 		.ascii	"unsigned int\000"
 631      676E6564 
 631      20696E74 
 631      00
 632              	.LASF32:
 633 01ec 74656D70 		.ascii	"temp\000"
 633      00
 634              	.LASF14:
 635 01f1 50466C61 		.ascii	"PFlashSize\000"
 635      73685369 
 635      7A6500
 636              	.LASF8:
 637 01fc 6C6F6E67 		.ascii	"long long unsigned int\000"
 637      206C6F6E 
 637      6720756E 
 637      7369676E 
 637      65642069 
 638              	.LASF5:
 639 0213 75696E74 		.ascii	"uint8_t\000"
 639      385F7400 
 640              	.LASF9:
 641 021b 7675696E 		.ascii	"vuint8_t\000"
 641      74385F74 
 641      00
 642              	.LASF20:
 643 0224 43616C6C 		.ascii	"CallBack\000"
 643      4261636B 
 643      00
 644              	.LASF24:
 645 022d 73697A65 		.ascii	"sizetype\000"
 645      74797065 
 645      00
 646              	.LASF2:
 647 0236 6C6F6E67 		.ascii	"long long int\000"
 647      206C6F6E 
 647      6720696E 
 647      7400
 648              	.LASF25:
ARM GAS  /tmp/cc0x4ijv.s 			page 14


 649 0244 63686172 		.ascii	"char\000"
 649      00
 650              	.LASF34:
 651 0249 2E2E2F65 		.ascii	"../ext/C90TFS/source/PFlashGetProtection.c\000"
 651      78742F43 
 651      39305446 
 651      532F736F 
 651      75726365 
 652              	.LASF36:
 653 0274 5F737364 		.ascii	"_ssd_config\000"
 653      5F636F6E 
 653      66696700 
 654              	.LASF6:
 655 0280 75696E74 		.ascii	"uint32_t\000"
 655      33325F74 
 655      00
 656              	.LASF23:
 657 0289 6C6F6E67 		.ascii	"long int\000"
 657      20696E74 
 657      00
 658              	.LASF30:
 659 0292 72656732 		.ascii	"reg2\000"
 659      00
 660              	.LASF0:
 661 0297 7369676E 		.ascii	"signed char\000"
 661      65642063 
 661      68617200 
 662              	.LASF11:
 663 02a3 5F426F6F 		.ascii	"_Bool\000"
 663      6C00
 664              	.LASF12:
 665 02a9 66746678 		.ascii	"ftfxRegBase\000"
 665      52656742 
 665      61736500 
 666              		.ident	"GCC: (Debian 4.9.2-10) 4.9.2"
 667              		.section	.note.GNU-stack,"",%progbits
ARM GAS  /tmp/cc0x4ijv.s 			page 15


DEFINED SYMBOLS
                            *ABS*:00000000 PFlashGetProtection.c
     /tmp/cc0x4ijv.s:19     .text.PFlashGetProtection:00000000 $t
     /tmp/cc0x4ijv.s:25     .text.PFlashGetProtection:00000000 PFlashGetProtection
                     .debug_frame:00000010 $d

NO UNDEFINED SYMBOLS
