ARM GAS  /tmp/ccGowzZe.s 			page 1


   1              		.syntax unified
   2              		.cpu cortex-m4
   3              		.fpu softvfp
   4              		.eabi_attribute 20, 1
   5              		.eabi_attribute 21, 1
   6              		.eabi_attribute 23, 3
   7              		.eabi_attribute 24, 1
   8              		.eabi_attribute 25, 1
   9              		.eabi_attribute 26, 2
  10              		.eabi_attribute 30, 2
  11              		.eabi_attribute 34, 1
  12              		.eabi_attribute 18, 4
  13              		.thumb
  14              		.file	"st.c"
  15              		.text
  16              	.Ltext0:
  17              		.cfi_sections	.debug_frame
  18              		.section	.text.stInit,"ax",%progbits
  19              		.align	2
  20              		.p2align 4,,15
  21              		.global	stInit
  22              		.thumb
  23              		.thumb_func
  24              		.type	stInit, %function
  25              	stInit:
  26              	.LFB267:
  27              		.file 1 "../os/hal/src/st.c"
  28              		.loc 1 60 0
  29              		.cfi_startproc
  30              		@ args = 0, pretend = 0, frame = 0
  31              		@ frame_needed = 0, uses_anonymous_args = 0
  32              		@ link register save eliminated.
  33              		.loc 1 62 0
  34 0000 FFF7FEBF 		b	st_lld_init
  35              	.LVL0:
  36              		.cfi_endproc
  37              	.LFE267:
  38              		.size	stInit, .-stInit
  39 0004 AFF30080 		.section	.text.stStartAlarm,"ax",%progbits
  39      AFF30080 
  39      AFF30080 
  40              		.align	2
  41              		.p2align 4,,15
  42              		.global	stStartAlarm
  43              		.thumb
  44              		.thumb_func
  45              		.type	stStartAlarm, %function
  46              	stStartAlarm:
  47              	.LFB268:
  48              		.loc 1 77 0
  49              		.cfi_startproc
  50              		@ args = 0, pretend = 0, frame = 0
  51              		@ frame_needed = 0, uses_anonymous_args = 0
  52              		@ link register save eliminated.
  53              	.LVL1:
  54 0000 7047     		bx	lr
  55              		.cfi_endproc
ARM GAS  /tmp/ccGowzZe.s 			page 2


  56              	.LFE268:
  57              		.size	stStartAlarm, .-stStartAlarm
  58 0002 00BFAFF3 		.section	.text.stStopAlarm,"ax",%progbits
  58      0080AFF3 
  58      0080AFF3 
  58      0080
  59              		.align	2
  60              		.p2align 4,,15
  61              		.global	stStopAlarm
  62              		.thumb
  63              		.thumb_func
  64              		.type	stStopAlarm, %function
  65              	stStopAlarm:
  66              	.LFB269:
  67              		.loc 1 91 0
  68              		.cfi_startproc
  69              		@ args = 0, pretend = 0, frame = 0
  70              		@ frame_needed = 0, uses_anonymous_args = 0
  71              		@ link register save eliminated.
  72 0000 7047     		bx	lr
  73              		.cfi_endproc
  74              	.LFE269:
  75              		.size	stStopAlarm, .-stStopAlarm
  76 0002 00BFAFF3 		.section	.text.stSetAlarm,"ax",%progbits
  76      0080AFF3 
  76      0080AFF3 
  76      0080
  77              		.align	2
  78              		.p2align 4,,15
  79              		.global	stSetAlarm
  80              		.thumb
  81              		.thumb_func
  82              		.type	stSetAlarm, %function
  83              	stSetAlarm:
  84              	.LFB270:
  85              		.loc 1 105 0
  86              		.cfi_startproc
  87              		@ args = 0, pretend = 0, frame = 0
  88              		@ frame_needed = 0, uses_anonymous_args = 0
  89              		@ link register save eliminated.
  90              	.LVL2:
  91 0000 7047     		bx	lr
  92              		.cfi_endproc
  93              	.LFE270:
  94              		.size	stSetAlarm, .-stSetAlarm
  95 0002 00BFAFF3 		.section	.text.stGetAlarm,"ax",%progbits
  95      0080AFF3 
  95      0080AFF3 
  95      0080
  96              		.align	2
  97              		.p2align 4,,15
  98              		.global	stGetAlarm
  99              		.thumb
 100              		.thumb_func
 101              		.type	stGetAlarm, %function
 102              	stGetAlarm:
 103              	.LFB271:
ARM GAS  /tmp/ccGowzZe.s 			page 3


 104              		.loc 1 121 0
 105              		.cfi_startproc
 106              		@ args = 0, pretend = 0, frame = 0
 107              		@ frame_needed = 0, uses_anonymous_args = 0
 108              		@ link register save eliminated.
 109              		.loc 1 126 0
 110 0000 0020     		movs	r0, #0
 111 0002 7047     		bx	lr
 112              		.cfi_endproc
 113              	.LFE271:
 114              		.size	stGetAlarm, .-stGetAlarm
 115 0004 AFF30080 		.text
 115      AFF30080 
 115      AFF30080 
 116              	.Letext0:
 117              		.file 2 "/usr/include/stdint.h"
 118              		.file 3 "../os/rt/ports/ARMCMx/compilers/GCC/chtypes.h"
 119              		.file 4 "../os/rt/include/chsystypes.h"
 120              		.file 5 "../os/rt/include/chschd.h"
 121              		.file 6 "../os/rt/ports/ARMCMx/chcore.h"
 122              		.file 7 "../os/rt/ports/ARMCMx/chcore_v7m.h"
 123              		.file 8 "../os/rt/include/chsem.h"
 124              		.file 9 "../os/rt/include/chmtx.h"
 125              		.file 10 "../os/hal/ports/KINETIS/K20x/st_lld.h"
 126              		.file 11 "../os/ext/CMSIS/include/core_cm4.h"
 127              		.section	.debug_info,"",%progbits
 128              	.Ldebug_info0:
 129 0000 06070000 		.4byte	0x706
 130 0004 0400     		.2byte	0x4
 131 0006 00000000 		.4byte	.Ldebug_abbrev0
 132 000a 04       		.byte	0x4
 133 000b 01       		.uleb128 0x1
 134 000c 45000000 		.4byte	.LASF104
 135 0010 01       		.byte	0x1
 136 0011 3F050000 		.4byte	.LASF105
 137 0015 56040000 		.4byte	.LASF106
 138 0019 00000000 		.4byte	.Ldebug_ranges0+0
 139 001d 00000000 		.4byte	0
 140 0021 00000000 		.4byte	.Ldebug_line0
 141 0025 02       		.uleb128 0x2
 142 0026 04       		.byte	0x4
 143 0027 05       		.byte	0x5
 144 0028 696E7400 		.ascii	"int\000"
 145 002c 03       		.uleb128 0x3
 146 002d 04       		.byte	0x4
 147 002e 07       		.byte	0x7
 148 002f 2E020000 		.4byte	.LASF0
 149 0033 03       		.uleb128 0x3
 150 0034 01       		.byte	0x1
 151 0035 06       		.byte	0x6
 152 0036 A8010000 		.4byte	.LASF1
 153 003a 03       		.uleb128 0x3
 154 003b 02       		.byte	0x2
 155 003c 05       		.byte	0x5
 156 003d 98030000 		.4byte	.LASF2
 157 0041 04       		.uleb128 0x4
 158 0042 78030000 		.4byte	.LASF4
ARM GAS  /tmp/ccGowzZe.s 			page 4


 159 0046 02       		.byte	0x2
 160 0047 26       		.byte	0x26
 161 0048 25000000 		.4byte	0x25
 162 004c 03       		.uleb128 0x3
 163 004d 08       		.byte	0x8
 164 004e 05       		.byte	0x5
 165 004f 9A010000 		.4byte	.LASF3
 166 0053 04       		.uleb128 0x4
 167 0054 C9030000 		.4byte	.LASF5
 168 0058 02       		.byte	0x2
 169 0059 30       		.byte	0x30
 170 005a 5E000000 		.4byte	0x5e
 171 005e 03       		.uleb128 0x3
 172 005f 01       		.byte	0x1
 173 0060 08       		.byte	0x8
 174 0061 80030000 		.4byte	.LASF6
 175 0065 03       		.uleb128 0x3
 176 0066 02       		.byte	0x2
 177 0067 07       		.byte	0x7
 178 0068 5B020000 		.4byte	.LASF7
 179 006c 04       		.uleb128 0x4
 180 006d 14040000 		.4byte	.LASF8
 181 0071 02       		.byte	0x2
 182 0072 33       		.byte	0x33
 183 0073 2C000000 		.4byte	0x2c
 184 0077 04       		.uleb128 0x4
 185 0078 21000000 		.4byte	.LASF9
 186 007c 02       		.byte	0x2
 187 007d 3A       		.byte	0x3a
 188 007e 82000000 		.4byte	0x82
 189 0082 03       		.uleb128 0x3
 190 0083 08       		.byte	0x8
 191 0084 07       		.byte	0x7
 192 0085 28010000 		.4byte	.LASF10
 193 0089 04       		.uleb128 0x4
 194 008a 8A020000 		.4byte	.LASF11
 195 008e 03       		.byte	0x3
 196 008f 3C       		.byte	0x3c
 197 0090 53000000 		.4byte	0x53
 198 0094 04       		.uleb128 0x4
 199 0095 DF010000 		.4byte	.LASF12
 200 0099 03       		.byte	0x3
 201 009a 3D       		.byte	0x3d
 202 009b 53000000 		.4byte	0x53
 203 009f 04       		.uleb128 0x4
 204 00a0 3B030000 		.4byte	.LASF13
 205 00a4 03       		.byte	0x3
 206 00a5 3E       		.byte	0x3e
 207 00a6 53000000 		.4byte	0x53
 208 00aa 04       		.uleb128 0x4
 209 00ab CB010000 		.4byte	.LASF14
 210 00af 03       		.byte	0x3
 211 00b0 3F       		.byte	0x3f
 212 00b1 53000000 		.4byte	0x53
 213 00b5 04       		.uleb128 0x4
 214 00b6 5A030000 		.4byte	.LASF15
 215 00ba 03       		.byte	0x3
ARM GAS  /tmp/ccGowzZe.s 			page 5


 216 00bb 40       		.byte	0x40
 217 00bc 6C000000 		.4byte	0x6c
 218 00c0 04       		.uleb128 0x4
 219 00c1 78020000 		.4byte	.LASF16
 220 00c5 03       		.byte	0x3
 221 00c6 41       		.byte	0x41
 222 00c7 41000000 		.4byte	0x41
 223 00cb 04       		.uleb128 0x4
 224 00cc A0020000 		.4byte	.LASF17
 225 00d0 03       		.byte	0x3
 226 00d1 43       		.byte	0x43
 227 00d2 6C000000 		.4byte	0x6c
 228 00d6 04       		.uleb128 0x4
 229 00d7 28020000 		.4byte	.LASF18
 230 00db 03       		.byte	0x3
 231 00dc 45       		.byte	0x45
 232 00dd 41000000 		.4byte	0x41
 233 00e1 04       		.uleb128 0x4
 234 00e2 8E040000 		.4byte	.LASF19
 235 00e6 04       		.byte	0x4
 236 00e7 33       		.byte	0x33
 237 00e8 6C000000 		.4byte	0x6c
 238 00ec 04       		.uleb128 0x4
 239 00ed 7E040000 		.4byte	.LASF20
 240 00f1 04       		.byte	0x4
 241 00f2 3F       		.byte	0x3f
 242 00f3 F7000000 		.4byte	0xf7
 243 00f7 05       		.uleb128 0x5
 244 00f8 6E020000 		.4byte	.LASF41
 245 00fc 44       		.byte	0x44
 246 00fd 05       		.byte	0x5
 247 00fe C2       		.byte	0xc2
 248 00ff F0010000 		.4byte	0x1f0
 249 0103 06       		.uleb128 0x6
 250 0104 C2030000 		.4byte	.LASF21
 251 0108 05       		.byte	0x5
 252 0109 C3       		.byte	0xc3
 253 010a FB010000 		.4byte	0x1fb
 254 010e 00       		.byte	0
 255 010f 06       		.uleb128 0x6
 256 0110 53030000 		.4byte	.LASF22
 257 0114 05       		.byte	0x5
 258 0115 C5       		.byte	0xc5
 259 0116 FB010000 		.4byte	0x1fb
 260 011a 04       		.byte	0x4
 261 011b 06       		.uleb128 0x6
 262 011c 93010000 		.4byte	.LASF23
 263 0120 05       		.byte	0x5
 264 0121 C7       		.byte	0xc7
 265 0122 B5000000 		.4byte	0xb5
 266 0126 08       		.byte	0x8
 267 0127 06       		.uleb128 0x6
 268 0128 7B050000 		.4byte	.LASF24
 269 012c 05       		.byte	0x5
 270 012d C8       		.byte	0xc8
 271 012e 1F040000 		.4byte	0x41f
 272 0132 0C       		.byte	0xc
ARM GAS  /tmp/ccGowzZe.s 			page 6


 273 0133 06       		.uleb128 0x6
 274 0134 E8010000 		.4byte	.LASF25
 275 0138 05       		.byte	0x5
 276 0139 CA       		.byte	0xca
 277 013a FB010000 		.4byte	0x1fb
 278 013e 10       		.byte	0x10
 279 013f 06       		.uleb128 0x6
 280 0140 16030000 		.4byte	.LASF26
 281 0144 05       		.byte	0x5
 282 0145 CB       		.byte	0xcb
 283 0146 FB010000 		.4byte	0x1fb
 284 014a 14       		.byte	0x14
 285 014b 06       		.uleb128 0x6
 286 014c 2D050000 		.4byte	.LASF27
 287 0150 05       		.byte	0x5
 288 0151 D2       		.byte	0xd2
 289 0152 7E050000 		.4byte	0x57e
 290 0156 18       		.byte	0x18
 291 0157 06       		.uleb128 0x6
 292 0158 A2030000 		.4byte	.LASF28
 293 015c 05       		.byte	0x5
 294 015d DD       		.byte	0xdd
 295 015e 94000000 		.4byte	0x94
 296 0162 1C       		.byte	0x1c
 297 0163 06       		.uleb128 0x6
 298 0164 5A050000 		.4byte	.LASF29
 299 0168 05       		.byte	0x5
 300 0169 E1       		.byte	0xe1
 301 016a 89000000 		.4byte	0x89
 302 016e 1D       		.byte	0x1d
 303 016f 06       		.uleb128 0x6
 304 0170 03050000 		.4byte	.LASF30
 305 0174 05       		.byte	0x5
 306 0175 E6       		.byte	0xe6
 307 0176 9F000000 		.4byte	0x9f
 308 017a 1E       		.byte	0x1e
 309 017b 06       		.uleb128 0x6
 310 017c AA030000 		.4byte	.LASF31
 311 0180 05       		.byte	0x5
 312 0181 EC       		.byte	0xec
 313 0182 AA000000 		.4byte	0xaa
 314 0186 1F       		.byte	0x1f
 315 0187 07       		.uleb128 0x7
 316 0188 705F7500 		.ascii	"p_u\000"
 317 018c 05       		.byte	0x5
 318 018d 3101     		.2byte	0x131
 319 018f B9040000 		.4byte	0x4b9
 320 0193 20       		.byte	0x20
 321 0194 08       		.uleb128 0x8
 322 0195 D9020000 		.4byte	.LASF32
 323 0199 05       		.byte	0x5
 324 019a 3601     		.2byte	0x136
 325 019c 01020000 		.4byte	0x201
 326 01a0 24       		.byte	0x24
 327 01a1 08       		.uleb128 0x8
 328 01a2 4A020000 		.4byte	.LASF33
 329 01a6 05       		.byte	0x5
ARM GAS  /tmp/ccGowzZe.s 			page 7


 330 01a7 3C01     		.2byte	0x13c
 331 01a9 25020000 		.4byte	0x225
 332 01ad 28       		.byte	0x28
 333 01ae 08       		.uleb128 0x8
 334 01af CB040000 		.4byte	.LASF34
 335 01b3 05       		.byte	0x5
 336 01b4 4001     		.2byte	0x140
 337 01b6 C0000000 		.4byte	0xc0
 338 01ba 30       		.byte	0x30
 339 01bb 08       		.uleb128 0x8
 340 01bc 09040000 		.4byte	.LASF35
 341 01c0 05       		.byte	0x5
 342 01c1 4601     		.2byte	0x146
 343 01c3 CB000000 		.4byte	0xcb
 344 01c7 34       		.byte	0x34
 345 01c8 08       		.uleb128 0x8
 346 01c9 8E030000 		.4byte	.LASF36
 347 01cd 05       		.byte	0x5
 348 01ce 4D01     		.2byte	0x14d
 349 01d0 78050000 		.4byte	0x578
 350 01d4 38       		.byte	0x38
 351 01d5 08       		.uleb128 0x8
 352 01d6 98040000 		.4byte	.LASF37
 353 01da 05       		.byte	0x5
 354 01db 5101     		.2byte	0x151
 355 01dd B5000000 		.4byte	0xb5
 356 01e1 3C       		.byte	0x3c
 357 01e2 08       		.uleb128 0x8
 358 01e3 B4010000 		.4byte	.LASF38
 359 01e7 05       		.byte	0x5
 360 01e8 5801     		.2byte	0x158
 361 01ea D8020000 		.4byte	0x2d8
 362 01ee 40       		.byte	0x40
 363 01ef 00       		.byte	0
 364 01f0 04       		.uleb128 0x4
 365 01f1 EC020000 		.4byte	.LASF39
 366 01f5 04       		.byte	0x4
 367 01f6 44       		.byte	0x44
 368 01f7 FB010000 		.4byte	0x1fb
 369 01fb 09       		.uleb128 0x9
 370 01fc 04       		.byte	0x4
 371 01fd EC000000 		.4byte	0xec
 372 0201 04       		.uleb128 0x4
 373 0202 CA020000 		.4byte	.LASF40
 374 0206 04       		.byte	0x4
 375 0207 49       		.byte	0x49
 376 0208 0C020000 		.4byte	0x20c
 377 020c 05       		.uleb128 0x5
 378 020d 35040000 		.4byte	.LASF42
 379 0211 04       		.byte	0x4
 380 0212 05       		.byte	0x5
 381 0213 B0       		.byte	0xb0
 382 0214 25020000 		.4byte	0x225
 383 0218 06       		.uleb128 0x6
 384 0219 C2030000 		.4byte	.LASF21
 385 021d 05       		.byte	0x5
 386 021e B1       		.byte	0xb1
ARM GAS  /tmp/ccGowzZe.s 			page 8


 387 021f FB010000 		.4byte	0x1fb
 388 0223 00       		.byte	0
 389 0224 00       		.byte	0
 390 0225 04       		.uleb128 0x4
 391 0226 EA040000 		.4byte	.LASF43
 392 022a 04       		.byte	0x4
 393 022b 50       		.byte	0x50
 394 022c 30020000 		.4byte	0x230
 395 0230 05       		.uleb128 0x5
 396 0231 82010000 		.4byte	.LASF44
 397 0235 08       		.byte	0x8
 398 0236 05       		.byte	0x5
 399 0237 B7       		.byte	0xb7
 400 0238 55020000 		.4byte	0x255
 401 023c 06       		.uleb128 0x6
 402 023d C2030000 		.4byte	.LASF21
 403 0241 05       		.byte	0x5
 404 0242 B8       		.byte	0xb8
 405 0243 FB010000 		.4byte	0x1fb
 406 0247 00       		.byte	0
 407 0248 06       		.uleb128 0x6
 408 0249 53030000 		.4byte	.LASF22
 409 024d 05       		.byte	0x5
 410 024e B9       		.byte	0xb9
 411 024f FB010000 		.4byte	0x1fb
 412 0253 04       		.byte	0x4
 413 0254 00       		.byte	0
 414 0255 04       		.uleb128 0x4
 415 0256 00000000 		.4byte	.LASF45
 416 025a 04       		.byte	0x4
 417 025b 57       		.byte	0x57
 418 025c 60020000 		.4byte	0x260
 419 0260 0A       		.uleb128 0xa
 420 0261 92020000 		.4byte	.LASF46
 421 0265 1C       		.byte	0x1c
 422 0266 05       		.byte	0x5
 423 0267 9001     		.2byte	0x190
 424 0269 BC020000 		.4byte	0x2bc
 425 026d 08       		.uleb128 0x8
 426 026e 24040000 		.4byte	.LASF47
 427 0272 05       		.byte	0x5
 428 0273 9101     		.2byte	0x191
 429 0275 25020000 		.4byte	0x225
 430 0279 00       		.byte	0
 431 027a 08       		.uleb128 0x8
 432 027b B4030000 		.4byte	.LASF48
 433 027f 05       		.byte	0x5
 434 0280 9201     		.2byte	0x192
 435 0282 B5000000 		.4byte	0xb5
 436 0286 08       		.byte	0x8
 437 0287 08       		.uleb128 0x8
 438 0288 1E030000 		.4byte	.LASF49
 439 028c 05       		.byte	0x5
 440 028d 9401     		.2byte	0x194
 441 028f 1F040000 		.4byte	0x41f
 442 0293 0C       		.byte	0xc
 443 0294 08       		.uleb128 0x8
ARM GAS  /tmp/ccGowzZe.s 			page 9


 444 0295 F8010000 		.4byte	.LASF50
 445 0299 05       		.byte	0x5
 446 029a 9701     		.2byte	0x197
 447 029c FB010000 		.4byte	0x1fb
 448 02a0 10       		.byte	0x10
 449 02a1 08       		.uleb128 0x8
 450 02a2 33030000 		.4byte	.LASF51
 451 02a6 05       		.byte	0x5
 452 02a7 9801     		.2byte	0x198
 453 02a9 FB010000 		.4byte	0x1fb
 454 02ad 14       		.byte	0x14
 455 02ae 08       		.uleb128 0x8
 456 02af 29030000 		.4byte	.LASF52
 457 02b3 05       		.byte	0x5
 458 02b4 9B01     		.2byte	0x19b
 459 02b6 FB010000 		.4byte	0x1fb
 460 02ba 18       		.byte	0x18
 461 02bb 00       		.byte	0
 462 02bc 04       		.uleb128 0x4
 463 02bd A3040000 		.4byte	.LASF53
 464 02c1 04       		.byte	0x4
 465 02c2 5C       		.byte	0x5c
 466 02c3 C7020000 		.4byte	0x2c7
 467 02c7 09       		.uleb128 0x9
 468 02c8 04       		.byte	0x4
 469 02c9 CD020000 		.4byte	0x2cd
 470 02cd 0B       		.uleb128 0xb
 471 02ce D8020000 		.4byte	0x2d8
 472 02d2 0C       		.uleb128 0xc
 473 02d3 D8020000 		.4byte	0x2d8
 474 02d7 00       		.byte	0
 475 02d8 0D       		.uleb128 0xd
 476 02d9 04       		.byte	0x4
 477 02da 04       		.uleb128 0x4
 478 02db 43030000 		.4byte	.LASF54
 479 02df 04       		.byte	0x4
 480 02e0 61       		.byte	0x61
 481 02e1 E5020000 		.4byte	0x2e5
 482 02e5 0A       		.uleb128 0xa
 483 02e6 DA030000 		.4byte	.LASF55
 484 02ea 14       		.byte	0x14
 485 02eb 05       		.byte	0x5
 486 02ec 6B01     		.2byte	0x16b
 487 02ee 34030000 		.4byte	0x334
 488 02f2 08       		.uleb128 0x8
 489 02f3 3B020000 		.4byte	.LASF56
 490 02f7 05       		.byte	0x5
 491 02f8 6C01     		.2byte	0x16c
 492 02fa 90050000 		.4byte	0x590
 493 02fe 00       		.byte	0
 494 02ff 08       		.uleb128 0x8
 495 0300 09020000 		.4byte	.LASF57
 496 0304 05       		.byte	0x5
 497 0305 6D01     		.2byte	0x16d
 498 0307 90050000 		.4byte	0x590
 499 030b 04       		.byte	0x4
 500 030c 08       		.uleb128 0x8
ARM GAS  /tmp/ccGowzZe.s 			page 10


 501 030d 2C040000 		.4byte	.LASF58
 502 0311 05       		.byte	0x5
 503 0312 6E01     		.2byte	0x16e
 504 0314 E1000000 		.4byte	0xe1
 505 0318 08       		.byte	0x8
 506 0319 08       		.uleb128 0x8
 507 031a 81050000 		.4byte	.LASF59
 508 031e 05       		.byte	0x5
 509 031f 6F01     		.2byte	0x16f
 510 0321 BC020000 		.4byte	0x2bc
 511 0325 0C       		.byte	0xc
 512 0326 08       		.uleb128 0x8
 513 0327 E3040000 		.4byte	.LASF60
 514 032b 05       		.byte	0x5
 515 032c 7101     		.2byte	0x171
 516 032e D8020000 		.4byte	0x2d8
 517 0332 10       		.byte	0x10
 518 0333 00       		.byte	0
 519 0334 04       		.uleb128 0x4
 520 0335 53010000 		.4byte	.LASF61
 521 0339 04       		.byte	0x4
 522 033a 66       		.byte	0x66
 523 033b 3F030000 		.4byte	0x33f
 524 033f 0A       		.uleb128 0xa
 525 0340 FF020000 		.4byte	.LASF62
 526 0344 10       		.byte	0x10
 527 0345 05       		.byte	0x5
 528 0346 7B01     		.2byte	0x17b
 529 0348 81030000 		.4byte	0x381
 530 034c 08       		.uleb128 0x8
 531 034d 3B020000 		.4byte	.LASF56
 532 0351 05       		.byte	0x5
 533 0352 7C01     		.2byte	0x17c
 534 0354 90050000 		.4byte	0x590
 535 0358 00       		.byte	0
 536 0359 08       		.uleb128 0x8
 537 035a 09020000 		.4byte	.LASF57
 538 035e 05       		.byte	0x5
 539 035f 7E01     		.2byte	0x17e
 540 0361 90050000 		.4byte	0x590
 541 0365 04       		.byte	0x4
 542 0366 08       		.uleb128 0x8
 543 0367 2C040000 		.4byte	.LASF58
 544 036b 05       		.byte	0x5
 545 036c 8001     		.2byte	0x180
 546 036e E1000000 		.4byte	0xe1
 547 0372 08       		.byte	0x8
 548 0373 08       		.uleb128 0x8
 549 0374 34050000 		.4byte	.LASF63
 550 0378 05       		.byte	0x5
 551 0379 8201     		.2byte	0x182
 552 037b 96050000 		.4byte	0x596
 553 037f 0C       		.byte	0xc
 554 0380 00       		.byte	0
 555 0381 04       		.uleb128 0x4
 556 0382 36000000 		.4byte	.LASF64
 557 0386 04       		.byte	0x4
ARM GAS  /tmp/ccGowzZe.s 			page 11


 558 0387 6B       		.byte	0x6b
 559 0388 8C030000 		.4byte	0x38c
 560 038c 0A       		.uleb128 0xa
 561 038d 62030000 		.4byte	.LASF65
 562 0391 04       		.byte	0x4
 563 0392 05       		.byte	0x5
 564 0393 A201     		.2byte	0x1a2
 565 0395 A7030000 		.4byte	0x3a7
 566 0399 08       		.uleb128 0x8
 567 039a AC040000 		.4byte	.LASF66
 568 039e 05       		.byte	0x5
 569 039f AA01     		.2byte	0x1aa
 570 03a1 9B050000 		.4byte	0x59b
 571 03a5 00       		.byte	0
 572 03a6 00       		.byte	0
 573 03a7 04       		.uleb128 0x4
 574 03a8 7E020000 		.4byte	.LASF67
 575 03ac 04       		.byte	0x4
 576 03ad 70       		.byte	0x70
 577 03ae B2030000 		.4byte	0x3b2
 578 03b2 0E       		.uleb128 0xe
 579 03b3 D5010000 		.4byte	.LASF68
 580 03b7 5001     		.2byte	0x150
 581 03b9 05       		.byte	0x5
 582 03ba C201     		.2byte	0x1c2
 583 03bc 02040000 		.4byte	0x402
 584 03c0 08       		.uleb128 0x8
 585 03c1 0A050000 		.4byte	.LASF69
 586 03c5 05       		.byte	0x5
 587 03c6 C601     		.2byte	0x1c6
 588 03c8 55020000 		.4byte	0x255
 589 03cc 00       		.byte	0
 590 03cd 08       		.uleb128 0x8
 591 03ce C4010000 		.4byte	.LASF70
 592 03d2 05       		.byte	0x5
 593 03d3 CA01     		.2byte	0x1ca
 594 03d5 34030000 		.4byte	0x334
 595 03d9 1C       		.byte	0x1c
 596 03da 07       		.uleb128 0x7
 597 03db 64626700 		.ascii	"dbg\000"
 598 03df 05       		.byte	0x5
 599 03e0 CE01     		.2byte	0x1ce
 600 03e2 81030000 		.4byte	0x381
 601 03e6 2C       		.byte	0x2c
 602 03e7 08       		.uleb128 0x8
 603 03e8 48010000 		.4byte	.LASF71
 604 03ec 05       		.byte	0x5
 605 03ed D201     		.2byte	0x1d2
 606 03ef EC000000 		.4byte	0xec
 607 03f3 30       		.byte	0x30
 608 03f4 08       		.uleb128 0x8
 609 03f5 19020000 		.4byte	.LASF72
 610 03f9 05       		.byte	0x5
 611 03fa E301     		.2byte	0x1e3
 612 03fc A0050000 		.4byte	0x5a0
 613 0400 78       		.byte	0x78
 614 0401 00       		.byte	0
ARM GAS  /tmp/ccGowzZe.s 			page 12


 615 0402 03       		.uleb128 0x3
 616 0403 04       		.byte	0x4
 617 0404 07       		.byte	0x7
 618 0405 E3020000 		.4byte	.LASF73
 619 0409 04       		.uleb128 0x4
 620 040a 00020000 		.4byte	.LASF74
 621 040e 06       		.byte	0x6
 622 040f 65       		.byte	0x65
 623 0410 D8020000 		.4byte	0x2d8
 624 0414 04       		.uleb128 0x4
 625 0415 BF020000 		.4byte	.LASF75
 626 0419 06       		.byte	0x6
 627 041a 6D       		.byte	0x6d
 628 041b 77000000 		.4byte	0x77
 629 041f 05       		.uleb128 0x5
 630 0420 C3040000 		.4byte	.LASF76
 631 0424 04       		.byte	0x4
 632 0425 06       		.byte	0x6
 633 0426 89       		.byte	0x89
 634 0427 38040000 		.4byte	0x438
 635 042b 0F       		.uleb128 0xf
 636 042c 72313300 		.ascii	"r13\000"
 637 0430 06       		.byte	0x6
 638 0431 8A       		.byte	0x8a
 639 0432 B3040000 		.4byte	0x4b3
 640 0436 00       		.byte	0
 641 0437 00       		.byte	0
 642 0438 05       		.uleb128 0x5
 643 0439 2A000000 		.4byte	.LASF77
 644 043d 24       		.byte	0x24
 645 043e 07       		.byte	0x7
 646 043f FD       		.byte	0xfd
 647 0440 B3040000 		.4byte	0x4b3
 648 0444 07       		.uleb128 0x7
 649 0445 723400   		.ascii	"r4\000"
 650 0448 07       		.byte	0x7
 651 0449 1001     		.2byte	0x110
 652 044b 09040000 		.4byte	0x409
 653 044f 00       		.byte	0
 654 0450 07       		.uleb128 0x7
 655 0451 723500   		.ascii	"r5\000"
 656 0454 07       		.byte	0x7
 657 0455 1101     		.2byte	0x111
 658 0457 09040000 		.4byte	0x409
 659 045b 04       		.byte	0x4
 660 045c 07       		.uleb128 0x7
 661 045d 723600   		.ascii	"r6\000"
 662 0460 07       		.byte	0x7
 663 0461 1201     		.2byte	0x112
 664 0463 09040000 		.4byte	0x409
 665 0467 08       		.byte	0x8
 666 0468 07       		.uleb128 0x7
 667 0469 723700   		.ascii	"r7\000"
 668 046c 07       		.byte	0x7
 669 046d 1301     		.2byte	0x113
 670 046f 09040000 		.4byte	0x409
 671 0473 0C       		.byte	0xc
ARM GAS  /tmp/ccGowzZe.s 			page 13


 672 0474 07       		.uleb128 0x7
 673 0475 723800   		.ascii	"r8\000"
 674 0478 07       		.byte	0x7
 675 0479 1401     		.2byte	0x114
 676 047b 09040000 		.4byte	0x409
 677 047f 10       		.byte	0x10
 678 0480 07       		.uleb128 0x7
 679 0481 723900   		.ascii	"r9\000"
 680 0484 07       		.byte	0x7
 681 0485 1501     		.2byte	0x115
 682 0487 09040000 		.4byte	0x409
 683 048b 14       		.byte	0x14
 684 048c 07       		.uleb128 0x7
 685 048d 72313000 		.ascii	"r10\000"
 686 0491 07       		.byte	0x7
 687 0492 1601     		.2byte	0x116
 688 0494 09040000 		.4byte	0x409
 689 0498 18       		.byte	0x18
 690 0499 07       		.uleb128 0x7
 691 049a 72313100 		.ascii	"r11\000"
 692 049e 07       		.byte	0x7
 693 049f 1701     		.2byte	0x117
 694 04a1 09040000 		.4byte	0x409
 695 04a5 1C       		.byte	0x1c
 696 04a6 07       		.uleb128 0x7
 697 04a7 6C7200   		.ascii	"lr\000"
 698 04aa 07       		.byte	0x7
 699 04ab 1801     		.2byte	0x118
 700 04ad 09040000 		.4byte	0x409
 701 04b1 20       		.byte	0x20
 702 04b2 00       		.byte	0
 703 04b3 09       		.uleb128 0x9
 704 04b4 04       		.byte	0x4
 705 04b5 38040000 		.4byte	0x438
 706 04b9 10       		.uleb128 0x10
 707 04ba 04       		.byte	0x4
 708 04bb 05       		.byte	0x5
 709 04bc FA       		.byte	0xfa
 710 04bd 16050000 		.4byte	0x516
 711 04c1 11       		.uleb128 0x11
 712 04c2 1A000000 		.4byte	.LASF78
 713 04c6 05       		.byte	0x5
 714 04c7 0101     		.2byte	0x101
 715 04c9 C0000000 		.4byte	0xc0
 716 04cd 11       		.uleb128 0x11
 717 04ce 3F010000 		.4byte	.LASF79
 718 04d2 05       		.byte	0x5
 719 04d3 0801     		.2byte	0x108
 720 04d5 C0000000 		.4byte	0xc0
 721 04d9 11       		.uleb128 0x11
 722 04da 26050000 		.4byte	.LASF80
 723 04de 05       		.byte	0x5
 724 04df 0F01     		.2byte	0x10f
 725 04e1 D8020000 		.4byte	0x2d8
 726 04e5 11       		.uleb128 0x11
 727 04e6 14000000 		.4byte	.LASF81
 728 04ea 05       		.byte	0x5
ARM GAS  /tmp/ccGowzZe.s 			page 14


 729 04eb 1601     		.2byte	0x116
 730 04ed 16050000 		.4byte	0x516
 731 04f1 11       		.uleb128 0x11
 732 04f2 43020000 		.4byte	.LASF82
 733 04f6 05       		.byte	0x5
 734 04f7 1E01     		.2byte	0x11e
 735 04f9 41050000 		.4byte	0x541
 736 04fd 11       		.uleb128 0x11
 737 04fe 1D040000 		.4byte	.LASF83
 738 0502 05       		.byte	0x5
 739 0503 2701     		.2byte	0x127
 740 0505 78050000 		.4byte	0x578
 741 0509 11       		.uleb128 0x11
 742 050a BB030000 		.4byte	.LASF84
 743 050e 05       		.byte	0x5
 744 050f 2F01     		.2byte	0x12f
 745 0511 CB000000 		.4byte	0xcb
 746 0515 00       		.byte	0
 747 0516 09       		.uleb128 0x9
 748 0517 04       		.byte	0x4
 749 0518 F0010000 		.4byte	0x1f0
 750 051c 05       		.uleb128 0x5
 751 051d FC030000 		.4byte	.LASF85
 752 0521 0C       		.byte	0xc
 753 0522 08       		.byte	0x8
 754 0523 34       		.byte	0x34
 755 0524 41050000 		.4byte	0x541
 756 0528 06       		.uleb128 0x6
 757 0529 F0010000 		.4byte	.LASF86
 758 052d 08       		.byte	0x8
 759 052e 35       		.byte	0x35
 760 052f 25020000 		.4byte	0x225
 761 0533 00       		.byte	0
 762 0534 06       		.uleb128 0x6
 763 0535 55020000 		.4byte	.LASF87
 764 0539 08       		.byte	0x8
 765 053a 37       		.byte	0x37
 766 053b D6000000 		.4byte	0xd6
 767 053f 08       		.byte	0x8
 768 0540 00       		.byte	0
 769 0541 09       		.uleb128 0x9
 770 0542 04       		.byte	0x4
 771 0543 1C050000 		.4byte	0x51c
 772 0547 05       		.uleb128 0x5
 773 0548 FA040000 		.4byte	.LASF88
 774 054c 10       		.byte	0x10
 775 054d 09       		.byte	0x9
 776 054e 39       		.byte	0x39
 777 054f 78050000 		.4byte	0x578
 778 0553 06       		.uleb128 0x6
 779 0554 BC010000 		.4byte	.LASF89
 780 0558 09       		.byte	0x9
 781 0559 3A       		.byte	0x3a
 782 055a 25020000 		.4byte	0x225
 783 055e 00       		.byte	0
 784 055f 06       		.uleb128 0x6
 785 0560 73050000 		.4byte	.LASF90
ARM GAS  /tmp/ccGowzZe.s 			page 15


 786 0564 09       		.byte	0x9
 787 0565 3C       		.byte	0x3c
 788 0566 FB010000 		.4byte	0x1fb
 789 056a 08       		.byte	0x8
 790 056b 06       		.uleb128 0x6
 791 056c 87040000 		.4byte	.LASF91
 792 0570 09       		.byte	0x9
 793 0571 3E       		.byte	0x3e
 794 0572 BB050000 		.4byte	0x5bb
 795 0576 0C       		.byte	0xc
 796 0577 00       		.byte	0
 797 0578 09       		.uleb128 0x9
 798 0579 04       		.byte	0x4
 799 057a 47050000 		.4byte	0x547
 800 057e 09       		.uleb128 0x9
 801 057f 04       		.byte	0x4
 802 0580 84050000 		.4byte	0x584
 803 0584 12       		.uleb128 0x12
 804 0585 89050000 		.4byte	0x589
 805 0589 03       		.uleb128 0x3
 806 058a 01       		.byte	0x1
 807 058b 08       		.byte	0x8
 808 058c 45040000 		.4byte	.LASF92
 809 0590 09       		.uleb128 0x9
 810 0591 04       		.byte	0x4
 811 0592 DA020000 		.4byte	0x2da
 812 0596 13       		.uleb128 0x13
 813 0597 E1000000 		.4byte	0xe1
 814 059b 13       		.uleb128 0x13
 815 059c 7E050000 		.4byte	0x57e
 816 05a0 14       		.uleb128 0x14
 817 05a1 14040000 		.4byte	0x414
 818 05a5 B0050000 		.4byte	0x5b0
 819 05a9 15       		.uleb128 0x15
 820 05aa 02040000 		.4byte	0x402
 821 05ae 1A       		.byte	0x1a
 822 05af 00       		.byte	0
 823 05b0 04       		.uleb128 0x4
 824 05b1 11020000 		.4byte	.LASF93
 825 05b5 09       		.byte	0x9
 826 05b6 34       		.byte	0x34
 827 05b7 47050000 		.4byte	0x547
 828 05bb 09       		.uleb128 0x9
 829 05bc 04       		.byte	0x4
 830 05bd B0050000 		.4byte	0x5b0
 831 05c1 03       		.uleb128 0x3
 832 05c2 01       		.byte	0x1
 833 05c3 02       		.byte	0x2
 834 05c4 72030000 		.4byte	.LASF94
 835 05c8 16       		.uleb128 0x16
 836 05c9 AC020000 		.4byte	.LASF95
 837 05cd 0A       		.byte	0xa
 838 05ce 66       		.byte	0x66
 839 05cf 03       		.byte	0x3
 840 05d0 E0050000 		.4byte	0x5e0
 841 05d4 17       		.uleb128 0x17
 842 05d5 24030000 		.4byte	.LASF97
ARM GAS  /tmp/ccGowzZe.s 			page 16


 843 05d9 0A       		.byte	0xa
 844 05da 66       		.byte	0x66
 845 05db E1000000 		.4byte	0xe1
 846 05df 00       		.byte	0
 847 05e0 16       		.uleb128 0x16
 848 05e1 62050000 		.4byte	.LASF96
 849 05e5 0A       		.byte	0xa
 850 05e6 7B       		.byte	0x7b
 851 05e7 03       		.byte	0x3
 852 05e8 F8050000 		.4byte	0x5f8
 853 05ec 17       		.uleb128 0x17
 854 05ed 24030000 		.4byte	.LASF97
 855 05f1 0A       		.byte	0xa
 856 05f2 7B       		.byte	0x7b
 857 05f3 E1000000 		.4byte	0xe1
 858 05f7 00       		.byte	0
 859 05f8 18       		.uleb128 0x18
 860 05f9 D1040000 		.4byte	.LASF107
 861 05fd 0A       		.byte	0xa
 862 05fe 70       		.byte	0x70
 863 05ff 03       		.byte	0x3
 864 0600 19       		.uleb128 0x19
 865 0601 EB030000 		.4byte	.LASF108
 866 0605 0A       		.byte	0xa
 867 0606 87       		.byte	0x87
 868 0607 E1000000 		.4byte	0xe1
 869 060b 03       		.byte	0x3
 870 060c 1A       		.uleb128 0x1a
 871 060d 0D000000 		.4byte	.LASF98
 872 0611 01       		.byte	0x1
 873 0612 3C       		.byte	0x3c
 874 0613 00000000 		.4byte	.LFB267
 875 0617 04000000 		.4byte	.LFE267-.LFB267
 876 061b 01       		.uleb128 0x1
 877 061c 9C       		.byte	0x9c
 878 061d 2B060000 		.4byte	0x62b
 879 0621 1B       		.uleb128 0x1b
 880 0622 04000000 		.4byte	.LVL0
 881 0626 02070000 		.4byte	0x702
 882 062a 00       		.byte	0
 883 062b 1A       		.uleb128 0x1a
 884 062c B6040000 		.4byte	.LASF99
 885 0630 01       		.byte	0x1
 886 0631 4D       		.byte	0x4d
 887 0632 00000000 		.4byte	.LFB268
 888 0636 02000000 		.4byte	.LFE268-.LFB268
 889 063a 01       		.uleb128 0x1
 890 063b 9C       		.byte	0x9c
 891 063c 57060000 		.4byte	0x657
 892 0640 1C       		.uleb128 0x1c
 893 0641 52050000 		.4byte	.LASF101
 894 0645 01       		.byte	0x1
 895 0646 4D       		.byte	0x4d
 896 0647 E1000000 		.4byte	0xe1
 897 064b 01       		.uleb128 0x1
 898 064c 50       		.byte	0x50
 899 064d 1D       		.uleb128 0x1d
ARM GAS  /tmp/ccGowzZe.s 			page 17


 900 064e D1030000 		.4byte	.LASF102
 901 0652 67060000 		.4byte	0x667
 902 0656 00       		.byte	0
 903 0657 14       		.uleb128 0x14
 904 0658 89050000 		.4byte	0x589
 905 065c 67060000 		.4byte	0x667
 906 0660 15       		.uleb128 0x15
 907 0661 02040000 		.4byte	0x402
 908 0665 0C       		.byte	0xc
 909 0666 00       		.byte	0
 910 0667 12       		.uleb128 0x12
 911 0668 57060000 		.4byte	0x657
 912 066c 1E       		.uleb128 0x1e
 913 066d 4A040000 		.4byte	.LASF109
 914 0671 01       		.byte	0x1
 915 0672 5B       		.byte	0x5b
 916 0673 00000000 		.4byte	.LFB269
 917 0677 02000000 		.4byte	.LFE269-.LFB269
 918 067b 01       		.uleb128 0x1
 919 067c 9C       		.byte	0x9c
 920 067d 1A       		.uleb128 0x1a
 921 067e 10050000 		.4byte	.LASF100
 922 0682 01       		.byte	0x1
 923 0683 69       		.byte	0x69
 924 0684 00000000 		.4byte	.LFB270
 925 0688 02000000 		.4byte	.LFE270-.LFB270
 926 068c 01       		.uleb128 0x1
 927 068d 9C       		.byte	0x9c
 928 068e A9060000 		.4byte	0x6a9
 929 0692 1C       		.uleb128 0x1c
 930 0693 52050000 		.4byte	.LASF101
 931 0697 01       		.byte	0x1
 932 0698 69       		.byte	0x69
 933 0699 E1000000 		.4byte	0xe1
 934 069d 01       		.uleb128 0x1
 935 069e 50       		.byte	0x50
 936 069f 1D       		.uleb128 0x1d
 937 06a0 D1030000 		.4byte	.LASF102
 938 06a4 B9060000 		.4byte	0x6b9
 939 06a8 00       		.byte	0
 940 06a9 14       		.uleb128 0x14
 941 06aa 89050000 		.4byte	0x589
 942 06ae B9060000 		.4byte	0x6b9
 943 06b2 15       		.uleb128 0x15
 944 06b3 02040000 		.4byte	0x402
 945 06b7 0A       		.byte	0xa
 946 06b8 00       		.byte	0
 947 06b9 12       		.uleb128 0x12
 948 06ba A9060000 		.4byte	0x6a9
 949 06be 1F       		.uleb128 0x1f
 950 06bf 1B050000 		.4byte	.LASF110
 951 06c3 01       		.byte	0x1
 952 06c4 79       		.byte	0x79
 953 06c5 E1000000 		.4byte	0xe1
 954 06c9 00000000 		.4byte	.LFB271
 955 06cd 04000000 		.4byte	.LFE271-.LFB271
 956 06d1 01       		.uleb128 0x1
ARM GAS  /tmp/ccGowzZe.s 			page 18


 957 06d2 9C       		.byte	0x9c
 958 06d3 E1060000 		.4byte	0x6e1
 959 06d7 1D       		.uleb128 0x1d
 960 06d8 D1030000 		.4byte	.LASF102
 961 06dc E1060000 		.4byte	0x6e1
 962 06e0 00       		.byte	0
 963 06e1 12       		.uleb128 0x12
 964 06e2 A9060000 		.4byte	0x6a9
 965 06e6 20       		.uleb128 0x20
 966 06e7 69010000 		.4byte	.LASF103
 967 06eb 0B       		.byte	0xb
 968 06ec FA06     		.2byte	0x6fa
 969 06ee F2060000 		.4byte	0x6f2
 970 06f2 13       		.uleb128 0x13
 971 06f3 41000000 		.4byte	0x41
 972 06f7 21       		.uleb128 0x21
 973 06f8 636800   		.ascii	"ch\000"
 974 06fb 05       		.byte	0x5
 975 06fc 0902     		.2byte	0x209
 976 06fe A7030000 		.4byte	0x3a7
 977 0702 22       		.uleb128 0x22
 978 0703 76010000 		.4byte	.LASF111
 979 0707 0A       		.byte	0xa
 980 0708 48       		.byte	0x48
 981 0709 00       		.byte	0
 982              		.section	.debug_abbrev,"",%progbits
 983              	.Ldebug_abbrev0:
 984 0000 01       		.uleb128 0x1
 985 0001 11       		.uleb128 0x11
 986 0002 01       		.byte	0x1
 987 0003 25       		.uleb128 0x25
 988 0004 0E       		.uleb128 0xe
 989 0005 13       		.uleb128 0x13
 990 0006 0B       		.uleb128 0xb
 991 0007 03       		.uleb128 0x3
 992 0008 0E       		.uleb128 0xe
 993 0009 1B       		.uleb128 0x1b
 994 000a 0E       		.uleb128 0xe
 995 000b 55       		.uleb128 0x55
 996 000c 17       		.uleb128 0x17
 997 000d 11       		.uleb128 0x11
 998 000e 01       		.uleb128 0x1
 999 000f 10       		.uleb128 0x10
 1000 0010 17       		.uleb128 0x17
 1001 0011 00       		.byte	0
 1002 0012 00       		.byte	0
 1003 0013 02       		.uleb128 0x2
 1004 0014 24       		.uleb128 0x24
 1005 0015 00       		.byte	0
 1006 0016 0B       		.uleb128 0xb
 1007 0017 0B       		.uleb128 0xb
 1008 0018 3E       		.uleb128 0x3e
 1009 0019 0B       		.uleb128 0xb
 1010 001a 03       		.uleb128 0x3
 1011 001b 08       		.uleb128 0x8
 1012 001c 00       		.byte	0
 1013 001d 00       		.byte	0
ARM GAS  /tmp/ccGowzZe.s 			page 19


 1014 001e 03       		.uleb128 0x3
 1015 001f 24       		.uleb128 0x24
 1016 0020 00       		.byte	0
 1017 0021 0B       		.uleb128 0xb
 1018 0022 0B       		.uleb128 0xb
 1019 0023 3E       		.uleb128 0x3e
 1020 0024 0B       		.uleb128 0xb
 1021 0025 03       		.uleb128 0x3
 1022 0026 0E       		.uleb128 0xe
 1023 0027 00       		.byte	0
 1024 0028 00       		.byte	0
 1025 0029 04       		.uleb128 0x4
 1026 002a 16       		.uleb128 0x16
 1027 002b 00       		.byte	0
 1028 002c 03       		.uleb128 0x3
 1029 002d 0E       		.uleb128 0xe
 1030 002e 3A       		.uleb128 0x3a
 1031 002f 0B       		.uleb128 0xb
 1032 0030 3B       		.uleb128 0x3b
 1033 0031 0B       		.uleb128 0xb
 1034 0032 49       		.uleb128 0x49
 1035 0033 13       		.uleb128 0x13
 1036 0034 00       		.byte	0
 1037 0035 00       		.byte	0
 1038 0036 05       		.uleb128 0x5
 1039 0037 13       		.uleb128 0x13
 1040 0038 01       		.byte	0x1
 1041 0039 03       		.uleb128 0x3
 1042 003a 0E       		.uleb128 0xe
 1043 003b 0B       		.uleb128 0xb
 1044 003c 0B       		.uleb128 0xb
 1045 003d 3A       		.uleb128 0x3a
 1046 003e 0B       		.uleb128 0xb
 1047 003f 3B       		.uleb128 0x3b
 1048 0040 0B       		.uleb128 0xb
 1049 0041 01       		.uleb128 0x1
 1050 0042 13       		.uleb128 0x13
 1051 0043 00       		.byte	0
 1052 0044 00       		.byte	0
 1053 0045 06       		.uleb128 0x6
 1054 0046 0D       		.uleb128 0xd
 1055 0047 00       		.byte	0
 1056 0048 03       		.uleb128 0x3
 1057 0049 0E       		.uleb128 0xe
 1058 004a 3A       		.uleb128 0x3a
 1059 004b 0B       		.uleb128 0xb
 1060 004c 3B       		.uleb128 0x3b
 1061 004d 0B       		.uleb128 0xb
 1062 004e 49       		.uleb128 0x49
 1063 004f 13       		.uleb128 0x13
 1064 0050 38       		.uleb128 0x38
 1065 0051 0B       		.uleb128 0xb
 1066 0052 00       		.byte	0
 1067 0053 00       		.byte	0
 1068 0054 07       		.uleb128 0x7
 1069 0055 0D       		.uleb128 0xd
 1070 0056 00       		.byte	0
ARM GAS  /tmp/ccGowzZe.s 			page 20


 1071 0057 03       		.uleb128 0x3
 1072 0058 08       		.uleb128 0x8
 1073 0059 3A       		.uleb128 0x3a
 1074 005a 0B       		.uleb128 0xb
 1075 005b 3B       		.uleb128 0x3b
 1076 005c 05       		.uleb128 0x5
 1077 005d 49       		.uleb128 0x49
 1078 005e 13       		.uleb128 0x13
 1079 005f 38       		.uleb128 0x38
 1080 0060 0B       		.uleb128 0xb
 1081 0061 00       		.byte	0
 1082 0062 00       		.byte	0
 1083 0063 08       		.uleb128 0x8
 1084 0064 0D       		.uleb128 0xd
 1085 0065 00       		.byte	0
 1086 0066 03       		.uleb128 0x3
 1087 0067 0E       		.uleb128 0xe
 1088 0068 3A       		.uleb128 0x3a
 1089 0069 0B       		.uleb128 0xb
 1090 006a 3B       		.uleb128 0x3b
 1091 006b 05       		.uleb128 0x5
 1092 006c 49       		.uleb128 0x49
 1093 006d 13       		.uleb128 0x13
 1094 006e 38       		.uleb128 0x38
 1095 006f 0B       		.uleb128 0xb
 1096 0070 00       		.byte	0
 1097 0071 00       		.byte	0
 1098 0072 09       		.uleb128 0x9
 1099 0073 0F       		.uleb128 0xf
 1100 0074 00       		.byte	0
 1101 0075 0B       		.uleb128 0xb
 1102 0076 0B       		.uleb128 0xb
 1103 0077 49       		.uleb128 0x49
 1104 0078 13       		.uleb128 0x13
 1105 0079 00       		.byte	0
 1106 007a 00       		.byte	0
 1107 007b 0A       		.uleb128 0xa
 1108 007c 13       		.uleb128 0x13
 1109 007d 01       		.byte	0x1
 1110 007e 03       		.uleb128 0x3
 1111 007f 0E       		.uleb128 0xe
 1112 0080 0B       		.uleb128 0xb
 1113 0081 0B       		.uleb128 0xb
 1114 0082 3A       		.uleb128 0x3a
 1115 0083 0B       		.uleb128 0xb
 1116 0084 3B       		.uleb128 0x3b
 1117 0085 05       		.uleb128 0x5
 1118 0086 01       		.uleb128 0x1
 1119 0087 13       		.uleb128 0x13
 1120 0088 00       		.byte	0
 1121 0089 00       		.byte	0
 1122 008a 0B       		.uleb128 0xb
 1123 008b 15       		.uleb128 0x15
 1124 008c 01       		.byte	0x1
 1125 008d 27       		.uleb128 0x27
 1126 008e 19       		.uleb128 0x19
 1127 008f 01       		.uleb128 0x1
ARM GAS  /tmp/ccGowzZe.s 			page 21


 1128 0090 13       		.uleb128 0x13
 1129 0091 00       		.byte	0
 1130 0092 00       		.byte	0
 1131 0093 0C       		.uleb128 0xc
 1132 0094 05       		.uleb128 0x5
 1133 0095 00       		.byte	0
 1134 0096 49       		.uleb128 0x49
 1135 0097 13       		.uleb128 0x13
 1136 0098 00       		.byte	0
 1137 0099 00       		.byte	0
 1138 009a 0D       		.uleb128 0xd
 1139 009b 0F       		.uleb128 0xf
 1140 009c 00       		.byte	0
 1141 009d 0B       		.uleb128 0xb
 1142 009e 0B       		.uleb128 0xb
 1143 009f 00       		.byte	0
 1144 00a0 00       		.byte	0
 1145 00a1 0E       		.uleb128 0xe
 1146 00a2 13       		.uleb128 0x13
 1147 00a3 01       		.byte	0x1
 1148 00a4 03       		.uleb128 0x3
 1149 00a5 0E       		.uleb128 0xe
 1150 00a6 0B       		.uleb128 0xb
 1151 00a7 05       		.uleb128 0x5
 1152 00a8 3A       		.uleb128 0x3a
 1153 00a9 0B       		.uleb128 0xb
 1154 00aa 3B       		.uleb128 0x3b
 1155 00ab 05       		.uleb128 0x5
 1156 00ac 01       		.uleb128 0x1
 1157 00ad 13       		.uleb128 0x13
 1158 00ae 00       		.byte	0
 1159 00af 00       		.byte	0
 1160 00b0 0F       		.uleb128 0xf
 1161 00b1 0D       		.uleb128 0xd
 1162 00b2 00       		.byte	0
 1163 00b3 03       		.uleb128 0x3
 1164 00b4 08       		.uleb128 0x8
 1165 00b5 3A       		.uleb128 0x3a
 1166 00b6 0B       		.uleb128 0xb
 1167 00b7 3B       		.uleb128 0x3b
 1168 00b8 0B       		.uleb128 0xb
 1169 00b9 49       		.uleb128 0x49
 1170 00ba 13       		.uleb128 0x13
 1171 00bb 38       		.uleb128 0x38
 1172 00bc 0B       		.uleb128 0xb
 1173 00bd 00       		.byte	0
 1174 00be 00       		.byte	0
 1175 00bf 10       		.uleb128 0x10
 1176 00c0 17       		.uleb128 0x17
 1177 00c1 01       		.byte	0x1
 1178 00c2 0B       		.uleb128 0xb
 1179 00c3 0B       		.uleb128 0xb
 1180 00c4 3A       		.uleb128 0x3a
 1181 00c5 0B       		.uleb128 0xb
 1182 00c6 3B       		.uleb128 0x3b
 1183 00c7 0B       		.uleb128 0xb
 1184 00c8 01       		.uleb128 0x1
ARM GAS  /tmp/ccGowzZe.s 			page 22


 1185 00c9 13       		.uleb128 0x13
 1186 00ca 00       		.byte	0
 1187 00cb 00       		.byte	0
 1188 00cc 11       		.uleb128 0x11
 1189 00cd 0D       		.uleb128 0xd
 1190 00ce 00       		.byte	0
 1191 00cf 03       		.uleb128 0x3
 1192 00d0 0E       		.uleb128 0xe
 1193 00d1 3A       		.uleb128 0x3a
 1194 00d2 0B       		.uleb128 0xb
 1195 00d3 3B       		.uleb128 0x3b
 1196 00d4 05       		.uleb128 0x5
 1197 00d5 49       		.uleb128 0x49
 1198 00d6 13       		.uleb128 0x13
 1199 00d7 00       		.byte	0
 1200 00d8 00       		.byte	0
 1201 00d9 12       		.uleb128 0x12
 1202 00da 26       		.uleb128 0x26
 1203 00db 00       		.byte	0
 1204 00dc 49       		.uleb128 0x49
 1205 00dd 13       		.uleb128 0x13
 1206 00de 00       		.byte	0
 1207 00df 00       		.byte	0
 1208 00e0 13       		.uleb128 0x13
 1209 00e1 35       		.uleb128 0x35
 1210 00e2 00       		.byte	0
 1211 00e3 49       		.uleb128 0x49
 1212 00e4 13       		.uleb128 0x13
 1213 00e5 00       		.byte	0
 1214 00e6 00       		.byte	0
 1215 00e7 14       		.uleb128 0x14
 1216 00e8 01       		.uleb128 0x1
 1217 00e9 01       		.byte	0x1
 1218 00ea 49       		.uleb128 0x49
 1219 00eb 13       		.uleb128 0x13
 1220 00ec 01       		.uleb128 0x1
 1221 00ed 13       		.uleb128 0x13
 1222 00ee 00       		.byte	0
 1223 00ef 00       		.byte	0
 1224 00f0 15       		.uleb128 0x15
 1225 00f1 21       		.uleb128 0x21
 1226 00f2 00       		.byte	0
 1227 00f3 49       		.uleb128 0x49
 1228 00f4 13       		.uleb128 0x13
 1229 00f5 2F       		.uleb128 0x2f
 1230 00f6 0B       		.uleb128 0xb
 1231 00f7 00       		.byte	0
 1232 00f8 00       		.byte	0
 1233 00f9 16       		.uleb128 0x16
 1234 00fa 2E       		.uleb128 0x2e
 1235 00fb 01       		.byte	0x1
 1236 00fc 03       		.uleb128 0x3
 1237 00fd 0E       		.uleb128 0xe
 1238 00fe 3A       		.uleb128 0x3a
 1239 00ff 0B       		.uleb128 0xb
 1240 0100 3B       		.uleb128 0x3b
 1241 0101 0B       		.uleb128 0xb
ARM GAS  /tmp/ccGowzZe.s 			page 23


 1242 0102 27       		.uleb128 0x27
 1243 0103 19       		.uleb128 0x19
 1244 0104 20       		.uleb128 0x20
 1245 0105 0B       		.uleb128 0xb
 1246 0106 01       		.uleb128 0x1
 1247 0107 13       		.uleb128 0x13
 1248 0108 00       		.byte	0
 1249 0109 00       		.byte	0
 1250 010a 17       		.uleb128 0x17
 1251 010b 05       		.uleb128 0x5
 1252 010c 00       		.byte	0
 1253 010d 03       		.uleb128 0x3
 1254 010e 0E       		.uleb128 0xe
 1255 010f 3A       		.uleb128 0x3a
 1256 0110 0B       		.uleb128 0xb
 1257 0111 3B       		.uleb128 0x3b
 1258 0112 0B       		.uleb128 0xb
 1259 0113 49       		.uleb128 0x49
 1260 0114 13       		.uleb128 0x13
 1261 0115 00       		.byte	0
 1262 0116 00       		.byte	0
 1263 0117 18       		.uleb128 0x18
 1264 0118 2E       		.uleb128 0x2e
 1265 0119 00       		.byte	0
 1266 011a 03       		.uleb128 0x3
 1267 011b 0E       		.uleb128 0xe
 1268 011c 3A       		.uleb128 0x3a
 1269 011d 0B       		.uleb128 0xb
 1270 011e 3B       		.uleb128 0x3b
 1271 011f 0B       		.uleb128 0xb
 1272 0120 27       		.uleb128 0x27
 1273 0121 19       		.uleb128 0x19
 1274 0122 20       		.uleb128 0x20
 1275 0123 0B       		.uleb128 0xb
 1276 0124 00       		.byte	0
 1277 0125 00       		.byte	0
 1278 0126 19       		.uleb128 0x19
 1279 0127 2E       		.uleb128 0x2e
 1280 0128 00       		.byte	0
 1281 0129 03       		.uleb128 0x3
 1282 012a 0E       		.uleb128 0xe
 1283 012b 3A       		.uleb128 0x3a
 1284 012c 0B       		.uleb128 0xb
 1285 012d 3B       		.uleb128 0x3b
 1286 012e 0B       		.uleb128 0xb
 1287 012f 27       		.uleb128 0x27
 1288 0130 19       		.uleb128 0x19
 1289 0131 49       		.uleb128 0x49
 1290 0132 13       		.uleb128 0x13
 1291 0133 20       		.uleb128 0x20
 1292 0134 0B       		.uleb128 0xb
 1293 0135 00       		.byte	0
 1294 0136 00       		.byte	0
 1295 0137 1A       		.uleb128 0x1a
 1296 0138 2E       		.uleb128 0x2e
 1297 0139 01       		.byte	0x1
 1298 013a 3F       		.uleb128 0x3f
ARM GAS  /tmp/ccGowzZe.s 			page 24


 1299 013b 19       		.uleb128 0x19
 1300 013c 03       		.uleb128 0x3
 1301 013d 0E       		.uleb128 0xe
 1302 013e 3A       		.uleb128 0x3a
 1303 013f 0B       		.uleb128 0xb
 1304 0140 3B       		.uleb128 0x3b
 1305 0141 0B       		.uleb128 0xb
 1306 0142 27       		.uleb128 0x27
 1307 0143 19       		.uleb128 0x19
 1308 0144 11       		.uleb128 0x11
 1309 0145 01       		.uleb128 0x1
 1310 0146 12       		.uleb128 0x12
 1311 0147 06       		.uleb128 0x6
 1312 0148 40       		.uleb128 0x40
 1313 0149 18       		.uleb128 0x18
 1314 014a 9742     		.uleb128 0x2117
 1315 014c 19       		.uleb128 0x19
 1316 014d 01       		.uleb128 0x1
 1317 014e 13       		.uleb128 0x13
 1318 014f 00       		.byte	0
 1319 0150 00       		.byte	0
 1320 0151 1B       		.uleb128 0x1b
 1321 0152 898201   		.uleb128 0x4109
 1322 0155 00       		.byte	0
 1323 0156 11       		.uleb128 0x11
 1324 0157 01       		.uleb128 0x1
 1325 0158 9542     		.uleb128 0x2115
 1326 015a 19       		.uleb128 0x19
 1327 015b 31       		.uleb128 0x31
 1328 015c 13       		.uleb128 0x13
 1329 015d 00       		.byte	0
 1330 015e 00       		.byte	0
 1331 015f 1C       		.uleb128 0x1c
 1332 0160 05       		.uleb128 0x5
 1333 0161 00       		.byte	0
 1334 0162 03       		.uleb128 0x3
 1335 0163 0E       		.uleb128 0xe
 1336 0164 3A       		.uleb128 0x3a
 1337 0165 0B       		.uleb128 0xb
 1338 0166 3B       		.uleb128 0x3b
 1339 0167 0B       		.uleb128 0xb
 1340 0168 49       		.uleb128 0x49
 1341 0169 13       		.uleb128 0x13
 1342 016a 02       		.uleb128 0x2
 1343 016b 18       		.uleb128 0x18
 1344 016c 00       		.byte	0
 1345 016d 00       		.byte	0
 1346 016e 1D       		.uleb128 0x1d
 1347 016f 34       		.uleb128 0x34
 1348 0170 00       		.byte	0
 1349 0171 03       		.uleb128 0x3
 1350 0172 0E       		.uleb128 0xe
 1351 0173 49       		.uleb128 0x49
 1352 0174 13       		.uleb128 0x13
 1353 0175 34       		.uleb128 0x34
 1354 0176 19       		.uleb128 0x19
 1355 0177 00       		.byte	0
ARM GAS  /tmp/ccGowzZe.s 			page 25


 1356 0178 00       		.byte	0
 1357 0179 1E       		.uleb128 0x1e
 1358 017a 2E       		.uleb128 0x2e
 1359 017b 00       		.byte	0
 1360 017c 3F       		.uleb128 0x3f
 1361 017d 19       		.uleb128 0x19
 1362 017e 03       		.uleb128 0x3
 1363 017f 0E       		.uleb128 0xe
 1364 0180 3A       		.uleb128 0x3a
 1365 0181 0B       		.uleb128 0xb
 1366 0182 3B       		.uleb128 0x3b
 1367 0183 0B       		.uleb128 0xb
 1368 0184 27       		.uleb128 0x27
 1369 0185 19       		.uleb128 0x19
 1370 0186 11       		.uleb128 0x11
 1371 0187 01       		.uleb128 0x1
 1372 0188 12       		.uleb128 0x12
 1373 0189 06       		.uleb128 0x6
 1374 018a 40       		.uleb128 0x40
 1375 018b 18       		.uleb128 0x18
 1376 018c 9742     		.uleb128 0x2117
 1377 018e 19       		.uleb128 0x19
 1378 018f 00       		.byte	0
 1379 0190 00       		.byte	0
 1380 0191 1F       		.uleb128 0x1f
 1381 0192 2E       		.uleb128 0x2e
 1382 0193 01       		.byte	0x1
 1383 0194 3F       		.uleb128 0x3f
 1384 0195 19       		.uleb128 0x19
 1385 0196 03       		.uleb128 0x3
 1386 0197 0E       		.uleb128 0xe
 1387 0198 3A       		.uleb128 0x3a
 1388 0199 0B       		.uleb128 0xb
 1389 019a 3B       		.uleb128 0x3b
 1390 019b 0B       		.uleb128 0xb
 1391 019c 27       		.uleb128 0x27
 1392 019d 19       		.uleb128 0x19
 1393 019e 49       		.uleb128 0x49
 1394 019f 13       		.uleb128 0x13
 1395 01a0 11       		.uleb128 0x11
 1396 01a1 01       		.uleb128 0x1
 1397 01a2 12       		.uleb128 0x12
 1398 01a3 06       		.uleb128 0x6
 1399 01a4 40       		.uleb128 0x40
 1400 01a5 18       		.uleb128 0x18
 1401 01a6 9742     		.uleb128 0x2117
 1402 01a8 19       		.uleb128 0x19
 1403 01a9 01       		.uleb128 0x1
 1404 01aa 13       		.uleb128 0x13
 1405 01ab 00       		.byte	0
 1406 01ac 00       		.byte	0
 1407 01ad 20       		.uleb128 0x20
 1408 01ae 34       		.uleb128 0x34
 1409 01af 00       		.byte	0
 1410 01b0 03       		.uleb128 0x3
 1411 01b1 0E       		.uleb128 0xe
 1412 01b2 3A       		.uleb128 0x3a
ARM GAS  /tmp/ccGowzZe.s 			page 26


 1413 01b3 0B       		.uleb128 0xb
 1414 01b4 3B       		.uleb128 0x3b
 1415 01b5 05       		.uleb128 0x5
 1416 01b6 49       		.uleb128 0x49
 1417 01b7 13       		.uleb128 0x13
 1418 01b8 3F       		.uleb128 0x3f
 1419 01b9 19       		.uleb128 0x19
 1420 01ba 3C       		.uleb128 0x3c
 1421 01bb 19       		.uleb128 0x19
 1422 01bc 00       		.byte	0
 1423 01bd 00       		.byte	0
 1424 01be 21       		.uleb128 0x21
 1425 01bf 34       		.uleb128 0x34
 1426 01c0 00       		.byte	0
 1427 01c1 03       		.uleb128 0x3
 1428 01c2 08       		.uleb128 0x8
 1429 01c3 3A       		.uleb128 0x3a
 1430 01c4 0B       		.uleb128 0xb
 1431 01c5 3B       		.uleb128 0x3b
 1432 01c6 05       		.uleb128 0x5
 1433 01c7 49       		.uleb128 0x49
 1434 01c8 13       		.uleb128 0x13
 1435 01c9 3F       		.uleb128 0x3f
 1436 01ca 19       		.uleb128 0x19
 1437 01cb 3C       		.uleb128 0x3c
 1438 01cc 19       		.uleb128 0x19
 1439 01cd 00       		.byte	0
 1440 01ce 00       		.byte	0
 1441 01cf 22       		.uleb128 0x22
 1442 01d0 2E       		.uleb128 0x2e
 1443 01d1 00       		.byte	0
 1444 01d2 3F       		.uleb128 0x3f
 1445 01d3 19       		.uleb128 0x19
 1446 01d4 03       		.uleb128 0x3
 1447 01d5 0E       		.uleb128 0xe
 1448 01d6 3A       		.uleb128 0x3a
 1449 01d7 0B       		.uleb128 0xb
 1450 01d8 3B       		.uleb128 0x3b
 1451 01d9 0B       		.uleb128 0xb
 1452 01da 27       		.uleb128 0x27
 1453 01db 19       		.uleb128 0x19
 1454 01dc 3C       		.uleb128 0x3c
 1455 01dd 19       		.uleb128 0x19
 1456 01de 00       		.byte	0
 1457 01df 00       		.byte	0
 1458 01e0 00       		.byte	0
 1459              		.section	.debug_aranges,"",%progbits
 1460 0000 3C000000 		.4byte	0x3c
 1461 0004 0200     		.2byte	0x2
 1462 0006 00000000 		.4byte	.Ldebug_info0
 1463 000a 04       		.byte	0x4
 1464 000b 00       		.byte	0
 1465 000c 0000     		.2byte	0
 1466 000e 0000     		.2byte	0
 1467 0010 00000000 		.4byte	.LFB267
 1468 0014 04000000 		.4byte	.LFE267-.LFB267
 1469 0018 00000000 		.4byte	.LFB268
ARM GAS  /tmp/ccGowzZe.s 			page 27


 1470 001c 02000000 		.4byte	.LFE268-.LFB268
 1471 0020 00000000 		.4byte	.LFB269
 1472 0024 02000000 		.4byte	.LFE269-.LFB269
 1473 0028 00000000 		.4byte	.LFB270
 1474 002c 02000000 		.4byte	.LFE270-.LFB270
 1475 0030 00000000 		.4byte	.LFB271
 1476 0034 04000000 		.4byte	.LFE271-.LFB271
 1477 0038 00000000 		.4byte	0
 1478 003c 00000000 		.4byte	0
 1479              		.section	.debug_ranges,"",%progbits
 1480              	.Ldebug_ranges0:
 1481 0000 00000000 		.4byte	.LFB267
 1482 0004 04000000 		.4byte	.LFE267
 1483 0008 00000000 		.4byte	.LFB268
 1484 000c 02000000 		.4byte	.LFE268
 1485 0010 00000000 		.4byte	.LFB269
 1486 0014 02000000 		.4byte	.LFE269
 1487 0018 00000000 		.4byte	.LFB270
 1488 001c 02000000 		.4byte	.LFE270
 1489 0020 00000000 		.4byte	.LFB271
 1490 0024 04000000 		.4byte	.LFE271
 1491 0028 00000000 		.4byte	0
 1492 002c 00000000 		.4byte	0
 1493              		.section	.debug_line,"",%progbits
 1494              	.Ldebug_line0:
 1495 0000 8E010000 		.section	.debug_str,"MS",%progbits,1
 1495      02003701 
 1495      00000201 
 1495      FB0E0D00 
 1495      01010101 
 1496              	.LASF45:
 1497 0000 72656164 		.ascii	"ready_list_t\000"
 1497      795F6C69 
 1497      73745F74 
 1497      00
 1498              	.LASF98:
 1499 000d 7374496E 		.ascii	"stInit\000"
 1499      697400
 1500              	.LASF81:
 1501 0014 77747472 		.ascii	"wttrp\000"
 1501      7000
 1502              	.LASF78:
 1503 001a 7264796D 		.ascii	"rdymsg\000"
 1503      736700
 1504              	.LASF9:
 1505 0021 75696E74 		.ascii	"uint64_t\000"
 1505      36345F74 
 1505      00
 1506              	.LASF77:
 1507 002a 706F7274 		.ascii	"port_intctx\000"
 1507      5F696E74 
 1507      63747800 
 1508              	.LASF64:
 1509 0036 73797374 		.ascii	"system_debug_t\000"
 1509      656D5F64 
 1509      65627567 
 1509      5F7400
ARM GAS  /tmp/ccGowzZe.s 			page 28


 1510              	.LASF104:
 1511 0045 474E5520 		.ascii	"GNU C 4.9.2 -mcpu=cortex-m4 -mfloat-abi=soft -mfp16"
 1511      4320342E 
 1511      392E3220 
 1511      2D6D6370 
 1511      753D636F 
 1512 0078 2D666F72 		.ascii	"-format=none -mno-thumb-interwork -mthumb -mfpu=vfp"
 1512      6D61743D 
 1512      6E6F6E65 
 1512      202D6D6E 
 1512      6F2D7468 
 1513 00ab 76332D64 		.ascii	"v3-d16 -mtls-dialect=gnu -ggdb -O2 -fomit-frame-poi"
 1513      3136202D 
 1513      6D746C73 
 1513      2D646961 
 1513      6C656374 
 1514 00de 6E746572 		.ascii	"nter -falign-functions=16 -ffunction-sections -fdat"
 1514      202D6661 
 1514      6C69676E 
 1514      2D66756E 
 1514      6374696F 
 1515 0111 612D7365 		.ascii	"a-sections -fno-common\000"
 1515      6374696F 
 1515      6E73202D 
 1515      666E6F2D 
 1515      636F6D6D 
 1516              	.LASF10:
 1517 0128 6C6F6E67 		.ascii	"long long unsigned int\000"
 1517      206C6F6E 
 1517      6720756E 
 1517      7369676E 
 1517      65642069 
 1518              	.LASF79:
 1519 013f 65786974 		.ascii	"exitcode\000"
 1519      636F6465 
 1519      00
 1520              	.LASF71:
 1521 0148 6D61696E 		.ascii	"mainthread\000"
 1521      74687265 
 1521      616400
 1522              	.LASF61:
 1523 0153 76697274 		.ascii	"virtual_timers_list_t\000"
 1523      75616C5F 
 1523      74696D65 
 1523      72735F6C 
 1523      6973745F 
 1524              	.LASF103:
 1525 0169 49544D5F 		.ascii	"ITM_RxBuffer\000"
 1525      52784275 
 1525      66666572 
 1525      00
 1526              	.LASF111:
 1527 0176 73745F6C 		.ascii	"st_lld_init\000"
 1527      6C645F69 
 1527      6E697400 
 1528              	.LASF44:
 1529 0182 63685F74 		.ascii	"ch_threads_queue\000"
ARM GAS  /tmp/ccGowzZe.s 			page 29


 1529      68726561 
 1529      64735F71 
 1529      75657565 
 1529      00
 1530              	.LASF23:
 1531 0193 705F7072 		.ascii	"p_prio\000"
 1531      696F00
 1532              	.LASF3:
 1533 019a 6C6F6E67 		.ascii	"long long int\000"
 1533      206C6F6E 
 1533      6720696E 
 1533      7400
 1534              	.LASF1:
 1535 01a8 7369676E 		.ascii	"signed char\000"
 1535      65642063 
 1535      68617200 
 1536              	.LASF38:
 1537 01b4 705F6D70 		.ascii	"p_mpool\000"
 1537      6F6F6C00 
 1538              	.LASF89:
 1539 01bc 6D5F7175 		.ascii	"m_queue\000"
 1539      65756500 
 1540              	.LASF70:
 1541 01c4 76746C69 		.ascii	"vtlist\000"
 1541      737400
 1542              	.LASF14:
 1543 01cb 74736C69 		.ascii	"tslices_t\000"
 1543      6365735F 
 1543      7400
 1544              	.LASF68:
 1545 01d5 63685F73 		.ascii	"ch_system\000"
 1545      79737465 
 1545      6D00
 1546              	.LASF12:
 1547 01df 74737461 		.ascii	"tstate_t\000"
 1547      74655F74 
 1547      00
 1548              	.LASF25:
 1549 01e8 705F6E65 		.ascii	"p_newer\000"
 1549      77657200 
 1550              	.LASF86:
 1551 01f0 735F7175 		.ascii	"s_queue\000"
 1551      65756500 
 1552              	.LASF50:
 1553 01f8 725F6E65 		.ascii	"r_newer\000"
 1553      77657200 
 1554              	.LASF74:
 1555 0200 72656761 		.ascii	"regarm_t\000"
 1555      726D5F74 
 1555      00
 1556              	.LASF57:
 1557 0209 76745F70 		.ascii	"vt_prev\000"
 1557      72657600 
 1558              	.LASF93:
 1559 0211 6D757465 		.ascii	"mutex_t\000"
 1559      785F7400 
 1560              	.LASF72:
ARM GAS  /tmp/ccGowzZe.s 			page 30


 1561 0219 69646C65 		.ascii	"idle_thread_wa\000"
 1561      5F746872 
 1561      6561645F 
 1561      776100
 1562              	.LASF18:
 1563 0228 636E745F 		.ascii	"cnt_t\000"
 1563      7400
 1564              	.LASF0:
 1565 022e 756E7369 		.ascii	"unsigned int\000"
 1565      676E6564 
 1565      20696E74 
 1565      00
 1566              	.LASF56:
 1567 023b 76745F6E 		.ascii	"vt_next\000"
 1567      65787400 
 1568              	.LASF82:
 1569 0243 77747365 		.ascii	"wtsemp\000"
 1569      6D7000
 1570              	.LASF33:
 1571 024a 705F6D73 		.ascii	"p_msgqueue\000"
 1571      67717565 
 1571      756500
 1572              	.LASF87:
 1573 0255 735F636E 		.ascii	"s_cnt\000"
 1573      7400
 1574              	.LASF7:
 1575 025b 73686F72 		.ascii	"short unsigned int\000"
 1575      7420756E 
 1575      7369676E 
 1575      65642069 
 1575      6E7400
 1576              	.LASF41:
 1577 026e 63685F74 		.ascii	"ch_thread\000"
 1577      68726561 
 1577      6400
 1578              	.LASF16:
 1579 0278 6D73675F 		.ascii	"msg_t\000"
 1579      7400
 1580              	.LASF67:
 1581 027e 63685F73 		.ascii	"ch_system_t\000"
 1581      79737465 
 1581      6D5F7400 
 1582              	.LASF11:
 1583 028a 746D6F64 		.ascii	"tmode_t\000"
 1583      655F7400 
 1584              	.LASF46:
 1585 0292 63685F72 		.ascii	"ch_ready_list\000"
 1585      65616479 
 1585      5F6C6973 
 1585      7400
 1586              	.LASF17:
 1587 02a0 6576656E 		.ascii	"eventmask_t\000"
 1587      746D6173 
 1587      6B5F7400 
 1588              	.LASF95:
 1589 02ac 73745F6C 		.ascii	"st_lld_start_alarm\000"
 1589      6C645F73 
ARM GAS  /tmp/ccGowzZe.s 			page 31


 1589      74617274 
 1589      5F616C61 
 1589      726D00
 1590              	.LASF75:
 1591 02bf 73746B61 		.ascii	"stkalign_t\000"
 1591      6C69676E 
 1591      5F7400
 1592              	.LASF40:
 1593 02ca 74687265 		.ascii	"threads_list_t\000"
 1593      6164735F 
 1593      6C697374 
 1593      5F7400
 1594              	.LASF32:
 1595 02d9 705F7761 		.ascii	"p_waiting\000"
 1595      6974696E 
 1595      6700
 1596              	.LASF73:
 1597 02e3 73697A65 		.ascii	"sizetype\000"
 1597      74797065 
 1597      00
 1598              	.LASF39:
 1599 02ec 74687265 		.ascii	"thread_reference_t\000"
 1599      61645F72 
 1599      65666572 
 1599      656E6365 
 1599      5F7400
 1600              	.LASF62:
 1601 02ff 63685F76 		.ascii	"ch_virtual_timers_list\000"
 1601      69727475 
 1601      616C5F74 
 1601      696D6572 
 1601      735F6C69 
 1602              	.LASF26:
 1603 0316 705F6F6C 		.ascii	"p_older\000"
 1603      64657200 
 1604              	.LASF49:
 1605 031e 725F6374 		.ascii	"r_ctx\000"
 1605      7800
 1606              	.LASF97:
 1607 0324 74696D65 		.ascii	"time\000"
 1607      00
 1608              	.LASF52:
 1609 0329 725F6375 		.ascii	"r_current\000"
 1609      7272656E 
 1609      7400
 1610              	.LASF51:
 1611 0333 725F6F6C 		.ascii	"r_older\000"
 1611      64657200 
 1612              	.LASF13:
 1613 033b 74726566 		.ascii	"trefs_t\000"
 1613      735F7400 
 1614              	.LASF54:
 1615 0343 76697274 		.ascii	"virtual_timer_t\000"
 1615      75616C5F 
 1615      74696D65 
 1615      725F7400 
 1616              	.LASF22:
ARM GAS  /tmp/ccGowzZe.s 			page 32


 1617 0353 705F7072 		.ascii	"p_prev\000"
 1617      657600
 1618              	.LASF15:
 1619 035a 74707269 		.ascii	"tprio_t\000"
 1619      6F5F7400 
 1620              	.LASF65:
 1621 0362 63685F73 		.ascii	"ch_system_debug\000"
 1621      79737465 
 1621      6D5F6465 
 1621      62756700 
 1622              	.LASF94:
 1623 0372 5F426F6F 		.ascii	"_Bool\000"
 1623      6C00
 1624              	.LASF4:
 1625 0378 696E7433 		.ascii	"int32_t\000"
 1625      325F7400 
 1626              	.LASF6:
 1627 0380 756E7369 		.ascii	"unsigned char\000"
 1627      676E6564 
 1627      20636861 
 1627      7200
 1628              	.LASF36:
 1629 038e 705F6D74 		.ascii	"p_mtxlist\000"
 1629      786C6973 
 1629      7400
 1630              	.LASF2:
 1631 0398 73686F72 		.ascii	"short int\000"
 1631      7420696E 
 1631      7400
 1632              	.LASF28:
 1633 03a2 705F7374 		.ascii	"p_state\000"
 1633      61746500 
 1634              	.LASF31:
 1635 03aa 705F7072 		.ascii	"p_preempt\000"
 1635      65656D70 
 1635      7400
 1636              	.LASF48:
 1637 03b4 725F7072 		.ascii	"r_prio\000"
 1637      696F00
 1638              	.LASF84:
 1639 03bb 65776D61 		.ascii	"ewmask\000"
 1639      736B00
 1640              	.LASF21:
 1641 03c2 705F6E65 		.ascii	"p_next\000"
 1641      787400
 1642              	.LASF5:
 1643 03c9 75696E74 		.ascii	"uint8_t\000"
 1643      385F7400 
 1644              	.LASF102:
 1645 03d1 5F5F6675 		.ascii	"__func__\000"
 1645      6E635F5F 
 1645      00
 1646              	.LASF55:
 1647 03da 63685F76 		.ascii	"ch_virtual_timer\000"
 1647      69727475 
 1647      616C5F74 
 1647      696D6572 
ARM GAS  /tmp/ccGowzZe.s 			page 33


 1647      00
 1648              	.LASF108:
 1649 03eb 73745F6C 		.ascii	"st_lld_get_alarm\000"
 1649      6C645F67 
 1649      65745F61 
 1649      6C61726D 
 1649      00
 1650              	.LASF85:
 1651 03fc 63685F73 		.ascii	"ch_semaphore\000"
 1651      656D6170 
 1651      686F7265 
 1651      00
 1652              	.LASF35:
 1653 0409 705F6570 		.ascii	"p_epending\000"
 1653      656E6469 
 1653      6E6700
 1654              	.LASF8:
 1655 0414 75696E74 		.ascii	"uint32_t\000"
 1655      33325F74 
 1655      00
 1656              	.LASF83:
 1657 041d 77746D74 		.ascii	"wtmtxp\000"
 1657      787000
 1658              	.LASF47:
 1659 0424 725F7175 		.ascii	"r_queue\000"
 1659      65756500 
 1660              	.LASF58:
 1661 042c 76745F64 		.ascii	"vt_delta\000"
 1661      656C7461 
 1661      00
 1662              	.LASF42:
 1663 0435 63685F74 		.ascii	"ch_threads_list\000"
 1663      68726561 
 1663      64735F6C 
 1663      69737400 
 1664              	.LASF92:
 1665 0445 63686172 		.ascii	"char\000"
 1665      00
 1666              	.LASF109:
 1667 044a 73745374 		.ascii	"stStopAlarm\000"
 1667      6F70416C 
 1667      61726D00 
 1668              	.LASF106:
 1669 0456 2F686F6D 		.ascii	"/home/bunnie/code/chibios-netvcr/netvcr\000"
 1669      652F6275 
 1669      6E6E6965 
 1669      2F636F64 
 1669      652F6368 
 1670              	.LASF20:
 1671 047e 74687265 		.ascii	"thread_t\000"
 1671      61645F74 
 1671      00
 1672              	.LASF91:
 1673 0487 6D5F6E65 		.ascii	"m_next\000"
 1673      787400
 1674              	.LASF19:
 1675 048e 73797374 		.ascii	"systime_t\000"
ARM GAS  /tmp/ccGowzZe.s 			page 34


 1675      696D655F 
 1675      7400
 1676              	.LASF37:
 1677 0498 705F7265 		.ascii	"p_realprio\000"
 1677      616C7072 
 1677      696F00
 1678              	.LASF53:
 1679 04a3 76746675 		.ascii	"vtfunc_t\000"
 1679      6E635F74 
 1679      00
 1680              	.LASF66:
 1681 04ac 70616E69 		.ascii	"panic_msg\000"
 1681      635F6D73 
 1681      6700
 1682              	.LASF99:
 1683 04b6 73745374 		.ascii	"stStartAlarm\000"
 1683      61727441 
 1683      6C61726D 
 1683      00
 1684              	.LASF76:
 1685 04c3 636F6E74 		.ascii	"context\000"
 1685      65787400 
 1686              	.LASF34:
 1687 04cb 705F6D73 		.ascii	"p_msg\000"
 1687      6700
 1688              	.LASF107:
 1689 04d1 73745F6C 		.ascii	"st_lld_stop_alarm\000"
 1689      6C645F73 
 1689      746F705F 
 1689      616C6172 
 1689      6D00
 1690              	.LASF60:
 1691 04e3 76745F70 		.ascii	"vt_par\000"
 1691      617200
 1692              	.LASF43:
 1693 04ea 74687265 		.ascii	"threads_queue_t\000"
 1693      6164735F 
 1693      71756575 
 1693      655F7400 
 1694              	.LASF88:
 1695 04fa 63685F6D 		.ascii	"ch_mutex\000"
 1695      75746578 
 1695      00
 1696              	.LASF30:
 1697 0503 705F7265 		.ascii	"p_refs\000"
 1697      667300
 1698              	.LASF69:
 1699 050a 726C6973 		.ascii	"rlist\000"
 1699      7400
 1700              	.LASF100:
 1701 0510 73745365 		.ascii	"stSetAlarm\000"
 1701      74416C61 
 1701      726D00
 1702              	.LASF110:
 1703 051b 73744765 		.ascii	"stGetAlarm\000"
 1703      74416C61 
 1703      726D00
ARM GAS  /tmp/ccGowzZe.s 			page 35


 1704              	.LASF80:
 1705 0526 77746F62 		.ascii	"wtobjp\000"
 1705      6A7000
 1706              	.LASF27:
 1707 052d 705F6E61 		.ascii	"p_name\000"
 1707      6D6500
 1708              	.LASF63:
 1709 0534 76745F73 		.ascii	"vt_systime\000"
 1709      79737469 
 1709      6D6500
 1710              	.LASF105:
 1711 053f 2E2E2F6F 		.ascii	"../os/hal/src/st.c\000"
 1711      732F6861 
 1711      6C2F7372 
 1711      632F7374 
 1711      2E6300
 1712              	.LASF101:
 1713 0552 61627374 		.ascii	"abstime\000"
 1713      696D6500 
 1714              	.LASF29:
 1715 055a 705F666C 		.ascii	"p_flags\000"
 1715      61677300 
 1716              	.LASF96:
 1717 0562 73745F6C 		.ascii	"st_lld_set_alarm\000"
 1717      6C645F73 
 1717      65745F61 
 1717      6C61726D 
 1717      00
 1718              	.LASF90:
 1719 0573 6D5F6F77 		.ascii	"m_owner\000"
 1719      6E657200 
 1720              	.LASF24:
 1721 057b 705F6374 		.ascii	"p_ctx\000"
 1721      7800
 1722              	.LASF59:
 1723 0581 76745F66 		.ascii	"vt_func\000"
 1723      756E6300 
 1724              		.ident	"GCC: (Debian 4.9.2-10) 4.9.2"
 1725              		.section	.note.GNU-stack,"",%progbits
ARM GAS  /tmp/ccGowzZe.s 			page 36


DEFINED SYMBOLS
                            *ABS*:00000000 st.c
     /tmp/ccGowzZe.s:19     .text.stInit:00000000 $t
     /tmp/ccGowzZe.s:25     .text.stInit:00000000 stInit
     /tmp/ccGowzZe.s:40     .text.stStartAlarm:00000000 $t
     /tmp/ccGowzZe.s:46     .text.stStartAlarm:00000000 stStartAlarm
     /tmp/ccGowzZe.s:59     .text.stStopAlarm:00000000 $t
     /tmp/ccGowzZe.s:65     .text.stStopAlarm:00000000 stStopAlarm
     /tmp/ccGowzZe.s:77     .text.stSetAlarm:00000000 $t
     /tmp/ccGowzZe.s:83     .text.stSetAlarm:00000000 stSetAlarm
     /tmp/ccGowzZe.s:96     .text.stGetAlarm:00000000 $t
     /tmp/ccGowzZe.s:102    .text.stGetAlarm:00000000 stGetAlarm
                     .debug_frame:00000010 $d

UNDEFINED SYMBOLS
st_lld_init
