ARM GAS  /tmp/ccgDVsEz.s 			page 1


   1              		.syntax unified
   2              		.cpu cortex-m4
   3              		.fpu softvfp
   4              		.eabi_attribute 20, 1
   5              		.eabi_attribute 21, 1
   6              		.eabi_attribute 23, 3
   7              		.eabi_attribute 24, 1
   8              		.eabi_attribute 25, 1
   9              		.eabi_attribute 26, 2
  10              		.eabi_attribute 30, 2
  11              		.eabi_attribute 34, 1
  12              		.eabi_attribute 18, 4
  13              		.thumb
  14              		.file	"st_lld.c"
  15              		.text
  16              	.Ltext0:
  17              		.cfi_sections	.debug_frame
  18              		.section	.text.SysTick_Handler,"ax",%progbits
  19              		.align	2
  20              		.p2align 4,,15
  21              		.global	SysTick_Handler
  22              		.thumb
  23              		.thumb_func
  24              		.type	SysTick_Handler, %function
  25              	SysTick_Handler:
  26              	.LFB267:
  27              		.file 1 "../os/hal/ports/KINETIS/K20x/st_lld.c"
  28              		.loc 1 60 0
  29              		.cfi_startproc
  30              		@ args = 0, pretend = 0, frame = 0
  31              		@ frame_needed = 0, uses_anonymous_args = 0
  32              	.LVL0:
  33 0000 08B5     		push	{r3, lr}
  34              		.cfi_def_cfa_offset 8
  35              		.cfi_offset 3, -8
  36              		.cfi_offset 14, -4
  37              	.LBB52:
  38              	.LBB53:
  39              	.LBB54:
  40              	.LBB55:
  41              	.LBB56:
  42              	.LBB57:
  43              		.file 2 "../os/ext/CMSIS/include/core_cmFunc.h"
  44              		.loc 2 548 0
  45 0002 2023     		movs	r3, #32
  46              	#APP
  47              	@ 548 "../os/ext/CMSIS/include/core_cmFunc.h" 1
  48 0004 83F31188 		MSR basepri, r3
  49              	@ 0 "" 2
  50              		.thumb
  51              	.LBE57:
  52              	.LBE56:
  53              	.LBE55:
  54              	.LBE54:
  55              	.LBE53:
  56              	.LBE52:
  57              	.LBB58:
ARM GAS  /tmp/ccgDVsEz.s 			page 2


  58              	.LBB59:
  59              		.file 3 "../os/hal/osal/rt/osal.h"
  60              		.loc 3 585 0
  61 0008 FFF7FEFF 		bl	chSysTimerHandlerI
  62              	.LVL1:
  63              	.LBE59:
  64              	.LBE58:
  65              	.LBB60:
  66              	.LBB61:
  67              	.LBB62:
  68              	.LBB63:
  69              	.LBB64:
  70              	.LBB65:
  71              		.loc 2 548 0
  72 000c 0023     		movs	r3, #0
  73              	#APP
  74              	@ 548 "../os/ext/CMSIS/include/core_cmFunc.h" 1
  75 000e 83F31188 		MSR basepri, r3
  76              	@ 0 "" 2
  77              		.thumb
  78              	.LBE65:
  79              	.LBE64:
  80              	.LBE63:
  81              	.LBE62:
  82              	.LBE61:
  83              	.LBE60:
  84              		.loc 1 69 0
  85 0012 BDE80840 		pop	{r3, lr}
  86              		.cfi_restore 14
  87              		.cfi_restore 3
  88              		.cfi_def_cfa_offset 0
  89              		.loc 1 68 0
  90 0016 FFF7FEBF 		b	_port_irq_epilogue
  91              	.LVL2:
  92              		.cfi_endproc
  93              	.LFE267:
  94              		.size	SysTick_Handler, .-SysTick_Handler
  95 001a 00BFAFF3 		.section	.text.st_lld_init,"ax",%progbits
  95      0080
  96              		.align	2
  97              		.p2align 4,,15
  98              		.global	st_lld_init
  99              		.thumb
 100              		.thumb_func
 101              		.type	st_lld_init, %function
 102              	st_lld_init:
 103              	.LFB268:
 104              		.loc 1 81 0
 105              		.cfi_startproc
 106              		@ args = 0, pretend = 0, frame = 0
 107              		@ frame_needed = 0, uses_anonymous_args = 0
 108              		@ link register save eliminated.
 109              		.loc 1 85 0
 110 0000 054B     		ldr	r3, .L4
 111 0002 4BF67F30 		movw	r0, #47999
 112              		.loc 1 86 0
 113 0006 0021     		movs	r1, #0
ARM GAS  /tmp/ccgDVsEz.s 			page 3


 114              		.loc 1 87 0
 115 0008 0722     		movs	r2, #7
 116              		.loc 1 85 0
 117 000a 5860     		str	r0, [r3, #4]
 118              		.loc 1 86 0
 119 000c 9960     		str	r1, [r3, #8]
 120              		.loc 1 92 0
 121 000e 0B20     		movs	r0, #11
 122 0010 0821     		movs	r1, #8
 123              		.loc 1 87 0
 124 0012 1A60     		str	r2, [r3]
 125              		.loc 1 92 0
 126 0014 FFF7FEBF 		b	nvicSetSystemHandlerPriority
 127              	.LVL3:
 128              	.L5:
 129              		.align	2
 130              	.L4:
 131 0018 10E000E0 		.word	-536813552
 132              		.cfi_endproc
 133              	.LFE268:
 134              		.size	st_lld_init, .-st_lld_init
 135 001c AFF30080 		.text
 136              	.Letext0:
 137              		.file 4 "/usr/include/stdint.h"
 138              		.file 5 "../os/rt/ports/ARMCMx/compilers/GCC/chtypes.h"
 139              		.file 6 "../os/rt/include/chsystypes.h"
 140              		.file 7 "../os/rt/include/chschd.h"
 141              		.file 8 "../os/ext/CMSIS/include/core_cm4.h"
 142              		.file 9 "../os/rt/ports/ARMCMx/chcore.h"
 143              		.file 10 "../os/rt/ports/ARMCMx/chcore_v7m.h"
 144              		.file 11 "../os/rt/include/chsem.h"
 145              		.file 12 "../os/rt/include/chmtx.h"
 146              		.file 13 "../os/rt/include/chsys.h"
 147              		.file 14 "../os/hal/ports/common/ARMCMx/nvic.h"
 148              		.section	.debug_info,"",%progbits
 149              	.Ldebug_info0:
 150 0000 E4070000 		.4byte	0x7e4
 151 0004 0400     		.2byte	0x4
 152 0006 00000000 		.4byte	.Ldebug_abbrev0
 153 000a 04       		.byte	0x4
 154 000b 01       		.uleb128 0x1
 155 000c 3E000000 		.4byte	.LASF113
 156 0010 01       		.byte	0x1
 157 0011 00030000 		.4byte	.LASF114
 158 0015 F0040000 		.4byte	.LASF115
 159 0019 00000000 		.4byte	.Ldebug_ranges0+0
 160 001d 00000000 		.4byte	0
 161 0021 00000000 		.4byte	.Ldebug_line0
 162 0025 02       		.uleb128 0x2
 163 0026 04       		.byte	0x4
 164 0027 05       		.byte	0x5
 165 0028 696E7400 		.ascii	"int\000"
 166 002c 03       		.uleb128 0x3
 167 002d 04       		.byte	0x4
 168 002e 07       		.byte	0x7
 169 002f 7E020000 		.4byte	.LASF0
 170 0033 03       		.uleb128 0x3
ARM GAS  /tmp/ccgDVsEz.s 			page 4


 171 0034 01       		.byte	0x1
 172 0035 06       		.byte	0x6
 173 0036 B3010000 		.4byte	.LASF1
 174 003a 03       		.uleb128 0x3
 175 003b 02       		.byte	0x2
 176 003c 05       		.byte	0x5
 177 003d 33040000 		.4byte	.LASF2
 178 0041 04       		.uleb128 0x4
 179 0042 06040000 		.4byte	.LASF4
 180 0046 04       		.byte	0x4
 181 0047 26       		.byte	0x26
 182 0048 25000000 		.4byte	0x25
 183 004c 03       		.uleb128 0x3
 184 004d 08       		.byte	0x8
 185 004e 05       		.byte	0x5
 186 004f A5010000 		.4byte	.LASF3
 187 0053 04       		.uleb128 0x4
 188 0054 E4050000 		.4byte	.LASF5
 189 0058 04       		.byte	0x4
 190 0059 30       		.byte	0x30
 191 005a 5E000000 		.4byte	0x5e
 192 005e 03       		.uleb128 0x3
 193 005f 01       		.byte	0x1
 194 0060 08       		.byte	0x8
 195 0061 0E040000 		.4byte	.LASF6
 196 0065 03       		.uleb128 0x3
 197 0066 02       		.byte	0x2
 198 0067 07       		.byte	0x7
 199 0068 0F020000 		.4byte	.LASF7
 200 006c 04       		.uleb128 0x4
 201 006d BA040000 		.4byte	.LASF8
 202 0071 04       		.byte	0x4
 203 0072 33       		.byte	0x33
 204 0073 2C000000 		.4byte	0x2c
 205 0077 04       		.uleb128 0x4
 206 0078 1A000000 		.4byte	.LASF9
 207 007c 04       		.byte	0x4
 208 007d 3A       		.byte	0x3a
 209 007e 82000000 		.4byte	0x82
 210 0082 03       		.uleb128 0x3
 211 0083 08       		.byte	0x8
 212 0084 07       		.byte	0x7
 213 0085 2B010000 		.4byte	.LASF10
 214 0089 04       		.uleb128 0x4
 215 008a 81040000 		.4byte	.LASF11
 216 008e 05       		.byte	0x5
 217 008f 3C       		.byte	0x3c
 218 0090 53000000 		.4byte	0x53
 219 0094 04       		.uleb128 0x4
 220 0095 F6010000 		.4byte	.LASF12
 221 0099 05       		.byte	0x5
 222 009a 3D       		.byte	0x3d
 223 009b 53000000 		.4byte	0x53
 224 009f 04       		.uleb128 0x4
 225 00a0 B6030000 		.4byte	.LASF13
 226 00a4 05       		.byte	0x5
 227 00a5 3E       		.byte	0x3e
ARM GAS  /tmp/ccgDVsEz.s 			page 5


 228 00a6 53000000 		.4byte	0x53
 229 00aa 04       		.uleb128 0x4
 230 00ab E2010000 		.4byte	.LASF14
 231 00af 05       		.byte	0x5
 232 00b0 3F       		.byte	0x3f
 233 00b1 53000000 		.4byte	0x53
 234 00b5 04       		.uleb128 0x4
 235 00b6 D5030000 		.4byte	.LASF15
 236 00ba 05       		.byte	0x5
 237 00bb 40       		.byte	0x40
 238 00bc 6C000000 		.4byte	0x6c
 239 00c0 04       		.uleb128 0x4
 240 00c1 BB020000 		.4byte	.LASF16
 241 00c5 05       		.byte	0x5
 242 00c6 41       		.byte	0x41
 243 00c7 41000000 		.4byte	0x41
 244 00cb 04       		.uleb128 0x4
 245 00cc F4020000 		.4byte	.LASF17
 246 00d0 05       		.byte	0x5
 247 00d1 43       		.byte	0x43
 248 00d2 6C000000 		.4byte	0x6c
 249 00d6 04       		.uleb128 0x4
 250 00d7 78020000 		.4byte	.LASF18
 251 00db 05       		.byte	0x5
 252 00dc 45       		.byte	0x45
 253 00dd 41000000 		.4byte	0x41
 254 00e1 04       		.uleb128 0x4
 255 00e2 3D050000 		.4byte	.LASF19
 256 00e6 06       		.byte	0x6
 257 00e7 33       		.byte	0x33
 258 00e8 6C000000 		.4byte	0x6c
 259 00ec 04       		.uleb128 0x4
 260 00ed 2D050000 		.4byte	.LASF20
 261 00f1 06       		.byte	0x6
 262 00f2 3F       		.byte	0x3f
 263 00f3 F7000000 		.4byte	0xf7
 264 00f7 05       		.uleb128 0x5
 265 00f8 B1020000 		.4byte	.LASF41
 266 00fc 44       		.byte	0x44
 267 00fd 07       		.byte	0x7
 268 00fe C2       		.byte	0xc2
 269 00ff F0010000 		.4byte	0x1f0
 270 0103 06       		.uleb128 0x6
 271 0104 7A040000 		.4byte	.LASF21
 272 0108 07       		.byte	0x7
 273 0109 C3       		.byte	0xc3
 274 010a FB010000 		.4byte	0x1fb
 275 010e 00       		.byte	0
 276 010f 06       		.uleb128 0x6
 277 0110 CE030000 		.4byte	.LASF22
 278 0114 07       		.byte	0x7
 279 0115 C5       		.byte	0xc5
 280 0116 FB010000 		.4byte	0x1fb
 281 011a 04       		.byte	0x4
 282 011b 06       		.uleb128 0x6
 283 011c 9E010000 		.4byte	.LASF23
 284 0120 07       		.byte	0x7
ARM GAS  /tmp/ccgDVsEz.s 			page 6


 285 0121 C7       		.byte	0xc7
 286 0122 B5000000 		.4byte	0xb5
 287 0126 08       		.byte	0x8
 288 0127 06       		.uleb128 0x6
 289 0128 1D060000 		.4byte	.LASF24
 290 012c 07       		.byte	0x7
 291 012d C8       		.byte	0xc8
 292 012e 73040000 		.4byte	0x473
 293 0132 0C       		.byte	0xc
 294 0133 06       		.uleb128 0x6
 295 0134 FF010000 		.4byte	.LASF25
 296 0138 07       		.byte	0x7
 297 0139 CA       		.byte	0xca
 298 013a FB010000 		.4byte	0x1fb
 299 013e 10       		.byte	0x10
 300 013f 06       		.uleb128 0x6
 301 0140 96030000 		.4byte	.LASF26
 302 0144 07       		.byte	0x7
 303 0145 CB       		.byte	0xcb
 304 0146 FB010000 		.4byte	0x1fb
 305 014a 14       		.byte	0x14
 306 014b 06       		.uleb128 0x6
 307 014c FD050000 		.4byte	.LASF27
 308 0150 07       		.byte	0x7
 309 0151 D2       		.byte	0xd2
 310 0152 D2050000 		.4byte	0x5d2
 311 0156 18       		.byte	0x18
 312 0157 06       		.uleb128 0x6
 313 0158 3D040000 		.4byte	.LASF28
 314 015c 07       		.byte	0x7
 315 015d DD       		.byte	0xdd
 316 015e 94000000 		.4byte	0x94
 317 0162 1C       		.byte	0x1c
 318 0163 06       		.uleb128 0x6
 319 0164 89040000 		.4byte	.LASF29
 320 0168 07       		.byte	0x7
 321 0169 E1       		.byte	0xe1
 322 016a 89000000 		.4byte	0x89
 323 016e 1D       		.byte	0x1d
 324 016f 06       		.uleb128 0x6
 325 0170 D7050000 		.4byte	.LASF30
 326 0174 07       		.byte	0x7
 327 0175 E6       		.byte	0xe6
 328 0176 9F000000 		.4byte	0x9f
 329 017a 1E       		.byte	0x1e
 330 017b 06       		.uleb128 0x6
 331 017c 45040000 		.4byte	.LASF31
 332 0180 07       		.byte	0x7
 333 0181 EC       		.byte	0xec
 334 0182 AA000000 		.4byte	0xaa
 335 0186 1F       		.byte	0x1f
 336 0187 07       		.uleb128 0x7
 337 0188 705F7500 		.ascii	"p_u\000"
 338 018c 07       		.byte	0x7
 339 018d 3101     		.2byte	0x131
 340 018f 0D050000 		.4byte	0x50d
 341 0193 20       		.byte	0x20
ARM GAS  /tmp/ccgDVsEz.s 			page 7


 342 0194 08       		.uleb128 0x8
 343 0195 54030000 		.4byte	.LASF32
 344 0199 07       		.byte	0x7
 345 019a 3601     		.2byte	0x136
 346 019c 01020000 		.4byte	0x201
 347 01a0 24       		.byte	0x24
 348 01a1 08       		.uleb128 0x8
 349 01a2 9A020000 		.4byte	.LASF33
 350 01a6 07       		.byte	0x7
 351 01a7 3C01     		.2byte	0x13c
 352 01a9 25020000 		.4byte	0x225
 353 01ad 28       		.byte	0x28
 354 01ae 08       		.uleb128 0x8
 355 01af 0F060000 		.4byte	.LASF34
 356 01b3 07       		.byte	0x7
 357 01b4 4001     		.2byte	0x140
 358 01b6 C0000000 		.4byte	0xc0
 359 01ba 30       		.byte	0x30
 360 01bb 08       		.uleb128 0x8
 361 01bc AF040000 		.4byte	.LASF35
 362 01c0 07       		.byte	0x7
 363 01c1 4601     		.2byte	0x146
 364 01c3 CB000000 		.4byte	0xcb
 365 01c7 34       		.byte	0x34
 366 01c8 08       		.uleb128 0x8
 367 01c9 29040000 		.4byte	.LASF36
 368 01cd 07       		.byte	0x7
 369 01ce 4D01     		.2byte	0x14d
 370 01d0 CC050000 		.4byte	0x5cc
 371 01d4 38       		.byte	0x38
 372 01d5 08       		.uleb128 0x8
 373 01d6 C1020000 		.4byte	.LASF37
 374 01da 07       		.byte	0x7
 375 01db 5101     		.2byte	0x151
 376 01dd B5000000 		.4byte	0xb5
 377 01e1 3C       		.byte	0x3c
 378 01e2 08       		.uleb128 0x8
 379 01e3 BF010000 		.4byte	.LASF38
 380 01e7 07       		.byte	0x7
 381 01e8 5801     		.2byte	0x158
 382 01ea D8020000 		.4byte	0x2d8
 383 01ee 40       		.byte	0x40
 384 01ef 00       		.byte	0
 385 01f0 04       		.uleb128 0x4
 386 01f1 67030000 		.4byte	.LASF39
 387 01f5 06       		.byte	0x6
 388 01f6 44       		.byte	0x44
 389 01f7 FB010000 		.4byte	0x1fb
 390 01fb 09       		.uleb128 0x9
 391 01fc 04       		.byte	0x4
 392 01fd EC000000 		.4byte	0xec
 393 0201 04       		.uleb128 0x4
 394 0202 45030000 		.4byte	.LASF40
 395 0206 06       		.byte	0x6
 396 0207 49       		.byte	0x49
 397 0208 0C020000 		.4byte	0x20c
 398 020c 05       		.uleb128 0x5
ARM GAS  /tmp/ccgDVsEz.s 			page 8


 399 020d DB040000 		.4byte	.LASF42
 400 0211 04       		.byte	0x4
 401 0212 07       		.byte	0x7
 402 0213 B0       		.byte	0xb0
 403 0214 25020000 		.4byte	0x225
 404 0218 06       		.uleb128 0x6
 405 0219 7A040000 		.4byte	.LASF21
 406 021d 07       		.byte	0x7
 407 021e B1       		.byte	0xb1
 408 021f FB010000 		.4byte	0x1fb
 409 0223 00       		.byte	0
 410 0224 00       		.byte	0
 411 0225 04       		.uleb128 0x4
 412 0226 BE050000 		.4byte	.LASF43
 413 022a 06       		.byte	0x6
 414 022b 50       		.byte	0x50
 415 022c 30020000 		.4byte	0x230
 416 0230 05       		.uleb128 0x5
 417 0231 8D010000 		.4byte	.LASF44
 418 0235 08       		.byte	0x8
 419 0236 07       		.byte	0x7
 420 0237 B7       		.byte	0xb7
 421 0238 55020000 		.4byte	0x255
 422 023c 06       		.uleb128 0x6
 423 023d 7A040000 		.4byte	.LASF21
 424 0241 07       		.byte	0x7
 425 0242 B8       		.byte	0xb8
 426 0243 FB010000 		.4byte	0x1fb
 427 0247 00       		.byte	0
 428 0248 06       		.uleb128 0x6
 429 0249 CE030000 		.4byte	.LASF22
 430 024d 07       		.byte	0x7
 431 024e B9       		.byte	0xb9
 432 024f FB010000 		.4byte	0x1fb
 433 0253 04       		.byte	0x4
 434 0254 00       		.byte	0
 435 0255 04       		.uleb128 0x4
 436 0256 00000000 		.4byte	.LASF45
 437 025a 06       		.byte	0x6
 438 025b 57       		.byte	0x57
 439 025c 60020000 		.4byte	0x260
 440 0260 0A       		.uleb128 0xa
 441 0261 E6020000 		.4byte	.LASF46
 442 0265 1C       		.byte	0x1c
 443 0266 07       		.byte	0x7
 444 0267 9001     		.2byte	0x190
 445 0269 BC020000 		.4byte	0x2bc
 446 026d 08       		.uleb128 0x8
 447 026e CA040000 		.4byte	.LASF47
 448 0272 07       		.byte	0x7
 449 0273 9101     		.2byte	0x191
 450 0275 25020000 		.4byte	0x225
 451 0279 00       		.byte	0
 452 027a 08       		.uleb128 0x8
 453 027b 6C040000 		.4byte	.LASF48
 454 027f 07       		.byte	0x7
 455 0280 9201     		.2byte	0x192
ARM GAS  /tmp/ccgDVsEz.s 			page 9


 456 0282 B5000000 		.4byte	0xb5
 457 0286 08       		.byte	0x8
 458 0287 08       		.uleb128 0x8
 459 0288 9E030000 		.4byte	.LASF49
 460 028c 07       		.byte	0x7
 461 028d 9401     		.2byte	0x194
 462 028f 73040000 		.4byte	0x473
 463 0293 0C       		.byte	0xc
 464 0294 08       		.uleb128 0x8
 465 0295 2F020000 		.4byte	.LASF50
 466 0299 07       		.byte	0x7
 467 029a 9701     		.2byte	0x197
 468 029c FB010000 		.4byte	0x1fb
 469 02a0 10       		.byte	0x10
 470 02a1 08       		.uleb128 0x8
 471 02a2 AE030000 		.4byte	.LASF51
 472 02a6 07       		.byte	0x7
 473 02a7 9801     		.2byte	0x198
 474 02a9 FB010000 		.4byte	0x1fb
 475 02ad 14       		.byte	0x14
 476 02ae 08       		.uleb128 0x8
 477 02af A4030000 		.4byte	.LASF52
 478 02b3 07       		.byte	0x7
 479 02b4 9B01     		.2byte	0x19b
 480 02b6 FB010000 		.4byte	0x1fb
 481 02ba 18       		.byte	0x18
 482 02bb 00       		.byte	0
 483 02bc 04       		.uleb128 0x4
 484 02bd 5A050000 		.4byte	.LASF53
 485 02c1 06       		.byte	0x6
 486 02c2 5C       		.byte	0x5c
 487 02c3 C7020000 		.4byte	0x2c7
 488 02c7 09       		.uleb128 0x9
 489 02c8 04       		.byte	0x4
 490 02c9 CD020000 		.4byte	0x2cd
 491 02cd 0B       		.uleb128 0xb
 492 02ce D8020000 		.4byte	0x2d8
 493 02d2 0C       		.uleb128 0xc
 494 02d3 D8020000 		.4byte	0x2d8
 495 02d7 00       		.byte	0
 496 02d8 0D       		.uleb128 0xd
 497 02d9 04       		.byte	0x4
 498 02da 04       		.uleb128 0x4
 499 02db BE030000 		.4byte	.LASF54
 500 02df 06       		.byte	0x6
 501 02e0 61       		.byte	0x61
 502 02e1 E5020000 		.4byte	0x2e5
 503 02e5 0A       		.uleb128 0xa
 504 02e6 91040000 		.4byte	.LASF55
 505 02ea 14       		.byte	0x14
 506 02eb 07       		.byte	0x7
 507 02ec 6B01     		.2byte	0x16b
 508 02ee 34030000 		.4byte	0x334
 509 02f2 08       		.uleb128 0x8
 510 02f3 8B020000 		.4byte	.LASF56
 511 02f7 07       		.byte	0x7
 512 02f8 6C01     		.2byte	0x16c
ARM GAS  /tmp/ccgDVsEz.s 			page 10


 513 02fa E4050000 		.4byte	0x5e4
 514 02fe 00       		.byte	0
 515 02ff 08       		.uleb128 0x8
 516 0300 40020000 		.4byte	.LASF57
 517 0304 07       		.byte	0x7
 518 0305 6D01     		.2byte	0x16d
 519 0307 E4050000 		.4byte	0x5e4
 520 030b 04       		.byte	0x4
 521 030c 08       		.uleb128 0x8
 522 030d D2040000 		.4byte	.LASF58
 523 0311 07       		.byte	0x7
 524 0312 6E01     		.2byte	0x16e
 525 0314 E1000000 		.4byte	0xe1
 526 0318 08       		.byte	0x8
 527 0319 08       		.uleb128 0x8
 528 031a 23060000 		.4byte	.LASF59
 529 031e 07       		.byte	0x7
 530 031f 6F01     		.2byte	0x16f
 531 0321 BC020000 		.4byte	0x2bc
 532 0325 0C       		.byte	0xc
 533 0326 08       		.uleb128 0x8
 534 0327 B7050000 		.4byte	.LASF60
 535 032b 07       		.byte	0x7
 536 032c 7101     		.2byte	0x171
 537 032e D8020000 		.4byte	0x2d8
 538 0332 10       		.byte	0x10
 539 0333 00       		.byte	0
 540 0334 04       		.uleb128 0x4
 541 0335 56010000 		.4byte	.LASF61
 542 0339 06       		.byte	0x6
 543 033a 66       		.byte	0x66
 544 033b 3F030000 		.4byte	0x33f
 545 033f 0A       		.uleb128 0xa
 546 0340 7F030000 		.4byte	.LASF62
 547 0344 10       		.byte	0x10
 548 0345 07       		.byte	0x7
 549 0346 7B01     		.2byte	0x17b
 550 0348 81030000 		.4byte	0x381
 551 034c 08       		.uleb128 0x8
 552 034d 8B020000 		.4byte	.LASF56
 553 0351 07       		.byte	0x7
 554 0352 7C01     		.2byte	0x17c
 555 0354 E4050000 		.4byte	0x5e4
 556 0358 00       		.byte	0
 557 0359 08       		.uleb128 0x8
 558 035a 40020000 		.4byte	.LASF57
 559 035e 07       		.byte	0x7
 560 035f 7E01     		.2byte	0x17e
 561 0361 E4050000 		.4byte	0x5e4
 562 0365 04       		.byte	0x4
 563 0366 08       		.uleb128 0x8
 564 0367 D2040000 		.4byte	.LASF58
 565 036b 07       		.byte	0x7
 566 036c 8001     		.2byte	0x180
 567 036e E1000000 		.4byte	0xe1
 568 0372 08       		.byte	0x8
 569 0373 08       		.uleb128 0x8
ARM GAS  /tmp/ccgDVsEz.s 			page 11


 570 0374 04060000 		.4byte	.LASF63
 571 0378 07       		.byte	0x7
 572 0379 8201     		.2byte	0x182
 573 037b EA050000 		.4byte	0x5ea
 574 037f 0C       		.byte	0xc
 575 0380 00       		.byte	0
 576 0381 04       		.uleb128 0x4
 577 0382 2F000000 		.4byte	.LASF64
 578 0386 06       		.byte	0x6
 579 0387 6B       		.byte	0x6b
 580 0388 8C030000 		.4byte	0x38c
 581 038c 0A       		.uleb128 0xa
 582 038d F0030000 		.4byte	.LASF65
 583 0391 04       		.byte	0x4
 584 0392 07       		.byte	0x7
 585 0393 A201     		.2byte	0x1a2
 586 0395 A7030000 		.4byte	0x3a7
 587 0399 08       		.uleb128 0x8
 588 039a 71050000 		.4byte	.LASF66
 589 039e 07       		.byte	0x7
 590 039f AA01     		.2byte	0x1aa
 591 03a1 EF050000 		.4byte	0x5ef
 592 03a5 00       		.byte	0
 593 03a6 00       		.byte	0
 594 03a7 04       		.uleb128 0x4
 595 03a8 93050000 		.4byte	.LASF67
 596 03ac 06       		.byte	0x6
 597 03ad 70       		.byte	0x70
 598 03ae B2030000 		.4byte	0x3b2
 599 03b2 0E       		.uleb128 0xe
 600 03b3 EC010000 		.4byte	.LASF68
 601 03b7 5001     		.2byte	0x150
 602 03b9 07       		.byte	0x7
 603 03ba C201     		.2byte	0x1c2
 604 03bc 02040000 		.4byte	0x402
 605 03c0 08       		.uleb128 0x8
 606 03c1 DE050000 		.4byte	.LASF69
 607 03c5 07       		.byte	0x7
 608 03c6 C601     		.2byte	0x1c6
 609 03c8 55020000 		.4byte	0x255
 610 03cc 00       		.byte	0
 611 03cd 08       		.uleb128 0x8
 612 03ce CF010000 		.4byte	.LASF70
 613 03d2 07       		.byte	0x7
 614 03d3 CA01     		.2byte	0x1ca
 615 03d5 34030000 		.4byte	0x334
 616 03d9 1C       		.byte	0x1c
 617 03da 07       		.uleb128 0x7
 618 03db 64626700 		.ascii	"dbg\000"
 619 03df 07       		.byte	0x7
 620 03e0 CE01     		.2byte	0x1ce
 621 03e2 81030000 		.4byte	0x381
 622 03e6 2C       		.byte	0x2c
 623 03e7 08       		.uleb128 0x8
 624 03e8 4B010000 		.4byte	.LASF71
 625 03ec 07       		.byte	0x7
 626 03ed D201     		.2byte	0x1d2
ARM GAS  /tmp/ccgDVsEz.s 			page 12


 627 03ef EC000000 		.4byte	0xec
 628 03f3 30       		.byte	0x30
 629 03f4 08       		.uleb128 0x8
 630 03f5 69020000 		.4byte	.LASF72
 631 03f9 07       		.byte	0x7
 632 03fa E301     		.2byte	0x1e3
 633 03fc F4050000 		.4byte	0x5f4
 634 0400 78       		.byte	0x78
 635 0401 00       		.byte	0
 636 0402 03       		.uleb128 0x3
 637 0403 04       		.byte	0x4
 638 0404 07       		.byte	0x7
 639 0405 5E030000 		.4byte	.LASF73
 640 0409 0F       		.uleb128 0xf
 641 040a 6C000000 		.4byte	0x6c
 642 040e 10       		.uleb128 0x10
 643 040f 09040000 		.4byte	0x409
 644 0413 11       		.uleb128 0x11
 645 0414 10       		.byte	0x10
 646 0415 08       		.byte	0x8
 647 0416 BF02     		.2byte	0x2bf
 648 0418 51040000 		.4byte	0x451
 649 041c 08       		.uleb128 0x8
 650 041d B2050000 		.4byte	.LASF74
 651 0421 08       		.byte	0x8
 652 0422 C102     		.2byte	0x2c1
 653 0424 09040000 		.4byte	0x409
 654 0428 00       		.byte	0
 655 0429 08       		.uleb128 0x8
 656 042a 7A030000 		.4byte	.LASF75
 657 042e 08       		.byte	0x8
 658 042f C202     		.2byte	0x2c2
 659 0431 09040000 		.4byte	0x409
 660 0435 04       		.byte	0x4
 661 0436 07       		.uleb128 0x7
 662 0437 56414C00 		.ascii	"VAL\000"
 663 043b 08       		.byte	0x8
 664 043c C302     		.2byte	0x2c3
 665 043e 09040000 		.4byte	0x409
 666 0442 08       		.byte	0x8
 667 0443 08       		.uleb128 0x8
 668 0444 AB020000 		.4byte	.LASF76
 669 0448 08       		.byte	0x8
 670 0449 C402     		.2byte	0x2c4
 671 044b 0E040000 		.4byte	0x40e
 672 044f 0C       		.byte	0xc
 673 0450 00       		.byte	0
 674 0451 12       		.uleb128 0x12
 675 0452 22020000 		.4byte	.LASF77
 676 0456 08       		.byte	0x8
 677 0457 C502     		.2byte	0x2c5
 678 0459 13040000 		.4byte	0x413
 679 045d 04       		.uleb128 0x4
 680 045e 37020000 		.4byte	.LASF78
 681 0462 09       		.byte	0x9
 682 0463 65       		.byte	0x65
 683 0464 D8020000 		.4byte	0x2d8
ARM GAS  /tmp/ccgDVsEz.s 			page 13


 684 0468 04       		.uleb128 0x4
 685 0469 26030000 		.4byte	.LASF79
 686 046d 09       		.byte	0x9
 687 046e 6D       		.byte	0x6d
 688 046f 77000000 		.4byte	0x77
 689 0473 05       		.uleb128 0x5
 690 0474 7B050000 		.4byte	.LASF80
 691 0478 04       		.byte	0x4
 692 0479 09       		.byte	0x9
 693 047a 89       		.byte	0x89
 694 047b 8C040000 		.4byte	0x48c
 695 047f 13       		.uleb128 0x13
 696 0480 72313300 		.ascii	"r13\000"
 697 0484 09       		.byte	0x9
 698 0485 8A       		.byte	0x8a
 699 0486 07050000 		.4byte	0x507
 700 048a 00       		.byte	0
 701 048b 00       		.byte	0
 702 048c 05       		.uleb128 0x5
 703 048d 23000000 		.4byte	.LASF81
 704 0491 24       		.byte	0x24
 705 0492 0A       		.byte	0xa
 706 0493 FD       		.byte	0xfd
 707 0494 07050000 		.4byte	0x507
 708 0498 07       		.uleb128 0x7
 709 0499 723400   		.ascii	"r4\000"
 710 049c 0A       		.byte	0xa
 711 049d 1001     		.2byte	0x110
 712 049f 5D040000 		.4byte	0x45d
 713 04a3 00       		.byte	0
 714 04a4 07       		.uleb128 0x7
 715 04a5 723500   		.ascii	"r5\000"
 716 04a8 0A       		.byte	0xa
 717 04a9 1101     		.2byte	0x111
 718 04ab 5D040000 		.4byte	0x45d
 719 04af 04       		.byte	0x4
 720 04b0 07       		.uleb128 0x7
 721 04b1 723600   		.ascii	"r6\000"
 722 04b4 0A       		.byte	0xa
 723 04b5 1201     		.2byte	0x112
 724 04b7 5D040000 		.4byte	0x45d
 725 04bb 08       		.byte	0x8
 726 04bc 07       		.uleb128 0x7
 727 04bd 723700   		.ascii	"r7\000"
 728 04c0 0A       		.byte	0xa
 729 04c1 1301     		.2byte	0x113
 730 04c3 5D040000 		.4byte	0x45d
 731 04c7 0C       		.byte	0xc
 732 04c8 07       		.uleb128 0x7
 733 04c9 723800   		.ascii	"r8\000"
 734 04cc 0A       		.byte	0xa
 735 04cd 1401     		.2byte	0x114
 736 04cf 5D040000 		.4byte	0x45d
 737 04d3 10       		.byte	0x10
 738 04d4 07       		.uleb128 0x7
 739 04d5 723900   		.ascii	"r9\000"
 740 04d8 0A       		.byte	0xa
ARM GAS  /tmp/ccgDVsEz.s 			page 14


 741 04d9 1501     		.2byte	0x115
 742 04db 5D040000 		.4byte	0x45d
 743 04df 14       		.byte	0x14
 744 04e0 07       		.uleb128 0x7
 745 04e1 72313000 		.ascii	"r10\000"
 746 04e5 0A       		.byte	0xa
 747 04e6 1601     		.2byte	0x116
 748 04e8 5D040000 		.4byte	0x45d
 749 04ec 18       		.byte	0x18
 750 04ed 07       		.uleb128 0x7
 751 04ee 72313100 		.ascii	"r11\000"
 752 04f2 0A       		.byte	0xa
 753 04f3 1701     		.2byte	0x117
 754 04f5 5D040000 		.4byte	0x45d
 755 04f9 1C       		.byte	0x1c
 756 04fa 07       		.uleb128 0x7
 757 04fb 6C7200   		.ascii	"lr\000"
 758 04fe 0A       		.byte	0xa
 759 04ff 1801     		.2byte	0x118
 760 0501 5D040000 		.4byte	0x45d
 761 0505 20       		.byte	0x20
 762 0506 00       		.byte	0
 763 0507 09       		.uleb128 0x9
 764 0508 04       		.byte	0x4
 765 0509 8C040000 		.4byte	0x48c
 766 050d 14       		.uleb128 0x14
 767 050e 04       		.byte	0x4
 768 050f 07       		.byte	0x7
 769 0510 FA       		.byte	0xfa
 770 0511 6A050000 		.4byte	0x56a
 771 0515 15       		.uleb128 0x15
 772 0516 13000000 		.4byte	.LASF82
 773 051a 07       		.byte	0x7
 774 051b 0101     		.2byte	0x101
 775 051d C0000000 		.4byte	0xc0
 776 0521 15       		.uleb128 0x15
 777 0522 42010000 		.4byte	.LASF83
 778 0526 07       		.byte	0x7
 779 0527 0801     		.2byte	0x108
 780 0529 C0000000 		.4byte	0xc0
 781 052d 15       		.uleb128 0x15
 782 052e DF020000 		.4byte	.LASF84
 783 0532 07       		.byte	0x7
 784 0533 0F01     		.2byte	0x10f
 785 0535 D8020000 		.4byte	0x2d8
 786 0539 15       		.uleb128 0x15
 787 053a 0D000000 		.4byte	.LASF85
 788 053e 07       		.byte	0x7
 789 053f 1601     		.2byte	0x116
 790 0541 6A050000 		.4byte	0x56a
 791 0545 15       		.uleb128 0x15
 792 0546 93020000 		.4byte	.LASF86
 793 054a 07       		.byte	0x7
 794 054b 1E01     		.2byte	0x11e
 795 054d 95050000 		.4byte	0x595
 796 0551 15       		.uleb128 0x15
 797 0552 C3040000 		.4byte	.LASF87
ARM GAS  /tmp/ccgDVsEz.s 			page 15


 798 0556 07       		.byte	0x7
 799 0557 2701     		.2byte	0x127
 800 0559 CC050000 		.4byte	0x5cc
 801 055d 15       		.uleb128 0x15
 802 055e 73040000 		.4byte	.LASF88
 803 0562 07       		.byte	0x7
 804 0563 2F01     		.2byte	0x12f
 805 0565 CB000000 		.4byte	0xcb
 806 0569 00       		.byte	0
 807 056a 09       		.uleb128 0x9
 808 056b 04       		.byte	0x4
 809 056c F0010000 		.4byte	0x1f0
 810 0570 05       		.uleb128 0x5
 811 0571 A2040000 		.4byte	.LASF89
 812 0575 0C       		.byte	0xc
 813 0576 0B       		.byte	0xb
 814 0577 34       		.byte	0x34
 815 0578 95050000 		.4byte	0x595
 816 057c 06       		.uleb128 0x6
 817 057d 07020000 		.4byte	.LASF90
 818 0581 0B       		.byte	0xb
 819 0582 35       		.byte	0x35
 820 0583 25020000 		.4byte	0x225
 821 0587 00       		.byte	0
 822 0588 06       		.uleb128 0x6
 823 0589 A5020000 		.4byte	.LASF91
 824 058d 0B       		.byte	0xb
 825 058e 37       		.byte	0x37
 826 058f D6000000 		.4byte	0xd6
 827 0593 08       		.byte	0x8
 828 0594 00       		.byte	0
 829 0595 09       		.uleb128 0x9
 830 0596 04       		.byte	0x4
 831 0597 70050000 		.4byte	0x570
 832 059b 05       		.uleb128 0x5
 833 059c CE050000 		.4byte	.LASF92
 834 05a0 10       		.byte	0x10
 835 05a1 0C       		.byte	0xc
 836 05a2 39       		.byte	0x39
 837 05a3 CC050000 		.4byte	0x5cc
 838 05a7 06       		.uleb128 0x6
 839 05a8 C7010000 		.4byte	.LASF93
 840 05ac 0C       		.byte	0xc
 841 05ad 3A       		.byte	0x3a
 842 05ae 25020000 		.4byte	0x225
 843 05b2 00       		.byte	0
 844 05b3 06       		.uleb128 0x6
 845 05b4 15060000 		.4byte	.LASF94
 846 05b8 0C       		.byte	0xc
 847 05b9 3C       		.byte	0x3c
 848 05ba FB010000 		.4byte	0x1fb
 849 05be 08       		.byte	0x8
 850 05bf 06       		.uleb128 0x6
 851 05c0 36050000 		.4byte	.LASF95
 852 05c4 0C       		.byte	0xc
 853 05c5 3E       		.byte	0x3e
 854 05c6 0F060000 		.4byte	0x60f
ARM GAS  /tmp/ccgDVsEz.s 			page 16


 855 05ca 0C       		.byte	0xc
 856 05cb 00       		.byte	0
 857 05cc 09       		.uleb128 0x9
 858 05cd 04       		.byte	0x4
 859 05ce 9B050000 		.4byte	0x59b
 860 05d2 09       		.uleb128 0x9
 861 05d3 04       		.byte	0x4
 862 05d4 D8050000 		.4byte	0x5d8
 863 05d8 10       		.uleb128 0x10
 864 05d9 DD050000 		.4byte	0x5dd
 865 05dd 03       		.uleb128 0x3
 866 05de 01       		.byte	0x1
 867 05df 08       		.byte	0x8
 868 05e0 EB040000 		.4byte	.LASF96
 869 05e4 09       		.uleb128 0x9
 870 05e5 04       		.byte	0x4
 871 05e6 DA020000 		.4byte	0x2da
 872 05ea 0F       		.uleb128 0xf
 873 05eb E1000000 		.4byte	0xe1
 874 05ef 0F       		.uleb128 0xf
 875 05f0 D2050000 		.4byte	0x5d2
 876 05f4 16       		.uleb128 0x16
 877 05f5 68040000 		.4byte	0x468
 878 05f9 04060000 		.4byte	0x604
 879 05fd 17       		.uleb128 0x17
 880 05fe 02040000 		.4byte	0x402
 881 0602 1A       		.byte	0x1a
 882 0603 00       		.byte	0
 883 0604 04       		.uleb128 0x4
 884 0605 5B020000 		.4byte	.LASF97
 885 0609 0C       		.byte	0xc
 886 060a 34       		.byte	0x34
 887 060b 9B050000 		.4byte	0x59b
 888 060f 09       		.uleb128 0x9
 889 0610 04       		.byte	0x4
 890 0611 04060000 		.4byte	0x604
 891 0615 03       		.uleb128 0x3
 892 0616 01       		.byte	0x1
 893 0617 02       		.byte	0x2
 894 0618 00040000 		.4byte	.LASF98
 895 061c 18       		.uleb128 0x18
 896 061d 63050000 		.4byte	.LASF116
 897 0621 02       		.byte	0x2
 898 0622 2202     		.2byte	0x222
 899 0624 03       		.byte	0x3
 900 0625 36060000 		.4byte	0x636
 901 0629 19       		.uleb128 0x19
 902 062a 63020000 		.4byte	.LASF117
 903 062e 02       		.byte	0x2
 904 062f 2202     		.2byte	0x222
 905 0631 6C000000 		.4byte	0x6c
 906 0635 00       		.byte	0
 907 0636 1A       		.uleb128 0x1a
 908 0637 21010000 		.4byte	.LASF99
 909 063b 0A       		.byte	0xa
 910 063c C801     		.2byte	0x1c8
 911 063e 03       		.byte	0x3
ARM GAS  /tmp/ccgDVsEz.s 			page 17


 912 063f 1A       		.uleb128 0x1a
 913 0640 D6010000 		.4byte	.LASF100
 914 0644 0A       		.byte	0xa
 915 0645 E001     		.2byte	0x1e0
 916 0647 03       		.byte	0x3
 917 0648 1A       		.uleb128 0x1a
 918 0649 9F050000 		.4byte	.LASF101
 919 064d 0A       		.byte	0xa
 920 064e EF01     		.2byte	0x1ef
 921 0650 03       		.byte	0x3
 922 0651 1A       		.uleb128 0x1a
 923 0652 18050000 		.4byte	.LASF102
 924 0656 0A       		.byte	0xa
 925 0657 FA01     		.2byte	0x1fa
 926 0659 03       		.byte	0x3
 927 065a 1A       		.uleb128 0x1a
 928 065b EC050000 		.4byte	.LASF103
 929 065f 0D       		.byte	0xd
 930 0660 8201     		.2byte	0x182
 931 0662 03       		.byte	0x3
 932 0663 1A       		.uleb128 0x1a
 933 0664 DD030000 		.4byte	.LASF104
 934 0668 0D       		.byte	0xd
 935 0669 9601     		.2byte	0x196
 936 066b 03       		.byte	0x3
 937 066c 1A       		.uleb128 0x1a
 938 066d 48020000 		.4byte	.LASF105
 939 0671 03       		.byte	0x3
 940 0672 0102     		.2byte	0x201
 941 0674 03       		.byte	0x3
 942 0675 1A       		.uleb128 0x1a
 943 0676 31030000 		.4byte	.LASF106
 944 067a 03       		.byte	0x3
 945 067b 4702     		.2byte	0x247
 946 067d 03       		.byte	0x3
 947 067e 1A       		.uleb128 0x1a
 948 067f 6C010000 		.4byte	.LASF107
 949 0683 03       		.byte	0x3
 950 0684 0C02     		.2byte	0x20c
 951 0686 03       		.byte	0x3
 952 0687 1B       		.uleb128 0x1b
 953 0688 83050000 		.4byte	.LASF108
 954 068c 01       		.byte	0x1
 955 068d 3C       		.byte	0x3c
 956 068e 00000000 		.4byte	.LFB267
 957 0692 1A000000 		.4byte	.LFE267-.LFB267
 958 0696 01       		.uleb128 0x1
 959 0697 9C       		.byte	0x9c
 960 0698 7F070000 		.4byte	0x77f
 961 069c 1C       		.uleb128 0x1c
 962 069d 6C060000 		.4byte	0x66c
 963 06a1 02000000 		.4byte	.LBB52
 964 06a5 06000000 		.4byte	.LBE52-.LBB52
 965 06a9 01       		.byte	0x1
 966 06aa 40       		.byte	0x40
 967 06ab FA060000 		.4byte	0x6fa
 968 06af 1D       		.uleb128 0x1d
ARM GAS  /tmp/ccgDVsEz.s 			page 18


 969 06b0 5A060000 		.4byte	0x65a
 970 06b4 02000000 		.4byte	.LBB53
 971 06b8 06000000 		.4byte	.LBE53-.LBB53
 972 06bc 03       		.byte	0x3
 973 06bd 0302     		.2byte	0x203
 974 06bf 1D       		.uleb128 0x1d
 975 06c0 48060000 		.4byte	0x648
 976 06c4 02000000 		.4byte	.LBB54
 977 06c8 06000000 		.4byte	.LBE54-.LBB54
 978 06cc 0D       		.byte	0xd
 979 06cd 8401     		.2byte	0x184
 980 06cf 1D       		.uleb128 0x1d
 981 06d0 36060000 		.4byte	0x636
 982 06d4 02000000 		.4byte	.LBB55
 983 06d8 06000000 		.4byte	.LBE55-.LBB55
 984 06dc 0A       		.byte	0xa
 985 06dd F101     		.2byte	0x1f1
 986 06df 1D       		.uleb128 0x1d
 987 06e0 1C060000 		.4byte	0x61c
 988 06e4 02000000 		.4byte	.LBB56
 989 06e8 06000000 		.4byte	.LBE56-.LBB56
 990 06ec 0A       		.byte	0xa
 991 06ed D001     		.2byte	0x1d0
 992 06ef 1E       		.uleb128 0x1e
 993 06f0 29060000 		.4byte	0x629
 994 06f4 20       		.byte	0x20
 995 06f5 00       		.byte	0
 996 06f6 00       		.byte	0
 997 06f7 00       		.byte	0
 998 06f8 00       		.byte	0
 999 06f9 00       		.byte	0
 1000 06fa 1C       		.uleb128 0x1c
 1001 06fb 75060000 		.4byte	0x675
 1002 06ff 08000000 		.4byte	.LBB58
 1003 0703 04000000 		.4byte	.LBE58-.LBB58
 1004 0707 01       		.byte	0x1
 1005 0708 41       		.byte	0x41
 1006 0709 17070000 		.4byte	0x717
 1007 070d 1F       		.uleb128 0x1f
 1008 070e 0C000000 		.4byte	.LVL1
 1009 0712 C5070000 		.4byte	0x7c5
 1010 0716 00       		.byte	0
 1011 0717 1C       		.uleb128 0x1c
 1012 0718 7E060000 		.4byte	0x67e
 1013 071c 0C000000 		.4byte	.LBB60
 1014 0720 06000000 		.4byte	.LBE60-.LBB60
 1015 0724 01       		.byte	0x1
 1016 0725 42       		.byte	0x42
 1017 0726 75070000 		.4byte	0x775
 1018 072a 1D       		.uleb128 0x1d
 1019 072b 63060000 		.4byte	0x663
 1020 072f 0C000000 		.4byte	.LBB61
 1021 0733 06000000 		.4byte	.LBE61-.LBB61
 1022 0737 03       		.byte	0x3
 1023 0738 0E02     		.2byte	0x20e
 1024 073a 1D       		.uleb128 0x1d
 1025 073b 51060000 		.4byte	0x651
ARM GAS  /tmp/ccgDVsEz.s 			page 19


 1026 073f 0C000000 		.4byte	.LBB62
 1027 0743 06000000 		.4byte	.LBE62-.LBB62
 1028 0747 0D       		.byte	0xd
 1029 0748 9A01     		.2byte	0x19a
 1030 074a 1D       		.uleb128 0x1d
 1031 074b 3F060000 		.4byte	0x63f
 1032 074f 0C000000 		.4byte	.LBB63
 1033 0753 06000000 		.4byte	.LBE63-.LBB63
 1034 0757 0A       		.byte	0xa
 1035 0758 FC01     		.2byte	0x1fc
 1036 075a 1D       		.uleb128 0x1d
 1037 075b 1C060000 		.4byte	0x61c
 1038 075f 0C000000 		.4byte	.LBB64
 1039 0763 06000000 		.4byte	.LBE64-.LBB64
 1040 0767 0A       		.byte	0xa
 1041 0768 E301     		.2byte	0x1e3
 1042 076a 1E       		.uleb128 0x1e
 1043 076b 29060000 		.4byte	0x629
 1044 076f 00       		.byte	0
 1045 0770 00       		.byte	0
 1046 0771 00       		.byte	0
 1047 0772 00       		.byte	0
 1048 0773 00       		.byte	0
 1049 0774 00       		.byte	0
 1050 0775 20       		.uleb128 0x20
 1051 0776 1A000000 		.4byte	.LVL2
 1052 077a CD070000 		.4byte	0x7cd
 1053 077e 00       		.byte	0
 1054 077f 1B       		.uleb128 0x1b
 1055 0780 81010000 		.4byte	.LASF109
 1056 0784 01       		.byte	0x1
 1057 0785 51       		.byte	0x51
 1058 0786 00000000 		.4byte	.LFB268
 1059 078a 1C000000 		.4byte	.LFE268-.LFB268
 1060 078e 01       		.uleb128 0x1
 1061 078f 9C       		.byte	0x9c
 1062 0790 A9070000 		.4byte	0x7a9
 1063 0794 21       		.uleb128 0x21
 1064 0795 18000000 		.4byte	.LVL3
 1065 0799 D5070000 		.4byte	0x7d5
 1066 079d 22       		.uleb128 0x22
 1067 079e 01       		.uleb128 0x1
 1068 079f 51       		.byte	0x51
 1069 07a0 01       		.uleb128 0x1
 1070 07a1 38       		.byte	0x38
 1071 07a2 22       		.uleb128 0x22
 1072 07a3 01       		.uleb128 0x1
 1073 07a4 50       		.byte	0x50
 1074 07a5 01       		.uleb128 0x1
 1075 07a6 3B       		.byte	0x3b
 1076 07a7 00       		.byte	0
 1077 07a8 00       		.byte	0
 1078 07a9 23       		.uleb128 0x23
 1079 07aa 1C040000 		.4byte	.LASF110
 1080 07ae 08       		.byte	0x8
 1081 07af FA06     		.2byte	0x6fa
 1082 07b1 B5070000 		.4byte	0x7b5
ARM GAS  /tmp/ccgDVsEz.s 			page 20


 1083 07b5 0F       		.uleb128 0xf
 1084 07b6 41000000 		.4byte	0x41
 1085 07ba 24       		.uleb128 0x24
 1086 07bb 636800   		.ascii	"ch\000"
 1087 07be 07       		.byte	0x7
 1088 07bf 0902     		.2byte	0x209
 1089 07c1 A7030000 		.4byte	0x3a7
 1090 07c5 25       		.uleb128 0x25
 1091 07c6 47050000 		.4byte	.LASF111
 1092 07ca 0D       		.byte	0xd
 1093 07cb 1801     		.2byte	0x118
 1094 07cd 25       		.uleb128 0x25
 1095 07ce CC020000 		.4byte	.LASF112
 1096 07d2 0A       		.byte	0xa
 1097 07d3 6F01     		.2byte	0x16f
 1098 07d5 26       		.uleb128 0x26
 1099 07d6 4F040000 		.4byte	.LASF118
 1100 07da 0E       		.byte	0xe
 1101 07db 50       		.byte	0x50
 1102 07dc 0C       		.uleb128 0xc
 1103 07dd 6C000000 		.4byte	0x6c
 1104 07e1 0C       		.uleb128 0xc
 1105 07e2 6C000000 		.4byte	0x6c
 1106 07e6 00       		.byte	0
 1107 07e7 00       		.byte	0
 1108              		.section	.debug_abbrev,"",%progbits
 1109              	.Ldebug_abbrev0:
 1110 0000 01       		.uleb128 0x1
 1111 0001 11       		.uleb128 0x11
 1112 0002 01       		.byte	0x1
 1113 0003 25       		.uleb128 0x25
 1114 0004 0E       		.uleb128 0xe
 1115 0005 13       		.uleb128 0x13
 1116 0006 0B       		.uleb128 0xb
 1117 0007 03       		.uleb128 0x3
 1118 0008 0E       		.uleb128 0xe
 1119 0009 1B       		.uleb128 0x1b
 1120 000a 0E       		.uleb128 0xe
 1121 000b 55       		.uleb128 0x55
 1122 000c 17       		.uleb128 0x17
 1123 000d 11       		.uleb128 0x11
 1124 000e 01       		.uleb128 0x1
 1125 000f 10       		.uleb128 0x10
 1126 0010 17       		.uleb128 0x17
 1127 0011 00       		.byte	0
 1128 0012 00       		.byte	0
 1129 0013 02       		.uleb128 0x2
 1130 0014 24       		.uleb128 0x24
 1131 0015 00       		.byte	0
 1132 0016 0B       		.uleb128 0xb
 1133 0017 0B       		.uleb128 0xb
 1134 0018 3E       		.uleb128 0x3e
 1135 0019 0B       		.uleb128 0xb
 1136 001a 03       		.uleb128 0x3
 1137 001b 08       		.uleb128 0x8
 1138 001c 00       		.byte	0
 1139 001d 00       		.byte	0
ARM GAS  /tmp/ccgDVsEz.s 			page 21


 1140 001e 03       		.uleb128 0x3
 1141 001f 24       		.uleb128 0x24
 1142 0020 00       		.byte	0
 1143 0021 0B       		.uleb128 0xb
 1144 0022 0B       		.uleb128 0xb
 1145 0023 3E       		.uleb128 0x3e
 1146 0024 0B       		.uleb128 0xb
 1147 0025 03       		.uleb128 0x3
 1148 0026 0E       		.uleb128 0xe
 1149 0027 00       		.byte	0
 1150 0028 00       		.byte	0
 1151 0029 04       		.uleb128 0x4
 1152 002a 16       		.uleb128 0x16
 1153 002b 00       		.byte	0
 1154 002c 03       		.uleb128 0x3
 1155 002d 0E       		.uleb128 0xe
 1156 002e 3A       		.uleb128 0x3a
 1157 002f 0B       		.uleb128 0xb
 1158 0030 3B       		.uleb128 0x3b
 1159 0031 0B       		.uleb128 0xb
 1160 0032 49       		.uleb128 0x49
 1161 0033 13       		.uleb128 0x13
 1162 0034 00       		.byte	0
 1163 0035 00       		.byte	0
 1164 0036 05       		.uleb128 0x5
 1165 0037 13       		.uleb128 0x13
 1166 0038 01       		.byte	0x1
 1167 0039 03       		.uleb128 0x3
 1168 003a 0E       		.uleb128 0xe
 1169 003b 0B       		.uleb128 0xb
 1170 003c 0B       		.uleb128 0xb
 1171 003d 3A       		.uleb128 0x3a
 1172 003e 0B       		.uleb128 0xb
 1173 003f 3B       		.uleb128 0x3b
 1174 0040 0B       		.uleb128 0xb
 1175 0041 01       		.uleb128 0x1
 1176 0042 13       		.uleb128 0x13
 1177 0043 00       		.byte	0
 1178 0044 00       		.byte	0
 1179 0045 06       		.uleb128 0x6
 1180 0046 0D       		.uleb128 0xd
 1181 0047 00       		.byte	0
 1182 0048 03       		.uleb128 0x3
 1183 0049 0E       		.uleb128 0xe
 1184 004a 3A       		.uleb128 0x3a
 1185 004b 0B       		.uleb128 0xb
 1186 004c 3B       		.uleb128 0x3b
 1187 004d 0B       		.uleb128 0xb
 1188 004e 49       		.uleb128 0x49
 1189 004f 13       		.uleb128 0x13
 1190 0050 38       		.uleb128 0x38
 1191 0051 0B       		.uleb128 0xb
 1192 0052 00       		.byte	0
 1193 0053 00       		.byte	0
 1194 0054 07       		.uleb128 0x7
 1195 0055 0D       		.uleb128 0xd
 1196 0056 00       		.byte	0
ARM GAS  /tmp/ccgDVsEz.s 			page 22


 1197 0057 03       		.uleb128 0x3
 1198 0058 08       		.uleb128 0x8
 1199 0059 3A       		.uleb128 0x3a
 1200 005a 0B       		.uleb128 0xb
 1201 005b 3B       		.uleb128 0x3b
 1202 005c 05       		.uleb128 0x5
 1203 005d 49       		.uleb128 0x49
 1204 005e 13       		.uleb128 0x13
 1205 005f 38       		.uleb128 0x38
 1206 0060 0B       		.uleb128 0xb
 1207 0061 00       		.byte	0
 1208 0062 00       		.byte	0
 1209 0063 08       		.uleb128 0x8
 1210 0064 0D       		.uleb128 0xd
 1211 0065 00       		.byte	0
 1212 0066 03       		.uleb128 0x3
 1213 0067 0E       		.uleb128 0xe
 1214 0068 3A       		.uleb128 0x3a
 1215 0069 0B       		.uleb128 0xb
 1216 006a 3B       		.uleb128 0x3b
 1217 006b 05       		.uleb128 0x5
 1218 006c 49       		.uleb128 0x49
 1219 006d 13       		.uleb128 0x13
 1220 006e 38       		.uleb128 0x38
 1221 006f 0B       		.uleb128 0xb
 1222 0070 00       		.byte	0
 1223 0071 00       		.byte	0
 1224 0072 09       		.uleb128 0x9
 1225 0073 0F       		.uleb128 0xf
 1226 0074 00       		.byte	0
 1227 0075 0B       		.uleb128 0xb
 1228 0076 0B       		.uleb128 0xb
 1229 0077 49       		.uleb128 0x49
 1230 0078 13       		.uleb128 0x13
 1231 0079 00       		.byte	0
 1232 007a 00       		.byte	0
 1233 007b 0A       		.uleb128 0xa
 1234 007c 13       		.uleb128 0x13
 1235 007d 01       		.byte	0x1
 1236 007e 03       		.uleb128 0x3
 1237 007f 0E       		.uleb128 0xe
 1238 0080 0B       		.uleb128 0xb
 1239 0081 0B       		.uleb128 0xb
 1240 0082 3A       		.uleb128 0x3a
 1241 0083 0B       		.uleb128 0xb
 1242 0084 3B       		.uleb128 0x3b
 1243 0085 05       		.uleb128 0x5
 1244 0086 01       		.uleb128 0x1
 1245 0087 13       		.uleb128 0x13
 1246 0088 00       		.byte	0
 1247 0089 00       		.byte	0
 1248 008a 0B       		.uleb128 0xb
 1249 008b 15       		.uleb128 0x15
 1250 008c 01       		.byte	0x1
 1251 008d 27       		.uleb128 0x27
 1252 008e 19       		.uleb128 0x19
 1253 008f 01       		.uleb128 0x1
ARM GAS  /tmp/ccgDVsEz.s 			page 23


 1254 0090 13       		.uleb128 0x13
 1255 0091 00       		.byte	0
 1256 0092 00       		.byte	0
 1257 0093 0C       		.uleb128 0xc
 1258 0094 05       		.uleb128 0x5
 1259 0095 00       		.byte	0
 1260 0096 49       		.uleb128 0x49
 1261 0097 13       		.uleb128 0x13
 1262 0098 00       		.byte	0
 1263 0099 00       		.byte	0
 1264 009a 0D       		.uleb128 0xd
 1265 009b 0F       		.uleb128 0xf
 1266 009c 00       		.byte	0
 1267 009d 0B       		.uleb128 0xb
 1268 009e 0B       		.uleb128 0xb
 1269 009f 00       		.byte	0
 1270 00a0 00       		.byte	0
 1271 00a1 0E       		.uleb128 0xe
 1272 00a2 13       		.uleb128 0x13
 1273 00a3 01       		.byte	0x1
 1274 00a4 03       		.uleb128 0x3
 1275 00a5 0E       		.uleb128 0xe
 1276 00a6 0B       		.uleb128 0xb
 1277 00a7 05       		.uleb128 0x5
 1278 00a8 3A       		.uleb128 0x3a
 1279 00a9 0B       		.uleb128 0xb
 1280 00aa 3B       		.uleb128 0x3b
 1281 00ab 05       		.uleb128 0x5
 1282 00ac 01       		.uleb128 0x1
 1283 00ad 13       		.uleb128 0x13
 1284 00ae 00       		.byte	0
 1285 00af 00       		.byte	0
 1286 00b0 0F       		.uleb128 0xf
 1287 00b1 35       		.uleb128 0x35
 1288 00b2 00       		.byte	0
 1289 00b3 49       		.uleb128 0x49
 1290 00b4 13       		.uleb128 0x13
 1291 00b5 00       		.byte	0
 1292 00b6 00       		.byte	0
 1293 00b7 10       		.uleb128 0x10
 1294 00b8 26       		.uleb128 0x26
 1295 00b9 00       		.byte	0
 1296 00ba 49       		.uleb128 0x49
 1297 00bb 13       		.uleb128 0x13
 1298 00bc 00       		.byte	0
 1299 00bd 00       		.byte	0
 1300 00be 11       		.uleb128 0x11
 1301 00bf 13       		.uleb128 0x13
 1302 00c0 01       		.byte	0x1
 1303 00c1 0B       		.uleb128 0xb
 1304 00c2 0B       		.uleb128 0xb
 1305 00c3 3A       		.uleb128 0x3a
 1306 00c4 0B       		.uleb128 0xb
 1307 00c5 3B       		.uleb128 0x3b
 1308 00c6 05       		.uleb128 0x5
 1309 00c7 01       		.uleb128 0x1
 1310 00c8 13       		.uleb128 0x13
ARM GAS  /tmp/ccgDVsEz.s 			page 24


 1311 00c9 00       		.byte	0
 1312 00ca 00       		.byte	0
 1313 00cb 12       		.uleb128 0x12
 1314 00cc 16       		.uleb128 0x16
 1315 00cd 00       		.byte	0
 1316 00ce 03       		.uleb128 0x3
 1317 00cf 0E       		.uleb128 0xe
 1318 00d0 3A       		.uleb128 0x3a
 1319 00d1 0B       		.uleb128 0xb
 1320 00d2 3B       		.uleb128 0x3b
 1321 00d3 05       		.uleb128 0x5
 1322 00d4 49       		.uleb128 0x49
 1323 00d5 13       		.uleb128 0x13
 1324 00d6 00       		.byte	0
 1325 00d7 00       		.byte	0
 1326 00d8 13       		.uleb128 0x13
 1327 00d9 0D       		.uleb128 0xd
 1328 00da 00       		.byte	0
 1329 00db 03       		.uleb128 0x3
 1330 00dc 08       		.uleb128 0x8
 1331 00dd 3A       		.uleb128 0x3a
 1332 00de 0B       		.uleb128 0xb
 1333 00df 3B       		.uleb128 0x3b
 1334 00e0 0B       		.uleb128 0xb
 1335 00e1 49       		.uleb128 0x49
 1336 00e2 13       		.uleb128 0x13
 1337 00e3 38       		.uleb128 0x38
 1338 00e4 0B       		.uleb128 0xb
 1339 00e5 00       		.byte	0
 1340 00e6 00       		.byte	0
 1341 00e7 14       		.uleb128 0x14
 1342 00e8 17       		.uleb128 0x17
 1343 00e9 01       		.byte	0x1
 1344 00ea 0B       		.uleb128 0xb
 1345 00eb 0B       		.uleb128 0xb
 1346 00ec 3A       		.uleb128 0x3a
 1347 00ed 0B       		.uleb128 0xb
 1348 00ee 3B       		.uleb128 0x3b
 1349 00ef 0B       		.uleb128 0xb
 1350 00f0 01       		.uleb128 0x1
 1351 00f1 13       		.uleb128 0x13
 1352 00f2 00       		.byte	0
 1353 00f3 00       		.byte	0
 1354 00f4 15       		.uleb128 0x15
 1355 00f5 0D       		.uleb128 0xd
 1356 00f6 00       		.byte	0
 1357 00f7 03       		.uleb128 0x3
 1358 00f8 0E       		.uleb128 0xe
 1359 00f9 3A       		.uleb128 0x3a
 1360 00fa 0B       		.uleb128 0xb
 1361 00fb 3B       		.uleb128 0x3b
 1362 00fc 05       		.uleb128 0x5
 1363 00fd 49       		.uleb128 0x49
 1364 00fe 13       		.uleb128 0x13
 1365 00ff 00       		.byte	0
 1366 0100 00       		.byte	0
 1367 0101 16       		.uleb128 0x16
ARM GAS  /tmp/ccgDVsEz.s 			page 25


 1368 0102 01       		.uleb128 0x1
 1369 0103 01       		.byte	0x1
 1370 0104 49       		.uleb128 0x49
 1371 0105 13       		.uleb128 0x13
 1372 0106 01       		.uleb128 0x1
 1373 0107 13       		.uleb128 0x13
 1374 0108 00       		.byte	0
 1375 0109 00       		.byte	0
 1376 010a 17       		.uleb128 0x17
 1377 010b 21       		.uleb128 0x21
 1378 010c 00       		.byte	0
 1379 010d 49       		.uleb128 0x49
 1380 010e 13       		.uleb128 0x13
 1381 010f 2F       		.uleb128 0x2f
 1382 0110 0B       		.uleb128 0xb
 1383 0111 00       		.byte	0
 1384 0112 00       		.byte	0
 1385 0113 18       		.uleb128 0x18
 1386 0114 2E       		.uleb128 0x2e
 1387 0115 01       		.byte	0x1
 1388 0116 03       		.uleb128 0x3
 1389 0117 0E       		.uleb128 0xe
 1390 0118 3A       		.uleb128 0x3a
 1391 0119 0B       		.uleb128 0xb
 1392 011a 3B       		.uleb128 0x3b
 1393 011b 05       		.uleb128 0x5
 1394 011c 27       		.uleb128 0x27
 1395 011d 19       		.uleb128 0x19
 1396 011e 20       		.uleb128 0x20
 1397 011f 0B       		.uleb128 0xb
 1398 0120 01       		.uleb128 0x1
 1399 0121 13       		.uleb128 0x13
 1400 0122 00       		.byte	0
 1401 0123 00       		.byte	0
 1402 0124 19       		.uleb128 0x19
 1403 0125 05       		.uleb128 0x5
 1404 0126 00       		.byte	0
 1405 0127 03       		.uleb128 0x3
 1406 0128 0E       		.uleb128 0xe
 1407 0129 3A       		.uleb128 0x3a
 1408 012a 0B       		.uleb128 0xb
 1409 012b 3B       		.uleb128 0x3b
 1410 012c 05       		.uleb128 0x5
 1411 012d 49       		.uleb128 0x49
 1412 012e 13       		.uleb128 0x13
 1413 012f 00       		.byte	0
 1414 0130 00       		.byte	0
 1415 0131 1A       		.uleb128 0x1a
 1416 0132 2E       		.uleb128 0x2e
 1417 0133 00       		.byte	0
 1418 0134 03       		.uleb128 0x3
 1419 0135 0E       		.uleb128 0xe
 1420 0136 3A       		.uleb128 0x3a
 1421 0137 0B       		.uleb128 0xb
 1422 0138 3B       		.uleb128 0x3b
 1423 0139 05       		.uleb128 0x5
 1424 013a 27       		.uleb128 0x27
ARM GAS  /tmp/ccgDVsEz.s 			page 26


 1425 013b 19       		.uleb128 0x19
 1426 013c 20       		.uleb128 0x20
 1427 013d 0B       		.uleb128 0xb
 1428 013e 00       		.byte	0
 1429 013f 00       		.byte	0
 1430 0140 1B       		.uleb128 0x1b
 1431 0141 2E       		.uleb128 0x2e
 1432 0142 01       		.byte	0x1
 1433 0143 3F       		.uleb128 0x3f
 1434 0144 19       		.uleb128 0x19
 1435 0145 03       		.uleb128 0x3
 1436 0146 0E       		.uleb128 0xe
 1437 0147 3A       		.uleb128 0x3a
 1438 0148 0B       		.uleb128 0xb
 1439 0149 3B       		.uleb128 0x3b
 1440 014a 0B       		.uleb128 0xb
 1441 014b 27       		.uleb128 0x27
 1442 014c 19       		.uleb128 0x19
 1443 014d 11       		.uleb128 0x11
 1444 014e 01       		.uleb128 0x1
 1445 014f 12       		.uleb128 0x12
 1446 0150 06       		.uleb128 0x6
 1447 0151 40       		.uleb128 0x40
 1448 0152 18       		.uleb128 0x18
 1449 0153 9742     		.uleb128 0x2117
 1450 0155 19       		.uleb128 0x19
 1451 0156 01       		.uleb128 0x1
 1452 0157 13       		.uleb128 0x13
 1453 0158 00       		.byte	0
 1454 0159 00       		.byte	0
 1455 015a 1C       		.uleb128 0x1c
 1456 015b 1D       		.uleb128 0x1d
 1457 015c 01       		.byte	0x1
 1458 015d 31       		.uleb128 0x31
 1459 015e 13       		.uleb128 0x13
 1460 015f 11       		.uleb128 0x11
 1461 0160 01       		.uleb128 0x1
 1462 0161 12       		.uleb128 0x12
 1463 0162 06       		.uleb128 0x6
 1464 0163 58       		.uleb128 0x58
 1465 0164 0B       		.uleb128 0xb
 1466 0165 59       		.uleb128 0x59
 1467 0166 0B       		.uleb128 0xb
 1468 0167 01       		.uleb128 0x1
 1469 0168 13       		.uleb128 0x13
 1470 0169 00       		.byte	0
 1471 016a 00       		.byte	0
 1472 016b 1D       		.uleb128 0x1d
 1473 016c 1D       		.uleb128 0x1d
 1474 016d 01       		.byte	0x1
 1475 016e 31       		.uleb128 0x31
 1476 016f 13       		.uleb128 0x13
 1477 0170 11       		.uleb128 0x11
 1478 0171 01       		.uleb128 0x1
 1479 0172 12       		.uleb128 0x12
 1480 0173 06       		.uleb128 0x6
 1481 0174 58       		.uleb128 0x58
ARM GAS  /tmp/ccgDVsEz.s 			page 27


 1482 0175 0B       		.uleb128 0xb
 1483 0176 59       		.uleb128 0x59
 1484 0177 05       		.uleb128 0x5
 1485 0178 00       		.byte	0
 1486 0179 00       		.byte	0
 1487 017a 1E       		.uleb128 0x1e
 1488 017b 05       		.uleb128 0x5
 1489 017c 00       		.byte	0
 1490 017d 31       		.uleb128 0x31
 1491 017e 13       		.uleb128 0x13
 1492 017f 1C       		.uleb128 0x1c
 1493 0180 0B       		.uleb128 0xb
 1494 0181 00       		.byte	0
 1495 0182 00       		.byte	0
 1496 0183 1F       		.uleb128 0x1f
 1497 0184 898201   		.uleb128 0x4109
 1498 0187 00       		.byte	0
 1499 0188 11       		.uleb128 0x11
 1500 0189 01       		.uleb128 0x1
 1501 018a 31       		.uleb128 0x31
 1502 018b 13       		.uleb128 0x13
 1503 018c 00       		.byte	0
 1504 018d 00       		.byte	0
 1505 018e 20       		.uleb128 0x20
 1506 018f 898201   		.uleb128 0x4109
 1507 0192 00       		.byte	0
 1508 0193 11       		.uleb128 0x11
 1509 0194 01       		.uleb128 0x1
 1510 0195 9542     		.uleb128 0x2115
 1511 0197 19       		.uleb128 0x19
 1512 0198 31       		.uleb128 0x31
 1513 0199 13       		.uleb128 0x13
 1514 019a 00       		.byte	0
 1515 019b 00       		.byte	0
 1516 019c 21       		.uleb128 0x21
 1517 019d 898201   		.uleb128 0x4109
 1518 01a0 01       		.byte	0x1
 1519 01a1 11       		.uleb128 0x11
 1520 01a2 01       		.uleb128 0x1
 1521 01a3 9542     		.uleb128 0x2115
 1522 01a5 19       		.uleb128 0x19
 1523 01a6 31       		.uleb128 0x31
 1524 01a7 13       		.uleb128 0x13
 1525 01a8 00       		.byte	0
 1526 01a9 00       		.byte	0
 1527 01aa 22       		.uleb128 0x22
 1528 01ab 8A8201   		.uleb128 0x410a
 1529 01ae 00       		.byte	0
 1530 01af 02       		.uleb128 0x2
 1531 01b0 18       		.uleb128 0x18
 1532 01b1 9142     		.uleb128 0x2111
 1533 01b3 18       		.uleb128 0x18
 1534 01b4 00       		.byte	0
 1535 01b5 00       		.byte	0
 1536 01b6 23       		.uleb128 0x23
 1537 01b7 34       		.uleb128 0x34
 1538 01b8 00       		.byte	0
ARM GAS  /tmp/ccgDVsEz.s 			page 28


 1539 01b9 03       		.uleb128 0x3
 1540 01ba 0E       		.uleb128 0xe
 1541 01bb 3A       		.uleb128 0x3a
 1542 01bc 0B       		.uleb128 0xb
 1543 01bd 3B       		.uleb128 0x3b
 1544 01be 05       		.uleb128 0x5
 1545 01bf 49       		.uleb128 0x49
 1546 01c0 13       		.uleb128 0x13
 1547 01c1 3F       		.uleb128 0x3f
 1548 01c2 19       		.uleb128 0x19
 1549 01c3 3C       		.uleb128 0x3c
 1550 01c4 19       		.uleb128 0x19
 1551 01c5 00       		.byte	0
 1552 01c6 00       		.byte	0
 1553 01c7 24       		.uleb128 0x24
 1554 01c8 34       		.uleb128 0x34
 1555 01c9 00       		.byte	0
 1556 01ca 03       		.uleb128 0x3
 1557 01cb 08       		.uleb128 0x8
 1558 01cc 3A       		.uleb128 0x3a
 1559 01cd 0B       		.uleb128 0xb
 1560 01ce 3B       		.uleb128 0x3b
 1561 01cf 05       		.uleb128 0x5
 1562 01d0 49       		.uleb128 0x49
 1563 01d1 13       		.uleb128 0x13
 1564 01d2 3F       		.uleb128 0x3f
 1565 01d3 19       		.uleb128 0x19
 1566 01d4 3C       		.uleb128 0x3c
 1567 01d5 19       		.uleb128 0x19
 1568 01d6 00       		.byte	0
 1569 01d7 00       		.byte	0
 1570 01d8 25       		.uleb128 0x25
 1571 01d9 2E       		.uleb128 0x2e
 1572 01da 00       		.byte	0
 1573 01db 3F       		.uleb128 0x3f
 1574 01dc 19       		.uleb128 0x19
 1575 01dd 03       		.uleb128 0x3
 1576 01de 0E       		.uleb128 0xe
 1577 01df 3A       		.uleb128 0x3a
 1578 01e0 0B       		.uleb128 0xb
 1579 01e1 3B       		.uleb128 0x3b
 1580 01e2 05       		.uleb128 0x5
 1581 01e3 27       		.uleb128 0x27
 1582 01e4 19       		.uleb128 0x19
 1583 01e5 3C       		.uleb128 0x3c
 1584 01e6 19       		.uleb128 0x19
 1585 01e7 00       		.byte	0
 1586 01e8 00       		.byte	0
 1587 01e9 26       		.uleb128 0x26
 1588 01ea 2E       		.uleb128 0x2e
 1589 01eb 01       		.byte	0x1
 1590 01ec 3F       		.uleb128 0x3f
 1591 01ed 19       		.uleb128 0x19
 1592 01ee 03       		.uleb128 0x3
 1593 01ef 0E       		.uleb128 0xe
 1594 01f0 3A       		.uleb128 0x3a
 1595 01f1 0B       		.uleb128 0xb
ARM GAS  /tmp/ccgDVsEz.s 			page 29


 1596 01f2 3B       		.uleb128 0x3b
 1597 01f3 0B       		.uleb128 0xb
 1598 01f4 27       		.uleb128 0x27
 1599 01f5 19       		.uleb128 0x19
 1600 01f6 3C       		.uleb128 0x3c
 1601 01f7 19       		.uleb128 0x19
 1602 01f8 00       		.byte	0
 1603 01f9 00       		.byte	0
 1604 01fa 00       		.byte	0
 1605              		.section	.debug_aranges,"",%progbits
 1606 0000 24000000 		.4byte	0x24
 1607 0004 0200     		.2byte	0x2
 1608 0006 00000000 		.4byte	.Ldebug_info0
 1609 000a 04       		.byte	0x4
 1610 000b 00       		.byte	0
 1611 000c 0000     		.2byte	0
 1612 000e 0000     		.2byte	0
 1613 0010 00000000 		.4byte	.LFB267
 1614 0014 1A000000 		.4byte	.LFE267-.LFB267
 1615 0018 00000000 		.4byte	.LFB268
 1616 001c 1C000000 		.4byte	.LFE268-.LFB268
 1617 0020 00000000 		.4byte	0
 1618 0024 00000000 		.4byte	0
 1619              		.section	.debug_ranges,"",%progbits
 1620              	.Ldebug_ranges0:
 1621 0000 00000000 		.4byte	.LFB267
 1622 0004 1A000000 		.4byte	.LFE267
 1623 0008 00000000 		.4byte	.LFB268
 1624 000c 1C000000 		.4byte	.LFE268
 1625 0010 00000000 		.4byte	0
 1626 0014 00000000 		.4byte	0
 1627              		.section	.debug_line,"",%progbits
 1628              	.Ldebug_line0:
 1629 0000 C5010000 		.section	.debug_str,"MS",%progbits,1
 1629      02008101 
 1629      00000201 
 1629      FB0E0D00 
 1629      01010101 
 1630              	.LASF45:
 1631 0000 72656164 		.ascii	"ready_list_t\000"
 1631      795F6C69 
 1631      73745F74 
 1631      00
 1632              	.LASF85:
 1633 000d 77747472 		.ascii	"wttrp\000"
 1633      7000
 1634              	.LASF82:
 1635 0013 7264796D 		.ascii	"rdymsg\000"
 1635      736700
 1636              	.LASF9:
 1637 001a 75696E74 		.ascii	"uint64_t\000"
 1637      36345F74 
 1637      00
 1638              	.LASF81:
 1639 0023 706F7274 		.ascii	"port_intctx\000"
 1639      5F696E74 
 1639      63747800 
ARM GAS  /tmp/ccgDVsEz.s 			page 30


 1640              	.LASF64:
 1641 002f 73797374 		.ascii	"system_debug_t\000"
 1641      656D5F64 
 1641      65627567 
 1641      5F7400
 1642              	.LASF113:
 1643 003e 474E5520 		.ascii	"GNU C 4.9.2 -mcpu=cortex-m4 -mfloat-abi=soft -mfp16"
 1643      4320342E 
 1643      392E3220 
 1643      2D6D6370 
 1643      753D636F 
 1644 0071 2D666F72 		.ascii	"-format=none -mno-thumb-interwork -mthumb -mfpu=vfp"
 1644      6D61743D 
 1644      6E6F6E65 
 1644      202D6D6E 
 1644      6F2D7468 
 1645 00a4 76332D64 		.ascii	"v3-d16 -mtls-dialect=gnu -ggdb -O2 -fomit-frame-poi"
 1645      3136202D 
 1645      6D746C73 
 1645      2D646961 
 1645      6C656374 
 1646 00d7 6E746572 		.ascii	"nter -falign-functions=16 -ffunction-sections -fdat"
 1646      202D6661 
 1646      6C69676E 
 1646      2D66756E 
 1646      6374696F 
 1647 010a 612D7365 		.ascii	"a-sections -fno-common\000"
 1647      6374696F 
 1647      6E73202D 
 1647      666E6F2D 
 1647      636F6D6D 
 1648              	.LASF99:
 1649 0121 706F7274 		.ascii	"port_lock\000"
 1649      5F6C6F63 
 1649      6B00
 1650              	.LASF10:
 1651 012b 6C6F6E67 		.ascii	"long long unsigned int\000"
 1651      206C6F6E 
 1651      6720756E 
 1651      7369676E 
 1651      65642069 
 1652              	.LASF83:
 1653 0142 65786974 		.ascii	"exitcode\000"
 1653      636F6465 
 1653      00
 1654              	.LASF71:
 1655 014b 6D61696E 		.ascii	"mainthread\000"
 1655      74687265 
 1655      616400
 1656              	.LASF61:
 1657 0156 76697274 		.ascii	"virtual_timers_list_t\000"
 1657      75616C5F 
 1657      74696D65 
 1657      72735F6C 
 1657      6973745F 
 1658              	.LASF107:
 1659 016c 6F73616C 		.ascii	"osalSysUnlockFromISR\000"
ARM GAS  /tmp/ccgDVsEz.s 			page 31


 1659      53797355 
 1659      6E6C6F63 
 1659      6B46726F 
 1659      6D495352 
 1660              	.LASF109:
 1661 0181 73745F6C 		.ascii	"st_lld_init\000"
 1661      6C645F69 
 1661      6E697400 
 1662              	.LASF44:
 1663 018d 63685F74 		.ascii	"ch_threads_queue\000"
 1663      68726561 
 1663      64735F71 
 1663      75657565 
 1663      00
 1664              	.LASF23:
 1665 019e 705F7072 		.ascii	"p_prio\000"
 1665      696F00
 1666              	.LASF3:
 1667 01a5 6C6F6E67 		.ascii	"long long int\000"
 1667      206C6F6E 
 1667      6720696E 
 1667      7400
 1668              	.LASF1:
 1669 01b3 7369676E 		.ascii	"signed char\000"
 1669      65642063 
 1669      68617200 
 1670              	.LASF38:
 1671 01bf 705F6D70 		.ascii	"p_mpool\000"
 1671      6F6F6C00 
 1672              	.LASF93:
 1673 01c7 6D5F7175 		.ascii	"m_queue\000"
 1673      65756500 
 1674              	.LASF70:
 1675 01cf 76746C69 		.ascii	"vtlist\000"
 1675      737400
 1676              	.LASF100:
 1677 01d6 706F7274 		.ascii	"port_unlock\000"
 1677      5F756E6C 
 1677      6F636B00 
 1678              	.LASF14:
 1679 01e2 74736C69 		.ascii	"tslices_t\000"
 1679      6365735F 
 1679      7400
 1680              	.LASF68:
 1681 01ec 63685F73 		.ascii	"ch_system\000"
 1681      79737465 
 1681      6D00
 1682              	.LASF12:
 1683 01f6 74737461 		.ascii	"tstate_t\000"
 1683      74655F74 
 1683      00
 1684              	.LASF25:
 1685 01ff 705F6E65 		.ascii	"p_newer\000"
 1685      77657200 
 1686              	.LASF90:
 1687 0207 735F7175 		.ascii	"s_queue\000"
 1687      65756500 
ARM GAS  /tmp/ccgDVsEz.s 			page 32


 1688              	.LASF7:
 1689 020f 73686F72 		.ascii	"short unsigned int\000"
 1689      7420756E 
 1689      7369676E 
 1689      65642069 
 1689      6E7400
 1690              	.LASF77:
 1691 0222 53797354 		.ascii	"SysTick_Type\000"
 1691      69636B5F 
 1691      54797065 
 1691      00
 1692              	.LASF50:
 1693 022f 725F6E65 		.ascii	"r_newer\000"
 1693      77657200 
 1694              	.LASF78:
 1695 0237 72656761 		.ascii	"regarm_t\000"
 1695      726D5F74 
 1695      00
 1696              	.LASF57:
 1697 0240 76745F70 		.ascii	"vt_prev\000"
 1697      72657600 
 1698              	.LASF105:
 1699 0248 6F73616C 		.ascii	"osalSysLockFromISR\000"
 1699      5379734C 
 1699      6F636B46 
 1699      726F6D49 
 1699      535200
 1700              	.LASF97:
 1701 025b 6D757465 		.ascii	"mutex_t\000"
 1701      785F7400 
 1702              	.LASF117:
 1703 0263 76616C75 		.ascii	"value\000"
 1703      6500
 1704              	.LASF72:
 1705 0269 69646C65 		.ascii	"idle_thread_wa\000"
 1705      5F746872 
 1705      6561645F 
 1705      776100
 1706              	.LASF18:
 1707 0278 636E745F 		.ascii	"cnt_t\000"
 1707      7400
 1708              	.LASF0:
 1709 027e 756E7369 		.ascii	"unsigned int\000"
 1709      676E6564 
 1709      20696E74 
 1709      00
 1710              	.LASF56:
 1711 028b 76745F6E 		.ascii	"vt_next\000"
 1711      65787400 
 1712              	.LASF86:
 1713 0293 77747365 		.ascii	"wtsemp\000"
 1713      6D7000
 1714              	.LASF33:
 1715 029a 705F6D73 		.ascii	"p_msgqueue\000"
 1715      67717565 
 1715      756500
 1716              	.LASF91:
ARM GAS  /tmp/ccgDVsEz.s 			page 33


 1717 02a5 735F636E 		.ascii	"s_cnt\000"
 1717      7400
 1718              	.LASF76:
 1719 02ab 43414C49 		.ascii	"CALIB\000"
 1719      4200
 1720              	.LASF41:
 1721 02b1 63685F74 		.ascii	"ch_thread\000"
 1721      68726561 
 1721      6400
 1722              	.LASF16:
 1723 02bb 6D73675F 		.ascii	"msg_t\000"
 1723      7400
 1724              	.LASF37:
 1725 02c1 705F7265 		.ascii	"p_realprio\000"
 1725      616C7072 
 1725      696F00
 1726              	.LASF112:
 1727 02cc 5F706F72 		.ascii	"_port_irq_epilogue\000"
 1727      745F6972 
 1727      715F6570 
 1727      696C6F67 
 1727      756500
 1728              	.LASF84:
 1729 02df 77746F62 		.ascii	"wtobjp\000"
 1729      6A7000
 1730              	.LASF46:
 1731 02e6 63685F72 		.ascii	"ch_ready_list\000"
 1731      65616479 
 1731      5F6C6973 
 1731      7400
 1732              	.LASF17:
 1733 02f4 6576656E 		.ascii	"eventmask_t\000"
 1733      746D6173 
 1733      6B5F7400 
 1734              	.LASF114:
 1735 0300 2E2E2F6F 		.ascii	"../os/hal/ports/KINETIS/K20x/st_lld.c\000"
 1735      732F6861 
 1735      6C2F706F 
 1735      7274732F 
 1735      4B494E45 
 1736              	.LASF79:
 1737 0326 73746B61 		.ascii	"stkalign_t\000"
 1737      6C69676E 
 1737      5F7400
 1738              	.LASF106:
 1739 0331 6F73616C 		.ascii	"osalOsTimerHandlerI\000"
 1739      4F735469 
 1739      6D657248 
 1739      616E646C 
 1739      65724900 
 1740              	.LASF40:
 1741 0345 74687265 		.ascii	"threads_list_t\000"
 1741      6164735F 
 1741      6C697374 
 1741      5F7400
 1742              	.LASF32:
 1743 0354 705F7761 		.ascii	"p_waiting\000"
ARM GAS  /tmp/ccgDVsEz.s 			page 34


 1743      6974696E 
 1743      6700
 1744              	.LASF73:
 1745 035e 73697A65 		.ascii	"sizetype\000"
 1745      74797065 
 1745      00
 1746              	.LASF39:
 1747 0367 74687265 		.ascii	"thread_reference_t\000"
 1747      61645F72 
 1747      65666572 
 1747      656E6365 
 1747      5F7400
 1748              	.LASF75:
 1749 037a 4C4F4144 		.ascii	"LOAD\000"
 1749      00
 1750              	.LASF62:
 1751 037f 63685F76 		.ascii	"ch_virtual_timers_list\000"
 1751      69727475 
 1751      616C5F74 
 1751      696D6572 
 1751      735F6C69 
 1752              	.LASF26:
 1753 0396 705F6F6C 		.ascii	"p_older\000"
 1753      64657200 
 1754              	.LASF49:
 1755 039e 725F6374 		.ascii	"r_ctx\000"
 1755      7800
 1756              	.LASF52:
 1757 03a4 725F6375 		.ascii	"r_current\000"
 1757      7272656E 
 1757      7400
 1758              	.LASF51:
 1759 03ae 725F6F6C 		.ascii	"r_older\000"
 1759      64657200 
 1760              	.LASF13:
 1761 03b6 74726566 		.ascii	"trefs_t\000"
 1761      735F7400 
 1762              	.LASF54:
 1763 03be 76697274 		.ascii	"virtual_timer_t\000"
 1763      75616C5F 
 1763      74696D65 
 1763      725F7400 
 1764              	.LASF22:
 1765 03ce 705F7072 		.ascii	"p_prev\000"
 1765      657600
 1766              	.LASF15:
 1767 03d5 74707269 		.ascii	"tprio_t\000"
 1767      6F5F7400 
 1768              	.LASF104:
 1769 03dd 63685379 		.ascii	"chSysUnlockFromISR\000"
 1769      73556E6C 
 1769      6F636B46 
 1769      726F6D49 
 1769      535200
 1770              	.LASF65:
 1771 03f0 63685F73 		.ascii	"ch_system_debug\000"
 1771      79737465 
ARM GAS  /tmp/ccgDVsEz.s 			page 35


 1771      6D5F6465 
 1771      62756700 
 1772              	.LASF98:
 1773 0400 5F426F6F 		.ascii	"_Bool\000"
 1773      6C00
 1774              	.LASF4:
 1775 0406 696E7433 		.ascii	"int32_t\000"
 1775      325F7400 
 1776              	.LASF6:
 1777 040e 756E7369 		.ascii	"unsigned char\000"
 1777      676E6564 
 1777      20636861 
 1777      7200
 1778              	.LASF110:
 1779 041c 49544D5F 		.ascii	"ITM_RxBuffer\000"
 1779      52784275 
 1779      66666572 
 1779      00
 1780              	.LASF36:
 1781 0429 705F6D74 		.ascii	"p_mtxlist\000"
 1781      786C6973 
 1781      7400
 1782              	.LASF2:
 1783 0433 73686F72 		.ascii	"short int\000"
 1783      7420696E 
 1783      7400
 1784              	.LASF28:
 1785 043d 705F7374 		.ascii	"p_state\000"
 1785      61746500 
 1786              	.LASF31:
 1787 0445 705F7072 		.ascii	"p_preempt\000"
 1787      65656D70 
 1787      7400
 1788              	.LASF118:
 1789 044f 6E766963 		.ascii	"nvicSetSystemHandlerPriority\000"
 1789      53657453 
 1789      79737465 
 1789      6D48616E 
 1789      646C6572 
 1790              	.LASF48:
 1791 046c 725F7072 		.ascii	"r_prio\000"
 1791      696F00
 1792              	.LASF88:
 1793 0473 65776D61 		.ascii	"ewmask\000"
 1793      736B00
 1794              	.LASF21:
 1795 047a 705F6E65 		.ascii	"p_next\000"
 1795      787400
 1796              	.LASF11:
 1797 0481 746D6F64 		.ascii	"tmode_t\000"
 1797      655F7400 
 1798              	.LASF29:
 1799 0489 705F666C 		.ascii	"p_flags\000"
 1799      61677300 
 1800              	.LASF55:
 1801 0491 63685F76 		.ascii	"ch_virtual_timer\000"
 1801      69727475 
ARM GAS  /tmp/ccgDVsEz.s 			page 36


 1801      616C5F74 
 1801      696D6572 
 1801      00
 1802              	.LASF89:
 1803 04a2 63685F73 		.ascii	"ch_semaphore\000"
 1803      656D6170 
 1803      686F7265 
 1803      00
 1804              	.LASF35:
 1805 04af 705F6570 		.ascii	"p_epending\000"
 1805      656E6469 
 1805      6E6700
 1806              	.LASF8:
 1807 04ba 75696E74 		.ascii	"uint32_t\000"
 1807      33325F74 
 1807      00
 1808              	.LASF87:
 1809 04c3 77746D74 		.ascii	"wtmtxp\000"
 1809      787000
 1810              	.LASF47:
 1811 04ca 725F7175 		.ascii	"r_queue\000"
 1811      65756500 
 1812              	.LASF58:
 1813 04d2 76745F64 		.ascii	"vt_delta\000"
 1813      656C7461 
 1813      00
 1814              	.LASF42:
 1815 04db 63685F74 		.ascii	"ch_threads_list\000"
 1815      68726561 
 1815      64735F6C 
 1815      69737400 
 1816              	.LASF96:
 1817 04eb 63686172 		.ascii	"char\000"
 1817      00
 1818              	.LASF115:
 1819 04f0 2F686F6D 		.ascii	"/home/bunnie/code/chibios-netvcr/netvcr\000"
 1819      652F6275 
 1819      6E6E6965 
 1819      2F636F64 
 1819      652F6368 
 1820              	.LASF102:
 1821 0518 706F7274 		.ascii	"port_unlock_from_isr\000"
 1821      5F756E6C 
 1821      6F636B5F 
 1821      66726F6D 
 1821      5F697372 
 1822              	.LASF20:
 1823 052d 74687265 		.ascii	"thread_t\000"
 1823      61645F74 
 1823      00
 1824              	.LASF95:
 1825 0536 6D5F6E65 		.ascii	"m_next\000"
 1825      787400
 1826              	.LASF19:
 1827 053d 73797374 		.ascii	"systime_t\000"
 1827      696D655F 
 1827      7400
ARM GAS  /tmp/ccgDVsEz.s 			page 37


 1828              	.LASF111:
 1829 0547 63685379 		.ascii	"chSysTimerHandlerI\000"
 1829      7354696D 
 1829      65724861 
 1829      6E646C65 
 1829      724900
 1830              	.LASF53:
 1831 055a 76746675 		.ascii	"vtfunc_t\000"
 1831      6E635F74 
 1831      00
 1832              	.LASF116:
 1833 0563 5F5F7365 		.ascii	"__set_BASEPRI\000"
 1833      745F4241 
 1833      53455052 
 1833      4900
 1834              	.LASF66:
 1835 0571 70616E69 		.ascii	"panic_msg\000"
 1835      635F6D73 
 1835      6700
 1836              	.LASF80:
 1837 057b 636F6E74 		.ascii	"context\000"
 1837      65787400 
 1838              	.LASF108:
 1839 0583 53797354 		.ascii	"SysTick_Handler\000"
 1839      69636B5F 
 1839      48616E64 
 1839      6C657200 
 1840              	.LASF67:
 1841 0593 63685F73 		.ascii	"ch_system_t\000"
 1841      79737465 
 1841      6D5F7400 
 1842              	.LASF101:
 1843 059f 706F7274 		.ascii	"port_lock_from_isr\000"
 1843      5F6C6F63 
 1843      6B5F6672 
 1843      6F6D5F69 
 1843      737200
 1844              	.LASF74:
 1845 05b2 4354524C 		.ascii	"CTRL\000"
 1845      00
 1846              	.LASF60:
 1847 05b7 76745F70 		.ascii	"vt_par\000"
 1847      617200
 1848              	.LASF43:
 1849 05be 74687265 		.ascii	"threads_queue_t\000"
 1849      6164735F 
 1849      71756575 
 1849      655F7400 
 1850              	.LASF92:
 1851 05ce 63685F6D 		.ascii	"ch_mutex\000"
 1851      75746578 
 1851      00
 1852              	.LASF30:
 1853 05d7 705F7265 		.ascii	"p_refs\000"
 1853      667300
 1854              	.LASF69:
 1855 05de 726C6973 		.ascii	"rlist\000"
ARM GAS  /tmp/ccgDVsEz.s 			page 38


 1855      7400
 1856              	.LASF5:
 1857 05e4 75696E74 		.ascii	"uint8_t\000"
 1857      385F7400 
 1858              	.LASF103:
 1859 05ec 63685379 		.ascii	"chSysLockFromISR\000"
 1859      734C6F63 
 1859      6B46726F 
 1859      6D495352 
 1859      00
 1860              	.LASF27:
 1861 05fd 705F6E61 		.ascii	"p_name\000"
 1861      6D6500
 1862              	.LASF63:
 1863 0604 76745F73 		.ascii	"vt_systime\000"
 1863      79737469 
 1863      6D6500
 1864              	.LASF34:
 1865 060f 705F6D73 		.ascii	"p_msg\000"
 1865      6700
 1866              	.LASF94:
 1867 0615 6D5F6F77 		.ascii	"m_owner\000"
 1867      6E657200 
 1868              	.LASF24:
 1869 061d 705F6374 		.ascii	"p_ctx\000"
 1869      7800
 1870              	.LASF59:
 1871 0623 76745F66 		.ascii	"vt_func\000"
 1871      756E6300 
 1872              		.ident	"GCC: (Debian 4.9.2-10) 4.9.2"
 1873              		.section	.note.GNU-stack,"",%progbits
ARM GAS  /tmp/ccgDVsEz.s 			page 39


DEFINED SYMBOLS
                            *ABS*:00000000 st_lld.c
     /tmp/ccgDVsEz.s:19     .text.SysTick_Handler:00000000 $t
     /tmp/ccgDVsEz.s:25     .text.SysTick_Handler:00000000 SysTick_Handler
     /tmp/ccgDVsEz.s:96     .text.st_lld_init:00000000 $t
     /tmp/ccgDVsEz.s:102    .text.st_lld_init:00000000 st_lld_init
     /tmp/ccgDVsEz.s:131    .text.st_lld_init:00000018 $d
                     .debug_frame:00000010 $d
     /tmp/ccgDVsEz.s:135    .text.st_lld_init:0000001c $t

UNDEFINED SYMBOLS
chSysTimerHandlerI
_port_irq_epilogue
nvicSetSystemHandlerPriority
